GPU details saved to $output_file
__TORCH Version: 2.3.1+cu121
__CUDNN Version: 8902
__CUDA version:  12.1
__Number CUDA Devices: 1
__CUDA Device Name: NVIDIA A100-SXM4-40GB
__CUDA Device Total Memory [GB]: 42.297786368
args.dataset: yelp_preview_full
args.num_labels: 5
==================================================
Personalized Federated Learning: True
Uniform Weight: False
Normalized Rank: False
Normalized Alpha: False
lora_rank: 1
lora_alpha: 16
lora_dropout: 0.1
lora_query: True
lora_key: True
lora_value: True
lora_projection: True
lora_mlp: True
lora_head: True
aa_bottleneck_reduction: 1
aa_text: False
aa_vision: False
ca_bottleneck_reduction: 4
ca_text: False
ca_vision: False
Seed: 42
Algorithm: flora
Local batch size: 64
Local epochs: 1
Local learing rate: 0.0001
Local learing rate decay: False
Total number of clients: 10
Clients join in each round: 1.0
Clients randomly join: False
Client drop rate: 0.0
Client select regarding time: False
Running times: 1
Dataset: yelp_preview_full
Number of classes: 10
Backbone: distilbert
Using device: cuda
Using DP: False
Auto break: False
Global rounds: 50
Cuda device id: 2
DLG attack: False
Total number of new clients: 0
Fine tuning epoches on new clients: 0
==================================================

============= Running time: 0th =============
Creating server and clients ...
Loaded train data from ../dataset/yelp_preview_full/train/0.npz
Data length: 1
Loaded test data from ../dataset/yelp_preview_full/test/0.npz
Data length: 1
self.lora_params: {'rank': 1, 'alpha': 16, 'dropout': 0.1, 'lora_query': True, 'lora_key': True, 'lora_value': True, 'lora_projection': True, 'lora_mlp': True, 'lora_head': True}
Loaded train data from ../dataset/yelp_preview_full/train/1.npz
Data length: 1
Loaded test data from ../dataset/yelp_preview_full/test/1.npz
Data length: 1
self.lora_params: {'rank': 1, 'alpha': 16, 'dropout': 0.1, 'lora_query': True, 'lora_key': True, 'lora_value': True, 'lora_projection': True, 'lora_mlp': True, 'lora_head': True}
Loaded train data from ../dataset/yelp_preview_full/train/2.npz
Data length: 1
Loaded test data from ../dataset/yelp_preview_full/test/2.npz
Data length: 1
self.lora_params: {'rank': 1, 'alpha': 16, 'dropout': 0.1, 'lora_query': True, 'lora_key': True, 'lora_value': True, 'lora_projection': True, 'lora_mlp': True, 'lora_head': True}
Loaded train data from ../dataset/yelp_preview_full/train/3.npz
Data length: 1
Loaded test data from ../dataset/yelp_preview_full/test/3.npz
Data length: 1
self.lora_params: {'rank': 1, 'alpha': 16, 'dropout': 0.1, 'lora_query': True, 'lora_key': True, 'lora_value': True, 'lora_projection': True, 'lora_mlp': True, 'lora_head': True}
Loaded train data from ../dataset/yelp_preview_full/train/4.npz
Data length: 1
Loaded test data from ../dataset/yelp_preview_full/test/4.npz
Data length: 1
self.lora_params: {'rank': 1, 'alpha': 16, 'dropout': 0.1, 'lora_query': True, 'lora_key': True, 'lora_value': True, 'lora_projection': True, 'lora_mlp': True, 'lora_head': True}
Loaded train data from ../dataset/yelp_preview_full/train/5.npz
Data length: 1
Loaded test data from ../dataset/yelp_preview_full/test/5.npz
Data length: 1
self.lora_params: {'rank': 1, 'alpha': 16, 'dropout': 0.1, 'lora_query': True, 'lora_key': True, 'lora_value': True, 'lora_projection': True, 'lora_mlp': True, 'lora_head': True}
Loaded train data from ../dataset/yelp_preview_full/train/6.npz
Data length: 1
Loaded test data from ../dataset/yelp_preview_full/test/6.npz
Data length: 1
self.lora_params: {'rank': 1, 'alpha': 16, 'dropout': 0.1, 'lora_query': True, 'lora_key': True, 'lora_value': True, 'lora_projection': True, 'lora_mlp': True, 'lora_head': True}
Loaded train data from ../dataset/yelp_preview_full/train/7.npz
Data length: 1
Loaded test data from ../dataset/yelp_preview_full/test/7.npz
Data length: 1
self.lora_params: {'rank': 1, 'alpha': 16, 'dropout': 0.1, 'lora_query': True, 'lora_key': True, 'lora_value': True, 'lora_projection': True, 'lora_mlp': True, 'lora_head': True}
Loaded train data from ../dataset/yelp_preview_full/train/8.npz
Data length: 1
Loaded test data from ../dataset/yelp_preview_full/test/8.npz
Data length: 1
self.lora_params: {'rank': 1, 'alpha': 16, 'dropout': 0.1, 'lora_query': True, 'lora_key': True, 'lora_value': True, 'lora_projection': True, 'lora_mlp': True, 'lora_head': True}
Loaded train data from ../dataset/yelp_preview_full/train/9.npz
Data length: 1
Loaded test data from ../dataset/yelp_preview_full/test/9.npz
Data length: 1
self.lora_params: {'rank': 1, 'alpha': 16, 'dropout': 0.1, 'lora_query': True, 'lora_key': True, 'lora_value': True, 'lora_projection': True, 'lora_mlp': True, 'lora_head': True}

Join ratio / total clients: 1.0 / 10
Finished creating server and clients.

-------------Round number: 0-------------

Evaluate global model
Loaded test data from ../dataset/yelp_preview_full/test/0.npz
Data length: 1
metric.compute(): {'accuracy': 0.22845065245359308}
ct, ns, auc: 0.22845065245359308, 0, 0
Loaded test data from ../dataset/yelp_preview_full/test/1.npz
Data length: 1
metric.compute(): {'accuracy': 0.22164276401564537}
ct, ns, auc: 0.22164276401564537, 0, 0
Loaded test data from ../dataset/yelp_preview_full/test/2.npz
Data length: 1
metric.compute(): {'accuracy': 0.2}
ct, ns, auc: 0.2, 0, 0
Loaded test data from ../dataset/yelp_preview_full/test/3.npz
Data length: 1
metric.compute(): {'accuracy': 0.21177685950413222}
ct, ns, auc: 0.21177685950413222, 0, 0
Loaded test data from ../dataset/yelp_preview_full/test/4.npz
Data length: 1
metric.compute(): {'accuracy': 0.15823180256169947}
ct, ns, auc: 0.15823180256169947, 0, 0
Loaded test data from ../dataset/yelp_preview_full/test/5.npz
Data length: 1
metric.compute(): {'accuracy': 0.2336233367451382}
ct, ns, auc: 0.2336233367451382, 0, 0
Loaded test data from ../dataset/yelp_preview_full/test/6.npz
Data length: 1
metric.compute(): {'accuracy': 0.19271021291952364}
ct, ns, auc: 0.19271021291952364, 0, 0
Loaded test data from ../dataset/yelp_preview_full/test/7.npz
Data length: 1
metric.compute(): {'accuracy': 0.21871345029239767}
ct, ns, auc: 0.21871345029239767, 0, 0
Loaded test data from ../dataset/yelp_preview_full/test/8.npz
Data length: 1
metric.compute(): {'accuracy': 0.24281369567350142}
ct, ns, auc: 0.24281369567350142, 0, 0
Loaded test data from ../dataset/yelp_preview_full/test/9.npz
Data length: 1
metric.compute(): {'accuracy': 0.18910174269605332}
ct, ns, auc: 0.18910174269605332, 0, 0
ids: [0, 1, 2, 3, 4, 5, 6, 7, 8, 9]
stats[1]: [0, 0, 0, 0, 0, 0, 0, 0, 0, 0]
stats[2]: [0.22845065245359308, 0.22164276401564537, 0.2, 0.21177685950413222, 0.15823180256169947, 0.2336233367451382, 0.19271021291952364, 0.21871345029239767, 0.24281369567350142, 0.18910174269605332]
stats[3]: [0, 0, 0, 0, 0, 0, 0, 0, 0, 0]
Averaged Test Accuracy: 0.2097
Averaged Test AUC: 0.0000
Std Test Accuracy: 0.0252
Std Test AUC: 0.0000
Loaded train data from ../dataset/yelp_preview_full/train/8.npz
Data length: 1
Time elapsed 9.02 min
Memory used: 28.06 GB
Loaded train data from ../dataset/yelp_preview_full/train/1.npz
Data length: 1
Time elapsed 22.72 min
Memory used: 28.07 GB
Loaded train data from ../dataset/yelp_preview_full/train/5.npz
Data length: 1
Time elapsed 1.72 min
Memory used: 28.07 GB
Loaded train data from ../dataset/yelp_preview_full/train/0.npz
Data length: 1
Time elapsed 9.59 min
Memory used: 28.07 GB
Loaded train data from ../dataset/yelp_preview_full/train/7.npz
Data length: 1
Time elapsed 7.56 min
Memory used: 28.07 GB
Loaded train data from ../dataset/yelp_preview_full/train/2.npz
Data length: 1
Time elapsed 0.00 min
Memory used: 28.07 GB
Loaded train data from ../dataset/yelp_preview_full/train/9.npz
Data length: 1
Time elapsed 13.82 min
Memory used: 28.07 GB
Loaded train data from ../dataset/yelp_preview_full/train/4.npz
Data length: 1
Time elapsed 2.83 min
Memory used: 28.07 GB
Loaded train data from ../dataset/yelp_preview_full/train/3.npz
Data length: 1
Time elapsed 6.42 min
Memory used: 28.07 GB
Loaded train data from ../dataset/yelp_preview_full/train/6.npz
Data length: 1
Time elapsed 3.68 min
Memory used: 28.07 GB
------------------------- time cost ------------------------- 5747.900424480438

-------------Round number: 1-------------

Evaluate global model
Loaded test data from ../dataset/yelp_preview_full/test/0.npz
Data length: 1
metric.compute(): {'accuracy': 0.4936133063775041}
ct, ns, auc: 0.4936133063775041, 0, 0
Loaded test data from ../dataset/yelp_preview_full/test/1.npz
Data length: 1
metric.compute(): {'accuracy': 0.5327210103329506}
ct, ns, auc: 0.5327210103329506, 0, 0
Loaded test data from ../dataset/yelp_preview_full/test/2.npz
Data length: 1
metric.compute(): {'accuracy': 0.8}
ct, ns, auc: 0.8, 0, 0
Loaded test data from ../dataset/yelp_preview_full/test/3.npz
Data length: 1
metric.compute(): {'accuracy': 0.26721763085399447}
ct, ns, auc: 0.26721763085399447, 0, 0
Loaded test data from ../dataset/yelp_preview_full/test/4.npz
Data length: 1
metric.compute(): {'accuracy': 0.31443298969072164}
ct, ns, auc: 0.31443298969072164, 0, 0
Loaded test data from ../dataset/yelp_preview_full/test/5.npz
Data length: 1
metric.compute(): {'accuracy': 0.2003582395087001}
ct, ns, auc: 0.2003582395087001, 0, 0
Loaded test data from ../dataset/yelp_preview_full/test/6.npz
Data length: 1
metric.compute(): {'accuracy': 0.2403464453265969}
ct, ns, auc: 0.2403464453265969, 0, 0
Loaded test data from ../dataset/yelp_preview_full/test/7.npz
Data length: 1
metric.compute(): {'accuracy': 0.34912280701754383}
ct, ns, auc: 0.34912280701754383, 0, 0
Loaded test data from ../dataset/yelp_preview_full/test/8.npz
Data length: 1
metric.compute(): {'accuracy': 0.33052094574708135}
ct, ns, auc: 0.33052094574708135, 0, 0
Loaded test data from ../dataset/yelp_preview_full/test/9.npz
Data length: 1
metric.compute(): {'accuracy': 0.21232701178882624}
ct, ns, auc: 0.21232701178882624, 0, 0
ids: [0, 1, 2, 3, 4, 5, 6, 7, 8, 9]
stats[1]: [0, 0, 0, 0, 0, 0, 0, 0, 0, 0]
stats[2]: [0.4936133063775041, 0.5327210103329506, 0.8, 0.26721763085399447, 0.31443298969072164, 0.2003582395087001, 0.2403464453265969, 0.34912280701754383, 0.33052094574708135, 0.21232701178882624]
stats[3]: [0, 0, 0, 0, 0, 0, 0, 0, 0, 0]
Averaged Test Accuracy: 0.3741
Averaged Test AUC: 0.0000
Std Test Accuracy: 0.1864
Std Test AUC: 0.0000
Loaded train data from ../dataset/yelp_preview_full/train/0.npz
Data length: 1
Time elapsed 9.57 min
Memory used: 28.07 GB
Loaded train data from ../dataset/yelp_preview_full/train/5.npz
Data length: 1
Time elapsed 1.72 min
Memory used: 28.07 GB
Loaded train data from ../dataset/yelp_preview_full/train/1.npz
Data length: 1
Time elapsed 22.73 min
Memory used: 28.07 GB
Loaded train data from ../dataset/yelp_preview_full/train/7.npz
Data length: 1
Time elapsed 7.56 min
Memory used: 28.07 GB
Loaded train data from ../dataset/yelp_preview_full/train/3.npz
Data length: 1
Time elapsed 6.42 min
Memory used: 28.07 GB
Loaded train data from ../dataset/yelp_preview_full/train/6.npz
Data length: 1
Time elapsed 3.67 min
Memory used: 28.07 GB
Loaded train data from ../dataset/yelp_preview_full/train/8.npz
Data length: 1
Time elapsed 9.01 min
Memory used: 28.07 GB
Loaded train data from ../dataset/yelp_preview_full/train/9.npz
Data length: 1
Time elapsed 13.81 min
Memory used: 28.07 GB
Loaded train data from ../dataset/yelp_preview_full/train/4.npz
Data length: 1
Time elapsed 2.84 min
Memory used: 28.09 GB
Loaded train data from ../dataset/yelp_preview_full/train/2.npz
Data length: 1
Time elapsed 0.00 min
Memory used: 28.09 GB
------------------------- time cost ------------------------- 5557.697748184204

-------------Round number: 2-------------

Evaluate global model
Loaded test data from ../dataset/yelp_preview_full/test/0.npz
Data length: 1
metric.compute(): {'accuracy': 0.4733964344789561}
ct, ns, auc: 0.4733964344789561, 0, 0
Loaded test data from ../dataset/yelp_preview_full/test/1.npz
Data length: 1
metric.compute(): {'accuracy': 0.5074237677323941}
ct, ns, auc: 0.5074237677323941, 0, 0
Loaded test data from ../dataset/yelp_preview_full/test/2.npz
Data length: 1
metric.compute(): {'accuracy': 0.2}
ct, ns, auc: 0.2, 0, 0
Loaded test data from ../dataset/yelp_preview_full/test/3.npz
Data length: 1
metric.compute(): {'accuracy': 0.3856749311294766}
ct, ns, auc: 0.3856749311294766, 0, 0
Loaded test data from ../dataset/yelp_preview_full/test/4.npz
Data length: 1
metric.compute(): {'accuracy': 0.38409871915026556}
ct, ns, auc: 0.38409871915026556, 0, 0
Loaded test data from ../dataset/yelp_preview_full/test/5.npz
Data length: 1
metric.compute(): {'accuracy': 0.37538382804503584}
ct, ns, auc: 0.37538382804503584, 0, 0
Loaded test data from ../dataset/yelp_preview_full/test/6.npz
Data length: 1
metric.compute(): {'accuracy': 0.4015397570070973}
ct, ns, auc: 0.4015397570070973, 0, 0
Loaded test data from ../dataset/yelp_preview_full/test/7.npz
Data length: 1
metric.compute(): {'accuracy': 0.40345029239766084}
ct, ns, auc: 0.40345029239766084, 0, 0
Loaded test data from ../dataset/yelp_preview_full/test/8.npz
Data length: 1
metric.compute(): {'accuracy': 0.5224173452369273}
ct, ns, auc: 0.5224173452369273, 0, 0
Loaded test data from ../dataset/yelp_preview_full/test/9.npz
Data length: 1
metric.compute(): {'accuracy': 0.2532995899538698}
ct, ns, auc: 0.2532995899538698, 0, 0
ids: [0, 1, 2, 3, 4, 5, 6, 7, 8, 9]
stats[1]: [0, 0, 0, 0, 0, 0, 0, 0, 0, 0]
stats[2]: [0.4733964344789561, 0.5074237677323941, 0.2, 0.3856749311294766, 0.38409871915026556, 0.37538382804503584, 0.4015397570070973, 0.40345029239766084, 0.5224173452369273, 0.2532995899538698]
stats[3]: [0, 0, 0, 0, 0, 0, 0, 0, 0, 0]
Averaged Test Accuracy: 0.3907
Averaged Test AUC: 0.0000
Std Test Accuracy: 0.1020
Std Test AUC: 0.0000
Loaded train data from ../dataset/yelp_preview_full/train/5.npz
Data length: 1
Time elapsed 1.73 min
Memory used: 28.09 GB
Loaded train data from ../dataset/yelp_preview_full/train/0.npz
Data length: 1
Time elapsed 9.59 min
Memory used: 28.09 GB
Loaded train data from ../dataset/yelp_preview_full/train/4.npz
Data length: 1
Time elapsed 2.83 min
Memory used: 28.09 GB
Loaded train data from ../dataset/yelp_preview_full/train/7.npz
Data length: 1
Time elapsed 7.57 min
Memory used: 28.09 GB
Loaded train data from ../dataset/yelp_preview_full/train/3.npz
Data length: 1
Time elapsed 6.42 min
Memory used: 28.09 GB
Loaded train data from ../dataset/yelp_preview_full/train/1.npz
Data length: 1
Time elapsed 22.70 min
Memory used: 28.09 GB
Loaded train data from ../dataset/yelp_preview_full/train/6.npz
Data length: 1
Time elapsed 3.67 min
Memory used: 28.09 GB
Loaded train data from ../dataset/yelp_preview_full/train/8.npz
Data length: 1
Time elapsed 9.02 min
Memory used: 28.09 GB
Loaded train data from ../dataset/yelp_preview_full/train/2.npz
Data length: 1
Time elapsed 0.00 min
Memory used: 28.09 GB
Loaded train data from ../dataset/yelp_preview_full/train/9.npz
Data length: 1
Time elapsed 13.80 min
Memory used: 28.09 GB
------------------------- time cost ------------------------- 5559.053600311279

-------------Round number: 3-------------

Evaluate global model
Loaded test data from ../dataset/yelp_preview_full/test/0.npz
Data length: 1
metric.compute(): {'accuracy': 0.4750045947436133}
ct, ns, auc: 0.4750045947436133, 0, 0
Loaded test data from ../dataset/yelp_preview_full/test/1.npz
Data length: 1
metric.compute(): {'accuracy': 0.5365350561404192}
ct, ns, auc: 0.5365350561404192, 0, 0
Loaded test data from ../dataset/yelp_preview_full/test/2.npz
Data length: 1
metric.compute(): {'accuracy': 0.6}
ct, ns, auc: 0.6, 0, 0
Loaded test data from ../dataset/yelp_preview_full/test/3.npz
Data length: 1
metric.compute(): {'accuracy': 0.4989669421487603}
ct, ns, auc: 0.4989669421487603, 0, 0
Loaded test data from ../dataset/yelp_preview_full/test/4.npz
Data length: 1
metric.compute(): {'accuracy': 0.34926585442049357}
ct, ns, auc: 0.34926585442049357, 0, 0
Loaded test data from ../dataset/yelp_preview_full/test/5.npz
Data length: 1
metric.compute(): {'accuracy': 0.3741044012282497}
ct, ns, auc: 0.3741044012282497, 0, 0
Loaded test data from ../dataset/yelp_preview_full/test/6.npz
Data length: 1
metric.compute(): {'accuracy': 0.40743413929989175}
ct, ns, auc: 0.40743413929989175, 0, 0
Loaded test data from ../dataset/yelp_preview_full/test/7.npz
Data length: 1
metric.compute(): {'accuracy': 0.3804093567251462}
ct, ns, auc: 0.3804093567251462, 0, 0
Loaded test data from ../dataset/yelp_preview_full/test/8.npz
Data length: 1
metric.compute(): {'accuracy': 0.5819189639948985}
ct, ns, auc: 0.5819189639948985, 0, 0
Loaded test data from ../dataset/yelp_preview_full/test/9.npz
Data length: 1
metric.compute(): {'accuracy': 0.35433751922091233}
ct, ns, auc: 0.35433751922091233, 0, 0
ids: [0, 1, 2, 3, 4, 5, 6, 7, 8, 9]
stats[1]: [0, 0, 0, 0, 0, 0, 0, 0, 0, 0]
stats[2]: [0.4750045947436133, 0.5365350561404192, 0.6, 0.4989669421487603, 0.34926585442049357, 0.3741044012282497, 0.40743413929989175, 0.3804093567251462, 0.5819189639948985, 0.35433751922091233]
stats[3]: [0, 0, 0, 0, 0, 0, 0, 0, 0, 0]
Averaged Test Accuracy: 0.4558
Averaged Test AUC: 0.0000
Std Test Accuracy: 0.0953
Std Test AUC: 0.0000
Loaded train data from ../dataset/yelp_preview_full/train/6.npz
Data length: 1
Time elapsed 3.67 min
Memory used: 28.09 GB
Loaded train data from ../dataset/yelp_preview_full/train/7.npz
Data length: 1
Time elapsed 7.56 min
Memory used: 28.09 GB
Loaded train data from ../dataset/yelp_preview_full/train/4.npz
Data length: 1
Time elapsed 2.83 min
Memory used: 28.10 GB
Loaded train data from ../dataset/yelp_preview_full/train/8.npz
Data length: 1
Time elapsed 9.01 min
Memory used: 28.10 GB
Loaded train data from ../dataset/yelp_preview_full/train/0.npz
Data length: 1
