GPU details saved to $output_file
__TORCH Version: 2.3.1+cu121
__CUDNN Version: 8902
__CUDA version:  12.1
__Number CUDA Devices: 1
__CUDA Device Name: NVIDIA A100-SXM4-40GB
__CUDA Device Total Memory [GB]: 42.297786368
__CUDA Device Total Memory [GB]: 42.297786368
args.dataset: yelp_preview_full
args.num_labels: 5
==================================================
Personalized Federated Learning: True
Uniform Weight: False
Normalized Rank: False
Normalized Alpha: False
lora_rank: 1
lora_alpha: 1
lora_dropout: 0.0
lora_query: True
lora_key: True
lora_value: True
lora_projection: True
lora_mlp: True
lora_head: True
aa_bottleneck_reduction: 1
aa_text: False
aa_vision: False
ca_bottleneck_reduction: 4
ca_text: False
ca_vision: False
Seed: 42
Algorithm: flora
Local batch size: 64
Local epochs: 1
Local learing rate: 0.0001
Local learing rate decay: False
Total number of clients: 10
Clients join in each round: 1.0
Clients randomly join: False
Client drop rate: 0.0
Client select regarding time: False
Running times: 1
Dataset: yelp_preview_full
Number of classes: 10
Backbone: distilbert
Using device: cuda
Using DP: False
Auto break: False
Global rounds: 50
Cuda device id: 2
DLG attack: False
Total number of new clients: 0
Fine tuning epoches on new clients: 0
==================================================

============= Running time: 0th =============
Creating server and clients ...
Loaded train data from ../dataset/yelp_preview_full/train/0.npz
Data length: 1
Loaded test data from ../dataset/yelp_preview_full/test/0.npz
Data length: 1
self.lora_params: {'rank': 1, 'alpha': 1, 'dropout': 0.0, 'lora_query': True, 'lora_key': True, 'lora_value': True, 'lora_projection': True, 'lora_mlp': True, 'lora_head': True}
Loaded train data from ../dataset/yelp_preview_full/train/1.npz
Data length: 1
Loaded test data from ../dataset/yelp_preview_full/test/1.npz
Data length: 1
self.lora_params: {'rank': 1, 'alpha': 1, 'dropout': 0.0, 'lora_query': True, 'lora_key': True, 'lora_value': True, 'lora_projection': True, 'lora_mlp': True, 'lora_head': True}
Loaded train data from ../dataset/yelp_preview_full/train/2.npz
Data length: 1
Loaded test data from ../dataset/yelp_preview_full/test/2.npz
Data length: 1
self.lora_params: {'rank': 1, 'alpha': 1, 'dropout': 0.0, 'lora_query': True, 'lora_key': True, 'lora_value': True, 'lora_projection': True, 'lora_mlp': True, 'lora_head': True}
Loaded train data from ../dataset/yelp_preview_full/train/3.npz
Data length: 1
Loaded test data from ../dataset/yelp_preview_full/test/3.npz
Data length: 1
self.lora_params: {'rank': 1, 'alpha': 1, 'dropout': 0.0, 'lora_query': True, 'lora_key': True, 'lora_value': True, 'lora_projection': True, 'lora_mlp': True, 'lora_head': True}
Loaded train data from ../dataset/yelp_preview_full/train/4.npz
Data length: 1
Loaded test data from ../dataset/yelp_preview_full/test/4.npz
Data length: 1
self.lora_params: {'rank': 1, 'alpha': 1, 'dropout': 0.0, 'lora_query': True, 'lora_key': True, 'lora_value': True, 'lora_projection': True, 'lora_mlp': True, 'lora_head': True}
Loaded train data from ../dataset/yelp_preview_full/train/5.npz
Data length: 1
Loaded test data from ../dataset/yelp_preview_full/test/5.npz
Data length: 1
self.lora_params: {'rank': 1, 'alpha': 1, 'dropout': 0.0, 'lora_query': True, 'lora_key': True, 'lora_value': True, 'lora_projection': True, 'lora_mlp': True, 'lora_head': True}
Loaded train data from ../dataset/yelp_preview_full/train/6.npz
Data length: 1
Loaded test data from ../dataset/yelp_preview_full/test/6.npz
Data length: 1
self.lora_params: {'rank': 1, 'alpha': 1, 'dropout': 0.0, 'lora_query': True, 'lora_key': True, 'lora_value': True, 'lora_projection': True, 'lora_mlp': True, 'lora_head': True}
Loaded train data from ../dataset/yelp_preview_full/train/7.npz
Data length: 1
Loaded test data from ../dataset/yelp_preview_full/test/7.npz
Data length: 1
self.lora_params: {'rank': 1, 'alpha': 1, 'dropout': 0.0, 'lora_query': True, 'lora_key': True, 'lora_value': True, 'lora_projection': True, 'lora_mlp': True, 'lora_head': True}
Loaded train data from ../dataset/yelp_preview_full/train/8.npz
Data length: 1
Loaded test data from ../dataset/yelp_preview_full/test/8.npz
Data length: 1
self.lora_params: {'rank': 1, 'alpha': 1, 'dropout': 0.0, 'lora_query': True, 'lora_key': True, 'lora_value': True, 'lora_projection': True, 'lora_mlp': True, 'lora_head': True}
Loaded train data from ../dataset/yelp_preview_full/train/9.npz
Data length: 1
Loaded test data from ../dataset/yelp_preview_full/test/9.npz
Data length: 1
self.lora_params: {'rank': 1, 'alpha': 1, 'dropout': 0.0, 'lora_query': True, 'lora_key': True, 'lora_value': True, 'lora_projection': True, 'lora_mlp': True, 'lora_head': True}

Join ratio / total clients: 1.0 / 10
Finished creating server and clients.

-------------Round number: 0-------------

Evaluate global model
Loaded test data from ../dataset/yelp_preview_full/test/0.npz
Data length: 1
metric.compute(): {'accuracy': 0.22845065245359308}
ct, ns, auc: 0.22845065245359308, 0, 0
Loaded test data from ../dataset/yelp_preview_full/test/1.npz
Data length: 1
metric.compute(): {'accuracy': 0.22164276401564537}
ct, ns, auc: 0.22164276401564537, 0, 0
Loaded test data from ../dataset/yelp_preview_full/test/2.npz
Data length: 1
metric.compute(): {'accuracy': 0.2}
ct, ns, auc: 0.2, 0, 0
Loaded test data from ../dataset/yelp_preview_full/test/3.npz
Data length: 1
metric.compute(): {'accuracy': 0.21177685950413222}
ct, ns, auc: 0.21177685950413222, 0, 0
Loaded test data from ../dataset/yelp_preview_full/test/4.npz
Data length: 1
metric.compute(): {'accuracy': 0.15823180256169947}
ct, ns, auc: 0.15823180256169947, 0, 0
Loaded test data from ../dataset/yelp_preview_full/test/5.npz
Data length: 1
metric.compute(): {'accuracy': 0.2336233367451382}
ct, ns, auc: 0.2336233367451382, 0, 0
Loaded test data from ../dataset/yelp_preview_full/test/6.npz
Data length: 1
metric.compute(): {'accuracy': 0.19271021291952364}
ct, ns, auc: 0.19271021291952364, 0, 0
Loaded test data from ../dataset/yelp_preview_full/test/7.npz
Data length: 1
metric.compute(): {'accuracy': 0.21871345029239767}
ct, ns, auc: 0.21871345029239767, 0, 0
Loaded test data from ../dataset/yelp_preview_full/test/8.npz
Data length: 1
metric.compute(): {'accuracy': 0.24281369567350142}
ct, ns, auc: 0.24281369567350142, 0, 0
Loaded test data from ../dataset/yelp_preview_full/test/9.npz
Data length: 1
metric.compute(): {'accuracy': 0.18910174269605332}
ct, ns, auc: 0.18910174269605332, 0, 0
ids: [0, 1, 2, 3, 4, 5, 6, 7, 8, 9]
stats[1]: [0, 0, 0, 0, 0, 0, 0, 0, 0, 0]
stats[2]: [0.22845065245359308, 0.22164276401564537, 0.2, 0.21177685950413222, 0.15823180256169947, 0.2336233367451382, 0.19271021291952364, 0.21871345029239767, 0.24281369567350142, 0.18910174269605332]
stats[3]: [0, 0, 0, 0, 0, 0, 0, 0, 0, 0]
Averaged Test Accuracy: 0.2097
Averaged Test AUC: 0.0000
Std Test Accuracy: 0.0252
Std Test AUC: 0.0000
Loaded train data from ../dataset/yelp_preview_full/train/8.npz
Data length: 1
Time elapsed 8.73 min
Memory used: 25.82 GB
Loaded train data from ../dataset/yelp_preview_full/train/1.npz
Data length: 1
Time elapsed 21.99 min
Memory used: 25.82 GB
Loaded train data from ../dataset/yelp_preview_full/train/5.npz
Data length: 1
Time elapsed 1.67 min
Memory used: 25.83 GB
Loaded train data from ../dataset/yelp_preview_full/train/0.npz
Data length: 1
Time elapsed 9.28 min
Memory used: 25.83 GB
Loaded train data from ../dataset/yelp_preview_full/train/7.npz
Data length: 1
Time elapsed 7.32 min
Memory used: 25.83 GB
Loaded train data from ../dataset/yelp_preview_full/train/2.npz
Data length: 1
Time elapsed 0.00 min
Memory used: 25.83 GB
Loaded train data from ../dataset/yelp_preview_full/train/9.npz
Data length: 1
Time elapsed 13.38 min
Memory used: 25.83 GB
Loaded train data from ../dataset/yelp_preview_full/train/4.npz
Data length: 1
Time elapsed 2.74 min
Memory used: 25.83 GB
Loaded train data from ../dataset/yelp_preview_full/train/3.npz
Data length: 1
Time elapsed 6.21 min
Memory used: 25.83 GB
Loaded train data from ../dataset/yelp_preview_full/train/6.npz
Data length: 1
Time elapsed 3.56 min
Memory used: 25.83 GB
------------------------- time cost ------------------------- 5398.582123041153

-------------Round number: 1-------------

Evaluate global model
Loaded test data from ../dataset/yelp_preview_full/test/0.npz
Data length: 1
metric.compute(): {'accuracy': 0.3659253813637199}
ct, ns, auc: 0.3659253813637199, 0, 0
Loaded test data from ../dataset/yelp_preview_full/test/1.npz
Data length: 1
metric.compute(): {'accuracy': 0.4997372978653019}
ct, ns, auc: 0.4997372978653019, 0, 0
Loaded test data from ../dataset/yelp_preview_full/test/2.npz
Data length: 1
metric.compute(): {'accuracy': 0.0}
ct, ns, auc: 0.0, 0, 0
Loaded test data from ../dataset/yelp_preview_full/test/3.npz
Data length: 1
metric.compute(): {'accuracy': 0.4327823691460055}
ct, ns, auc: 0.4327823691460055, 0, 0
Loaded test data from ../dataset/yelp_preview_full/test/4.npz
Data length: 1
metric.compute(): {'accuracy': 0.29771946266791627}
ct, ns, auc: 0.29771946266791627, 0, 0
Loaded test data from ../dataset/yelp_preview_full/test/5.npz
Data length: 1
metric.compute(): {'accuracy': 0.3155066530194473}
ct, ns, auc: 0.3155066530194473, 0, 0
Loaded test data from ../dataset/yelp_preview_full/test/6.npz
Data length: 1
metric.compute(): {'accuracy': 0.3643690605076386}
ct, ns, auc: 0.3643690605076386, 0, 0
Loaded test data from ../dataset/yelp_preview_full/test/7.npz
Data length: 1
metric.compute(): {'accuracy': 0.3576608187134503}
ct, ns, auc: 0.3576608187134503, 0, 0
Loaded test data from ../dataset/yelp_preview_full/test/8.npz
Data length: 1
metric.compute(): {'accuracy': 0.24766996958697146}
ct, ns, auc: 0.24766996958697146, 0, 0
Loaded test data from ../dataset/yelp_preview_full/test/9.npz
Data length: 1
metric.compute(): {'accuracy': 0.10219118400820092}
ct, ns, auc: 0.10219118400820092, 0, 0
ids: [0, 1, 2, 3, 4, 5, 6, 7, 8, 9]
stats[1]: [0, 0, 0, 0, 0, 0, 0, 0, 0, 0]
stats[2]: [0.3659253813637199, 0.4997372978653019, 0.0, 0.4327823691460055, 0.29771946266791627, 0.3155066530194473, 0.3643690605076386, 0.3576608187134503, 0.24766996958697146, 0.10219118400820092]
stats[3]: [0, 0, 0, 0, 0, 0, 0, 0, 0, 0]
Averaged Test Accuracy: 0.2984
Averaged Test AUC: 0.0000
Std Test Accuracy: 0.1496
Std Test AUC: 0.0000
Loaded train data from ../dataset/yelp_preview_full/train/0.npz
Data length: 1
Time elapsed 9.27 min
Memory used: 25.83 GB
Loaded train data from ../dataset/yelp_preview_full/train/5.npz
Data length: 1
Time elapsed 1.67 min
Memory used: 25.83 GB
Loaded train data from ../dataset/yelp_preview_full/train/1.npz
Data length: 1
Time elapsed 22.00 min
Memory used: 25.83 GB
Loaded train data from ../dataset/yelp_preview_full/train/7.npz
Data length: 1
Time elapsed 7.32 min
Memory used: 25.83 GB
Loaded train data from ../dataset/yelp_preview_full/train/3.npz
Data length: 1
Time elapsed 6.22 min
Memory used: 25.83 GB
Loaded train data from ../dataset/yelp_preview_full/train/6.npz
Data length: 1
Time elapsed 3.55 min
Memory used: 25.83 GB
Loaded train data from ../dataset/yelp_preview_full/train/8.npz
Data length: 1
Time elapsed 8.72 min
Memory used: 25.83 GB
Loaded train data from ../dataset/yelp_preview_full/train/9.npz
Data length: 1
Time elapsed 13.36 min
Memory used: 25.83 GB
Loaded train data from ../dataset/yelp_preview_full/train/4.npz
Data length: 1
Time elapsed 2.75 min
Memory used: 25.83 GB
Loaded train data from ../dataset/yelp_preview_full/train/2.npz
Data length: 1
Time elapsed 0.00 min
Memory used: 25.83 GB
------------------------- time cost ------------------------- 5402.937850236893

-------------Round number: 2-------------

Evaluate global model
Loaded test data from ../dataset/yelp_preview_full/test/0.npz
Data length: 1
metric.compute(): {'accuracy': 0.48598603197941553}
ct, ns, auc: 0.48598603197941553, 0, 0
Loaded test data from ../dataset/yelp_preview_full/test/1.npz
Data length: 1
metric.compute(): {'accuracy': 0.5462063865807858}
ct, ns, auc: 0.5462063865807858, 0, 0
Loaded test data from ../dataset/yelp_preview_full/test/2.npz
Data length: 1
metric.compute(): {'accuracy': 0.0}
ct, ns, auc: 0.0, 0, 0
Loaded test data from ../dataset/yelp_preview_full/test/3.npz
Data length: 1
metric.compute(): {'accuracy': 0.4345730027548209}
ct, ns, auc: 0.4345730027548209, 0, 0
Loaded test data from ../dataset/yelp_preview_full/test/4.npz
Data length: 1
metric.compute(): {'accuracy': 0.46173070915338954}
ct, ns, auc: 0.46173070915338954, 0, 0
Loaded test data from ../dataset/yelp_preview_full/test/5.npz
Data length: 1
metric.compute(): {'accuracy': 0.3265097236438076}
ct, ns, auc: 0.3265097236438076, 0, 0
Loaded test data from ../dataset/yelp_preview_full/test/6.npz
Data length: 1
metric.compute(): {'accuracy': 0.4506195116083243}
ct, ns, auc: 0.4506195116083243, 0, 0
Loaded test data from ../dataset/yelp_preview_full/test/7.npz
Data length: 1
metric.compute(): {'accuracy': 0.5352046783625731}
ct, ns, auc: 0.5352046783625731, 0, 0
Loaded test data from ../dataset/yelp_preview_full/test/8.npz
Data length: 1
metric.compute(): {'accuracy': 0.5289904836652605}
ct, ns, auc: 0.5289904836652605, 0, 0
Loaded test data from ../dataset/yelp_preview_full/test/9.npz
Data length: 1
metric.compute(): {'accuracy': 0.37570476678626347}
ct, ns, auc: 0.37570476678626347, 0, 0
ids: [0, 1, 2, 3, 4, 5, 6, 7, 8, 9]
stats[1]: [0, 0, 0, 0, 0, 0, 0, 0, 0, 0]
stats[2]: [0.48598603197941553, 0.5462063865807858, 0.0, 0.4345730027548209, 0.46173070915338954, 0.3265097236438076, 0.4506195116083243, 0.5352046783625731, 0.5289904836652605, 0.37570476678626347]
stats[3]: [0, 0, 0, 0, 0, 0, 0, 0, 0, 0]
Averaged Test Accuracy: 0.4146
Averaged Test AUC: 0.0000
Std Test Accuracy: 0.1616
Std Test AUC: 0.0000
Loaded train data from ../dataset/yelp_preview_full/train/5.npz
Data length: 1
Time elapsed 1.68 min
Memory used: 25.83 GB
Loaded train data from ../dataset/yelp_preview_full/train/0.npz
Data length: 1
Time elapsed 9.28 min
Memory used: 25.83 GB
Loaded train data from ../dataset/yelp_preview_full/train/4.npz
Data length: 1
Time elapsed 2.74 min
Memory used: 25.83 GB
Loaded train data from ../dataset/yelp_preview_full/train/7.npz
Data length: 1
Time elapsed 7.33 min
Memory used: 25.83 GB
Loaded train data from ../dataset/yelp_preview_full/train/3.npz
Data length: 1
Time elapsed 6.22 min
Memory used: 25.83 GB
Loaded train data from ../dataset/yelp_preview_full/train/1.npz
Data length: 1
Time elapsed 21.98 min
Memory used: 25.83 GB
Loaded train data from ../dataset/yelp_preview_full/train/6.npz
Data length: 1
Time elapsed 3.56 min
Memory used: 25.83 GB
Loaded train data from ../dataset/yelp_preview_full/train/8.npz
Data length: 1
Time elapsed 8.74 min
Memory used: 25.83 GB
Loaded train data from ../dataset/yelp_preview_full/train/2.npz
Data length: 1
Time elapsed 0.00 min
Memory used: 25.83 GB
Loaded train data from ../dataset/yelp_preview_full/train/9.npz
Data length: 1
Time elapsed 13.36 min
Memory used: 25.83 GB
------------------------- time cost ------------------------- 5403.793884038925

-------------Round number: 3-------------

Evaluate global model
Loaded test data from ../dataset/yelp_preview_full/test/0.npz
Data length: 1
metric.compute(): {'accuracy': 0.4368222753170373}
ct, ns, auc: 0.4368222753170373, 0, 0
Loaded test data from ../dataset/yelp_preview_full/test/1.npz
Data length: 1
metric.compute(): {'accuracy': 0.5200334701979022}
ct, ns, auc: 0.5200334701979022, 0, 0
Loaded test data from ../dataset/yelp_preview_full/test/2.npz
Data length: 1
metric.compute(): {'accuracy': 0.2}
ct, ns, auc: 0.2, 0, 0
Loaded test data from ../dataset/yelp_preview_full/test/3.npz
Data length: 1
metric.compute(): {'accuracy': 0.39008264462809916}
ct, ns, auc: 0.39008264462809916, 0, 0
Loaded test data from ../dataset/yelp_preview_full/test/4.npz
Data length: 1
metric.compute(): {'accuracy': 0.3786316776007498}
ct, ns, auc: 0.3786316776007498, 0, 0
Loaded test data from ../dataset/yelp_preview_full/test/5.npz
Data length: 1
metric.compute(): {'accuracy': 0.38178096212896623}
ct, ns, auc: 0.38178096212896623, 0, 0
Loaded test data from ../dataset/yelp_preview_full/test/6.npz
Data length: 1
metric.compute(): {'accuracy': 0.38987128593768794}
ct, ns, auc: 0.38987128593768794, 0, 0
Loaded test data from ../dataset/yelp_preview_full/test/7.npz
Data length: 1
metric.compute(): {'accuracy': 0.5194152046783626}
ct, ns, auc: 0.5194152046783626, 0, 0
Loaded test data from ../dataset/yelp_preview_full/test/8.npz
Data length: 1
metric.compute(): {'accuracy': 0.4451093887962327}
ct, ns, auc: 0.4451093887962327, 0, 0
Loaded test data from ../dataset/yelp_preview_full/test/9.npz
Data length: 1
metric.compute(): {'accuracy': 0.45114684777037417}
ct, ns, auc: 0.45114684777037417, 0, 0
ids: [0, 1, 2, 3, 4, 5, 6, 7, 8, 9]
stats[1]: [0, 0, 0, 0, 0, 0, 0, 0, 0, 0]
stats[2]: [0.4368222753170373, 0.5200334701979022, 0.2, 0.39008264462809916, 0.3786316776007498, 0.38178096212896623, 0.38987128593768794, 0.5194152046783626, 0.4451093887962327, 0.45114684777037417]
stats[3]: [0, 0, 0, 0, 0, 0, 0, 0, 0, 0]
Averaged Test Accuracy: 0.4113
Averaged Test AUC: 0.0000
Std Test Accuracy: 0.0909
Std Test AUC: 0.0000
Loaded train data from ../dataset/yelp_preview_full/train/6.npz
Data length: 1
Time elapsed 3.55 min
Memory used: 25.83 GB
Loaded train data from ../dataset/yelp_preview_full/train/7.npz
Data length: 1
Time elapsed 7.32 min
Memory used: 25.83 GB
Loaded train data from ../dataset/yelp_preview_full/train/4.npz
Data length: 1
Time elapsed 2.74 min
Memory used: 25.83 GB
Loaded train data from ../dataset/yelp_preview_full/train/8.npz
Data length: 1
Time elapsed 8.73 min
Memory used: 25.83 GB
Loaded train data from ../dataset/yelp_preview_full/train/0.npz
Data length: 1
Time elapsed 9.28 min
Memory used: 25.83 GB
Loaded train data from ../dataset/yelp_preview_full/train/3.npz
Data length: 1
Time elapsed 6.22 min
Memory used: 25.83 GB
Loaded train data from ../dataset/yelp_preview_full/train/5.npz
Data length: 1
Time elapsed 1.68 min
Memory used: 25.83 GB
Loaded train data from ../dataset/yelp_preview_full/train/1.npz
Data length: 1
Time elapsed 21.99 min
Memory used: 25.83 GB
Loaded train data from ../dataset/yelp_preview_full/train/9.npz
Data length: 1
Time elapsed 13.38 min
Memory used: 25.83 GB
Loaded train data from ../dataset/yelp_preview_full/train/2.npz
Data length: 1
Time elapsed 0.00 min
Memory used: 25.83 GB
------------------------- time cost ------------------------- 5405.152321815491

-------------Round number: 4-------------

Evaluate global model
Loaded test data from ../dataset/yelp_preview_full/test/0.npz
Data length: 1
metric.compute(): {'accuracy': 0.47541812166881087}
ct, ns, auc: 0.47541812166881087, 0, 0
Loaded test data from ../dataset/yelp_preview_full/test/1.npz
Data length: 1
metric.compute(): {'accuracy': 0.5213761699974703}
ct, ns, auc: 0.5213761699974703, 0, 0
Loaded test data from ../dataset/yelp_preview_full/test/2.npz
Data length: 1
metric.compute(): {'accuracy': 0.2}
ct, ns, auc: 0.2, 0, 0
Loaded test data from ../dataset/yelp_preview_full/test/3.npz
Data length: 1
metric.compute(): {'accuracy': 0.38181818181818183}
ct, ns, auc: 0.38181818181818183, 0, 0
Loaded test data from ../dataset/yelp_preview_full/test/4.npz
Data length: 1
metric.compute(): {'accuracy': 0.3703530146829116}
ct, ns, auc: 0.3703530146829116, 0, 0
Loaded test data from ../dataset/yelp_preview_full/test/5.npz
Data length: 1
metric.compute(): {'accuracy': 0.38331627430910953}
ct, ns, auc: 0.38331627430910953, 0, 0
Loaded test data from ../dataset/yelp_preview_full/test/6.npz
Data length: 1
metric.compute(): {'accuracy': 0.38722482858173946}
ct, ns, auc: 0.38722482858173946, 0, 0
Loaded test data from ../dataset/yelp_preview_full/test/7.npz
Data length: 1
metric.compute(): {'accuracy': 0.5091812865497076}
ct, ns, auc: 0.5091812865497076, 0, 0
Loaded test data from ../dataset/yelp_preview_full/test/8.npz
Data length: 1
metric.compute(): {'accuracy': 0.4340724026292554}
ct, ns, auc: 0.4340724026292554, 0, 0
Loaded test data from ../dataset/yelp_preview_full/test/9.npz
Data length: 1
metric.compute(): {'accuracy': 0.4634482316760636}
ct, ns, auc: 0.4634482316760636, 0, 0
ids: [0, 1, 2, 3, 4, 5, 6, 7, 8, 9]
stats[1]: [0, 0, 0, 0, 0, 0, 0, 0, 0, 0]
stats[2]: [0.47541812166881087, 0.5213761699974703, 0.2, 0.38181818181818183, 0.3703530146829116, 0.38331627430910953, 0.38722482858173946, 0.5091812865497076, 0.4340724026292554, 0.4634482316760636]
stats[3]: [0, 0, 0, 0, 0, 0, 0, 0, 0, 0]
Averaged Test Accuracy: 0.4126
Averaged Test AUC: 0.0000
Std Test Accuracy: 0.0928
Std Test AUC: 0.0000
Loaded train data from ../dataset/yelp_preview_full/train/1.npz
Data length: 1
Time elapsed 21.98 min
Memory used: 25.83 GB
Loaded train data from ../dataset/yelp_preview_full/train/6.npz
Data length: 1
Time elapsed 3.55 min
Memory used: 25.83 GB
Loaded train data from ../dataset/yelp_preview_full/train/4.npz
Data length: 1
Time elapsed 2.74 min
Memory used: 25.83 GB
Loaded train data from ../dataset/yelp_preview_full/train/8.npz
Data length: 1
Time elapsed 8.72 min
Memory used: 25.83 GB
Loaded train data from ../dataset/yelp_preview_full/train/9.npz
Data length: 1
Time elapsed 13.37 min
Memory used: 25.83 GB
Loaded train data from ../dataset/yelp_preview_full/train/3.npz
Data length: 1
Time elapsed 6.21 min
Memory used: 25.83 GB
Loaded train data from ../dataset/yelp_preview_full/train/0.npz
Data length: 1
Time elapsed 9.28 min
Memory used: 25.83 GB
Loaded train data from ../dataset/yelp_preview_full/train/5.npz
Data length: 1
Time elapsed 1.67 min
Memory used: 25.83 GB
Loaded train data from ../dataset/yelp_preview_full/train/7.npz
Data length: 1
Time elapsed 7.33 min
Memory used: 25.83 GB
Loaded train data from ../dataset/yelp_preview_full/train/2.npz
Data length: 1
Time elapsed 0.00 min
Memory used: 25.83 GB
------------------------- time cost ------------------------- 5401.863874673843

-------------Round number: 5-------------

Evaluate global model
Loaded test data from ../dataset/yelp_preview_full/test/0.npz
Data length: 1
metric.compute(): {'accuracy': 0.504319058996508}
ct, ns, auc: 0.504319058996508, 0, 0
Loaded test data from ../dataset/yelp_preview_full/test/1.npz
Data length: 1
metric.compute(): {'accuracy': 0.5222129249450271}
ct, ns, auc: 0.5222129249450271, 0, 0
Loaded test data from ../dataset/yelp_preview_full/test/2.npz
Data length: 1
metric.compute(): {'accuracy': 0.2}
ct, ns, auc: 0.2, 0, 0
Loaded test data from ../dataset/yelp_preview_full/test/3.npz
Data length: 1
metric.compute(): {'accuracy': 0.37830578512396695}
ct, ns, auc: 0.37830578512396695, 0, 0
Loaded test data from ../dataset/yelp_preview_full/test/4.npz
Data length: 1
metric.compute(): {'accuracy': 0.3695720087472665}
ct, ns, auc: 0.3695720087472665, 0, 0
Loaded test data from ../dataset/yelp_preview_full/test/5.npz
Data length: 1
metric.compute(): {'accuracy': 0.38331627430910953}
ct, ns, auc: 0.38331627430910953, 0, 0
Loaded test data from ../dataset/yelp_preview_full/test/6.npz
Data length: 1
metric.compute(): {'accuracy': 0.3940815590039697}
ct, ns, auc: 0.3940815590039697, 0, 0
Loaded test data from ../dataset/yelp_preview_full/test/7.npz
Data length: 1
metric.compute(): {'accuracy': 0.5088304093567252}
ct, ns, auc: 0.5088304093567252, 0, 0
Loaded test data from ../dataset/yelp_preview_full/test/8.npz
Data length: 1
metric.compute(): {'accuracy': 0.4279407436476013}
ct, ns, auc: 0.4279407436476013, 0, 0
Loaded test data from ../dataset/yelp_preview_full/test/9.npz
Data length: 1
metric.compute(): {'accuracy': 0.5126217324449001}
ct, ns, auc: 0.5126217324449001, 0, 0
ids: [0, 1, 2, 3, 4, 5, 6, 7, 8, 9]
stats[1]: [0, 0, 0, 0, 0, 0, 0, 0, 0, 0]
stats[2]: [0.504319058996508, 0.5222129249450271, 0.2, 0.37830578512396695, 0.3695720087472665, 0.38331627430910953, 0.3940815590039697, 0.5088304093567252, 0.4279407436476013, 0.5126217324449001]
stats[3]: [0, 0, 0, 0, 0, 0, 0, 0, 0, 0]
Averaged Test Accuracy: 0.4201
Averaged Test AUC: 0.0000
Std Test Accuracy: 0.0993
Std Test AUC: 0.0000
Loaded train data from ../dataset/yelp_preview_full/train/3.npz
Data length: 1
Time elapsed 6.22 min
Memory used: 25.83 GB
Loaded train data from ../dataset/yelp_preview_full/train/5.npz
Data length: 1
Time elapsed 1.67 min
Memory used: 25.83 GB
Loaded train data from ../dataset/yelp_preview_full/train/9.npz
Data length: 1
Time elapsed 13.37 min
Memory used: 25.83 GB
Loaded train data from ../dataset/yelp_preview_full/train/4.npz
Data length: 1
Time elapsed 2.74 min
Memory used: 25.83 GB
Loaded train data from ../dataset/yelp_preview_full/train/2.npz
Data length: 1
Time elapsed 0.00 min
Memory used: 25.83 GB
Loaded train data from ../dataset/yelp_preview_full/train/8.npz
Data length: 1
Time elapsed 8.73 min
Memory used: 25.83 GB
Loaded train data from ../dataset/yelp_preview_full/train/1.npz
Data length: 1
Time elapsed 22.01 min
Memory used: 25.83 GB
Loaded train data from ../dataset/yelp_preview_full/train/6.npz
Data length: 1
Time elapsed 3.56 min
Memory used: 25.83 GB
Loaded train data from ../dataset/yelp_preview_full/train/0.npz
Data length: 1
Time elapsed 9.28 min
Memory used: 25.83 GB
Loaded train data from ../dataset/yelp_preview_full/train/7.npz
Data length: 1
Time elapsed 7.33 min
Memory used: 25.83 GB
------------------------- time cost ------------------------- 5405.222120523453

-------------Round number: 6-------------

Evaluate global model
Loaded test data from ../dataset/yelp_preview_full/test/0.npz
Data length: 1
metric.compute(): {'accuracy': 0.5110273846719353}
ct, ns, auc: 0.5110273846719353, 0, 0
Loaded test data from ../dataset/yelp_preview_full/test/1.npz
Data length: 1
metric.compute(): {'accuracy': 0.5316702017941582}
ct, ns, auc: 0.5316702017941582, 0, 0
Loaded test data from ../dataset/yelp_preview_full/test/2.npz
Data length: 1
metric.compute(): {'accuracy': 0.2}
ct, ns, auc: 0.2, 0, 0
Loaded test data from ../dataset/yelp_preview_full/test/3.npz
Data length: 1
metric.compute(): {'accuracy': 0.37727272727272726}
ct, ns, auc: 0.37727272727272726, 0, 0
Loaded test data from ../dataset/yelp_preview_full/test/4.npz
Data length: 1
metric.compute(): {'accuracy': 0.36644798500468606}
ct, ns, auc: 0.36644798500468606, 0, 0
Loaded test data from ../dataset/yelp_preview_full/test/5.npz
Data length: 1
metric.compute(): {'accuracy': 0.3843398157625384}
ct, ns, auc: 0.3843398157625384, 0, 0
Loaded test data from ../dataset/yelp_preview_full/test/6.npz
Data length: 1
metric.compute(): {'accuracy': 0.4077950198484302}
ct, ns, auc: 0.4077950198484302, 0, 0
Loaded test data from ../dataset/yelp_preview_full/test/7.npz
Data length: 1
metric.compute(): {'accuracy': 0.5145029239766082}
ct, ns, auc: 0.5145029239766082, 0, 0
Loaded test data from ../dataset/yelp_preview_full/test/8.npz
Data length: 1
metric.compute(): {'accuracy': 0.4292651819876386}
ct, ns, auc: 0.4292651819876386, 0, 0
Loaded test data from ../dataset/yelp_preview_full/test/9.npz
Data length: 1
metric.compute(): {'accuracy': 0.5339889800102512}
ct, ns, auc: 0.5339889800102512, 0, 0
ids: [0, 1, 2, 3, 4, 5, 6, 7, 8, 9]
stats[1]: [0, 0, 0, 0, 0, 0, 0, 0, 0, 0]
stats[2]: [0.5110273846719353, 0.5316702017941582, 0.2, 0.37727272727272726, 0.36644798500468606, 0.3843398157625384, 0.4077950198484302, 0.5145029239766082, 0.4292651819876386, 0.5339889800102512]
stats[3]: [0, 0, 0, 0, 0, 0, 0, 0, 0, 0]
Averaged Test Accuracy: 0.4256
Averaged Test AUC: 0.0000
Std Test Accuracy: 0.1038
Std Test AUC: 0.0000
Loaded train data from ../dataset/yelp_preview_full/train/6.npz
Data length: 1
Time elapsed 3.55 min
Memory used: 25.83 GB
Loaded train data from ../dataset/yelp_preview_full/train/4.npz
Data length: 1
Time elapsed 2.74 min
Memory used: 25.87 GB
Loaded train data from ../dataset/yelp_preview_full/train/2.npz
Data length: 1
Time elapsed 0.00 min
Memory used: 25.87 GB
Loaded train data from ../dataset/yelp_preview_full/train/0.npz
Data length: 1
Time elapsed 9.28 min
Memory used: 25.87 GB
Loaded train data from ../dataset/yelp_preview_full/train/1.npz
Data length: 1
Time elapsed 21.99 min
Memory used: 25.87 GB
Loaded train data from ../dataset/yelp_preview_full/train/8.npz
Data length: 1
Time elapsed 8.74 min
Memory used: 25.87 GB
Loaded train data from ../dataset/yelp_preview_full/train/7.npz
Data length: 1
Time elapsed 7.32 min
Memory used: 25.87 GB
Loaded train data from ../dataset/yelp_preview_full/train/3.npz
Data length: 1
Time elapsed 6.21 min
Memory used: 25.87 GB
Loaded train data from ../dataset/yelp_preview_full/train/5.npz
Data length: 1
Time elapsed 1.68 min
Memory used: 25.87 GB
Loaded train data from ../dataset/yelp_preview_full/train/9.npz
Data length: 1
Time elapsed 13.38 min
Memory used: 25.87 GB
------------------------- time cost ------------------------- 5404.99085521698

-------------Round number: 7-------------

Evaluate global model
Loaded test data from ../dataset/yelp_preview_full/test/0.npz
Data length: 1
metric.compute(): {'accuracy': 0.5127733872449918}
ct, ns, auc: 0.5127733872449918, 0, 0
Loaded test data from ../dataset/yelp_preview_full/test/1.npz
Data length: 1
metric.compute(): {'accuracy': 0.5325847944112553}
ct, ns, auc: 0.5325847944112553, 0, 0
Loaded test data from ../dataset/yelp_preview_full/test/2.npz
Data length: 1
metric.compute(): {'accuracy': 0.2}
ct, ns, auc: 0.2, 0, 0
Loaded test data from ../dataset/yelp_preview_full/test/3.npz
Data length: 1
metric.compute(): {'accuracy': 0.3747245179063361}
ct, ns, auc: 0.3747245179063361, 0, 0
Loaded test data from ../dataset/yelp_preview_full/test/4.npz
Data length: 1
metric.compute(): {'accuracy': 0.36160574820368635}
ct, ns, auc: 0.36160574820368635, 0, 0
Loaded test data from ../dataset/yelp_preview_full/test/5.npz
Data length: 1
metric.compute(): {'accuracy': 0.38331627430910953}
ct, ns, auc: 0.38331627430910953, 0, 0
Loaded test data from ../dataset/yelp_preview_full/test/6.npz
Data length: 1
metric.compute(): {'accuracy': 0.4189823168531216}
ct, ns, auc: 0.4189823168531216, 0, 0
Loaded test data from ../dataset/yelp_preview_full/test/7.npz
Data length: 1
metric.compute(): {'accuracy': 0.5062573099415205}
ct, ns, auc: 0.5062573099415205, 0, 0
Loaded test data from ../dataset/yelp_preview_full/test/8.npz
Data length: 1
metric.compute(): {'accuracy': 0.42897086235651916}
ct, ns, auc: 0.42897086235651916, 0, 0
Loaded test data from ../dataset/yelp_preview_full/test/9.npz
Data length: 1
metric.compute(): {'accuracy': 0.5379933367503844}
ct, ns, auc: 0.5379933367503844, 0, 0
ids: [0, 1, 2, 3, 4, 5, 6, 7, 8, 9]
stats[1]: [0, 0, 0, 0, 0, 0, 0, 0, 0, 0]
stats[2]: [0.5127733872449918, 0.5325847944112553, 0.2, 0.3747245179063361, 0.36160574820368635, 0.38331627430910953, 0.4189823168531216, 0.5062573099415205, 0.42897086235651916, 0.5379933367503844]
stats[3]: [0, 0, 0, 0, 0, 0, 0, 0, 0, 0]
Averaged Test Accuracy: 0.4257
Averaged Test AUC: 0.0000
Std Test Accuracy: 0.1041
Std Test AUC: 0.0000
Loaded train data from ../dataset/yelp_preview_full/train/4.npz
Data length: 1
Time elapsed 2.74 min
Memory used: 25.87 GB
Loaded train data from ../dataset/yelp_preview_full/train/3.npz
Data length: 1
Time elapsed 6.21 min
Memory used: 25.87 GB
Loaded train data from ../dataset/yelp_preview_full/train/8.npz
Data length: 1
Time elapsed 8.73 min
Memory used: 25.87 GB
Loaded train data from ../dataset/yelp_preview_full/train/7.npz
Data length: 1
Time elapsed 7.33 min
Memory used: 25.87 GB
Loaded train data from ../dataset/yelp_preview_full/train/0.npz
Data length: 1
Time elapsed 9.28 min
Memory used: 25.87 GB
Loaded train data from ../dataset/yelp_preview_full/train/2.npz
Data length: 1
Time elapsed 0.00 min
Memory used: 25.87 GB
Loaded train data from ../dataset/yelp_preview_full/train/5.npz
Data length: 1
Time elapsed 1.67 min
Memory used: 25.87 GB
Loaded train data from ../dataset/yelp_preview_full/train/1.npz
Data length: 1
Time elapsed 21.99 min
Memory used: 25.87 GB
Loaded train data from ../dataset/yelp_preview_full/train/6.npz
Data length: 1
Time elapsed 3.56 min
Memory used: 25.87 GB
Loaded train data from ../dataset/yelp_preview_full/train/9.npz
Data length: 1
Time elapsed 13.36 min
Memory used: 25.87 GB
------------------------- time cost ------------------------- 5403.919013500214

-------------Round number: 8-------------

Evaluate global model
Loaded test data from ../dataset/yelp_preview_full/test/0.npz
Data length: 1
metric.compute(): {'accuracy': 0.5169086564969675}
ct, ns, auc: 0.5169086564969675, 0, 0
Loaded test data from ../dataset/yelp_preview_full/test/1.npz
Data length: 1
metric.compute(): {'accuracy': 0.5373134328358209}
ct, ns, auc: 0.5373134328358209, 0, 0
Loaded test data from ../dataset/yelp_preview_full/test/2.npz
Data length: 1
metric.compute(): {'accuracy': 0.2}
ct, ns, auc: 0.2, 0, 0
Loaded test data from ../dataset/yelp_preview_full/test/3.npz
Data length: 1
metric.compute(): {'accuracy': 0.38106060606060604}
ct, ns, auc: 0.38106060606060604, 0, 0
Loaded test data from ../dataset/yelp_preview_full/test/4.npz
Data length: 1
metric.compute(): {'accuracy': 0.3619181505779444}
ct, ns, auc: 0.3619181505779444, 0, 0
Loaded test data from ../dataset/yelp_preview_full/test/5.npz
Data length: 1
metric.compute(): {'accuracy': 0.3835721596724667}
ct, ns, auc: 0.3835721596724667, 0, 0
Loaded test data from ../dataset/yelp_preview_full/test/6.npz
Data length: 1
metric.compute(): {'accuracy': 0.45639360038493926}
ct, ns, auc: 0.45639360038493926, 0, 0
Loaded test data from ../dataset/yelp_preview_full/test/7.npz
Data length: 1
metric.compute(): {'accuracy': 0.504327485380117}
ct, ns, auc: 0.504327485380117, 0, 0
Loaded test data from ../dataset/yelp_preview_full/test/8.npz
Data length: 1
metric.compute(): {'accuracy': 0.43642695967821055}
ct, ns, auc: 0.43642695967821055, 0, 0
Loaded test data from ../dataset/yelp_preview_full/test/9.npz
Data length: 1
metric.compute(): {'accuracy': 0.5465786776012301}
ct, ns, auc: 0.5465786776012301, 0, 0
ids: [0, 1, 2, 3, 4, 5, 6, 7, 8, 9]
stats[1]: [0, 0, 0, 0, 0, 0, 0, 0, 0, 0]
stats[2]: [0.5169086564969675, 0.5373134328358209, 0.2, 0.38106060606060604, 0.3619181505779444, 0.3835721596724667, 0.45639360038493926, 0.504327485380117, 0.43642695967821055, 0.5465786776012301]
stats[3]: [0, 0, 0, 0, 0, 0, 0, 0, 0, 0]
Averaged Test Accuracy: 0.4324
Averaged Test AUC: 0.0000
Std Test Accuracy: 0.1059
Std Test AUC: 0.0000
Loaded train data from ../dataset/yelp_preview_full/train/5.npz
Data length: 1
Time elapsed 1.67 min
Memory used: 25.87 GB
Loaded train data from ../dataset/yelp_preview_full/train/8.npz
Data length: 1
Time elapsed 8.73 min
Memory used: 25.87 GB
Loaded train data from ../dataset/yelp_preview_full/train/4.npz
Data length: 1
Time elapsed 2.74 min
Memory used: 25.87 GB
Loaded train data from ../dataset/yelp_preview_full/train/6.npz
Data length: 1
Time elapsed 3.55 min
Memory used: 25.87 GB
Loaded train data from ../dataset/yelp_preview_full/train/1.npz
Data length: 1
Time elapsed 22.00 min
Memory used: 25.87 GB
Loaded train data from ../dataset/yelp_preview_full/train/9.npz
Data length: 1
Time elapsed 13.36 min
Memory used: 25.87 GB
Loaded train data from ../dataset/yelp_preview_full/train/7.npz
Data length: 1
Time elapsed 7.33 min
Memory used: 25.87 GB
Loaded train data from ../dataset/yelp_preview_full/train/0.npz
Data length: 1
Time elapsed 9.27 min
Memory used: 25.87 GB
Loaded train data from ../dataset/yelp_preview_full/train/3.npz
Data length: 1
Time elapsed 6.21 min
Memory used: 25.87 GB
Loaded train data from ../dataset/yelp_preview_full/train/2.npz
Data length: 1
Time elapsed 0.00 min
Memory used: 25.87 GB
------------------------- time cost ------------------------- 5403.826500892639

-------------Round number: 9-------------

Evaluate global model
Loaded test data from ../dataset/yelp_preview_full/test/0.npz
Data length: 1
metric.compute(): {'accuracy': 0.5150248116155118}
ct, ns, auc: 0.5150248116155118, 0, 0
Loaded test data from ../dataset/yelp_preview_full/test/1.npz
Data length: 1
metric.compute(): {'accuracy': 0.5378777559399872}
ct, ns, auc: 0.5378777559399872, 0, 0
Loaded test data from ../dataset/yelp_preview_full/test/2.npz
Data length: 1
metric.compute(): {'accuracy': 0.2}
ct, ns, auc: 0.2, 0, 0
Loaded test data from ../dataset/yelp_preview_full/test/3.npz
Data length: 1
metric.compute(): {'accuracy': 0.38712121212121214}
ct, ns, auc: 0.38712121212121214, 0, 0
Loaded test data from ../dataset/yelp_preview_full/test/4.npz
Data length: 1
metric.compute(): {'accuracy': 0.3598875351452671}
ct, ns, auc: 0.3598875351452671, 0, 0
Loaded test data from ../dataset/yelp_preview_full/test/5.npz
Data length: 1
metric.compute(): {'accuracy': 0.38331627430910953}
ct, ns, auc: 0.38331627430910953, 0, 0
Loaded test data from ../dataset/yelp_preview_full/test/6.npz
Data length: 1
metric.compute(): {'accuracy': 0.45266450138337544}
ct, ns, auc: 0.45266450138337544, 0, 0
Loaded test data from ../dataset/yelp_preview_full/test/7.npz
Data length: 1
metric.compute(): {'accuracy': 0.5019298245614036}
ct, ns, auc: 0.5019298245614036, 0, 0
Loaded test data from ../dataset/yelp_preview_full/test/8.npz
Data length: 1
metric.compute(): {'accuracy': 0.43951731580496417}
ct, ns, auc: 0.43951731580496417, 0, 0
Loaded test data from ../dataset/yelp_preview_full/test/9.npz
Data length: 1
metric.compute(): {'accuracy': 0.5458098411071246}
ct, ns, auc: 0.5458098411071246, 0, 0
ids: [0, 1, 2, 3, 4, 5, 6, 7, 8, 9]
stats[1]: [0, 0, 0, 0, 0, 0, 0, 0, 0, 0]
stats[2]: [0.5150248116155118, 0.5378777559399872, 0.2, 0.38712121212121214, 0.3598875351452671, 0.38331627430910953, 0.45266450138337544, 0.5019298245614036, 0.43951731580496417, 0.5458098411071246]
stats[3]: [0, 0, 0, 0, 0, 0, 0, 0, 0, 0]
Averaged Test Accuracy: 0.4323
Averaged Test AUC: 0.0000
Std Test Accuracy: 0.1053
Std Test AUC: 0.0000
Loaded train data from ../dataset/yelp_preview_full/train/1.npz
Data length: 1
Time elapsed 22.00 min
Memory used: 25.87 GB
Loaded train data from ../dataset/yelp_preview_full/train/5.npz
Data length: 1
Time elapsed 1.67 min
Memory used: 25.87 GB
Loaded train data from ../dataset/yelp_preview_full/train/3.npz
Data length: 1
Time elapsed 6.21 min
Memory used: 25.87 GB
Loaded train data from ../dataset/yelp_preview_full/train/8.npz
Data length: 1
Time elapsed 8.72 min
Memory used: 25.87 GB
Loaded train data from ../dataset/yelp_preview_full/train/7.npz
Data length: 1
Time elapsed 7.32 min
Memory used: 25.87 GB
Loaded train data from ../dataset/yelp_preview_full/train/0.npz
Data length: 1
Time elapsed 9.28 min
Memory used: 25.87 GB
Loaded train data from ../dataset/yelp_preview_full/train/9.npz
Data length: 1
Time elapsed 13.36 min
Memory used: 25.87 GB
Loaded train data from ../dataset/yelp_preview_full/train/4.npz
Data length: 1
Time elapsed 2.74 min
Memory used: 25.87 GB
Loaded train data from ../dataset/yelp_preview_full/train/2.npz
Data length: 1
Time elapsed 0.00 min
Memory used: 25.87 GB
Loaded train data from ../dataset/yelp_preview_full/train/6.npz
Data length: 1
Time elapsed 3.56 min
Memory used: 25.87 GB
------------------------- time cost ------------------------- 5404.094057798386

-------------Round number: 10-------------

Evaluate global model
Loaded test data from ../dataset/yelp_preview_full/test/0.npz
Data length: 1
metric.compute(): {'accuracy': 0.5176438154750965}
ct, ns, auc: 0.5176438154750965, 0, 0
Loaded test data from ../dataset/yelp_preview_full/test/1.npz
Data length: 1
metric.compute(): {'accuracy': 0.5389674833135496}
ct, ns, auc: 0.5389674833135496, 0, 0
Loaded test data from ../dataset/yelp_preview_full/test/2.npz
Data length: 1
metric.compute(): {'accuracy': 0.2}
ct, ns, auc: 0.2, 0, 0
Loaded test data from ../dataset/yelp_preview_full/test/3.npz
Data length: 1
metric.compute(): {'accuracy': 0.3944214876033058}
ct, ns, auc: 0.3944214876033058, 0, 0
Loaded test data from ../dataset/yelp_preview_full/test/4.npz
Data length: 1
metric.compute(): {'accuracy': 0.35973133395813806}
ct, ns, auc: 0.35973133395813806, 0, 0
Loaded test data from ../dataset/yelp_preview_full/test/5.npz
Data length: 1
metric.compute(): {'accuracy': 0.38254861821903785}
ct, ns, auc: 0.38254861821903785, 0, 0
Loaded test data from ../dataset/yelp_preview_full/test/6.npz
Data length: 1
metric.compute(): {'accuracy': 0.4722723445206303}
ct, ns, auc: 0.4722723445206303, 0, 0
Loaded test data from ../dataset/yelp_preview_full/test/7.npz
Data length: 1
metric.compute(): {'accuracy': 0.5042690058479532}
ct, ns, auc: 0.5042690058479532, 0, 0
Loaded test data from ../dataset/yelp_preview_full/test/8.npz
Data length: 1
metric.compute(): {'accuracy': 0.44672814676738937}
ct, ns, auc: 0.44672814676738937, 0, 0
Loaded test data from ../dataset/yelp_preview_full/test/9.npz
Data length: 1
metric.compute(): {'accuracy': 0.547924141465915}
ct, ns, auc: 0.547924141465915, 0, 0
ids: [0, 1, 2, 3, 4, 5, 6, 7, 8, 9]
stats[1]: [0, 0, 0, 0, 0, 0, 0, 0, 0, 0]
stats[2]: [0.5176438154750965, 0.5389674833135496, 0.2, 0.3944214876033058, 0.35973133395813806, 0.38254861821903785, 0.4722723445206303, 0.5042690058479532, 0.44672814676738937, 0.547924141465915]
stats[3]: [0, 0, 0, 0, 0, 0, 0, 0, 0, 0]
Averaged Test Accuracy: 0.4365
Averaged Test AUC: 0.0000
Std Test Accuracy: 0.1064
Std Test AUC: 0.0000
Loaded train data from ../dataset/yelp_preview_full/train/1.npz
Data length: 1
Time elapsed 21.99 min
Memory used: 25.87 GB
Loaded train data from ../dataset/yelp_preview_full/train/0.npz
Data length: 1
Time elapsed 9.28 min
Memory used: 25.87 GB
Loaded train data from ../dataset/yelp_preview_full/train/7.npz
Data length: 1
Time elapsed 7.33 min
Memory used: 25.87 GB
Loaded train data from ../dataset/yelp_preview_full/train/3.npz
Data length: 1
Time elapsed 6.22 min
Memory used: 25.87 GB
Loaded train data from ../dataset/yelp_preview_full/train/5.npz
Data length: 1
Time elapsed 1.68 min
Memory used: 25.87 GB
Loaded train data from ../dataset/yelp_preview_full/train/9.npz
Data length: 1
Time elapsed 13.35 min
Memory used: 25.87 GB
Loaded train data from ../dataset/yelp_preview_full/train/2.npz
Data length: 1
Time elapsed 0.00 min
Memory used: 25.87 GB
Loaded train data from ../dataset/yelp_preview_full/train/8.npz
Data length: 1
Time elapsed 8.73 min
Memory used: 25.87 GB
Loaded train data from ../dataset/yelp_preview_full/train/6.npz
Data length: 1
Time elapsed 3.55 min
Memory used: 25.87 GB
Loaded train data from ../dataset/yelp_preview_full/train/4.npz
Data length: 1
Time elapsed 2.75 min
Memory used: 25.87 GB
------------------------- time cost ------------------------- 5404.662457704544

-------------Round number: 11-------------

Evaluate global model
Loaded test data from ../dataset/yelp_preview_full/test/0.npz
Data length: 1
metric.compute(): {'accuracy': 0.5195736077926851}
ct, ns, auc: 0.5195736077926851, 0, 0
Loaded test data from ../dataset/yelp_preview_full/test/1.npz
Data length: 1
metric.compute(): {'accuracy': 0.5401934266088073}
ct, ns, auc: 0.5401934266088073, 0, 0
Loaded test data from ../dataset/yelp_preview_full/test/2.npz
Data length: 1
metric.compute(): {'accuracy': 0.2}
ct, ns, auc: 0.2, 0, 0
Loaded test data from ../dataset/yelp_preview_full/test/3.npz
Data length: 1
metric.compute(): {'accuracy': 0.39862258953168045}
ct, ns, auc: 0.39862258953168045, 0, 0
Loaded test data from ../dataset/yelp_preview_full/test/4.npz
Data length: 1
metric.compute(): {'accuracy': 0.358950328022493}
ct, ns, auc: 0.358950328022493, 0, 0
Loaded test data from ../dataset/yelp_preview_full/test/5.npz
Data length: 1
metric.compute(): {'accuracy': 0.3820368474923234}
ct, ns, auc: 0.3820368474923234, 0, 0
Loaded test data from ../dataset/yelp_preview_full/test/6.npz
Data length: 1
metric.compute(): {'accuracy': 0.47660291110309155}
ct, ns, auc: 0.47660291110309155, 0, 0
Loaded test data from ../dataset/yelp_preview_full/test/7.npz
Data length: 1
metric.compute(): {'accuracy': 0.49736842105263157}
ct, ns, auc: 0.49736842105263157, 0, 0
Loaded test data from ../dataset/yelp_preview_full/test/8.npz
Data length: 1
metric.compute(): {'accuracy': 0.45962915726478953}
ct, ns, auc: 0.45962915726478953, 0, 0
Loaded test data from ../dataset/yelp_preview_full/test/9.npz
Data length: 1
metric.compute(): {'accuracy': 0.5476037929267042}
ct, ns, auc: 0.5476037929267042, 0, 0
ids: [0, 1, 2, 3, 4, 5, 6, 7, 8, 9]
stats[1]: [0, 0, 0, 0, 0, 0, 0, 0, 0, 0]
stats[2]: [0.5195736077926851, 0.5401934266088073, 0.2, 0.39862258953168045, 0.358950328022493, 0.3820368474923234, 0.47660291110309155, 0.49736842105263157, 0.45962915726478953, 0.5476037929267042]
stats[3]: [0, 0, 0, 0, 0, 0, 0, 0, 0, 0]
Averaged Test Accuracy: 0.4381
Averaged Test AUC: 0.0000
Std Test Accuracy: 0.1065
Std Test AUC: 0.0000
Loaded train data from ../dataset/yelp_preview_full/train/7.npz
Data length: 1
Time elapsed 7.32 min
Memory used: 25.87 GB
Loaded train data from ../dataset/yelp_preview_full/train/5.npz
Data length: 1
Time elapsed 1.67 min
Memory used: 25.87 GB
Loaded train data from ../dataset/yelp_preview_full/train/6.npz
Data length: 1
Time elapsed 3.56 min
Memory used: 25.87 GB
Loaded train data from ../dataset/yelp_preview_full/train/8.npz
Data length: 1
Time elapsed 8.73 min
Memory used: 25.87 GB
Loaded train data from ../dataset/yelp_preview_full/train/1.npz
Data length: 1
Time elapsed 22.00 min
Memory used: 25.87 GB
Loaded train data from ../dataset/yelp_preview_full/train/3.npz
Data length: 1
Time elapsed 6.21 min
Memory used: 25.87 GB
Loaded train data from ../dataset/yelp_preview_full/train/0.npz
Data length: 1
Time elapsed 9.27 min
Memory used: 25.87 GB
Loaded train data from ../dataset/yelp_preview_full/train/4.npz
Data length: 1
Time elapsed 2.74 min
Memory used: 25.87 GB
Loaded train data from ../dataset/yelp_preview_full/train/2.npz
Data length: 1
Time elapsed 0.00 min
Memory used: 25.87 GB
Loaded train data from ../dataset/yelp_preview_full/train/9.npz
Data length: 1
Time elapsed 13.37 min
Memory used: 25.87 GB
------------------------- time cost ------------------------- 5404.284873247147

-------------Round number: 12-------------

Evaluate global model
Loaded test data from ../dataset/yelp_preview_full/test/0.npz
Data length: 1
metric.compute(): {'accuracy': 0.5221466642161368}
ct, ns, auc: 0.5221466642161368, 0, 0
Loaded test data from ../dataset/yelp_preview_full/test/1.npz
Data length: 1
metric.compute(): {'accuracy': 0.5429566638774835}
ct, ns, auc: 0.5429566638774835, 0, 0
Loaded test data from ../dataset/yelp_preview_full/test/2.npz
Data length: 1
metric.compute(): {'accuracy': 0.2}
ct, ns, auc: 0.2, 0, 0
Loaded test data from ../dataset/yelp_preview_full/test/3.npz
Data length: 1
metric.compute(): {'accuracy': 0.39896694214876033}
ct, ns, auc: 0.39896694214876033, 0, 0
Loaded test data from ../dataset/yelp_preview_full/test/4.npz
Data length: 1
metric.compute(): {'accuracy': 0.35957513277100905}
ct, ns, auc: 0.35957513277100905, 0, 0
Loaded test data from ../dataset/yelp_preview_full/test/5.npz
Data length: 1
metric.compute(): {'accuracy': 0.38101330603889455}
ct, ns, auc: 0.38101330603889455, 0, 0
Loaded test data from ../dataset/yelp_preview_full/test/6.npz
Data length: 1
metric.compute(): {'accuracy': 0.47744496571634787}
ct, ns, auc: 0.47744496571634787, 0, 0
Loaded test data from ../dataset/yelp_preview_full/test/7.npz
Data length: 1
metric.compute(): {'accuracy': 0.49660818713450294}
ct, ns, auc: 0.49660818713450294, 0, 0
Loaded test data from ../dataset/yelp_preview_full/test/8.npz
Data length: 1
metric.compute(): {'accuracy': 0.4592367310899637}
ct, ns, auc: 0.4592367310899637, 0, 0
Loaded test data from ../dataset/yelp_preview_full/test/9.npz
Data length: 1
metric.compute(): {'accuracy': 0.552312916453101}
ct, ns, auc: 0.552312916453101, 0, 0
ids: [0, 1, 2, 3, 4, 5, 6, 7, 8, 9]
stats[1]: [0, 0, 0, 0, 0, 0, 0, 0, 0, 0]
stats[2]: [0.5221466642161368, 0.5429566638774835, 0.2, 0.39896694214876033, 0.35957513277100905, 0.38101330603889455, 0.47744496571634787, 0.49660818713450294, 0.4592367310899637, 0.552312916453101]
stats[3]: [0, 0, 0, 0, 0, 0, 0, 0, 0, 0]
Averaged Test Accuracy: 0.4390
Averaged Test AUC: 0.0000
Std Test Accuracy: 0.1076
Std Test AUC: 0.0000
Loaded train data from ../dataset/yelp_preview_full/train/8.npz
Data length: 1
Time elapsed 8.73 min
Memory used: 25.87 GB
Loaded train data from ../dataset/yelp_preview_full/train/9.npz
Data length: 1
Time elapsed 13.36 min
Memory used: 25.87 GB
Loaded train data from ../dataset/yelp_preview_full/train/5.npz
Data length: 1
Time elapsed 1.67 min
Memory used: 25.87 GB
Loaded train data from ../dataset/yelp_preview_full/train/6.npz
Data length: 1
Time elapsed 3.56 min
Memory used: 25.87 GB
Loaded train data from ../dataset/yelp_preview_full/train/1.npz
Data length: 1
Time elapsed 21.98 min
Memory used: 25.87 GB
Loaded train data from ../dataset/yelp_preview_full/train/4.npz
Data length: 1
Time elapsed 2.74 min
Memory used: 25.87 GB
Loaded train data from ../dataset/yelp_preview_full/train/0.npz
Data length: 1
Time elapsed 9.28 min
Memory used: 25.87 GB
Loaded train data from ../dataset/yelp_preview_full/train/3.npz
Data length: 1
Time elapsed 6.21 min
Memory used: 25.87 GB
Loaded train data from ../dataset/yelp_preview_full/train/7.npz
Data length: 1
Time elapsed 7.32 min
Memory used: 25.87 GB
Loaded train data from ../dataset/yelp_preview_full/train/2.npz
Data length: 1
Time elapsed 0.00 min
Memory used: 25.87 GB
------------------------- time cost ------------------------- 5405.119043588638

-------------Round number: 13-------------

Evaluate global model
Loaded test data from ../dataset/yelp_preview_full/test/0.npz
Data length: 1
metric.compute(): {'accuracy': 0.521641242418673}
ct, ns, auc: 0.521641242418673, 0, 0
Loaded test data from ../dataset/yelp_preview_full/test/1.npz
Data length: 1
metric.compute(): {'accuracy': 0.5404269396174278}
ct, ns, auc: 0.5404269396174278, 0, 0
Loaded test data from ../dataset/yelp_preview_full/test/2.npz
Data length: 1
metric.compute(): {'accuracy': 0.2}
ct, ns, auc: 0.2, 0, 0
Loaded test data from ../dataset/yelp_preview_full/test/3.npz
Data length: 1
metric.compute(): {'accuracy': 0.4147382920110193}
ct, ns, auc: 0.4147382920110193, 0, 0
Loaded test data from ../dataset/yelp_preview_full/test/4.npz
Data length: 1
metric.compute(): {'accuracy': 0.3542642924086223}
ct, ns, auc: 0.3542642924086223, 0, 0
Loaded test data from ../dataset/yelp_preview_full/test/5.npz
Data length: 1
metric.compute(): {'accuracy': 0.38075742067553736}
ct, ns, auc: 0.38075742067553736, 0, 0
Loaded test data from ../dataset/yelp_preview_full/test/6.npz
Data length: 1
metric.compute(): {'accuracy': 0.4701070612293997}
ct, ns, auc: 0.4701070612293997, 0, 0
Loaded test data from ../dataset/yelp_preview_full/test/7.npz
Data length: 1
metric.compute(): {'accuracy': 0.49707602339181284}
ct, ns, auc: 0.49707602339181284, 0, 0
Loaded test data from ../dataset/yelp_preview_full/test/8.npz
Data length: 1
metric.compute(): {'accuracy': 0.46507407044049837}
ct, ns, auc: 0.46507407044049837, 0, 0
Loaded test data from ../dataset/yelp_preview_full/test/9.npz
Data length: 1
metric.compute(): {'accuracy': 0.5524410558687852}
ct, ns, auc: 0.5524410558687852, 0, 0
ids: [0, 1, 2, 3, 4, 5, 6, 7, 8, 9]
stats[1]: [0, 0, 0, 0, 0, 0, 0, 0, 0, 0]
stats[2]: [0.521641242418673, 0.5404269396174278, 0.2, 0.4147382920110193, 0.3542642924086223, 0.38075742067553736, 0.4701070612293997, 0.49707602339181284, 0.46507407044049837, 0.5524410558687852]
stats[3]: [0, 0, 0, 0, 0, 0, 0, 0, 0, 0]
Averaged Test Accuracy: 0.4397
Averaged Test AUC: 0.0000
Std Test Accuracy: 0.1071
Std Test AUC: 0.0000
Loaded train data from ../dataset/yelp_preview_full/train/4.npz
Data length: 1
Time elapsed 2.74 min
Memory used: 25.87 GB
Loaded train data from ../dataset/yelp_preview_full/train/5.npz
Data length: 1
Time elapsed 1.67 min
Memory used: 25.87 GB
Loaded train data from ../dataset/yelp_preview_full/train/1.npz
Data length: 1
Time elapsed 21.99 min
Memory used: 25.87 GB
Loaded train data from ../dataset/yelp_preview_full/train/2.npz
Data length: 1
Time elapsed 0.00 min
Memory used: 25.87 GB
Loaded train data from ../dataset/yelp_preview_full/train/6.npz
Data length: 1
Time elapsed 3.55 min
Memory used: 25.87 GB
Loaded train data from ../dataset/yelp_preview_full/train/7.npz
Data length: 1
Time elapsed 7.33 min
Memory used: 25.87 GB
Loaded train data from ../dataset/yelp_preview_full/train/9.npz
Data length: 1
Time elapsed 13.36 min
Memory used: 25.87 GB
Loaded train data from ../dataset/yelp_preview_full/train/3.npz
Data length: 1
Time elapsed 6.21 min
Memory used: 25.87 GB
Loaded train data from ../dataset/yelp_preview_full/train/8.npz
Data length: 1
Time elapsed 8.73 min
Memory used: 25.87 GB
Loaded train data from ../dataset/yelp_preview_full/train/0.npz
Data length: 1
Time elapsed 9.25 min
Memory used: 25.87 GB
------------------------- time cost ------------------------- 5401.537567138672

-------------Round number: 14-------------

Evaluate global model
Loaded test data from ../dataset/yelp_preview_full/test/0.npz
Data length: 1
metric.compute(): {'accuracy': 0.5198492924094835}
ct, ns, auc: 0.5198492924094835, 0, 0
Loaded test data from ../dataset/yelp_preview_full/test/1.npz
Data length: 1
metric.compute(): {'accuracy': 0.5410691003911343}
ct, ns, auc: 0.5410691003911343, 0, 0
Loaded test data from ../dataset/yelp_preview_full/test/2.npz
Data length: 1
metric.compute(): {'accuracy': 0.2}
ct, ns, auc: 0.2, 0, 0
Loaded test data from ../dataset/yelp_preview_full/test/3.npz
Data length: 1
metric.compute(): {'accuracy': 0.42513774104683194}
ct, ns, auc: 0.42513774104683194, 0, 0
Loaded test data from ../dataset/yelp_preview_full/test/4.npz
Data length: 1
metric.compute(): {'accuracy': 0.35551390190565446}
ct, ns, auc: 0.35551390190565446, 0, 0
Loaded test data from ../dataset/yelp_preview_full/test/5.npz
Data length: 1
metric.compute(): {'accuracy': 0.37998976458546574}
ct, ns, auc: 0.37998976458546574, 0, 0
Loaded test data from ../dataset/yelp_preview_full/test/6.npz
Data length: 1
metric.compute(): {'accuracy': 0.4652953205822206}
ct, ns, auc: 0.4652953205822206, 0, 0
Loaded test data from ../dataset/yelp_preview_full/test/7.npz
Data length: 1
metric.compute(): {'accuracy': 0.49666666666666665}
ct, ns, auc: 0.49666666666666665, 0, 0
Loaded test data from ../dataset/yelp_preview_full/test/8.npz
Data length: 1
metric.compute(): {'accuracy': 0.4786127734719906}
ct, ns, auc: 0.4786127734719906, 0, 0
Loaded test data from ../dataset/yelp_preview_full/test/9.npz
Data length: 1
metric.compute(): {'accuracy': 0.5524730907227063}
ct, ns, auc: 0.5524730907227063, 0, 0
ids: [0, 1, 2, 3, 4, 5, 6, 7, 8, 9]
stats[1]: [0, 0, 0, 0, 0, 0, 0, 0, 0, 0]
stats[2]: [0.5198492924094835, 0.5410691003911343, 0.2, 0.42513774104683194, 0.35551390190565446, 0.37998976458546574, 0.4652953205822206, 0.49666666666666665, 0.4786127734719906, 0.5524730907227063]
stats[3]: [0, 0, 0, 0, 0, 0, 0, 0, 0, 0]
Averaged Test Accuracy: 0.4415
Averaged Test AUC: 0.0000
Std Test Accuracy: 0.1070
Std Test AUC: 0.0000
Loaded train data from ../dataset/yelp_preview_full/train/9.npz
Data length: 1
Time elapsed 13.37 min
Memory used: 25.87 GB
Loaded train data from ../dataset/yelp_preview_full/train/5.npz
Data length: 1
Time elapsed 1.67 min
Memory used: 25.87 GB
Loaded train data from ../dataset/yelp_preview_full/train/1.npz
Data length: 1
Time elapsed 22.00 min
Memory used: 25.87 GB
Loaded train data from ../dataset/yelp_preview_full/train/3.npz
Data length: 1
Time elapsed 6.21 min
Memory used: 25.87 GB
Loaded train data from ../dataset/yelp_preview_full/train/7.npz
Data length: 1
Time elapsed 7.32 min
Memory used: 25.87 GB
Loaded train data from ../dataset/yelp_preview_full/train/6.npz
Data length: 1
Time elapsed 3.56 min
Memory used: 25.87 GB
Loaded train data from ../dataset/yelp_preview_full/train/2.npz
Data length: 1
Time elapsed 0.00 min
Memory used: 25.87 GB
Loaded train data from ../dataset/yelp_preview_full/train/8.npz
Data length: 1
Time elapsed 8.72 min
Memory used: 25.87 GB
Loaded train data from ../dataset/yelp_preview_full/train/0.npz
Data length: 1
Time elapsed 9.27 min
Memory used: 25.87 GB
Loaded train data from ../dataset/yelp_preview_full/train/4.npz
Data length: 1
Time elapsed 2.74 min
Memory used: 25.87 GB
------------------------- time cost ------------------------- 5402.460216999054

-------------Round number: 15-------------

Evaluate global model
Loaded test data from ../dataset/yelp_preview_full/test/0.npz
Data length: 1
metric.compute(): {'accuracy': 0.5220088219077376}
ct, ns, auc: 0.5220088219077376, 0, 0
Loaded test data from ../dataset/yelp_preview_full/test/1.npz
Data length: 1
metric.compute(): {'accuracy': 0.5385977543832338}
ct, ns, auc: 0.5385977543832338, 0, 0
Loaded test data from ../dataset/yelp_preview_full/test/2.npz
Data length: 1
metric.compute(): {'accuracy': 0.2}
ct, ns, auc: 0.2, 0, 0
Loaded test data from ../dataset/yelp_preview_full/test/3.npz
Data length: 1
metric.compute(): {'accuracy': 0.4299586776859504}
ct, ns, auc: 0.4299586776859504, 0, 0
Loaded test data from ../dataset/yelp_preview_full/test/4.npz
Data length: 1
metric.compute(): {'accuracy': 0.3570759137769447}
ct, ns, auc: 0.3570759137769447, 0, 0
Loaded test data from ../dataset/yelp_preview_full/test/5.npz
Data length: 1
metric.compute(): {'accuracy': 0.3797338792221085}
ct, ns, auc: 0.3797338792221085, 0, 0
Loaded test data from ../dataset/yelp_preview_full/test/6.npz
Data length: 1
metric.compute(): {'accuracy': 0.4555515457716829}
ct, ns, auc: 0.4555515457716829, 0, 0
Loaded test data from ../dataset/yelp_preview_full/test/7.npz
Data length: 1
metric.compute(): {'accuracy': 0.48350877192982455}
ct, ns, auc: 0.48350877192982455, 0, 0
Loaded test data from ../dataset/yelp_preview_full/test/8.npz
Data length: 1
metric.compute(): {'accuracy': 0.49480035318355736}
ct, ns, auc: 0.49480035318355736, 0, 0
Loaded test data from ../dataset/yelp_preview_full/test/9.npz
Data length: 1
metric.compute(): {'accuracy': 0.5519284982060482}
ct, ns, auc: 0.5519284982060482, 0, 0
ids: [0, 1, 2, 3, 4, 5, 6, 7, 8, 9]
stats[1]: [0, 0, 0, 0, 0, 0, 0, 0, 0, 0]
stats[2]: [0.5220088219077376, 0.5385977543832338, 0.2, 0.4299586776859504, 0.3570759137769447, 0.3797338792221085, 0.4555515457716829, 0.48350877192982455, 0.49480035318355736, 0.5519284982060482]
stats[3]: [0, 0, 0, 0, 0, 0, 0, 0, 0, 0]
Averaged Test Accuracy: 0.4413
Averaged Test AUC: 0.0000
Std Test Accuracy: 0.1066
Std Test AUC: 0.0000
Loaded train data from ../dataset/yelp_preview_full/train/6.npz
Data length: 1
Time elapsed 3.56 min
Memory used: 25.87 GB
Loaded train data from ../dataset/yelp_preview_full/train/0.npz
Data length: 1
Time elapsed 9.26 min
Memory used: 25.87 GB
Loaded train data from ../dataset/yelp_preview_full/train/5.npz
Data length: 1
Time elapsed 1.67 min
Memory used: 25.87 GB
Loaded train data from ../dataset/yelp_preview_full/train/2.npz
Data length: 1
Time elapsed 0.00 min
Memory used: 25.87 GB
Loaded train data from ../dataset/yelp_preview_full/train/3.npz
Data length: 1
Time elapsed 6.21 min
Memory used: 25.87 GB
Loaded train data from ../dataset/yelp_preview_full/train/8.npz
Data length: 1
Time elapsed 8.72 min
Memory used: 25.87 GB
Loaded train data from ../dataset/yelp_preview_full/train/4.npz
Data length: 1
