GPU details saved to $output_file
__TORCH Version: 2.3.1+cu121
__CUDNN Version: 8902
__CUDA version:  12.1
__Number CUDA Devices: 1
__CUDA Device Name: NVIDIA A100-SXM4-40GB
__CUDA Device Total Memory [GB]: 42.297786368
__CUDA Device Total Memory [GB]: 42.297786368
args.dataset: yelp_preview_full
args.num_labels: 5
==================================================
Personalized Federated Learning: True
Uniform Weight: False
Normalized Rank: False
Normalized Alpha: False
lora_rank: 1
lora_alpha: 1
lora_dropout: 0.05
lora_query: True
lora_key: True
lora_value: True
lora_projection: True
lora_mlp: True
lora_head: True
aa_bottleneck_reduction: 1
aa_text: False
aa_vision: False
ca_bottleneck_reduction: 4
ca_text: False
ca_vision: False
Seed: 42
Algorithm: flora
Local batch size: 64
Local epochs: 1
Local learing rate: 0.0001
Local learing rate decay: False
Total number of clients: 10
Clients join in each round: 1.0
Clients randomly join: False
Client drop rate: 0.0
Client select regarding time: False
Running times: 1
Dataset: yelp_preview_full
Number of classes: 10
Backbone: distilbert
Using device: cuda
Using DP: False
Auto break: False
Global rounds: 50
Cuda device id: 2
DLG attack: False
Total number of new clients: 0
Fine tuning epoches on new clients: 0
==================================================

============= Running time: 0th =============
Creating server and clients ...
Loaded train data from ../dataset/yelp_preview_full/train/0.npz
Data length: 1
Loaded test data from ../dataset/yelp_preview_full/test/0.npz
Data length: 1
self.lora_params: {'rank': 1, 'alpha': 1, 'dropout': 0.05, 'lora_query': True, 'lora_key': True, 'lora_value': True, 'lora_projection': True, 'lora_mlp': True, 'lora_head': True}
Loaded train data from ../dataset/yelp_preview_full/train/1.npz
Data length: 1
Loaded test data from ../dataset/yelp_preview_full/test/1.npz
Data length: 1
self.lora_params: {'rank': 1, 'alpha': 1, 'dropout': 0.05, 'lora_query': True, 'lora_key': True, 'lora_value': True, 'lora_projection': True, 'lora_mlp': True, 'lora_head': True}
Loaded train data from ../dataset/yelp_preview_full/train/2.npz
Data length: 1
Loaded test data from ../dataset/yelp_preview_full/test/2.npz
Data length: 1
self.lora_params: {'rank': 1, 'alpha': 1, 'dropout': 0.05, 'lora_query': True, 'lora_key': True, 'lora_value': True, 'lora_projection': True, 'lora_mlp': True, 'lora_head': True}
Loaded train data from ../dataset/yelp_preview_full/train/3.npz
Data length: 1
Loaded test data from ../dataset/yelp_preview_full/test/3.npz
Data length: 1
self.lora_params: {'rank': 1, 'alpha': 1, 'dropout': 0.05, 'lora_query': True, 'lora_key': True, 'lora_value': True, 'lora_projection': True, 'lora_mlp': True, 'lora_head': True}
Loaded train data from ../dataset/yelp_preview_full/train/4.npz
Data length: 1
Loaded test data from ../dataset/yelp_preview_full/test/4.npz
Data length: 1
self.lora_params: {'rank': 1, 'alpha': 1, 'dropout': 0.05, 'lora_query': True, 'lora_key': True, 'lora_value': True, 'lora_projection': True, 'lora_mlp': True, 'lora_head': True}
Loaded train data from ../dataset/yelp_preview_full/train/5.npz
Data length: 1
Loaded test data from ../dataset/yelp_preview_full/test/5.npz
Data length: 1
self.lora_params: {'rank': 1, 'alpha': 1, 'dropout': 0.05, 'lora_query': True, 'lora_key': True, 'lora_value': True, 'lora_projection': True, 'lora_mlp': True, 'lora_head': True}
Loaded train data from ../dataset/yelp_preview_full/train/6.npz
Data length: 1
Loaded test data from ../dataset/yelp_preview_full/test/6.npz
Data length: 1
self.lora_params: {'rank': 1, 'alpha': 1, 'dropout': 0.05, 'lora_query': True, 'lora_key': True, 'lora_value': True, 'lora_projection': True, 'lora_mlp': True, 'lora_head': True}
Loaded train data from ../dataset/yelp_preview_full/train/7.npz
Data length: 1
Loaded test data from ../dataset/yelp_preview_full/test/7.npz
Data length: 1
self.lora_params: {'rank': 1, 'alpha': 1, 'dropout': 0.05, 'lora_query': True, 'lora_key': True, 'lora_value': True, 'lora_projection': True, 'lora_mlp': True, 'lora_head': True}
Loaded train data from ../dataset/yelp_preview_full/train/8.npz
Data length: 1
Loaded test data from ../dataset/yelp_preview_full/test/8.npz
Data length: 1
self.lora_params: {'rank': 1, 'alpha': 1, 'dropout': 0.05, 'lora_query': True, 'lora_key': True, 'lora_value': True, 'lora_projection': True, 'lora_mlp': True, 'lora_head': True}
Loaded train data from ../dataset/yelp_preview_full/train/9.npz
Data length: 1
Loaded test data from ../dataset/yelp_preview_full/test/9.npz
Data length: 1
self.lora_params: {'rank': 1, 'alpha': 1, 'dropout': 0.05, 'lora_query': True, 'lora_key': True, 'lora_value': True, 'lora_projection': True, 'lora_mlp': True, 'lora_head': True}

Join ratio / total clients: 1.0 / 10
Finished creating server and clients.

-------------Round number: 0-------------

Evaluate global model
Loaded test data from ../dataset/yelp_preview_full/test/0.npz
Data length: 1
metric.compute(): {'accuracy': 0.22845065245359308}
ct, ns, auc: 0.22845065245359308, 0, 0
Loaded test data from ../dataset/yelp_preview_full/test/1.npz
Data length: 1
metric.compute(): {'accuracy': 0.22164276401564537}
ct, ns, auc: 0.22164276401564537, 0, 0
Loaded test data from ../dataset/yelp_preview_full/test/2.npz
Data length: 1
metric.compute(): {'accuracy': 0.2}
ct, ns, auc: 0.2, 0, 0
Loaded test data from ../dataset/yelp_preview_full/test/3.npz
Data length: 1
metric.compute(): {'accuracy': 0.21177685950413222}
ct, ns, auc: 0.21177685950413222, 0, 0
Loaded test data from ../dataset/yelp_preview_full/test/4.npz
Data length: 1
metric.compute(): {'accuracy': 0.15823180256169947}
ct, ns, auc: 0.15823180256169947, 0, 0
Loaded test data from ../dataset/yelp_preview_full/test/5.npz
Data length: 1
metric.compute(): {'accuracy': 0.2336233367451382}
ct, ns, auc: 0.2336233367451382, 0, 0
Loaded test data from ../dataset/yelp_preview_full/test/6.npz
Data length: 1
metric.compute(): {'accuracy': 0.19271021291952364}
ct, ns, auc: 0.19271021291952364, 0, 0
Loaded test data from ../dataset/yelp_preview_full/test/7.npz
Data length: 1
metric.compute(): {'accuracy': 0.21871345029239767}
ct, ns, auc: 0.21871345029239767, 0, 0
Loaded test data from ../dataset/yelp_preview_full/test/8.npz
Data length: 1
metric.compute(): {'accuracy': 0.24281369567350142}
ct, ns, auc: 0.24281369567350142, 0, 0
Loaded test data from ../dataset/yelp_preview_full/test/9.npz
Data length: 1
metric.compute(): {'accuracy': 0.18910174269605332}
ct, ns, auc: 0.18910174269605332, 0, 0
ids: [0, 1, 2, 3, 4, 5, 6, 7, 8, 9]
stats[1]: [0, 0, 0, 0, 0, 0, 0, 0, 0, 0]
stats[2]: [0.22845065245359308, 0.22164276401564537, 0.2, 0.21177685950413222, 0.15823180256169947, 0.2336233367451382, 0.19271021291952364, 0.21871345029239767, 0.24281369567350142, 0.18910174269605332]
stats[3]: [0, 0, 0, 0, 0, 0, 0, 0, 0, 0]
Averaged Test Accuracy: 0.2097
Averaged Test AUC: 0.0000
Std Test Accuracy: 0.0252
Std Test AUC: 0.0000
Loaded train data from ../dataset/yelp_preview_full/train/8.npz
Data length: 1
Time elapsed 9.02 min
Memory used: 28.06 GB
Loaded train data from ../dataset/yelp_preview_full/train/1.npz
Data length: 1
Time elapsed 22.72 min
Memory used: 28.07 GB
Loaded train data from ../dataset/yelp_preview_full/train/5.npz
Data length: 1
Time elapsed 1.72 min
Memory used: 28.07 GB
Loaded train data from ../dataset/yelp_preview_full/train/0.npz
Data length: 1
Time elapsed 9.59 min
Memory used: 28.07 GB
Loaded train data from ../dataset/yelp_preview_full/train/7.npz
Data length: 1
Time elapsed 7.56 min
Memory used: 28.07 GB
Loaded train data from ../dataset/yelp_preview_full/train/2.npz
Data length: 1
Time elapsed 0.00 min
Memory used: 28.07 GB
Loaded train data from ../dataset/yelp_preview_full/train/9.npz
Data length: 1
Time elapsed 13.82 min
Memory used: 28.07 GB
Loaded train data from ../dataset/yelp_preview_full/train/4.npz
Data length: 1
Time elapsed 2.83 min
Memory used: 28.07 GB
Loaded train data from ../dataset/yelp_preview_full/train/3.npz
Data length: 1
Time elapsed 6.42 min
Memory used: 28.07 GB
Loaded train data from ../dataset/yelp_preview_full/train/6.npz
Data length: 1
Time elapsed 3.68 min
Memory used: 28.07 GB
------------------------- time cost ------------------------- 5549.507331132889

-------------Round number: 1-------------

Evaluate global model
Loaded test data from ../dataset/yelp_preview_full/test/0.npz
Data length: 1
metric.compute(): {'accuracy': 0.4043374379709612}
ct, ns, auc: 0.4043374379709612, 0, 0
Loaded test data from ../dataset/yelp_preview_full/test/1.npz
Data length: 1
metric.compute(): {'accuracy': 0.5205588744672984}
ct, ns, auc: 0.5205588744672984, 0, 0
Loaded test data from ../dataset/yelp_preview_full/test/2.npz
Data length: 1
metric.compute(): {'accuracy': 0.0}
ct, ns, auc: 0.0, 0, 0
Loaded test data from ../dataset/yelp_preview_full/test/3.npz
Data length: 1
metric.compute(): {'accuracy': 0.4338154269972452}
ct, ns, auc: 0.4338154269972452, 0, 0
Loaded test data from ../dataset/yelp_preview_full/test/4.npz
Data length: 1
metric.compute(): {'accuracy': 0.27210246797875665}
ct, ns, auc: 0.27210246797875665, 0, 0
Loaded test data from ../dataset/yelp_preview_full/test/5.npz
Data length: 1
metric.compute(): {'accuracy': 0.3047594677584442}
ct, ns, auc: 0.3047594677584442, 0, 0
Loaded test data from ../dataset/yelp_preview_full/test/6.npz
Data length: 1
metric.compute(): {'accuracy': 0.36545170215325395}
ct, ns, auc: 0.36545170215325395, 0, 0
Loaded test data from ../dataset/yelp_preview_full/test/7.npz
Data length: 1
metric.compute(): {'accuracy': 0.3726900584795322}
ct, ns, auc: 0.3726900584795322, 0, 0
Loaded test data from ../dataset/yelp_preview_full/test/8.npz
Data length: 1
metric.compute(): {'accuracy': 0.24193073678014324}
ct, ns, auc: 0.24193073678014324, 0, 0
Loaded test data from ../dataset/yelp_preview_full/test/9.npz
Data length: 1
metric.compute(): {'accuracy': 0.06919528446950282}
ct, ns, auc: 0.06919528446950282, 0, 0
ids: [0, 1, 2, 3, 4, 5, 6, 7, 8, 9]
stats[1]: [0, 0, 0, 0, 0, 0, 0, 0, 0, 0]
stats[2]: [0.4043374379709612, 0.5205588744672984, 0.0, 0.4338154269972452, 0.27210246797875665, 0.3047594677584442, 0.36545170215325395, 0.3726900584795322, 0.24193073678014324, 0.06919528446950282]
stats[3]: [0, 0, 0, 0, 0, 0, 0, 0, 0, 0]
Averaged Test Accuracy: 0.2985
Averaged Test AUC: 0.0000
Std Test Accuracy: 0.1614
Std Test AUC: 0.0000
Loaded train data from ../dataset/yelp_preview_full/train/0.npz
Data length: 1
Time elapsed 9.57 min
Memory used: 28.07 GB
Loaded train data from ../dataset/yelp_preview_full/train/5.npz
Data length: 1
Time elapsed 1.72 min
Memory used: 28.07 GB
Loaded train data from ../dataset/yelp_preview_full/train/1.npz
Data length: 1
Time elapsed 22.73 min
Memory used: 28.07 GB
Loaded train data from ../dataset/yelp_preview_full/train/7.npz
Data length: 1
Time elapsed 7.56 min
Memory used: 28.07 GB
Loaded train data from ../dataset/yelp_preview_full/train/3.npz
Data length: 1
Time elapsed 6.42 min
Memory used: 28.07 GB
Loaded train data from ../dataset/yelp_preview_full/train/6.npz
Data length: 1
Time elapsed 3.67 min
Memory used: 28.07 GB
Loaded train data from ../dataset/yelp_preview_full/train/8.npz
Data length: 1
Time elapsed 9.01 min
Memory used: 28.07 GB
Loaded train data from ../dataset/yelp_preview_full/train/9.npz
Data length: 1
Time elapsed 13.81 min
Memory used: 28.07 GB
Loaded train data from ../dataset/yelp_preview_full/train/4.npz
Data length: 1
Time elapsed 2.84 min
Memory used: 28.09 GB
Loaded train data from ../dataset/yelp_preview_full/train/2.npz
Data length: 1
Time elapsed 0.00 min
Memory used: 28.09 GB
------------------------- time cost ------------------------- 5552.979468584061

-------------Round number: 2-------------

Evaluate global model
Loaded test data from ../dataset/yelp_preview_full/test/0.npz
Data length: 1
metric.compute(): {'accuracy': 0.5160356552104393}
ct, ns, auc: 0.5160356552104393, 0, 0
Loaded test data from ../dataset/yelp_preview_full/test/1.npz
Data length: 1
metric.compute(): {'accuracy': 0.5528031290743155}
ct, ns, auc: 0.5528031290743155, 0, 0
Loaded test data from ../dataset/yelp_preview_full/test/2.npz
Data length: 1
metric.compute(): {'accuracy': 0.0}
ct, ns, auc: 0.0, 0, 0
Loaded test data from ../dataset/yelp_preview_full/test/3.npz
Data length: 1
metric.compute(): {'accuracy': 0.450068870523416}
ct, ns, auc: 0.450068870523416, 0, 0
Loaded test data from ../dataset/yelp_preview_full/test/4.npz
Data length: 1
metric.compute(): {'accuracy': 0.4556388628553577}
ct, ns, auc: 0.4556388628553577, 0, 0
Loaded test data from ../dataset/yelp_preview_full/test/5.npz
Data length: 1
metric.compute(): {'accuracy': 0.28403275332650973}
ct, ns, auc: 0.28403275332650973, 0, 0
Loaded test data from ../dataset/yelp_preview_full/test/6.npz
Data length: 1
metric.compute(): {'accuracy': 0.4265608083724287}
ct, ns, auc: 0.4265608083724287, 0, 0
Loaded test data from ../dataset/yelp_preview_full/test/7.npz
Data length: 1
metric.compute(): {'accuracy': 0.5388888888888889}
ct, ns, auc: 0.5388888888888889, 0, 0
Loaded test data from ../dataset/yelp_preview_full/test/8.npz
Data length: 1
metric.compute(): {'accuracy': 0.5456195428235063}
ct, ns, auc: 0.5456195428235063, 0, 0
Loaded test data from ../dataset/yelp_preview_full/test/9.npz
Data length: 1
metric.compute(): {'accuracy': 0.3326499231163506}
ct, ns, auc: 0.3326499231163506, 0, 0
ids: [0, 1, 2, 3, 4, 5, 6, 7, 8, 9]
stats[1]: [0, 0, 0, 0, 0, 0, 0, 0, 0, 0]
stats[2]: [0.5160356552104393, 0.5528031290743155, 0.0, 0.450068870523416, 0.4556388628553577, 0.28403275332650973, 0.4265608083724287, 0.5388888888888889, 0.5456195428235063, 0.3326499231163506]
stats[3]: [0, 0, 0, 0, 0, 0, 0, 0, 0, 0]
Averaged Test Accuracy: 0.4102
Averaged Test AUC: 0.0000
Std Test Accuracy: 0.1701
Std Test AUC: 0.0000
Loaded train data from ../dataset/yelp_preview_full/train/5.npz
Data length: 1
Time elapsed 1.73 min
Memory used: 28.09 GB
Loaded train data from ../dataset/yelp_preview_full/train/0.npz
Data length: 1
Time elapsed 9.59 min
Memory used: 28.09 GB
Loaded train data from ../dataset/yelp_preview_full/train/4.npz
Data length: 1
Time elapsed 2.83 min
Memory used: 28.09 GB
Loaded train data from ../dataset/yelp_preview_full/train/7.npz
Data length: 1
Time elapsed 7.57 min
Memory used: 28.09 GB
Loaded train data from ../dataset/yelp_preview_full/train/3.npz
Data length: 1
Time elapsed 6.42 min
Memory used: 28.09 GB
Loaded train data from ../dataset/yelp_preview_full/train/1.npz
Data length: 1
Time elapsed 22.70 min
Memory used: 28.09 GB
Loaded train data from ../dataset/yelp_preview_full/train/6.npz
Data length: 1
Time elapsed 3.67 min
Memory used: 28.09 GB
Loaded train data from ../dataset/yelp_preview_full/train/8.npz
Data length: 1
Time elapsed 9.02 min
Memory used: 28.09 GB
Loaded train data from ../dataset/yelp_preview_full/train/2.npz
Data length: 1
Time elapsed 0.00 min
Memory used: 28.09 GB
Loaded train data from ../dataset/yelp_preview_full/train/9.npz
Data length: 1
Time elapsed 13.80 min
Memory used: 28.09 GB
------------------------- time cost ------------------------- 5553.2237157821655

-------------Round number: 3-------------

Evaluate global model
Loaded test data from ../dataset/yelp_preview_full/test/0.npz
Data length: 1
metric.compute(): {'accuracy': 0.454603933100533}
ct, ns, auc: 0.454603933100533, 0, 0
Loaded test data from ../dataset/yelp_preview_full/test/1.npz
Data length: 1
metric.compute(): {'accuracy': 0.5224853567884178}
ct, ns, auc: 0.5224853567884178, 0, 0
Loaded test data from ../dataset/yelp_preview_full/test/2.npz
Data length: 1
metric.compute(): {'accuracy': 0.2}
ct, ns, auc: 0.2, 0, 0
Loaded test data from ../dataset/yelp_preview_full/test/3.npz
Data length: 1
metric.compute(): {'accuracy': 0.38767217630853995}
ct, ns, auc: 0.38767217630853995, 0, 0
Loaded test data from ../dataset/yelp_preview_full/test/4.npz
Data length: 1
metric.compute(): {'accuracy': 0.38019368947203996}
ct, ns, auc: 0.38019368947203996, 0, 0
Loaded test data from ../dataset/yelp_preview_full/test/5.npz
Data length: 1
metric.compute(): {'accuracy': 0.35209825997952915}
ct, ns, auc: 0.35209825997952915, 0, 0
Loaded test data from ../dataset/yelp_preview_full/test/6.npz
Data length: 1
metric.compute(): {'accuracy': 0.3875857091302779}
ct, ns, auc: 0.3875857091302779, 0, 0
Loaded test data from ../dataset/yelp_preview_full/test/7.npz
Data length: 1
metric.compute(): {'accuracy': 0.5152046783625731}
ct, ns, auc: 0.5152046783625731, 0, 0
Loaded test data from ../dataset/yelp_preview_full/test/8.npz
Data length: 1
metric.compute(): {'accuracy': 0.44775826547630726}
ct, ns, auc: 0.44775826547630726, 0, 0
Loaded test data from ../dataset/yelp_preview_full/test/9.npz
Data length: 1
metric.compute(): {'accuracy': 0.4329510507432086}
ct, ns, auc: 0.4329510507432086, 0, 0
ids: [0, 1, 2, 3, 4, 5, 6, 7, 8, 9]
stats[1]: [0, 0, 0, 0, 0, 0, 0, 0, 0, 0]
stats[2]: [0.454603933100533, 0.5224853567884178, 0.2, 0.38767217630853995, 0.38019368947203996, 0.35209825997952915, 0.3875857091302779, 0.5152046783625731, 0.44775826547630726, 0.4329510507432086]
stats[3]: [0, 0, 0, 0, 0, 0, 0, 0, 0, 0]
Averaged Test Accuracy: 0.4081
Averaged Test AUC: 0.0000
Std Test Accuracy: 0.0925
Std Test AUC: 0.0000
Loaded train data from ../dataset/yelp_preview_full/train/6.npz
Data length: 1
Time elapsed 3.67 min
Memory used: 28.09 GB
Loaded train data from ../dataset/yelp_preview_full/train/7.npz
Data length: 1
Time elapsed 7.56 min
Memory used: 28.09 GB
Loaded train data from ../dataset/yelp_preview_full/train/4.npz
Data length: 1
Time elapsed 2.83 min
Memory used: 28.10 GB
Loaded train data from ../dataset/yelp_preview_full/train/8.npz
Data length: 1
Time elapsed 9.01 min
Memory used: 28.10 GB
Loaded train data from ../dataset/yelp_preview_full/train/0.npz
Data length: 1
Time elapsed 9.58 min
Memory used: 28.10 GB
Loaded train data from ../dataset/yelp_preview_full/train/3.npz
Data length: 1
Time elapsed 6.42 min
Memory used: 28.10 GB
Loaded train data from ../dataset/yelp_preview_full/train/5.npz
Data length: 1
Time elapsed 1.73 min
Memory used: 28.10 GB
Loaded train data from ../dataset/yelp_preview_full/train/1.npz
Data length: 1
Time elapsed 22.72 min
Memory used: 28.10 GB
Loaded train data from ../dataset/yelp_preview_full/train/9.npz
Data length: 1
Time elapsed 13.82 min
Memory used: 28.10 GB
Loaded train data from ../dataset/yelp_preview_full/train/2.npz
Data length: 1
Time elapsed 0.00 min
Memory used: 28.10 GB
------------------------- time cost ------------------------- 5555.9523384571075

-------------Round number: 4-------------

Evaluate global model
Loaded test data from ../dataset/yelp_preview_full/test/0.npz
Data length: 1
metric.compute(): {'accuracy': 0.4790479691233229}
ct, ns, auc: 0.4790479691233229, 0, 0
Loaded test data from ../dataset/yelp_preview_full/test/1.npz
Data length: 1
metric.compute(): {'accuracy': 0.5195275253458912}
ct, ns, auc: 0.5195275253458912, 0, 0
Loaded test data from ../dataset/yelp_preview_full/test/2.npz
Data length: 1
metric.compute(): {'accuracy': 0.2}
ct, ns, auc: 0.2, 0, 0
Loaded test data from ../dataset/yelp_preview_full/test/3.npz
Data length: 1
metric.compute(): {'accuracy': 0.3828512396694215}
ct, ns, auc: 0.3828512396694215, 0, 0
Loaded test data from ../dataset/yelp_preview_full/test/4.npz
Data length: 1
metric.compute(): {'accuracy': 0.3701968134957826}
ct, ns, auc: 0.3701968134957826, 0, 0
Loaded test data from ../dataset/yelp_preview_full/test/5.npz
Data length: 1
metric.compute(): {'accuracy': 0.38075742067553736}
ct, ns, auc: 0.38075742067553736, 0, 0
Loaded test data from ../dataset/yelp_preview_full/test/6.npz
Data length: 1
metric.compute(): {'accuracy': 0.38349572958017564}
ct, ns, auc: 0.38349572958017564, 0, 0
Loaded test data from ../dataset/yelp_preview_full/test/7.npz
Data length: 1
metric.compute(): {'accuracy': 0.5150877192982456}
ct, ns, auc: 0.5150877192982456, 0, 0
Loaded test data from ../dataset/yelp_preview_full/test/8.npz
Data length: 1
metric.compute(): {'accuracy': 0.43372902972628274}
ct, ns, auc: 0.43372902972628274, 0, 0
Loaded test data from ../dataset/yelp_preview_full/test/9.npz
Data length: 1
metric.compute(): {'accuracy': 0.4720015376729882}
ct, ns, auc: 0.4720015376729882, 0, 0
ids: [0, 1, 2, 3, 4, 5, 6, 7, 8, 9]
stats[1]: [0, 0, 0, 0, 0, 0, 0, 0, 0, 0]
stats[2]: [0.4790479691233229, 0.5195275253458912, 0.2, 0.3828512396694215, 0.3701968134957826, 0.38075742067553736, 0.38349572958017564, 0.5150877192982456, 0.43372902972628274, 0.4720015376729882]
stats[3]: [0, 0, 0, 0, 0, 0, 0, 0, 0, 0]
Averaged Test Accuracy: 0.4137
Averaged Test AUC: 0.0000
Std Test Accuracy: 0.0943
Std Test AUC: 0.0000
Loaded train data from ../dataset/yelp_preview_full/train/1.npz
Data length: 1
Time elapsed 22.70 min
Memory used: 28.10 GB
Loaded train data from ../dataset/yelp_preview_full/train/6.npz
Data length: 1
Time elapsed 3.66 min
Memory used: 28.10 GB
Loaded train data from ../dataset/yelp_preview_full/train/4.npz
Data length: 1
Time elapsed 2.84 min
Memory used: 28.10 GB
Loaded train data from ../dataset/yelp_preview_full/train/8.npz
Data length: 1
Time elapsed 9.01 min
Memory used: 28.10 GB
Loaded train data from ../dataset/yelp_preview_full/train/9.npz
Data length: 1
Time elapsed 13.81 min
Memory used: 28.10 GB
Loaded train data from ../dataset/yelp_preview_full/train/3.npz
Data length: 1
Time elapsed 6.42 min
Memory used: 28.10 GB
Loaded train data from ../dataset/yelp_preview_full/train/0.npz
Data length: 1
Time elapsed 9.59 min
Memory used: 28.10 GB
Loaded train data from ../dataset/yelp_preview_full/train/5.npz
Data length: 1
Time elapsed 1.72 min
Memory used: 28.10 GB
Loaded train data from ../dataset/yelp_preview_full/train/7.npz
Data length: 1
Time elapsed 7.57 min
Memory used: 28.10 GB
Loaded train data from ../dataset/yelp_preview_full/train/2.npz
Data length: 1
Time elapsed 0.00 min
Memory used: 28.10 GB
------------------------- time cost ------------------------- 5551.442383766174

-------------Round number: 5-------------

Evaluate global model
Loaded test data from ../dataset/yelp_preview_full/test/0.npz
Data length: 1
metric.compute(): {'accuracy': 0.5010108435949274}
ct, ns, auc: 0.5010108435949274, 0, 0
Loaded test data from ../dataset/yelp_preview_full/test/1.npz
Data length: 1
metric.compute(): {'accuracy': 0.5217653583451711}
ct, ns, auc: 0.5217653583451711, 0, 0
Loaded test data from ../dataset/yelp_preview_full/test/2.npz
Data length: 1
metric.compute(): {'accuracy': 0.2}
ct, ns, auc: 0.2, 0, 0
Loaded test data from ../dataset/yelp_preview_full/test/3.npz
Data length: 1
metric.compute(): {'accuracy': 0.38147382920110195}
ct, ns, auc: 0.38147382920110195, 0, 0
Loaded test data from ../dataset/yelp_preview_full/test/4.npz
Data length: 1
metric.compute(): {'accuracy': 0.3675413933145892}
ct, ns, auc: 0.3675413933145892, 0, 0
Loaded test data from ../dataset/yelp_preview_full/test/5.npz
Data length: 1
metric.compute(): {'accuracy': 0.38331627430910953}
ct, ns, auc: 0.38331627430910953, 0, 0
Loaded test data from ../dataset/yelp_preview_full/test/6.npz
Data length: 1
metric.compute(): {'accuracy': 0.38397690364489356}
ct, ns, auc: 0.38397690364489356, 0, 0
Loaded test data from ../dataset/yelp_preview_full/test/7.npz
Data length: 1
metric.compute(): {'accuracy': 0.5114619883040936}
ct, ns, auc: 0.5114619883040936, 0, 0
Loaded test data from ../dataset/yelp_preview_full/test/8.npz
Data length: 1
metric.compute(): {'accuracy': 0.42921612871578535}
ct, ns, auc: 0.42921612871578535, 0, 0
Loaded test data from ../dataset/yelp_preview_full/test/9.npz
Data length: 1
metric.compute(): {'accuracy': 0.49711686314710407}
ct, ns, auc: 0.49711686314710407, 0, 0
ids: [0, 1, 2, 3, 4, 5, 6, 7, 8, 9]
stats[1]: [0, 0, 0, 0, 0, 0, 0, 0, 0, 0]
stats[2]: [0.5010108435949274, 0.5217653583451711, 0.2, 0.38147382920110195, 0.3675413933145892, 0.38331627430910953, 0.38397690364489356, 0.5114619883040936, 0.42921612871578535, 0.49711686314710407]
stats[3]: [0, 0, 0, 0, 0, 0, 0, 0, 0, 0]
Averaged Test Accuracy: 0.4177
Averaged Test AUC: 0.0000
Std Test Accuracy: 0.0981
Std Test AUC: 0.0000
Loaded train data from ../dataset/yelp_preview_full/train/3.npz
Data length: 1
Time elapsed 6.42 min
Memory used: 28.10 GB
Loaded train data from ../dataset/yelp_preview_full/train/5.npz
Data length: 1
Time elapsed 1.73 min
Memory used: 28.10 GB
Loaded train data from ../dataset/yelp_preview_full/train/9.npz
Data length: 1
Time elapsed 13.81 min
Memory used: 28.10 GB
Loaded train data from ../dataset/yelp_preview_full/train/4.npz
Data length: 1
Time elapsed 2.83 min
Memory used: 28.10 GB
Loaded train data from ../dataset/yelp_preview_full/train/2.npz
Data length: 1
Time elapsed 0.00 min
Memory used: 28.10 GB
Loaded train data from ../dataset/yelp_preview_full/train/8.npz
Data length: 1
Time elapsed 9.02 min
Memory used: 28.10 GB
Loaded train data from ../dataset/yelp_preview_full/train/1.npz
Data length: 1
Time elapsed 22.74 min
Memory used: 28.10 GB
Loaded train data from ../dataset/yelp_preview_full/train/6.npz
Data length: 1
Time elapsed 3.67 min
Memory used: 28.10 GB
Loaded train data from ../dataset/yelp_preview_full/train/0.npz
Data length: 1
Time elapsed 9.59 min
Memory used: 28.10 GB
Loaded train data from ../dataset/yelp_preview_full/train/7.npz
Data length: 1
Time elapsed 7.57 min
Memory used: 28.10 GB
------------------------- time cost ------------------------- 5555.291090011597

-------------Round number: 6-------------

Evaluate global model
Loaded test data from ../dataset/yelp_preview_full/test/0.npz
Data length: 1
metric.compute(): {'accuracy': 0.5147491269987134}
ct, ns, auc: 0.5147491269987134, 0, 0
Loaded test data from ../dataset/yelp_preview_full/test/1.npz
Data length: 1
metric.compute(): {'accuracy': 0.527972912491}
ct, ns, auc: 0.527972912491, 0, 0
Loaded test data from ../dataset/yelp_preview_full/test/2.npz
Data length: 1
metric.compute(): {'accuracy': 0.2}
ct, ns, auc: 0.2, 0, 0
Loaded test data from ../dataset/yelp_preview_full/test/3.npz
Data length: 1
metric.compute(): {'accuracy': 0.37830578512396695}
ct, ns, auc: 0.37830578512396695, 0, 0
Loaded test data from ../dataset/yelp_preview_full/test/4.npz
Data length: 1
metric.compute(): {'accuracy': 0.3670727897532021}
ct, ns, auc: 0.3670727897532021, 0, 0
Loaded test data from ../dataset/yelp_preview_full/test/5.npz
Data length: 1
metric.compute(): {'accuracy': 0.38382804503582396}
ct, ns, auc: 0.38382804503582396, 0, 0
Loaded test data from ../dataset/yelp_preview_full/test/6.npz
Data length: 1
metric.compute(): {'accuracy': 0.386863948033201}
ct, ns, auc: 0.386863948033201, 0, 0
Loaded test data from ../dataset/yelp_preview_full/test/7.npz
Data length: 1
metric.compute(): {'accuracy': 0.5081286549707602}
ct, ns, auc: 0.5081286549707602, 0, 0
Loaded test data from ../dataset/yelp_preview_full/test/8.npz
Data length: 1
metric.compute(): {'accuracy': 0.43166879230844696}
ct, ns, auc: 0.43166879230844696, 0, 0
Loaded test data from ../dataset/yelp_preview_full/test/9.npz
Data length: 1
metric.compute(): {'accuracy': 0.5344695028190671}
ct, ns, auc: 0.5344695028190671, 0, 0
ids: [0, 1, 2, 3, 4, 5, 6, 7, 8, 9]
stats[1]: [0, 0, 0, 0, 0, 0, 0, 0, 0, 0]
stats[2]: [0.5147491269987134, 0.527972912491, 0.2, 0.37830578512396695, 0.3670727897532021, 0.38382804503582396, 0.386863948033201, 0.5081286549707602, 0.43166879230844696, 0.5344695028190671]
stats[3]: [0, 0, 0, 0, 0, 0, 0, 0, 0, 0]
Averaged Test Accuracy: 0.4233
Averaged Test AUC: 0.0000
Std Test Accuracy: 0.1038
Std Test AUC: 0.0000
Loaded train data from ../dataset/yelp_preview_full/train/6.npz
Data length: 1
Time elapsed 3.67 min
Memory used: 28.10 GB
Loaded train data from ../dataset/yelp_preview_full/train/4.npz
Data length: 1
Time elapsed 2.83 min
Memory used: 28.14 GB
Loaded train data from ../dataset/yelp_preview_full/train/2.npz
Data length: 1
Time elapsed 0.00 min
Memory used: 28.14 GB
Loaded train data from ../dataset/yelp_preview_full/train/0.npz
Data length: 1
Time elapsed 9.59 min
Memory used: 28.14 GB
Loaded train data from ../dataset/yelp_preview_full/train/1.npz
Data length: 1
Time elapsed 22.72 min
Memory used: 28.14 GB
Loaded train data from ../dataset/yelp_preview_full/train/8.npz
Data length: 1
Time elapsed 9.02 min
Memory used: 28.14 GB
Loaded train data from ../dataset/yelp_preview_full/train/7.npz
Data length: 1
Time elapsed 7.56 min
Memory used: 28.14 GB
Loaded train data from ../dataset/yelp_preview_full/train/3.npz
Data length: 1
Time elapsed 6.42 min
Memory used: 28.14 GB
Loaded train data from ../dataset/yelp_preview_full/train/5.npz
Data length: 1
Time elapsed 1.73 min
Memory used: 28.14 GB
Loaded train data from ../dataset/yelp_preview_full/train/9.npz
Data length: 1
Time elapsed 13.82 min
Memory used: 28.14 GB
------------------------- time cost ------------------------- 5555.6646366119385

-------------Round number: 7-------------

Evaluate global model
Loaded test data from ../dataset/yelp_preview_full/test/0.npz
Data length: 1
metric.compute(): {'accuracy': 0.5142437052012497}
ct, ns, auc: 0.5142437052012497, 0, 0
Loaded test data from ../dataset/yelp_preview_full/test/1.npz
Data length: 1
metric.compute(): {'accuracy': 0.5318842553853937}
ct, ns, auc: 0.5318842553853937, 0, 0
Loaded test data from ../dataset/yelp_preview_full/test/2.npz
Data length: 1
metric.compute(): {'accuracy': 0.2}
ct, ns, auc: 0.2, 0, 0
Loaded test data from ../dataset/yelp_preview_full/test/3.npz
Data length: 1
metric.compute(): {'accuracy': 0.38147382920110195}
ct, ns, auc: 0.38147382920110195, 0, 0
Loaded test data from ../dataset/yelp_preview_full/test/4.npz
Data length: 1
metric.compute(): {'accuracy': 0.3633239612621056}
ct, ns, auc: 0.3633239612621056, 0, 0
Loaded test data from ../dataset/yelp_preview_full/test/5.npz
Data length: 1
metric.compute(): {'accuracy': 0.38331627430910953}
ct, ns, auc: 0.38331627430910953, 0, 0
Loaded test data from ../dataset/yelp_preview_full/test/6.npz
Data length: 1
metric.compute(): {'accuracy': 0.39143510164802114}
ct, ns, auc: 0.39143510164802114, 0, 0
Loaded test data from ../dataset/yelp_preview_full/test/7.npz
Data length: 1
metric.compute(): {'accuracy': 0.5031578947368421}
ct, ns, auc: 0.5031578947368421, 0, 0
Loaded test data from ../dataset/yelp_preview_full/test/8.npz
Data length: 1
metric.compute(): {'accuracy': 0.4304915137839694}
ct, ns, auc: 0.4304915137839694, 0, 0
Loaded test data from ../dataset/yelp_preview_full/test/9.npz
Data length: 1
metric.compute(): {'accuracy': 0.5442721681189133}
ct, ns, auc: 0.5442721681189133, 0, 0
ids: [0, 1, 2, 3, 4, 5, 6, 7, 8, 9]
stats[1]: [0, 0, 0, 0, 0, 0, 0, 0, 0, 0]
stats[2]: [0.5142437052012497, 0.5318842553853937, 0.2, 0.38147382920110195, 0.3633239612621056, 0.38331627430910953, 0.39143510164802114, 0.5031578947368421, 0.4304915137839694, 0.5442721681189133]
stats[3]: [0, 0, 0, 0, 0, 0, 0, 0, 0, 0]
Averaged Test Accuracy: 0.4244
Averaged Test AUC: 0.0000
Std Test Accuracy: 0.1048
Std Test AUC: 0.0000
Loaded train data from ../dataset/yelp_preview_full/train/4.npz
Data length: 1
Time elapsed 2.83 min
Memory used: 28.14 GB
Loaded train data from ../dataset/yelp_preview_full/train/3.npz
Data length: 1
Time elapsed 6.42 min
Memory used: 28.14 GB
Loaded train data from ../dataset/yelp_preview_full/train/8.npz
Data length: 1
Time elapsed 9.02 min
Memory used: 28.14 GB
Loaded train data from ../dataset/yelp_preview_full/train/7.npz
Data length: 1
Time elapsed 7.57 min
Memory used: 28.14 GB
Loaded train data from ../dataset/yelp_preview_full/train/0.npz
Data length: 1
Time elapsed 9.58 min
Memory used: 28.14 GB
Loaded train data from ../dataset/yelp_preview_full/train/2.npz
Data length: 1
Time elapsed 0.00 min
Memory used: 28.14 GB
Loaded train data from ../dataset/yelp_preview_full/train/5.npz
Data length: 1
Time elapsed 1.72 min
Memory used: 28.14 GB
Loaded train data from ../dataset/yelp_preview_full/train/1.npz
Data length: 1
Time elapsed 22.72 min
Memory used: 28.14 GB
Loaded train data from ../dataset/yelp_preview_full/train/6.npz
Data length: 1
Time elapsed 3.67 min
Memory used: 28.14 GB
Loaded train data from ../dataset/yelp_preview_full/train/9.npz
Data length: 1
Time elapsed 13.80 min
Memory used: 28.14 GB
------------------------- time cost ------------------------- 5553.698660612106

-------------Round number: 8-------------

Evaluate global model
Loaded test data from ../dataset/yelp_preview_full/test/0.npz
Data length: 1
metric.compute(): {'accuracy': 0.5188843962506892}
ct, ns, auc: 0.5188843962506892, 0, 0
Loaded test data from ../dataset/yelp_preview_full/test/1.npz
Data length: 1
metric.compute(): {'accuracy': 0.5362820837144135}
ct, ns, auc: 0.5362820837144135, 0, 0
Loaded test data from ../dataset/yelp_preview_full/test/2.npz
Data length: 1
metric.compute(): {'accuracy': 0.2}
ct, ns, auc: 0.2, 0, 0
Loaded test data from ../dataset/yelp_preview_full/test/3.npz
Data length: 1
metric.compute(): {'accuracy': 0.387465564738292}
ct, ns, auc: 0.387465564738292, 0, 0
Loaded test data from ../dataset/yelp_preview_full/test/4.npz
Data length: 1
metric.compute(): {'accuracy': 0.359106529209622}
ct, ns, auc: 0.359106529209622, 0, 0
Loaded test data from ../dataset/yelp_preview_full/test/5.npz
Data length: 1
metric.compute(): {'accuracy': 0.38331627430910953}
ct, ns, auc: 0.38331627430910953, 0, 0
Loaded test data from ../dataset/yelp_preview_full/test/6.npz
Data length: 1
metric.compute(): {'accuracy': 0.4102008901720197}
ct, ns, auc: 0.4102008901720197, 0, 0
Loaded test data from ../dataset/yelp_preview_full/test/7.npz
Data length: 1
metric.compute(): {'accuracy': 0.5041520467836257}
ct, ns, auc: 0.5041520467836257, 0, 0
Loaded test data from ../dataset/yelp_preview_full/test/8.npz
Data length: 1
metric.compute(): {'accuracy': 0.43289512410477776}
ct, ns, auc: 0.43289512410477776, 0, 0
Loaded test data from ../dataset/yelp_preview_full/test/9.npz
Data length: 1
metric.compute(): {'accuracy': 0.5484046642747309}
ct, ns, auc: 0.5484046642747309, 0, 0
ids: [0, 1, 2, 3, 4, 5, 6, 7, 8, 9]
stats[1]: [0, 0, 0, 0, 0, 0, 0, 0, 0, 0]
stats[2]: [0.5188843962506892, 0.5362820837144135, 0.2, 0.387465564738292, 0.359106529209622, 0.38331627430910953, 0.4102008901720197, 0.5041520467836257, 0.43289512410477776, 0.5484046642747309]
stats[3]: [0, 0, 0, 0, 0, 0, 0, 0, 0, 0]
Averaged Test Accuracy: 0.4281
Averaged Test AUC: 0.0000
Std Test Accuracy: 0.1059
Std Test AUC: 0.0000
Loaded train data from ../dataset/yelp_preview_full/train/5.npz
Data length: 1
Time elapsed 1.73 min
Memory used: 28.14 GB
Loaded train data from ../dataset/yelp_preview_full/train/8.npz
Data length: 1
Time elapsed 9.02 min
Memory used: 28.14 GB
Loaded train data from ../dataset/yelp_preview_full/train/4.npz
Data length: 1
Time elapsed 2.83 min
Memory used: 28.14 GB
Loaded train data from ../dataset/yelp_preview_full/train/6.npz
Data length: 1
Time elapsed 3.67 min
Memory used: 28.14 GB
Loaded train data from ../dataset/yelp_preview_full/train/1.npz
Data length: 1
Time elapsed 22.72 min
Memory used: 28.14 GB
Loaded train data from ../dataset/yelp_preview_full/train/9.npz
Data length: 1
Time elapsed 13.81 min
Memory used: 28.14 GB
Loaded train data from ../dataset/yelp_preview_full/train/7.npz
Data length: 1
Time elapsed 7.57 min
Memory used: 28.14 GB
Loaded train data from ../dataset/yelp_preview_full/train/0.npz
Data length: 1
Time elapsed 9.58 min
Memory used: 28.14 GB
Loaded train data from ../dataset/yelp_preview_full/train/3.npz
Data length: 1
Time elapsed 6.42 min
Memory used: 28.14 GB
Loaded train data from ../dataset/yelp_preview_full/train/2.npz
Data length: 1
Time elapsed 0.00 min
Memory used: 28.14 GB
------------------------- time cost ------------------------- 5559.155565500259

-------------Round number: 9-------------

Evaluate global model
Loaded test data from ../dataset/yelp_preview_full/test/0.npz
Data length: 1
metric.compute(): {'accuracy': 0.5158059180297739}
ct, ns, auc: 0.5158059180297739, 0, 0
Loaded test data from ../dataset/yelp_preview_full/test/1.npz
Data length: 1
metric.compute(): {'accuracy': 0.5384226196267684}
ct, ns, auc: 0.5384226196267684, 0, 0
Loaded test data from ../dataset/yelp_preview_full/test/2.npz
Data length: 1
metric.compute(): {'accuracy': 0.2}
ct, ns, auc: 0.2, 0, 0
Loaded test data from ../dataset/yelp_preview_full/test/3.npz
Data length: 1
metric.compute(): {'accuracy': 0.3858815426997245}
ct, ns, auc: 0.3858815426997245, 0, 0
Loaded test data from ../dataset/yelp_preview_full/test/4.npz
Data length: 1
metric.compute(): {'accuracy': 0.358950328022493}
ct, ns, auc: 0.358950328022493, 0, 0
Loaded test data from ../dataset/yelp_preview_full/test/5.npz
Data length: 1
metric.compute(): {'accuracy': 0.38331627430910953}
ct, ns, auc: 0.38331627430910953, 0, 0
Loaded test data from ../dataset/yelp_preview_full/test/6.npz
Data length: 1
metric.compute(): {'accuracy': 0.42776374353422353}
ct, ns, auc: 0.42776374353422353, 0, 0
Loaded test data from ../dataset/yelp_preview_full/test/7.npz
Data length: 1
metric.compute(): {'accuracy': 0.506140350877193}
ct, ns, auc: 0.506140350877193, 0, 0
Loaded test data from ../dataset/yelp_preview_full/test/8.npz
Data length: 1
metric.compute(): {'accuracy': 0.43122731286176785}
ct, ns, auc: 0.43122731286176785, 0, 0
Loaded test data from ../dataset/yelp_preview_full/test/9.npz
Data length: 1
metric.compute(): {'accuracy': 0.5439838544336237}
ct, ns, auc: 0.5439838544336237, 0, 0
ids: [0, 1, 2, 3, 4, 5, 6, 7, 8, 9]
stats[1]: [0, 0, 0, 0, 0, 0, 0, 0, 0, 0]
stats[2]: [0.5158059180297739, 0.5384226196267684, 0.2, 0.3858815426997245, 0.358950328022493, 0.38331627430910953, 0.42776374353422353, 0.506140350877193, 0.43122731286176785, 0.5439838544336237]
stats[3]: [0, 0, 0, 0, 0, 0, 0, 0, 0, 0]
Averaged Test Accuracy: 0.4291
Averaged Test AUC: 0.0000
Std Test Accuracy: 0.1054
Std Test AUC: 0.0000
Loaded train data from ../dataset/yelp_preview_full/train/1.npz
Data length: 1
Time elapsed 22.73 min
Memory used: 28.14 GB
Loaded train data from ../dataset/yelp_preview_full/train/5.npz
Data length: 1
Time elapsed 1.73 min
Memory used: 28.14 GB
Loaded train data from ../dataset/yelp_preview_full/train/3.npz
Data length: 1
Time elapsed 6.42 min
Memory used: 28.14 GB
Loaded train data from ../dataset/yelp_preview_full/train/8.npz
Data length: 1
Time elapsed 9.01 min
Memory used: 28.14 GB
Loaded train data from ../dataset/yelp_preview_full/train/7.npz
Data length: 1
Time elapsed 7.57 min
Memory used: 28.14 GB
Loaded train data from ../dataset/yelp_preview_full/train/0.npz
Data length: 1
Time elapsed 9.59 min
Memory used: 28.14 GB
Loaded train data from ../dataset/yelp_preview_full/train/9.npz
Data length: 1
Time elapsed 13.80 min
Memory used: 28.14 GB
Loaded train data from ../dataset/yelp_preview_full/train/4.npz
Data length: 1
Time elapsed 2.83 min
Memory used: 28.14 GB
Loaded train data from ../dataset/yelp_preview_full/train/2.npz
Data length: 1
Time elapsed 0.00 min
Memory used: 28.14 GB
Loaded train data from ../dataset/yelp_preview_full/train/6.npz
Data length: 1
Time elapsed 3.67 min
Memory used: 28.14 GB
------------------------- time cost ------------------------- 5557.036845445633

-------------Round number: 10-------------

Evaluate global model
Loaded test data from ../dataset/yelp_preview_full/test/0.npz
Data length: 1
metric.compute(): {'accuracy': 0.5175059731666973}
ct, ns, auc: 0.5175059731666973, 0, 0
Loaded test data from ../dataset/yelp_preview_full/test/1.npz
Data length: 1
metric.compute(): {'accuracy': 0.5394734281655608}
ct, ns, auc: 0.5394734281655608, 0, 0
Loaded test data from ../dataset/yelp_preview_full/test/2.npz
Data length: 1
metric.compute(): {'accuracy': 0.2}
ct, ns, auc: 0.2, 0, 0
Loaded test data from ../dataset/yelp_preview_full/test/3.npz
Data length: 1
metric.compute(): {'accuracy': 0.3891873278236915}
ct, ns, auc: 0.3891873278236915, 0, 0
Loaded test data from ../dataset/yelp_preview_full/test/4.npz
Data length: 1
metric.compute(): {'accuracy': 0.3583255232739769}
ct, ns, auc: 0.3583255232739769, 0, 0
Loaded test data from ../dataset/yelp_preview_full/test/5.npz
Data length: 1
metric.compute(): {'accuracy': 0.3828045035823951}
ct, ns, auc: 0.3828045035823951, 0, 0
Loaded test data from ../dataset/yelp_preview_full/test/6.npz
Data length: 1
metric.compute(): {'accuracy': 0.4479730542523758}
ct, ns, auc: 0.4479730542523758, 0, 0
Loaded test data from ../dataset/yelp_preview_full/test/7.npz
Data length: 1
metric.compute(): {'accuracy': 0.5036842105263157}
ct, ns, auc: 0.5036842105263157, 0, 0
Loaded test data from ../dataset/yelp_preview_full/test/8.npz
Data length: 1
metric.compute(): {'accuracy': 0.43735897184342193}
ct, ns, auc: 0.43735897184342193, 0, 0
Loaded test data from ../dataset/yelp_preview_full/test/9.npz
Data length: 1
metric.compute(): {'accuracy': 0.5472834443874935}
ct, ns, auc: 0.5472834443874935, 0, 0
ids: [0, 1, 2, 3, 4, 5, 6, 7, 8, 9]
stats[1]: [0, 0, 0, 0, 0, 0, 0, 0, 0, 0]
stats[2]: [0.5175059731666973, 0.5394734281655608, 0.2, 0.3891873278236915, 0.3583255232739769, 0.3828045035823951, 0.4479730542523758, 0.5036842105263157, 0.43735897184342193, 0.5472834443874935]
stats[3]: [0, 0, 0, 0, 0, 0, 0, 0, 0, 0]
Averaged Test Accuracy: 0.4324
Averaged Test AUC: 0.0000
Std Test Accuracy: 0.1060
Std Test AUC: 0.0000
Loaded train data from ../dataset/yelp_preview_full/train/1.npz
Data length: 1
Time elapsed 22.72 min
Memory used: 28.14 GB
Loaded train data from ../dataset/yelp_preview_full/train/0.npz
Data length: 1
Time elapsed 9.59 min
Memory used: 28.14 GB
Loaded train data from ../dataset/yelp_preview_full/train/7.npz
Data length: 1
Time elapsed 7.57 min
Memory used: 28.14 GB
Loaded train data from ../dataset/yelp_preview_full/train/3.npz
Data length: 1
Time elapsed 6.42 min
Memory used: 28.14 GB
Loaded train data from ../dataset/yelp_preview_full/train/5.npz
Data length: 1
Time elapsed 1.73 min
Memory used: 28.14 GB
Loaded train data from ../dataset/yelp_preview_full/train/9.npz
Data length: 1
Time elapsed 13.79 min
Memory used: 28.14 GB
Loaded train data from ../dataset/yelp_preview_full/train/2.npz
Data length: 1
Time elapsed 0.00 min
Memory used: 28.14 GB
Loaded train data from ../dataset/yelp_preview_full/train/8.npz
Data length: 1
Time elapsed 9.02 min
Memory used: 28.14 GB
Loaded train data from ../dataset/yelp_preview_full/train/6.npz
Data length: 1
Time elapsed 3.67 min
Memory used: 28.14 GB
Loaded train data from ../dataset/yelp_preview_full/train/4.npz
Data length: 1
Time elapsed 2.84 min
Memory used: 28.14 GB
------------------------- time cost ------------------------- 5553.510152101517

-------------Round number: 11-------------

Evaluate global model
Loaded test data from ../dataset/yelp_preview_full/test/0.npz
Data length: 1
metric.compute(): {'accuracy': 0.5196655026649513}
ct, ns, auc: 0.5196655026649513, 0, 0
Loaded test data from ../dataset/yelp_preview_full/test/1.npz
Data length: 1
metric.compute(): {'accuracy': 0.5395512658351009}
ct, ns, auc: 0.5395512658351009, 0, 0
Loaded test data from ../dataset/yelp_preview_full/test/2.npz
Data length: 1
metric.compute(): {'accuracy': 0.2}
ct, ns, auc: 0.2, 0, 0
Loaded test data from ../dataset/yelp_preview_full/test/3.npz
Data length: 1
metric.compute(): {'accuracy': 0.41108815426997247}
ct, ns, auc: 0.41108815426997247, 0, 0
Loaded test data from ../dataset/yelp_preview_full/test/4.npz
Data length: 1
metric.compute(): {'accuracy': 0.35754451733833176}
ct, ns, auc: 0.35754451733833176, 0, 0
Loaded test data from ../dataset/yelp_preview_full/test/5.npz
Data length: 1
metric.compute(): {'accuracy': 0.38229273285568066}
ct, ns, auc: 0.38229273285568066, 0, 0
Loaded test data from ../dataset/yelp_preview_full/test/6.npz
Data length: 1
metric.compute(): {'accuracy': 0.4655359076145796}
ct, ns, auc: 0.4655359076145796, 0, 0
Loaded test data from ../dataset/yelp_preview_full/test/7.npz
Data length: 1
metric.compute(): {'accuracy': 0.49853801169590645}
ct, ns, auc: 0.49853801169590645, 0, 0
Loaded test data from ../dataset/yelp_preview_full/test/8.npz
Data length: 1
metric.compute(): {'accuracy': 0.4446188560777004}
ct, ns, auc: 0.4446188560777004, 0, 0
Loaded test data from ../dataset/yelp_preview_full/test/9.npz
Data length: 1
metric.compute(): {'accuracy': 0.5514159405433111}
ct, ns, auc: 0.5514159405433111, 0, 0
ids: [0, 1, 2, 3, 4, 5, 6, 7, 8, 9]
stats[1]: [0, 0, 0, 0, 0, 0, 0, 0, 0, 0]
stats[2]: [0.5196655026649513, 0.5395512658351009, 0.2, 0.41108815426997247, 0.35754451733833176, 0.38229273285568066, 0.4655359076145796, 0.49853801169590645, 0.4446188560777004, 0.5514159405433111]
stats[3]: [0, 0, 0, 0, 0, 0, 0, 0, 0, 0]
Averaged Test Accuracy: 0.4370
Averaged Test AUC: 0.0000
Std Test Accuracy: 0.1061
Std Test AUC: 0.0000
Loaded train data from ../dataset/yelp_preview_full/train/7.npz
Data length: 1
Time elapsed 7.57 min
Memory used: 28.14 GB
Loaded train data from ../dataset/yelp_preview_full/train/5.npz
Data length: 1
Time elapsed 1.73 min
Memory used: 28.14 GB
Loaded train data from ../dataset/yelp_preview_full/train/6.npz
Data length: 1
Time elapsed 3.67 min
Memory used: 28.14 GB
Loaded train data from ../dataset/yelp_preview_full/train/8.npz
Data length: 1
Time elapsed 9.02 min
Memory used: 28.14 GB
Loaded train data from ../dataset/yelp_preview_full/train/1.npz
Data length: 1
Time elapsed 22.73 min
Memory used: 28.14 GB
Loaded train data from ../dataset/yelp_preview_full/train/3.npz
Data length: 1
Time elapsed 6.41 min
Memory used: 28.14 GB
Loaded train data from ../dataset/yelp_preview_full/train/0.npz
Data length: 1
Time elapsed 9.58 min
Memory used: 28.14 GB
Loaded train data from ../dataset/yelp_preview_full/train/4.npz
Data length: 1
Time elapsed 2.83 min
Memory used: 28.14 GB
Loaded train data from ../dataset/yelp_preview_full/train/2.npz
Data length: 1
Time elapsed 0.00 min
Memory used: 28.14 GB
Loaded train data from ../dataset/yelp_preview_full/train/9.npz
Data length: 1
Time elapsed 13.81 min
Memory used: 28.14 GB
------------------------- time cost ------------------------- 5555.150532960892

-------------Round number: 12-------------

Evaluate global model
Loaded test data from ../dataset/yelp_preview_full/test/0.npz
Data length: 1
metric.compute(): {'accuracy': 0.5251332475647859}
ct, ns, auc: 0.5251332475647859, 0, 0
Loaded test data from ../dataset/yelp_preview_full/test/1.npz
Data length: 1
metric.compute(): {'accuracy': 0.540913425052054}
ct, ns, auc: 0.540913425052054, 0, 0
Loaded test data from ../dataset/yelp_preview_full/test/2.npz
Data length: 1
metric.compute(): {'accuracy': 0.2}
ct, ns, auc: 0.2, 0, 0
Loaded test data from ../dataset/yelp_preview_full/test/3.npz
Data length: 1
metric.compute(): {'accuracy': 0.4185261707988981}
ct, ns, auc: 0.4185261707988981, 0, 0
Loaded test data from ../dataset/yelp_preview_full/test/4.npz
Data length: 1
metric.compute(): {'accuracy': 0.3570759137769447}
ct, ns, auc: 0.3570759137769447, 0, 0
Loaded test data from ../dataset/yelp_preview_full/test/5.npz
Data length: 1
metric.compute(): {'accuracy': 0.38254861821903785}
ct, ns, auc: 0.38254861821903785, 0, 0
Loaded test data from ../dataset/yelp_preview_full/test/6.npz
Data length: 1
metric.compute(): {'accuracy': 0.4752796824251173}
ct, ns, auc: 0.4752796824251173, 0, 0
Loaded test data from ../dataset/yelp_preview_full/test/7.npz
Data length: 1
metric.compute(): {'accuracy': 0.5001169590643275}
ct, ns, auc: 0.5001169590643275, 0, 0
Loaded test data from ../dataset/yelp_preview_full/test/8.npz
Data length: 1
metric.compute(): {'accuracy': 0.45227116648680465}
ct, ns, auc: 0.45227116648680465, 0, 0
Loaded test data from ../dataset/yelp_preview_full/test/9.npz
Data length: 1
metric.compute(): {'accuracy': 0.5493336750384418}
ct, ns, auc: 0.5493336750384418, 0, 0
ids: [0, 1, 2, 3, 4, 5, 6, 7, 8, 9]
stats[1]: [0, 0, 0, 0, 0, 0, 0, 0, 0, 0]
stats[2]: [0.5251332475647859, 0.540913425052054, 0.2, 0.4185261707988981, 0.3570759137769447, 0.38254861821903785, 0.4752796824251173, 0.5001169590643275, 0.45227116648680465, 0.5493336750384418]
stats[3]: [0, 0, 0, 0, 0, 0, 0, 0, 0, 0]
Averaged Test Accuracy: 0.4401
Averaged Test AUC: 0.0000
Std Test Accuracy: 0.1068
Std Test AUC: 0.0000
Loaded train data from ../dataset/yelp_preview_full/train/8.npz
Data length: 1
Time elapsed 9.02 min
Memory used: 28.14 GB
Loaded train data from ../dataset/yelp_preview_full/train/9.npz
Data length: 1
Time elapsed 13.80 min
Memory used: 28.14 GB
Loaded train data from ../dataset/yelp_preview_full/train/5.npz
Data length: 1
Time elapsed 1.73 min
Memory used: 28.14 GB
Loaded train data from ../dataset/yelp_preview_full/train/6.npz
Data length: 1
Time elapsed 3.68 min
Memory used: 28.14 GB
Loaded train data from ../dataset/yelp_preview_full/train/1.npz
Data length: 1
Time elapsed 22.71 min
Memory used: 28.14 GB
Loaded train data from ../dataset/yelp_preview_full/train/4.npz
Data length: 1
Time elapsed 2.83 min
Memory used: 28.14 GB
Loaded train data from ../dataset/yelp_preview_full/train/0.npz
Data length: 1
Time elapsed 9.59 min
Memory used: 28.14 GB
Loaded train data from ../dataset/yelp_preview_full/train/3.npz
Data length: 1
Time elapsed 6.42 min
Memory used: 28.14 GB
Loaded train data from ../dataset/yelp_preview_full/train/7.npz
Data length: 1
Time elapsed 7.57 min
Memory used: 28.14 GB
Loaded train data from ../dataset/yelp_preview_full/train/2.npz
Data length: 1
Time elapsed 0.00 min
Memory used: 28.14 GB
------------------------- time cost ------------------------- 5554.817916154861

-------------Round number: 13-------------

Evaluate global model
Loaded test data from ../dataset/yelp_preview_full/test/0.npz
Data length: 1
metric.compute(): {'accuracy': 0.5247197206395883}
ct, ns, auc: 0.5247197206395883, 0, 0
Loaded test data from ../dataset/yelp_preview_full/test/1.npz
Data length: 1
metric.compute(): {'accuracy': 0.5415166669909903}
ct, ns, auc: 0.5415166669909903, 0, 0
Loaded test data from ../dataset/yelp_preview_full/test/2.npz
Data length: 1
metric.compute(): {'accuracy': 0.2}
ct, ns, auc: 0.2, 0, 0
Loaded test data from ../dataset/yelp_preview_full/test/3.npz
Data length: 1
metric.compute(): {'accuracy': 0.43526170798898073}
ct, ns, auc: 0.43526170798898073, 0, 0
Loaded test data from ../dataset/yelp_preview_full/test/4.npz
Data length: 1
metric.compute(): {'accuracy': 0.3578569197125898}
ct, ns, auc: 0.3578569197125898, 0, 0
Loaded test data from ../dataset/yelp_preview_full/test/5.npz
Data length: 1
metric.compute(): {'accuracy': 0.38178096212896623}
ct, ns, auc: 0.38178096212896623, 0, 0
Loaded test data from ../dataset/yelp_preview_full/test/6.npz
Data length: 1
metric.compute(): {'accuracy': 0.4752796824251173}
ct, ns, auc: 0.4752796824251173, 0, 0
Loaded test data from ../dataset/yelp_preview_full/test/7.npz
Data length: 1
metric.compute(): {'accuracy': 0.49719298245614035}
ct, ns, auc: 0.49719298245614035, 0, 0
Loaded test data from ../dataset/yelp_preview_full/test/8.npz
Data length: 1
metric.compute(): {'accuracy': 0.4577160796625135}
ct, ns, auc: 0.4577160796625135, 0, 0
Loaded test data from ../dataset/yelp_preview_full/test/9.npz
Data length: 1
metric.compute(): {'accuracy': 0.5526012301383906}
ct, ns, auc: 0.5526012301383906, 0, 0
ids: [0, 1, 2, 3, 4, 5, 6, 7, 8, 9]
stats[1]: [0, 0, 0, 0, 0, 0, 0, 0, 0, 0]
stats[2]: [0.5247197206395883, 0.5415166669909903, 0.2, 0.43526170798898073, 0.3578569197125898, 0.38178096212896623, 0.4752796824251173, 0.49719298245614035, 0.4577160796625135, 0.5526012301383906]
stats[3]: [0, 0, 0, 0, 0, 0, 0, 0, 0, 0]
Averaged Test Accuracy: 0.4424
Averaged Test AUC: 0.0000
Std Test Accuracy: 0.1068
Std Test AUC: 0.0000
Loaded train data from ../dataset/yelp_preview_full/train/4.npz
Data length: 1
Time elapsed 2.84 min
Memory used: 28.14 GB
Loaded train data from ../dataset/yelp_preview_full/train/5.npz
Data length: 1
Time elapsed 1.72 min
Memory used: 28.14 GB
Loaded train data from ../dataset/yelp_preview_full/train/1.npz
Data length: 1
Time elapsed 22.71 min
Memory used: 28.14 GB
Loaded train data from ../dataset/yelp_preview_full/train/2.npz
Data length: 1
Time elapsed 0.00 min
Memory used: 28.14 GB
Loaded train data from ../dataset/yelp_preview_full/train/6.npz
Data length: 1
Time elapsed 3.67 min
Memory used: 28.14 GB
Loaded train data from ../dataset/yelp_preview_full/train/7.npz
Data length: 1
Time elapsed 7.57 min
Memory used: 28.14 GB
Loaded train data from ../dataset/yelp_preview_full/train/9.npz
Data length: 1
Time elapsed 13.81 min
Memory used: 28.14 GB
Loaded train data from ../dataset/yelp_preview_full/train/3.npz
Data length: 1
Time elapsed 6.42 min
Memory used: 28.14 GB
Loaded train data from ../dataset/yelp_preview_full/train/8.npz
Data length: 1
Time elapsed 9.02 min
Memory used: 28.14 GB
Loaded train data from ../dataset/yelp_preview_full/train/0.npz
Data length: 1
Time elapsed 9.56 min
Memory used: 28.14 GB
------------------------- time cost ------------------------- 5553.389751672745

-------------Round number: 14-------------

Evaluate global model
Loaded test data from ../dataset/yelp_preview_full/test/0.npz
Data length: 1
metric.compute(): {'accuracy': 0.5227899283219997}
ct, ns, auc: 0.5227899283219997, 0, 0
Loaded test data from ../dataset/yelp_preview_full/test/1.npz
Data length: 1
metric.compute(): {'accuracy': 0.5388507268092393}
ct, ns, auc: 0.5388507268092393, 0, 0
Loaded test data from ../dataset/yelp_preview_full/test/2.npz
Data length: 1
metric.compute(): {'accuracy': 0.2}
ct, ns, auc: 0.2, 0, 0
Loaded test data from ../dataset/yelp_preview_full/test/3.npz
Data length: 1
metric.compute(): {'accuracy': 0.43491735537190085}
ct, ns, auc: 0.43491735537190085, 0, 0
Loaded test data from ../dataset/yelp_preview_full/test/4.npz
Data length: 1
metric.compute(): {'accuracy': 0.3562949078412996}
ct, ns, auc: 0.3562949078412996, 0, 0
Loaded test data from ../dataset/yelp_preview_full/test/5.npz
Data length: 1
metric.compute(): {'accuracy': 0.3805015353121801}
ct, ns, auc: 0.3805015353121801, 0, 0
Loaded test data from ../dataset/yelp_preview_full/test/6.npz
Data length: 1
metric.compute(): {'accuracy': 0.46806207145434864}
ct, ns, auc: 0.46806207145434864, 0, 0
Loaded test data from ../dataset/yelp_preview_full/test/7.npz
Data length: 1
metric.compute(): {'accuracy': 0.494093567251462}
ct, ns, auc: 0.494093567251462, 0, 0
Loaded test data from ../dataset/yelp_preview_full/test/8.npz
Data length: 1
metric.compute(): {'accuracy': 0.4766506425978613}
ct, ns, auc: 0.4766506425978613, 0, 0
Loaded test data from ../dataset/yelp_preview_full/test/9.npz
Data length: 1
metric.compute(): {'accuracy': 0.550903382880574}
ct, ns, auc: 0.550903382880574, 0, 0
ids: [0, 1, 2, 3, 4, 5, 6, 7, 8, 9]
stats[1]: [0, 0, 0, 0, 0, 0, 0, 0, 0, 0]
stats[2]: [0.5227899283219997, 0.5388507268092393, 0.2, 0.43491735537190085, 0.3562949078412996, 0.3805015353121801, 0.46806207145434864, 0.494093567251462, 0.4766506425978613, 0.550903382880574]
stats[3]: [0, 0, 0, 0, 0, 0, 0, 0, 0, 0]
Averaged Test Accuracy: 0.4423
Averaged Test AUC: 0.0000
Std Test Accuracy: 0.1065
Std Test AUC: 0.0000
Loaded train data from ../dataset/yelp_preview_full/train/9.npz
Data length: 1
Time elapsed 13.81 min
Memory used: 28.14 GB
Loaded train data from ../dataset/yelp_preview_full/train/5.npz
Data length: 1
Time elapsed 1.73 min
Memory used: 28.14 GB
Loaded train data from ../dataset/yelp_preview_full/train/1.npz
Data length: 1
