GPU details saved to $output_file
__TORCH Version: 2.3.1+cu121
__CUDNN Version: 8902
__CUDA version:  12.1
__Number CUDA Devices: 1
__CUDA Device Name: NVIDIA A100-SXM4-40GB
__CUDA Device Total Memory [GB]: 42.297786368
args.dataset: yelp_preview_full
args.num_labels: 5
==================================================
Personalized Federated Learning: True
Uniform Weight: False
Normalized Rank: False
Normalized Alpha: False
lora_rank: 1
lora_alpha: 1
lora_dropout: 0.1
lora_query: True
lora_key: True
lora_value: True
lora_projection: True
lora_mlp: True
lora_head: True
aa_bottleneck_reduction: 1
aa_text: False
aa_vision: False
ca_bottleneck_reduction: 4
ca_text: False
ca_vision: False
Seed: 42
Algorithm: flora
Local batch size: 64
Local epochs: 1
Local learing rate: 0.0001
Local learing rate decay: False
Total number of clients: 10
Clients join in each round: 1.0
Clients randomly join: False
Client drop rate: 0.0
Client select regarding time: False
Running times: 1
Dataset: yelp_preview_full
Number of classes: 10
Backbone: distilbert
Using device: cuda
Using DP: False
Auto break: False
Global rounds: 50
Cuda device id: 2
DLG attack: False
Total number of new clients: 0
Fine tuning epoches on new clients: 0
==================================================

============= Running time: 0th =============
Creating server and clients ...
Loaded train data from ../dataset/yelp_preview_full/train/0.npz
Data length: 1
Loaded test data from ../dataset/yelp_preview_full/test/0.npz
Data length: 1
self.lora_params: {'rank': 1, 'alpha': 1, 'dropout': 0.1, 'lora_query': True, 'lora_key': True, 'lora_value': True, 'lora_projection': True, 'lora_mlp': True, 'lora_head': True}
Loaded train data from ../dataset/yelp_preview_full/train/1.npz
Data length: 1
Loaded test data from ../dataset/yelp_preview_full/test/1.npz
Data length: 1
self.lora_params: {'rank': 1, 'alpha': 1, 'dropout': 0.1, 'lora_query': True, 'lora_key': True, 'lora_value': True, 'lora_projection': True, 'lora_mlp': True, 'lora_head': True}
Loaded train data from ../dataset/yelp_preview_full/train/2.npz
Data length: 1
Loaded test data from ../dataset/yelp_preview_full/test/2.npz
Data length: 1
self.lora_params: {'rank': 1, 'alpha': 1, 'dropout': 0.1, 'lora_query': True, 'lora_key': True, 'lora_value': True, 'lora_projection': True, 'lora_mlp': True, 'lora_head': True}
Loaded train data from ../dataset/yelp_preview_full/train/3.npz
Data length: 1
Loaded test data from ../dataset/yelp_preview_full/test/3.npz
Data length: 1
self.lora_params: {'rank': 1, 'alpha': 1, 'dropout': 0.1, 'lora_query': True, 'lora_key': True, 'lora_value': True, 'lora_projection': True, 'lora_mlp': True, 'lora_head': True}
Loaded train data from ../dataset/yelp_preview_full/train/4.npz
Data length: 1
Loaded test data from ../dataset/yelp_preview_full/test/4.npz
Data length: 1
self.lora_params: {'rank': 1, 'alpha': 1, 'dropout': 0.1, 'lora_query': True, 'lora_key': True, 'lora_value': True, 'lora_projection': True, 'lora_mlp': True, 'lora_head': True}
Loaded train data from ../dataset/yelp_preview_full/train/5.npz
Data length: 1
Loaded test data from ../dataset/yelp_preview_full/test/5.npz
Data length: 1
self.lora_params: {'rank': 1, 'alpha': 1, 'dropout': 0.1, 'lora_query': True, 'lora_key': True, 'lora_value': True, 'lora_projection': True, 'lora_mlp': True, 'lora_head': True}
Loaded train data from ../dataset/yelp_preview_full/train/6.npz
Data length: 1
Loaded test data from ../dataset/yelp_preview_full/test/6.npz
Data length: 1
self.lora_params: {'rank': 1, 'alpha': 1, 'dropout': 0.1, 'lora_query': True, 'lora_key': True, 'lora_value': True, 'lora_projection': True, 'lora_mlp': True, 'lora_head': True}
Loaded train data from ../dataset/yelp_preview_full/train/7.npz
Data length: 1
Loaded test data from ../dataset/yelp_preview_full/test/7.npz
Data length: 1
self.lora_params: {'rank': 1, 'alpha': 1, 'dropout': 0.1, 'lora_query': True, 'lora_key': True, 'lora_value': True, 'lora_projection': True, 'lora_mlp': True, 'lora_head': True}
Loaded train data from ../dataset/yelp_preview_full/train/8.npz
Data length: 1
Loaded test data from ../dataset/yelp_preview_full/test/8.npz
Data length: 1
self.lora_params: {'rank': 1, 'alpha': 1, 'dropout': 0.1, 'lora_query': True, 'lora_key': True, 'lora_value': True, 'lora_projection': True, 'lora_mlp': True, 'lora_head': True}
Loaded train data from ../dataset/yelp_preview_full/train/9.npz
Data length: 1
Loaded test data from ../dataset/yelp_preview_full/test/9.npz
Data length: 1
self.lora_params: {'rank': 1, 'alpha': 1, 'dropout': 0.1, 'lora_query': True, 'lora_key': True, 'lora_value': True, 'lora_projection': True, 'lora_mlp': True, 'lora_head': True}

Join ratio / total clients: 1.0 / 10
Finished creating server and clients.

-------------Round number: 0-------------

Evaluate global model
Loaded test data from ../dataset/yelp_preview_full/test/0.npz
Data length: 1
metric.compute(): {'accuracy': 0.22845065245359308}
ct, ns, auc: 0.22845065245359308, 0, 0
Loaded test data from ../dataset/yelp_preview_full/test/1.npz
Data length: 1
metric.compute(): {'accuracy': 0.22164276401564537}
ct, ns, auc: 0.22164276401564537, 0, 0
Loaded test data from ../dataset/yelp_preview_full/test/2.npz
Data length: 1
metric.compute(): {'accuracy': 0.2}
ct, ns, auc: 0.2, 0, 0
Loaded test data from ../dataset/yelp_preview_full/test/3.npz
Data length: 1
metric.compute(): {'accuracy': 0.21177685950413222}
ct, ns, auc: 0.21177685950413222, 0, 0
Loaded test data from ../dataset/yelp_preview_full/test/4.npz
Data length: 1
metric.compute(): {'accuracy': 0.15823180256169947}
ct, ns, auc: 0.15823180256169947, 0, 0
Loaded test data from ../dataset/yelp_preview_full/test/5.npz
Data length: 1
metric.compute(): {'accuracy': 0.2336233367451382}
ct, ns, auc: 0.2336233367451382, 0, 0
Loaded test data from ../dataset/yelp_preview_full/test/6.npz
Data length: 1
metric.compute(): {'accuracy': 0.19271021291952364}
ct, ns, auc: 0.19271021291952364, 0, 0
Loaded test data from ../dataset/yelp_preview_full/test/7.npz
Data length: 1
metric.compute(): {'accuracy': 0.21871345029239767}
ct, ns, auc: 0.21871345029239767, 0, 0
Loaded test data from ../dataset/yelp_preview_full/test/8.npz
Data length: 1
metric.compute(): {'accuracy': 0.24281369567350142}
ct, ns, auc: 0.24281369567350142, 0, 0
Loaded test data from ../dataset/yelp_preview_full/test/9.npz
Data length: 1
metric.compute(): {'accuracy': 0.18910174269605332}
ct, ns, auc: 0.18910174269605332, 0, 0
ids: [0, 1, 2, 3, 4, 5, 6, 7, 8, 9]
stats[1]: [0, 0, 0, 0, 0, 0, 0, 0, 0, 0]
stats[2]: [0.22845065245359308, 0.22164276401564537, 0.2, 0.21177685950413222, 0.15823180256169947, 0.2336233367451382, 0.19271021291952364, 0.21871345029239767, 0.24281369567350142, 0.18910174269605332]
stats[3]: [0, 0, 0, 0, 0, 0, 0, 0, 0, 0]
Averaged Test Accuracy: 0.2097
Averaged Test AUC: 0.0000
Std Test Accuracy: 0.0252
Std Test AUC: 0.0000
Loaded train data from ../dataset/yelp_preview_full/train/8.npz
Data length: 1
Time elapsed 9.02 min
Memory used: 28.06 GB
Loaded train data from ../dataset/yelp_preview_full/train/1.npz
Data length: 1
Time elapsed 22.72 min
Memory used: 28.07 GB
Loaded train data from ../dataset/yelp_preview_full/train/5.npz
Data length: 1
Time elapsed 1.72 min
Memory used: 28.07 GB
Loaded train data from ../dataset/yelp_preview_full/train/0.npz
Data length: 1
Time elapsed 9.59 min
Memory used: 28.07 GB
Loaded train data from ../dataset/yelp_preview_full/train/7.npz
Data length: 1
Time elapsed 7.56 min
Memory used: 28.07 GB
Loaded train data from ../dataset/yelp_preview_full/train/2.npz
Data length: 1
Time elapsed 0.00 min
Memory used: 28.07 GB
Loaded train data from ../dataset/yelp_preview_full/train/9.npz
Data length: 1
Time elapsed 13.82 min
Memory used: 28.07 GB
Loaded train data from ../dataset/yelp_preview_full/train/4.npz
Data length: 1
Time elapsed 2.83 min
Memory used: 28.07 GB
Loaded train data from ../dataset/yelp_preview_full/train/3.npz
Data length: 1
Time elapsed 6.42 min
Memory used: 28.07 GB
Loaded train data from ../dataset/yelp_preview_full/train/6.npz
Data length: 1
Time elapsed 3.68 min
Memory used: 28.07 GB
------------------------- time cost ------------------------- 5552.602939605713

-------------Round number: 1-------------

Evaluate global model
Loaded test data from ../dataset/yelp_preview_full/test/0.npz
Data length: 1
metric.compute(): {'accuracy': 0.42253262267965447}
ct, ns, auc: 0.42253262267965447, 0, 0
Loaded test data from ../dataset/yelp_preview_full/test/1.npz
Data length: 1
metric.compute(): {'accuracy': 0.5137091595477632}
ct, ns, auc: 0.5137091595477632, 0, 0
Loaded test data from ../dataset/yelp_preview_full/test/2.npz
Data length: 1
metric.compute(): {'accuracy': 0.0}
ct, ns, auc: 0.0, 0, 0
Loaded test data from ../dataset/yelp_preview_full/test/3.npz
Data length: 1
metric.compute(): {'accuracy': 0.41728650137741047}
ct, ns, auc: 0.41728650137741047, 0, 0
Loaded test data from ../dataset/yelp_preview_full/test/4.npz
Data length: 1
metric.compute(): {'accuracy': 0.24476726023117776}
ct, ns, auc: 0.24476726023117776, 0, 0
Loaded test data from ../dataset/yelp_preview_full/test/5.npz
Data length: 1
metric.compute(): {'accuracy': 0.2896622313203685}
ct, ns, auc: 0.2896622313203685, 0, 0
Loaded test data from ../dataset/yelp_preview_full/test/6.npz
Data length: 1
metric.compute(): {'accuracy': 0.36869962709009985}
ct, ns, auc: 0.36869962709009985, 0, 0
Loaded test data from ../dataset/yelp_preview_full/test/7.npz
Data length: 1
metric.compute(): {'accuracy': 0.3746783625730994}
ct, ns, auc: 0.3746783625730994, 0, 0
Loaded test data from ../dataset/yelp_preview_full/test/8.npz
Data length: 1
metric.compute(): {'accuracy': 0.2458059452565486}
ct, ns, auc: 0.2458059452565486, 0, 0
Loaded test data from ../dataset/yelp_preview_full/test/9.npz
Data length: 1
metric.compute(): {'accuracy': 0.0645822655048693}
ct, ns, auc: 0.0645822655048693, 0, 0
ids: [0, 1, 2, 3, 4, 5, 6, 7, 8, 9]
stats[1]: [0, 0, 0, 0, 0, 0, 0, 0, 0, 0]
stats[2]: [0.42253262267965447, 0.5137091595477632, 0.0, 0.41728650137741047, 0.24476726023117776, 0.2896622313203685, 0.36869962709009985, 0.3746783625730994, 0.2458059452565486, 0.0645822655048693]
stats[3]: [0, 0, 0, 0, 0, 0, 0, 0, 0, 0]
Averaged Test Accuracy: 0.2942
Averaged Test AUC: 0.0000
Std Test Accuracy: 0.1619
Std Test AUC: 0.0000
Loaded train data from ../dataset/yelp_preview_full/train/0.npz
Data length: 1
Time elapsed 9.57 min
Memory used: 28.07 GB
Loaded train data from ../dataset/yelp_preview_full/train/5.npz
Data length: 1
Time elapsed 1.72 min
Memory used: 28.07 GB
Loaded train data from ../dataset/yelp_preview_full/train/1.npz
Data length: 1
Time elapsed 22.73 min
Memory used: 28.07 GB
Loaded train data from ../dataset/yelp_preview_full/train/7.npz
Data length: 1
Time elapsed 7.56 min
Memory used: 28.07 GB
Loaded train data from ../dataset/yelp_preview_full/train/3.npz
Data length: 1
Time elapsed 6.42 min
Memory used: 28.07 GB
Loaded train data from ../dataset/yelp_preview_full/train/6.npz
Data length: 1
Time elapsed 3.67 min
Memory used: 28.07 GB
Loaded train data from ../dataset/yelp_preview_full/train/8.npz
Data length: 1
Time elapsed 9.01 min
Memory used: 28.07 GB
Loaded train data from ../dataset/yelp_preview_full/train/9.npz
Data length: 1
Time elapsed 13.81 min
Memory used: 28.07 GB
Loaded train data from ../dataset/yelp_preview_full/train/4.npz
Data length: 1
Time elapsed 2.84 min
Memory used: 28.09 GB
Loaded train data from ../dataset/yelp_preview_full/train/2.npz
Data length: 1
Time elapsed 0.00 min
Memory used: 28.09 GB
------------------------- time cost ------------------------- 5581.99938416481

-------------Round number: 2-------------

Evaluate global model
Loaded test data from ../dataset/yelp_preview_full/test/0.npz
Data length: 1
metric.compute(): {'accuracy': 0.5141058628928505}
ct, ns, auc: 0.5141058628928505, 0, 0
Loaded test data from ../dataset/yelp_preview_full/test/1.npz
Data length: 1
metric.compute(): {'accuracy': 0.5501371888925646}
ct, ns, auc: 0.5501371888925646, 0, 0
Loaded test data from ../dataset/yelp_preview_full/test/2.npz
Data length: 1
metric.compute(): {'accuracy': 0.0}
ct, ns, auc: 0.0, 0, 0
Loaded test data from ../dataset/yelp_preview_full/test/3.npz
Data length: 1
metric.compute(): {'accuracy': 0.4591597796143251}
ct, ns, auc: 0.4591597796143251, 0, 0
Loaded test data from ../dataset/yelp_preview_full/test/4.npz
Data length: 1
metric.compute(): {'accuracy': 0.44267416432364887}
ct, ns, auc: 0.44267416432364887, 0, 0
Loaded test data from ../dataset/yelp_preview_full/test/5.npz
Data length: 1
metric.compute(): {'accuracy': 0.2704708290685773}
ct, ns, auc: 0.2704708290685773, 0, 0
Loaded test data from ../dataset/yelp_preview_full/test/6.npz
Data length: 1
metric.compute(): {'accuracy': 0.43570311560206904}
ct, ns, auc: 0.43570311560206904, 0, 0
Loaded test data from ../dataset/yelp_preview_full/test/7.npz
Data length: 1
metric.compute(): {'accuracy': 0.5446198830409357}
ct, ns, auc: 0.5446198830409357, 0, 0
Loaded test data from ../dataset/yelp_preview_full/test/8.npz
Data length: 1
metric.compute(): {'accuracy': 0.4979397625821642}
ct, ns, auc: 0.4979397625821642, 0, 0
Loaded test data from ../dataset/yelp_preview_full/test/9.npz
Data length: 1
metric.compute(): {'accuracy': 0.2559264479753972}
ct, ns, auc: 0.2559264479753972, 0, 0
ids: [0, 1, 2, 3, 4, 5, 6, 7, 8, 9]
stats[1]: [0, 0, 0, 0, 0, 0, 0, 0, 0, 0]
stats[2]: [0.5141058628928505, 0.5501371888925646, 0.0, 0.4591597796143251, 0.44267416432364887, 0.2704708290685773, 0.43570311560206904, 0.5446198830409357, 0.4979397625821642, 0.2559264479753972]
stats[3]: [0, 0, 0, 0, 0, 0, 0, 0, 0, 0]
Averaged Test Accuracy: 0.3971
Averaged Test AUC: 0.0000
Std Test Accuracy: 0.1732
Std Test AUC: 0.0000
Loaded train data from ../dataset/yelp_preview_full/train/5.npz
Data length: 1
Time elapsed 1.73 min
Memory used: 28.09 GB
Loaded train data from ../dataset/yelp_preview_full/train/0.npz
Data length: 1
Time elapsed 9.59 min
Memory used: 28.09 GB
Loaded train data from ../dataset/yelp_preview_full/train/4.npz
Data length: 1
Time elapsed 2.83 min
Memory used: 28.09 GB
Loaded train data from ../dataset/yelp_preview_full/train/7.npz
Data length: 1
Time elapsed 7.57 min
Memory used: 28.09 GB
Loaded train data from ../dataset/yelp_preview_full/train/3.npz
Data length: 1
Time elapsed 6.42 min
Memory used: 28.09 GB
Loaded train data from ../dataset/yelp_preview_full/train/1.npz
Data length: 1
Time elapsed 22.71 min
Memory used: 28.09 GB
Loaded train data from ../dataset/yelp_preview_full/train/6.npz
Data length: 1
Time elapsed 3.67 min
Memory used: 28.09 GB
Loaded train data from ../dataset/yelp_preview_full/train/8.npz
Data length: 1
Time elapsed 9.03 min
Memory used: 28.09 GB
Loaded train data from ../dataset/yelp_preview_full/train/2.npz
Data length: 1
Time elapsed 0.00 min
Memory used: 28.09 GB
Loaded train data from ../dataset/yelp_preview_full/train/9.npz
Data length: 1
Time elapsed 13.81 min
Memory used: 28.09 GB
------------------------- time cost ------------------------- 5553.005448102951

-------------Round number: 3-------------

Evaluate global model
Loaded test data from ../dataset/yelp_preview_full/test/0.npz
Data length: 1
metric.compute(): {'accuracy': 0.3403326594376034}
ct, ns, auc: 0.3403326594376034, 0, 0
Loaded test data from ../dataset/yelp_preview_full/test/1.npz
Data length: 1
metric.compute(): {'accuracy': 0.5238475160053708}
ct, ns, auc: 0.5238475160053708, 0, 0
Loaded test data from ../dataset/yelp_preview_full/test/2.npz
Data length: 1
metric.compute(): {'accuracy': 0.2}
ct, ns, auc: 0.2, 0, 0
Loaded test data from ../dataset/yelp_preview_full/test/3.npz
Data length: 1
metric.compute(): {'accuracy': 0.3950413223140496}
ct, ns, auc: 0.3950413223140496, 0, 0
Loaded test data from ../dataset/yelp_preview_full/test/4.npz
Data length: 1
metric.compute(): {'accuracy': 0.3744142455482662}
ct, ns, auc: 0.3744142455482662, 0, 0
Loaded test data from ../dataset/yelp_preview_full/test/5.npz
Data length: 1
metric.compute(): {'accuracy': 0.28761514841351077}
ct, ns, auc: 0.28761514841351077, 0, 0
Loaded test data from ../dataset/yelp_preview_full/test/6.npz
Data length: 1
metric.compute(): {'accuracy': 0.3878262961626368}
ct, ns, auc: 0.3878262961626368, 0, 0
Loaded test data from ../dataset/yelp_preview_full/test/7.npz
Data length: 1
metric.compute(): {'accuracy': 0.44742690058479534}
ct, ns, auc: 0.44742690058479534, 0, 0
Loaded test data from ../dataset/yelp_preview_full/test/8.npz
Data length: 1
metric.compute(): {'accuracy': 0.44770921220445403}
ct, ns, auc: 0.44770921220445403, 0, 0
Loaded test data from ../dataset/yelp_preview_full/test/9.npz
Data length: 1
metric.compute(): {'accuracy': 0.37214889800102513}
ct, ns, auc: 0.37214889800102513, 0, 0
ids: [0, 1, 2, 3, 4, 5, 6, 7, 8, 9]
stats[1]: [0, 0, 0, 0, 0, 0, 0, 0, 0, 0]
stats[2]: [0.3403326594376034, 0.5238475160053708, 0.2, 0.3950413223140496, 0.3744142455482662, 0.28761514841351077, 0.3878262961626368, 0.44742690058479534, 0.44770921220445403, 0.37214889800102513]
stats[3]: [0, 0, 0, 0, 0, 0, 0, 0, 0, 0]
Averaged Test Accuracy: 0.3776
Averaged Test AUC: 0.0000
Std Test Accuracy: 0.0898
Std Test AUC: 0.0000
Loaded train data from ../dataset/yelp_preview_full/train/6.npz
Data length: 1
Time elapsed 3.67 min
Memory used: 28.09 GB
Loaded train data from ../dataset/yelp_preview_full/train/7.npz
Data length: 1
Time elapsed 7.56 min
Memory used: 28.09 GB
Loaded train data from ../dataset/yelp_preview_full/train/4.npz
Data length: 1
Time elapsed 2.83 min
Memory used: 28.10 GB
Loaded train data from ../dataset/yelp_preview_full/train/8.npz
Data length: 1
Time elapsed 9.02 min
Memory used: 28.10 GB
Loaded train data from ../dataset/yelp_preview_full/train/0.npz
Data length: 1
Time elapsed 9.58 min
Memory used: 28.10 GB
Loaded train data from ../dataset/yelp_preview_full/train/3.npz
Data length: 1
Time elapsed 6.42 min
Memory used: 28.10 GB
Loaded train data from ../dataset/yelp_preview_full/train/5.npz
Data length: 1
Time elapsed 1.73 min
Memory used: 28.10 GB
Loaded train data from ../dataset/yelp_preview_full/train/1.npz
Data length: 1
Time elapsed 22.72 min
Memory used: 28.10 GB
Loaded train data from ../dataset/yelp_preview_full/train/9.npz
Data length: 1
Time elapsed 13.82 min
Memory used: 28.10 GB
Loaded train data from ../dataset/yelp_preview_full/train/2.npz
Data length: 1
Time elapsed 0.00 min
Memory used: 28.10 GB
------------------------- time cost ------------------------- 5555.627336502075

-------------Round number: 4-------------

Evaluate global model
Loaded test data from ../dataset/yelp_preview_full/test/0.npz
Data length: 1
metric.compute(): {'accuracy': 0.39340194817129204}
ct, ns, auc: 0.39340194817129204, 0, 0
Loaded test data from ../dataset/yelp_preview_full/test/1.npz
Data length: 1
metric.compute(): {'accuracy': 0.5151102375994863}
ct, ns, auc: 0.5151102375994863, 0, 0
Loaded test data from ../dataset/yelp_preview_full/test/2.npz
Data length: 1
metric.compute(): {'accuracy': 0.2}
ct, ns, auc: 0.2, 0, 0
Loaded test data from ../dataset/yelp_preview_full/test/3.npz
Data length: 1
metric.compute(): {'accuracy': 0.38553719008264464}
ct, ns, auc: 0.38553719008264464, 0, 0
Loaded test data from ../dataset/yelp_preview_full/test/4.npz
Data length: 1
metric.compute(): {'accuracy': 0.3753514526710403}
ct, ns, auc: 0.3753514526710403, 0, 0
Loaded test data from ../dataset/yelp_preview_full/test/5.npz
Data length: 1
metric.compute(): {'accuracy': 0.33162743091095187}
ct, ns, auc: 0.33162743091095187, 0, 0
Loaded test data from ../dataset/yelp_preview_full/test/6.npz
Data length: 1
metric.compute(): {'accuracy': 0.3830145555154577}
ct, ns, auc: 0.3830145555154577, 0, 0
Loaded test data from ../dataset/yelp_preview_full/test/7.npz
Data length: 1
metric.compute(): {'accuracy': 0.4853216374269006}
ct, ns, auc: 0.4853216374269006, 0, 0
Loaded test data from ../dataset/yelp_preview_full/test/8.npz
Data length: 1
metric.compute(): {'accuracy': 0.4350044147944668}
ct, ns, auc: 0.4350044147944668, 0, 0
Loaded test data from ../dataset/yelp_preview_full/test/9.npz
Data length: 1
metric.compute(): {'accuracy': 0.45941184008200925}
ct, ns, auc: 0.45941184008200925, 0, 0
ids: [0, 1, 2, 3, 4, 5, 6, 7, 8, 9]
stats[1]: [0, 0, 0, 0, 0, 0, 0, 0, 0, 0]
stats[2]: [0.39340194817129204, 0.5151102375994863, 0.2, 0.38553719008264464, 0.3753514526710403, 0.33162743091095187, 0.3830145555154577, 0.4853216374269006, 0.4350044147944668, 0.45941184008200925]
stats[3]: [0, 0, 0, 0, 0, 0, 0, 0, 0, 0]
Averaged Test Accuracy: 0.3964
Averaged Test AUC: 0.0000
Std Test Accuracy: 0.0888
Std Test AUC: 0.0000
Loaded train data from ../dataset/yelp_preview_full/train/1.npz
Data length: 1
Time elapsed 22.71 min
Memory used: 28.10 GB
Loaded train data from ../dataset/yelp_preview_full/train/6.npz
Data length: 1
Time elapsed 3.66 min
Memory used: 28.10 GB
Loaded train data from ../dataset/yelp_preview_full/train/4.npz
Data length: 1
Time elapsed 2.84 min
Memory used: 28.10 GB
Loaded train data from ../dataset/yelp_preview_full/train/8.npz
Data length: 1
Time elapsed 9.01 min
Memory used: 28.10 GB
Loaded train data from ../dataset/yelp_preview_full/train/9.npz
Data length: 1
Time elapsed 13.81 min
Memory used: 28.10 GB
Loaded train data from ../dataset/yelp_preview_full/train/3.npz
Data length: 1
Time elapsed 6.42 min
Memory used: 28.10 GB
Loaded train data from ../dataset/yelp_preview_full/train/0.npz
Data length: 1
Time elapsed 9.59 min
Memory used: 28.10 GB
Loaded train data from ../dataset/yelp_preview_full/train/5.npz
Data length: 1
Time elapsed 1.72 min
Memory used: 28.10 GB
Loaded train data from ../dataset/yelp_preview_full/train/7.npz
Data length: 1
Time elapsed 7.57 min
Memory used: 28.10 GB
Loaded train data from ../dataset/yelp_preview_full/train/2.npz
Data length: 1
Time elapsed 0.00 min
Memory used: 28.10 GB
------------------------- time cost ------------------------- 5551.810388326645

-------------Round number: 5-------------

Evaluate global model
Loaded test data from ../dataset/yelp_preview_full/test/0.npz
Data length: 1
metric.compute(): {'accuracy': 0.4319058996507995}
ct, ns, auc: 0.4319058996507995, 0, 0
Loaded test data from ../dataset/yelp_preview_full/test/1.npz
Data length: 1
metric.compute(): {'accuracy': 0.5136313218782229}
ct, ns, auc: 0.5136313218782229, 0, 0
Loaded test data from ../dataset/yelp_preview_full/test/2.npz
Data length: 1
metric.compute(): {'accuracy': 0.2}
ct, ns, auc: 0.2, 0, 0
Loaded test data from ../dataset/yelp_preview_full/test/3.npz
Data length: 1
metric.compute(): {'accuracy': 0.3821625344352617}
ct, ns, auc: 0.3821625344352617, 0, 0
Loaded test data from ../dataset/yelp_preview_full/test/4.npz
Data length: 1
metric.compute(): {'accuracy': 0.3714464229928147}
ct, ns, auc: 0.3714464229928147, 0, 0
Loaded test data from ../dataset/yelp_preview_full/test/5.npz
Data length: 1
metric.compute(): {'accuracy': 0.36617195496417604}
ct, ns, auc: 0.36617195496417604, 0, 0
Loaded test data from ../dataset/yelp_preview_full/test/6.npz
Data length: 1
metric.compute(): {'accuracy': 0.38060868519186813}
ct, ns, auc: 0.38060868519186813, 0, 0
Loaded test data from ../dataset/yelp_preview_full/test/7.npz
Data length: 1
metric.compute(): {'accuracy': 0.5035672514619883}
ct, ns, auc: 0.5035672514619883, 0, 0
Loaded test data from ../dataset/yelp_preview_full/test/8.npz
Data length: 1
metric.compute(): {'accuracy': 0.42936328853134503}
ct, ns, auc: 0.42936328853134503, 0, 0
Loaded test data from ../dataset/yelp_preview_full/test/9.npz
Data length: 1
metric.compute(): {'accuracy': 0.4644733470015377}
ct, ns, auc: 0.4644733470015377, 0, 0
ids: [0, 1, 2, 3, 4, 5, 6, 7, 8, 9]
stats[1]: [0, 0, 0, 0, 0, 0, 0, 0, 0, 0]
stats[2]: [0.4319058996507995, 0.5136313218782229, 0.2, 0.3821625344352617, 0.3714464229928147, 0.36617195496417604, 0.38060868519186813, 0.5035672514619883, 0.42936328853134503, 0.4644733470015377]
stats[3]: [0, 0, 0, 0, 0, 0, 0, 0, 0, 0]
Averaged Test Accuracy: 0.4043
Averaged Test AUC: 0.0000
Std Test Accuracy: 0.0895
Std Test AUC: 0.0000
Loaded train data from ../dataset/yelp_preview_full/train/3.npz
Data length: 1
Time elapsed 6.42 min
Memory used: 28.10 GB
Loaded train data from ../dataset/yelp_preview_full/train/5.npz
Data length: 1
Time elapsed 1.73 min
Memory used: 28.10 GB
Loaded train data from ../dataset/yelp_preview_full/train/9.npz
Data length: 1
Time elapsed 13.81 min
Memory used: 28.10 GB
Loaded train data from ../dataset/yelp_preview_full/train/4.npz
Data length: 1
Time elapsed 2.83 min
Memory used: 28.10 GB
Loaded train data from ../dataset/yelp_preview_full/train/2.npz
Data length: 1
Time elapsed 0.00 min
Memory used: 28.10 GB
Loaded train data from ../dataset/yelp_preview_full/train/8.npz
Data length: 1
