GPU details saved to $output_file
__CUDA Device Total Memory [GB]: 42.297786368
args.dataset: dbpedia_14
args.num_labels: 14
==================================================
Personalized Federated Learning: True
Uniform Weight: False
Normalized Rank: False
Normalized Alpha: False
lora_rank: 4
lora_alpha: 1
lora_dropout: 0.05
lora_query: True
lora_key: True
lora_value: True
lora_projection: True
lora_mlp: True
lora_head: True
aa_bottleneck_reduction: 1
aa_text: False
aa_vision: False
ca_bottleneck_reduction: 4
ca_text: False
ca_vision: False
Seed: 42
Algorithm: flora
Local batch size: 128
Local epochs: 1
Local learing rate: 0.0001
Local learing rate decay: False
Total number of clients: 10
Clients join in each round: 1.0
Clients randomly join: False
Client drop rate: 0.0
Client select regarding time: False
Running times: 1
Dataset: dbpedia_14
Number of classes: 10
Backbone: distilbert
Using device: cuda
Using DP: False
Auto break: False
Global rounds: 100
Cuda device id: 2
DLG attack: False
Total number of new clients: 0
Fine tuning epoches on new clients: 0
==================================================

============= Running time: 0th =============
Creating server and clients ...
Loaded train data from ../dataset/dbpedia_14/train/0.npz
Data length: 1
Loaded test data from ../dataset/dbpedia_14/test/0.npz
Data length: 1
self.lora_params: {'rank': 4, 'alpha': 1, 'dropout': 0.05, 'lora_query': True, 'lora_key': True, 'lora_value': True, 'lora_projection': True, 'lora_mlp': True, 'lora_head': True}
Loaded train data from ../dataset/dbpedia_14/train/1.npz
Data length: 1
Loaded test data from ../dataset/dbpedia_14/test/1.npz
Data length: 1
self.lora_params: {'rank': 4, 'alpha': 1, 'dropout': 0.05, 'lora_query': True, 'lora_key': True, 'lora_value': True, 'lora_projection': True, 'lora_mlp': True, 'lora_head': True}
Loaded train data from ../dataset/dbpedia_14/train/2.npz
Data length: 1
Loaded test data from ../dataset/dbpedia_14/test/2.npz
Data length: 1
self.lora_params: {'rank': 4, 'alpha': 1, 'dropout': 0.05, 'lora_query': True, 'lora_key': True, 'lora_value': True, 'lora_projection': True, 'lora_mlp': True, 'lora_head': True}
Loaded train data from ../dataset/dbpedia_14/train/3.npz
Data length: 1
Loaded test data from ../dataset/dbpedia_14/test/3.npz
Data length: 1
self.lora_params: {'rank': 4, 'alpha': 1, 'dropout': 0.05, 'lora_query': True, 'lora_key': True, 'lora_value': True, 'lora_projection': True, 'lora_mlp': True, 'lora_head': True}
Loaded train data from ../dataset/dbpedia_14/train/4.npz
Data length: 1
Loaded test data from ../dataset/dbpedia_14/test/4.npz
Data length: 1
self.lora_params: {'rank': 4, 'alpha': 1, 'dropout': 0.05, 'lora_query': True, 'lora_key': True, 'lora_value': True, 'lora_projection': True, 'lora_mlp': True, 'lora_head': True}
Loaded train data from ../dataset/dbpedia_14/train/5.npz
Data length: 1
Loaded test data from ../dataset/dbpedia_14/test/5.npz
Data length: 1
self.lora_params: {'rank': 4, 'alpha': 1, 'dropout': 0.05, 'lora_query': True, 'lora_key': True, 'lora_value': True, 'lora_projection': True, 'lora_mlp': True, 'lora_head': True}
Loaded train data from ../dataset/dbpedia_14/train/6.npz
Data length: 1
Loaded test data from ../dataset/dbpedia_14/test/6.npz
Data length: 1
self.lora_params: {'rank': 4, 'alpha': 1, 'dropout': 0.05, 'lora_query': True, 'lora_key': True, 'lora_value': True, 'lora_projection': True, 'lora_mlp': True, 'lora_head': True}
Loaded train data from ../dataset/dbpedia_14/train/7.npz
Data length: 1
Loaded test data from ../dataset/dbpedia_14/test/7.npz
Data length: 1
self.lora_params: {'rank': 4, 'alpha': 1, 'dropout': 0.05, 'lora_query': True, 'lora_key': True, 'lora_value': True, 'lora_projection': True, 'lora_mlp': True, 'lora_head': True}
Loaded train data from ../dataset/dbpedia_14/train/8.npz
Data length: 1
Loaded test data from ../dataset/dbpedia_14/test/8.npz
Data length: 1
self.lora_params: {'rank': 4, 'alpha': 1, 'dropout': 0.05, 'lora_query': True, 'lora_key': True, 'lora_value': True, 'lora_projection': True, 'lora_mlp': True, 'lora_head': True}
Loaded train data from ../dataset/dbpedia_14/train/9.npz
Data length: 1
Loaded test data from ../dataset/dbpedia_14/test/9.npz
Data length: 1
self.lora_params: {'rank': 4, 'alpha': 1, 'dropout': 0.05, 'lora_query': True, 'lora_key': True, 'lora_value': True, 'lora_projection': True, 'lora_mlp': True, 'lora_head': True}

Join ratio / total clients: 1.0 / 10
Finished creating server and clients.

-------------Round number: 0-------------

Evaluate global model
Loaded test data from ../dataset/dbpedia_14/test/0.npz
Data length: 1
metric.compute(): {'accuracy': 0.09598202889671721}
ct, ns, auc: 0.09598202889671721, 0, 0
Loaded test data from ../dataset/dbpedia_14/test/1.npz
Data length: 1
metric.compute(): {'accuracy': 0.06488648648648648}
ct, ns, auc: 0.06488648648648648, 0, 0
Loaded test data from ../dataset/dbpedia_14/test/2.npz
Data length: 1
metric.compute(): {'accuracy': 0.0}
ct, ns, auc: 0.0, 0, 0
Loaded test data from ../dataset/dbpedia_14/test/3.npz
Data length: 1
metric.compute(): {'accuracy': 0.0}
ct, ns, auc: 0.0, 0, 0
Loaded test data from ../dataset/dbpedia_14/test/4.npz
Data length: 1
metric.compute(): {'accuracy': 0.0}
ct, ns, auc: 0.0, 0, 0
Loaded test data from ../dataset/dbpedia_14/test/5.npz
Data length: 1
metric.compute(): {'accuracy': 0.0011373329542223485}
ct, ns, auc: 0.0011373329542223485, 0, 0
Loaded test data from ../dataset/dbpedia_14/test/6.npz
Data length: 1
metric.compute(): {'accuracy': 0.027666399358460304}
ct, ns, auc: 0.027666399358460304, 0, 0
Loaded test data from ../dataset/dbpedia_14/test/7.npz
Data length: 1
metric.compute(): {'accuracy': 0.026705653021442496}
ct, ns, auc: 0.026705653021442496, 0, 0
Loaded test data from ../dataset/dbpedia_14/test/8.npz
Data length: 1
metric.compute(): {'accuracy': 0.0}
ct, ns, auc: 0.0, 0, 0
Loaded test data from ../dataset/dbpedia_14/test/9.npz
Data length: 1
metric.compute(): {'accuracy': 0.07816337426588361}
ct, ns, auc: 0.07816337426588361, 0, 0
ids: [0, 1, 2, 3, 4, 5, 6, 7, 8, 9]
stats[1]: [0, 0, 0, 0, 0, 0, 0, 0, 0, 0]
stats[2]: [0.09598202889671721, 0.06488648648648648, 0.0, 0.0, 0.0, 0.0011373329542223485, 0.027666399358460304, 0.026705653021442496, 0.0, 0.07816337426588361]
stats[3]: [0, 0, 0, 0, 0, 0, 0, 0, 0, 0]
Averaged Test Accuracy: 0.0295
Averaged Test AUC: 0.0000
Std Test Accuracy: 0.0370
Std Test AUC: 0.0000
Loaded train data from ../dataset/dbpedia_14/train/8.npz
Data length: 1
Time elapsed 1.73 min
Memory used: 24.19 GB
Loaded train data from ../dataset/dbpedia_14/train/1.npz
Data length: 1
Time elapsed 4.76 min
Memory used: 41.65 GB
Loaded train data from ../dataset/dbpedia_14/train/5.npz
Data length: 1
Time elapsed 0.33 min
Memory used: 41.65 GB
Loaded train data from ../dataset/dbpedia_14/train/0.npz
Data length: 1
