GPU details saved to $output_file
__CUDA Device Total Memory [GB]: 42.297786368
args.dataset: dbpedia_14
args.num_labels: 14
==================================================
Personalized Federated Learning: True
Uniform Weight: False
Normalized Rank: False
Normalized Alpha: False
lora_rank: 1
lora_alpha: 1
lora_dropout: 0.0
lora_query: True
lora_key: True
lora_value: True
lora_projection: True
lora_mlp: True
lora_head: True
aa_bottleneck_reduction: 1
aa_text: False
aa_vision: False
ca_bottleneck_reduction: 4
ca_text: False
ca_vision: False
Seed: 42
Algorithm: flora
Local batch size: 64
Local epochs: 1
Local learing rate: 0.0001
Local learing rate decay: False
Total number of clients: 10
Clients join in each round: 1.0
Clients randomly join: False
Client drop rate: 0.0
Client select regarding time: False
Running times: 1
Dataset: dbpedia_14
Number of classes: 10
Backbone: distilbert
Using device: cuda
Using DP: False
Auto break: False
Global rounds: 100
Cuda device id: 2
DLG attack: False
Total number of new clients: 0
Fine tuning epoches on new clients: 0
==================================================

============= Running time: 0th =============
Creating server and clients ...
Loaded train data from ../dataset/dbpedia_14/train/0.npz
Data length: 1
Loaded test data from ../dataset/dbpedia_14/test/0.npz
Data length: 1
self.lora_params: {'rank': 1, 'alpha': 1, 'dropout': 0.0, 'lora_query': True, 'lora_key': True, 'lora_value': True, 'lora_projection': True, 'lora_mlp': True, 'lora_head': True}
Loaded train data from ../dataset/dbpedia_14/train/1.npz
Data length: 1
Loaded test data from ../dataset/dbpedia_14/test/1.npz
Data length: 1
self.lora_params: {'rank': 1, 'alpha': 1, 'dropout': 0.0, 'lora_query': True, 'lora_key': True, 'lora_value': True, 'lora_projection': True, 'lora_mlp': True, 'lora_head': True}
Loaded train data from ../dataset/dbpedia_14/train/2.npz
Data length: 1
Loaded test data from ../dataset/dbpedia_14/test/2.npz
Data length: 1
self.lora_params: {'rank': 1, 'alpha': 1, 'dropout': 0.0, 'lora_query': True, 'lora_key': True, 'lora_value': True, 'lora_projection': True, 'lora_mlp': True, 'lora_head': True}
Loaded train data from ../dataset/dbpedia_14/train/3.npz
Data length: 1
Loaded test data from ../dataset/dbpedia_14/test/3.npz
Data length: 1
self.lora_params: {'rank': 1, 'alpha': 1, 'dropout': 0.0, 'lora_query': True, 'lora_key': True, 'lora_value': True, 'lora_projection': True, 'lora_mlp': True, 'lora_head': True}
Loaded train data from ../dataset/dbpedia_14/train/4.npz
Data length: 1
Loaded test data from ../dataset/dbpedia_14/test/4.npz
Data length: 1
self.lora_params: {'rank': 1, 'alpha': 1, 'dropout': 0.0, 'lora_query': True, 'lora_key': True, 'lora_value': True, 'lora_projection': True, 'lora_mlp': True, 'lora_head': True}
Loaded train data from ../dataset/dbpedia_14/train/5.npz
Data length: 1
Loaded test data from ../dataset/dbpedia_14/test/5.npz
Data length: 1
self.lora_params: {'rank': 1, 'alpha': 1, 'dropout': 0.0, 'lora_query': True, 'lora_key': True, 'lora_value': True, 'lora_projection': True, 'lora_mlp': True, 'lora_head': True}
Loaded train data from ../dataset/dbpedia_14/train/6.npz
Data length: 1
Loaded test data from ../dataset/dbpedia_14/test/6.npz
Data length: 1
self.lora_params: {'rank': 1, 'alpha': 1, 'dropout': 0.0, 'lora_query': True, 'lora_key': True, 'lora_value': True, 'lora_projection': True, 'lora_mlp': True, 'lora_head': True}
Loaded train data from ../dataset/dbpedia_14/train/7.npz
Data length: 1
Loaded test data from ../dataset/dbpedia_14/test/7.npz
Data length: 1
self.lora_params: {'rank': 1, 'alpha': 1, 'dropout': 0.0, 'lora_query': True, 'lora_key': True, 'lora_value': True, 'lora_projection': True, 'lora_mlp': True, 'lora_head': True}
Loaded train data from ../dataset/dbpedia_14/train/8.npz
Data length: 1
Loaded test data from ../dataset/dbpedia_14/test/8.npz
Data length: 1
self.lora_params: {'rank': 1, 'alpha': 1, 'dropout': 0.0, 'lora_query': True, 'lora_key': True, 'lora_value': True, 'lora_projection': True, 'lora_mlp': True, 'lora_head': True}
Loaded train data from ../dataset/dbpedia_14/train/9.npz
Data length: 1
Loaded test data from ../dataset/dbpedia_14/test/9.npz
Data length: 1
self.lora_params: {'rank': 1, 'alpha': 1, 'dropout': 0.0, 'lora_query': True, 'lora_key': True, 'lora_value': True, 'lora_projection': True, 'lora_mlp': True, 'lora_head': True}

Join ratio / total clients: 1.0 / 10
Finished creating server and clients.

-------------Round number: 0-------------

Evaluate global model
Loaded test data from ../dataset/dbpedia_14/test/0.npz
Data length: 1
metric.compute(): {'accuracy': 0.12013069893296574}
ct, ns, auc: 0.12013069893296574, 0, 0
Loaded test data from ../dataset/dbpedia_14/test/1.npz
Data length: 1
metric.compute(): {'accuracy': 0.060475675675675675}
ct, ns, auc: 0.060475675675675675, 0, 0
Loaded test data from ../dataset/dbpedia_14/test/2.npz
Data length: 1
metric.compute(): {'accuracy': 0.0}
ct, ns, auc: 0.0, 0, 0
Loaded test data from ../dataset/dbpedia_14/test/3.npz
Data length: 1
metric.compute(): {'accuracy': 0.00022955084551228098}
ct, ns, auc: 0.00022955084551228098, 0, 0
Loaded test data from ../dataset/dbpedia_14/test/4.npz
Data length: 1
metric.compute(): {'accuracy': 0.0}
ct, ns, auc: 0.0, 0, 0
Loaded test data from ../dataset/dbpedia_14/test/5.npz
Data length: 1
metric.compute(): {'accuracy': 0.0011373329542223485}
ct, ns, auc: 0.0011373329542223485, 0, 0
Loaded test data from ../dataset/dbpedia_14/test/6.npz
Data length: 1
metric.compute(): {'accuracy': 0.045308740978348035}
ct, ns, auc: 0.045308740978348035, 0, 0
Loaded test data from ../dataset/dbpedia_14/test/7.npz
Data length: 1
metric.compute(): {'accuracy': 0.01156595191682911}
ct, ns, auc: 0.01156595191682911, 0, 0
Loaded test data from ../dataset/dbpedia_14/test/8.npz
Data length: 1
metric.compute(): {'accuracy': 0.013788968824940047}
ct, ns, auc: 0.013788968824940047, 0, 0
Loaded test data from ../dataset/dbpedia_14/test/9.npz
Data length: 1
metric.compute(): {'accuracy': 0.12553835201993238}
ct, ns, auc: 0.12553835201993238, 0, 0
ids: [0, 1, 2, 3, 4, 5, 6, 7, 8, 9]
stats[1]: [0, 0, 0, 0, 0, 0, 0, 0, 0, 0]
stats[2]: [0.12013069893296574, 0.060475675675675675, 0.0, 0.00022955084551228098, 0.0, 0.0011373329542223485, 0.045308740978348035, 0.01156595191682911, 0.013788968824940047, 0.12553835201993238]
stats[3]: [0, 0, 0, 0, 0, 0, 0, 0, 0, 0]
Averaged Test Accuracy: 0.0378
Averaged Test AUC: 0.0000
Std Test Accuracy: 0.0494
Std Test AUC: 0.0000
Loaded train data from ../dataset/dbpedia_14/train/8.npz
Data length: 1
Time elapsed 1.57 min
Memory used: 12.36 GB
Loaded train data from ../dataset/dbpedia_14/train/1.npz
Data length: 1
Time elapsed 4.21 min
Memory used: 25.30 GB
Loaded train data from ../dataset/dbpedia_14/train/5.npz
Data length: 1
Time elapsed 0.31 min
Memory used: 25.30 GB
Loaded train data from ../dataset/dbpedia_14/train/0.npz
Data length: 1
Time elapsed 1.80 min
Memory used: 25.30 GB
Loaded train data from ../dataset/dbpedia_14/train/7.npz
Data length: 1
Time elapsed 1.60 min
Memory used: 34.96 GB
Loaded train data from ../dataset/dbpedia_14/train/2.npz
Data length: 1
Time elapsed 0.00 min
Memory used: 34.96 GB
Loaded train data from ../dataset/dbpedia_14/train/9.npz
Data length: 1
Time elapsed 2.64 min
Memory used: 34.96 GB
Loaded train data from ../dataset/dbpedia_14/train/4.npz
Data length: 1
Time elapsed 0.52 min
Memory used: 35.02 GB
Loaded train data from ../dataset/dbpedia_14/train/3.npz
Data length: 1
Time elapsed 1.23 min
Memory used: 35.02 GB
Loaded train data from ../dataset/dbpedia_14/train/6.npz
Data length: 1
Time elapsed 0.90 min
Memory used: 35.02 GB
------------------------- time cost ------------------------- 1217.6502339839935

-------------Round number: 1-------------

Evaluate global model
Loaded test data from ../dataset/dbpedia_14/test/0.npz
Data length: 1
metric.compute(): {'accuracy': 0.5148312656353704}
ct, ns, auc: 0.5148312656353704, 0, 0
Loaded test data from ../dataset/dbpedia_14/test/1.npz
Data length: 1
metric.compute(): {'accuracy': 0.5738378378378378}
ct, ns, auc: 0.5738378378378378, 0, 0
Loaded test data from ../dataset/dbpedia_14/test/2.npz
Data length: 1
metric.compute(): {'accuracy': 0.0}
ct, ns, auc: 0.0, 0, 0
Loaded test data from ../dataset/dbpedia_14/test/3.npz
Data length: 1
metric.compute(): {'accuracy': 0.5123574871834111}
ct, ns, auc: 0.5123574871834111, 0, 0
Loaded test data from ../dataset/dbpedia_14/test/4.npz
Data length: 1
metric.compute(): {'accuracy': 0.0008679048776254123}
ct, ns, auc: 0.0008679048776254123, 0, 0
Loaded test data from ../dataset/dbpedia_14/test/5.npz
Data length: 1
metric.compute(): {'accuracy': 0.0068239977253340914}
ct, ns, auc: 0.0068239977253340914, 0, 0
Loaded test data from ../dataset/dbpedia_14/test/6.npz
Data length: 1
metric.compute(): {'accuracy': 0.12015503875968993}
ct, ns, auc: 0.12015503875968993, 0, 0
Loaded test data from ../dataset/dbpedia_14/test/7.npz
Data length: 1
metric.compute(): {'accuracy': 0.23482781026640676}
ct, ns, auc: 0.23482781026640676, 0, 0
Loaded test data from ../dataset/dbpedia_14/test/8.npz
Data length: 1
metric.compute(): {'accuracy': 0.022454763461957707}
ct, ns, auc: 0.022454763461957707, 0, 0
Loaded test data from ../dataset/dbpedia_14/test/9.npz
Data length: 1
metric.compute(): {'accuracy': 0.4900516106068695}
ct, ns, auc: 0.4900516106068695, 0, 0
ids: [0, 1, 2, 3, 4, 5, 6, 7, 8, 9]
stats[1]: [0, 0, 0, 0, 0, 0, 0, 0, 0, 0]
stats[2]: [0.5148312656353704, 0.5738378378378378, 0.0, 0.5123574871834111, 0.0008679048776254123, 0.0068239977253340914, 0.12015503875968993, 0.23482781026640676, 0.022454763461957707, 0.4900516106068695]
stats[3]: [0, 0, 0, 0, 0, 0, 0, 0, 0, 0]
Averaged Test Accuracy: 0.2476
Averaged Test AUC: 0.0000
Std Test Accuracy: 0.2481
Std Test AUC: 0.0000
Loaded train data from ../dataset/dbpedia_14/train/5.npz
Data length: 1
Time elapsed 0.31 min
Memory used: 35.02 GB
Loaded train data from ../dataset/dbpedia_14/train/4.npz
Data length: 1
Time elapsed 0.52 min
Memory used: 35.02 GB
Loaded train data from ../dataset/dbpedia_14/train/0.npz
Data length: 1
Time elapsed 1.80 min
Memory used: 35.02 GB
Loaded train data from ../dataset/dbpedia_14/train/6.npz
Data length: 1
Time elapsed 0.89 min
Memory used: 35.02 GB
Loaded train data from ../dataset/dbpedia_14/train/9.npz
Data length: 1
Time elapsed 2.64 min
Memory used: 35.02 GB
Loaded train data from ../dataset/dbpedia_14/train/7.npz
Data length: 1
Time elapsed 1.61 min
Memory used: 35.02 GB
Loaded train data from ../dataset/dbpedia_14/train/1.npz
Data length: 1
Time elapsed 4.21 min
Memory used: 35.02 GB
Loaded train data from ../dataset/dbpedia_14/train/8.npz
Data length: 1
Time elapsed 1.57 min
Memory used: 35.02 GB
Loaded train data from ../dataset/dbpedia_14/train/2.npz
Data length: 1
Time elapsed 0.00 min
Memory used: 35.02 GB
Loaded train data from ../dataset/dbpedia_14/train/3.npz
Data length: 1
Time elapsed 1.23 min
Memory used: 35.02 GB
------------------------- time cost ------------------------- 1220.1082603931427

-------------Round number: 2-------------

Evaluate global model
Loaded test data from ../dataset/dbpedia_14/test/0.npz
Data length: 1
metric.compute(): {'accuracy': 0.4601010874559657}
ct, ns, auc: 0.4601010874559657, 0, 0
Loaded test data from ../dataset/dbpedia_14/test/1.npz
Data length: 1
metric.compute(): {'accuracy': 0.3701621621621622}
ct, ns, auc: 0.3701621621621622, 0, 0
Loaded test data from ../dataset/dbpedia_14/test/2.npz
Data length: 1
metric.compute(): {'accuracy': 0.0}
ct, ns, auc: 0.0, 0, 0
Loaded test data from ../dataset/dbpedia_14/test/3.npz
Data length: 1
metric.compute(): {'accuracy': 0.014614737164281888}
ct, ns, auc: 0.014614737164281888, 0, 0
Loaded test data from ../dataset/dbpedia_14/test/4.npz
Data length: 1
metric.compute(): {'accuracy': 0.0}
ct, ns, auc: 0.0, 0, 0
Loaded test data from ../dataset/dbpedia_14/test/5.npz
Data length: 1
metric.compute(): {'accuracy': 0.003696332101222633}
ct, ns, auc: 0.003696332101222633, 0, 0
Loaded test data from ../dataset/dbpedia_14/test/6.npz
Data length: 1
metric.compute(): {'accuracy': 0.1218925421010425}
ct, ns, auc: 0.1218925421010425, 0, 0
Loaded test data from ../dataset/dbpedia_14/test/7.npz
Data length: 1
metric.compute(): {'accuracy': 6.49772579597141e-05}
ct, ns, auc: 6.49772579597141e-05, 0, 0
Loaded test data from ../dataset/dbpedia_14/test/8.npz
Data length: 1
metric.compute(): {'accuracy': 0.49825594070198387}
ct, ns, auc: 0.49825594070198387, 0, 0
Loaded test data from ../dataset/dbpedia_14/test/9.npz
Data length: 1
metric.compute(): {'accuracy': 0.20480512546716498}
ct, ns, auc: 0.20480512546716498, 0, 0
ids: [0, 1, 2, 3, 4, 5, 6, 7, 8, 9]
stats[1]: [0, 0, 0, 0, 0, 0, 0, 0, 0, 0]
stats[2]: [0.4601010874559657, 0.3701621621621622, 0.0, 0.014614737164281888, 0.0, 0.003696332101222633, 0.1218925421010425, 6.49772579597141e-05, 0.49825594070198387, 0.20480512546716498]
stats[3]: [0, 0, 0, 0, 0, 0, 0, 0, 0, 0]
Averaged Test Accuracy: 0.1674
Averaged Test AUC: 0.0000
Std Test Accuracy: 0.2038
Std Test AUC: 0.0000
Loaded train data from ../dataset/dbpedia_14/train/0.npz
Data length: 1
Time elapsed 1.80 min
Memory used: 35.02 GB
Loaded train data from ../dataset/dbpedia_14/train/8.npz
Data length: 1
Time elapsed 1.56 min
Memory used: 35.02 GB
Loaded train data from ../dataset/dbpedia_14/train/6.npz
Data length: 1
Time elapsed 0.90 min
Memory used: 35.02 GB
Loaded train data from ../dataset/dbpedia_14/train/2.npz
Data length: 1
Time elapsed 0.00 min
Memory used: 35.02 GB
Loaded train data from ../dataset/dbpedia_14/train/1.npz
Data length: 1
Time elapsed 4.21 min
Memory used: 35.02 GB
Loaded train data from ../dataset/dbpedia_14/train/5.npz
Data length: 1
Time elapsed 0.31 min
Memory used: 35.02 GB
Loaded train data from ../dataset/dbpedia_14/train/9.npz
Data length: 1
Time elapsed 2.64 min
Memory used: 35.02 GB
Loaded train data from ../dataset/dbpedia_14/train/3.npz
Data length: 1
Time elapsed 1.23 min
Memory used: 35.02 GB
Loaded train data from ../dataset/dbpedia_14/train/4.npz
Data length: 1
Time elapsed 0.52 min
Memory used: 35.02 GB
Loaded train data from ../dataset/dbpedia_14/train/7.npz
Data length: 1
Time elapsed 1.60 min
Memory used: 35.02 GB
------------------------- time cost ------------------------- 1219.6358749866486

-------------Round number: 3-------------

Evaluate global model
Loaded test data from ../dataset/dbpedia_14/test/0.npz
Data length: 1
metric.compute(): {'accuracy': 0.5284627559095318}
ct, ns, auc: 0.5284627559095318, 0, 0
Loaded test data from ../dataset/dbpedia_14/test/1.npz
Data length: 1
metric.compute(): {'accuracy': 0.652972972972973}
ct, ns, auc: 0.652972972972973, 0, 0
Loaded test data from ../dataset/dbpedia_14/test/2.npz
Data length: 1
metric.compute(): {'accuracy': 0.0}
ct, ns, auc: 0.0, 0, 0
Loaded test data from ../dataset/dbpedia_14/test/3.npz
Data length: 1
metric.compute(): {'accuracy': 0.7380824852704874}
ct, ns, auc: 0.7380824852704874, 0, 0
Loaded test data from ../dataset/dbpedia_14/test/4.npz
Data length: 1
metric.compute(): {'accuracy': 0.001215066828675577}
ct, ns, auc: 0.001215066828675577, 0, 0
Loaded test data from ../dataset/dbpedia_14/test/5.npz
Data length: 1
metric.compute(): {'accuracy': 0.0}
ct, ns, auc: 0.0, 0, 0
Loaded test data from ../dataset/dbpedia_14/test/6.npz
Data length: 1
metric.compute(): {'accuracy': 0.9270248596631917}
ct, ns, auc: 0.9270248596631917, 0, 0
Loaded test data from ../dataset/dbpedia_14/test/7.npz
Data length: 1
metric.compute(): {'accuracy': 0.17992202729044834}
ct, ns, auc: 0.17992202729044834, 0, 0
Loaded test data from ../dataset/dbpedia_14/test/8.npz
Data length: 1
metric.compute(): {'accuracy': 0.8425986483540441}
ct, ns, auc: 0.8425986483540441, 0, 0
Loaded test data from ../dataset/dbpedia_14/test/9.npz
Data length: 1
metric.compute(): {'accuracy': 0.07670403986474461}
ct, ns, auc: 0.07670403986474461, 0, 0
ids: [0, 1, 2, 3, 4, 5, 6, 7, 8, 9]
stats[1]: [0, 0, 0, 0, 0, 0, 0, 0, 0, 0]
stats[2]: [0.5284627559095318, 0.652972972972973, 0.0, 0.7380824852704874, 0.001215066828675577, 0.0, 0.9270248596631917, 0.17992202729044834, 0.8425986483540441, 0.07670403986474461]
stats[3]: [0, 0, 0, 0, 0, 0, 0, 0, 0, 0]
Averaged Test Accuracy: 0.3947
Averaged Test AUC: 0.0000
Std Test Accuracy: 0.3801
Std Test AUC: 0.0000
Loaded train data from ../dataset/dbpedia_14/train/8.npz
Data length: 1
Time elapsed 1.57 min
Memory used: 35.02 GB
Loaded train data from ../dataset/dbpedia_14/train/7.npz
Data length: 1
Time elapsed 1.61 min
Memory used: 35.02 GB
Loaded train data from ../dataset/dbpedia_14/train/2.npz
Data length: 1
Time elapsed 0.00 min
Memory used: 35.02 GB
Loaded train data from ../dataset/dbpedia_14/train/6.npz
Data length: 1
Time elapsed 0.90 min
Memory used: 35.02 GB
Loaded train data from ../dataset/dbpedia_14/train/1.npz
Data length: 1
Time elapsed 4.21 min
Memory used: 35.02 GB
Loaded train data from ../dataset/dbpedia_14/train/0.npz
Data length: 1
Time elapsed 1.81 min
Memory used: 35.02 GB
Loaded train data from ../dataset/dbpedia_14/train/4.npz
Data length: 1
Time elapsed 0.52 min
Memory used: 35.02 GB
Loaded train data from ../dataset/dbpedia_14/train/9.npz
Data length: 1
Time elapsed 2.64 min
Memory used: 35.02 GB
Loaded train data from ../dataset/dbpedia_14/train/3.npz
Data length: 1
Time elapsed 1.23 min
Memory used: 35.02 GB
Loaded train data from ../dataset/dbpedia_14/train/5.npz
Data length: 1
Time elapsed 0.31 min
Memory used: 35.02 GB
------------------------- time cost ------------------------- 1223.3042261600494

-------------Round number: 4-------------

Evaluate global model
Loaded test data from ../dataset/dbpedia_14/test/0.npz
Data length: 1
metric.compute(): {'accuracy': 0.8378005820186859}
ct, ns, auc: 0.8378005820186859, 0, 0
Loaded test data from ../dataset/dbpedia_14/test/1.npz
Data length: 1
metric.compute(): {'accuracy': 0.5659027027027027}
ct, ns, auc: 0.5659027027027027, 0, 0
Loaded test data from ../dataset/dbpedia_14/test/2.npz
Data length: 1
metric.compute(): {'accuracy': 0.0}
ct, ns, auc: 0.0, 0, 0
Loaded test data from ../dataset/dbpedia_14/test/3.npz
Data length: 1
metric.compute(): {'accuracy': 0.9830897543805953}
ct, ns, auc: 0.9830897543805953, 0, 0
Loaded test data from ../dataset/dbpedia_14/test/4.npz
Data length: 1
metric.compute(): {'accuracy': 0.8134004513105364}
ct, ns, auc: 0.8134004513105364, 0, 0
Loaded test data from ../dataset/dbpedia_14/test/5.npz
Data length: 1
metric.compute(): {'accuracy': 0.0}
ct, ns, auc: 0.0, 0, 0
Loaded test data from ../dataset/dbpedia_14/test/6.npz
Data length: 1
metric.compute(): {'accuracy': 0.7639668537824111}
ct, ns, auc: 0.7639668537824111, 0, 0
Loaded test data from ../dataset/dbpedia_14/test/7.npz
Data length: 1
metric.compute(): {'accuracy': 0.7193632228719948}
ct, ns, auc: 0.7193632228719948, 0, 0
Loaded test data from ../dataset/dbpedia_14/test/8.npz
Data length: 1
metric.compute(): {'accuracy': 0.021201220841508613}
ct, ns, auc: 0.021201220841508613, 0, 0
Loaded test data from ../dataset/dbpedia_14/test/9.npz
Data length: 1
metric.compute(): {'accuracy': 0.08268375155721659}
ct, ns, auc: 0.08268375155721659, 0, 0
ids: [0, 1, 2, 3, 4, 5, 6, 7, 8, 9]
stats[1]: [0, 0, 0, 0, 0, 0, 0, 0, 0, 0]
stats[2]: [0.8378005820186859, 0.5659027027027027, 0.0, 0.9830897543805953, 0.8134004513105364, 0.0, 0.7639668537824111, 0.7193632228719948, 0.021201220841508613, 0.08268375155721659]
stats[3]: [0, 0, 0, 0, 0, 0, 0, 0, 0, 0]
Averaged Test Accuracy: 0.4787
Averaged Test AUC: 0.0000
Std Test Accuracy: 0.4037
Std Test AUC: 0.0000
Loaded train data from ../dataset/dbpedia_14/train/6.npz
Data length: 1
Time elapsed 0.90 min
Memory used: 35.02 GB
Loaded train data from ../dataset/dbpedia_14/train/9.npz
Data length: 1
Time elapsed 2.64 min
Memory used: 35.02 GB
Loaded train data from ../dataset/dbpedia_14/train/7.npz
Data length: 1
Time elapsed 1.61 min
Memory used: 35.02 GB
Loaded train data from ../dataset/dbpedia_14/train/2.npz
Data length: 1
Time elapsed 0.00 min
Memory used: 35.02 GB
Loaded train data from ../dataset/dbpedia_14/train/0.npz
Data length: 1
Time elapsed 1.81 min
Memory used: 35.02 GB
Loaded train data from ../dataset/dbpedia_14/train/8.npz
Data length: 1
Time elapsed 1.57 min
Memory used: 35.02 GB
Loaded train data from ../dataset/dbpedia_14/train/4.npz
Data length: 1
Time elapsed 0.52 min
Memory used: 35.02 GB
Loaded train data from ../dataset/dbpedia_14/train/1.npz
Data length: 1
Time elapsed 4.20 min
Memory used: 35.02 GB
Loaded train data from ../dataset/dbpedia_14/train/3.npz
Data length: 1
Time elapsed 1.23 min
Memory used: 35.02 GB
Loaded train data from ../dataset/dbpedia_14/train/5.npz
Data length: 1
Time elapsed 0.31 min
Memory used: 35.02 GB
------------------------- time cost ------------------------- 1220.1626992225647

-------------Round number: 5-------------

Evaluate global model
Loaded test data from ../dataset/dbpedia_14/test/0.npz
Data length: 1
metric.compute(): {'accuracy': 0.874968091080819}
ct, ns, auc: 0.874968091080819, 0, 0
Loaded test data from ../dataset/dbpedia_14/test/1.npz
Data length: 1
metric.compute(): {'accuracy': 0.5953297297297298}
ct, ns, auc: 0.5953297297297298, 0, 0
Loaded test data from ../dataset/dbpedia_14/test/2.npz
Data length: 1
metric.compute(): {'accuracy': 0.0}
ct, ns, auc: 0.0, 0, 0
Loaded test data from ../dataset/dbpedia_14/test/3.npz
Data length: 1
metric.compute(): {'accuracy': 0.9831662713290994}
ct, ns, auc: 0.9831662713290994, 0, 0
Loaded test data from ../dataset/dbpedia_14/test/4.npz
Data length: 1
metric.compute(): {'accuracy': 0.6245443499392467}
ct, ns, auc: 0.6245443499392467, 0, 0
Loaded test data from ../dataset/dbpedia_14/test/5.npz
Data length: 1
metric.compute(): {'accuracy': 0.0}
ct, ns, auc: 0.0, 0, 0
Loaded test data from ../dataset/dbpedia_14/test/6.npz
Data length: 1
metric.compute(): {'accuracy': 0.22988505747126436}
ct, ns, auc: 0.22988505747126436, 0, 0
Loaded test data from ../dataset/dbpedia_14/test/7.npz
Data length: 1
metric.compute(): {'accuracy': 0.7209226770630279}
ct, ns, auc: 0.7209226770630279, 0, 0
Loaded test data from ../dataset/dbpedia_14/test/8.npz
Data length: 1
metric.compute(): {'accuracy': 0.00010900370612600828}
ct, ns, auc: 0.00010900370612600828, 0, 0
Loaded test data from ../dataset/dbpedia_14/test/9.npz
Data length: 1
metric.compute(): {'accuracy': 0.1382808328884143}
ct, ns, auc: 0.1382808328884143, 0, 0
ids: [0, 1, 2, 3, 4, 5, 6, 7, 8, 9]
stats[1]: [0, 0, 0, 0, 0, 0, 0, 0, 0, 0]
stats[2]: [0.874968091080819, 0.5953297297297298, 0.0, 0.9831662713290994, 0.6245443499392467, 0.0, 0.22988505747126436, 0.7209226770630279, 0.00010900370612600828, 0.1382808328884143]
stats[3]: [0, 0, 0, 0, 0, 0, 0, 0, 0, 0]
Averaged Test Accuracy: 0.4167
Averaged Test AUC: 0.0000
Std Test Accuracy: 0.3847
Std Test AUC: 0.0000
Loaded train data from ../dataset/dbpedia_14/train/0.npz
Data length: 1
Time elapsed 1.80 min
Memory used: 35.02 GB
Loaded train data from ../dataset/dbpedia_14/train/5.npz
Data length: 1
Time elapsed 0.31 min
Memory used: 35.02 GB
Loaded train data from ../dataset/dbpedia_14/train/3.npz
Data length: 1
Time elapsed 1.23 min
Memory used: 35.02 GB
Loaded train data from ../dataset/dbpedia_14/train/8.npz
Data length: 1
Time elapsed 1.56 min
Memory used: 35.02 GB
Loaded train data from ../dataset/dbpedia_14/train/2.npz
Data length: 1
Time elapsed 0.00 min
Memory used: 35.02 GB
Loaded train data from ../dataset/dbpedia_14/train/6.npz
Data length: 1
Time elapsed 0.89 min
Memory used: 35.02 GB
Loaded train data from ../dataset/dbpedia_14/train/4.npz
Data length: 1
Time elapsed 0.52 min
Memory used: 35.02 GB
Loaded train data from ../dataset/dbpedia_14/train/1.npz
Data length: 1
Time elapsed 4.20 min
Memory used: 35.02 GB
Loaded train data from ../dataset/dbpedia_14/train/9.npz
Data length: 1
Time elapsed 2.64 min
Memory used: 35.02 GB
Loaded train data from ../dataset/dbpedia_14/train/7.npz
Data length: 1
Time elapsed 1.61 min
Memory used: 35.02 GB
------------------------- time cost ------------------------- 1218.4988420009613

-------------Round number: 6-------------

Evaluate global model
Loaded test data from ../dataset/dbpedia_14/test/0.npz
Data length: 1
metric.compute(): {'accuracy': 0.9468525042119773}
ct, ns, auc: 0.9468525042119773, 0, 0
Loaded test data from ../dataset/dbpedia_14/test/1.npz
Data length: 1
metric.compute(): {'accuracy': 0.6086918918918919}
ct, ns, auc: 0.6086918918918919, 0, 0
Loaded test data from ../dataset/dbpedia_14/test/2.npz
Data length: 1
metric.compute(): {'accuracy': 0.0}
ct, ns, auc: 0.0, 0, 0
Loaded test data from ../dataset/dbpedia_14/test/3.npz
Data length: 1
metric.compute(): {'accuracy': 0.926467212487566}
ct, ns, auc: 0.926467212487566, 0, 0
Loaded test data from ../dataset/dbpedia_14/test/4.npz
Data length: 1
metric.compute(): {'accuracy': 0.5066828675577156}
ct, ns, auc: 0.5066828675577156, 0, 0
Loaded test data from ../dataset/dbpedia_14/test/5.npz
Data length: 1
metric.compute(): {'accuracy': 0.0}
ct, ns, auc: 0.0, 0, 0
Loaded test data from ../dataset/dbpedia_14/test/6.npz
Data length: 1
metric.compute(): {'accuracy': 0.054931836407377706}
ct, ns, auc: 0.054931836407377706, 0, 0
Loaded test data from ../dataset/dbpedia_14/test/7.npz
Data length: 1
metric.compute(): {'accuracy': 0.7185185185185186}
ct, ns, auc: 0.7185185185185186, 0, 0
Loaded test data from ../dataset/dbpedia_14/test/8.npz
Data length: 1
metric.compute(): {'accuracy': 0.0007085240898190539}
ct, ns, auc: 0.0007085240898190539, 0, 0
Loaded test data from ../dataset/dbpedia_14/test/9.npz
Data length: 1
metric.compute(): {'accuracy': 0.20398647446164797}
ct, ns, auc: 0.20398647446164797, 0, 0
ids: [0, 1, 2, 3, 4, 5, 6, 7, 8, 9]
stats[1]: [0, 0, 0, 0, 0, 0, 0, 0, 0, 0]
stats[2]: [0.9468525042119773, 0.6086918918918919, 0.0, 0.926467212487566, 0.5066828675577156, 0.0, 0.054931836407377706, 0.7185185185185186, 0.0007085240898190539, 0.20398647446164797]
stats[3]: [0, 0, 0, 0, 0, 0, 0, 0, 0, 0]
Averaged Test Accuracy: 0.3967
Averaged Test AUC: 0.0000
Std Test Accuracy: 0.3901
Std Test AUC: 0.0000
Loaded train data from ../dataset/dbpedia_14/train/9.npz
Data length: 1
Time elapsed 2.64 min
Memory used: 35.02 GB
Loaded train data from ../dataset/dbpedia_14/train/2.npz
Data length: 1
Time elapsed 0.00 min
Memory used: 35.02 GB
Loaded train data from ../dataset/dbpedia_14/train/0.npz
Data length: 1
Time elapsed 1.80 min
Memory used: 35.02 GB
Loaded train data from ../dataset/dbpedia_14/train/3.npz
Data length: 1
Time elapsed 1.23 min
Memory used: 35.02 GB
Loaded train data from ../dataset/dbpedia_14/train/5.npz
Data length: 1
Time elapsed 0.31 min
Memory used: 35.02 GB
Loaded train data from ../dataset/dbpedia_14/train/4.npz
Data length: 1
Time elapsed 0.52 min
Memory used: 35.02 GB
Loaded train data from ../dataset/dbpedia_14/train/1.npz
Data length: 1
Time elapsed 4.21 min
Memory used: 35.02 GB
Loaded train data from ../dataset/dbpedia_14/train/6.npz
Data length: 1
Time elapsed 0.89 min
Memory used: 35.02 GB
Loaded train data from ../dataset/dbpedia_14/train/7.npz
Data length: 1
Time elapsed 1.60 min
Memory used: 35.02 GB
Loaded train data from ../dataset/dbpedia_14/train/8.npz
Data length: 1
Time elapsed 1.57 min
Memory used: 35.02 GB
------------------------- time cost ------------------------- 1216.52659034729

-------------Round number: 7-------------

Evaluate global model
Loaded test data from ../dataset/dbpedia_14/test/0.npz
Data length: 1
metric.compute(): {'accuracy': 0.9573186297033747}
ct, ns, auc: 0.9573186297033747, 0, 0
Loaded test data from ../dataset/dbpedia_14/test/1.npz
Data length: 1
metric.compute(): {'accuracy': 0.618054054054054}
ct, ns, auc: 0.618054054054054, 0, 0
Loaded test data from ../dataset/dbpedia_14/test/2.npz
Data length: 1
metric.compute(): {'accuracy': 0.0}
ct, ns, auc: 0.0, 0, 0
Loaded test data from ../dataset/dbpedia_14/test/3.npz
Data length: 1
metric.compute(): {'accuracy': 0.8563011707093121}
ct, ns, auc: 0.8563011707093121, 0, 0
Loaded test data from ../dataset/dbpedia_14/test/4.npz
Data length: 1
metric.compute(): {'accuracy': 0.3580975525082451}
ct, ns, auc: 0.3580975525082451, 0, 0
Loaded test data from ../dataset/dbpedia_14/test/5.npz
Data length: 1
metric.compute(): {'accuracy': 0.0}
ct, ns, auc: 0.0, 0, 0
Loaded test data from ../dataset/dbpedia_14/test/6.npz
Data length: 1
metric.compute(): {'accuracy': 0.0}
ct, ns, auc: 0.0, 0, 0
Loaded test data from ../dataset/dbpedia_14/test/7.npz
Data length: 1
metric.compute(): {'accuracy': 0.7201429499675114}
ct, ns, auc: 0.7201429499675114, 0, 0
Loaded test data from ../dataset/dbpedia_14/test/8.npz
Data length: 1
metric.compute(): {'accuracy': 0.0004360148245040331}
ct, ns, auc: 0.0004360148245040331, 0, 0
Loaded test data from ../dataset/dbpedia_14/test/9.npz
Data length: 1
metric.compute(): {'accuracy': 0.2177967609894999}
ct, ns, auc: 0.2177967609894999, 0, 0
ids: [0, 1, 2, 3, 4, 5, 6, 7, 8, 9]
stats[1]: [0, 0, 0, 0, 0, 0, 0, 0, 0, 0]
stats[2]: [0.9573186297033747, 0.618054054054054, 0.0, 0.8563011707093121, 0.3580975525082451, 0.0, 0.0, 0.7201429499675114, 0.0004360148245040331, 0.2177967609894999]
stats[3]: [0, 0, 0, 0, 0, 0, 0, 0, 0, 0]
Averaged Test Accuracy: 0.3728
Averaged Test AUC: 0.0000
Std Test Accuracy: 0.3853
Std Test AUC: 0.0000
Loaded train data from ../dataset/dbpedia_14/train/2.npz
Data length: 1
Time elapsed 0.00 min
Memory used: 35.02 GB
Loaded train data from ../dataset/dbpedia_14/train/6.npz
Data length: 1
Time elapsed 0.89 min
Memory used: 35.02 GB
Loaded train data from ../dataset/dbpedia_14/train/9.npz
Data length: 1
Time elapsed 2.64 min
Memory used: 35.02 GB
Loaded train data from ../dataset/dbpedia_14/train/0.npz
Data length: 1
Time elapsed 1.80 min
Memory used: 35.02 GB
Loaded train data from ../dataset/dbpedia_14/train/8.npz
Data length: 1
Time elapsed 1.57 min
Memory used: 35.02 GB
Loaded train data from ../dataset/dbpedia_14/train/4.npz
Data length: 1
Time elapsed 0.52 min
Memory used: 35.02 GB
Loaded train data from ../dataset/dbpedia_14/train/7.npz
Data length: 1
Time elapsed 1.61 min
Memory used: 35.02 GB
Loaded train data from ../dataset/dbpedia_14/train/1.npz
Data length: 1
Time elapsed 4.20 min
Memory used: 35.02 GB
Loaded train data from ../dataset/dbpedia_14/train/5.npz
Data length: 1
Time elapsed 0.31 min
Memory used: 35.02 GB
Loaded train data from ../dataset/dbpedia_14/train/3.npz
Data length: 1
Time elapsed 1.23 min
Memory used: 35.02 GB
------------------------- time cost ------------------------- 1218.6191635131836

-------------Round number: 8-------------

Evaluate global model
Loaded test data from ../dataset/dbpedia_14/test/0.npz
Data length: 1
metric.compute(): {'accuracy': 0.9716138254965028}
ct, ns, auc: 0.9716138254965028, 0, 0
Loaded test data from ../dataset/dbpedia_14/test/1.npz
Data length: 1
metric.compute(): {'accuracy': 0.6208864864864865}
ct, ns, auc: 0.6208864864864865, 0, 0
Loaded test data from ../dataset/dbpedia_14/test/2.npz
Data length: 1
metric.compute(): {'accuracy': 0.0}
ct, ns, auc: 0.0, 0, 0
Loaded test data from ../dataset/dbpedia_14/test/3.npz
Data length: 1
metric.compute(): {'accuracy': 0.9267732802815823}
ct, ns, auc: 0.9267732802815823, 0, 0
Loaded test data from ../dataset/dbpedia_14/test/4.npz
Data length: 1
metric.compute(): {'accuracy': 0.35792397153272}
ct, ns, auc: 0.35792397153272, 0, 0
Loaded test data from ../dataset/dbpedia_14/test/5.npz
Data length: 1
metric.compute(): {'accuracy': 0.0}
ct, ns, auc: 0.0, 0, 0
Loaded test data from ../dataset/dbpedia_14/test/6.npz
Data length: 1
metric.compute(): {'accuracy': 0.0}
ct, ns, auc: 0.0, 0, 0
Loaded test data from ../dataset/dbpedia_14/test/7.npz
Data length: 1
metric.compute(): {'accuracy': 0.7200779727095517}
ct, ns, auc: 0.7200779727095517, 0, 0
Loaded test data from ../dataset/dbpedia_14/test/8.npz
Data length: 1
metric.compute(): {'accuracy': 0.00021800741225201656}
ct, ns, auc: 0.00021800741225201656, 0, 0
Loaded test data from ../dataset/dbpedia_14/test/9.npz
Data length: 1
metric.compute(): {'accuracy': 0.2221035771489589}
ct, ns, auc: 0.2221035771489589, 0, 0
ids: [0, 1, 2, 3, 4, 5, 6, 7, 8, 9]
stats[1]: [0, 0, 0, 0, 0, 0, 0, 0, 0, 0]
stats[2]: [0.9716138254965028, 0.6208864864864865, 0.0, 0.9267732802815823, 0.35792397153272, 0.0, 0.0, 0.7200779727095517, 0.00021800741225201656, 0.2221035771489589]
stats[3]: [0, 0, 0, 0, 0, 0, 0, 0, 0, 0]
Averaged Test Accuracy: 0.3820
Averaged Test AUC: 0.0000
Std Test Accuracy: 0.3980
Std Test AUC: 0.0000
Loaded train data from ../dataset/dbpedia_14/train/2.npz
Data length: 1
Time elapsed 0.00 min
Memory used: 35.02 GB
Loaded train data from ../dataset/dbpedia_14/train/4.npz
Data length: 1
Time elapsed 0.52 min
Memory used: 35.02 GB
Loaded train data from ../dataset/dbpedia_14/train/3.npz
Data length: 1
Time elapsed 1.23 min
Memory used: 35.02 GB
Loaded train data from ../dataset/dbpedia_14/train/1.npz
Data length: 1
Time elapsed 4.21 min
Memory used: 35.02 GB
Loaded train data from ../dataset/dbpedia_14/train/9.npz
Data length: 1
Time elapsed 2.64 min
Memory used: 35.02 GB
Loaded train data from ../dataset/dbpedia_14/train/6.npz
Data length: 1
Time elapsed 0.89 min
Memory used: 35.02 GB
Loaded train data from ../dataset/dbpedia_14/train/8.npz
Data length: 1
Time elapsed 1.57 min
Memory used: 35.02 GB
Loaded train data from ../dataset/dbpedia_14/train/0.npz
Data length: 1
Time elapsed 1.80 min
Memory used: 35.02 GB
Loaded train data from ../dataset/dbpedia_14/train/5.npz
Data length: 1
Time elapsed 0.31 min
Memory used: 35.02 GB
Loaded train data from ../dataset/dbpedia_14/train/7.npz
Data length: 1
Time elapsed 1.61 min
Memory used: 35.02 GB
------------------------- time cost ------------------------- 1218.052354335785

-------------Round number: 9-------------

Evaluate global model
Loaded test data from ../dataset/dbpedia_14/test/0.npz
Data length: 1
metric.compute(): {'accuracy': 0.9754939500689233}
ct, ns, auc: 0.9754939500689233, 0, 0
Loaded test data from ../dataset/dbpedia_14/test/1.npz
Data length: 1
metric.compute(): {'accuracy': 0.6287351351351351}
ct, ns, auc: 0.6287351351351351, 0, 0
Loaded test data from ../dataset/dbpedia_14/test/2.npz
Data length: 1
metric.compute(): {'accuracy': 0.0}
ct, ns, auc: 0.0, 0, 0
Loaded test data from ../dataset/dbpedia_14/test/3.npz
Data length: 1
metric.compute(): {'accuracy': 0.8327339505700513}
ct, ns, auc: 0.8327339505700513, 0, 0
Loaded test data from ../dataset/dbpedia_14/test/4.npz
Data length: 1
metric.compute(): {'accuracy': 0.43152230515535495}
ct, ns, auc: 0.43152230515535495, 0, 0
Loaded test data from ../dataset/dbpedia_14/test/5.npz
Data length: 1
metric.compute(): {'accuracy': 0.0}
ct, ns, auc: 0.0, 0, 0
Loaded test data from ../dataset/dbpedia_14/test/6.npz
Data length: 1
metric.compute(): {'accuracy': 0.0}
ct, ns, auc: 0.0, 0, 0
Loaded test data from ../dataset/dbpedia_14/test/7.npz
Data length: 1
metric.compute(): {'accuracy': 0.7204028589993502}
ct, ns, auc: 0.7204028589993502, 0, 0
Loaded test data from ../dataset/dbpedia_14/test/8.npz
Data length: 1
metric.compute(): {'accuracy': 0.00021800741225201656}
ct, ns, auc: 0.00021800741225201656, 0, 0
Loaded test data from ../dataset/dbpedia_14/test/9.npz
Data length: 1
metric.compute(): {'accuracy': 0.21074924363765796}
ct, ns, auc: 0.21074924363765796, 0, 0
ids: [0, 1, 2, 3, 4, 5, 6, 7, 8, 9]
stats[1]: [0, 0, 0, 0, 0, 0, 0, 0, 0, 0]
stats[2]: [0.9754939500689233, 0.6287351351351351, 0.0, 0.8327339505700513, 0.43152230515535495, 0.0, 0.0, 0.7204028589993502, 0.00021800741225201656, 0.21074924363765796]
stats[3]: [0, 0, 0, 0, 0, 0, 0, 0, 0, 0]
Averaged Test Accuracy: 0.3800
Averaged Test AUC: 0.0000
Std Test Accuracy: 0.3867
Std Test AUC: 0.0000
Loaded train data from ../dataset/dbpedia_14/train/9.npz
Data length: 1
Time elapsed 2.63 min
Memory used: 35.02 GB
Loaded train data from ../dataset/dbpedia_14/train/8.npz
Data length: 1
Time elapsed 1.57 min
Memory used: 35.02 GB
Loaded train data from ../dataset/dbpedia_14/train/1.npz
Data length: 1
Time elapsed 4.21 min
Memory used: 35.02 GB
Loaded train data from ../dataset/dbpedia_14/train/4.npz
Data length: 1
Time elapsed 0.52 min
Memory used: 35.02 GB
Loaded train data from ../dataset/dbpedia_14/train/6.npz
Data length: 1
Time elapsed 0.89 min
Memory used: 35.02 GB
Loaded train data from ../dataset/dbpedia_14/train/5.npz
Data length: 1
Time elapsed 0.31 min
Memory used: 35.02 GB
Loaded train data from ../dataset/dbpedia_14/train/7.npz
Data length: 1
Time elapsed 1.61 min
Memory used: 35.02 GB
Loaded train data from ../dataset/dbpedia_14/train/2.npz
Data length: 1
Time elapsed 0.00 min
Memory used: 35.02 GB
Loaded train data from ../dataset/dbpedia_14/train/3.npz
Data length: 1
Time elapsed 1.23 min
Memory used: 35.02 GB
Loaded train data from ../dataset/dbpedia_14/train/0.npz
Data length: 1
Time elapsed 1.80 min
Memory used: 35.02 GB
------------------------- time cost ------------------------- 1218.197517156601

-------------Round number: 10-------------

Evaluate global model
Loaded test data from ../dataset/dbpedia_14/test/0.npz
Data length: 1
metric.compute(): {'accuracy': 0.9706437943533976}
ct, ns, auc: 0.9706437943533976, 0, 0
Loaded test data from ../dataset/dbpedia_14/test/1.npz
Data length: 1
metric.compute(): {'accuracy': 0.6313513513513513}
ct, ns, auc: 0.6313513513513513, 0, 0
Loaded test data from ../dataset/dbpedia_14/test/2.npz
Data length: 1
metric.compute(): {'accuracy': 0.0}
ct, ns, auc: 0.0, 0, 0
Loaded test data from ../dataset/dbpedia_14/test/3.npz
Data length: 1
metric.compute(): {'accuracy': 0.6881934348458183}
ct, ns, auc: 0.6881934348458183, 0, 0
Loaded test data from ../dataset/dbpedia_14/test/4.npz
Data length: 1
metric.compute(): {'accuracy': 0.36938031591737547}
ct, ns, auc: 0.36938031591737547, 0, 0
Loaded test data from ../dataset/dbpedia_14/test/5.npz
Data length: 1
metric.compute(): {'accuracy': 0.0}
ct, ns, auc: 0.0, 0, 0
Loaded test data from ../dataset/dbpedia_14/test/6.npz
Data length: 1
metric.compute(): {'accuracy': 0.0}
ct, ns, auc: 0.0, 0, 0
Loaded test data from ../dataset/dbpedia_14/test/7.npz
Data length: 1
metric.compute(): {'accuracy': 0.7186484730344379}
ct, ns, auc: 0.7186484730344379, 0, 0
Loaded test data from ../dataset/dbpedia_14/test/8.npz
Data length: 1
metric.compute(): {'accuracy': 0.00016350555918901244}
ct, ns, auc: 0.00016350555918901244, 0, 0
Loaded test data from ../dataset/dbpedia_14/test/9.npz
Data length: 1
metric.compute(): {'accuracy': 0.23349350418223883}
ct, ns, auc: 0.23349350418223883, 0, 0
ids: [0, 1, 2, 3, 4, 5, 6, 7, 8, 9]
stats[1]: [0, 0, 0, 0, 0, 0, 0, 0, 0, 0]
stats[2]: [0.9706437943533976, 0.6313513513513513, 0.0, 0.6881934348458183, 0.36938031591737547, 0.0, 0.0, 0.7186484730344379, 0.00016350555918901244, 0.23349350418223883]
stats[3]: [0, 0, 0, 0, 0, 0, 0, 0, 0, 0]
Averaged Test Accuracy: 0.3612
Averaged Test AUC: 0.0000
Std Test Accuracy: 0.3678
Std Test AUC: 0.0000
Loaded train data from ../dataset/dbpedia_14/train/0.npz
Data length: 1
Time elapsed 1.80 min
Memory used: 35.02 GB
Loaded train data from ../dataset/dbpedia_14/train/2.npz
Data length: 1
Time elapsed 0.00 min
Memory used: 35.02 GB
Loaded train data from ../dataset/dbpedia_14/train/9.npz
Data length: 1
Time elapsed 2.64 min
Memory used: 35.02 GB
Loaded train data from ../dataset/dbpedia_14/train/8.npz
Data length: 1
Time elapsed 1.57 min
Memory used: 35.02 GB
Loaded train data from ../dataset/dbpedia_14/train/7.npz
Data length: 1
Time elapsed 1.60 min
Memory used: 35.02 GB
Loaded train data from ../dataset/dbpedia_14/train/4.npz
Data length: 1
Time elapsed 0.52 min
Memory used: 35.02 GB
Loaded train data from ../dataset/dbpedia_14/train/1.npz
Data length: 1
Time elapsed 4.21 min
Memory used: 35.02 GB
Loaded train data from ../dataset/dbpedia_14/train/6.npz
Data length: 1
Time elapsed 0.90 min
Memory used: 35.02 GB
Loaded train data from ../dataset/dbpedia_14/train/5.npz
Data length: 1
Time elapsed 0.31 min
Memory used: 35.02 GB
Loaded train data from ../dataset/dbpedia_14/train/3.npz
Data length: 1
Time elapsed 1.23 min
Memory used: 35.02 GB
------------------------- time cost ------------------------- 1220.0769102573395

-------------Round number: 11-------------

Evaluate global model
Loaded test data from ../dataset/dbpedia_14/test/0.npz
Data length: 1
metric.compute(): {'accuracy': 0.9730433450758156}
ct, ns, auc: 0.9730433450758156, 0, 0
Loaded test data from ../dataset/dbpedia_14/test/1.npz
Data length: 1
metric.compute(): {'accuracy': 0.6305513513513513}
ct, ns, auc: 0.6305513513513513, 0, 0
Loaded test data from ../dataset/dbpedia_14/test/2.npz
Data length: 1
metric.compute(): {'accuracy': 0.0}
ct, ns, auc: 0.0, 0, 0
Loaded test data from ../dataset/dbpedia_14/test/3.npz
Data length: 1
metric.compute(): {'accuracy': 0.6109878338051878}
ct, ns, auc: 0.6109878338051878, 0, 0
Loaded test data from ../dataset/dbpedia_14/test/4.npz
Data length: 1
metric.compute(): {'accuracy': 0.4115604929699705}
ct, ns, auc: 0.4115604929699705, 0, 0
Loaded test data from ../dataset/dbpedia_14/test/5.npz
Data length: 1
metric.compute(): {'accuracy': 0.0}
ct, ns, auc: 0.0, 0, 0
Loaded test data from ../dataset/dbpedia_14/test/6.npz
Data length: 1
metric.compute(): {'accuracy': 0.0}
ct, ns, auc: 0.0, 0, 0
Loaded test data from ../dataset/dbpedia_14/test/7.npz
Data length: 1
metric.compute(): {'accuracy': 0.7091617933723197}
ct, ns, auc: 0.7091617933723197, 0, 0
Loaded test data from ../dataset/dbpedia_14/test/8.npz
Data length: 1
metric.compute(): {'accuracy': 0.00016350555918901244}
ct, ns, auc: 0.00016350555918901244, 0, 0
Loaded test data from ../dataset/dbpedia_14/test/9.npz
Data length: 1
metric.compute(): {'accuracy': 0.23509521267129382}
ct, ns, auc: 0.23509521267129382, 0, 0
ids: [0, 1, 2, 3, 4, 5, 6, 7, 8, 9]
stats[1]: [0, 0, 0, 0, 0, 0, 0, 0, 0, 0]
stats[2]: [0.9730433450758156, 0.6305513513513513, 0.0, 0.6109878338051878, 0.4115604929699705, 0.0, 0.0, 0.7091617933723197, 0.00016350555918901244, 0.23509521267129382]
stats[3]: [0, 0, 0, 0, 0, 0, 0, 0, 0, 0]
Averaged Test Accuracy: 0.3571
Averaged Test AUC: 0.0000
Std Test Accuracy: 0.3606
Std Test AUC: 0.0000
Loaded train data from ../dataset/dbpedia_14/train/3.npz
Data length: 1
Time elapsed 1.23 min
Memory used: 35.02 GB
Loaded train data from ../dataset/dbpedia_14/train/0.npz
Data length: 1
Time elapsed 1.80 min
Memory used: 35.02 GB
Loaded train data from ../dataset/dbpedia_14/train/5.npz
Data length: 1
Time elapsed 0.31 min
Memory used: 35.02 GB
Loaded train data from ../dataset/dbpedia_14/train/1.npz
Data length: 1
Time elapsed 4.20 min
Memory used: 35.02 GB
Loaded train data from ../dataset/dbpedia_14/train/9.npz
Data length: 1
Time elapsed 2.64 min
Memory used: 35.02 GB
Loaded train data from ../dataset/dbpedia_14/train/2.npz
Data length: 1
Time elapsed 0.00 min
Memory used: 35.02 GB
Loaded train data from ../dataset/dbpedia_14/train/6.npz
Data length: 1
Time elapsed 0.90 min
Memory used: 35.02 GB
Loaded train data from ../dataset/dbpedia_14/train/8.npz
Data length: 1
Time elapsed 1.57 min
Memory used: 35.02 GB
Loaded train data from ../dataset/dbpedia_14/train/4.npz
Data length: 1
Time elapsed 0.52 min
Memory used: 35.02 GB
Loaded train data from ../dataset/dbpedia_14/train/7.npz
Data length: 1
Time elapsed 1.60 min
Memory used: 35.02 GB
------------------------- time cost ------------------------- 1220.199791431427

-------------Round number: 12-------------

Evaluate global model
Loaded test data from ../dataset/dbpedia_14/test/0.npz
Data length: 1
metric.compute(): {'accuracy': 0.9666615612395977}
ct, ns, auc: 0.9666615612395977, 0, 0
Loaded test data from ../dataset/dbpedia_14/test/1.npz
Data length: 1
metric.compute(): {'accuracy': 0.6315243243243244}
ct, ns, auc: 0.6315243243243244, 0, 0
Loaded test data from ../dataset/dbpedia_14/test/2.npz
Data length: 1
metric.compute(): {'accuracy': 0.0}
ct, ns, auc: 0.0, 0, 0
Loaded test data from ../dataset/dbpedia_14/test/3.npz
Data length: 1
metric.compute(): {'accuracy': 0.8879791873900069}
ct, ns, auc: 0.8879791873900069, 0, 0
Loaded test data from ../dataset/dbpedia_14/test/4.npz
Data length: 1
metric.compute(): {'accuracy': 0.37632355493837877}
ct, ns, auc: 0.37632355493837877, 0, 0
Loaded test data from ../dataset/dbpedia_14/test/5.npz
Data length: 1
metric.compute(): {'accuracy': 0.0}
ct, ns, auc: 0.0, 0, 0
Loaded test data from ../dataset/dbpedia_14/test/6.npz
Data length: 1
metric.compute(): {'accuracy': 0.0}
ct, ns, auc: 0.0, 0, 0
Loaded test data from ../dataset/dbpedia_14/test/7.npz
Data length: 1
metric.compute(): {'accuracy': 0.6910981156595192}
ct, ns, auc: 0.6910981156595192, 0, 0
Loaded test data from ../dataset/dbpedia_14/test/8.npz
Data length: 1
metric.compute(): {'accuracy': 0.00010900370612600828}
ct, ns, auc: 0.00010900370612600828, 0, 0
Loaded test data from ../dataset/dbpedia_14/test/9.npz
Data length: 1
metric.compute(): {'accuracy': 0.2403986474461648}
ct, ns, auc: 0.2403986474461648, 0, 0
ids: [0, 1, 2, 3, 4, 5, 6, 7, 8, 9]
stats[1]: [0, 0, 0, 0, 0, 0, 0, 0, 0, 0]
stats[2]: [0.9666615612395977, 0.6315243243243244, 0.0, 0.8879791873900069, 0.37632355493837877, 0.0, 0.0, 0.6910981156595192, 0.00010900370612600828, 0.2403986474461648]
stats[3]: [0, 0, 0, 0, 0, 0, 0, 0, 0, 0]
Averaged Test Accuracy: 0.3794
Averaged Test AUC: 0.0000
Std Test Accuracy: 0.3886
Std Test AUC: 0.0000
Loaded train data from ../dataset/dbpedia_14/train/2.npz
Data length: 1
Time elapsed 0.00 min
Memory used: 35.02 GB
Loaded train data from ../dataset/dbpedia_14/train/0.npz
Data length: 1
Time elapsed 1.80 min
Memory used: 35.02 GB
Loaded train data from ../dataset/dbpedia_14/train/9.npz
Data length: 1
Time elapsed 2.63 min
Memory used: 35.02 GB
Loaded train data from ../dataset/dbpedia_14/train/6.npz
Data length: 1
Time elapsed 0.90 min
Memory used: 35.02 GB
Loaded train data from ../dataset/dbpedia_14/train/5.npz
Data length: 1
Time elapsed 0.31 min
Memory used: 35.02 GB
Loaded train data from ../dataset/dbpedia_14/train/8.npz
Data length: 1
Time elapsed 1.57 min
Memory used: 35.02 GB
Loaded train data from ../dataset/dbpedia_14/train/7.npz
Data length: 1
Time elapsed 1.61 min
Memory used: 35.02 GB
Loaded train data from ../dataset/dbpedia_14/train/3.npz
Data length: 1
Time elapsed 1.23 min
Memory used: 35.02 GB
Loaded train data from ../dataset/dbpedia_14/train/1.npz
Data length: 1
Time elapsed 4.20 min
Memory used: 35.02 GB
Loaded train data from ../dataset/dbpedia_14/train/4.npz
Data length: 1
Time elapsed 0.52 min
Memory used: 35.02 GB
------------------------- time cost ------------------------- 1220.638700723648

-------------Round number: 13-------------

Evaluate global model
Loaded test data from ../dataset/dbpedia_14/test/0.npz
Data length: 1
metric.compute(): {'accuracy': 0.9557359473119926}
ct, ns, auc: 0.9557359473119926, 0, 0
Loaded test data from ../dataset/dbpedia_14/test/1.npz
Data length: 1
metric.compute(): {'accuracy': 0.6304432432432432}
ct, ns, auc: 0.6304432432432432, 0, 0
Loaded test data from ../dataset/dbpedia_14/test/2.npz
Data length: 1
metric.compute(): {'accuracy': 0.0}
ct, ns, auc: 0.0, 0, 0
Loaded test data from ../dataset/dbpedia_14/test/3.npz
Data length: 1
metric.compute(): {'accuracy': 0.894559644961359}
ct, ns, auc: 0.894559644961359, 0, 0
Loaded test data from ../dataset/dbpedia_14/test/4.npz
Data length: 1
metric.compute(): {'accuracy': 0.4700572817219233}
ct, ns, auc: 0.4700572817219233, 0, 0
Loaded test data from ../dataset/dbpedia_14/test/5.npz
Data length: 1
metric.compute(): {'accuracy': 0.0}
ct, ns, auc: 0.0, 0, 0
Loaded test data from ../dataset/dbpedia_14/test/6.npz
Data length: 1
metric.compute(): {'accuracy': 0.0}
ct, ns, auc: 0.0, 0, 0
Loaded test data from ../dataset/dbpedia_14/test/7.npz
Data length: 1
metric.compute(): {'accuracy': 0.6929824561403509}
ct, ns, auc: 0.6929824561403509, 0, 0
Loaded test data from ../dataset/dbpedia_14/test/8.npz
Data length: 1
metric.compute(): {'accuracy': 5.450185306300414e-05}
ct, ns, auc: 5.450185306300414e-05, 0, 0
Loaded test data from ../dataset/dbpedia_14/test/9.npz
Data length: 1
metric.compute(): {'accuracy': 0.24890549919914576}
ct, ns, auc: 0.24890549919914576, 0, 0
ids: [0, 1, 2, 3, 4, 5, 6, 7, 8, 9]
stats[1]: [0, 0, 0, 0, 0, 0, 0, 0, 0, 0]
stats[2]: [0.9557359473119926, 0.6304432432432432, 0.0, 0.894559644961359, 0.4700572817219233, 0.0, 0.0, 0.6929824561403509, 5.450185306300414e-05, 0.24890549919914576]
stats[3]: [0, 0, 0, 0, 0, 0, 0, 0, 0, 0]
Averaged Test Accuracy: 0.3893
Averaged Test AUC: 0.0000
Std Test Accuracy: 0.3886
Std Test AUC: 0.0000
Loaded train data from ../dataset/dbpedia_14/train/3.npz
Data length: 1
Time elapsed 1.23 min
Memory used: 35.02 GB
Loaded train data from ../dataset/dbpedia_14/train/7.npz
Data length: 1
Time elapsed 1.60 min
Memory used: 35.02 GB
Loaded train data from ../dataset/dbpedia_14/train/4.npz
Data length: 1
Time elapsed 0.52 min
Memory used: 35.02 GB
Loaded train data from ../dataset/dbpedia_14/train/2.npz
Data length: 1
Time elapsed 0.00 min
Memory used: 35.02 GB
Loaded train data from ../dataset/dbpedia_14/train/0.npz
Data length: 1
Time elapsed 1.81 min
Memory used: 35.02 GB
Loaded train data from ../dataset/dbpedia_14/train/9.npz
Data length: 1
Time elapsed 2.64 min
Memory used: 35.02 GB
Loaded train data from ../dataset/dbpedia_14/train/5.npz
Data length: 1
Time elapsed 0.31 min
Memory used: 35.02 GB
Loaded train data from ../dataset/dbpedia_14/train/8.npz
Data length: 1
Time elapsed 1.57 min
Memory used: 35.02 GB
Loaded train data from ../dataset/dbpedia_14/train/6.npz
Data length: 1
Time elapsed 0.90 min
Memory used: 35.02 GB
Loaded train data from ../dataset/dbpedia_14/train/1.npz
Data length: 1
Time elapsed 4.20 min
Memory used: 35.02 GB
------------------------- time cost ------------------------- 1216.9083967208862

-------------Round number: 14-------------

Evaluate global model
Loaded test data from ../dataset/dbpedia_14/test/0.npz
Data length: 1
metric.compute(): {'accuracy': 0.9409302088119671}
ct, ns, auc: 0.9409302088119671, 0, 0
Loaded test data from ../dataset/dbpedia_14/test/1.npz
Data length: 1
metric.compute(): {'accuracy': 0.6319567567567568}
ct, ns, auc: 0.6319567567567568, 0, 0
Loaded test data from ../dataset/dbpedia_14/test/2.npz
Data length: 1
metric.compute(): {'accuracy': 0.0}
ct, ns, auc: 0.0, 0, 0
Loaded test data from ../dataset/dbpedia_14/test/3.npz
Data length: 1
metric.compute(): {'accuracy': 0.8920345856607238}
ct, ns, auc: 0.8920345856607238, 0, 0
Loaded test data from ../dataset/dbpedia_14/test/4.npz
Data length: 1
metric.compute(): {'accuracy': 0.4700572817219233}
ct, ns, auc: 0.4700572817219233, 0, 0
Loaded test data from ../dataset/dbpedia_14/test/5.npz
Data length: 1
metric.compute(): {'accuracy': 0.0}
ct, ns, auc: 0.0, 0, 0
Loaded test data from ../dataset/dbpedia_14/test/6.npz
Data length: 1
metric.compute(): {'accuracy': 0.0}
ct, ns, auc: 0.0, 0, 0
Loaded test data from ../dataset/dbpedia_14/test/7.npz
Data length: 1
metric.compute(): {'accuracy': 0.6741390513320338}
ct, ns, auc: 0.6741390513320338, 0, 0
Loaded test data from ../dataset/dbpedia_14/test/8.npz
Data length: 1
metric.compute(): {'accuracy': 5.450185306300414e-05}
ct, ns, auc: 5.450185306300414e-05, 0, 0
Loaded test data from ../dataset/dbpedia_14/test/9.npz
Data length: 1
metric.compute(): {'accuracy': 0.24908346680904075}
ct, ns, auc: 0.24908346680904075, 0, 0
ids: [0, 1, 2, 3, 4, 5, 6, 7, 8, 9]
stats[1]: [0, 0, 0, 0, 0, 0, 0, 0, 0, 0]
stats[2]: [0.9409302088119671, 0.6319567567567568, 0.0, 0.8920345856607238, 0.4700572817219233, 0.0, 0.0, 0.6741390513320338, 5.450185306300414e-05, 0.24908346680904075]
stats[3]: [0, 0, 0, 0, 0, 0, 0, 0, 0, 0]
Averaged Test Accuracy: 0.3858
Averaged Test AUC: 0.0000
Std Test Accuracy: 0.3843
Std Test AUC: 0.0000
Loaded train data from ../dataset/dbpedia_14/train/9.npz
Data length: 1
Time elapsed 2.64 min
Memory used: 35.02 GB
Loaded train data from ../dataset/dbpedia_14/train/5.npz
Data length: 1
Time elapsed 0.31 min
Memory used: 35.02 GB
Loaded train data from ../dataset/dbpedia_14/train/4.npz
Data length: 1
Time elapsed 0.52 min
Memory used: 35.02 GB
Loaded train data from ../dataset/dbpedia_14/train/0.npz
Data length: 1
Time elapsed 1.80 min
Memory used: 35.02 GB
Loaded train data from ../dataset/dbpedia_14/train/8.npz
Data length: 1
Time elapsed 1.56 min
Memory used: 35.02 GB
Loaded train data from ../dataset/dbpedia_14/train/7.npz
Data length: 1
Time elapsed 1.61 min
Memory used: 35.02 GB
Loaded train data from ../dataset/dbpedia_14/train/2.npz
Data length: 1
Time elapsed 0.00 min
Memory used: 35.02 GB
Loaded train data from ../dataset/dbpedia_14/train/3.npz
Data length: 1
Time elapsed 1.23 min
Memory used: 35.02 GB
Loaded train data from ../dataset/dbpedia_14/train/1.npz
Data length: 1
Time elapsed 4.20 min
Memory used: 35.02 GB
Loaded train data from ../dataset/dbpedia_14/train/6.npz
Data length: 1
