Loading modules
GPU 0: NVIDIA A100-SXM4-80GB (UUID: GPU-97503f40-119a-d431-ecc3-c98a8c4949f6)
compute_cap
8.0
/work/LAS/jannesar-lab/dphuong/fedtext/finetune
Started aclImdb at Sun Jun  9 01:00:13 PM CDT 2024
Class distribution:
Total number of trainable parameters: 85250
Time elapsed 1.94 min
------------------------------------------------
lora_r: 1
lora_alpha: 1
lora_dropout: 0.0
lora_query: True
lora_key: True
lora_value: True
lora_projection: True
lora_mlp: True
lora_head: True
device: 0
verbose: False
dataset: aclImdb
seed: 0
------------------------------------------------
lora_r: 1
lora_alpha: 1
lora_dropout: 0.0
lora_query: True
lora_key: True
lora_value: True
lora_projection: True
lora_mlp: True
lora_head: True
device: 0
verbose: False
dataset: aclImdb
seed: 0
Train acc: 92.67%
Val acc:   91.52%
Test acc:  91.49%
------------------------------------------------
Class distribution:
Total number of trainable parameters: 85250
Time elapsed 2.06 min
------------------------------------------------
lora_r: 1
lora_alpha: 1
lora_dropout: 0.05
lora_query: True
lora_key: True
lora_value: True
lora_projection: True
lora_mlp: True
lora_head: True
device: 0
verbose: False
dataset: aclImdb
seed: 0
------------------------------------------------
lora_r: 1
lora_alpha: 1
lora_dropout: 0.05
lora_query: True
lora_key: True
lora_value: True
lora_projection: True
lora_mlp: True
lora_head: True
device: 0
verbose: False
dataset: aclImdb
seed: 0
Train acc: 92.67%
Val acc:   91.66%
Test acc:  91.55%
------------------------------------------------
Class distribution:
Total number of trainable parameters: 85250
Time elapsed 2.06 min
------------------------------------------------
lora_r: 1
lora_alpha: 1
lora_dropout: 0.1
lora_query: True
lora_key: True
lora_value: True
lora_projection: True
lora_mlp: True
lora_head: True
device: 0
verbose: False
dataset: aclImdb
seed: 0
------------------------------------------------
lora_r: 1
lora_alpha: 1
lora_dropout: 0.1
lora_query: True
lora_key: True
lora_value: True
lora_projection: True
lora_mlp: True
lora_head: True
device: 0
verbose: False
dataset: aclImdb
seed: 0
Train acc: 92.21%
Val acc:   91.38%
Test acc:  91.16%
------------------------------------------------
Class distribution:
Total number of trainable parameters: 341000
Time elapsed 1.99 min
------------------------------------------------
lora_r: 4
lora_alpha: 1
lora_dropout: 0.0
lora_query: True
lora_key: True
lora_value: True
lora_projection: True
lora_mlp: True
lora_head: True
device: 0
verbose: False
dataset: aclImdb
seed: 0
------------------------------------------------
lora_r: 4
lora_alpha: 1
lora_dropout: 0.0
lora_query: True
lora_key: True
lora_value: True
lora_projection: True
lora_mlp: True
lora_head: True
device: 0
verbose: False
dataset: aclImdb
seed: 0
Train acc: 93.64%
Val acc:   92.38%
Test acc:  91.79%
------------------------------------------------
Class distribution:
Total number of trainable parameters: 341000
Time elapsed 2.11 min
------------------------------------------------
lora_r: 4
lora_alpha: 1
lora_dropout: 0.05
lora_query: True
lora_key: True
lora_value: True
lora_projection: True
lora_mlp: True
lora_head: True
device: 0
verbose: False
dataset: aclImdb
seed: 0
------------------------------------------------
lora_r: 4
lora_alpha: 1
lora_dropout: 0.05
lora_query: True
lora_key: True
lora_value: True
lora_projection: True
lora_mlp: True
lora_head: True
device: 0
verbose: False
dataset: aclImdb
seed: 0
Train acc: 93.55%
Val acc:   92.28%
Test acc:  91.63%
------------------------------------------------
Class distribution:
Total number of trainable parameters: 341000
Time elapsed 2.23 min
------------------------------------------------
lora_r: 4
lora_alpha: 1
lora_dropout: 0.1
lora_query: True
lora_key: True
lora_value: True
lora_projection: True
lora_mlp: True
lora_head: True
device: 0
verbose: False
dataset: aclImdb
seed: 0
------------------------------------------------
lora_r: 4
lora_alpha: 1
lora_dropout: 0.1
lora_query: True
lora_key: True
lora_value: True
lora_projection: True
lora_mlp: True
lora_head: True
device: 0
verbose: False
dataset: aclImdb
seed: 0
Train acc: 93.57%
Val acc:   92.12%
Test acc:  91.73%
------------------------------------------------
Class distribution:
Total number of trainable parameters: 682000
Time elapsed 1.95 min
------------------------------------------------
lora_r: 8
lora_alpha: 1
lora_dropout: 0.0
lora_query: True
lora_key: True
lora_value: True
lora_projection: True
lora_mlp: True
lora_head: True
device: 0
verbose: False
dataset: aclImdb
seed: 0
------------------------------------------------
lora_r: 8
lora_alpha: 1
lora_dropout: 0.0
lora_query: True
lora_key: True
lora_value: True
lora_projection: True
lora_mlp: True
lora_head: True
device: 0
verbose: False
dataset: aclImdb
seed: 0
Train acc: 94.81%
Val acc:   92.46%
Test acc:  92.08%
------------------------------------------------
Class distribution:
Total number of trainable parameters: 682000
Time elapsed 2.06 min
------------------------------------------------
lora_r: 8
lora_alpha: 1
lora_dropout: 0.05
lora_query: True
lora_key: True
lora_value: True
lora_projection: True
lora_mlp: True
lora_head: True
device: 0
verbose: False
dataset: aclImdb
seed: 0
------------------------------------------------
lora_r: 8
lora_alpha: 1
lora_dropout: 0.05
lora_query: True
lora_key: True
lora_value: True
lora_projection: True
lora_mlp: True
lora_head: True
device: 0
verbose: False
dataset: aclImdb
seed: 0
Train acc: 94.57%
Val acc:   92.50%
Test acc:  91.98%
------------------------------------------------
Class distribution:
Total number of trainable parameters: 682000
Time elapsed 2.07 min
------------------------------------------------
lora_r: 8
lora_alpha: 1
lora_dropout: 0.1
lora_query: True
lora_key: True
lora_value: True
lora_projection: True
lora_mlp: True
lora_head: True
device: 0
verbose: False
dataset: aclImdb
seed: 0
------------------------------------------------
lora_r: 8
lora_alpha: 1
lora_dropout: 0.1
lora_query: True
lora_key: True
lora_value: True
lora_projection: True
lora_mlp: True
lora_head: True
device: 0
verbose: False
dataset: aclImdb
seed: 0
Train acc: 94.56%
Val acc:   92.48%
Test acc:  91.96%
------------------------------------------------
Class distribution:
Total number of trainable parameters: 1364000
Time elapsed 1.97 min
------------------------------------------------
lora_r: 16
lora_alpha: 1
lora_dropout: 0.0
lora_query: True
lora_key: True
lora_value: True
lora_projection: True
lora_mlp: True
lora_head: True
device: 0
verbose: False
dataset: aclImdb
seed: 0
------------------------------------------------
lora_r: 16
lora_alpha: 1
lora_dropout: 0.0
lora_query: True
lora_key: True
lora_value: True
lora_projection: True
lora_mlp: True
lora_head: True
device: 0
verbose: False
dataset: aclImdb
seed: 0
Train acc: 95.10%
Val acc:   92.38%
Test acc:  92.01%
------------------------------------------------
