GPU details saved to $output_file
__TORCH Version: 2.3.1+cu121
__CUDNN Version: 8902
__CUDA version:  12.1
__Number CUDA Devices: 1
__CUDA Device Name: NVIDIA A100-SXM4-40GB
__CUDA Device Total Memory [GB]: 42.297786368
__CUDA Device Total Memory [GB]: 42.297786368
args.dataset: ag_news
args.num_labels: 4
==================================================
Personalized Federated Learning: True
Uniform Weight: False
Normalized Rank: False
Normalized Alpha: False
lora_rank: 1
lora_alpha: 4
lora_dropout: 0.1
lora_query: True
lora_key: True
lora_value: True
lora_projection: True
lora_mlp: True
lora_head: True
aa_bottleneck_reduction: 1
aa_text: False
aa_vision: False
ca_bottleneck_reduction: 4
ca_text: False
ca_vision: False
Seed: 42
Algorithm: flora
Local batch size: 128
Local epochs: 1
Local learing rate: 0.0005
Local learing rate decay: False
Total number of clients: 10
Clients join in each round: 1.0
Clients randomly join: False
Client drop rate: 0.0
Client select regarding time: False
Running times: 1
Dataset: ag_news
Number of classes: 10
Backbone: distilbert
Using device: cuda
Using DP: False
Auto break: False
Global rounds: 50
Cuda device id: 0
DLG attack: False
Total number of new clients: 0
Fine tuning epoches on new clients: 0
==================================================

============= Running time: 0th =============
Creating server and clients ...
Loaded train data from ../dataset/ag_news/train/0.npz
Data length: 1
Loaded test data from ../dataset/ag_news/test/0.npz
Data length: 1
self.lora_params: {'rank': 1, 'alpha': 4, 'dropout': 0.1, 'lora_query': True, 'lora_key': True, 'lora_value': True, 'lora_projection': True, 'lora_mlp': True, 'lora_head': True}
Loaded train data from ../dataset/ag_news/train/1.npz
Data length: 1
Loaded test data from ../dataset/ag_news/test/1.npz
Data length: 1
self.lora_params: {'rank': 1, 'alpha': 4, 'dropout': 0.1, 'lora_query': True, 'lora_key': True, 'lora_value': True, 'lora_projection': True, 'lora_mlp': True, 'lora_head': True}
Loaded train data from ../dataset/ag_news/train/2.npz
Data length: 1
Loaded test data from ../dataset/ag_news/test/2.npz
Data length: 1
self.lora_params: {'rank': 1, 'alpha': 4, 'dropout': 0.1, 'lora_query': True, 'lora_key': True, 'lora_value': True, 'lora_projection': True, 'lora_mlp': True, 'lora_head': True}
Loaded train data from ../dataset/ag_news/train/3.npz
Data length: 1
Loaded test data from ../dataset/ag_news/test/3.npz
Data length: 1
self.lora_params: {'rank': 1, 'alpha': 4, 'dropout': 0.1, 'lora_query': True, 'lora_key': True, 'lora_value': True, 'lora_projection': True, 'lora_mlp': True, 'lora_head': True}
Loaded train data from ../dataset/ag_news/train/4.npz
Data length: 1
Loaded test data from ../dataset/ag_news/test/4.npz
Data length: 1
self.lora_params: {'rank': 1, 'alpha': 4, 'dropout': 0.1, 'lora_query': True, 'lora_key': True, 'lora_value': True, 'lora_projection': True, 'lora_mlp': True, 'lora_head': True}
Loaded train data from ../dataset/ag_news/train/5.npz
Data length: 1
Loaded test data from ../dataset/ag_news/test/5.npz
Data length: 1
self.lora_params: {'rank': 1, 'alpha': 4, 'dropout': 0.1, 'lora_query': True, 'lora_key': True, 'lora_value': True, 'lora_projection': True, 'lora_mlp': True, 'lora_head': True}
Loaded train data from ../dataset/ag_news/train/6.npz
Data length: 1
Loaded test data from ../dataset/ag_news/test/6.npz
Data length: 1
self.lora_params: {'rank': 1, 'alpha': 4, 'dropout': 0.1, 'lora_query': True, 'lora_key': True, 'lora_value': True, 'lora_projection': True, 'lora_mlp': True, 'lora_head': True}
Loaded train data from ../dataset/ag_news/train/7.npz
Data length: 1
Loaded test data from ../dataset/ag_news/test/7.npz
Data length: 1
self.lora_params: {'rank': 1, 'alpha': 4, 'dropout': 0.1, 'lora_query': True, 'lora_key': True, 'lora_value': True, 'lora_projection': True, 'lora_mlp': True, 'lora_head': True}
Loaded train data from ../dataset/ag_news/train/8.npz
Data length: 1
Loaded test data from ../dataset/ag_news/test/8.npz
Data length: 1
self.lora_params: {'rank': 1, 'alpha': 4, 'dropout': 0.1, 'lora_query': True, 'lora_key': True, 'lora_value': True, 'lora_projection': True, 'lora_mlp': True, 'lora_head': True}
Loaded train data from ../dataset/ag_news/train/9.npz
Data length: 1
Loaded test data from ../dataset/ag_news/test/9.npz
Data length: 1
self.lora_params: {'rank': 1, 'alpha': 4, 'dropout': 0.1, 'lora_query': True, 'lora_key': True, 'lora_value': True, 'lora_projection': True, 'lora_mlp': True, 'lora_head': True}

Join ratio / total clients: 1.0 / 10
Finished creating server and clients.

-------------Round number: 0-------------

Evaluate global model
Loaded test data from ../dataset/ag_news/test/0.npz
Data length: 1
metric.compute(): {'accuracy': 0.20595611285266457}
ct, ns, auc: 0.20595611285266457, 0, 0
Loaded test data from ../dataset/ag_news/test/1.npz
Data length: 1
metric.compute(): {'accuracy': 0.3463949843260188}
ct, ns, auc: 0.3463949843260188, 0, 0
Loaded test data from ../dataset/ag_news/test/2.npz
Data length: 1
metric.compute(): {'accuracy': 0.2482758620689655}
ct, ns, auc: 0.2482758620689655, 0, 0
Loaded test data from ../dataset/ag_news/test/3.npz
Data length: 1
metric.compute(): {'accuracy': 0.27523510971786835}
ct, ns, auc: 0.27523510971786835, 0, 0
Loaded test data from ../dataset/ag_news/test/4.npz
Data length: 1
metric.compute(): {'accuracy': 0.24796238244514107}
ct, ns, auc: 0.24796238244514107, 0, 0
Loaded test data from ../dataset/ag_news/test/5.npz
Data length: 1
metric.compute(): {'accuracy': 0.21253918495297805}
ct, ns, auc: 0.21253918495297805, 0, 0
Loaded test data from ../dataset/ag_news/test/6.npz
Data length: 1
metric.compute(): {'accuracy': 0.2608150470219436}
ct, ns, auc: 0.2608150470219436, 0, 0
Loaded test data from ../dataset/ag_news/test/7.npz
Data length: 1
metric.compute(): {'accuracy': 0.2482758620689655}
ct, ns, auc: 0.2482758620689655, 0, 0
Loaded test data from ../dataset/ag_news/test/8.npz
Data length: 1
metric.compute(): {'accuracy': 0.24294670846394983}
ct, ns, auc: 0.24294670846394983, 0, 0
Loaded test data from ../dataset/ag_news/test/9.npz
Data length: 1
metric.compute(): {'accuracy': 0.22884012539184953}
ct, ns, auc: 0.22884012539184953, 0, 0
ids: [0, 1, 2, 3, 4, 5, 6, 7, 8, 9]
stats[1]: [0, 0, 0, 0, 0, 0, 0, 0, 0, 0]
stats[2]: [0.20595611285266457, 0.3463949843260188, 0.2482758620689655, 0.27523510971786835, 0.24796238244514107, 0.21253918495297805, 0.2608150470219436, 0.2482758620689655, 0.24294670846394983, 0.22884012539184953]
stats[3]: [0, 0, 0, 0, 0, 0, 0, 0, 0, 0]
Averaged Test Accuracy: 0.2517
Averaged Test AUC: 0.0000
Std Test Accuracy: 0.0393
Std Test AUC: 0.0000
Loaded train data from ../dataset/ag_news/train/8.npz
Data length: 1
Time elapsed 0.42 min
Memory used: 36.65 GB
Loaded train data from ../dataset/ag_news/train/1.npz
Data length: 1
Time elapsed 0.36 min
Memory used: 36.65 GB
Loaded train data from ../dataset/ag_news/train/5.npz
Data length: 1
Time elapsed 0.37 min
Memory used: 36.65 GB
Loaded train data from ../dataset/ag_news/train/0.npz
Data length: 1
Time elapsed 0.37 min
Memory used: 36.65 GB
Loaded train data from ../dataset/ag_news/train/7.npz
Data length: 1
Time elapsed 0.40 min
Memory used: 36.65 GB
Loaded train data from ../dataset/ag_news/train/2.npz
Data length: 1
Time elapsed 0.35 min
Memory used: 36.65 GB
Loaded train data from ../dataset/ag_news/train/9.npz
Data length: 1
Time elapsed 0.36 min
Memory used: 36.65 GB
Loaded train data from ../dataset/ag_news/train/4.npz
Data length: 1
Time elapsed 0.41 min
Memory used: 41.65 GB
Loaded train data from ../dataset/ag_news/train/3.npz
Data length: 1
Time elapsed 0.36 min
Memory used: 41.65 GB
Loaded train data from ../dataset/ag_news/train/6.npz
Data length: 1
Time elapsed 0.34 min
Memory used: 41.65 GB
------------------------- time cost ------------------------- 311.3885896205902

-------------Round number: 1-------------

Evaluate global model
Loaded test data from ../dataset/ag_news/test/0.npz
Data length: 1
metric.compute(): {'accuracy': 0.31630094043887147}
ct, ns, auc: 0.31630094043887147, 0, 0
Loaded test data from ../dataset/ag_news/test/1.npz
Data length: 1
metric.compute(): {'accuracy': 0.5532915360501567}
ct, ns, auc: 0.5532915360501567, 0, 0
Loaded test data from ../dataset/ag_news/test/2.npz
Data length: 1
metric.compute(): {'accuracy': 0.777115987460815}
ct, ns, auc: 0.777115987460815, 0, 0
Loaded test data from ../dataset/ag_news/test/3.npz
Data length: 1
metric.compute(): {'accuracy': 0.7893416927899687}
ct, ns, auc: 0.7893416927899687, 0, 0
Loaded test data from ../dataset/ag_news/test/4.npz
Data length: 1
metric.compute(): {'accuracy': 0.5699059561128527}
ct, ns, auc: 0.5699059561128527, 0, 0
Loaded test data from ../dataset/ag_news/test/5.npz
Data length: 1
metric.compute(): {'accuracy': 0.37272727272727274}
ct, ns, auc: 0.37272727272727274, 0, 0
Loaded test data from ../dataset/ag_news/test/6.npz
Data length: 1
metric.compute(): {'accuracy': 0.41473354231974924}
ct, ns, auc: 0.41473354231974924, 0, 0
Loaded test data from ../dataset/ag_news/test/7.npz
Data length: 1
metric.compute(): {'accuracy': 0.4498432601880878}
ct, ns, auc: 0.4498432601880878, 0, 0
Loaded test data from ../dataset/ag_news/test/8.npz
Data length: 1
metric.compute(): {'accuracy': 0.4899686520376176}
ct, ns, auc: 0.4899686520376176, 0, 0
Loaded test data from ../dataset/ag_news/test/9.npz
Data length: 1
metric.compute(): {'accuracy': 0.6573667711598746}
ct, ns, auc: 0.6573667711598746, 0, 0
ids: [0, 1, 2, 3, 4, 5, 6, 7, 8, 9]
stats[1]: [0, 0, 0, 0, 0, 0, 0, 0, 0, 0]
stats[2]: [0.31630094043887147, 0.5532915360501567, 0.777115987460815, 0.7893416927899687, 0.5699059561128527, 0.37272727272727274, 0.41473354231974924, 0.4498432601880878, 0.4899686520376176, 0.6573667711598746]
stats[3]: [0, 0, 0, 0, 0, 0, 0, 0, 0, 0]
Averaged Test Accuracy: 0.5391
Averaged Test AUC: 0.0000
Std Test Accuracy: 0.1625
Std Test AUC: 0.0000
Loaded train data from ../dataset/ag_news/train/2.npz
Data length: 1
Time elapsed 0.34 min
Memory used: 41.65 GB
Loaded train data from ../dataset/ag_news/train/1.npz
Data length: 1
Time elapsed 0.37 min
Memory used: 41.65 GB
Loaded train data from ../dataset/ag_news/train/3.npz
Data length: 1
Time elapsed 0.35 min
Memory used: 41.65 GB
Loaded train data from ../dataset/ag_news/train/9.npz
Data length: 1
Time elapsed 0.36 min
Memory used: 41.65 GB
Loaded train data from ../dataset/ag_news/train/0.npz
Data length: 1
Time elapsed 0.38 min
Memory used: 41.65 GB
Loaded train data from ../dataset/ag_news/train/5.npz
Data length: 1
Time elapsed 0.36 min
Memory used: 41.65 GB
Loaded train data from ../dataset/ag_news/train/4.npz
Data length: 1
Time elapsed 0.40 min
Memory used: 41.65 GB
Loaded train data from ../dataset/ag_news/train/8.npz
Data length: 1
Time elapsed 0.40 min
Memory used: 41.65 GB
Loaded train data from ../dataset/ag_news/train/6.npz
Data length: 1
Time elapsed 0.35 min
Memory used: 41.65 GB
Loaded train data from ../dataset/ag_news/train/7.npz
Data length: 1
Time elapsed 0.38 min
Memory used: 41.65 GB
------------------------- time cost ------------------------- 307.371857881546

-------------Round number: 2-------------

Evaluate global model
Loaded test data from ../dataset/ag_news/test/0.npz
Data length: 1
metric.compute(): {'accuracy': 0.5266457680250783}
ct, ns, auc: 0.5266457680250783, 0, 0
Loaded test data from ../dataset/ag_news/test/1.npz
Data length: 1
metric.compute(): {'accuracy': 0.7445141065830722}
ct, ns, auc: 0.7445141065830722, 0, 0
Loaded test data from ../dataset/ag_news/test/2.npz
Data length: 1
metric.compute(): {'accuracy': 0.8921630094043888}
ct, ns, auc: 0.8921630094043888, 0, 0
Loaded test data from ../dataset/ag_news/test/3.npz
Data length: 1
metric.compute(): {'accuracy': 0.8592476489028213}
ct, ns, auc: 0.8592476489028213, 0, 0
Loaded test data from ../dataset/ag_news/test/4.npz
Data length: 1
metric.compute(): {'accuracy': 0.8476489028213167}
ct, ns, auc: 0.8476489028213167, 0, 0
Loaded test data from ../dataset/ag_news/test/5.npz
Data length: 1
metric.compute(): {'accuracy': 0.677115987460815}
ct, ns, auc: 0.677115987460815, 0, 0
Loaded test data from ../dataset/ag_news/test/6.npz
Data length: 1
metric.compute(): {'accuracy': 0.7426332288401254}
ct, ns, auc: 0.7426332288401254, 0, 0
Loaded test data from ../dataset/ag_news/test/7.npz
Data length: 1
metric.compute(): {'accuracy': 0.6021943573667712}
ct, ns, auc: 0.6021943573667712, 0, 0
Loaded test data from ../dataset/ag_news/test/8.npz
Data length: 1
metric.compute(): {'accuracy': 0.7128526645768025}
ct, ns, auc: 0.7128526645768025, 0, 0
Loaded test data from ../dataset/ag_news/test/9.npz
Data length: 1
metric.compute(): {'accuracy': 0.8934169278996865}
ct, ns, auc: 0.8934169278996865, 0, 0
ids: [0, 1, 2, 3, 4, 5, 6, 7, 8, 9]
stats[1]: [0, 0, 0, 0, 0, 0, 0, 0, 0, 0]
stats[2]: [0.5266457680250783, 0.7445141065830722, 0.8921630094043888, 0.8592476489028213, 0.8476489028213167, 0.677115987460815, 0.7426332288401254, 0.6021943573667712, 0.7128526645768025, 0.8934169278996865]
stats[3]: [0, 0, 0, 0, 0, 0, 0, 0, 0, 0]
Averaged Test Accuracy: 0.7498
Averaged Test AUC: 0.0000
Std Test Accuracy: 0.1251
Std Test AUC: 0.0000
Loaded train data from ../dataset/ag_news/train/8.npz
Data length: 1
Time elapsed 0.40 min
Memory used: 41.65 GB
Loaded train data from ../dataset/ag_news/train/9.npz
Data length: 1
Time elapsed 0.37 min
Memory used: 41.65 GB
Loaded train data from ../dataset/ag_news/train/7.npz
Data length: 1
Time elapsed 0.39 min
Memory used: 41.65 GB
Loaded train data from ../dataset/ag_news/train/3.npz
Data length: 1
Time elapsed 0.35 min
Memory used: 41.65 GB
Loaded train data from ../dataset/ag_news/train/5.npz
Data length: 1
Time elapsed 0.37 min
Memory used: 41.65 GB
Loaded train data from ../dataset/ag_news/train/4.npz
Data length: 1
Time elapsed 0.39 min
Memory used: 41.65 GB
Loaded train data from ../dataset/ag_news/train/0.npz
Data length: 1
Time elapsed 0.39 min
Memory used: 41.65 GB
Loaded train data from ../dataset/ag_news/train/2.npz
Data length: 1
Time elapsed 0.34 min
Memory used: 41.65 GB
Loaded train data from ../dataset/ag_news/train/1.npz
Data length: 1
Time elapsed 0.37 min
Memory used: 41.65 GB
Loaded train data from ../dataset/ag_news/train/6.npz
Data length: 1
Time elapsed 0.34 min
Memory used: 41.65 GB
------------------------- time cost ------------------------- 299.8981809616089

-------------Round number: 3-------------

Evaluate global model
Loaded test data from ../dataset/ag_news/test/0.npz
Data length: 1
metric.compute(): {'accuracy': 0.8191222570532916}
ct, ns, auc: 0.8191222570532916, 0, 0
Loaded test data from ../dataset/ag_news/test/1.npz
Data length: 1
metric.compute(): {'accuracy': 0.7592476489028214}
ct, ns, auc: 0.7592476489028214, 0, 0
Loaded test data from ../dataset/ag_news/test/2.npz
Data length: 1
metric.compute(): {'accuracy': 0.8918495297805643}
ct, ns, auc: 0.8918495297805643, 0, 0
Loaded test data from ../dataset/ag_news/test/3.npz
Data length: 1
metric.compute(): {'accuracy': 0.8761755485893417}
ct, ns, auc: 0.8761755485893417, 0, 0
Loaded test data from ../dataset/ag_news/test/4.npz
Data length: 1
metric.compute(): {'accuracy': 0.8065830721003134}
ct, ns, auc: 0.8065830721003134, 0, 0
Loaded test data from ../dataset/ag_news/test/5.npz
Data length: 1
metric.compute(): {'accuracy': 0.8905956112852664}
ct, ns, auc: 0.8905956112852664, 0, 0
Loaded test data from ../dataset/ag_news/test/6.npz
Data length: 1
metric.compute(): {'accuracy': 0.9266457680250784}
ct, ns, auc: 0.9266457680250784, 0, 0
Loaded test data from ../dataset/ag_news/test/7.npz
Data length: 1
metric.compute(): {'accuracy': 0.7134796238244514}
ct, ns, auc: 0.7134796238244514, 0, 0
Loaded test data from ../dataset/ag_news/test/8.npz
Data length: 1
metric.compute(): {'accuracy': 0.8670846394984326}
ct, ns, auc: 0.8670846394984326, 0, 0
Loaded test data from ../dataset/ag_news/test/9.npz
Data length: 1
metric.compute(): {'accuracy': 0.9009404388714733}
ct, ns, auc: 0.9009404388714733, 0, 0
ids: [0, 1, 2, 3, 4, 5, 6, 7, 8, 9]
stats[1]: [0, 0, 0, 0, 0, 0, 0, 0, 0, 0]
stats[2]: [0.8191222570532916, 0.7592476489028214, 0.8918495297805643, 0.8761755485893417, 0.8065830721003134, 0.8905956112852664, 0.9266457680250784, 0.7134796238244514, 0.8670846394984326, 0.9009404388714733]
stats[3]: [0, 0, 0, 0, 0, 0, 0, 0, 0, 0]
Averaged Test Accuracy: 0.8452
Averaged Test AUC: 0.0000
Std Test Accuracy: 0.0686
Std Test AUC: 0.0000
Loaded train data from ../dataset/ag_news/train/8.npz
Data length: 1
Time elapsed 0.41 min
Memory used: 41.65 GB
Loaded train data from ../dataset/ag_news/train/3.npz
Data length: 1
Time elapsed 0.36 min
Memory used: 41.65 GB
Loaded train data from ../dataset/ag_news/train/1.npz
Data length: 1
Time elapsed 0.37 min
Memory used: 41.65 GB
Loaded train data from ../dataset/ag_news/train/7.npz
Data length: 1
Time elapsed 0.40 min
Memory used: 41.65 GB
Loaded train data from ../dataset/ag_news/train/9.npz
Data length: 1
Time elapsed 0.37 min
Memory used: 41.65 GB
Loaded train data from ../dataset/ag_news/train/6.npz
Data length: 1
Time elapsed 0.34 min
Memory used: 41.65 GB
Loaded train data from ../dataset/ag_news/train/5.npz
Data length: 1
Time elapsed 0.36 min
Memory used: 41.65 GB
Loaded train data from ../dataset/ag_news/train/2.npz
Data length: 1
Time elapsed 0.35 min
Memory used: 41.65 GB
Loaded train data from ../dataset/ag_news/train/4.npz
Data length: 1
Time elapsed 0.39 min
Memory used: 41.65 GB
Loaded train data from ../dataset/ag_news/train/0.npz
Data length: 1
Time elapsed 0.38 min
Memory used: 41.65 GB
------------------------- time cost ------------------------- 302.24306082725525

-------------Round number: 4-------------

Evaluate global model
Loaded test data from ../dataset/ag_news/test/0.npz
Data length: 1
metric.compute(): {'accuracy': 0.877742946708464}
ct, ns, auc: 0.877742946708464, 0, 0
Loaded test data from ../dataset/ag_news/test/1.npz
Data length: 1
metric.compute(): {'accuracy': 0.8852664576802508}
ct, ns, auc: 0.8852664576802508, 0, 0
Loaded test data from ../dataset/ag_news/test/2.npz
Data length: 1
metric.compute(): {'accuracy': 0.903448275862069}
ct, ns, auc: 0.903448275862069, 0, 0
Loaded test data from ../dataset/ag_news/test/3.npz
Data length: 1
metric.compute(): {'accuracy': 0.9040752351097179}
ct, ns, auc: 0.9040752351097179, 0, 0
Loaded test data from ../dataset/ag_news/test/4.npz
Data length: 1
metric.compute(): {'accuracy': 0.9053291536050156}
ct, ns, auc: 0.9053291536050156, 0, 0
Loaded test data from ../dataset/ag_news/test/5.npz
Data length: 1
metric.compute(): {'accuracy': 0.9137931034482759}
ct, ns, auc: 0.9137931034482759, 0, 0
Loaded test data from ../dataset/ag_news/test/6.npz
Data length: 1
metric.compute(): {'accuracy': 0.929153605015674}
ct, ns, auc: 0.929153605015674, 0, 0
Loaded test data from ../dataset/ag_news/test/7.npz
Data length: 1
metric.compute(): {'accuracy': 0.8570532915360501}
ct, ns, auc: 0.8570532915360501, 0, 0
Loaded test data from ../dataset/ag_news/test/8.npz
Data length: 1
metric.compute(): {'accuracy': 0.8940438871473354}
ct, ns, auc: 0.8940438871473354, 0, 0
Loaded test data from ../dataset/ag_news/test/9.npz
Data length: 1
metric.compute(): {'accuracy': 0.9087774294670846}
ct, ns, auc: 0.9087774294670846, 0, 0
ids: [0, 1, 2, 3, 4, 5, 6, 7, 8, 9]
stats[1]: [0, 0, 0, 0, 0, 0, 0, 0, 0, 0]
stats[2]: [0.877742946708464, 0.8852664576802508, 0.903448275862069, 0.9040752351097179, 0.9053291536050156, 0.9137931034482759, 0.929153605015674, 0.8570532915360501, 0.8940438871473354, 0.9087774294670846]
stats[3]: [0, 0, 0, 0, 0, 0, 0, 0, 0, 0]
Averaged Test Accuracy: 0.8979
Averaged Test AUC: 0.0000
Std Test Accuracy: 0.0203
Std Test AUC: 0.0000
Loaded train data from ../dataset/ag_news/train/3.npz
Data length: 1
Time elapsed 0.34 min
Memory used: 41.65 GB
Loaded train data from ../dataset/ag_news/train/0.npz
Data length: 1
Time elapsed 0.38 min
Memory used: 41.65 GB
Loaded train data from ../dataset/ag_news/train/5.npz
Data length: 1
Time elapsed 0.37 min
Memory used: 41.65 GB
Loaded train data from ../dataset/ag_news/train/6.npz
Data length: 1
Time elapsed 0.34 min
Memory used: 41.65 GB
Loaded train data from ../dataset/ag_news/train/8.npz
Data length: 1
Time elapsed 0.40 min
Memory used: 41.65 GB
Loaded train data from ../dataset/ag_news/train/2.npz
Data length: 1
Time elapsed 0.35 min
Memory used: 41.65 GB
Loaded train data from ../dataset/ag_news/train/9.npz
Data length: 1
Time elapsed 0.36 min
Memory used: 41.65 GB
Loaded train data from ../dataset/ag_news/train/7.npz
Data length: 1
Time elapsed 0.40 min
Memory used: 41.65 GB
Loaded train data from ../dataset/ag_news/train/4.npz
Data length: 1
Time elapsed 0.38 min
Memory used: 41.65 GB
Loaded train data from ../dataset/ag_news/train/1.npz
Data length: 1
Time elapsed 0.37 min
Memory used: 41.65 GB
------------------------- time cost ------------------------- 300.0986137390137

-------------Round number: 5-------------

Evaluate global model
Loaded test data from ../dataset/ag_news/test/0.npz
Data length: 1
metric.compute(): {'accuracy': 0.8927899686520376}
ct, ns, auc: 0.8927899686520376, 0, 0
Loaded test data from ../dataset/ag_news/test/1.npz
Data length: 1
metric.compute(): {'accuracy': 0.8401253918495298}
ct, ns, auc: 0.8401253918495298, 0, 0
Loaded test data from ../dataset/ag_news/test/2.npz
Data length: 1
metric.compute(): {'accuracy': 0.903448275862069}
ct, ns, auc: 0.903448275862069, 0, 0
Loaded test data from ../dataset/ag_news/test/3.npz
Data length: 1
metric.compute(): {'accuracy': 0.9065830721003135}
ct, ns, auc: 0.9065830721003135, 0, 0
Loaded test data from ../dataset/ag_news/test/4.npz
Data length: 1
metric.compute(): {'accuracy': 0.9100313479623825}
ct, ns, auc: 0.9100313479623825, 0, 0
Loaded test data from ../dataset/ag_news/test/5.npz
Data length: 1
metric.compute(): {'accuracy': 0.9147335423197492}
ct, ns, auc: 0.9147335423197492, 0, 0
Loaded test data from ../dataset/ag_news/test/6.npz
Data length: 1
metric.compute(): {'accuracy': 0.9231974921630094}
ct, ns, auc: 0.9231974921630094, 0, 0
Loaded test data from ../dataset/ag_news/test/7.npz
Data length: 1
metric.compute(): {'accuracy': 0.7429467084639498}
ct, ns, auc: 0.7429467084639498, 0, 0
Loaded test data from ../dataset/ag_news/test/8.npz
Data length: 1
metric.compute(): {'accuracy': 0.8959247648902822}
ct, ns, auc: 0.8959247648902822, 0, 0
Loaded test data from ../dataset/ag_news/test/9.npz
Data length: 1
metric.compute(): {'accuracy': 0.9087774294670846}
ct, ns, auc: 0.9087774294670846, 0, 0
ids: [0, 1, 2, 3, 4, 5, 6, 7, 8, 9]
stats[1]: [0, 0, 0, 0, 0, 0, 0, 0, 0, 0]
stats[2]: [0.8927899686520376, 0.8401253918495298, 0.903448275862069, 0.9065830721003135, 0.9100313479623825, 0.9147335423197492, 0.9231974921630094, 0.7429467084639498, 0.8959247648902822, 0.9087774294670846]
stats[3]: [0, 0, 0, 0, 0, 0, 0, 0, 0, 0]
Averaged Test Accuracy: 0.8839
Averaged Test AUC: 0.0000
Std Test Accuracy: 0.0545
Std Test AUC: 0.0000
Loaded train data from ../dataset/ag_news/train/8.npz
Data length: 1
Time elapsed 0.41 min
Memory used: 41.65 GB
Loaded train data from ../dataset/ag_news/train/2.npz
Data length: 1
Time elapsed 0.34 min
Memory used: 41.65 GB
Loaded train data from ../dataset/ag_news/train/9.npz
Data length: 1
Time elapsed 0.37 min
Memory used: 41.65 GB
Loaded train data from ../dataset/ag_news/train/3.npz
Data length: 1
Time elapsed 0.35 min
Memory used: 41.65 GB
Loaded train data from ../dataset/ag_news/train/4.npz
Data length: 1
Time elapsed 0.39 min
Memory used: 41.65 GB
Loaded train data from ../dataset/ag_news/train/7.npz
Data length: 1
Time elapsed 0.39 min
Memory used: 41.65 GB
Loaded train data from ../dataset/ag_news/train/6.npz
Data length: 1
Time elapsed 0.34 min
Memory used: 41.65 GB
Loaded train data from ../dataset/ag_news/train/5.npz
Data length: 1
Time elapsed 0.37 min
Memory used: 41.65 GB
Loaded train data from ../dataset/ag_news/train/0.npz
Data length: 1
Time elapsed 0.38 min
Memory used: 41.65 GB
Loaded train data from ../dataset/ag_news/train/1.npz
Data length: 1
Time elapsed 0.36 min
Memory used: 41.65 GB
------------------------- time cost ------------------------- 300.86767411231995

-------------Round number: 6-------------

Evaluate global model
Loaded test data from ../dataset/ag_news/test/0.npz
Data length: 1
metric.compute(): {'accuracy': 0.8871473354231975}
ct, ns, auc: 0.8871473354231975, 0, 0
Loaded test data from ../dataset/ag_news/test/1.npz
Data length: 1
metric.compute(): {'accuracy': 0.8705329153605016}
ct, ns, auc: 0.8705329153605016, 0, 0
Loaded test data from ../dataset/ag_news/test/2.npz
Data length: 1
metric.compute(): {'accuracy': 0.9053291536050156}
ct, ns, auc: 0.9053291536050156, 0, 0
Loaded test data from ../dataset/ag_news/test/3.npz
Data length: 1
metric.compute(): {'accuracy': 0.9103448275862069}
ct, ns, auc: 0.9103448275862069, 0, 0
Loaded test data from ../dataset/ag_news/test/4.npz
Data length: 1
metric.compute(): {'accuracy': 0.9006269592476489}
ct, ns, auc: 0.9006269592476489, 0, 0
Loaded test data from ../dataset/ag_news/test/5.npz
Data length: 1
metric.compute(): {'accuracy': 0.9222570532915361}
ct, ns, auc: 0.9222570532915361, 0, 0
Loaded test data from ../dataset/ag_news/test/6.npz
Data length: 1
metric.compute(): {'accuracy': 0.9269592476489028}
ct, ns, auc: 0.9269592476489028, 0, 0
Loaded test data from ../dataset/ag_news/test/7.npz
Data length: 1
metric.compute(): {'accuracy': 0.7623824451410658}
ct, ns, auc: 0.7623824451410658, 0, 0
Loaded test data from ../dataset/ag_news/test/8.npz
Data length: 1
metric.compute(): {'accuracy': 0.9191222570532915}
ct, ns, auc: 0.9191222570532915, 0, 0
Loaded test data from ../dataset/ag_news/test/9.npz
Data length: 1
metric.compute(): {'accuracy': 0.9137931034482759}
ct, ns, auc: 0.9137931034482759, 0, 0
ids: [0, 1, 2, 3, 4, 5, 6, 7, 8, 9]
stats[1]: [0, 0, 0, 0, 0, 0, 0, 0, 0, 0]
stats[2]: [0.8871473354231975, 0.8705329153605016, 0.9053291536050156, 0.9103448275862069, 0.9006269592476489, 0.9222570532915361, 0.9269592476489028, 0.7623824451410658, 0.9191222570532915, 0.9137931034482759]
stats[3]: [0, 0, 0, 0, 0, 0, 0, 0, 0, 0]
Averaged Test Accuracy: 0.8918
Averaged Test AUC: 0.0000
Std Test Accuracy: 0.0486
Std Test AUC: 0.0000
Loaded train data from ../dataset/ag_news/train/5.npz
Data length: 1
Time elapsed 0.37 min
Memory used: 41.65 GB
Loaded train data from ../dataset/ag_news/train/7.npz
Data length: 1
Time elapsed 0.39 min
Memory used: 41.65 GB
Loaded train data from ../dataset/ag_news/train/9.npz
Data length: 1
Time elapsed 0.38 min
Memory used: 41.65 GB
Loaded train data from ../dataset/ag_news/train/8.npz
Data length: 1
Time elapsed 0.42 min
Memory used: 41.65 GB
Loaded train data from ../dataset/ag_news/train/0.npz
Data length: 1
Time elapsed 0.37 min
Memory used: 41.65 GB
Loaded train data from ../dataset/ag_news/train/2.npz
Data length: 1
Time elapsed 0.35 min
Memory used: 41.65 GB
Loaded train data from ../dataset/ag_news/train/4.npz
Data length: 1
Time elapsed 0.40 min
Memory used: 41.65 GB
Loaded train data from ../dataset/ag_news/train/6.npz
Data length: 1
Time elapsed 0.34 min
Memory used: 41.65 GB
Loaded train data from ../dataset/ag_news/train/3.npz
Data length: 1
Time elapsed 0.34 min
Memory used: 41.65 GB
Loaded train data from ../dataset/ag_news/train/1.npz
Data length: 1
Time elapsed 0.37 min
Memory used: 41.65 GB
------------------------- time cost ------------------------- 302.05233931541443

-------------Round number: 7-------------

Evaluate global model
Loaded test data from ../dataset/ag_news/test/0.npz
Data length: 1
metric.compute(): {'accuracy': 0.886833855799373}
ct, ns, auc: 0.886833855799373, 0, 0
Loaded test data from ../dataset/ag_news/test/1.npz
Data length: 1
metric.compute(): {'accuracy': 0.8783699059561129}
ct, ns, auc: 0.8783699059561129, 0, 0
Loaded test data from ../dataset/ag_news/test/2.npz
Data length: 1
metric.compute(): {'accuracy': 0.9}
ct, ns, auc: 0.9, 0, 0
Loaded test data from ../dataset/ag_news/test/3.npz
Data length: 1
metric.compute(): {'accuracy': 0.9150470219435737}
ct, ns, auc: 0.9150470219435737, 0, 0
Loaded test data from ../dataset/ag_news/test/4.npz
Data length: 1
metric.compute(): {'accuracy': 0.9087774294670846}
ct, ns, auc: 0.9087774294670846, 0, 0
Loaded test data from ../dataset/ag_news/test/5.npz
Data length: 1
metric.compute(): {'accuracy': 0.9260188087774295}
ct, ns, auc: 0.9260188087774295, 0, 0
Loaded test data from ../dataset/ag_news/test/6.npz
Data length: 1
metric.compute(): {'accuracy': 0.9213166144200627}
ct, ns, auc: 0.9213166144200627, 0, 0
Loaded test data from ../dataset/ag_news/test/7.npz
Data length: 1
metric.compute(): {'accuracy': 0.806269592476489}
ct, ns, auc: 0.806269592476489, 0, 0
Loaded test data from ../dataset/ag_news/test/8.npz
Data length: 1
metric.compute(): {'accuracy': 0.9153605015673981}
ct, ns, auc: 0.9153605015673981, 0, 0
Loaded test data from ../dataset/ag_news/test/9.npz
Data length: 1
metric.compute(): {'accuracy': 0.9112852664576803}
ct, ns, auc: 0.9112852664576803, 0, 0
ids: [0, 1, 2, 3, 4, 5, 6, 7, 8, 9]
stats[1]: [0, 0, 0, 0, 0, 0, 0, 0, 0, 0]
stats[2]: [0.886833855799373, 0.8783699059561129, 0.9, 0.9150470219435737, 0.9087774294670846, 0.9260188087774295, 0.9213166144200627, 0.806269592476489, 0.9153605015673981, 0.9112852664576803]
stats[3]: [0, 0, 0, 0, 0, 0, 0, 0, 0, 0]
Averaged Test Accuracy: 0.8969
Averaged Test AUC: 0.0000
Std Test Accuracy: 0.0352
Std Test AUC: 0.0000
Loaded train data from ../dataset/ag_news/train/3.npz
Data length: 1
Time elapsed 0.35 min
Memory used: 41.65 GB
Loaded train data from ../dataset/ag_news/train/5.npz
Data length: 1
Time elapsed 0.36 min
Memory used: 41.65 GB
Loaded train data from ../dataset/ag_news/train/2.npz
Data length: 1
Time elapsed 0.34 min
Memory used: 41.65 GB
Loaded train data from ../dataset/ag_news/train/6.npz
Data length: 1
Time elapsed 0.34 min
Memory used: 41.65 GB
Loaded train data from ../dataset/ag_news/train/0.npz
Data length: 1
Time elapsed 0.38 min
Memory used: 41.65 GB
Loaded train data from ../dataset/ag_news/train/1.npz
Data length: 1
Time elapsed 0.37 min
Memory used: 41.65 GB
Loaded train data from ../dataset/ag_news/train/7.npz
Data length: 1
