GPU details saved to $output_file
__TORCH Version: 2.3.1+cu121
__CUDNN Version: 8902
__CUDA version:  12.1
__Number CUDA Devices: 1
__CUDA Device Name: NVIDIA A100-SXM4-40GB
__CUDA Device Total Memory [GB]: 42.297786368
__CUDA Device Total Memory [GB]: 42.297786368
args.dataset: ag_news
args.num_labels: 4
==================================================
Personalized Federated Learning: True
Uniform Weight: False
Normalized Rank: False
Normalized Alpha: False
lora_rank: 1
lora_alpha: 16
lora_dropout: 0.05
lora_query: True
lora_key: True
lora_value: True
lora_projection: True
lora_mlp: True
lora_head: True
aa_bottleneck_reduction: 1
aa_text: False
aa_vision: False
ca_bottleneck_reduction: 4
ca_text: False
ca_vision: False
Seed: 42
Algorithm: flora
Local batch size: 128
Local epochs: 1
Local learing rate: 0.0005
Local learing rate decay: False
Total number of clients: 10
Clients join in each round: 1.0
Clients randomly join: False
Client drop rate: 0.0
Client select regarding time: False
Running times: 1
Dataset: ag_news
Number of classes: 10
Backbone: distilbert
Using device: cuda
Using DP: False
Auto break: False
Global rounds: 50
Cuda device id: 0
DLG attack: False
Total number of new clients: 0
Fine tuning epoches on new clients: 0
==================================================

============= Running time: 0th =============
Creating server and clients ...
Loaded train data from ../dataset/ag_news/train/0.npz
Data length: 1
Loaded test data from ../dataset/ag_news/test/0.npz
Data length: 1
self.lora_params: {'rank': 1, 'alpha': 16, 'dropout': 0.05, 'lora_query': True, 'lora_key': True, 'lora_value': True, 'lora_projection': True, 'lora_mlp': True, 'lora_head': True}
Loaded train data from ../dataset/ag_news/train/1.npz
Data length: 1
Loaded test data from ../dataset/ag_news/test/1.npz
Data length: 1
self.lora_params: {'rank': 1, 'alpha': 16, 'dropout': 0.05, 'lora_query': True, 'lora_key': True, 'lora_value': True, 'lora_projection': True, 'lora_mlp': True, 'lora_head': True}
Loaded train data from ../dataset/ag_news/train/2.npz
Data length: 1
Loaded test data from ../dataset/ag_news/test/2.npz
Data length: 1
self.lora_params: {'rank': 1, 'alpha': 16, 'dropout': 0.05, 'lora_query': True, 'lora_key': True, 'lora_value': True, 'lora_projection': True, 'lora_mlp': True, 'lora_head': True}
Loaded train data from ../dataset/ag_news/train/3.npz
Data length: 1
Loaded test data from ../dataset/ag_news/test/3.npz
Data length: 1
self.lora_params: {'rank': 1, 'alpha': 16, 'dropout': 0.05, 'lora_query': True, 'lora_key': True, 'lora_value': True, 'lora_projection': True, 'lora_mlp': True, 'lora_head': True}
Loaded train data from ../dataset/ag_news/train/4.npz
Data length: 1
Loaded test data from ../dataset/ag_news/test/4.npz
Data length: 1
self.lora_params: {'rank': 1, 'alpha': 16, 'dropout': 0.05, 'lora_query': True, 'lora_key': True, 'lora_value': True, 'lora_projection': True, 'lora_mlp': True, 'lora_head': True}
Loaded train data from ../dataset/ag_news/train/5.npz
Data length: 1
Loaded test data from ../dataset/ag_news/test/5.npz
Data length: 1
self.lora_params: {'rank': 1, 'alpha': 16, 'dropout': 0.05, 'lora_query': True, 'lora_key': True, 'lora_value': True, 'lora_projection': True, 'lora_mlp': True, 'lora_head': True}
Loaded train data from ../dataset/ag_news/train/6.npz
Data length: 1
Loaded test data from ../dataset/ag_news/test/6.npz
Data length: 1
self.lora_params: {'rank': 1, 'alpha': 16, 'dropout': 0.05, 'lora_query': True, 'lora_key': True, 'lora_value': True, 'lora_projection': True, 'lora_mlp': True, 'lora_head': True}
Loaded train data from ../dataset/ag_news/train/7.npz
Data length: 1
Loaded test data from ../dataset/ag_news/test/7.npz
Data length: 1
self.lora_params: {'rank': 1, 'alpha': 16, 'dropout': 0.05, 'lora_query': True, 'lora_key': True, 'lora_value': True, 'lora_projection': True, 'lora_mlp': True, 'lora_head': True}
Loaded train data from ../dataset/ag_news/train/8.npz
Data length: 1
Loaded test data from ../dataset/ag_news/test/8.npz
Data length: 1
self.lora_params: {'rank': 1, 'alpha': 16, 'dropout': 0.05, 'lora_query': True, 'lora_key': True, 'lora_value': True, 'lora_projection': True, 'lora_mlp': True, 'lora_head': True}
Loaded train data from ../dataset/ag_news/train/9.npz
Data length: 1
Loaded test data from ../dataset/ag_news/test/9.npz
Data length: 1
self.lora_params: {'rank': 1, 'alpha': 16, 'dropout': 0.05, 'lora_query': True, 'lora_key': True, 'lora_value': True, 'lora_projection': True, 'lora_mlp': True, 'lora_head': True}

Join ratio / total clients: 1.0 / 10
Finished creating server and clients.

-------------Round number: 0-------------

Evaluate global model
Loaded test data from ../dataset/ag_news/test/0.npz
Data length: 1
metric.compute(): {'accuracy': 0.20595611285266457}
ct, ns, auc: 0.20595611285266457, 0, 0
Loaded test data from ../dataset/ag_news/test/1.npz
Data length: 1
metric.compute(): {'accuracy': 0.3463949843260188}
ct, ns, auc: 0.3463949843260188, 0, 0
Loaded test data from ../dataset/ag_news/test/2.npz
Data length: 1
metric.compute(): {'accuracy': 0.2482758620689655}
ct, ns, auc: 0.2482758620689655, 0, 0
Loaded test data from ../dataset/ag_news/test/3.npz
Data length: 1
metric.compute(): {'accuracy': 0.27523510971786835}
ct, ns, auc: 0.27523510971786835, 0, 0
Loaded test data from ../dataset/ag_news/test/4.npz
Data length: 1
metric.compute(): {'accuracy': 0.24796238244514107}
ct, ns, auc: 0.24796238244514107, 0, 0
Loaded test data from ../dataset/ag_news/test/5.npz
Data length: 1
metric.compute(): {'accuracy': 0.21253918495297805}
ct, ns, auc: 0.21253918495297805, 0, 0
Loaded test data from ../dataset/ag_news/test/6.npz
Data length: 1
metric.compute(): {'accuracy': 0.2608150470219436}
ct, ns, auc: 0.2608150470219436, 0, 0
Loaded test data from ../dataset/ag_news/test/7.npz
Data length: 1
metric.compute(): {'accuracy': 0.2482758620689655}
ct, ns, auc: 0.2482758620689655, 0, 0
Loaded test data from ../dataset/ag_news/test/8.npz
Data length: 1
metric.compute(): {'accuracy': 0.24294670846394983}
ct, ns, auc: 0.24294670846394983, 0, 0
Loaded test data from ../dataset/ag_news/test/9.npz
Data length: 1
metric.compute(): {'accuracy': 0.22884012539184953}
ct, ns, auc: 0.22884012539184953, 0, 0
ids: [0, 1, 2, 3, 4, 5, 6, 7, 8, 9]
stats[1]: [0, 0, 0, 0, 0, 0, 0, 0, 0, 0]
stats[2]: [0.20595611285266457, 0.3463949843260188, 0.2482758620689655, 0.27523510971786835, 0.24796238244514107, 0.21253918495297805, 0.2608150470219436, 0.2482758620689655, 0.24294670846394983, 0.22884012539184953]
stats[3]: [0, 0, 0, 0, 0, 0, 0, 0, 0, 0]
Averaged Test Accuracy: 0.2517
Averaged Test AUC: 0.0000
Std Test Accuracy: 0.0393
Std Test AUC: 0.0000
Loaded train data from ../dataset/ag_news/train/8.npz
Data length: 1
Time elapsed 0.42 min
Memory used: 36.65 GB
Loaded train data from ../dataset/ag_news/train/1.npz
Data length: 1
Time elapsed 0.36 min
Memory used: 36.65 GB
Loaded train data from ../dataset/ag_news/train/5.npz
Data length: 1
Time elapsed 0.37 min
Memory used: 36.65 GB
Loaded train data from ../dataset/ag_news/train/0.npz
Data length: 1
Time elapsed 0.37 min
Memory used: 36.65 GB
Loaded train data from ../dataset/ag_news/train/7.npz
Data length: 1
Time elapsed 0.40 min
Memory used: 36.65 GB
Loaded train data from ../dataset/ag_news/train/2.npz
Data length: 1
Time elapsed 0.35 min
Memory used: 36.65 GB
Loaded train data from ../dataset/ag_news/train/9.npz
Data length: 1
Time elapsed 0.36 min
Memory used: 36.65 GB
Loaded train data from ../dataset/ag_news/train/4.npz
Data length: 1
Time elapsed 0.41 min
Memory used: 41.65 GB
Loaded train data from ../dataset/ag_news/train/3.npz
Data length: 1
Time elapsed 0.36 min
Memory used: 41.65 GB
Loaded train data from ../dataset/ag_news/train/6.npz
Data length: 1
Time elapsed 0.34 min
Memory used: 41.65 GB
------------------------- time cost ------------------------- 302.7026357650757

-------------Round number: 1-------------

Evaluate global model
Loaded test data from ../dataset/ag_news/test/0.npz
Data length: 1
metric.compute(): {'accuracy': 0.31974921630094044}
ct, ns, auc: 0.31974921630094044, 0, 0
Loaded test data from ../dataset/ag_news/test/1.npz
Data length: 1
metric.compute(): {'accuracy': 0.32163009404388715}
ct, ns, auc: 0.32163009404388715, 0, 0
Loaded test data from ../dataset/ag_news/test/2.npz
Data length: 1
metric.compute(): {'accuracy': 0.15893416927899687}
ct, ns, auc: 0.15893416927899687, 0, 0
Loaded test data from ../dataset/ag_news/test/3.npz
Data length: 1
metric.compute(): {'accuracy': 0.29968652037617555}
ct, ns, auc: 0.29968652037617555, 0, 0
Loaded test data from ../dataset/ag_news/test/4.npz
Data length: 1
metric.compute(): {'accuracy': 0.24545454545454545}
ct, ns, auc: 0.24545454545454545, 0, 0
Loaded test data from ../dataset/ag_news/test/5.npz
Data length: 1
metric.compute(): {'accuracy': 0.2598746081504702}
ct, ns, auc: 0.2598746081504702, 0, 0
Loaded test data from ../dataset/ag_news/test/6.npz
Data length: 1
metric.compute(): {'accuracy': 0.190282131661442}
ct, ns, auc: 0.190282131661442, 0, 0
Loaded test data from ../dataset/ag_news/test/7.npz
Data length: 1
metric.compute(): {'accuracy': 0.2432601880877743}
ct, ns, auc: 0.2432601880877743, 0, 0
Loaded test data from ../dataset/ag_news/test/8.npz
Data length: 1
metric.compute(): {'accuracy': 0.22727272727272727}
ct, ns, auc: 0.22727272727272727, 0, 0
Loaded test data from ../dataset/ag_news/test/9.npz
Data length: 1
metric.compute(): {'accuracy': 0.3495297805642633}
ct, ns, auc: 0.3495297805642633, 0, 0
ids: [0, 1, 2, 3, 4, 5, 6, 7, 8, 9]
stats[1]: [0, 0, 0, 0, 0, 0, 0, 0, 0, 0]
stats[2]: [0.31974921630094044, 0.32163009404388715, 0.15893416927899687, 0.29968652037617555, 0.24545454545454545, 0.2598746081504702, 0.190282131661442, 0.2432601880877743, 0.22727272727272727, 0.3495297805642633]
stats[3]: [0, 0, 0, 0, 0, 0, 0, 0, 0, 0]
Averaged Test Accuracy: 0.2616
Averaged Test AUC: 0.0000
Std Test Accuracy: 0.0611
Std Test AUC: 0.0000
Loaded train data from ../dataset/ag_news/train/2.npz
Data length: 1
Time elapsed 0.34 min
Memory used: 41.65 GB
Loaded train data from ../dataset/ag_news/train/1.npz
Data length: 1
Time elapsed 0.37 min
Memory used: 41.65 GB
Loaded train data from ../dataset/ag_news/train/3.npz
Data length: 1
Time elapsed 0.35 min
Memory used: 41.65 GB
Loaded train data from ../dataset/ag_news/train/9.npz
Data length: 1
Time elapsed 0.36 min
Memory used: 41.65 GB
Loaded train data from ../dataset/ag_news/train/0.npz
Data length: 1
Time elapsed 0.38 min
Memory used: 41.65 GB
Loaded train data from ../dataset/ag_news/train/5.npz
Data length: 1
Time elapsed 0.36 min
Memory used: 41.65 GB
Loaded train data from ../dataset/ag_news/train/4.npz
Data length: 1
Time elapsed 0.40 min
Memory used: 41.65 GB
Loaded train data from ../dataset/ag_news/train/8.npz
Data length: 1
Time elapsed 0.40 min
Memory used: 41.65 GB
Loaded train data from ../dataset/ag_news/train/6.npz
Data length: 1
Time elapsed 0.35 min
Memory used: 41.65 GB
Loaded train data from ../dataset/ag_news/train/7.npz
Data length: 1
Time elapsed 0.38 min
Memory used: 41.65 GB
------------------------- time cost ------------------------- 298.78022027015686

-------------Round number: 2-------------

Evaluate global model
Loaded test data from ../dataset/ag_news/test/0.npz
Data length: 1
metric.compute(): {'accuracy': 0.2746081504702194}
ct, ns, auc: 0.2746081504702194, 0, 0
Loaded test data from ../dataset/ag_news/test/1.npz
Data length: 1
metric.compute(): {'accuracy': 0.23761755485893418}
ct, ns, auc: 0.23761755485893418, 0, 0
Loaded test data from ../dataset/ag_news/test/2.npz
Data length: 1
metric.compute(): {'accuracy': 0.2573667711598746}
ct, ns, auc: 0.2573667711598746, 0, 0
Loaded test data from ../dataset/ag_news/test/3.npz
Data length: 1
metric.compute(): {'accuracy': 0.24890282131661443}
ct, ns, auc: 0.24890282131661443, 0, 0
Loaded test data from ../dataset/ag_news/test/4.npz
Data length: 1
metric.compute(): {'accuracy': 0.27147335423197494}
ct, ns, auc: 0.27147335423197494, 0, 0
Loaded test data from ../dataset/ag_news/test/5.npz
Data length: 1
metric.compute(): {'accuracy': 0.26677115987460814}
ct, ns, auc: 0.26677115987460814, 0, 0
Loaded test data from ../dataset/ag_news/test/6.npz
Data length: 1
metric.compute(): {'accuracy': 0.25391849529780564}
ct, ns, auc: 0.25391849529780564, 0, 0
Loaded test data from ../dataset/ag_news/test/7.npz
Data length: 1
metric.compute(): {'accuracy': 0.24670846394984325}
ct, ns, auc: 0.24670846394984325, 0, 0
Loaded test data from ../dataset/ag_news/test/8.npz
Data length: 1
metric.compute(): {'accuracy': 0.2426332288401254}
ct, ns, auc: 0.2426332288401254, 0, 0
Loaded test data from ../dataset/ag_news/test/9.npz
Data length: 1
metric.compute(): {'accuracy': 0.24733542319749216}
ct, ns, auc: 0.24733542319749216, 0, 0
ids: [0, 1, 2, 3, 4, 5, 6, 7, 8, 9]
stats[1]: [0, 0, 0, 0, 0, 0, 0, 0, 0, 0]
stats[2]: [0.2746081504702194, 0.23761755485893418, 0.2573667711598746, 0.24890282131661443, 0.27147335423197494, 0.26677115987460814, 0.25391849529780564, 0.24670846394984325, 0.2426332288401254, 0.24733542319749216]
stats[3]: [0, 0, 0, 0, 0, 0, 0, 0, 0, 0]
Averaged Test Accuracy: 0.2547
Averaged Test AUC: 0.0000
Std Test Accuracy: 0.0126
Std Test AUC: 0.0000
Loaded train data from ../dataset/ag_news/train/8.npz
Data length: 1
Time elapsed 0.40 min
Memory used: 41.65 GB
Loaded train data from ../dataset/ag_news/train/9.npz
Data length: 1
Time elapsed 0.37 min
Memory used: 41.65 GB
Loaded train data from ../dataset/ag_news/train/7.npz
Data length: 1
Time elapsed 0.39 min
Memory used: 41.65 GB
Loaded train data from ../dataset/ag_news/train/3.npz
Data length: 1
Time elapsed 0.35 min
Memory used: 41.65 GB
Loaded train data from ../dataset/ag_news/train/5.npz
Data length: 1
Time elapsed 0.37 min
Memory used: 41.65 GB
Loaded train data from ../dataset/ag_news/train/4.npz
Data length: 1
Time elapsed 0.39 min
Memory used: 41.65 GB
Loaded train data from ../dataset/ag_news/train/0.npz
Data length: 1
Time elapsed 0.39 min
Memory used: 41.65 GB
Loaded train data from ../dataset/ag_news/train/2.npz
Data length: 1
Time elapsed 0.35 min
Memory used: 41.65 GB
Loaded train data from ../dataset/ag_news/train/1.npz
Data length: 1
Time elapsed 0.37 min
Memory used: 41.65 GB
Loaded train data from ../dataset/ag_news/train/6.npz
Data length: 1
Time elapsed 0.34 min
Memory used: 41.65 GB
------------------------- time cost ------------------------- 299.22042322158813

-------------Round number: 3-------------

Evaluate global model
Loaded test data from ../dataset/ag_news/test/0.npz
Data length: 1
metric.compute(): {'accuracy': 0.23636363636363636}
ct, ns, auc: 0.23636363636363636, 0, 0
Loaded test data from ../dataset/ag_news/test/1.npz
Data length: 1
metric.compute(): {'accuracy': 0.2827586206896552}
ct, ns, auc: 0.2827586206896552, 0, 0
Loaded test data from ../dataset/ag_news/test/2.npz
Data length: 1
metric.compute(): {'accuracy': 0.22821316614420062}
ct, ns, auc: 0.22821316614420062, 0, 0
Loaded test data from ../dataset/ag_news/test/3.npz
Data length: 1
metric.compute(): {'accuracy': 0.24921630094043887}
ct, ns, auc: 0.24921630094043887, 0, 0
Loaded test data from ../dataset/ag_news/test/4.npz
Data length: 1
metric.compute(): {'accuracy': 0.24702194357366772}
ct, ns, auc: 0.24702194357366772, 0, 0
Loaded test data from ../dataset/ag_news/test/5.npz
Data length: 1
metric.compute(): {'accuracy': 0.26677115987460814}
ct, ns, auc: 0.26677115987460814, 0, 0
Loaded test data from ../dataset/ag_news/test/6.npz
Data length: 1
metric.compute(): {'accuracy': 0.25862068965517243}
ct, ns, auc: 0.25862068965517243, 0, 0
Loaded test data from ../dataset/ag_news/test/7.npz
Data length: 1
metric.compute(): {'accuracy': 0.25329153605015675}
ct, ns, auc: 0.25329153605015675, 0, 0
Loaded test data from ../dataset/ag_news/test/8.npz
Data length: 1
metric.compute(): {'accuracy': 0.24890282131661443}
ct, ns, auc: 0.24890282131661443, 0, 0
Loaded test data from ../dataset/ag_news/test/9.npz
Data length: 1
metric.compute(): {'accuracy': 0.2573667711598746}
ct, ns, auc: 0.2573667711598746, 0, 0
ids: [0, 1, 2, 3, 4, 5, 6, 7, 8, 9]
stats[1]: [0, 0, 0, 0, 0, 0, 0, 0, 0, 0]
stats[2]: [0.23636363636363636, 0.2827586206896552, 0.22821316614420062, 0.24921630094043887, 0.24702194357366772, 0.26677115987460814, 0.25862068965517243, 0.25329153605015675, 0.24890282131661443, 0.2573667711598746]
stats[3]: [0, 0, 0, 0, 0, 0, 0, 0, 0, 0]
Averaged Test Accuracy: 0.2529
Averaged Test AUC: 0.0000
Std Test Accuracy: 0.0152
Std Test AUC: 0.0000
Loaded train data from ../dataset/ag_news/train/8.npz
Data length: 1
Time elapsed 0.41 min
Memory used: 41.65 GB
Loaded train data from ../dataset/ag_news/train/3.npz
Data length: 1
Time elapsed 0.36 min
Memory used: 41.65 GB
Loaded train data from ../dataset/ag_news/train/1.npz
Data length: 1
Time elapsed 0.37 min
Memory used: 41.65 GB
Loaded train data from ../dataset/ag_news/train/7.npz
Data length: 1
Time elapsed 0.40 min
Memory used: 41.65 GB
Loaded train data from ../dataset/ag_news/train/9.npz
Data length: 1
Time elapsed 0.37 min
Memory used: 41.65 GB
Loaded train data from ../dataset/ag_news/train/6.npz
Data length: 1
Time elapsed 0.34 min
Memory used: 41.65 GB
Loaded train data from ../dataset/ag_news/train/5.npz
Data length: 1
Time elapsed 0.36 min
Memory used: 41.65 GB
Loaded train data from ../dataset/ag_news/train/2.npz
Data length: 1
Time elapsed 0.35 min
Memory used: 41.65 GB
Loaded train data from ../dataset/ag_news/train/4.npz
Data length: 1
Time elapsed 0.39 min
Memory used: 41.65 GB
Loaded train data from ../dataset/ag_news/train/0.npz
Data length: 1
Time elapsed 0.38 min
Memory used: 41.65 GB
------------------------- time cost ------------------------- 301.06257700920105

-------------Round number: 4-------------

Evaluate global model
Loaded test data from ../dataset/ag_news/test/0.npz
Data length: 1
metric.compute(): {'accuracy': 0.23636363636363636}
ct, ns, auc: 0.23636363636363636, 0, 0
Loaded test data from ../dataset/ag_news/test/1.npz
Data length: 1
metric.compute(): {'accuracy': 0.2827586206896552}
ct, ns, auc: 0.2827586206896552, 0, 0
Loaded test data from ../dataset/ag_news/test/2.npz
Data length: 1
metric.compute(): {'accuracy': 0.2554858934169279}
ct, ns, auc: 0.2554858934169279, 0, 0
Loaded test data from ../dataset/ag_news/test/3.npz
Data length: 1
metric.compute(): {'accuracy': 0.24921630094043887}
ct, ns, auc: 0.24921630094043887, 0, 0
Loaded test data from ../dataset/ag_news/test/4.npz
Data length: 1
metric.compute(): {'accuracy': 0.24702194357366772}
ct, ns, auc: 0.24702194357366772, 0, 0
Loaded test data from ../dataset/ag_news/test/5.npz
Data length: 1
metric.compute(): {'accuracy': 0.26677115987460814}
ct, ns, auc: 0.26677115987460814, 0, 0
Loaded test data from ../dataset/ag_news/test/6.npz
Data length: 1
metric.compute(): {'accuracy': 0.25862068965517243}
ct, ns, auc: 0.25862068965517243, 0, 0
Loaded test data from ../dataset/ag_news/test/7.npz
Data length: 1
metric.compute(): {'accuracy': 0.25329153605015675}
ct, ns, auc: 0.25329153605015675, 0, 0
Loaded test data from ../dataset/ag_news/test/8.npz
Data length: 1
metric.compute(): {'accuracy': 0.24890282131661443}
ct, ns, auc: 0.24890282131661443, 0, 0
Loaded test data from ../dataset/ag_news/test/9.npz
Data length: 1
metric.compute(): {'accuracy': 0.25391849529780564}
ct, ns, auc: 0.25391849529780564, 0, 0
ids: [0, 1, 2, 3, 4, 5, 6, 7, 8, 9]
stats[1]: [0, 0, 0, 0, 0, 0, 0, 0, 0, 0]
stats[2]: [0.23636363636363636, 0.2827586206896552, 0.2554858934169279, 0.24921630094043887, 0.24702194357366772, 0.26677115987460814, 0.25862068965517243, 0.25329153605015675, 0.24890282131661443, 0.25391849529780564]
stats[3]: [0, 0, 0, 0, 0, 0, 0, 0, 0, 0]
Averaged Test Accuracy: 0.2552
Averaged Test AUC: 0.0000
Std Test Accuracy: 0.0125
Std Test AUC: 0.0000
Loaded train data from ../dataset/ag_news/train/3.npz
Data length: 1
Time elapsed 0.34 min
Memory used: 41.65 GB
Loaded train data from ../dataset/ag_news/train/0.npz
Data length: 1
Time elapsed 0.38 min
Memory used: 41.65 GB
Loaded train data from ../dataset/ag_news/train/5.npz
Data length: 1
Time elapsed 0.37 min
Memory used: 41.65 GB
Loaded train data from ../dataset/ag_news/train/6.npz
Data length: 1
Time elapsed 0.34 min
Memory used: 41.65 GB
Loaded train data from ../dataset/ag_news/train/8.npz
Data length: 1
Time elapsed 0.40 min
Memory used: 41.65 GB
Loaded train data from ../dataset/ag_news/train/2.npz
Data length: 1
Time elapsed 0.35 min
Memory used: 41.65 GB
Loaded train data from ../dataset/ag_news/train/9.npz
Data length: 1
Time elapsed 0.36 min
Memory used: 41.65 GB
Loaded train data from ../dataset/ag_news/train/7.npz
Data length: 1
Time elapsed 0.40 min
Memory used: 41.65 GB
Loaded train data from ../dataset/ag_news/train/4.npz
Data length: 1
Time elapsed 0.38 min
Memory used: 41.65 GB
Loaded train data from ../dataset/ag_news/train/1.npz
Data length: 1
Time elapsed 0.37 min
Memory used: 41.65 GB
------------------------- time cost ------------------------- 298.24278378486633

-------------Round number: 5-------------

Evaluate global model
Loaded test data from ../dataset/ag_news/test/0.npz
Data length: 1
metric.compute(): {'accuracy': 0.23636363636363636}
ct, ns, auc: 0.23636363636363636, 0, 0
Loaded test data from ../dataset/ag_news/test/1.npz
Data length: 1
metric.compute(): {'accuracy': 0.2830721003134796}
ct, ns, auc: 0.2830721003134796, 0, 0
Loaded test data from ../dataset/ag_news/test/2.npz
Data length: 1
metric.compute(): {'accuracy': 0.25517241379310346}
ct, ns, auc: 0.25517241379310346, 0, 0
Loaded test data from ../dataset/ag_news/test/3.npz
Data length: 1
metric.compute(): {'accuracy': 0.2495297805642633}
ct, ns, auc: 0.2495297805642633, 0, 0
Loaded test data from ../dataset/ag_news/test/4.npz
Data length: 1
metric.compute(): {'accuracy': 0.24733542319749216}
ct, ns, auc: 0.24733542319749216, 0, 0
Loaded test data from ../dataset/ag_news/test/5.npz
Data length: 1
metric.compute(): {'accuracy': 0.2664576802507837}
ct, ns, auc: 0.2664576802507837, 0, 0
Loaded test data from ../dataset/ag_news/test/6.npz
Data length: 1
metric.compute(): {'accuracy': 0.2589341692789969}
ct, ns, auc: 0.2589341692789969, 0, 0
Loaded test data from ../dataset/ag_news/test/7.npz
Data length: 1
metric.compute(): {'accuracy': 0.24670846394984325}
ct, ns, auc: 0.24670846394984325, 0, 0
Loaded test data from ../dataset/ag_news/test/8.npz
Data length: 1
metric.compute(): {'accuracy': 0.24858934169278996}
ct, ns, auc: 0.24858934169278996, 0, 0
Loaded test data from ../dataset/ag_news/test/9.npz
Data length: 1
metric.compute(): {'accuracy': 0.2567398119122257}
ct, ns, auc: 0.2567398119122257, 0, 0
ids: [0, 1, 2, 3, 4, 5, 6, 7, 8, 9]
stats[1]: [0, 0, 0, 0, 0, 0, 0, 0, 0, 0]
stats[2]: [0.23636363636363636, 0.2830721003134796, 0.25517241379310346, 0.2495297805642633, 0.24733542319749216, 0.2664576802507837, 0.2589341692789969, 0.24670846394984325, 0.24858934169278996, 0.2567398119122257]
stats[3]: [0, 0, 0, 0, 0, 0, 0, 0, 0, 0]
Averaged Test Accuracy: 0.2549
Averaged Test AUC: 0.0000
Std Test Accuracy: 0.0128
Std Test AUC: 0.0000
Loaded train data from ../dataset/ag_news/train/8.npz
Data length: 1
Time elapsed 0.41 min
Memory used: 41.65 GB
Loaded train data from ../dataset/ag_news/train/2.npz
Data length: 1
Time elapsed 0.34 min
Memory used: 41.65 GB
Loaded train data from ../dataset/ag_news/train/9.npz
Data length: 1
Time elapsed 0.37 min
Memory used: 41.65 GB
Loaded train data from ../dataset/ag_news/train/3.npz
Data length: 1
Time elapsed 0.35 min
Memory used: 41.65 GB
Loaded train data from ../dataset/ag_news/train/4.npz
Data length: 1
Time elapsed 0.39 min
Memory used: 41.65 GB
Loaded train data from ../dataset/ag_news/train/7.npz
Data length: 1
Time elapsed 0.39 min
Memory used: 41.65 GB
Loaded train data from ../dataset/ag_news/train/6.npz
Data length: 1
Time elapsed 0.34 min
Memory used: 41.65 GB
Loaded train data from ../dataset/ag_news/train/5.npz
Data length: 1
Time elapsed 0.37 min
Memory used: 41.65 GB
Loaded train data from ../dataset/ag_news/train/0.npz
Data length: 1
Time elapsed 0.38 min
Memory used: 41.65 GB
Loaded train data from ../dataset/ag_news/train/1.npz
Data length: 1
Time elapsed 0.36 min
Memory used: 41.65 GB
------------------------- time cost ------------------------- 299.8063304424286

-------------Round number: 6-------------

Evaluate global model
Loaded test data from ../dataset/ag_news/test/0.npz
Data length: 1
metric.compute(): {'accuracy': 0.23636363636363636}
ct, ns, auc: 0.23636363636363636, 0, 0
Loaded test data from ../dataset/ag_news/test/1.npz
Data length: 1
metric.compute(): {'accuracy': 0.2827586206896552}
ct, ns, auc: 0.2827586206896552, 0, 0
Loaded test data from ../dataset/ag_news/test/2.npz
Data length: 1
metric.compute(): {'accuracy': 0.2554858934169279}
ct, ns, auc: 0.2554858934169279, 0, 0
Loaded test data from ../dataset/ag_news/test/3.npz
Data length: 1
metric.compute(): {'accuracy': 0.24921630094043887}
ct, ns, auc: 0.24921630094043887, 0, 0
Loaded test data from ../dataset/ag_news/test/4.npz
Data length: 1
metric.compute(): {'accuracy': 0.24702194357366772}
ct, ns, auc: 0.24702194357366772, 0, 0
Loaded test data from ../dataset/ag_news/test/5.npz
Data length: 1
metric.compute(): {'accuracy': 0.26677115987460814}
ct, ns, auc: 0.26677115987460814, 0, 0
Loaded test data from ../dataset/ag_news/test/6.npz
Data length: 1
metric.compute(): {'accuracy': 0.2561128526645768}
ct, ns, auc: 0.2561128526645768, 0, 0
Loaded test data from ../dataset/ag_news/test/7.npz
Data length: 1
metric.compute(): {'accuracy': 0.25329153605015675}
ct, ns, auc: 0.25329153605015675, 0, 0
Loaded test data from ../dataset/ag_news/test/8.npz
Data length: 1
metric.compute(): {'accuracy': 0.24890282131661443}
ct, ns, auc: 0.24890282131661443, 0, 0
Loaded test data from ../dataset/ag_news/test/9.npz
Data length: 1
metric.compute(): {'accuracy': 0.25391849529780564}
ct, ns, auc: 0.25391849529780564, 0, 0
ids: [0, 1, 2, 3, 4, 5, 6, 7, 8, 9]
stats[1]: [0, 0, 0, 0, 0, 0, 0, 0, 0, 0]
stats[2]: [0.23636363636363636, 0.2827586206896552, 0.2554858934169279, 0.24921630094043887, 0.24702194357366772, 0.26677115987460814, 0.2561128526645768, 0.25329153605015675, 0.24890282131661443, 0.25391849529780564]
stats[3]: [0, 0, 0, 0, 0, 0, 0, 0, 0, 0]
Averaged Test Accuracy: 0.2550
Averaged Test AUC: 0.0000
Std Test Accuracy: 0.0125
Std Test AUC: 0.0000
Loaded train data from ../dataset/ag_news/train/5.npz
Data length: 1
Time elapsed 0.37 min
Memory used: 41.65 GB
Loaded train data from ../dataset/ag_news/train/7.npz
Data length: 1
Time elapsed 0.39 min
Memory used: 41.65 GB
Loaded train data from ../dataset/ag_news/train/9.npz
Data length: 1
Time elapsed 0.38 min
Memory used: 41.65 GB
Loaded train data from ../dataset/ag_news/train/8.npz
Data length: 1
Time elapsed 0.42 min
Memory used: 41.65 GB
Loaded train data from ../dataset/ag_news/train/0.npz
Data length: 1
Time elapsed 0.37 min
Memory used: 41.65 GB
Loaded train data from ../dataset/ag_news/train/2.npz
Data length: 1
Time elapsed 0.35 min
Memory used: 41.65 GB
Loaded train data from ../dataset/ag_news/train/4.npz
Data length: 1
Time elapsed 0.40 min
Memory used: 41.65 GB
Loaded train data from ../dataset/ag_news/train/6.npz
Data length: 1
Time elapsed 0.34 min
Memory used: 41.65 GB
Loaded train data from ../dataset/ag_news/train/3.npz
Data length: 1
Time elapsed 0.34 min
Memory used: 41.65 GB
Loaded train data from ../dataset/ag_news/train/1.npz
Data length: 1
Time elapsed 0.37 min
Memory used: 41.65 GB
------------------------- time cost ------------------------- 300.51295733451843

-------------Round number: 7-------------

Evaluate global model
Loaded test data from ../dataset/ag_news/test/0.npz
Data length: 1
metric.compute(): {'accuracy': 0.23636363636363636}
ct, ns, auc: 0.23636363636363636, 0, 0
Loaded test data from ../dataset/ag_news/test/1.npz
Data length: 1
metric.compute(): {'accuracy': 0.2827586206896552}
ct, ns, auc: 0.2827586206896552, 0, 0
Loaded test data from ../dataset/ag_news/test/2.npz
Data length: 1
metric.compute(): {'accuracy': 0.2554858934169279}
ct, ns, auc: 0.2554858934169279, 0, 0
Loaded test data from ../dataset/ag_news/test/3.npz
Data length: 1
metric.compute(): {'accuracy': 0.24921630094043887}
ct, ns, auc: 0.24921630094043887, 0, 0
Loaded test data from ../dataset/ag_news/test/4.npz
Data length: 1
metric.compute(): {'accuracy': 0.24702194357366772}
ct, ns, auc: 0.24702194357366772, 0, 0
Loaded test data from ../dataset/ag_news/test/5.npz
Data length: 1
metric.compute(): {'accuracy': 0.26677115987460814}
ct, ns, auc: 0.26677115987460814, 0, 0
Loaded test data from ../dataset/ag_news/test/6.npz
Data length: 1
metric.compute(): {'accuracy': 0.2561128526645768}
ct, ns, auc: 0.2561128526645768, 0, 0
Loaded test data from ../dataset/ag_news/test/7.npz
Data length: 1
metric.compute(): {'accuracy': 0.24670846394984325}
ct, ns, auc: 0.24670846394984325, 0, 0
Loaded test data from ../dataset/ag_news/test/8.npz
Data length: 1
metric.compute(): {'accuracy': 0.24890282131661443}
ct, ns, auc: 0.24890282131661443, 0, 0
Loaded test data from ../dataset/ag_news/test/9.npz
Data length: 1
metric.compute(): {'accuracy': 0.25391849529780564}
ct, ns, auc: 0.25391849529780564, 0, 0
ids: [0, 1, 2, 3, 4, 5, 6, 7, 8, 9]
stats[1]: [0, 0, 0, 0, 0, 0, 0, 0, 0, 0]
stats[2]: [0.23636363636363636, 0.2827586206896552, 0.2554858934169279, 0.24921630094043887, 0.24702194357366772, 0.26677115987460814, 0.2561128526645768, 0.24670846394984325, 0.24890282131661443, 0.25391849529780564]
stats[3]: [0, 0, 0, 0, 0, 0, 0, 0, 0, 0]
Averaged Test Accuracy: 0.2543
Averaged Test AUC: 0.0000
Std Test Accuracy: 0.0127
Std Test AUC: 0.0000
Loaded train data from ../dataset/ag_news/train/3.npz
Data length: 1
Time elapsed 0.35 min
Memory used: 41.65 GB
Loaded train data from ../dataset/ag_news/train/5.npz
Data length: 1
Time elapsed 0.36 min
Memory used: 41.65 GB
Loaded train data from ../dataset/ag_news/train/2.npz
Data length: 1
Time elapsed 0.34 min
Memory used: 41.65 GB
Loaded train data from ../dataset/ag_news/train/6.npz
Data length: 1
Time elapsed 0.34 min
Memory used: 41.65 GB
Loaded train data from ../dataset/ag_news/train/0.npz
Data length: 1
Time elapsed 0.38 min
Memory used: 41.65 GB
Loaded train data from ../dataset/ag_news/train/1.npz
Data length: 1
Time elapsed 0.37 min
Memory used: 41.65 GB
Loaded train data from ../dataset/ag_news/train/7.npz
Data length: 1
Time elapsed 0.38 min
Memory used: 41.65 GB
Loaded train data from ../dataset/ag_news/train/8.npz
Data length: 1
Time elapsed 0.40 min
Memory used: 41.65 GB
Loaded train data from ../dataset/ag_news/train/9.npz
Data length: 1
Time elapsed 0.36 min
Memory used: 41.65 GB
Loaded train data from ../dataset/ag_news/train/4.npz
Data length: 1
Time elapsed 0.39 min
Memory used: 41.65 GB
------------------------- time cost ------------------------- 297.5164837837219

-------------Round number: 8-------------

Evaluate global model
Loaded test data from ../dataset/ag_news/test/0.npz
Data length: 1
metric.compute(): {'accuracy': 0.23636363636363636}
ct, ns, auc: 0.23636363636363636, 0, 0
Loaded test data from ../dataset/ag_news/test/1.npz
Data length: 1
metric.compute(): {'accuracy': 0.2827586206896552}
ct, ns, auc: 0.2827586206896552, 0, 0
Loaded test data from ../dataset/ag_news/test/2.npz
Data length: 1
metric.compute(): {'accuracy': 0.2554858934169279}
ct, ns, auc: 0.2554858934169279, 0, 0
Loaded test data from ../dataset/ag_news/test/3.npz
Data length: 1
metric.compute(): {'accuracy': 0.24921630094043887}
ct, ns, auc: 0.24921630094043887, 0, 0
Loaded test data from ../dataset/ag_news/test/4.npz
Data length: 1
metric.compute(): {'accuracy': 0.24702194357366772}
ct, ns, auc: 0.24702194357366772, 0, 0
Loaded test data from ../dataset/ag_news/test/5.npz
Data length: 1
metric.compute(): {'accuracy': 0.26677115987460814}
ct, ns, auc: 0.26677115987460814, 0, 0
Loaded test data from ../dataset/ag_news/test/6.npz
Data length: 1
metric.compute(): {'accuracy': 0.2561128526645768}
ct, ns, auc: 0.2561128526645768, 0, 0
Loaded test data from ../dataset/ag_news/test/7.npz
Data length: 1
metric.compute(): {'accuracy': 0.24670846394984325}
ct, ns, auc: 0.24670846394984325, 0, 0
Loaded test data from ../dataset/ag_news/test/8.npz
Data length: 1
metric.compute(): {'accuracy': 0.24890282131661443}
ct, ns, auc: 0.24890282131661443, 0, 0
Loaded test data from ../dataset/ag_news/test/9.npz
Data length: 1
metric.compute(): {'accuracy': 0.2573667711598746}
ct, ns, auc: 0.2573667711598746, 0, 0
ids: [0, 1, 2, 3, 4, 5, 6, 7, 8, 9]
stats[1]: [0, 0, 0, 0, 0, 0, 0, 0, 0, 0]
stats[2]: [0.23636363636363636, 0.2827586206896552, 0.2554858934169279, 0.24921630094043887, 0.24702194357366772, 0.26677115987460814, 0.2561128526645768, 0.24670846394984325, 0.24890282131661443, 0.2573667711598746]
stats[3]: [0, 0, 0, 0, 0, 0, 0, 0, 0, 0]
Averaged Test Accuracy: 0.2547
Averaged Test AUC: 0.0000
Std Test Accuracy: 0.0128
Std Test AUC: 0.0000
Loaded train data from ../dataset/ag_news/train/4.npz
Data length: 1
Time elapsed 0.40 min
Memory used: 41.65 GB
Loaded train data from ../dataset/ag_news/train/0.npz
Data length: 1
Time elapsed 0.38 min
Memory used: 41.65 GB
Loaded train data from ../dataset/ag_news/train/8.npz
Data length: 1
Time elapsed 0.40 min
Memory used: 41.65 GB
Loaded train data from ../dataset/ag_news/train/5.npz
Data length: 1
Time elapsed 0.36 min
Memory used: 41.65 GB
Loaded train data from ../dataset/ag_news/train/2.npz
Data length: 1
Time elapsed 0.35 min
Memory used: 41.65 GB
Loaded train data from ../dataset/ag_news/train/9.npz
Data length: 1
Time elapsed 0.37 min
Memory used: 41.65 GB
Loaded train data from ../dataset/ag_news/train/6.npz
Data length: 1
Time elapsed 0.34 min
Memory used: 41.65 GB
Loaded train data from ../dataset/ag_news/train/1.npz
Data length: 1
Time elapsed 0.37 min
Memory used: 41.65 GB
Loaded train data from ../dataset/ag_news/train/3.npz
Data length: 1
Time elapsed 0.36 min
Memory used: 41.65 GB
Loaded train data from ../dataset/ag_news/train/7.npz
Data length: 1
Time elapsed 0.38 min
Memory used: 41.65 GB
------------------------- time cost ------------------------- 298.255318403244

-------------Round number: 9-------------

Evaluate global model
Loaded test data from ../dataset/ag_news/test/0.npz
Data length: 1
metric.compute(): {'accuracy': 0.2746081504702194}
ct, ns, auc: 0.2746081504702194, 0, 0
Loaded test data from ../dataset/ag_news/test/1.npz
Data length: 1
metric.compute(): {'accuracy': 0.23573667711598745}
ct, ns, auc: 0.23573667711598745, 0, 0
Loaded test data from ../dataset/ag_news/test/2.npz
Data length: 1
metric.compute(): {'accuracy': 0.261128526645768}
ct, ns, auc: 0.261128526645768, 0, 0
Loaded test data from ../dataset/ag_news/test/3.npz
Data length: 1
metric.compute(): {'accuracy': 0.2495297805642633}
ct, ns, auc: 0.2495297805642633, 0, 0
Loaded test data from ../dataset/ag_news/test/4.npz
Data length: 1
metric.compute(): {'accuracy': 0.2730407523510972}
ct, ns, auc: 0.2730407523510972, 0, 0
Loaded test data from ../dataset/ag_news/test/5.npz
Data length: 1
metric.compute(): {'accuracy': 0.26677115987460814}
ct, ns, auc: 0.26677115987460814, 0, 0
Loaded test data from ../dataset/ag_news/test/6.npz
Data length: 1
metric.compute(): {'accuracy': 0.2561128526645768}
ct, ns, auc: 0.2561128526645768, 0, 0
Loaded test data from ../dataset/ag_news/test/7.npz
Data length: 1
metric.compute(): {'accuracy': 0.24670846394984325}
ct, ns, auc: 0.24670846394984325, 0, 0
Loaded test data from ../dataset/ag_news/test/8.npz
Data length: 1
metric.compute(): {'accuracy': 0.24294670846394983}
ct, ns, auc: 0.24294670846394983, 0, 0
Loaded test data from ../dataset/ag_news/test/9.npz
Data length: 1
metric.compute(): {'accuracy': 0.24670846394984325}
ct, ns, auc: 0.24670846394984325, 0, 0
ids: [0, 1, 2, 3, 4, 5, 6, 7, 8, 9]
stats[1]: [0, 0, 0, 0, 0, 0, 0, 0, 0, 0]
stats[2]: [0.2746081504702194, 0.23573667711598745, 0.261128526645768, 0.2495297805642633, 0.2730407523510972, 0.26677115987460814, 0.2561128526645768, 0.24670846394984325, 0.24294670846394983, 0.24670846394984325]
stats[3]: [0, 0, 0, 0, 0, 0, 0, 0, 0, 0]
Averaged Test Accuracy: 0.2553
Averaged Test AUC: 0.0000
Std Test Accuracy: 0.0132
Std Test AUC: 0.0000
Loaded train data from ../dataset/ag_news/train/7.npz
Data length: 1
Time elapsed 0.38 min
Memory used: 41.65 GB
Loaded train data from ../dataset/ag_news/train/0.npz
Data length: 1
Time elapsed 0.38 min
Memory used: 41.65 GB
Loaded train data from ../dataset/ag_news/train/6.npz
Data length: 1
Time elapsed 0.34 min
Memory used: 41.65 GB
Loaded train data from ../dataset/ag_news/train/5.npz
Data length: 1
Time elapsed 0.36 min
Memory used: 41.65 GB
Loaded train data from ../dataset/ag_news/train/9.npz
Data length: 1
Time elapsed 0.37 min
Memory used: 41.65 GB
Loaded train data from ../dataset/ag_news/train/1.npz
Data length: 1
Time elapsed 0.37 min
Memory used: 41.65 GB
Loaded train data from ../dataset/ag_news/train/3.npz
Data length: 1
Time elapsed 0.35 min
Memory used: 41.65 GB
Loaded train data from ../dataset/ag_news/train/2.npz
Data length: 1
Time elapsed 0.34 min
Memory used: 41.65 GB
Loaded train data from ../dataset/ag_news/train/4.npz
Data length: 1
Time elapsed 0.39 min
Memory used: 41.65 GB
Loaded train data from ../dataset/ag_news/train/8.npz
Data length: 1
Time elapsed 0.40 min
Memory used: 41.65 GB
------------------------- time cost ------------------------- 300.0482153892517

-------------Round number: 10-------------

Evaluate global model
Loaded test data from ../dataset/ag_news/test/0.npz
Data length: 1
metric.compute(): {'accuracy': 0.2746081504702194}
ct, ns, auc: 0.2746081504702194, 0, 0
Loaded test data from ../dataset/ag_news/test/1.npz
Data length: 1
metric.compute(): {'accuracy': 0.2761755485893417}
ct, ns, auc: 0.2761755485893417, 0, 0
Loaded test data from ../dataset/ag_news/test/2.npz
Data length: 1
metric.compute(): {'accuracy': 0.261128526645768}
ct, ns, auc: 0.261128526645768, 0, 0
Loaded test data from ../dataset/ag_news/test/3.npz
Data length: 1
metric.compute(): {'accuracy': 0.2495297805642633}
ct, ns, auc: 0.2495297805642633, 0, 0
Loaded test data from ../dataset/ag_news/test/4.npz
Data length: 1
metric.compute(): {'accuracy': 0.2730407523510972}
ct, ns, auc: 0.2730407523510972, 0, 0
Loaded test data from ../dataset/ag_news/test/5.npz
Data length: 1
metric.compute(): {'accuracy': 0.26677115987460814}
ct, ns, auc: 0.26677115987460814, 0, 0
Loaded test data from ../dataset/ag_news/test/6.npz
Data length: 1
metric.compute(): {'accuracy': 0.25862068965517243}
ct, ns, auc: 0.25862068965517243, 0, 0
Loaded test data from ../dataset/ag_news/test/7.npz
Data length: 1
metric.compute(): {'accuracy': 0.24670846394984325}
ct, ns, auc: 0.24670846394984325, 0, 0
Loaded test data from ../dataset/ag_news/test/8.npz
Data length: 1
metric.compute(): {'accuracy': 0.24294670846394983}
ct, ns, auc: 0.24294670846394983, 0, 0
Loaded test data from ../dataset/ag_news/test/9.npz
Data length: 1
metric.compute(): {'accuracy': 0.24670846394984325}
ct, ns, auc: 0.24670846394984325, 0, 0
ids: [0, 1, 2, 3, 4, 5, 6, 7, 8, 9]
stats[1]: [0, 0, 0, 0, 0, 0, 0, 0, 0, 0]
stats[2]: [0.2746081504702194, 0.2761755485893417, 0.261128526645768, 0.2495297805642633, 0.2730407523510972, 0.26677115987460814, 0.25862068965517243, 0.24670846394984325, 0.24294670846394983, 0.24670846394984325]
stats[3]: [0, 0, 0, 0, 0, 0, 0, 0, 0, 0]
Averaged Test Accuracy: 0.2596
Averaged Test AUC: 0.0000
Std Test Accuracy: 0.0127
Std Test AUC: 0.0000
Loaded train data from ../dataset/ag_news/train/1.npz
Data length: 1
Time elapsed 0.36 min
Memory used: 41.65 GB
Loaded train data from ../dataset/ag_news/train/3.npz
Data length: 1
Time elapsed 0.36 min
Memory used: 41.65 GB
Loaded train data from ../dataset/ag_news/train/0.npz
Data length: 1
Time elapsed 0.38 min
Memory used: 41.65 GB
Loaded train data from ../dataset/ag_news/train/6.npz
Data length: 1
Time elapsed 0.34 min
Memory used: 41.65 GB
Loaded train data from ../dataset/ag_news/train/2.npz
Data length: 1
Time elapsed 0.35 min
Memory used: 41.65 GB
Loaded train data from ../dataset/ag_news/train/4.npz
Data length: 1
Time elapsed 0.39 min
Memory used: 41.65 GB
Loaded train data from ../dataset/ag_news/train/8.npz
Data length: 1
Time elapsed 0.42 min
Memory used: 41.65 GB
Loaded train data from ../dataset/ag_news/train/7.npz
Data length: 1
Time elapsed 0.38 min
Memory used: 41.65 GB
Loaded train data from ../dataset/ag_news/train/9.npz
Data length: 1
Time elapsed 0.36 min
Memory used: 41.65 GB
Loaded train data from ../dataset/ag_news/train/5.npz
Data length: 1
Time elapsed 0.36 min
Memory used: 41.65 GB
------------------------- time cost ------------------------- 299.3555643558502

-------------Round number: 11-------------

Evaluate global model
Loaded test data from ../dataset/ag_news/test/0.npz
Data length: 1
metric.compute(): {'accuracy': 0.2746081504702194}
ct, ns, auc: 0.2746081504702194, 0, 0
Loaded test data from ../dataset/ag_news/test/1.npz
Data length: 1
metric.compute(): {'accuracy': 0.23573667711598745}
ct, ns, auc: 0.23573667711598745, 0, 0
Loaded test data from ../dataset/ag_news/test/2.npz
Data length: 1
metric.compute(): {'accuracy': 0.261128526645768}
ct, ns, auc: 0.261128526645768, 0, 0
Loaded test data from ../dataset/ag_news/test/3.npz
Data length: 1
metric.compute(): {'accuracy': 0.2495297805642633}
ct, ns, auc: 0.2495297805642633, 0, 0
Loaded test data from ../dataset/ag_news/test/4.npz
Data length: 1
metric.compute(): {'accuracy': 0.2730407523510972}
ct, ns, auc: 0.2730407523510972, 0, 0
Loaded test data from ../dataset/ag_news/test/5.npz
Data length: 1
metric.compute(): {'accuracy': 0.26677115987460814}
ct, ns, auc: 0.26677115987460814, 0, 0
Loaded test data from ../dataset/ag_news/test/6.npz
Data length: 1
metric.compute(): {'accuracy': 0.25862068965517243}
ct, ns, auc: 0.25862068965517243, 0, 0
Loaded test data from ../dataset/ag_news/test/7.npz
Data length: 1
metric.compute(): {'accuracy': 0.24670846394984325}
ct, ns, auc: 0.24670846394984325, 0, 0
Loaded test data from ../dataset/ag_news/test/8.npz
Data length: 1
metric.compute(): {'accuracy': 0.24294670846394983}
ct, ns, auc: 0.24294670846394983, 0, 0
Loaded test data from ../dataset/ag_news/test/9.npz
Data length: 1
metric.compute(): {'accuracy': 0.24670846394984325}
ct, ns, auc: 0.24670846394984325, 0, 0
ids: [0, 1, 2, 3, 4, 5, 6, 7, 8, 9]
stats[1]: [0, 0, 0, 0, 0, 0, 0, 0, 0, 0]
stats[2]: [0.2746081504702194, 0.23573667711598745, 0.261128526645768, 0.2495297805642633, 0.2730407523510972, 0.26677115987460814, 0.25862068965517243, 0.24670846394984325, 0.24294670846394983, 0.24670846394984325]
stats[3]: [0, 0, 0, 0, 0, 0, 0, 0, 0, 0]
Averaged Test Accuracy: 0.2556
Averaged Test AUC: 0.0000
Std Test Accuracy: 0.0132
Std Test AUC: 0.0000
Loaded train data from ../dataset/ag_news/train/5.npz
Data length: 1
Time elapsed 0.37 min
Memory used: 41.65 GB
Loaded train data from ../dataset/ag_news/train/7.npz
Data length: 1
Time elapsed 0.39 min
Memory used: 41.65 GB
Loaded train data from ../dataset/ag_news/train/1.npz
Data length: 1
Time elapsed 0.36 min
Memory used: 41.65 GB
Loaded train data from ../dataset/ag_news/train/4.npz
Data length: 1
Time elapsed 0.39 min
Memory used: 41.65 GB
Loaded train data from ../dataset/ag_news/train/6.npz
Data length: 1
Time elapsed 0.34 min
Memory used: 41.65 GB
Loaded train data from ../dataset/ag_news/train/2.npz
Data length: 1
Time elapsed 0.35 min
Memory used: 41.65 GB
Loaded train data from ../dataset/ag_news/train/3.npz
Data length: 1
Time elapsed 0.35 min
Memory used: 41.65 GB
Loaded train data from ../dataset/ag_news/train/9.npz
Data length: 1
Time elapsed 0.36 min
Memory used: 41.65 GB
Loaded train data from ../dataset/ag_news/train/0.npz
Data length: 1
Time elapsed 0.39 min
Memory used: 41.65 GB
Loaded train data from ../dataset/ag_news/train/8.npz
Data length: 1
Time elapsed 0.42 min
Memory used: 41.65 GB
------------------------- time cost ------------------------- 299.7927346229553

-------------Round number: 12-------------

Evaluate global model
Loaded test data from ../dataset/ag_news/test/0.npz
Data length: 1
metric.compute(): {'accuracy': 0.2746081504702194}
ct, ns, auc: 0.2746081504702194, 0, 0
Loaded test data from ../dataset/ag_news/test/1.npz
Data length: 1
metric.compute(): {'accuracy': 0.2761755485893417}
ct, ns, auc: 0.2761755485893417, 0, 0
Loaded test data from ../dataset/ag_news/test/2.npz
Data length: 1
metric.compute(): {'accuracy': 0.25517241379310346}
ct, ns, auc: 0.25517241379310346, 0, 0
Loaded test data from ../dataset/ag_news/test/3.npz
Data length: 1
metric.compute(): {'accuracy': 0.2495297805642633}
ct, ns, auc: 0.2495297805642633, 0, 0
Loaded test data from ../dataset/ag_news/test/4.npz
Data length: 1
metric.compute(): {'accuracy': 0.2730407523510972}
ct, ns, auc: 0.2730407523510972, 0, 0
Loaded test data from ../dataset/ag_news/test/5.npz
Data length: 1
metric.compute(): {'accuracy': 0.26677115987460814}
ct, ns, auc: 0.26677115987460814, 0, 0
Loaded test data from ../dataset/ag_news/test/6.npz
Data length: 1
metric.compute(): {'accuracy': 0.25862068965517243}
ct, ns, auc: 0.25862068965517243, 0, 0
Loaded test data from ../dataset/ag_news/test/7.npz
Data length: 1
metric.compute(): {'accuracy': 0.24670846394984325}
ct, ns, auc: 0.24670846394984325, 0, 0
Loaded test data from ../dataset/ag_news/test/8.npz
Data length: 1
metric.compute(): {'accuracy': 0.24890282131661443}
ct, ns, auc: 0.24890282131661443, 0, 0
Loaded test data from ../dataset/ag_news/test/9.npz
Data length: 1
metric.compute(): {'accuracy': 0.24670846394984325}
ct, ns, auc: 0.24670846394984325, 0, 0
ids: [0, 1, 2, 3, 4, 5, 6, 7, 8, 9]
stats[1]: [0, 0, 0, 0, 0, 0, 0, 0, 0, 0]
stats[2]: [0.2746081504702194, 0.2761755485893417, 0.25517241379310346, 0.2495297805642633, 0.2730407523510972, 0.26677115987460814, 0.25862068965517243, 0.24670846394984325, 0.24890282131661443, 0.24670846394984325]
stats[3]: [0, 0, 0, 0, 0, 0, 0, 0, 0, 0]
Averaged Test Accuracy: 0.2596
Averaged Test AUC: 0.0000
Std Test Accuracy: 0.0120
Std Test AUC: 0.0000
Loaded train data from ../dataset/ag_news/train/1.npz
Data length: 1
Time elapsed 0.37 min
Memory used: 41.65 GB
Loaded train data from ../dataset/ag_news/train/0.npz
Data length: 1
Time elapsed 0.37 min
Memory used: 41.65 GB
Loaded train data from ../dataset/ag_news/train/8.npz
Data length: 1
Time elapsed 0.40 min
Memory used: 41.65 GB
Loaded train data from ../dataset/ag_news/train/7.npz
Data length: 1
Time elapsed 0.38 min
Memory used: 41.65 GB
Loaded train data from ../dataset/ag_news/train/6.npz
Data length: 1
Time elapsed 0.34 min
Memory used: 41.65 GB
Loaded train data from ../dataset/ag_news/train/4.npz
Data length: 1
Time elapsed 0.39 min
Memory used: 41.65 GB
Loaded train data from ../dataset/ag_news/train/5.npz
Data length: 1
Time elapsed 0.37 min
Memory used: 41.65 GB
Loaded train data from ../dataset/ag_news/train/9.npz
Data length: 1
Time elapsed 0.37 min
Memory used: 41.65 GB
Loaded train data from ../dataset/ag_news/train/3.npz
Data length: 1
Time elapsed 0.35 min
Memory used: 41.65 GB
Loaded train data from ../dataset/ag_news/train/2.npz
Data length: 1
Time elapsed 0.34 min
Memory used: 41.65 GB
------------------------- time cost ------------------------- 300.0439977645874

-------------Round number: 13-------------

Evaluate global model
Loaded test data from ../dataset/ag_news/test/0.npz
Data length: 1
metric.compute(): {'accuracy': 0.23636363636363636}
ct, ns, auc: 0.23636363636363636, 0, 0
Loaded test data from ../dataset/ag_news/test/1.npz
Data length: 1
metric.compute(): {'accuracy': 0.2827586206896552}
ct, ns, auc: 0.2827586206896552, 0, 0
Loaded test data from ../dataset/ag_news/test/2.npz
Data length: 1
metric.compute(): {'accuracy': 0.22821316614420062}
ct, ns, auc: 0.22821316614420062, 0, 0
Loaded test data from ../dataset/ag_news/test/3.npz
Data length: 1
metric.compute(): {'accuracy': 0.2445141065830721}
ct, ns, auc: 0.2445141065830721, 0, 0
Loaded test data from ../dataset/ag_news/test/4.npz
Data length: 1
metric.compute(): {'accuracy': 0.2445141065830721}
ct, ns, auc: 0.2445141065830721, 0, 0
Loaded test data from ../dataset/ag_news/test/5.npz
Data length: 1
metric.compute(): {'accuracy': 0.26677115987460814}
ct, ns, auc: 0.26677115987460814, 0, 0
Loaded test data from ../dataset/ag_news/test/6.npz
Data length: 1
metric.compute(): {'accuracy': 0.2561128526645768}
ct, ns, auc: 0.2561128526645768, 0, 0
Loaded test data from ../dataset/ag_news/test/7.npz
Data length: 1
metric.compute(): {'accuracy': 0.24670846394984325}
ct, ns, auc: 0.24670846394984325, 0, 0
Loaded test data from ../dataset/ag_news/test/8.npz
Data length: 1
metric.compute(): {'accuracy': 0.24357366771159875}
ct, ns, auc: 0.24357366771159875, 0, 0
Loaded test data from ../dataset/ag_news/test/9.npz
Data length: 1
metric.compute(): {'accuracy': 0.25391849529780564}
ct, ns, auc: 0.25391849529780564, 0, 0
ids: [0, 1, 2, 3, 4, 5, 6, 7, 8, 9]
stats[1]: [0, 0, 0, 0, 0, 0, 0, 0, 0, 0]
stats[2]: [0.23636363636363636, 0.2827586206896552, 0.22821316614420062, 0.2445141065830721, 0.2445141065830721, 0.26677115987460814, 0.2561128526645768, 0.24670846394984325, 0.24357366771159875, 0.25391849529780564]
stats[3]: [0, 0, 0, 0, 0, 0, 0, 0, 0, 0]
Averaged Test Accuracy: 0.2503
Averaged Test AUC: 0.0000
Std Test Accuracy: 0.0156
Std Test AUC: 0.0000
Loaded train data from ../dataset/ag_news/train/0.npz
Data length: 1
Time elapsed 0.39 min
Memory used: 41.65 GB
Loaded train data from ../dataset/ag_news/train/6.npz
Data length: 1
Time elapsed 0.35 min
Memory used: 41.65 GB
Loaded train data from ../dataset/ag_news/train/7.npz
Data length: 1
Time elapsed 0.38 min
Memory used: 41.65 GB
Loaded train data from ../dataset/ag_news/train/4.npz
Data length: 1
Time elapsed 0.40 min
Memory used: 41.65 GB
Loaded train data from ../dataset/ag_news/train/8.npz
Data length: 1
Time elapsed 0.41 min
Memory used: 41.65 GB
Loaded train data from ../dataset/ag_news/train/9.npz
Data length: 1
Time elapsed 0.36 min
Memory used: 41.65 GB
Loaded train data from ../dataset/ag_news/train/2.npz
Data length: 1
Time elapsed 0.35 min
Memory used: 41.65 GB
Loaded train data from ../dataset/ag_news/train/5.npz
Data length: 1
Time elapsed 0.37 min
Memory used: 41.65 GB
Loaded train data from ../dataset/ag_news/train/3.npz
Data length: 1
Time elapsed 0.36 min
Memory used: 41.65 GB
Loaded train data from ../dataset/ag_news/train/1.npz
Data length: 1
Time elapsed 0.36 min
Memory used: 41.65 GB
------------------------- time cost ------------------------- 306.1980547904968

-------------Round number: 14-------------

Evaluate global model
Loaded test data from ../dataset/ag_news/test/0.npz
Data length: 1
metric.compute(): {'accuracy': 0.274294670846395}
ct, ns, auc: 0.274294670846395, 0, 0
Loaded test data from ../dataset/ag_news/test/1.npz
Data length: 1
metric.compute(): {'accuracy': 0.24921630094043887}
ct, ns, auc: 0.24921630094043887, 0, 0
Loaded test data from ../dataset/ag_news/test/2.npz
Data length: 1
metric.compute(): {'accuracy': 0.25517241379310346}
ct, ns, auc: 0.25517241379310346, 0, 0
Loaded test data from ../dataset/ag_news/test/3.npz
Data length: 1
metric.compute(): {'accuracy': 0.2495297805642633}
ct, ns, auc: 0.2495297805642633, 0, 0
Loaded test data from ../dataset/ag_news/test/4.npz
Data length: 1
metric.compute(): {'accuracy': 0.2730407523510972}
ct, ns, auc: 0.2730407523510972, 0, 0
Loaded test data from ../dataset/ag_news/test/5.npz
Data length: 1
metric.compute(): {'accuracy': 0.26677115987460814}
ct, ns, auc: 0.26677115987460814, 0, 0
Loaded test data from ../dataset/ag_news/test/6.npz
Data length: 1
metric.compute(): {'accuracy': 0.2592476489028213}
ct, ns, auc: 0.2592476489028213, 0, 0
Loaded test data from ../dataset/ag_news/test/7.npz
Data length: 1
metric.compute(): {'accuracy': 0.24670846394984325}
ct, ns, auc: 0.24670846394984325, 0, 0
Loaded test data from ../dataset/ag_news/test/8.npz
Data length: 1
metric.compute(): {'accuracy': 0.2438871473354232}
ct, ns, auc: 0.2438871473354232, 0, 0
Loaded test data from ../dataset/ag_news/test/9.npz
Data length: 1
metric.compute(): {'accuracy': 0.24670846394984325}
ct, ns, auc: 0.24670846394984325, 0, 0
ids: [0, 1, 2, 3, 4, 5, 6, 7, 8, 9]
stats[1]: [0, 0, 0, 0, 0, 0, 0, 0, 0, 0]
stats[2]: [0.274294670846395, 0.24921630094043887, 0.25517241379310346, 0.2495297805642633, 0.2730407523510972, 0.26677115987460814, 0.2592476489028213, 0.24670846394984325, 0.2438871473354232, 0.24670846394984325]
stats[3]: [0, 0, 0, 0, 0, 0, 0, 0, 0, 0]
Averaged Test Accuracy: 0.2565
Averaged Test AUC: 0.0000
Std Test Accuracy: 0.0113
Std Test AUC: 0.0000
Loaded train data from ../dataset/ag_news/train/8.npz
Data length: 1
Time elapsed 0.42 min
Memory used: 41.65 GB
Loaded train data from ../dataset/ag_news/train/9.npz
Data length: 1
Time elapsed 0.37 min
Memory used: 41.65 GB
Loaded train data from ../dataset/ag_news/train/1.npz
Data length: 1
Time elapsed 0.36 min
Memory used: 41.65 GB
Loaded train data from ../dataset/ag_news/train/7.npz
Data length: 1
Time elapsed 0.38 min
Memory used: 41.65 GB
Loaded train data from ../dataset/ag_news/train/0.npz
Data length: 1
Time elapsed 0.38 min
Memory used: 41.65 GB
Loaded train data from ../dataset/ag_news/train/2.npz
Data length: 1
Time elapsed 0.34 min
Memory used: 41.65 GB
Loaded train data from ../dataset/ag_news/train/3.npz
Data length: 1
Time elapsed 0.35 min
Memory used: 41.65 GB
Loaded train data from ../dataset/ag_news/train/5.npz
Data length: 1
Time elapsed 0.37 min
Memory used: 41.65 GB
Loaded train data from ../dataset/ag_news/train/6.npz
Data length: 1
Time elapsed 0.34 min
Memory used: 41.65 GB
Loaded train data from ../dataset/ag_news/train/4.npz
Data length: 1
Time elapsed 0.38 min
Memory used: 41.65 GB
------------------------- time cost ------------------------- 300.3670184612274

-------------Round number: 15-------------

Evaluate global model
Loaded test data from ../dataset/ag_news/test/0.npz
Data length: 1
metric.compute(): {'accuracy': 0.274294670846395}
ct, ns, auc: 0.274294670846395, 0, 0
Loaded test data from ../dataset/ag_news/test/1.npz
Data length: 1
metric.compute(): {'accuracy': 0.2761755485893417}
ct, ns, auc: 0.2761755485893417, 0, 0
Loaded test data from ../dataset/ag_news/test/2.npz
Data length: 1
metric.compute(): {'accuracy': 0.2608150470219436}
ct, ns, auc: 0.2608150470219436, 0, 0
Loaded test data from ../dataset/ag_news/test/3.npz
Data length: 1
metric.compute(): {'accuracy': 0.24921630094043887}
ct, ns, auc: 0.24921630094043887, 0, 0
Loaded test data from ../dataset/ag_news/test/4.npz
Data length: 1
metric.compute(): {'accuracy': 0.2727272727272727}
ct, ns, auc: 0.2727272727272727, 0, 0
Loaded test data from ../dataset/ag_news/test/5.npz
Data length: 1
metric.compute(): {'accuracy': 0.26677115987460814}
ct, ns, auc: 0.26677115987460814, 0, 0
Loaded test data from ../dataset/ag_news/test/6.npz
Data length: 1
metric.compute(): {'accuracy': 0.258307210031348}
ct, ns, auc: 0.258307210031348, 0, 0
Loaded test data from ../dataset/ag_news/test/7.npz
Data length: 1
metric.compute(): {'accuracy': 0.2463949843260188}
ct, ns, auc: 0.2463949843260188, 0, 0
Loaded test data from ../dataset/ag_news/test/8.npz
Data length: 1
metric.compute(): {'accuracy': 0.2426332288401254}
ct, ns, auc: 0.2426332288401254, 0, 0
Loaded test data from ../dataset/ag_news/test/9.npz
Data length: 1
metric.compute(): {'accuracy': 0.24670846394984325}
ct, ns, auc: 0.24670846394984325, 0, 0
ids: [0, 1, 2, 3, 4, 5, 6, 7, 8, 9]
stats[1]: [0, 0, 0, 0, 0, 0, 0, 0, 0, 0]
stats[2]: [0.274294670846395, 0.2761755485893417, 0.2608150470219436, 0.24921630094043887, 0.2727272727272727, 0.26677115987460814, 0.258307210031348, 0.2463949843260188, 0.2426332288401254, 0.24670846394984325]
stats[3]: [0, 0, 0, 0, 0, 0, 0, 0, 0, 0]
Averaged Test Accuracy: 0.2594
Averaged Test AUC: 0.0000
Std Test Accuracy: 0.0127
Std Test AUC: 0.0000
Loaded train data from ../dataset/ag_news/train/6.npz
Data length: 1
Time elapsed 0.35 min
Memory used: 41.65 GB
Loaded train data from ../dataset/ag_news/train/5.npz
Data length: 1
Time elapsed 0.37 min
Memory used: 41.65 GB
Loaded train data from ../dataset/ag_news/train/4.npz
Data length: 1
Time elapsed 0.39 min
Memory used: 41.65 GB
Loaded train data from ../dataset/ag_news/train/2.npz
Data length: 1
Time elapsed 0.34 min
Memory used: 41.65 GB
Loaded train data from ../dataset/ag_news/train/8.npz
Data length: 1
Time elapsed 0.40 min
Memory used: 41.65 GB
Loaded train data from ../dataset/ag_news/train/9.npz
Data length: 1
Time elapsed 0.38 min
Memory used: 41.65 GB
Loaded train data from ../dataset/ag_news/train/1.npz
Data length: 1
Time elapsed 0.37 min
Memory used: 41.65 GB
Loaded train data from ../dataset/ag_news/train/7.npz
Data length: 1
Time elapsed 0.39 min
Memory used: 41.65 GB
Loaded train data from ../dataset/ag_news/train/3.npz
Data length: 1
Time elapsed 0.34 min
Memory used: 41.65 GB
Loaded train data from ../dataset/ag_news/train/0.npz
Data length: 1
Time elapsed 0.38 min
Memory used: 41.65 GB
------------------------- time cost ------------------------- 298.4172205924988

-------------Round number: 16-------------

Evaluate global model
Loaded test data from ../dataset/ag_news/test/0.npz
Data length: 1
metric.compute(): {'accuracy': 0.23636363636363636}
ct, ns, auc: 0.23636363636363636, 0, 0
Loaded test data from ../dataset/ag_news/test/1.npz
Data length: 1
metric.compute(): {'accuracy': 0.2827586206896552}
ct, ns, auc: 0.2827586206896552, 0, 0
Loaded test data from ../dataset/ag_news/test/2.npz
Data length: 1
metric.compute(): {'accuracy': 0.2554858934169279}
ct, ns, auc: 0.2554858934169279, 0, 0
Loaded test data from ../dataset/ag_news/test/3.npz
Data length: 1
metric.compute(): {'accuracy': 0.2495297805642633}
ct, ns, auc: 0.2495297805642633, 0, 0
Loaded test data from ../dataset/ag_news/test/4.npz
Data length: 1
metric.compute(): {'accuracy': 0.2730407523510972}
ct, ns, auc: 0.2730407523510972, 0, 0
Loaded test data from ../dataset/ag_news/test/5.npz
Data length: 1
metric.compute(): {'accuracy': 0.2394984326018809}
ct, ns, auc: 0.2394984326018809, 0, 0
Loaded test data from ../dataset/ag_news/test/6.npz
Data length: 1
metric.compute(): {'accuracy': 0.2589341692789969}
ct, ns, auc: 0.2589341692789969, 0, 0
Loaded test data from ../dataset/ag_news/test/7.npz
Data length: 1
metric.compute(): {'accuracy': 0.2341692789968652}
ct, ns, auc: 0.2341692789968652, 0, 0
Loaded test data from ../dataset/ag_news/test/8.npz
Data length: 1
metric.compute(): {'accuracy': 0.24357366771159875}
ct, ns, auc: 0.24357366771159875, 0, 0
Loaded test data from ../dataset/ag_news/test/9.npz
Data length: 1
metric.compute(): {'accuracy': 0.25391849529780564}
ct, ns, auc: 0.25391849529780564, 0, 0
ids: [0, 1, 2, 3, 4, 5, 6, 7, 8, 9]
stats[1]: [0, 0, 0, 0, 0, 0, 0, 0, 0, 0]
stats[2]: [0.23636363636363636, 0.2827586206896552, 0.2554858934169279, 0.2495297805642633, 0.2730407523510972, 0.2394984326018809, 0.2589341692789969, 0.2341692789968652, 0.24357366771159875, 0.25391849529780564]
stats[3]: [0, 0, 0, 0, 0, 0, 0, 0, 0, 0]
Averaged Test Accuracy: 0.2527
Averaged Test AUC: 0.0000
Std Test Accuracy: 0.0158
Std Test AUC: 0.0000
Loaded train data from ../dataset/ag_news/train/1.npz
Data length: 1
Time elapsed 0.38 min
Memory used: 41.65 GB
Loaded train data from ../dataset/ag_news/train/9.npz
Data length: 1
Time elapsed 0.37 min
Memory used: 41.65 GB
Loaded train data from ../dataset/ag_news/train/4.npz
Data length: 1
Time elapsed 0.39 min
Memory used: 41.65 GB
Loaded train data from ../dataset/ag_news/train/3.npz
Data length: 1
Time elapsed 0.35 min
Memory used: 41.65 GB
Loaded train data from ../dataset/ag_news/train/6.npz
Data length: 1
Time elapsed 0.35 min
Memory used: 41.65 GB
Loaded train data from ../dataset/ag_news/train/0.npz
Data length: 1
Time elapsed 0.38 min
Memory used: 41.65 GB
Loaded train data from ../dataset/ag_news/train/5.npz
Data length: 1
Time elapsed 0.36 min
Memory used: 41.65 GB
Loaded train data from ../dataset/ag_news/train/2.npz
Data length: 1
Time elapsed 0.35 min
Memory used: 41.65 GB
Loaded train data from ../dataset/ag_news/train/7.npz
Data length: 1
Time elapsed 0.38 min
Memory used: 41.65 GB
Loaded train data from ../dataset/ag_news/train/8.npz
Data length: 1
Time elapsed 0.39 min
Memory used: 41.65 GB
------------------------- time cost ------------------------- 299.91755270957947

-------------Round number: 17-------------

Evaluate global model
Loaded test data from ../dataset/ag_news/test/0.npz
Data length: 1
metric.compute(): {'accuracy': 0.2746081504702194}
ct, ns, auc: 0.2746081504702194, 0, 0
Loaded test data from ../dataset/ag_news/test/1.npz
Data length: 1
metric.compute(): {'accuracy': 0.2827586206896552}
ct, ns, auc: 0.2827586206896552, 0, 0
Loaded test data from ../dataset/ag_news/test/2.npz
Data length: 1
metric.compute(): {'accuracy': 0.25517241379310346}
ct, ns, auc: 0.25517241379310346, 0, 0
Loaded test data from ../dataset/ag_news/test/3.npz
Data length: 1
metric.compute(): {'accuracy': 0.2495297805642633}
ct, ns, auc: 0.2495297805642633, 0, 0
Loaded test data from ../dataset/ag_news/test/4.npz
Data length: 1
metric.compute(): {'accuracy': 0.2445141065830721}
ct, ns, auc: 0.2445141065830721, 0, 0
Loaded test data from ../dataset/ag_news/test/5.npz
Data length: 1
metric.compute(): {'accuracy': 0.26677115987460814}
ct, ns, auc: 0.26677115987460814, 0, 0
Loaded test data from ../dataset/ag_news/test/6.npz
Data length: 1
metric.compute(): {'accuracy': 0.2589341692789969}
ct, ns, auc: 0.2589341692789969, 0, 0
Loaded test data from ../dataset/ag_news/test/7.npz
Data length: 1
metric.compute(): {'accuracy': 0.2341692789968652}
ct, ns, auc: 0.2341692789968652, 0, 0
Loaded test data from ../dataset/ag_news/test/8.npz
Data length: 1
metric.compute(): {'accuracy': 0.24890282131661443}
ct, ns, auc: 0.24890282131661443, 0, 0
Loaded test data from ../dataset/ag_news/test/9.npz
Data length: 1
metric.compute(): {'accuracy': 0.25391849529780564}
ct, ns, auc: 0.25391849529780564, 0, 0
ids: [0, 1, 2, 3, 4, 5, 6, 7, 8, 9]
stats[1]: [0, 0, 0, 0, 0, 0, 0, 0, 0, 0]
stats[2]: [0.2746081504702194, 0.2827586206896552, 0.25517241379310346, 0.2495297805642633, 0.2445141065830721, 0.26677115987460814, 0.2589341692789969, 0.2341692789968652, 0.24890282131661443, 0.25391849529780564]
stats[3]: [0, 0, 0, 0, 0, 0, 0, 0, 0, 0]
Averaged Test Accuracy: 0.2569
Averaged Test AUC: 0.0000
Std Test Accuracy: 0.0145
Std Test AUC: 0.0000
Loaded train data from ../dataset/ag_news/train/3.npz
Data length: 1
Time elapsed 0.35 min
Memory used: 41.65 GB
Loaded train data from ../dataset/ag_news/train/5.npz
Data length: 1
Time elapsed 0.36 min
Memory used: 41.65 GB
Loaded train data from ../dataset/ag_news/train/6.npz
Data length: 1
Time elapsed 0.35 min
Memory used: 41.65 GB
Loaded train data from ../dataset/ag_news/train/2.npz
Data length: 1
Time elapsed 0.35 min
Memory used: 41.65 GB
Loaded train data from ../dataset/ag_news/train/9.npz
Data length: 1
Time elapsed 0.37 min
Memory used: 41.65 GB
Loaded train data from ../dataset/ag_news/train/7.npz
Data length: 1
Time elapsed 0.39 min
Memory used: 41.65 GB
Loaded train data from ../dataset/ag_news/train/0.npz
Data length: 1
Time elapsed 0.38 min
Memory used: 41.65 GB
Loaded train data from ../dataset/ag_news/train/4.npz
Data length: 1
Time elapsed 0.39 min
Memory used: 41.65 GB
Loaded train data from ../dataset/ag_news/train/1.npz
Data length: 1
Time elapsed 0.36 min
Memory used: 41.65 GB
Loaded train data from ../dataset/ag_news/train/8.npz
Data length: 1
Time elapsed 0.42 min
Memory used: 41.65 GB
------------------------- time cost ------------------------- 300.0242235660553

-------------Round number: 18-------------

Evaluate global model
Loaded test data from ../dataset/ag_news/test/0.npz
Data length: 1
metric.compute(): {'accuracy': 0.23636363636363636}
ct, ns, auc: 0.23636363636363636, 0, 0
Loaded test data from ../dataset/ag_news/test/1.npz
Data length: 1
metric.compute(): {'accuracy': 0.2761755485893417}
ct, ns, auc: 0.2761755485893417, 0, 0
Loaded test data from ../dataset/ag_news/test/2.npz
Data length: 1
metric.compute(): {'accuracy': 0.25517241379310346}
ct, ns, auc: 0.25517241379310346, 0, 0
Loaded test data from ../dataset/ag_news/test/3.npz
Data length: 1
metric.compute(): {'accuracy': 0.2495297805642633}
ct, ns, auc: 0.2495297805642633, 0, 0
Loaded test data from ../dataset/ag_news/test/4.npz
Data length: 1
metric.compute(): {'accuracy': 0.2730407523510972}
ct, ns, auc: 0.2730407523510972, 0, 0
Loaded test data from ../dataset/ag_news/test/5.npz
Data length: 1
metric.compute(): {'accuracy': 0.26677115987460814}
ct, ns, auc: 0.26677115987460814, 0, 0
Loaded test data from ../dataset/ag_news/test/6.npz
Data length: 1
metric.compute(): {'accuracy': 0.2589341692789969}
ct, ns, auc: 0.2589341692789969, 0, 0
Loaded test data from ../dataset/ag_news/test/7.npz
Data length: 1
metric.compute(): {'accuracy': 0.2341692789968652}
ct, ns, auc: 0.2341692789968652, 0, 0
Loaded test data from ../dataset/ag_news/test/8.npz
Data length: 1
metric.compute(): {'accuracy': 0.24890282131661443}
ct, ns, auc: 0.24890282131661443, 0, 0
Loaded test data from ../dataset/ag_news/test/9.npz
Data length: 1
metric.compute(): {'accuracy': 0.24200626959247648}
ct, ns, auc: 0.24200626959247648, 0, 0
ids: [0, 1, 2, 3, 4, 5, 6, 7, 8, 9]
stats[1]: [0, 0, 0, 0, 0, 0, 0, 0, 0, 0]
stats[2]: [0.23636363636363636, 0.2761755485893417, 0.25517241379310346, 0.2495297805642633, 0.2730407523510972, 0.26677115987460814, 0.2589341692789969, 0.2341692789968652, 0.24890282131661443, 0.24200626959247648]
stats[3]: [0, 0, 0, 0, 0, 0, 0, 0, 0, 0]
Averaged Test Accuracy: 0.2541
Averaged Test AUC: 0.0000
Std Test Accuracy: 0.0147
Std Test AUC: 0.0000
Loaded train data from ../dataset/ag_news/train/8.npz
Data length: 1
Time elapsed 0.40 min
Memory used: 41.65 GB
Loaded train data from ../dataset/ag_news/train/1.npz
Data length: 1
Time elapsed 0.36 min
Memory used: 41.65 GB
Loaded train data from ../dataset/ag_news/train/5.npz
Data length: 1
Time elapsed 0.36 min
Memory used: 41.65 GB
Loaded train data from ../dataset/ag_news/train/0.npz
Data length: 1
Time elapsed 0.38 min
Memory used: 41.65 GB
Loaded train data from ../dataset/ag_news/train/3.npz
Data length: 1
Time elapsed 0.35 min
Memory used: 41.65 GB
Loaded train data from ../dataset/ag_news/train/7.npz
Data length: 1
Time elapsed 0.38 min
Memory used: 41.65 GB
Loaded train data from ../dataset/ag_news/train/2.npz
Data length: 1
Time elapsed 0.35 min
Memory used: 41.65 GB
Loaded train data from ../dataset/ag_news/train/4.npz
Data length: 1
Time elapsed 0.38 min
Memory used: 41.65 GB
Loaded train data from ../dataset/ag_news/train/6.npz
Data length: 1
Time elapsed 0.34 min
Memory used: 41.65 GB
Loaded train data from ../dataset/ag_news/train/9.npz
Data length: 1
Time elapsed 0.37 min
Memory used: 41.65 GB
------------------------- time cost ------------------------- 297.2948443889618

-------------Round number: 19-------------

Evaluate global model
Loaded test data from ../dataset/ag_news/test/0.npz
Data length: 1
metric.compute(): {'accuracy': 0.23510971786833856}
ct, ns, auc: 0.23510971786833856, 0, 0
Loaded test data from ../dataset/ag_news/test/1.npz
Data length: 1
metric.compute(): {'accuracy': 0.28620689655172415}
ct, ns, auc: 0.28620689655172415, 0, 0
Loaded test data from ../dataset/ag_news/test/2.npz
Data length: 1
metric.compute(): {'accuracy': 0.25768025078369905}
ct, ns, auc: 0.25768025078369905, 0, 0
Loaded test data from ../dataset/ag_news/test/3.npz
Data length: 1
metric.compute(): {'accuracy': 0.2589341692789969}
ct, ns, auc: 0.2589341692789969, 0, 0
Loaded test data from ../dataset/ag_news/test/4.npz
Data length: 1
metric.compute(): {'accuracy': 0.26802507836990597}
ct, ns, auc: 0.26802507836990597, 0, 0
Loaded test data from ../dataset/ag_news/test/5.npz
Data length: 1
metric.compute(): {'accuracy': 0.2564263322884012}
ct, ns, auc: 0.2564263322884012, 0, 0
Loaded test data from ../dataset/ag_news/test/6.npz
Data length: 1
metric.compute(): {'accuracy': 0.22037617554858935}
ct, ns, auc: 0.22037617554858935, 0, 0
Loaded test data from ../dataset/ag_news/test/7.npz
Data length: 1
metric.compute(): {'accuracy': 0.24106583072100313}
ct, ns, auc: 0.24106583072100313, 0, 0
Loaded test data from ../dataset/ag_news/test/8.npz
Data length: 1
metric.compute(): {'accuracy': 0.23887147335423198}
ct, ns, auc: 0.23887147335423198, 0, 0
Loaded test data from ../dataset/ag_news/test/9.npz
Data length: 1
metric.compute(): {'accuracy': 0.24294670846394983}
ct, ns, auc: 0.24294670846394983, 0, 0
ids: [0, 1, 2, 3, 4, 5, 6, 7, 8, 9]
stats[1]: [0, 0, 0, 0, 0, 0, 0, 0, 0, 0]
stats[2]: [0.23510971786833856, 0.28620689655172415, 0.25768025078369905, 0.2589341692789969, 0.26802507836990597, 0.2564263322884012, 0.22037617554858935, 0.24106583072100313, 0.23887147335423198, 0.24294670846394983]
stats[3]: [0, 0, 0, 0, 0, 0, 0, 0, 0, 0]
Averaged Test Accuracy: 0.2506
Averaged Test AUC: 0.0000
Std Test Accuracy: 0.0188
Std Test AUC: 0.0000
Loaded train data from ../dataset/ag_news/train/9.npz
Data length: 1
Time elapsed 0.38 min
Memory used: 41.65 GB
Loaded train data from ../dataset/ag_news/train/1.npz
Data length: 1
Time elapsed 0.37 min
Memory used: 41.65 GB
Loaded train data from ../dataset/ag_news/train/2.npz
Data length: 1
Time elapsed 0.34 min
Memory used: 41.65 GB
Loaded train data from ../dataset/ag_news/train/4.npz
Data length: 1
Time elapsed 0.40 min
Memory used: 41.65 GB
Loaded train data from ../dataset/ag_news/train/3.npz
Data length: 1
Time elapsed 0.35 min
Memory used: 41.65 GB
Loaded train data from ../dataset/ag_news/train/6.npz
Data length: 1
Time elapsed 0.35 min
Memory used: 41.65 GB
Loaded train data from ../dataset/ag_news/train/0.npz
Data length: 1
Time elapsed 0.38 min
Memory used: 41.65 GB
Loaded train data from ../dataset/ag_news/train/7.npz
Data length: 1
Time elapsed 0.39 min
Memory used: 41.65 GB
Loaded train data from ../dataset/ag_news/train/5.npz
Data length: 1
Time elapsed 0.36 min
Memory used: 41.65 GB
Loaded train data from ../dataset/ag_news/train/8.npz
Data length: 1
Time elapsed 0.41 min
Memory used: 41.65 GB
------------------------- time cost ------------------------- 301.19458413124084

-------------Round number: 20-------------

Evaluate global model
Loaded test data from ../dataset/ag_news/test/0.npz
Data length: 1
metric.compute(): {'accuracy': 0.23448275862068965}
ct, ns, auc: 0.23448275862068965, 0, 0
Loaded test data from ../dataset/ag_news/test/1.npz
Data length: 1
metric.compute(): {'accuracy': 0.27586206896551724}
ct, ns, auc: 0.27586206896551724, 0, 0
Loaded test data from ../dataset/ag_news/test/2.npz
Data length: 1
metric.compute(): {'accuracy': 0.3031347962382445}
ct, ns, auc: 0.3031347962382445, 0, 0
Loaded test data from ../dataset/ag_news/test/3.npz
Data length: 1
metric.compute(): {'accuracy': 0.15830721003134796}
ct, ns, auc: 0.15830721003134796, 0, 0
Loaded test data from ../dataset/ag_news/test/4.npz
Data length: 1
metric.compute(): {'accuracy': 0.2438871473354232}
ct, ns, auc: 0.2438871473354232, 0, 0
Loaded test data from ../dataset/ag_news/test/5.npz
Data length: 1
metric.compute(): {'accuracy': 0.1724137931034483}
ct, ns, auc: 0.1724137931034483, 0, 0
Loaded test data from ../dataset/ag_news/test/6.npz
Data length: 1
metric.compute(): {'accuracy': 0.25862068965517243}
ct, ns, auc: 0.25862068965517243, 0, 0
Loaded test data from ../dataset/ag_news/test/7.npz
Data length: 1
metric.compute(): {'accuracy': 0.2529780564263323}
ct, ns, auc: 0.2529780564263323, 0, 0
Loaded test data from ../dataset/ag_news/test/8.npz
Data length: 1
metric.compute(): {'accuracy': 0.2639498432601881}
ct, ns, auc: 0.2639498432601881, 0, 0
Loaded test data from ../dataset/ag_news/test/9.npz
Data length: 1
metric.compute(): {'accuracy': 0.24670846394984325}
ct, ns, auc: 0.24670846394984325, 0, 0
ids: [0, 1, 2, 3, 4, 5, 6, 7, 8, 9]
stats[1]: [0, 0, 0, 0, 0, 0, 0, 0, 0, 0]
stats[2]: [0.23448275862068965, 0.27586206896551724, 0.3031347962382445, 0.15830721003134796, 0.2438871473354232, 0.1724137931034483, 0.25862068965517243, 0.2529780564263323, 0.2639498432601881, 0.24670846394984325]
stats[3]: [0, 0, 0, 0, 0, 0, 0, 0, 0, 0]
Averaged Test Accuracy: 0.2410
Averaged Test AUC: 0.0000
Std Test Accuracy: 0.0443
Std Test AUC: 0.0000
Loaded train data from ../dataset/ag_news/train/6.npz
Data length: 1
Time elapsed 0.34 min
Memory used: 41.65 GB
Loaded train data from ../dataset/ag_news/train/7.npz
Data length: 1
Time elapsed 0.39 min
Memory used: 41.65 GB
Loaded train data from ../dataset/ag_news/train/1.npz
Data length: 1
Time elapsed 0.37 min
Memory used: 41.65 GB
Loaded train data from ../dataset/ag_news/train/9.npz
Data length: 1
Time elapsed 0.37 min
Memory used: 41.65 GB
Loaded train data from ../dataset/ag_news/train/8.npz
Data length: 1
Time elapsed 0.40 min
Memory used: 41.65 GB
Loaded train data from ../dataset/ag_news/train/2.npz
Data length: 1
Time elapsed 0.34 min
Memory used: 41.65 GB
Loaded train data from ../dataset/ag_news/train/4.npz
Data length: 1
Time elapsed 0.39 min
Memory used: 41.65 GB
Loaded train data from ../dataset/ag_news/train/3.npz
Data length: 1
Time elapsed 0.36 min
Memory used: 41.65 GB
Loaded train data from ../dataset/ag_news/train/0.npz
Data length: 1
Time elapsed 0.37 min
Memory used: 41.65 GB
Loaded train data from ../dataset/ag_news/train/5.npz
Data length: 1
Time elapsed 0.36 min
Memory used: 41.65 GB
------------------------- time cost ------------------------- 298.351854801178

-------------Round number: 21-------------

Evaluate global model
Loaded test data from ../dataset/ag_news/test/0.npz
Data length: 1
metric.compute(): {'accuracy': 0.23636363636363636}
ct, ns, auc: 0.23636363636363636, 0, 0
Loaded test data from ../dataset/ag_news/test/1.npz
Data length: 1
metric.compute(): {'accuracy': 0.2827586206896552}
ct, ns, auc: 0.2827586206896552, 0, 0
Loaded test data from ../dataset/ag_news/test/2.npz
Data length: 1
metric.compute(): {'accuracy': 0.2554858934169279}
ct, ns, auc: 0.2554858934169279, 0, 0
Loaded test data from ../dataset/ag_news/test/3.npz
Data length: 1
metric.compute(): {'accuracy': 0.2567398119122257}
ct, ns, auc: 0.2567398119122257, 0, 0
Loaded test data from ../dataset/ag_news/test/4.npz
Data length: 1
metric.compute(): {'accuracy': 0.2730407523510972}
ct, ns, auc: 0.2730407523510972, 0, 0
Loaded test data from ../dataset/ag_news/test/5.npz
Data length: 1
metric.compute(): {'accuracy': 0.25391849529780564}
ct, ns, auc: 0.25391849529780564, 0, 0
Loaded test data from ../dataset/ag_news/test/6.npz
Data length: 1
metric.compute(): {'accuracy': 0.2263322884012539}
ct, ns, auc: 0.2263322884012539, 0, 0
Loaded test data from ../dataset/ag_news/test/7.npz
Data length: 1
metric.compute(): {'accuracy': 0.24670846394984325}
ct, ns, auc: 0.24670846394984325, 0, 0
Loaded test data from ../dataset/ag_news/test/8.npz
Data length: 1
metric.compute(): {'accuracy': 0.24294670846394983}
ct, ns, auc: 0.24294670846394983, 0, 0
Loaded test data from ../dataset/ag_news/test/9.npz
Data length: 1
metric.compute(): {'accuracy': 0.24200626959247648}
ct, ns, auc: 0.24200626959247648, 0, 0
ids: [0, 1, 2, 3, 4, 5, 6, 7, 8, 9]
stats[1]: [0, 0, 0, 0, 0, 0, 0, 0, 0, 0]
stats[2]: [0.23636363636363636, 0.2827586206896552, 0.2554858934169279, 0.2567398119122257, 0.2730407523510972, 0.25391849529780564, 0.2263322884012539, 0.24670846394984325, 0.24294670846394983, 0.24200626959247648]
stats[3]: [0, 0, 0, 0, 0, 0, 0, 0, 0, 0]
Averaged Test Accuracy: 0.2516
Averaged Test AUC: 0.0000
Std Test Accuracy: 0.0168
Std Test AUC: 0.0000
Loaded train data from ../dataset/ag_news/train/9.npz
Data length: 1
Time elapsed 0.38 min
Memory used: 41.65 GB
Loaded train data from ../dataset/ag_news/train/3.npz
Data length: 1
Time elapsed 0.35 min
Memory used: 41.65 GB
Loaded train data from ../dataset/ag_news/train/6.npz
Data length: 1
Time elapsed 0.34 min
Memory used: 41.65 GB
Loaded train data from ../dataset/ag_news/train/2.npz
Data length: 1
Time elapsed 0.34 min
Memory used: 41.65 GB
Loaded train data from ../dataset/ag_news/train/8.npz
Data length: 1
Time elapsed 0.42 min
Memory used: 41.65 GB
Loaded train data from ../dataset/ag_news/train/4.npz
Data length: 1
Time elapsed 0.38 min
Memory used: 41.65 GB
Loaded train data from ../dataset/ag_news/train/0.npz
Data length: 1
Time elapsed 0.37 min
Memory used: 41.65 GB
Loaded train data from ../dataset/ag_news/train/7.npz
Data length: 1
Time elapsed 0.38 min
Memory used: 41.65 GB
Loaded train data from ../dataset/ag_news/train/5.npz
Data length: 1
Time elapsed 0.37 min
Memory used: 41.65 GB
Loaded train data from ../dataset/ag_news/train/1.npz
Data length: 1
Time elapsed 0.37 min
Memory used: 41.65 GB
------------------------- time cost ------------------------- 313.32622051239014

-------------Round number: 22-------------

Evaluate global model
Loaded test data from ../dataset/ag_news/test/0.npz
Data length: 1
metric.compute(): {'accuracy': 0.23636363636363636}
ct, ns, auc: 0.23636363636363636, 0, 0
Loaded test data from ../dataset/ag_news/test/1.npz
Data length: 1
metric.compute(): {'accuracy': 0.2761755485893417}
ct, ns, auc: 0.2761755485893417, 0, 0
Loaded test data from ../dataset/ag_news/test/2.npz
Data length: 1
metric.compute(): {'accuracy': 0.2554858934169279}
ct, ns, auc: 0.2554858934169279, 0, 0
Loaded test data from ../dataset/ag_news/test/3.npz
Data length: 1
metric.compute(): {'accuracy': 0.2567398119122257}
ct, ns, auc: 0.2567398119122257, 0, 0
Loaded test data from ../dataset/ag_news/test/4.npz
Data length: 1
metric.compute(): {'accuracy': 0.2730407523510972}
ct, ns, auc: 0.2730407523510972, 0, 0
Loaded test data from ../dataset/ag_news/test/5.npz
Data length: 1
metric.compute(): {'accuracy': 0.25391849529780564}
ct, ns, auc: 0.25391849529780564, 0, 0
Loaded test data from ../dataset/ag_news/test/6.npz
Data length: 1
metric.compute(): {'accuracy': 0.2589341692789969}
ct, ns, auc: 0.2589341692789969, 0, 0
Loaded test data from ../dataset/ag_news/test/7.npz
Data length: 1
metric.compute(): {'accuracy': 0.24670846394984325}
ct, ns, auc: 0.24670846394984325, 0, 0
Loaded test data from ../dataset/ag_news/test/8.npz
Data length: 1
metric.compute(): {'accuracy': 0.24294670846394983}
ct, ns, auc: 0.24294670846394983, 0, 0
Loaded test data from ../dataset/ag_news/test/9.npz
Data length: 1
metric.compute(): {'accuracy': 0.24200626959247648}
ct, ns, auc: 0.24200626959247648, 0, 0
ids: [0, 1, 2, 3, 4, 5, 6, 7, 8, 9]
stats[1]: [0, 0, 0, 0, 0, 0, 0, 0, 0, 0]
stats[2]: [0.23636363636363636, 0.2761755485893417, 0.2554858934169279, 0.2567398119122257, 0.2730407523510972, 0.25391849529780564, 0.2589341692789969, 0.24670846394984325, 0.24294670846394983, 0.24200626959247648]
stats[3]: [0, 0, 0, 0, 0, 0, 0, 0, 0, 0]
Averaged Test Accuracy: 0.2542
Averaged Test AUC: 0.0000
Std Test Accuracy: 0.0130
Std Test AUC: 0.0000
Loaded train data from ../dataset/ag_news/train/2.npz
Data length: 1
Time elapsed 0.34 min
Memory used: 41.65 GB
Loaded train data from ../dataset/ag_news/train/5.npz
Data length: 1
Time elapsed 0.37 min
Memory used: 41.65 GB
Loaded train data from ../dataset/ag_news/train/8.npz
Data length: 1
Time elapsed 0.41 min
Memory used: 41.65 GB
Loaded train data from ../dataset/ag_news/train/6.npz
Data length: 1
Time elapsed 0.34 min
Memory used: 41.65 GB
Loaded train data from ../dataset/ag_news/train/4.npz
Data length: 1
Time elapsed 0.39 min
Memory used: 41.65 GB
Loaded train data from ../dataset/ag_news/train/3.npz
Data length: 1
Time elapsed 0.35 min
Memory used: 41.65 GB
Loaded train data from ../dataset/ag_news/train/0.npz
Data length: 1
Time elapsed 0.37 min
Memory used: 41.65 GB
Loaded train data from ../dataset/ag_news/train/1.npz
Data length: 1
Time elapsed 0.37 min
Memory used: 41.65 GB
Loaded train data from ../dataset/ag_news/train/9.npz
Data length: 1
Time elapsed 0.37 min
Memory used: 41.65 GB
Loaded train data from ../dataset/ag_news/train/7.npz
Data length: 1
Time elapsed 0.38 min
Memory used: 41.65 GB
------------------------- time cost ------------------------- 299.6676251888275

-------------Round number: 23-------------

Evaluate global model
Loaded test data from ../dataset/ag_news/test/0.npz
Data length: 1
metric.compute(): {'accuracy': 0.23636363636363636}
ct, ns, auc: 0.23636363636363636, 0, 0
Loaded test data from ../dataset/ag_news/test/1.npz
Data length: 1
metric.compute(): {'accuracy': 0.2827586206896552}
ct, ns, auc: 0.2827586206896552, 0, 0
Loaded test data from ../dataset/ag_news/test/2.npz
Data length: 1
metric.compute(): {'accuracy': 0.22821316614420062}
ct, ns, auc: 0.22821316614420062, 0, 0
Loaded test data from ../dataset/ag_news/test/3.npz
Data length: 1
metric.compute(): {'accuracy': 0.2495297805642633}
ct, ns, auc: 0.2495297805642633, 0, 0
Loaded test data from ../dataset/ag_news/test/4.npz
Data length: 1
metric.compute(): {'accuracy': 0.2445141065830721}
ct, ns, auc: 0.2445141065830721, 0, 0
Loaded test data from ../dataset/ag_news/test/5.npz
Data length: 1
metric.compute(): {'accuracy': 0.23981191222570533}
ct, ns, auc: 0.23981191222570533, 0, 0
Loaded test data from ../dataset/ag_news/test/6.npz
Data length: 1
metric.compute(): {'accuracy': 0.2589341692789969}
ct, ns, auc: 0.2589341692789969, 0, 0
Loaded test data from ../dataset/ag_news/test/7.npz
Data length: 1
metric.compute(): {'accuracy': 0.2658307210031348}
ct, ns, auc: 0.2658307210031348, 0, 0
Loaded test data from ../dataset/ag_news/test/8.npz
Data length: 1
metric.compute(): {'accuracy': 0.24890282131661443}
ct, ns, auc: 0.24890282131661443, 0, 0
Loaded test data from ../dataset/ag_news/test/9.npz
Data length: 1
metric.compute(): {'accuracy': 0.24200626959247648}
ct, ns, auc: 0.24200626959247648, 0, 0
ids: [0, 1, 2, 3, 4, 5, 6, 7, 8, 9]
stats[1]: [0, 0, 0, 0, 0, 0, 0, 0, 0, 0]
stats[2]: [0.23636363636363636, 0.2827586206896552, 0.22821316614420062, 0.2495297805642633, 0.2445141065830721, 0.23981191222570533, 0.2589341692789969, 0.2658307210031348, 0.24890282131661443, 0.24200626959247648]
stats[3]: [0, 0, 0, 0, 0, 0, 0, 0, 0, 0]
Averaged Test Accuracy: 0.2497
Averaged Test AUC: 0.0000
Std Test Accuracy: 0.0159
Std Test AUC: 0.0000
Loaded train data from ../dataset/ag_news/train/7.npz
Data length: 1
Time elapsed 0.39 min
Memory used: 41.65 GB
Loaded train data from ../dataset/ag_news/train/6.npz
Data length: 1
Time elapsed 0.35 min
Memory used: 41.65 GB
Loaded train data from ../dataset/ag_news/train/9.npz
Data length: 1
Time elapsed 0.37 min
Memory used: 41.65 GB
Loaded train data from ../dataset/ag_news/train/5.npz
Data length: 1
Time elapsed 0.36 min
Memory used: 41.65 GB
Loaded train data from ../dataset/ag_news/train/1.npz
Data length: 1
Time elapsed 0.36 min
Memory used: 41.65 GB
Loaded train data from ../dataset/ag_news/train/4.npz
Data length: 1
Time elapsed 0.39 min
Memory used: 41.65 GB
Loaded train data from ../dataset/ag_news/train/3.npz
Data length: 1
Time elapsed 0.35 min
Memory used: 41.65 GB
Loaded train data from ../dataset/ag_news/train/0.npz
Data length: 1
Time elapsed 0.38 min
Memory used: 41.65 GB
Loaded train data from ../dataset/ag_news/train/2.npz
Data length: 1
Time elapsed 0.35 min
Memory used: 41.65 GB
Loaded train data from ../dataset/ag_news/train/8.npz
Data length: 1
Time elapsed 0.41 min
Memory used: 41.65 GB
------------------------- time cost ------------------------- 300.63904309272766

-------------Round number: 24-------------

Evaluate global model
Loaded test data from ../dataset/ag_news/test/0.npz
Data length: 1
metric.compute(): {'accuracy': 0.23636363636363636}
ct, ns, auc: 0.23636363636363636, 0, 0
Loaded test data from ../dataset/ag_news/test/1.npz
Data length: 1
metric.compute(): {'accuracy': 0.23573667711598745}
ct, ns, auc: 0.23573667711598745, 0, 0
Loaded test data from ../dataset/ag_news/test/2.npz
Data length: 1
metric.compute(): {'accuracy': 0.2554858934169279}
ct, ns, auc: 0.2554858934169279, 0, 0
Loaded test data from ../dataset/ag_news/test/3.npz
Data length: 1
metric.compute(): {'accuracy': 0.2567398119122257}
ct, ns, auc: 0.2567398119122257, 0, 0
Loaded test data from ../dataset/ag_news/test/4.npz
Data length: 1
metric.compute(): {'accuracy': 0.24702194357366772}
ct, ns, auc: 0.24702194357366772, 0, 0
Loaded test data from ../dataset/ag_news/test/5.npz
Data length: 1
metric.compute(): {'accuracy': 0.25391849529780564}
ct, ns, auc: 0.25391849529780564, 0, 0
Loaded test data from ../dataset/ag_news/test/6.npz
Data length: 1
metric.compute(): {'accuracy': 0.2589341692789969}
ct, ns, auc: 0.2589341692789969, 0, 0
Loaded test data from ../dataset/ag_news/test/7.npz
Data length: 1
metric.compute(): {'accuracy': 0.25329153605015675}
ct, ns, auc: 0.25329153605015675, 0, 0
Loaded test data from ../dataset/ag_news/test/8.npz
Data length: 1
metric.compute(): {'accuracy': 0.24294670846394983}
ct, ns, auc: 0.24294670846394983, 0, 0
Loaded test data from ../dataset/ag_news/test/9.npz
Data length: 1
metric.compute(): {'accuracy': 0.24200626959247648}
ct, ns, auc: 0.24200626959247648, 0, 0
ids: [0, 1, 2, 3, 4, 5, 6, 7, 8, 9]
stats[1]: [0, 0, 0, 0, 0, 0, 0, 0, 0, 0]
stats[2]: [0.23636363636363636, 0.23573667711598745, 0.2554858934169279, 0.2567398119122257, 0.24702194357366772, 0.25391849529780564, 0.2589341692789969, 0.25329153605015675, 0.24294670846394983, 0.24200626959247648]
stats[3]: [0, 0, 0, 0, 0, 0, 0, 0, 0, 0]
Averaged Test Accuracy: 0.2482
Averaged Test AUC: 0.0000
Std Test Accuracy: 0.0086
Std Test AUC: 0.0000
Loaded train data from ../dataset/ag_news/train/5.npz
Data length: 1
Time elapsed 0.35 min
Memory used: 41.65 GB
Loaded train data from ../dataset/ag_news/train/7.npz
Data length: 1
Time elapsed 0.39 min
Memory used: 41.65 GB
Loaded train data from ../dataset/ag_news/train/0.npz
Data length: 1
Time elapsed 0.39 min
Memory used: 41.65 GB
Loaded train data from ../dataset/ag_news/train/9.npz
Data length: 1
Time elapsed 0.38 min
Memory used: 41.65 GB
Loaded train data from ../dataset/ag_news/train/4.npz
Data length: 1
Time elapsed 0.40 min
Memory used: 41.65 GB
Loaded train data from ../dataset/ag_news/train/6.npz
Data length: 1
Time elapsed 0.34 min
Memory used: 41.65 GB
Loaded train data from ../dataset/ag_news/train/3.npz
Data length: 1
Time elapsed 0.35 min
Memory used: 41.65 GB
Loaded train data from ../dataset/ag_news/train/8.npz
Data length: 1
Time elapsed 0.41 min
Memory used: 41.65 GB
Loaded train data from ../dataset/ag_news/train/1.npz
Data length: 1
Time elapsed 0.38 min
Memory used: 41.65 GB
Loaded train data from ../dataset/ag_news/train/2.npz
Data length: 1
Time elapsed 0.33 min
Memory used: 41.65 GB
------------------------- time cost ------------------------- 300.9556405544281

-------------Round number: 25-------------

Evaluate global model
Loaded test data from ../dataset/ag_news/test/0.npz
Data length: 1
metric.compute(): {'accuracy': 0.2764890282131661}
ct, ns, auc: 0.2764890282131661, 0, 0
Loaded test data from ../dataset/ag_news/test/1.npz
Data length: 1
metric.compute(): {'accuracy': 0.2827586206896552}
ct, ns, auc: 0.2827586206896552, 0, 0
Loaded test data from ../dataset/ag_news/test/2.npz
Data length: 1
metric.compute(): {'accuracy': 0.25579937304075234}
ct, ns, auc: 0.25579937304075234, 0, 0
Loaded test data from ../dataset/ag_news/test/3.npz
Data length: 1
metric.compute(): {'accuracy': 0.24890282131661443}
ct, ns, auc: 0.24890282131661443, 0, 0
Loaded test data from ../dataset/ag_news/test/4.npz
Data length: 1
metric.compute(): {'accuracy': 0.2727272727272727}
ct, ns, auc: 0.2727272727272727, 0, 0
Loaded test data from ../dataset/ag_news/test/5.npz
Data length: 1
metric.compute(): {'accuracy': 0.24294670846394983}
ct, ns, auc: 0.24294670846394983, 0, 0
Loaded test data from ../dataset/ag_news/test/6.npz
Data length: 1
metric.compute(): {'accuracy': 0.25956112852664576}
ct, ns, auc: 0.25956112852664576, 0, 0
Loaded test data from ../dataset/ag_news/test/7.npz
Data length: 1
metric.compute(): {'accuracy': 0.23855799373040754}
ct, ns, auc: 0.23855799373040754, 0, 0
Loaded test data from ../dataset/ag_news/test/8.npz
Data length: 1
metric.compute(): {'accuracy': 0.24890282131661443}
ct, ns, auc: 0.24890282131661443, 0, 0
Loaded test data from ../dataset/ag_news/test/9.npz
Data length: 1
metric.compute(): {'accuracy': 0.254858934169279}
ct, ns, auc: 0.254858934169279, 0, 0
ids: [0, 1, 2, 3, 4, 5, 6, 7, 8, 9]
stats[1]: [0, 0, 0, 0, 0, 0, 0, 0, 0, 0]
stats[2]: [0.2764890282131661, 0.2827586206896552, 0.25579937304075234, 0.24890282131661443, 0.2727272727272727, 0.24294670846394983, 0.25956112852664576, 0.23855799373040754, 0.24890282131661443, 0.254858934169279]
stats[3]: [0, 0, 0, 0, 0, 0, 0, 0, 0, 0]
Averaged Test Accuracy: 0.2582
Averaged Test AUC: 0.0000
Std Test Accuracy: 0.0148
Std Test AUC: 0.0000
Loaded train data from ../dataset/ag_news/train/5.npz
Data length: 1
Time elapsed 0.36 min
Memory used: 41.65 GB
Loaded train data from ../dataset/ag_news/train/8.npz
Data length: 1
Time elapsed 0.42 min
Memory used: 41.65 GB
Loaded train data from ../dataset/ag_news/train/1.npz
Data length: 1
Time elapsed 0.36 min
Memory used: 41.65 GB
Loaded train data from ../dataset/ag_news/train/0.npz
Data length: 1
Time elapsed 0.38 min
Memory used: 41.65 GB
Loaded train data from ../dataset/ag_news/train/9.npz
Data length: 1
Time elapsed 0.36 min
Memory used: 41.65 GB
Loaded train data from ../dataset/ag_news/train/6.npz
Data length: 1
Time elapsed 0.34 min
Memory used: 41.65 GB
Loaded train data from ../dataset/ag_news/train/7.npz
Data length: 1
Time elapsed 0.39 min
Memory used: 41.65 GB
Loaded train data from ../dataset/ag_news/train/2.npz
Data length: 1
Time elapsed 0.35 min
Memory used: 41.65 GB
Loaded train data from ../dataset/ag_news/train/4.npz
Data length: 1
Time elapsed 0.39 min
Memory used: 41.65 GB
Loaded train data from ../dataset/ag_news/train/3.npz
Data length: 1
Time elapsed 0.35 min
Memory used: 41.65 GB
------------------------- time cost ------------------------- 308.87918972969055

-------------Round number: 26-------------

Evaluate global model
Loaded test data from ../dataset/ag_news/test/0.npz
Data length: 1
metric.compute(): {'accuracy': 0.23636363636363636}
ct, ns, auc: 0.23636363636363636, 0, 0
Loaded test data from ../dataset/ag_news/test/1.npz
Data length: 1
metric.compute(): {'accuracy': 0.2827586206896552}
ct, ns, auc: 0.2827586206896552, 0, 0
Loaded test data from ../dataset/ag_news/test/2.npz
Data length: 1
metric.compute(): {'accuracy': 0.2554858934169279}
ct, ns, auc: 0.2554858934169279, 0, 0
Loaded test data from ../dataset/ag_news/test/3.npz
Data length: 1
metric.compute(): {'accuracy': 0.2567398119122257}
ct, ns, auc: 0.2567398119122257, 0, 0
Loaded test data from ../dataset/ag_news/test/4.npz
Data length: 1
metric.compute(): {'accuracy': 0.2730407523510972}
ct, ns, auc: 0.2730407523510972, 0, 0
Loaded test data from ../dataset/ag_news/test/5.npz
Data length: 1
metric.compute(): {'accuracy': 0.25391849529780564}
ct, ns, auc: 0.25391849529780564, 0, 0
Loaded test data from ../dataset/ag_news/test/6.npz
Data length: 1
metric.compute(): {'accuracy': 0.2263322884012539}
ct, ns, auc: 0.2263322884012539, 0, 0
Loaded test data from ../dataset/ag_news/test/7.npz
Data length: 1
metric.compute(): {'accuracy': 0.24670846394984325}
ct, ns, auc: 0.24670846394984325, 0, 0
Loaded test data from ../dataset/ag_news/test/8.npz
Data length: 1
metric.compute(): {'accuracy': 0.24294670846394983}
ct, ns, auc: 0.24294670846394983, 0, 0
Loaded test data from ../dataset/ag_news/test/9.npz
Data length: 1
metric.compute(): {'accuracy': 0.24200626959247648}
ct, ns, auc: 0.24200626959247648, 0, 0
ids: [0, 1, 2, 3, 4, 5, 6, 7, 8, 9]
stats[1]: [0, 0, 0, 0, 0, 0, 0, 0, 0, 0]
stats[2]: [0.23636363636363636, 0.2827586206896552, 0.2554858934169279, 0.2567398119122257, 0.2730407523510972, 0.25391849529780564, 0.2263322884012539, 0.24670846394984325, 0.24294670846394983, 0.24200626959247648]
stats[3]: [0, 0, 0, 0, 0, 0, 0, 0, 0, 0]
Averaged Test Accuracy: 0.2516
Averaged Test AUC: 0.0000
Std Test Accuracy: 0.0168
Std Test AUC: 0.0000
Loaded train data from ../dataset/ag_news/train/0.npz
Data length: 1
Time elapsed 0.38 min
Memory used: 41.65 GB
Loaded train data from ../dataset/ag_news/train/7.npz
Data length: 1
Time elapsed 0.39 min
Memory used: 41.65 GB
Loaded train data from ../dataset/ag_news/train/1.npz
Data length: 1
Time elapsed 0.36 min
Memory used: 41.65 GB
Loaded train data from ../dataset/ag_news/train/3.npz
Data length: 1
Time elapsed 0.35 min
Memory used: 41.65 GB
Loaded train data from ../dataset/ag_news/train/6.npz
Data length: 1
Time elapsed 0.34 min
Memory used: 41.65 GB
Loaded train data from ../dataset/ag_news/train/2.npz
Data length: 1
Time elapsed 0.35 min
Memory used: 41.65 GB
Loaded train data from ../dataset/ag_news/train/8.npz
Data length: 1
Time elapsed 0.41 min
Memory used: 41.65 GB
Loaded train data from ../dataset/ag_news/train/9.npz
Data length: 1
Time elapsed 0.36 min
Memory used: 41.65 GB
Loaded train data from ../dataset/ag_news/train/4.npz
Data length: 1
Time elapsed 0.40 min
Memory used: 41.65 GB
Loaded train data from ../dataset/ag_news/train/5.npz
Data length: 1
Time elapsed 0.36 min
Memory used: 41.65 GB
------------------------- time cost ------------------------- 309.0379157066345

-------------Round number: 27-------------

Evaluate global model
Loaded test data from ../dataset/ag_news/test/0.npz
Data length: 1
metric.compute(): {'accuracy': 0.2746081504702194}
ct, ns, auc: 0.2746081504702194, 0, 0
Loaded test data from ../dataset/ag_news/test/1.npz
Data length: 1
metric.compute(): {'accuracy': 0.2761755485893417}
ct, ns, auc: 0.2761755485893417, 0, 0
Loaded test data from ../dataset/ag_news/test/2.npz
Data length: 1
metric.compute(): {'accuracy': 0.2554858934169279}
ct, ns, auc: 0.2554858934169279, 0, 0
Loaded test data from ../dataset/ag_news/test/3.npz
Data length: 1
metric.compute(): {'accuracy': 0.2495297805642633}
ct, ns, auc: 0.2495297805642633, 0, 0
Loaded test data from ../dataset/ag_news/test/4.npz
Data length: 1
metric.compute(): {'accuracy': 0.2730407523510972}
ct, ns, auc: 0.2730407523510972, 0, 0
Loaded test data from ../dataset/ag_news/test/5.npz
Data length: 1
metric.compute(): {'accuracy': 0.26677115987460814}
ct, ns, auc: 0.26677115987460814, 0, 0
Loaded test data from ../dataset/ag_news/test/6.npz
Data length: 1
metric.compute(): {'accuracy': 0.2589341692789969}
ct, ns, auc: 0.2589341692789969, 0, 0
Loaded test data from ../dataset/ag_news/test/7.npz
Data length: 1
metric.compute(): {'accuracy': 0.25329153605015675}
ct, ns, auc: 0.25329153605015675, 0, 0
Loaded test data from ../dataset/ag_news/test/8.npz
Data length: 1
metric.compute(): {'accuracy': 0.24890282131661443}
ct, ns, auc: 0.24890282131661443, 0, 0
Loaded test data from ../dataset/ag_news/test/9.npz
Data length: 1
metric.compute(): {'accuracy': 0.25391849529780564}
ct, ns, auc: 0.25391849529780564, 0, 0
ids: [0, 1, 2, 3, 4, 5, 6, 7, 8, 9]
stats[1]: [0, 0, 0, 0, 0, 0, 0, 0, 0, 0]
stats[2]: [0.2746081504702194, 0.2761755485893417, 0.2554858934169279, 0.2495297805642633, 0.2730407523510972, 0.26677115987460814, 0.2589341692789969, 0.25329153605015675, 0.24890282131661443, 0.25391849529780564]
stats[3]: [0, 0, 0, 0, 0, 0, 0, 0, 0, 0]
Averaged Test Accuracy: 0.2611
Averaged Test AUC: 0.0000
Std Test Accuracy: 0.0106
Std Test AUC: 0.0000
Loaded train data from ../dataset/ag_news/train/4.npz
Data length: 1
Time elapsed 0.38 min
Memory used: 41.65 GB
Loaded train data from ../dataset/ag_news/train/2.npz
Data length: 1
Time elapsed 0.35 min
Memory used: 41.65 GB
Loaded train data from ../dataset/ag_news/train/0.npz
Data length: 1
Time elapsed 0.38 min
Memory used: 41.65 GB
Loaded train data from ../dataset/ag_news/train/1.npz
Data length: 1
Time elapsed 0.37 min
Memory used: 41.65 GB
Loaded train data from ../dataset/ag_news/train/7.npz
Data length: 1
Time elapsed 0.39 min
Memory used: 41.65 GB
Loaded train data from ../dataset/ag_news/train/5.npz
Data length: 1
Time elapsed 0.37 min
Memory used: 41.65 GB
Loaded train data from ../dataset/ag_news/train/6.npz
Data length: 1
Time elapsed 0.34 min
Memory used: 41.65 GB
Loaded train data from ../dataset/ag_news/train/9.npz
Data length: 1
Time elapsed 0.37 min
Memory used: 41.65 GB
Loaded train data from ../dataset/ag_news/train/3.npz
Data length: 1
Time elapsed 0.35 min
Memory used: 41.65 GB
Loaded train data from ../dataset/ag_news/train/8.npz
Data length: 1
Time elapsed 0.41 min
Memory used: 41.65 GB
------------------------- time cost ------------------------- 300.00619435310364

-------------Round number: 28-------------

Evaluate global model
Loaded test data from ../dataset/ag_news/test/0.npz
Data length: 1
metric.compute(): {'accuracy': 0.2746081504702194}
ct, ns, auc: 0.2746081504702194, 0, 0
Loaded test data from ../dataset/ag_news/test/1.npz
Data length: 1
metric.compute(): {'accuracy': 0.2827586206896552}
ct, ns, auc: 0.2827586206896552, 0, 0
Loaded test data from ../dataset/ag_news/test/2.npz
Data length: 1
metric.compute(): {'accuracy': 0.2554858934169279}
ct, ns, auc: 0.2554858934169279, 0, 0
Loaded test data from ../dataset/ag_news/test/3.npz
Data length: 1
metric.compute(): {'accuracy': 0.24921630094043887}
ct, ns, auc: 0.24921630094043887, 0, 0
Loaded test data from ../dataset/ag_news/test/4.npz
Data length: 1
metric.compute(): {'accuracy': 0.235423197492163}
ct, ns, auc: 0.235423197492163, 0, 0
Loaded test data from ../dataset/ag_news/test/5.npz
Data length: 1
metric.compute(): {'accuracy': 0.26677115987460814}
ct, ns, auc: 0.26677115987460814, 0, 0
Loaded test data from ../dataset/ag_news/test/6.npz
Data length: 1
metric.compute(): {'accuracy': 0.2589341692789969}
ct, ns, auc: 0.2589341692789969, 0, 0
Loaded test data from ../dataset/ag_news/test/7.npz
Data length: 1
metric.compute(): {'accuracy': 0.2341692789968652}
ct, ns, auc: 0.2341692789968652, 0, 0
Loaded test data from ../dataset/ag_news/test/8.npz
Data length: 1
metric.compute(): {'accuracy': 0.24890282131661443}
ct, ns, auc: 0.24890282131661443, 0, 0
Loaded test data from ../dataset/ag_news/test/9.npz
Data length: 1
metric.compute(): {'accuracy': 0.25391849529780564}
ct, ns, auc: 0.25391849529780564, 0, 0
ids: [0, 1, 2, 3, 4, 5, 6, 7, 8, 9]
stats[1]: [0, 0, 0, 0, 0, 0, 0, 0, 0, 0]
stats[2]: [0.2746081504702194, 0.2827586206896552, 0.2554858934169279, 0.24921630094043887, 0.235423197492163, 0.26677115987460814, 0.2589341692789969, 0.2341692789968652, 0.24890282131661443, 0.25391849529780564]
stats[3]: [0, 0, 0, 0, 0, 0, 0, 0, 0, 0]
Averaged Test Accuracy: 0.2560
Averaged Test AUC: 0.0000
Std Test Accuracy: 0.0156
Std Test AUC: 0.0000
Loaded train data from ../dataset/ag_news/train/8.npz
Data length: 1
Time elapsed 0.42 min
Memory used: 41.65 GB
Loaded train data from ../dataset/ag_news/train/4.npz
Data length: 1
Time elapsed 0.39 min
Memory used: 41.65 GB
Loaded train data from ../dataset/ag_news/train/3.npz
Data length: 1
Time elapsed 0.34 min
Memory used: 41.65 GB
Loaded train data from ../dataset/ag_news/train/5.npz
Data length: 1
Time elapsed 0.36 min
Memory used: 41.65 GB
Loaded train data from ../dataset/ag_news/train/0.npz
Data length: 1
