GPU details saved to $output_file
__TORCH Version: 2.3.1+cu121
__CUDNN Version: 8902
__CUDA version:  12.1
__Number CUDA Devices: 1
__CUDA Device Name: NVIDIA A100-SXM4-40GB
__CUDA Device Total Memory [GB]: 42.297786368
__CUDA Device Total Memory [GB]: 42.297786368
args.dataset: ag_news
args.num_labels: 4
==================================================
Personalized Federated Learning: True
Uniform Weight: False
Normalized Rank: False
Normalized Alpha: False
lora_rank: 1
lora_alpha: 16
lora_dropout: 0.1
lora_query: True
lora_key: True
lora_value: True
lora_projection: True
lora_mlp: True
lora_head: True
aa_bottleneck_reduction: 1
aa_text: False
aa_vision: False
ca_bottleneck_reduction: 4
ca_text: False
ca_vision: False
Seed: 42
Algorithm: flora
Local batch size: 128
Local epochs: 1
Local learing rate: 0.0005
Local learing rate decay: False
Total number of clients: 10
Clients join in each round: 1.0
Clients randomly join: False
Client drop rate: 0.0
Client select regarding time: False
Running times: 1
Dataset: ag_news
Number of classes: 10
Backbone: distilbert
Using device: cuda
Using DP: False
Auto break: False
Global rounds: 50
Cuda device id: 0
DLG attack: False
Total number of new clients: 0
Fine tuning epoches on new clients: 0
==================================================

============= Running time: 0th =============
Creating server and clients ...
Loaded train data from ../dataset/ag_news/train/0.npz
Data length: 1
Loaded test data from ../dataset/ag_news/test/0.npz
Data length: 1
self.lora_params: {'rank': 1, 'alpha': 16, 'dropout': 0.1, 'lora_query': True, 'lora_key': True, 'lora_value': True, 'lora_projection': True, 'lora_mlp': True, 'lora_head': True}
Loaded train data from ../dataset/ag_news/train/1.npz
Data length: 1
Loaded test data from ../dataset/ag_news/test/1.npz
Data length: 1
self.lora_params: {'rank': 1, 'alpha': 16, 'dropout': 0.1, 'lora_query': True, 'lora_key': True, 'lora_value': True, 'lora_projection': True, 'lora_mlp': True, 'lora_head': True}
Loaded train data from ../dataset/ag_news/train/2.npz
Data length: 1
Loaded test data from ../dataset/ag_news/test/2.npz
Data length: 1
self.lora_params: {'rank': 1, 'alpha': 16, 'dropout': 0.1, 'lora_query': True, 'lora_key': True, 'lora_value': True, 'lora_projection': True, 'lora_mlp': True, 'lora_head': True}
Loaded train data from ../dataset/ag_news/train/3.npz
Data length: 1
Loaded test data from ../dataset/ag_news/test/3.npz
Data length: 1
self.lora_params: {'rank': 1, 'alpha': 16, 'dropout': 0.1, 'lora_query': True, 'lora_key': True, 'lora_value': True, 'lora_projection': True, 'lora_mlp': True, 'lora_head': True}
Loaded train data from ../dataset/ag_news/train/4.npz
Data length: 1
Loaded test data from ../dataset/ag_news/test/4.npz
Data length: 1
self.lora_params: {'rank': 1, 'alpha': 16, 'dropout': 0.1, 'lora_query': True, 'lora_key': True, 'lora_value': True, 'lora_projection': True, 'lora_mlp': True, 'lora_head': True}
Loaded train data from ../dataset/ag_news/train/5.npz
Data length: 1
Loaded test data from ../dataset/ag_news/test/5.npz
Data length: 1
self.lora_params: {'rank': 1, 'alpha': 16, 'dropout': 0.1, 'lora_query': True, 'lora_key': True, 'lora_value': True, 'lora_projection': True, 'lora_mlp': True, 'lora_head': True}
Loaded train data from ../dataset/ag_news/train/6.npz
Data length: 1
Loaded test data from ../dataset/ag_news/test/6.npz
Data length: 1
self.lora_params: {'rank': 1, 'alpha': 16, 'dropout': 0.1, 'lora_query': True, 'lora_key': True, 'lora_value': True, 'lora_projection': True, 'lora_mlp': True, 'lora_head': True}
Loaded train data from ../dataset/ag_news/train/7.npz
Data length: 1
Loaded test data from ../dataset/ag_news/test/7.npz
Data length: 1
self.lora_params: {'rank': 1, 'alpha': 16, 'dropout': 0.1, 'lora_query': True, 'lora_key': True, 'lora_value': True, 'lora_projection': True, 'lora_mlp': True, 'lora_head': True}
Loaded train data from ../dataset/ag_news/train/8.npz
Data length: 1
Loaded test data from ../dataset/ag_news/test/8.npz
Data length: 1
self.lora_params: {'rank': 1, 'alpha': 16, 'dropout': 0.1, 'lora_query': True, 'lora_key': True, 'lora_value': True, 'lora_projection': True, 'lora_mlp': True, 'lora_head': True}
Loaded train data from ../dataset/ag_news/train/9.npz
Data length: 1
Loaded test data from ../dataset/ag_news/test/9.npz
Data length: 1
self.lora_params: {'rank': 1, 'alpha': 16, 'dropout': 0.1, 'lora_query': True, 'lora_key': True, 'lora_value': True, 'lora_projection': True, 'lora_mlp': True, 'lora_head': True}

Join ratio / total clients: 1.0 / 10
Finished creating server and clients.

-------------Round number: 0-------------

Evaluate global model
Loaded test data from ../dataset/ag_news/test/0.npz
Data length: 1
metric.compute(): {'accuracy': 0.20595611285266457}
ct, ns, auc: 0.20595611285266457, 0, 0
Loaded test data from ../dataset/ag_news/test/1.npz
Data length: 1
metric.compute(): {'accuracy': 0.3463949843260188}
ct, ns, auc: 0.3463949843260188, 0, 0
Loaded test data from ../dataset/ag_news/test/2.npz
Data length: 1
metric.compute(): {'accuracy': 0.2482758620689655}
ct, ns, auc: 0.2482758620689655, 0, 0
Loaded test data from ../dataset/ag_news/test/3.npz
Data length: 1
metric.compute(): {'accuracy': 0.27523510971786835}
ct, ns, auc: 0.27523510971786835, 0, 0
Loaded test data from ../dataset/ag_news/test/4.npz
Data length: 1
metric.compute(): {'accuracy': 0.24796238244514107}
ct, ns, auc: 0.24796238244514107, 0, 0
Loaded test data from ../dataset/ag_news/test/5.npz
Data length: 1
metric.compute(): {'accuracy': 0.21253918495297805}
ct, ns, auc: 0.21253918495297805, 0, 0
Loaded test data from ../dataset/ag_news/test/6.npz
Data length: 1
metric.compute(): {'accuracy': 0.2608150470219436}
ct, ns, auc: 0.2608150470219436, 0, 0
Loaded test data from ../dataset/ag_news/test/7.npz
Data length: 1
metric.compute(): {'accuracy': 0.2482758620689655}
ct, ns, auc: 0.2482758620689655, 0, 0
Loaded test data from ../dataset/ag_news/test/8.npz
Data length: 1
metric.compute(): {'accuracy': 0.24294670846394983}
ct, ns, auc: 0.24294670846394983, 0, 0
Loaded test data from ../dataset/ag_news/test/9.npz
Data length: 1
metric.compute(): {'accuracy': 0.22884012539184953}
ct, ns, auc: 0.22884012539184953, 0, 0
ids: [0, 1, 2, 3, 4, 5, 6, 7, 8, 9]
stats[1]: [0, 0, 0, 0, 0, 0, 0, 0, 0, 0]
stats[2]: [0.20595611285266457, 0.3463949843260188, 0.2482758620689655, 0.27523510971786835, 0.24796238244514107, 0.21253918495297805, 0.2608150470219436, 0.2482758620689655, 0.24294670846394983, 0.22884012539184953]
stats[3]: [0, 0, 0, 0, 0, 0, 0, 0, 0, 0]
Averaged Test Accuracy: 0.2517
Averaged Test AUC: 0.0000
Std Test Accuracy: 0.0393
Std Test AUC: 0.0000
Loaded train data from ../dataset/ag_news/train/8.npz
Data length: 1
Time elapsed 0.42 min
Memory used: 36.65 GB
Loaded train data from ../dataset/ag_news/train/1.npz
Data length: 1
Time elapsed 0.36 min
Memory used: 36.65 GB
Loaded train data from ../dataset/ag_news/train/5.npz
Data length: 1
Time elapsed 0.37 min
Memory used: 36.65 GB
Loaded train data from ../dataset/ag_news/train/0.npz
Data length: 1
Time elapsed 0.37 min
Memory used: 36.65 GB
Loaded train data from ../dataset/ag_news/train/7.npz
Data length: 1
Time elapsed 0.40 min
Memory used: 36.65 GB
Loaded train data from ../dataset/ag_news/train/2.npz
Data length: 1
Time elapsed 0.35 min
Memory used: 36.65 GB
Loaded train data from ../dataset/ag_news/train/9.npz
Data length: 1
Time elapsed 0.36 min
Memory used: 36.65 GB
Loaded train data from ../dataset/ag_news/train/4.npz
Data length: 1
Time elapsed 0.41 min
Memory used: 41.65 GB
Loaded train data from ../dataset/ag_news/train/3.npz
Data length: 1
Time elapsed 0.36 min
Memory used: 41.65 GB
Loaded train data from ../dataset/ag_news/train/6.npz
Data length: 1
Time elapsed 0.34 min
Memory used: 41.65 GB
------------------------- time cost ------------------------- 312.4197926521301

-------------Round number: 1-------------

Evaluate global model
Loaded test data from ../dataset/ag_news/test/0.npz
Data length: 1
metric.compute(): {'accuracy': 0.2746081504702194}
ct, ns, auc: 0.2746081504702194, 0, 0
Loaded test data from ../dataset/ag_news/test/1.npz
Data length: 1
metric.compute(): {'accuracy': 0.2761755485893417}
ct, ns, auc: 0.2761755485893417, 0, 0
Loaded test data from ../dataset/ag_news/test/2.npz
Data length: 1
metric.compute(): {'accuracy': 0.261128526645768}
ct, ns, auc: 0.261128526645768, 0, 0
Loaded test data from ../dataset/ag_news/test/3.npz
Data length: 1
metric.compute(): {'accuracy': 0.2567398119122257}
ct, ns, auc: 0.2567398119122257, 0, 0
Loaded test data from ../dataset/ag_news/test/4.npz
Data length: 1
metric.compute(): {'accuracy': 0.24702194357366772}
ct, ns, auc: 0.24702194357366772, 0, 0
Loaded test data from ../dataset/ag_news/test/5.npz
Data length: 1
metric.compute(): {'accuracy': 0.25391849529780564}
ct, ns, auc: 0.25391849529780564, 0, 0
Loaded test data from ../dataset/ag_news/test/6.npz
Data length: 1
metric.compute(): {'accuracy': 0.25862068965517243}
ct, ns, auc: 0.25862068965517243, 0, 0
Loaded test data from ../dataset/ag_news/test/7.npz
Data length: 1
metric.compute(): {'accuracy': 0.24670846394984325}
ct, ns, auc: 0.24670846394984325, 0, 0
Loaded test data from ../dataset/ag_news/test/8.npz
Data length: 1
metric.compute(): {'accuracy': 0.24890282131661443}
ct, ns, auc: 0.24890282131661443, 0, 0
Loaded test data from ../dataset/ag_news/test/9.npz
Data length: 1
metric.compute(): {'accuracy': 0.25391849529780564}
ct, ns, auc: 0.25391849529780564, 0, 0
ids: [0, 1, 2, 3, 4, 5, 6, 7, 8, 9]
stats[1]: [0, 0, 0, 0, 0, 0, 0, 0, 0, 0]
stats[2]: [0.2746081504702194, 0.2761755485893417, 0.261128526645768, 0.2567398119122257, 0.24702194357366772, 0.25391849529780564, 0.25862068965517243, 0.24670846394984325, 0.24890282131661443, 0.25391849529780564]
stats[3]: [0, 0, 0, 0, 0, 0, 0, 0, 0, 0]
Averaged Test Accuracy: 0.2578
Averaged Test AUC: 0.0000
Std Test Accuracy: 0.0104
Std Test AUC: 0.0000
Loaded train data from ../dataset/ag_news/train/2.npz
Data length: 1
Time elapsed 0.34 min
Memory used: 41.65 GB
Loaded train data from ../dataset/ag_news/train/1.npz
Data length: 1
Time elapsed 0.37 min
Memory used: 41.65 GB
Loaded train data from ../dataset/ag_news/train/3.npz
Data length: 1
Time elapsed 0.35 min
Memory used: 41.65 GB
Loaded train data from ../dataset/ag_news/train/9.npz
Data length: 1
Time elapsed 0.36 min
Memory used: 41.65 GB
Loaded train data from ../dataset/ag_news/train/0.npz
Data length: 1
Time elapsed 0.38 min
Memory used: 41.65 GB
Loaded train data from ../dataset/ag_news/train/5.npz
Data length: 1
Time elapsed 0.36 min
Memory used: 41.65 GB
Loaded train data from ../dataset/ag_news/train/4.npz
Data length: 1
Time elapsed 0.40 min
Memory used: 41.65 GB
Loaded train data from ../dataset/ag_news/train/8.npz
Data length: 1
Time elapsed 0.40 min
Memory used: 41.65 GB
Loaded train data from ../dataset/ag_news/train/6.npz
Data length: 1
Time elapsed 0.34 min
Memory used: 41.65 GB
Loaded train data from ../dataset/ag_news/train/7.npz
Data length: 1
Time elapsed 0.38 min
Memory used: 41.65 GB
------------------------- time cost ------------------------- 306.39683985710144

-------------Round number: 2-------------

Evaluate global model
Loaded test data from ../dataset/ag_news/test/0.npz
Data length: 1
metric.compute(): {'accuracy': 0.25517241379310346}
ct, ns, auc: 0.25517241379310346, 0, 0
Loaded test data from ../dataset/ag_news/test/1.npz
Data length: 1
metric.compute(): {'accuracy': 0.2761755485893417}
ct, ns, auc: 0.2761755485893417, 0, 0
Loaded test data from ../dataset/ag_news/test/2.npz
Data length: 1
metric.compute(): {'accuracy': 0.2554858934169279}
ct, ns, auc: 0.2554858934169279, 0, 0
Loaded test data from ../dataset/ag_news/test/3.npz
Data length: 1
metric.compute(): {'accuracy': 0.24921630094043887}
ct, ns, auc: 0.24921630094043887, 0, 0
Loaded test data from ../dataset/ag_news/test/4.npz
Data length: 1
metric.compute(): {'accuracy': 0.2730407523510972}
ct, ns, auc: 0.2730407523510972, 0, 0
Loaded test data from ../dataset/ag_news/test/5.npz
Data length: 1
metric.compute(): {'accuracy': 0.2394984326018809}
ct, ns, auc: 0.2394984326018809, 0, 0
Loaded test data from ../dataset/ag_news/test/6.npz
Data length: 1
metric.compute(): {'accuracy': 0.2561128526645768}
ct, ns, auc: 0.2561128526645768, 0, 0
Loaded test data from ../dataset/ag_news/test/7.npz
Data length: 1
metric.compute(): {'accuracy': 0.24670846394984325}
ct, ns, auc: 0.24670846394984325, 0, 0
Loaded test data from ../dataset/ag_news/test/8.npz
Data length: 1
metric.compute(): {'accuracy': 0.24294670846394983}
ct, ns, auc: 0.24294670846394983, 0, 0
Loaded test data from ../dataset/ag_news/test/9.npz
Data length: 1
metric.compute(): {'accuracy': 0.24200626959247648}
ct, ns, auc: 0.24200626959247648, 0, 0
ids: [0, 1, 2, 3, 4, 5, 6, 7, 8, 9]
stats[1]: [0, 0, 0, 0, 0, 0, 0, 0, 0, 0]
stats[2]: [0.25517241379310346, 0.2761755485893417, 0.2554858934169279, 0.24921630094043887, 0.2730407523510972, 0.2394984326018809, 0.2561128526645768, 0.24670846394984325, 0.24294670846394983, 0.24200626959247648]
stats[3]: [0, 0, 0, 0, 0, 0, 0, 0, 0, 0]
Averaged Test Accuracy: 0.2536
Averaged Test AUC: 0.0000
Std Test Accuracy: 0.0125
Std Test AUC: 0.0000
Loaded train data from ../dataset/ag_news/train/8.npz
Data length: 1
Time elapsed 0.40 min
Memory used: 41.65 GB
Loaded train data from ../dataset/ag_news/train/9.npz
Data length: 1
Time elapsed 0.37 min
Memory used: 41.65 GB
Loaded train data from ../dataset/ag_news/train/7.npz
Data length: 1
Time elapsed 0.39 min
Memory used: 41.65 GB
Loaded train data from ../dataset/ag_news/train/3.npz
Data length: 1
Time elapsed 0.35 min
Memory used: 41.65 GB
Loaded train data from ../dataset/ag_news/train/5.npz
Data length: 1
Time elapsed 0.37 min
Memory used: 41.65 GB
Loaded train data from ../dataset/ag_news/train/4.npz
Data length: 1
Time elapsed 0.39 min
Memory used: 41.65 GB
Loaded train data from ../dataset/ag_news/train/0.npz
Data length: 1
Time elapsed 0.39 min
Memory used: 41.65 GB
Loaded train data from ../dataset/ag_news/train/2.npz
Data length: 1
Time elapsed 0.34 min
Memory used: 41.65 GB
Loaded train data from ../dataset/ag_news/train/1.npz
Data length: 1
Time elapsed 0.37 min
Memory used: 41.65 GB
Loaded train data from ../dataset/ag_news/train/6.npz
Data length: 1
Time elapsed 0.34 min
Memory used: 41.65 GB
------------------------- time cost ------------------------- 299.9349277019501

-------------Round number: 3-------------

Evaluate global model
Loaded test data from ../dataset/ag_news/test/0.npz
Data length: 1
metric.compute(): {'accuracy': 0.2746081504702194}
ct, ns, auc: 0.2746081504702194, 0, 0
Loaded test data from ../dataset/ag_news/test/1.npz
Data length: 1
metric.compute(): {'accuracy': 0.23573667711598745}
ct, ns, auc: 0.23573667711598745, 0, 0
Loaded test data from ../dataset/ag_news/test/2.npz
Data length: 1
metric.compute(): {'accuracy': 0.22821316614420062}
ct, ns, auc: 0.22821316614420062, 0, 0
Loaded test data from ../dataset/ag_news/test/3.npz
Data length: 1
metric.compute(): {'accuracy': 0.24921630094043887}
ct, ns, auc: 0.24921630094043887, 0, 0
Loaded test data from ../dataset/ag_news/test/4.npz
Data length: 1
metric.compute(): {'accuracy': 0.2730407523510972}
ct, ns, auc: 0.2730407523510972, 0, 0
Loaded test data from ../dataset/ag_news/test/5.npz
Data length: 1
metric.compute(): {'accuracy': 0.2394984326018809}
ct, ns, auc: 0.2394984326018809, 0, 0
Loaded test data from ../dataset/ag_news/test/6.npz
Data length: 1
metric.compute(): {'accuracy': 0.2561128526645768}
ct, ns, auc: 0.2561128526645768, 0, 0
Loaded test data from ../dataset/ag_news/test/7.npz
Data length: 1
metric.compute(): {'accuracy': 0.24670846394984325}
ct, ns, auc: 0.24670846394984325, 0, 0
Loaded test data from ../dataset/ag_news/test/8.npz
Data length: 1
metric.compute(): {'accuracy': 0.24294670846394983}
ct, ns, auc: 0.24294670846394983, 0, 0
Loaded test data from ../dataset/ag_news/test/9.npz
Data length: 1
metric.compute(): {'accuracy': 0.24670846394984325}
ct, ns, auc: 0.24670846394984325, 0, 0
ids: [0, 1, 2, 3, 4, 5, 6, 7, 8, 9]
stats[1]: [0, 0, 0, 0, 0, 0, 0, 0, 0, 0]
stats[2]: [0.2746081504702194, 0.23573667711598745, 0.22821316614420062, 0.24921630094043887, 0.2730407523510972, 0.2394984326018809, 0.2561128526645768, 0.24670846394984325, 0.24294670846394983, 0.24670846394984325]
stats[3]: [0, 0, 0, 0, 0, 0, 0, 0, 0, 0]
Averaged Test Accuracy: 0.2493
Averaged Test AUC: 0.0000
Std Test Accuracy: 0.0150
Std Test AUC: 0.0000
Loaded train data from ../dataset/ag_news/train/8.npz
Data length: 1
Time elapsed 0.41 min
Memory used: 41.65 GB
Loaded train data from ../dataset/ag_news/train/3.npz
Data length: 1
Time elapsed 0.36 min
Memory used: 41.65 GB
Loaded train data from ../dataset/ag_news/train/1.npz
Data length: 1
Time elapsed 0.37 min
Memory used: 41.65 GB
Loaded train data from ../dataset/ag_news/train/7.npz
Data length: 1
Time elapsed 0.40 min
Memory used: 41.65 GB
Loaded train data from ../dataset/ag_news/train/9.npz
Data length: 1
Time elapsed 0.37 min
Memory used: 41.65 GB
Loaded train data from ../dataset/ag_news/train/6.npz
Data length: 1
Time elapsed 0.34 min
Memory used: 41.65 GB
Loaded train data from ../dataset/ag_news/train/5.npz
Data length: 1
Time elapsed 0.36 min
Memory used: 41.65 GB
Loaded train data from ../dataset/ag_news/train/2.npz
Data length: 1
Time elapsed 0.35 min
Memory used: 41.65 GB
Loaded train data from ../dataset/ag_news/train/4.npz
Data length: 1
Time elapsed 0.39 min
Memory used: 41.65 GB
Loaded train data from ../dataset/ag_news/train/0.npz
Data length: 1
Time elapsed 0.38 min
Memory used: 41.65 GB
------------------------- time cost ------------------------- 300.40766501426697

-------------Round number: 4-------------

Evaluate global model
Loaded test data from ../dataset/ag_news/test/0.npz
Data length: 1
metric.compute(): {'accuracy': 0.2746081504702194}
ct, ns, auc: 0.2746081504702194, 0, 0
Loaded test data from ../dataset/ag_news/test/1.npz
Data length: 1
metric.compute(): {'accuracy': 0.2827586206896552}
ct, ns, auc: 0.2827586206896552, 0, 0
Loaded test data from ../dataset/ag_news/test/2.npz
Data length: 1
metric.compute(): {'accuracy': 0.22821316614420062}
ct, ns, auc: 0.22821316614420062, 0, 0
Loaded test data from ../dataset/ag_news/test/3.npz
Data length: 1
metric.compute(): {'accuracy': 0.24921630094043887}
ct, ns, auc: 0.24921630094043887, 0, 0
Loaded test data from ../dataset/ag_news/test/4.npz
Data length: 1
metric.compute(): {'accuracy': 0.2730407523510972}
ct, ns, auc: 0.2730407523510972, 0, 0
Loaded test data from ../dataset/ag_news/test/5.npz
Data length: 1
metric.compute(): {'accuracy': 0.2394984326018809}
ct, ns, auc: 0.2394984326018809, 0, 0
Loaded test data from ../dataset/ag_news/test/6.npz
Data length: 1
metric.compute(): {'accuracy': 0.2561128526645768}
ct, ns, auc: 0.2561128526645768, 0, 0
Loaded test data from ../dataset/ag_news/test/7.npz
Data length: 1
metric.compute(): {'accuracy': 0.24670846394984325}
ct, ns, auc: 0.24670846394984325, 0, 0
Loaded test data from ../dataset/ag_news/test/8.npz
Data length: 1
metric.compute(): {'accuracy': 0.24294670846394983}
ct, ns, auc: 0.24294670846394983, 0, 0
Loaded test data from ../dataset/ag_news/test/9.npz
Data length: 1
metric.compute(): {'accuracy': 0.24670846394984325}
ct, ns, auc: 0.24670846394984325, 0, 0
ids: [0, 1, 2, 3, 4, 5, 6, 7, 8, 9]
stats[1]: [0, 0, 0, 0, 0, 0, 0, 0, 0, 0]
stats[2]: [0.2746081504702194, 0.2827586206896552, 0.22821316614420062, 0.24921630094043887, 0.2730407523510972, 0.2394984326018809, 0.2561128526645768, 0.24670846394984325, 0.24294670846394983, 0.24670846394984325]
stats[3]: [0, 0, 0, 0, 0, 0, 0, 0, 0, 0]
Averaged Test Accuracy: 0.2540
Averaged Test AUC: 0.0000
Std Test Accuracy: 0.0175
Std Test AUC: 0.0000
Loaded train data from ../dataset/ag_news/train/3.npz
Data length: 1
Time elapsed 0.34 min
Memory used: 41.65 GB
Loaded train data from ../dataset/ag_news/train/0.npz
Data length: 1
Time elapsed 0.38 min
Memory used: 41.65 GB
Loaded train data from ../dataset/ag_news/train/5.npz
Data length: 1
Time elapsed 0.37 min
Memory used: 41.65 GB
Loaded train data from ../dataset/ag_news/train/6.npz
Data length: 1
Time elapsed 0.34 min
Memory used: 41.65 GB
Loaded train data from ../dataset/ag_news/train/8.npz
Data length: 1
Time elapsed 0.40 min
Memory used: 41.65 GB
Loaded train data from ../dataset/ag_news/train/2.npz
Data length: 1
Time elapsed 0.35 min
Memory used: 41.65 GB
Loaded train data from ../dataset/ag_news/train/9.npz
Data length: 1
Time elapsed 0.36 min
Memory used: 41.65 GB
Loaded train data from ../dataset/ag_news/train/7.npz
Data length: 1
Time elapsed 0.40 min
Memory used: 41.65 GB
Loaded train data from ../dataset/ag_news/train/4.npz
Data length: 1
Time elapsed 0.38 min
Memory used: 41.65 GB
Loaded train data from ../dataset/ag_news/train/1.npz
Data length: 1
Time elapsed 0.37 min
Memory used: 41.65 GB
------------------------- time cost ------------------------- 298.5502624511719

-------------Round number: 5-------------

Evaluate global model
Loaded test data from ../dataset/ag_news/test/0.npz
Data length: 1
metric.compute(): {'accuracy': 0.2746081504702194}
ct, ns, auc: 0.2746081504702194, 0, 0
Loaded test data from ../dataset/ag_news/test/1.npz
Data length: 1
metric.compute(): {'accuracy': 0.2761755485893417}
ct, ns, auc: 0.2761755485893417, 0, 0
Loaded test data from ../dataset/ag_news/test/2.npz
Data length: 1
metric.compute(): {'accuracy': 0.22821316614420062}
ct, ns, auc: 0.22821316614420062, 0, 0
Loaded test data from ../dataset/ag_news/test/3.npz
Data length: 1
metric.compute(): {'accuracy': 0.24921630094043887}
ct, ns, auc: 0.24921630094043887, 0, 0
Loaded test data from ../dataset/ag_news/test/4.npz
Data length: 1
metric.compute(): {'accuracy': 0.2445141065830721}
ct, ns, auc: 0.2445141065830721, 0, 0
Loaded test data from ../dataset/ag_news/test/5.npz
Data length: 1
metric.compute(): {'accuracy': 0.2394984326018809}
ct, ns, auc: 0.2394984326018809, 0, 0
Loaded test data from ../dataset/ag_news/test/6.npz
Data length: 1
metric.compute(): {'accuracy': 0.2561128526645768}
ct, ns, auc: 0.2561128526645768, 0, 0
Loaded test data from ../dataset/ag_news/test/7.npz
Data length: 1
metric.compute(): {'accuracy': 0.24670846394984325}
ct, ns, auc: 0.24670846394984325, 0, 0
Loaded test data from ../dataset/ag_news/test/8.npz
Data length: 1
metric.compute(): {'accuracy': 0.24294670846394983}
ct, ns, auc: 0.24294670846394983, 0, 0
Loaded test data from ../dataset/ag_news/test/9.npz
Data length: 1
metric.compute(): {'accuracy': 0.25391849529780564}
ct, ns, auc: 0.25391849529780564, 0, 0
ids: [0, 1, 2, 3, 4, 5, 6, 7, 8, 9]
stats[1]: [0, 0, 0, 0, 0, 0, 0, 0, 0, 0]
stats[2]: [0.2746081504702194, 0.2761755485893417, 0.22821316614420062, 0.24921630094043887, 0.2445141065830721, 0.2394984326018809, 0.2561128526645768, 0.24670846394984325, 0.24294670846394983, 0.25391849529780564]
stats[3]: [0, 0, 0, 0, 0, 0, 0, 0, 0, 0]
Averaged Test Accuracy: 0.2512
Averaged Test AUC: 0.0000
Std Test Accuracy: 0.0149
Std Test AUC: 0.0000
Loaded train data from ../dataset/ag_news/train/8.npz
Data length: 1
Time elapsed 0.41 min
Memory used: 41.65 GB
Loaded train data from ../dataset/ag_news/train/2.npz
Data length: 1
Time elapsed 0.34 min
Memory used: 41.65 GB
Loaded train data from ../dataset/ag_news/train/9.npz
Data length: 1
Time elapsed 0.37 min
Memory used: 41.65 GB
Loaded train data from ../dataset/ag_news/train/3.npz
Data length: 1
Time elapsed 0.35 min
Memory used: 41.65 GB
Loaded train data from ../dataset/ag_news/train/4.npz
Data length: 1
Time elapsed 0.39 min
Memory used: 41.65 GB
Loaded train data from ../dataset/ag_news/train/7.npz
Data length: 1
Time elapsed 0.39 min
Memory used: 41.65 GB
Loaded train data from ../dataset/ag_news/train/6.npz
Data length: 1
Time elapsed 0.34 min
Memory used: 41.65 GB
Loaded train data from ../dataset/ag_news/train/5.npz
Data length: 1
Time elapsed 0.37 min
Memory used: 41.65 GB
Loaded train data from ../dataset/ag_news/train/0.npz
Data length: 1
Time elapsed 0.38 min
Memory used: 41.65 GB
Loaded train data from ../dataset/ag_news/train/1.npz
Data length: 1
Time elapsed 0.36 min
Memory used: 41.65 GB
------------------------- time cost ------------------------- 298.5378203392029

-------------Round number: 6-------------

Evaluate global model
Loaded test data from ../dataset/ag_news/test/0.npz
Data length: 1
metric.compute(): {'accuracy': 0.2746081504702194}
ct, ns, auc: 0.2746081504702194, 0, 0
Loaded test data from ../dataset/ag_news/test/1.npz
Data length: 1
metric.compute(): {'accuracy': 0.2761755485893417}
ct, ns, auc: 0.2761755485893417, 0, 0
Loaded test data from ../dataset/ag_news/test/2.npz
Data length: 1
metric.compute(): {'accuracy': 0.2554858934169279}
ct, ns, auc: 0.2554858934169279, 0, 0
Loaded test data from ../dataset/ag_news/test/3.npz
Data length: 1
metric.compute(): {'accuracy': 0.24921630094043887}
ct, ns, auc: 0.24921630094043887, 0, 0
Loaded test data from ../dataset/ag_news/test/4.npz
Data length: 1
metric.compute(): {'accuracy': 0.2445141065830721}
ct, ns, auc: 0.2445141065830721, 0, 0
Loaded test data from ../dataset/ag_news/test/5.npz
Data length: 1
metric.compute(): {'accuracy': 0.26677115987460814}
ct, ns, auc: 0.26677115987460814, 0, 0
Loaded test data from ../dataset/ag_news/test/6.npz
Data length: 1
metric.compute(): {'accuracy': 0.2561128526645768}
ct, ns, auc: 0.2561128526645768, 0, 0
Loaded test data from ../dataset/ag_news/test/7.npz
Data length: 1
metric.compute(): {'accuracy': 0.25329153605015675}
ct, ns, auc: 0.25329153605015675, 0, 0
Loaded test data from ../dataset/ag_news/test/8.npz
Data length: 1
metric.compute(): {'accuracy': 0.24890282131661443}
ct, ns, auc: 0.24890282131661443, 0, 0
Loaded test data from ../dataset/ag_news/test/9.npz
Data length: 1
metric.compute(): {'accuracy': 0.25391849529780564}
ct, ns, auc: 0.25391849529780564, 0, 0
ids: [0, 1, 2, 3, 4, 5, 6, 7, 8, 9]
stats[1]: [0, 0, 0, 0, 0, 0, 0, 0, 0, 0]
stats[2]: [0.2746081504702194, 0.2761755485893417, 0.2554858934169279, 0.24921630094043887, 0.2445141065830721, 0.26677115987460814, 0.2561128526645768, 0.25329153605015675, 0.24890282131661443, 0.25391849529780564]
stats[3]: [0, 0, 0, 0, 0, 0, 0, 0, 0, 0]
Averaged Test Accuracy: 0.2579
Averaged Test AUC: 0.0000
Std Test Accuracy: 0.0109
Std Test AUC: 0.0000
Loaded train data from ../dataset/ag_news/train/5.npz
Data length: 1
Time elapsed 0.37 min
Memory used: 41.65 GB
Loaded train data from ../dataset/ag_news/train/7.npz
Data length: 1
Time elapsed 0.39 min
Memory used: 41.65 GB
Loaded train data from ../dataset/ag_news/train/9.npz
Data length: 1
Time elapsed 0.38 min
Memory used: 41.65 GB
Loaded train data from ../dataset/ag_news/train/8.npz
Data length: 1
Time elapsed 0.42 min
Memory used: 41.65 GB
Loaded train data from ../dataset/ag_news/train/0.npz
Data length: 1
Time elapsed 0.37 min
Memory used: 41.65 GB
Loaded train data from ../dataset/ag_news/train/2.npz
Data length: 1
Time elapsed 0.35 min
Memory used: 41.65 GB
Loaded train data from ../dataset/ag_news/train/4.npz
Data length: 1
Time elapsed 0.40 min
Memory used: 41.65 GB
Loaded train data from ../dataset/ag_news/train/6.npz
Data length: 1
Time elapsed 0.34 min
Memory used: 41.65 GB
Loaded train data from ../dataset/ag_news/train/3.npz
Data length: 1
Time elapsed 0.34 min
Memory used: 41.65 GB
Loaded train data from ../dataset/ag_news/train/1.npz
Data length: 1
Time elapsed 0.37 min
Memory used: 41.65 GB
------------------------- time cost ------------------------- 300.3784694671631

-------------Round number: 7-------------

Evaluate global model
Loaded test data from ../dataset/ag_news/test/0.npz
Data length: 1
metric.compute(): {'accuracy': 0.2746081504702194}
ct, ns, auc: 0.2746081504702194, 0, 0
Loaded test data from ../dataset/ag_news/test/1.npz
Data length: 1
metric.compute(): {'accuracy': 0.2827586206896552}
ct, ns, auc: 0.2827586206896552, 0, 0
Loaded test data from ../dataset/ag_news/test/2.npz
Data length: 1
metric.compute(): {'accuracy': 0.261128526645768}
ct, ns, auc: 0.261128526645768, 0, 0
Loaded test data from ../dataset/ag_news/test/3.npz
Data length: 1
metric.compute(): {'accuracy': 0.24921630094043887}
ct, ns, auc: 0.24921630094043887, 0, 0
Loaded test data from ../dataset/ag_news/test/4.npz
Data length: 1
metric.compute(): {'accuracy': 0.2445141065830721}
ct, ns, auc: 0.2445141065830721, 0, 0
Loaded test data from ../dataset/ag_news/test/5.npz
Data length: 1
metric.compute(): {'accuracy': 0.2394984326018809}
ct, ns, auc: 0.2394984326018809, 0, 0
Loaded test data from ../dataset/ag_news/test/6.npz
Data length: 1
metric.compute(): {'accuracy': 0.2589341692789969}
ct, ns, auc: 0.2589341692789969, 0, 0
Loaded test data from ../dataset/ag_news/test/7.npz
Data length: 1
metric.compute(): {'accuracy': 0.2341692789968652}
ct, ns, auc: 0.2341692789968652, 0, 0
Loaded test data from ../dataset/ag_news/test/8.npz
Data length: 1
metric.compute(): {'accuracy': 0.264576802507837}
ct, ns, auc: 0.264576802507837, 0, 0
Loaded test data from ../dataset/ag_news/test/9.npz
Data length: 1
metric.compute(): {'accuracy': 0.2573667711598746}
ct, ns, auc: 0.2573667711598746, 0, 0
ids: [0, 1, 2, 3, 4, 5, 6, 7, 8, 9]
stats[1]: [0, 0, 0, 0, 0, 0, 0, 0, 0, 0]
stats[2]: [0.2746081504702194, 0.2827586206896552, 0.261128526645768, 0.24921630094043887, 0.2445141065830721, 0.2394984326018809, 0.2589341692789969, 0.2341692789968652, 0.264576802507837, 0.2573667711598746]
stats[3]: [0, 0, 0, 0, 0, 0, 0, 0, 0, 0]
Averaged Test Accuracy: 0.2567
Averaged Test AUC: 0.0000
Std Test Accuracy: 0.0153
Std Test AUC: 0.0000
Loaded train data from ../dataset/ag_news/train/3.npz
Data length: 1
Time elapsed 0.35 min
Memory used: 41.65 GB
Loaded train data from ../dataset/ag_news/train/5.npz
Data length: 1
Time elapsed 0.36 min
Memory used: 41.65 GB
Loaded train data from ../dataset/ag_news/train/2.npz
Data length: 1
Time elapsed 0.34 min
Memory used: 41.65 GB
Loaded train data from ../dataset/ag_news/train/6.npz
Data length: 1
Time elapsed 0.34 min
Memory used: 41.65 GB
Loaded train data from ../dataset/ag_news/train/0.npz
Data length: 1
Time elapsed 0.38 min
Memory used: 41.65 GB
Loaded train data from ../dataset/ag_news/train/1.npz
Data length: 1
Time elapsed 0.37 min
Memory used: 41.65 GB
Loaded train data from ../dataset/ag_news/train/7.npz
Data length: 1
Time elapsed 0.38 min
Memory used: 41.65 GB
Loaded train data from ../dataset/ag_news/train/8.npz
Data length: 1
Time elapsed 0.40 min
Memory used: 41.65 GB
Loaded train data from ../dataset/ag_news/train/9.npz
Data length: 1
Time elapsed 0.36 min
Memory used: 41.65 GB
Loaded train data from ../dataset/ag_news/train/4.npz
Data length: 1
Time elapsed 0.39 min
Memory used: 41.65 GB
------------------------- time cost ------------------------- 296.5624153614044

-------------Round number: 8-------------

Evaluate global model
Loaded test data from ../dataset/ag_news/test/0.npz
Data length: 1
metric.compute(): {'accuracy': 0.2746081504702194}
ct, ns, auc: 0.2746081504702194, 0, 0
Loaded test data from ../dataset/ag_news/test/1.npz
Data length: 1
metric.compute(): {'accuracy': 0.2761755485893417}
ct, ns, auc: 0.2761755485893417, 0, 0
Loaded test data from ../dataset/ag_news/test/2.npz
Data length: 1
metric.compute(): {'accuracy': 0.25517241379310346}
ct, ns, auc: 0.25517241379310346, 0, 0
Loaded test data from ../dataset/ag_news/test/3.npz
Data length: 1
metric.compute(): {'accuracy': 0.24921630094043887}
ct, ns, auc: 0.24921630094043887, 0, 0
Loaded test data from ../dataset/ag_news/test/4.npz
Data length: 1
metric.compute(): {'accuracy': 0.2445141065830721}
ct, ns, auc: 0.2445141065830721, 0, 0
Loaded test data from ../dataset/ag_news/test/5.npz
Data length: 1
metric.compute(): {'accuracy': 0.26677115987460814}
ct, ns, auc: 0.26677115987460814, 0, 0
Loaded test data from ../dataset/ag_news/test/6.npz
Data length: 1
metric.compute(): {'accuracy': 0.2561128526645768}
ct, ns, auc: 0.2561128526645768, 0, 0
Loaded test data from ../dataset/ag_news/test/7.npz
Data length: 1
metric.compute(): {'accuracy': 0.2341692789968652}
ct, ns, auc: 0.2341692789968652, 0, 0
Loaded test data from ../dataset/ag_news/test/8.npz
Data length: 1
metric.compute(): {'accuracy': 0.24294670846394983}
ct, ns, auc: 0.24294670846394983, 0, 0
Loaded test data from ../dataset/ag_news/test/9.npz
Data length: 1
metric.compute(): {'accuracy': 0.25391849529780564}
ct, ns, auc: 0.25391849529780564, 0, 0
ids: [0, 1, 2, 3, 4, 5, 6, 7, 8, 9]
stats[1]: [0, 0, 0, 0, 0, 0, 0, 0, 0, 0]
stats[2]: [0.2746081504702194, 0.2761755485893417, 0.25517241379310346, 0.24921630094043887, 0.2445141065830721, 0.26677115987460814, 0.2561128526645768, 0.2341692789968652, 0.24294670846394983, 0.25391849529780564]
stats[3]: [0, 0, 0, 0, 0, 0, 0, 0, 0, 0]
Averaged Test Accuracy: 0.2554
Averaged Test AUC: 0.0000
Std Test Accuracy: 0.0137
Std Test AUC: 0.0000
Loaded train data from ../dataset/ag_news/train/4.npz
Data length: 1
Time elapsed 0.40 min
Memory used: 41.65 GB
Loaded train data from ../dataset/ag_news/train/0.npz
Data length: 1
Time elapsed 0.38 min
Memory used: 41.65 GB
Loaded train data from ../dataset/ag_news/train/8.npz
Data length: 1
Time elapsed 0.40 min
Memory used: 41.65 GB
Loaded train data from ../dataset/ag_news/train/5.npz
Data length: 1
Time elapsed 0.36 min
Memory used: 41.65 GB
Loaded train data from ../dataset/ag_news/train/2.npz
Data length: 1
Time elapsed 0.35 min
Memory used: 41.65 GB
Loaded train data from ../dataset/ag_news/train/9.npz
Data length: 1
Time elapsed 0.37 min
Memory used: 41.65 GB
Loaded train data from ../dataset/ag_news/train/6.npz
Data length: 1
Time elapsed 0.34 min
Memory used: 41.65 GB
Loaded train data from ../dataset/ag_news/train/1.npz
Data length: 1
Time elapsed 0.37 min
Memory used: 41.65 GB
Loaded train data from ../dataset/ag_news/train/3.npz
Data length: 1
Time elapsed 0.36 min
Memory used: 41.65 GB
Loaded train data from ../dataset/ag_news/train/7.npz
Data length: 1
Time elapsed 0.38 min
Memory used: 41.65 GB
------------------------- time cost ------------------------- 299.5905759334564

-------------Round number: 9-------------

Evaluate global model
Loaded test data from ../dataset/ag_news/test/0.npz
Data length: 1
metric.compute(): {'accuracy': 0.23322884012539186}
ct, ns, auc: 0.23322884012539186, 0, 0
Loaded test data from ../dataset/ag_news/test/1.npz
Data length: 1
metric.compute(): {'accuracy': 0.26927899686520373}
ct, ns, auc: 0.26927899686520373, 0, 0
Loaded test data from ../dataset/ag_news/test/2.npz
Data length: 1
metric.compute(): {'accuracy': 0.26489028213166144}
ct, ns, auc: 0.26489028213166144, 0, 0
Loaded test data from ../dataset/ag_news/test/3.npz
Data length: 1
metric.compute(): {'accuracy': 0.2545454545454545}
ct, ns, auc: 0.2545454545454545, 0, 0
Loaded test data from ../dataset/ag_news/test/4.npz
Data length: 1
metric.compute(): {'accuracy': 0.23761755485893418}
ct, ns, auc: 0.23761755485893418, 0, 0
Loaded test data from ../dataset/ag_news/test/5.npz
Data length: 1
metric.compute(): {'accuracy': 0.22727272727272727}
ct, ns, auc: 0.22727272727272727, 0, 0
Loaded test data from ../dataset/ag_news/test/6.npz
Data length: 1
metric.compute(): {'accuracy': 0.24796238244514107}
ct, ns, auc: 0.24796238244514107, 0, 0
Loaded test data from ../dataset/ag_news/test/7.npz
Data length: 1
metric.compute(): {'accuracy': 0.24702194357366772}
ct, ns, auc: 0.24702194357366772, 0, 0
Loaded test data from ../dataset/ag_news/test/8.npz
Data length: 1
metric.compute(): {'accuracy': 0.2636363636363636}
ct, ns, auc: 0.2636363636363636, 0, 0
Loaded test data from ../dataset/ag_news/test/9.npz
Data length: 1
metric.compute(): {'accuracy': 0.2598746081504702}
ct, ns, auc: 0.2598746081504702, 0, 0
ids: [0, 1, 2, 3, 4, 5, 6, 7, 8, 9]
stats[1]: [0, 0, 0, 0, 0, 0, 0, 0, 0, 0]
stats[2]: [0.23322884012539186, 0.26927899686520373, 0.26489028213166144, 0.2545454545454545, 0.23761755485893418, 0.22727272727272727, 0.24796238244514107, 0.24702194357366772, 0.2636363636363636, 0.2598746081504702]
stats[3]: [0, 0, 0, 0, 0, 0, 0, 0, 0, 0]
Averaged Test Accuracy: 0.2505
Averaged Test AUC: 0.0000
Std Test Accuracy: 0.0144
Std Test AUC: 0.0000
Loaded train data from ../dataset/ag_news/train/7.npz
Data length: 1
Time elapsed 0.38 min
Memory used: 41.65 GB
Loaded train data from ../dataset/ag_news/train/0.npz
Data length: 1
Time elapsed 0.38 min
Memory used: 41.65 GB
Loaded train data from ../dataset/ag_news/train/6.npz
Data length: 1
Time elapsed 0.34 min
Memory used: 41.65 GB
Loaded train data from ../dataset/ag_news/train/5.npz
Data length: 1
Time elapsed 0.36 min
Memory used: 41.65 GB
Loaded train data from ../dataset/ag_news/train/9.npz
Data length: 1
Time elapsed 0.37 min
Memory used: 41.65 GB
Loaded train data from ../dataset/ag_news/train/1.npz
Data length: 1
Time elapsed 0.37 min
Memory used: 41.65 GB
Loaded train data from ../dataset/ag_news/train/3.npz
Data length: 1
Time elapsed 0.35 min
Memory used: 41.65 GB
Loaded train data from ../dataset/ag_news/train/2.npz
Data length: 1
Time elapsed 0.34 min
Memory used: 41.65 GB
Loaded train data from ../dataset/ag_news/train/4.npz
Data length: 1
Time elapsed 0.39 min
Memory used: 41.65 GB
Loaded train data from ../dataset/ag_news/train/8.npz
Data length: 1
Time elapsed 0.40 min
Memory used: 41.65 GB
------------------------- time cost ------------------------- 299.2672827243805

-------------Round number: 10-------------

Evaluate global model
Loaded test data from ../dataset/ag_news/test/0.npz
Data length: 1
metric.compute(): {'accuracy': 0.25517241379310346}
ct, ns, auc: 0.25517241379310346, 0, 0
Loaded test data from ../dataset/ag_news/test/1.npz
Data length: 1
metric.compute(): {'accuracy': 0.2827586206896552}
ct, ns, auc: 0.2827586206896552, 0, 0
Loaded test data from ../dataset/ag_news/test/2.npz
Data length: 1
metric.compute(): {'accuracy': 0.254858934169279}
ct, ns, auc: 0.254858934169279, 0, 0
Loaded test data from ../dataset/ag_news/test/3.npz
Data length: 1
metric.compute(): {'accuracy': 0.2495297805642633}
ct, ns, auc: 0.2495297805642633, 0, 0
Loaded test data from ../dataset/ag_news/test/4.npz
Data length: 1
metric.compute(): {'accuracy': 0.2445141065830721}
ct, ns, auc: 0.2445141065830721, 0, 0
Loaded test data from ../dataset/ag_news/test/5.npz
Data length: 1
metric.compute(): {'accuracy': 0.267398119122257}
ct, ns, auc: 0.267398119122257, 0, 0
Loaded test data from ../dataset/ag_news/test/6.npz
Data length: 1
metric.compute(): {'accuracy': 0.25862068965517243}
ct, ns, auc: 0.25862068965517243, 0, 0
Loaded test data from ../dataset/ag_news/test/7.npz
Data length: 1
metric.compute(): {'accuracy': 0.2341692789968652}
ct, ns, auc: 0.2341692789968652, 0, 0
Loaded test data from ../dataset/ag_news/test/8.npz
Data length: 1
metric.compute(): {'accuracy': 0.26332288401253917}
ct, ns, auc: 0.26332288401253917, 0, 0
Loaded test data from ../dataset/ag_news/test/9.npz
Data length: 1
metric.compute(): {'accuracy': 0.2573667711598746}
ct, ns, auc: 0.2573667711598746, 0, 0
ids: [0, 1, 2, 3, 4, 5, 6, 7, 8, 9]
stats[1]: [0, 0, 0, 0, 0, 0, 0, 0, 0, 0]
stats[2]: [0.25517241379310346, 0.2827586206896552, 0.254858934169279, 0.2495297805642633, 0.2445141065830721, 0.267398119122257, 0.25862068965517243, 0.2341692789968652, 0.26332288401253917, 0.2573667711598746]
stats[3]: [0, 0, 0, 0, 0, 0, 0, 0, 0, 0]
Averaged Test Accuracy: 0.2568
Averaged Test AUC: 0.0000
Std Test Accuracy: 0.0131
Std Test AUC: 0.0000
Loaded train data from ../dataset/ag_news/train/1.npz
Data length: 1
Time elapsed 0.36 min
Memory used: 41.65 GB
Loaded train data from ../dataset/ag_news/train/3.npz
Data length: 1
Time elapsed 0.36 min
Memory used: 41.65 GB
Loaded train data from ../dataset/ag_news/train/0.npz
Data length: 1
Time elapsed 0.38 min
Memory used: 41.65 GB
Loaded train data from ../dataset/ag_news/train/6.npz
Data length: 1
Time elapsed 0.34 min
Memory used: 41.65 GB
Loaded train data from ../dataset/ag_news/train/2.npz
Data length: 1
