GPU details saved to $output_file
__TORCH Version: 2.3.1+cu121
__CUDNN Version: 8902
__CUDA version:  12.1
__Number CUDA Devices: 1
__CUDA Device Name: NVIDIA A100-SXM4-40GB
__CUDA Device Total Memory [GB]: 42.297786368
args.dataset: ag_news
args.num_labels: 4
==================================================
Personalized Federated Learning: True
Uniform Weight: False
Normalized Rank: False
Normalized Alpha: False
lora_rank: 4
lora_alpha: 4
lora_dropout: 0.05
lora_query: True
lora_key: True
lora_value: True
lora_projection: True
lora_mlp: True
lora_head: True
aa_bottleneck_reduction: 1
aa_text: False
aa_vision: False
ca_bottleneck_reduction: 4
ca_text: False
ca_vision: False
Seed: 42
Algorithm: flora
Local batch size: 128
Local epochs: 1
Local learing rate: 0.0005
Local learing rate decay: False
Total number of clients: 10
Clients join in each round: 1.0
Clients randomly join: False
Client drop rate: 0.0
Client select regarding time: False
Running times: 1
Dataset: ag_news
Number of classes: 10
Backbone: distilbert
Using device: cuda
Using DP: False
Auto break: False
Global rounds: 50
Cuda device id: 0
DLG attack: False
Total number of new clients: 0
Fine tuning epoches on new clients: 0
==================================================

============= Running time: 0th =============
Creating server and clients ...
Loaded train data from ../dataset/ag_news/train/0.npz
Data length: 1
Loaded test data from ../dataset/ag_news/test/0.npz
Data length: 1
self.lora_params: {'rank': 4, 'alpha': 4, 'dropout': 0.05, 'lora_query': True, 'lora_key': True, 'lora_value': True, 'lora_projection': True, 'lora_mlp': True, 'lora_head': True}
Loaded train data from ../dataset/ag_news/train/1.npz
Data length: 1
Loaded test data from ../dataset/ag_news/test/1.npz
Data length: 1
self.lora_params: {'rank': 4, 'alpha': 4, 'dropout': 0.05, 'lora_query': True, 'lora_key': True, 'lora_value': True, 'lora_projection': True, 'lora_mlp': True, 'lora_head': True}
Loaded train data from ../dataset/ag_news/train/2.npz
Data length: 1
Loaded test data from ../dataset/ag_news/test/2.npz
Data length: 1
self.lora_params: {'rank': 4, 'alpha': 4, 'dropout': 0.05, 'lora_query': True, 'lora_key': True, 'lora_value': True, 'lora_projection': True, 'lora_mlp': True, 'lora_head': True}
Loaded train data from ../dataset/ag_news/train/3.npz
Data length: 1
Loaded test data from ../dataset/ag_news/test/3.npz
Data length: 1
self.lora_params: {'rank': 4, 'alpha': 4, 'dropout': 0.05, 'lora_query': True, 'lora_key': True, 'lora_value': True, 'lora_projection': True, 'lora_mlp': True, 'lora_head': True}
Loaded train data from ../dataset/ag_news/train/4.npz
Data length: 1
Loaded test data from ../dataset/ag_news/test/4.npz
Data length: 1
self.lora_params: {'rank': 4, 'alpha': 4, 'dropout': 0.05, 'lora_query': True, 'lora_key': True, 'lora_value': True, 'lora_projection': True, 'lora_mlp': True, 'lora_head': True}
Loaded train data from ../dataset/ag_news/train/5.npz
Data length: 1
Loaded test data from ../dataset/ag_news/test/5.npz
Data length: 1
self.lora_params: {'rank': 4, 'alpha': 4, 'dropout': 0.05, 'lora_query': True, 'lora_key': True, 'lora_value': True, 'lora_projection': True, 'lora_mlp': True, 'lora_head': True}
Loaded train data from ../dataset/ag_news/train/6.npz
Data length: 1
Loaded test data from ../dataset/ag_news/test/6.npz
Data length: 1
self.lora_params: {'rank': 4, 'alpha': 4, 'dropout': 0.05, 'lora_query': True, 'lora_key': True, 'lora_value': True, 'lora_projection': True, 'lora_mlp': True, 'lora_head': True}
Loaded train data from ../dataset/ag_news/train/7.npz
Data length: 1
Loaded test data from ../dataset/ag_news/test/7.npz
Data length: 1
self.lora_params: {'rank': 4, 'alpha': 4, 'dropout': 0.05, 'lora_query': True, 'lora_key': True, 'lora_value': True, 'lora_projection': True, 'lora_mlp': True, 'lora_head': True}
Loaded train data from ../dataset/ag_news/train/8.npz
Data length: 1
Loaded test data from ../dataset/ag_news/test/8.npz
Data length: 1
self.lora_params: {'rank': 4, 'alpha': 4, 'dropout': 0.05, 'lora_query': True, 'lora_key': True, 'lora_value': True, 'lora_projection': True, 'lora_mlp': True, 'lora_head': True}
Loaded train data from ../dataset/ag_news/train/9.npz
Data length: 1
Loaded test data from ../dataset/ag_news/test/9.npz
Data length: 1
self.lora_params: {'rank': 4, 'alpha': 4, 'dropout': 0.05, 'lora_query': True, 'lora_key': True, 'lora_value': True, 'lora_projection': True, 'lora_mlp': True, 'lora_head': True}

Join ratio / total clients: 1.0 / 10
Finished creating server and clients.

-------------Round number: 0-------------

Evaluate global model
Loaded test data from ../dataset/ag_news/test/0.npz
Data length: 1
metric.compute(): {'accuracy': 0.23636363636363636}
ct, ns, auc: 0.23636363636363636, 0, 0
Loaded test data from ../dataset/ag_news/test/1.npz
Data length: 1
metric.compute(): {'accuracy': 0.2711598746081505}
ct, ns, auc: 0.2711598746081505, 0, 0
Loaded test data from ../dataset/ag_news/test/2.npz
Data length: 1
metric.compute(): {'accuracy': 0.30783699059561126}
ct, ns, auc: 0.30783699059561126, 0, 0
Loaded test data from ../dataset/ag_news/test/3.npz
Data length: 1
metric.compute(): {'accuracy': 0.26426332288401255}
ct, ns, auc: 0.26426332288401255, 0, 0
Loaded test data from ../dataset/ag_news/test/4.npz
Data length: 1
metric.compute(): {'accuracy': 0.2921630094043887}
ct, ns, auc: 0.2921630094043887, 0, 0
Loaded test data from ../dataset/ag_news/test/5.npz
Data length: 1
metric.compute(): {'accuracy': 0.2683385579937304}
ct, ns, auc: 0.2683385579937304, 0, 0
Loaded test data from ../dataset/ag_news/test/6.npz
Data length: 1
metric.compute(): {'accuracy': 0.1915360501567398}
ct, ns, auc: 0.1915360501567398, 0, 0
Loaded test data from ../dataset/ag_news/test/7.npz
Data length: 1
metric.compute(): {'accuracy': 0.2774294670846395}
ct, ns, auc: 0.2774294670846395, 0, 0
Loaded test data from ../dataset/ag_news/test/8.npz
Data length: 1
metric.compute(): {'accuracy': 0.2426332288401254}
ct, ns, auc: 0.2426332288401254, 0, 0
Loaded test data from ../dataset/ag_news/test/9.npz
Data length: 1
metric.compute(): {'accuracy': 0.245141065830721}
ct, ns, auc: 0.245141065830721, 0, 0
ids: [0, 1, 2, 3, 4, 5, 6, 7, 8, 9]
stats[1]: [0, 0, 0, 0, 0, 0, 0, 0, 0, 0]
stats[2]: [0.23636363636363636, 0.2711598746081505, 0.30783699059561126, 0.26426332288401255, 0.2921630094043887, 0.2683385579937304, 0.1915360501567398, 0.2774294670846395, 0.2426332288401254, 0.245141065830721]
stats[3]: [0, 0, 0, 0, 0, 0, 0, 0, 0, 0]
Averaged Test Accuracy: 0.2597
Averaged Test AUC: 0.0000
Std Test Accuracy: 0.0327
Std Test AUC: 0.0000
Loaded train data from ../dataset/ag_news/train/8.npz
Data length: 1
Time elapsed 0.41 min
Memory used: 41.41 GB
Loaded train data from ../dataset/ag_news/train/1.npz
Data length: 1
Time elapsed 0.37 min
Memory used: 41.41 GB
Loaded train data from ../dataset/ag_news/train/5.npz
Data length: 1
Time elapsed 0.37 min
Memory used: 41.41 GB
Loaded train data from ../dataset/ag_news/train/0.npz
Data length: 1
Time elapsed 0.38 min
Memory used: 41.41 GB
Loaded train data from ../dataset/ag_news/train/7.npz
Data length: 1
Time elapsed 0.39 min
Memory used: 41.41 GB
Loaded train data from ../dataset/ag_news/train/2.npz
Data length: 1
Time elapsed 0.35 min
Memory used: 41.41 GB
Loaded train data from ../dataset/ag_news/train/9.npz
Data length: 1
Time elapsed 0.37 min
Memory used: 41.41 GB
Loaded train data from ../dataset/ag_news/train/4.npz
Data length: 1
