GPU details saved to $output_file
__TORCH Version: 2.3.1+cu121
__CUDNN Version: 8902
__CUDA version:  12.1
__Number CUDA Devices: 1
__CUDA Device Name: NVIDIA A100-SXM4-40GB
__CUDA Device Total Memory [GB]: 42.297786368
args.dataset: ag_news
args.num_labels: 4
==================================================
Personalized Federated Learning: True
Uniform Weight: False
Normalized Rank: False
Normalized Alpha: False
lora_rank: 16
lora_alpha: 32
lora_dropout: 0.0
lora_query: True
lora_key: True
lora_value: True
lora_projection: True
lora_mlp: True
lora_head: True
aa_bottleneck_reduction: 1
aa_text: False
aa_vision: False
ca_bottleneck_reduction: 4
ca_text: False
ca_vision: False
Seed: 42
Algorithm: flora
Local batch size: 128
Local epochs: 1
Local learing rate: 0.0005
Local learing rate decay: False
Total number of clients: 10
Clients join in each round: 1.0
Clients randomly join: False
Client drop rate: 0.0
Client select regarding time: False
Running times: 1
Dataset: ag_news
Number of classes: 10
Backbone: distilbert
Using device: cuda
Using DP: False
Auto break: False
Global rounds: 50
Cuda device id: 0
DLG attack: False
Total number of new clients: 0
Fine tuning epoches on new clients: 0
==================================================

============= Running time: 0th =============
Creating server and clients ...
Loaded train data from ../dataset/ag_news/train/0.npz
Data length: 1
Loaded test data from ../dataset/ag_news/test/0.npz
Data length: 1
self.lora_params: {'rank': 16, 'alpha': 32, 'dropout': 0.0, 'lora_query': True, 'lora_key': True, 'lora_value': True, 'lora_projection': True, 'lora_mlp': True, 'lora_head': True}
Loaded train data from ../dataset/ag_news/train/1.npz
Data length: 1
Loaded test data from ../dataset/ag_news/test/1.npz
Data length: 1
self.lora_params: {'rank': 16, 'alpha': 32, 'dropout': 0.0, 'lora_query': True, 'lora_key': True, 'lora_value': True, 'lora_projection': True, 'lora_mlp': True, 'lora_head': True}
Loaded train data from ../dataset/ag_news/train/2.npz
Data length: 1
Loaded test data from ../dataset/ag_news/test/2.npz
Data length: 1
self.lora_params: {'rank': 16, 'alpha': 32, 'dropout': 0.0, 'lora_query': True, 'lora_key': True, 'lora_value': True, 'lora_projection': True, 'lora_mlp': True, 'lora_head': True}
Loaded train data from ../dataset/ag_news/train/3.npz
Data length: 1
Loaded test data from ../dataset/ag_news/test/3.npz
Data length: 1
self.lora_params: {'rank': 16, 'alpha': 32, 'dropout': 0.0, 'lora_query': True, 'lora_key': True, 'lora_value': True, 'lora_projection': True, 'lora_mlp': True, 'lora_head': True}
Loaded train data from ../dataset/ag_news/train/4.npz
Data length: 1
Loaded test data from ../dataset/ag_news/test/4.npz
Data length: 1
self.lora_params: {'rank': 16, 'alpha': 32, 'dropout': 0.0, 'lora_query': True, 'lora_key': True, 'lora_value': True, 'lora_projection': True, 'lora_mlp': True, 'lora_head': True}
Loaded train data from ../dataset/ag_news/train/5.npz
Data length: 1
Loaded test data from ../dataset/ag_news/test/5.npz
Data length: 1
self.lora_params: {'rank': 16, 'alpha': 32, 'dropout': 0.0, 'lora_query': True, 'lora_key': True, 'lora_value': True, 'lora_projection': True, 'lora_mlp': True, 'lora_head': True}
Loaded train data from ../dataset/ag_news/train/6.npz
Data length: 1
Loaded test data from ../dataset/ag_news/test/6.npz
Data length: 1
self.lora_params: {'rank': 16, 'alpha': 32, 'dropout': 0.0, 'lora_query': True, 'lora_key': True, 'lora_value': True, 'lora_projection': True, 'lora_mlp': True, 'lora_head': True}
Loaded train data from ../dataset/ag_news/train/7.npz
Data length: 1
Loaded test data from ../dataset/ag_news/test/7.npz
Data length: 1
self.lora_params: {'rank': 16, 'alpha': 32, 'dropout': 0.0, 'lora_query': True, 'lora_key': True, 'lora_value': True, 'lora_projection': True, 'lora_mlp': True, 'lora_head': True}
Loaded train data from ../dataset/ag_news/train/8.npz
Data length: 1
Loaded test data from ../dataset/ag_news/test/8.npz
Data length: 1
self.lora_params: {'rank': 16, 'alpha': 32, 'dropout': 0.0, 'lora_query': True, 'lora_key': True, 'lora_value': True, 'lora_projection': True, 'lora_mlp': True, 'lora_head': True}
Loaded train data from ../dataset/ag_news/train/9.npz
Data length: 1
Loaded test data from ../dataset/ag_news/test/9.npz
Data length: 1
self.lora_params: {'rank': 16, 'alpha': 32, 'dropout': 0.0, 'lora_query': True, 'lora_key': True, 'lora_value': True, 'lora_projection': True, 'lora_mlp': True, 'lora_head': True}

Join ratio / total clients: 1.0 / 10
Finished creating server and clients.

-------------Round number: 0-------------

Evaluate global model
Loaded test data from ../dataset/ag_news/test/0.npz
Data length: 1
metric.compute(): {'accuracy': 0.1702194357366771}
ct, ns, auc: 0.1702194357366771, 0, 0
Loaded test data from ../dataset/ag_news/test/1.npz
Data length: 1
metric.compute(): {'accuracy': 0.20564263322884013}
ct, ns, auc: 0.20564263322884013, 0, 0
Loaded test data from ../dataset/ag_news/test/2.npz
Data length: 1
metric.compute(): {'accuracy': 0.2579937304075235}
ct, ns, auc: 0.2579937304075235, 0, 0
Loaded test data from ../dataset/ag_news/test/3.npz
Data length: 1
metric.compute(): {'accuracy': 0.25329153605015675}
ct, ns, auc: 0.25329153605015675, 0, 0
Loaded test data from ../dataset/ag_news/test/4.npz
Data length: 1
metric.compute(): {'accuracy': 0.23448275862068965}
ct, ns, auc: 0.23448275862068965, 0, 0
Loaded test data from ../dataset/ag_news/test/5.npz
Data length: 1
metric.compute(): {'accuracy': 0.2394984326018809}
ct, ns, auc: 0.2394984326018809, 0, 0
Loaded test data from ../dataset/ag_news/test/6.npz
Data length: 1
metric.compute(): {'accuracy': 0.3047021943573668}
ct, ns, auc: 0.3047021943573668, 0, 0
Loaded test data from ../dataset/ag_news/test/7.npz
Data length: 1
metric.compute(): {'accuracy': 0.2589341692789969}
ct, ns, auc: 0.2589341692789969, 0, 0
Loaded test data from ../dataset/ag_news/test/8.npz
Data length: 1
metric.compute(): {'accuracy': 0.25203761755485893}
ct, ns, auc: 0.25203761755485893, 0, 0
Loaded test data from ../dataset/ag_news/test/9.npz
Data length: 1
metric.compute(): {'accuracy': 0.24200626959247648}
ct, ns, auc: 0.24200626959247648, 0, 0
ids: [0, 1, 2, 3, 4, 5, 6, 7, 8, 9]
stats[1]: [0, 0, 0, 0, 0, 0, 0, 0, 0, 0]
stats[2]: [0.1702194357366771, 0.20564263322884013, 0.2579937304075235, 0.25329153605015675, 0.23448275862068965, 0.2394984326018809, 0.3047021943573668, 0.2589341692789969, 0.25203761755485893, 0.24200626959247648]
stats[3]: [0, 0, 0, 0, 0, 0, 0, 0, 0, 0]
Averaged Test Accuracy: 0.2419
Averaged Test AUC: 0.0000
Std Test Accuracy: 0.0353
Std Test AUC: 0.0000
Loaded train data from ../dataset/ag_news/train/8.npz
Data length: 1
Time elapsed 0.40 min
Memory used: 41.32 GB
Loaded train data from ../dataset/ag_news/train/1.npz
Data length: 1
Time elapsed 0.35 min
Memory used: 41.32 GB
Loaded train data from ../dataset/ag_news/train/5.npz
Data length: 1
Time elapsed 0.36 min
Memory used: 41.32 GB
Loaded train data from ../dataset/ag_news/train/0.npz
Data length: 1
Time elapsed 0.37 min
Memory used: 41.32 GB
Loaded train data from ../dataset/ag_news/train/7.npz
Data length: 1
Time elapsed 0.39 min
Memory used: 41.32 GB
Loaded train data from ../dataset/ag_news/train/2.npz
Data length: 1
Time elapsed 0.34 min
Memory used: 41.32 GB
Loaded train data from ../dataset/ag_news/train/9.npz
Data length: 1
Time elapsed 0.35 min
Memory used: 41.32 GB
Loaded train data from ../dataset/ag_news/train/4.npz
Data length: 1
Time elapsed 0.39 min
Memory used: 41.32 GB
Loaded train data from ../dataset/ag_news/train/3.npz
Data length: 1
Time elapsed 0.34 min
Memory used: 41.32 GB
Loaded train data from ../dataset/ag_news/train/6.npz
Data length: 1
Time elapsed 0.34 min
Memory used: 41.32 GB
------------------------- time cost ------------------------- 304.86638379096985

-------------Round number: 1-------------

Evaluate global model
Loaded test data from ../dataset/ag_news/test/0.npz
Data length: 1
metric.compute(): {'accuracy': 0.21285266457680252}
ct, ns, auc: 0.21285266457680252, 0, 0
Loaded test data from ../dataset/ag_news/test/1.npz
Data length: 1
metric.compute(): {'accuracy': 0.20783699059561128}
ct, ns, auc: 0.20783699059561128, 0, 0
Loaded test data from ../dataset/ag_news/test/2.npz
Data length: 1
metric.compute(): {'accuracy': 0.2670846394984326}
ct, ns, auc: 0.2670846394984326, 0, 0
Loaded test data from ../dataset/ag_news/test/3.npz
Data length: 1
metric.compute(): {'accuracy': 0.2699059561128527}
ct, ns, auc: 0.2699059561128527, 0, 0
Loaded test data from ../dataset/ag_news/test/4.npz
Data length: 1
metric.compute(): {'accuracy': 0.27398119122257053}
ct, ns, auc: 0.27398119122257053, 0, 0
Loaded test data from ../dataset/ag_news/test/5.npz
Data length: 1
metric.compute(): {'accuracy': 0.2542319749216301}
ct, ns, auc: 0.2542319749216301, 0, 0
Loaded test data from ../dataset/ag_news/test/6.npz
Data length: 1
metric.compute(): {'accuracy': 0.245141065830721}
ct, ns, auc: 0.245141065830721, 0, 0
Loaded test data from ../dataset/ag_news/test/7.npz
Data length: 1
metric.compute(): {'accuracy': 0.2764890282131661}
ct, ns, auc: 0.2764890282131661, 0, 0
Loaded test data from ../dataset/ag_news/test/8.npz
Data length: 1
metric.compute(): {'accuracy': 0.2206896551724138}
ct, ns, auc: 0.2206896551724138, 0, 0
Loaded test data from ../dataset/ag_news/test/9.npz
Data length: 1
metric.compute(): {'accuracy': 0.245141065830721}
ct, ns, auc: 0.245141065830721, 0, 0
ids: [0, 1, 2, 3, 4, 5, 6, 7, 8, 9]
stats[1]: [0, 0, 0, 0, 0, 0, 0, 0, 0, 0]
stats[2]: [0.21285266457680252, 0.20783699059561128, 0.2670846394984326, 0.2699059561128527, 0.27398119122257053, 0.2542319749216301, 0.245141065830721, 0.2764890282131661, 0.2206896551724138, 0.245141065830721]
stats[3]: [0, 0, 0, 0, 0, 0, 0, 0, 0, 0]
Averaged Test Accuracy: 0.2473
Averaged Test AUC: 0.0000
Std Test Accuracy: 0.0258
Std Test AUC: 0.0000
Loaded train data from ../dataset/ag_news/train/2.npz
Data length: 1
Time elapsed 0.33 min
Memory used: 41.32 GB
Loaded train data from ../dataset/ag_news/train/1.npz
Data length: 1
Time elapsed 0.37 min
Memory used: 41.32 GB
Loaded train data from ../dataset/ag_news/train/3.npz
Data length: 1
Time elapsed 0.35 min
Memory used: 41.32 GB
Loaded train data from ../dataset/ag_news/train/9.npz
Data length: 1
Time elapsed 0.37 min
Memory used: 41.32 GB
Loaded train data from ../dataset/ag_news/train/0.npz
Data length: 1
Time elapsed 0.38 min
Memory used: 41.32 GB
Loaded train data from ../dataset/ag_news/train/5.npz
Data length: 1
Time elapsed 0.36 min
Memory used: 41.32 GB
Loaded train data from ../dataset/ag_news/train/4.npz
Data length: 1
Time elapsed 0.38 min
Memory used: 41.32 GB
Loaded train data from ../dataset/ag_news/train/8.npz
Data length: 1
Time elapsed 0.41 min
Memory used: 41.32 GB
Loaded train data from ../dataset/ag_news/train/6.npz
Data length: 1
Time elapsed 0.33 min
Memory used: 41.32 GB
Loaded train data from ../dataset/ag_news/train/7.npz
Data length: 1
Time elapsed 0.38 min
Memory used: 41.32 GB
------------------------- time cost ------------------------- 306.0761332511902

-------------Round number: 2-------------

Evaluate global model
Loaded test data from ../dataset/ag_news/test/0.npz
Data length: 1
metric.compute(): {'accuracy': 0.2768025078369906}
ct, ns, auc: 0.2768025078369906, 0, 0
Loaded test data from ../dataset/ag_news/test/1.npz
Data length: 1
metric.compute(): {'accuracy': 0.23699059561128527}
ct, ns, auc: 0.23699059561128527, 0, 0
Loaded test data from ../dataset/ag_news/test/2.npz
Data length: 1
metric.compute(): {'accuracy': 0.28244514106583074}
ct, ns, auc: 0.28244514106583074, 0, 0
Loaded test data from ../dataset/ag_news/test/3.npz
Data length: 1
metric.compute(): {'accuracy': 0.1664576802507837}
ct, ns, auc: 0.1664576802507837, 0, 0
Loaded test data from ../dataset/ag_news/test/4.npz
Data length: 1
metric.compute(): {'accuracy': 0.290282131661442}
ct, ns, auc: 0.290282131661442, 0, 0
Loaded test data from ../dataset/ag_news/test/5.npz
Data length: 1
metric.compute(): {'accuracy': 0.28495297805642633}
ct, ns, auc: 0.28495297805642633, 0, 0
Loaded test data from ../dataset/ag_news/test/6.npz
Data length: 1
metric.compute(): {'accuracy': 0.2987460815047022}
ct, ns, auc: 0.2987460815047022, 0, 0
Loaded test data from ../dataset/ag_news/test/7.npz
Data length: 1
metric.compute(): {'accuracy': 0.23573667711598745}
ct, ns, auc: 0.23573667711598745, 0, 0
Loaded test data from ../dataset/ag_news/test/8.npz
Data length: 1
metric.compute(): {'accuracy': 0.21316614420062696}
ct, ns, auc: 0.21316614420062696, 0, 0
Loaded test data from ../dataset/ag_news/test/9.npz
Data length: 1
metric.compute(): {'accuracy': 0.2438871473354232}
ct, ns, auc: 0.2438871473354232, 0, 0
ids: [0, 1, 2, 3, 4, 5, 6, 7, 8, 9]
stats[1]: [0, 0, 0, 0, 0, 0, 0, 0, 0, 0]
stats[2]: [0.2768025078369906, 0.23699059561128527, 0.28244514106583074, 0.1664576802507837, 0.290282131661442, 0.28495297805642633, 0.2987460815047022, 0.23573667711598745, 0.21316614420062696, 0.2438871473354232]
stats[3]: [0, 0, 0, 0, 0, 0, 0, 0, 0, 0]
Averaged Test Accuracy: 0.2529
Averaged Test AUC: 0.0000
Std Test Accuracy: 0.0417
Std Test AUC: 0.0000
Loaded train data from ../dataset/ag_news/train/8.npz
Data length: 1
Time elapsed 0.41 min
Memory used: 41.32 GB
Loaded train data from ../dataset/ag_news/train/9.npz
Data length: 1
Time elapsed 0.36 min
Memory used: 41.32 GB
Loaded train data from ../dataset/ag_news/train/7.npz
Data length: 1
Time elapsed 0.38 min
Memory used: 41.32 GB
Loaded train data from ../dataset/ag_news/train/3.npz
Data length: 1
Time elapsed 0.35 min
Memory used: 41.32 GB
Loaded train data from ../dataset/ag_news/train/5.npz
Data length: 1
Time elapsed 0.36 min
Memory used: 41.32 GB
Loaded train data from ../dataset/ag_news/train/4.npz
Data length: 1
Time elapsed 0.38 min
Memory used: 41.32 GB
Loaded train data from ../dataset/ag_news/train/0.npz
Data length: 1
Time elapsed 0.37 min
Memory used: 41.32 GB
Loaded train data from ../dataset/ag_news/train/2.npz
Data length: 1
Time elapsed 0.34 min
Memory used: 41.32 GB
Loaded train data from ../dataset/ag_news/train/1.npz
Data length: 1
Time elapsed 0.36 min
Memory used: 41.32 GB
Loaded train data from ../dataset/ag_news/train/6.npz
Data length: 1
Time elapsed 0.33 min
Memory used: 41.32 GB
------------------------- time cost ------------------------- 296.47963762283325

-------------Round number: 3-------------

Evaluate global model
Loaded test data from ../dataset/ag_news/test/0.npz
Data length: 1
metric.compute(): {'accuracy': 0.23636363636363636}
ct, ns, auc: 0.23636363636363636, 0, 0
Loaded test data from ../dataset/ag_news/test/1.npz
Data length: 1
metric.compute(): {'accuracy': 0.2761755485893417}
ct, ns, auc: 0.2761755485893417, 0, 0
Loaded test data from ../dataset/ag_news/test/2.npz
Data length: 1
metric.compute(): {'accuracy': 0.23103448275862068}
ct, ns, auc: 0.23103448275862068, 0, 0
Loaded test data from ../dataset/ag_news/test/3.npz
Data length: 1
metric.compute(): {'accuracy': 0.24420062695924766}
ct, ns, auc: 0.24420062695924766, 0, 0
Loaded test data from ../dataset/ag_news/test/4.npz
Data length: 1
metric.compute(): {'accuracy': 0.24357366771159875}
ct, ns, auc: 0.24357366771159875, 0, 0
Loaded test data from ../dataset/ag_news/test/5.npz
Data length: 1
metric.compute(): {'accuracy': 0.2394984326018809}
ct, ns, auc: 0.2394984326018809, 0, 0
Loaded test data from ../dataset/ag_news/test/6.npz
Data length: 1
metric.compute(): {'accuracy': 0.2561128526645768}
ct, ns, auc: 0.2561128526645768, 0, 0
Loaded test data from ../dataset/ag_news/test/7.npz
Data length: 1
metric.compute(): {'accuracy': 0.2476489028213166}
ct, ns, auc: 0.2476489028213166, 0, 0
Loaded test data from ../dataset/ag_news/test/8.npz
Data length: 1
metric.compute(): {'accuracy': 0.24545454545454545}
ct, ns, auc: 0.24545454545454545, 0, 0
Loaded test data from ../dataset/ag_news/test/9.npz
Data length: 1
metric.compute(): {'accuracy': 0.24670846394984325}
ct, ns, auc: 0.24670846394984325, 0, 0
ids: [0, 1, 2, 3, 4, 5, 6, 7, 8, 9]
stats[1]: [0, 0, 0, 0, 0, 0, 0, 0, 0, 0]
stats[2]: [0.23636363636363636, 0.2761755485893417, 0.23103448275862068, 0.24420062695924766, 0.24357366771159875, 0.2394984326018809, 0.2561128526645768, 0.2476489028213166, 0.24545454545454545, 0.24670846394984325]
stats[3]: [0, 0, 0, 0, 0, 0, 0, 0, 0, 0]
Averaged Test Accuracy: 0.2467
Averaged Test AUC: 0.0000
Std Test Accuracy: 0.0124
Std Test AUC: 0.0000
Loaded train data from ../dataset/ag_news/train/8.npz
Data length: 1
Time elapsed 0.41 min
Memory used: 41.32 GB
Loaded train data from ../dataset/ag_news/train/3.npz
Data length: 1
Time elapsed 0.35 min
Memory used: 41.32 GB
Loaded train data from ../dataset/ag_news/train/1.npz
Data length: 1
Time elapsed 0.36 min
Memory used: 41.32 GB
Loaded train data from ../dataset/ag_news/train/7.npz
Data length: 1
Time elapsed 0.38 min
Memory used: 41.32 GB
Loaded train data from ../dataset/ag_news/train/9.npz
Data length: 1
Time elapsed 0.36 min
Memory used: 41.32 GB
Loaded train data from ../dataset/ag_news/train/6.npz
Data length: 1
Time elapsed 0.34 min
Memory used: 41.32 GB
Loaded train data from ../dataset/ag_news/train/5.npz
Data length: 1
Time elapsed 0.35 min
Memory used: 41.32 GB
Loaded train data from ../dataset/ag_news/train/2.npz
Data length: 1
Time elapsed 0.34 min
Memory used: 41.32 GB
Loaded train data from ../dataset/ag_news/train/4.npz
Data length: 1
Time elapsed 0.39 min
Memory used: 41.32 GB
Loaded train data from ../dataset/ag_news/train/0.npz
Data length: 1
Time elapsed 0.37 min
Memory used: 41.32 GB
------------------------- time cost ------------------------- 294.51177501678467

-------------Round number: 4-------------

Evaluate global model
Loaded test data from ../dataset/ag_news/test/0.npz
Data length: 1
metric.compute(): {'accuracy': 0.23636363636363636}
ct, ns, auc: 0.23636363636363636, 0, 0
Loaded test data from ../dataset/ag_news/test/1.npz
Data length: 1
metric.compute(): {'accuracy': 0.27899686520376177}
ct, ns, auc: 0.27899686520376177, 0, 0
Loaded test data from ../dataset/ag_news/test/2.npz
Data length: 1
metric.compute(): {'accuracy': 0.2536050156739812}
ct, ns, auc: 0.2536050156739812, 0, 0
Loaded test data from ../dataset/ag_news/test/3.npz
Data length: 1
metric.compute(): {'accuracy': 0.254858934169279}
ct, ns, auc: 0.254858934169279, 0, 0
Loaded test data from ../dataset/ag_news/test/4.npz
Data length: 1
metric.compute(): {'accuracy': 0.24796238244514107}
ct, ns, auc: 0.24796238244514107, 0, 0
Loaded test data from ../dataset/ag_news/test/5.npz
Data length: 1
metric.compute(): {'accuracy': 0.24169278996865204}
ct, ns, auc: 0.24169278996865204, 0, 0
Loaded test data from ../dataset/ag_news/test/6.npz
Data length: 1
metric.compute(): {'accuracy': 0.2561128526645768}
ct, ns, auc: 0.2561128526645768, 0, 0
Loaded test data from ../dataset/ag_news/test/7.npz
Data length: 1
metric.compute(): {'accuracy': 0.26802507836990597}
ct, ns, auc: 0.26802507836990597, 0, 0
Loaded test data from ../dataset/ag_news/test/8.npz
Data length: 1
metric.compute(): {'accuracy': 0.24670846394984325}
ct, ns, auc: 0.24670846394984325, 0, 0
Loaded test data from ../dataset/ag_news/test/9.npz
Data length: 1
metric.compute(): {'accuracy': 0.25579937304075234}
ct, ns, auc: 0.25579937304075234, 0, 0
ids: [0, 1, 2, 3, 4, 5, 6, 7, 8, 9]
stats[1]: [0, 0, 0, 0, 0, 0, 0, 0, 0, 0]
stats[2]: [0.23636363636363636, 0.27899686520376177, 0.2536050156739812, 0.254858934169279, 0.24796238244514107, 0.24169278996865204, 0.2561128526645768, 0.26802507836990597, 0.24670846394984325, 0.25579937304075234]
stats[3]: [0, 0, 0, 0, 0, 0, 0, 0, 0, 0]
Averaged Test Accuracy: 0.2540
Averaged Test AUC: 0.0000
Std Test Accuracy: 0.0124
Std Test AUC: 0.0000
Loaded train data from ../dataset/ag_news/train/3.npz
Data length: 1
Time elapsed 0.34 min
Memory used: 41.32 GB
Loaded train data from ../dataset/ag_news/train/0.npz
Data length: 1
Time elapsed 0.37 min
Memory used: 41.32 GB
Loaded train data from ../dataset/ag_news/train/5.npz
Data length: 1
Time elapsed 0.36 min
Memory used: 41.32 GB
Loaded train data from ../dataset/ag_news/train/6.npz
Data length: 1
Time elapsed 0.34 min
Memory used: 41.32 GB
Loaded train data from ../dataset/ag_news/train/8.npz
Data length: 1
Time elapsed 0.40 min
Memory used: 41.32 GB
Loaded train data from ../dataset/ag_news/train/2.npz
Data length: 1
Time elapsed 0.34 min
Memory used: 41.32 GB
Loaded train data from ../dataset/ag_news/train/9.npz
Data length: 1
Time elapsed 0.36 min
Memory used: 41.32 GB
Loaded train data from ../dataset/ag_news/train/7.npz
Data length: 1
Time elapsed 0.38 min
Memory used: 41.32 GB
Loaded train data from ../dataset/ag_news/train/4.npz
Data length: 1
Time elapsed 0.38 min
Memory used: 41.32 GB
Loaded train data from ../dataset/ag_news/train/1.npz
Data length: 1
Time elapsed 0.35 min
Memory used: 41.32 GB
------------------------- time cost ------------------------- 294.59290742874146

-------------Round number: 5-------------

Evaluate global model
Loaded test data from ../dataset/ag_news/test/0.npz
Data length: 1
metric.compute(): {'accuracy': 0.23605015673981192}
ct, ns, auc: 0.23605015673981192, 0, 0
Loaded test data from ../dataset/ag_news/test/1.npz
Data length: 1
metric.compute(): {'accuracy': 0.23573667711598745}
ct, ns, auc: 0.23573667711598745, 0, 0
Loaded test data from ../dataset/ag_news/test/2.npz
Data length: 1
metric.compute(): {'accuracy': 0.254858934169279}
ct, ns, auc: 0.254858934169279, 0, 0
Loaded test data from ../dataset/ag_news/test/3.npz
Data length: 1
metric.compute(): {'accuracy': 0.24984326018808778}
ct, ns, auc: 0.24984326018808778, 0, 0
Loaded test data from ../dataset/ag_news/test/4.npz
Data length: 1
metric.compute(): {'accuracy': 0.2727272727272727}
ct, ns, auc: 0.2727272727272727, 0, 0
Loaded test data from ../dataset/ag_news/test/5.npz
Data length: 1
metric.compute(): {'accuracy': 0.26614420062695926}
ct, ns, auc: 0.26614420062695926, 0, 0
Loaded test data from ../dataset/ag_news/test/6.npz
Data length: 1
metric.compute(): {'accuracy': 0.25956112852664576}
ct, ns, auc: 0.25956112852664576, 0, 0
Loaded test data from ../dataset/ag_news/test/7.npz
Data length: 1
metric.compute(): {'accuracy': 0.25235109717868337}
ct, ns, auc: 0.25235109717868337, 0, 0
Loaded test data from ../dataset/ag_news/test/8.npz
Data length: 1
metric.compute(): {'accuracy': 0.24921630094043887}
ct, ns, auc: 0.24921630094043887, 0, 0
Loaded test data from ../dataset/ag_news/test/9.npz
Data length: 1
metric.compute(): {'accuracy': 0.24670846394984325}
ct, ns, auc: 0.24670846394984325, 0, 0
ids: [0, 1, 2, 3, 4, 5, 6, 7, 8, 9]
stats[1]: [0, 0, 0, 0, 0, 0, 0, 0, 0, 0]
stats[2]: [0.23605015673981192, 0.23573667711598745, 0.254858934169279, 0.24984326018808778, 0.2727272727272727, 0.26614420062695926, 0.25956112852664576, 0.25235109717868337, 0.24921630094043887, 0.24670846394984325]
stats[3]: [0, 0, 0, 0, 0, 0, 0, 0, 0, 0]
Averaged Test Accuracy: 0.2523
Averaged Test AUC: 0.0000
Std Test Accuracy: 0.0118
Std Test AUC: 0.0000
Loaded train data from ../dataset/ag_news/train/8.npz
Data length: 1
Time elapsed 0.41 min
Memory used: 41.32 GB
Loaded train data from ../dataset/ag_news/train/2.npz
Data length: 1
Time elapsed 0.33 min
Memory used: 41.32 GB
Loaded train data from ../dataset/ag_news/train/9.npz
Data length: 1
Time elapsed 0.36 min
Memory used: 41.32 GB
Loaded train data from ../dataset/ag_news/train/3.npz
Data length: 1
Time elapsed 0.34 min
Memory used: 41.32 GB
Loaded train data from ../dataset/ag_news/train/4.npz
Data length: 1
Time elapsed 0.39 min
Memory used: 41.32 GB
Loaded train data from ../dataset/ag_news/train/7.npz
Data length: 1
Time elapsed 0.37 min
Memory used: 41.32 GB
Loaded train data from ../dataset/ag_news/train/6.npz
Data length: 1
Time elapsed 0.33 min
Memory used: 41.32 GB
Loaded train data from ../dataset/ag_news/train/5.npz
Data length: 1
Time elapsed 0.36 min
Memory used: 41.32 GB
Loaded train data from ../dataset/ag_news/train/0.npz
Data length: 1
Time elapsed 0.37 min
Memory used: 41.32 GB
Loaded train data from ../dataset/ag_news/train/1.npz
Data length: 1
Time elapsed 0.36 min
Memory used: 41.32 GB
------------------------- time cost ------------------------- 293.180184841156

-------------Round number: 6-------------

Evaluate global model
Loaded test data from ../dataset/ag_news/test/0.npz
Data length: 1
metric.compute(): {'accuracy': 0.23667711598746083}
ct, ns, auc: 0.23667711598746083, 0, 0
Loaded test data from ../dataset/ag_news/test/1.npz
Data length: 1
metric.compute(): {'accuracy': 0.2827586206896552}
ct, ns, auc: 0.2827586206896552, 0, 0
Loaded test data from ../dataset/ag_news/test/2.npz
Data length: 1
metric.compute(): {'accuracy': 0.2554858934169279}
ct, ns, auc: 0.2554858934169279, 0, 0
Loaded test data from ../dataset/ag_news/test/3.npz
Data length: 1
metric.compute(): {'accuracy': 0.2567398119122257}
ct, ns, auc: 0.2567398119122257, 0, 0
Loaded test data from ../dataset/ag_news/test/4.npz
Data length: 1
metric.compute(): {'accuracy': 0.2730407523510972}
ct, ns, auc: 0.2730407523510972, 0, 0
Loaded test data from ../dataset/ag_news/test/5.npz
Data length: 1
metric.compute(): {'accuracy': 0.25391849529780564}
ct, ns, auc: 0.25391849529780564, 0, 0
Loaded test data from ../dataset/ag_news/test/6.npz
Data length: 1
metric.compute(): {'accuracy': 0.2263322884012539}
ct, ns, auc: 0.2263322884012539, 0, 0
Loaded test data from ../dataset/ag_news/test/7.npz
Data length: 1
metric.compute(): {'accuracy': 0.24670846394984325}
ct, ns, auc: 0.24670846394984325, 0, 0
Loaded test data from ../dataset/ag_news/test/8.npz
Data length: 1
metric.compute(): {'accuracy': 0.24294670846394983}
ct, ns, auc: 0.24294670846394983, 0, 0
Loaded test data from ../dataset/ag_news/test/9.npz
Data length: 1
metric.compute(): {'accuracy': 0.24200626959247648}
ct, ns, auc: 0.24200626959247648, 0, 0
ids: [0, 1, 2, 3, 4, 5, 6, 7, 8, 9]
stats[1]: [0, 0, 0, 0, 0, 0, 0, 0, 0, 0]
stats[2]: [0.23667711598746083, 0.2827586206896552, 0.2554858934169279, 0.2567398119122257, 0.2730407523510972, 0.25391849529780564, 0.2263322884012539, 0.24670846394984325, 0.24294670846394983, 0.24200626959247648]
stats[3]: [0, 0, 0, 0, 0, 0, 0, 0, 0, 0]
Averaged Test Accuracy: 0.2517
Averaged Test AUC: 0.0000
Std Test Accuracy: 0.0168
Std Test AUC: 0.0000
Loaded train data from ../dataset/ag_news/train/5.npz
Data length: 1
Time elapsed 0.35 min
Memory used: 41.32 GB
Loaded train data from ../dataset/ag_news/train/7.npz
Data length: 1
Time elapsed 0.39 min
Memory used: 41.32 GB
Loaded train data from ../dataset/ag_news/train/9.npz
Data length: 1
Time elapsed 0.36 min
Memory used: 41.32 GB
Loaded train data from ../dataset/ag_news/train/8.npz
Data length: 1
Time elapsed 0.40 min
Memory used: 41.32 GB
Loaded train data from ../dataset/ag_news/train/0.npz
Data length: 1
Time elapsed 0.38 min
Memory used: 41.32 GB
Loaded train data from ../dataset/ag_news/train/2.npz
Data length: 1
Time elapsed 0.34 min
Memory used: 41.32 GB
Loaded train data from ../dataset/ag_news/train/4.npz
Data length: 1
Time elapsed 0.38 min
Memory used: 41.32 GB
Loaded train data from ../dataset/ag_news/train/6.npz
Data length: 1
Time elapsed 0.33 min
Memory used: 41.32 GB
Loaded train data from ../dataset/ag_news/train/3.npz
Data length: 1
Time elapsed 0.35 min
Memory used: 41.32 GB
Loaded train data from ../dataset/ag_news/train/1.npz
Data length: 1
Time elapsed 0.36 min
Memory used: 41.32 GB
------------------------- time cost ------------------------- 295.1374373435974

-------------Round number: 7-------------

Evaluate global model
Loaded test data from ../dataset/ag_news/test/0.npz
Data length: 1
metric.compute(): {'accuracy': 0.23636363636363636}
ct, ns, auc: 0.23636363636363636, 0, 0
Loaded test data from ../dataset/ag_news/test/1.npz
Data length: 1
metric.compute(): {'accuracy': 0.2827586206896552}
ct, ns, auc: 0.2827586206896552, 0, 0
Loaded test data from ../dataset/ag_news/test/2.npz
Data length: 1
metric.compute(): {'accuracy': 0.25391849529780564}
ct, ns, auc: 0.25391849529780564, 0, 0
Loaded test data from ../dataset/ag_news/test/3.npz
Data length: 1
metric.compute(): {'accuracy': 0.2567398119122257}
ct, ns, auc: 0.2567398119122257, 0, 0
Loaded test data from ../dataset/ag_news/test/4.npz
Data length: 1
metric.compute(): {'accuracy': 0.2730407523510972}
ct, ns, auc: 0.2730407523510972, 0, 0
Loaded test data from ../dataset/ag_news/test/5.npz
Data length: 1
metric.compute(): {'accuracy': 0.25391849529780564}
ct, ns, auc: 0.25391849529780564, 0, 0
Loaded test data from ../dataset/ag_news/test/6.npz
Data length: 1
metric.compute(): {'accuracy': 0.2263322884012539}
ct, ns, auc: 0.2263322884012539, 0, 0
Loaded test data from ../dataset/ag_news/test/7.npz
Data length: 1
metric.compute(): {'accuracy': 0.24670846394984325}
ct, ns, auc: 0.24670846394984325, 0, 0
Loaded test data from ../dataset/ag_news/test/8.npz
Data length: 1
metric.compute(): {'accuracy': 0.24294670846394983}
ct, ns, auc: 0.24294670846394983, 0, 0
Loaded test data from ../dataset/ag_news/test/9.npz
Data length: 1
metric.compute(): {'accuracy': 0.24200626959247648}
ct, ns, auc: 0.24200626959247648, 0, 0
ids: [0, 1, 2, 3, 4, 5, 6, 7, 8, 9]
stats[1]: [0, 0, 0, 0, 0, 0, 0, 0, 0, 0]
stats[2]: [0.23636363636363636, 0.2827586206896552, 0.25391849529780564, 0.2567398119122257, 0.2730407523510972, 0.25391849529780564, 0.2263322884012539, 0.24670846394984325, 0.24294670846394983, 0.24200626959247648]
stats[3]: [0, 0, 0, 0, 0, 0, 0, 0, 0, 0]
Averaged Test Accuracy: 0.2515
Averaged Test AUC: 0.0000
Std Test Accuracy: 0.0168
Std Test AUC: 0.0000
Loaded train data from ../dataset/ag_news/train/3.npz
Data length: 1
Time elapsed 0.34 min
Memory used: 41.32 GB
Loaded train data from ../dataset/ag_news/train/5.npz
Data length: 1
Time elapsed 0.36 min
Memory used: 41.32 GB
Loaded train data from ../dataset/ag_news/train/2.npz
Data length: 1
Time elapsed 0.33 min
Memory used: 41.32 GB
Loaded train data from ../dataset/ag_news/train/6.npz
Data length: 1
Time elapsed 0.34 min
Memory used: 41.32 GB
Loaded train data from ../dataset/ag_news/train/0.npz
Data length: 1
Time elapsed 0.37 min
Memory used: 41.32 GB
Loaded train data from ../dataset/ag_news/train/1.npz
Data length: 1
Time elapsed 0.35 min
Memory used: 41.32 GB
Loaded train data from ../dataset/ag_news/train/7.npz
Data length: 1
Time elapsed 0.38 min
Memory used: 41.32 GB
Loaded train data from ../dataset/ag_news/train/8.npz
Data length: 1
Time elapsed 0.40 min
Memory used: 41.32 GB
Loaded train data from ../dataset/ag_news/train/9.npz
Data length: 1
Time elapsed 0.36 min
Memory used: 41.32 GB
Loaded train data from ../dataset/ag_news/train/4.npz
Data length: 1
Time elapsed 0.39 min
Memory used: 41.32 GB
------------------------- time cost ------------------------- 293.7052376270294

-------------Round number: 8-------------

Evaluate global model
Loaded test data from ../dataset/ag_news/test/0.npz
Data length: 1
metric.compute(): {'accuracy': 0.23667711598746083}
ct, ns, auc: 0.23667711598746083, 0, 0
Loaded test data from ../dataset/ag_news/test/1.npz
Data length: 1
metric.compute(): {'accuracy': 0.2827586206896552}
ct, ns, auc: 0.2827586206896552, 0, 0
Loaded test data from ../dataset/ag_news/test/2.npz
Data length: 1
metric.compute(): {'accuracy': 0.25579937304075234}
ct, ns, auc: 0.25579937304075234, 0, 0
Loaded test data from ../dataset/ag_news/test/3.npz
Data length: 1
metric.compute(): {'accuracy': 0.2567398119122257}
ct, ns, auc: 0.2567398119122257, 0, 0
Loaded test data from ../dataset/ag_news/test/4.npz
Data length: 1
metric.compute(): {'accuracy': 0.2730407523510972}
ct, ns, auc: 0.2730407523510972, 0, 0
Loaded test data from ../dataset/ag_news/test/5.npz
Data length: 1
metric.compute(): {'accuracy': 0.2542319749216301}
ct, ns, auc: 0.2542319749216301, 0, 0
Loaded test data from ../dataset/ag_news/test/6.npz
Data length: 1
metric.compute(): {'accuracy': 0.2263322884012539}
ct, ns, auc: 0.2263322884012539, 0, 0
Loaded test data from ../dataset/ag_news/test/7.npz
Data length: 1
metric.compute(): {'accuracy': 0.24702194357366772}
ct, ns, auc: 0.24702194357366772, 0, 0
Loaded test data from ../dataset/ag_news/test/8.npz
Data length: 1
metric.compute(): {'accuracy': 0.24294670846394983}
ct, ns, auc: 0.24294670846394983, 0, 0
Loaded test data from ../dataset/ag_news/test/9.npz
Data length: 1
metric.compute(): {'accuracy': 0.24200626959247648}
ct, ns, auc: 0.24200626959247648, 0, 0
ids: [0, 1, 2, 3, 4, 5, 6, 7, 8, 9]
stats[1]: [0, 0, 0, 0, 0, 0, 0, 0, 0, 0]
stats[2]: [0.23667711598746083, 0.2827586206896552, 0.25579937304075234, 0.2567398119122257, 0.2730407523510972, 0.2542319749216301, 0.2263322884012539, 0.24702194357366772, 0.24294670846394983, 0.24200626959247648]
stats[3]: [0, 0, 0, 0, 0, 0, 0, 0, 0, 0]
Averaged Test Accuracy: 0.2518
Averaged Test AUC: 0.0000
Std Test Accuracy: 0.0168
Std Test AUC: 0.0000
Loaded train data from ../dataset/ag_news/train/4.npz
Data length: 1
Time elapsed 0.39 min
Memory used: 41.32 GB
Loaded train data from ../dataset/ag_news/train/0.npz
Data length: 1
Time elapsed 0.37 min
Memory used: 41.32 GB
Loaded train data from ../dataset/ag_news/train/8.npz
Data length: 1
Time elapsed 0.39 min
Memory used: 41.32 GB
Loaded train data from ../dataset/ag_news/train/5.npz
Data length: 1
Time elapsed 0.36 min
Memory used: 41.32 GB
Loaded train data from ../dataset/ag_news/train/2.npz
Data length: 1
Time elapsed 0.34 min
Memory used: 41.32 GB
Loaded train data from ../dataset/ag_news/train/9.npz
Data length: 1
Time elapsed 0.37 min
Memory used: 41.32 GB
Loaded train data from ../dataset/ag_news/train/6.npz
Data length: 1
Time elapsed 0.34 min
Memory used: 41.32 GB
Loaded train data from ../dataset/ag_news/train/1.npz
Data length: 1
Time elapsed 0.36 min
Memory used: 41.32 GB
Loaded train data from ../dataset/ag_news/train/3.npz
Data length: 1
Time elapsed 0.35 min
Memory used: 41.32 GB
Loaded train data from ../dataset/ag_news/train/7.npz
Data length: 1
Time elapsed 0.39 min
Memory used: 41.32 GB
------------------------- time cost ------------------------- 295.55338764190674

-------------Round number: 9-------------

Evaluate global model
Loaded test data from ../dataset/ag_news/test/0.npz
Data length: 1
metric.compute(): {'accuracy': 0.23636363636363636}
ct, ns, auc: 0.23636363636363636, 0, 0
Loaded test data from ../dataset/ag_news/test/1.npz
Data length: 1
metric.compute(): {'accuracy': 0.2827586206896552}
ct, ns, auc: 0.2827586206896552, 0, 0
Loaded test data from ../dataset/ag_news/test/2.npz
Data length: 1
metric.compute(): {'accuracy': 0.2554858934169279}
ct, ns, auc: 0.2554858934169279, 0, 0
Loaded test data from ../dataset/ag_news/test/3.npz
Data length: 1
metric.compute(): {'accuracy': 0.2567398119122257}
ct, ns, auc: 0.2567398119122257, 0, 0
Loaded test data from ../dataset/ag_news/test/4.npz
Data length: 1
metric.compute(): {'accuracy': 0.2730407523510972}
ct, ns, auc: 0.2730407523510972, 0, 0
Loaded test data from ../dataset/ag_news/test/5.npz
Data length: 1
metric.compute(): {'accuracy': 0.25391849529780564}
ct, ns, auc: 0.25391849529780564, 0, 0
Loaded test data from ../dataset/ag_news/test/6.npz
Data length: 1
metric.compute(): {'accuracy': 0.2263322884012539}
ct, ns, auc: 0.2263322884012539, 0, 0
Loaded test data from ../dataset/ag_news/test/7.npz
Data length: 1
metric.compute(): {'accuracy': 0.24670846394984325}
ct, ns, auc: 0.24670846394984325, 0, 0
Loaded test data from ../dataset/ag_news/test/8.npz
Data length: 1
metric.compute(): {'accuracy': 0.24294670846394983}
ct, ns, auc: 0.24294670846394983, 0, 0
Loaded test data from ../dataset/ag_news/test/9.npz
Data length: 1
metric.compute(): {'accuracy': 0.24200626959247648}
ct, ns, auc: 0.24200626959247648, 0, 0
ids: [0, 1, 2, 3, 4, 5, 6, 7, 8, 9]
stats[1]: [0, 0, 0, 0, 0, 0, 0, 0, 0, 0]
stats[2]: [0.23636363636363636, 0.2827586206896552, 0.2554858934169279, 0.2567398119122257, 0.2730407523510972, 0.25391849529780564, 0.2263322884012539, 0.24670846394984325, 0.24294670846394983, 0.24200626959247648]
stats[3]: [0, 0, 0, 0, 0, 0, 0, 0, 0, 0]
Averaged Test Accuracy: 0.2516
Averaged Test AUC: 0.0000
Std Test Accuracy: 0.0168
Std Test AUC: 0.0000
Loaded train data from ../dataset/ag_news/train/7.npz
Data length: 1
Time elapsed 0.39 min
Memory used: 41.32 GB
Loaded train data from ../dataset/ag_news/train/0.npz
Data length: 1
Time elapsed 0.36 min
Memory used: 41.32 GB
Loaded train data from ../dataset/ag_news/train/6.npz
Data length: 1
Time elapsed 0.34 min
Memory used: 41.32 GB
Loaded train data from ../dataset/ag_news/train/5.npz
Data length: 1
Time elapsed 0.36 min
Memory used: 41.32 GB
Loaded train data from ../dataset/ag_news/train/9.npz
Data length: 1
Time elapsed 0.36 min
Memory used: 41.32 GB
Loaded train data from ../dataset/ag_news/train/1.npz
Data length: 1
Time elapsed 0.36 min
Memory used: 41.32 GB
Loaded train data from ../dataset/ag_news/train/3.npz
Data length: 1
Time elapsed 0.35 min
Memory used: 41.32 GB
Loaded train data from ../dataset/ag_news/train/2.npz
Data length: 1
Time elapsed 0.33 min
Memory used: 41.32 GB
Loaded train data from ../dataset/ag_news/train/4.npz
Data length: 1
Time elapsed 0.38 min
Memory used: 41.32 GB
Loaded train data from ../dataset/ag_news/train/8.npz
Data length: 1
Time elapsed 0.40 min
Memory used: 41.32 GB
------------------------- time cost ------------------------- 296.13458609580994

-------------Round number: 10-------------

Evaluate global model
Loaded test data from ../dataset/ag_news/test/0.npz
Data length: 1
metric.compute(): {'accuracy': 0.23636363636363636}
ct, ns, auc: 0.23636363636363636, 0, 0
Loaded test data from ../dataset/ag_news/test/1.npz
Data length: 1
metric.compute(): {'accuracy': 0.2827586206896552}
ct, ns, auc: 0.2827586206896552, 0, 0
Loaded test data from ../dataset/ag_news/test/2.npz
Data length: 1
metric.compute(): {'accuracy': 0.2554858934169279}
ct, ns, auc: 0.2554858934169279, 0, 0
Loaded test data from ../dataset/ag_news/test/3.npz
Data length: 1
metric.compute(): {'accuracy': 0.2567398119122257}
ct, ns, auc: 0.2567398119122257, 0, 0
Loaded test data from ../dataset/ag_news/test/4.npz
Data length: 1
metric.compute(): {'accuracy': 0.2730407523510972}
ct, ns, auc: 0.2730407523510972, 0, 0
Loaded test data from ../dataset/ag_news/test/5.npz
Data length: 1
metric.compute(): {'accuracy': 0.25391849529780564}
ct, ns, auc: 0.25391849529780564, 0, 0
Loaded test data from ../dataset/ag_news/test/6.npz
Data length: 1
metric.compute(): {'accuracy': 0.2263322884012539}
ct, ns, auc: 0.2263322884012539, 0, 0
Loaded test data from ../dataset/ag_news/test/7.npz
Data length: 1
metric.compute(): {'accuracy': 0.24670846394984325}
ct, ns, auc: 0.24670846394984325, 0, 0
Loaded test data from ../dataset/ag_news/test/8.npz
Data length: 1
metric.compute(): {'accuracy': 0.24294670846394983}
ct, ns, auc: 0.24294670846394983, 0, 0
Loaded test data from ../dataset/ag_news/test/9.npz
Data length: 1
metric.compute(): {'accuracy': 0.24200626959247648}
ct, ns, auc: 0.24200626959247648, 0, 0
ids: [0, 1, 2, 3, 4, 5, 6, 7, 8, 9]
stats[1]: [0, 0, 0, 0, 0, 0, 0, 0, 0, 0]
stats[2]: [0.23636363636363636, 0.2827586206896552, 0.2554858934169279, 0.2567398119122257, 0.2730407523510972, 0.25391849529780564, 0.2263322884012539, 0.24670846394984325, 0.24294670846394983, 0.24200626959247648]
stats[3]: [0, 0, 0, 0, 0, 0, 0, 0, 0, 0]
Averaged Test Accuracy: 0.2516
Averaged Test AUC: 0.0000
Std Test Accuracy: 0.0168
Std Test AUC: 0.0000
Loaded train data from ../dataset/ag_news/train/1.npz
Data length: 1
Time elapsed 0.36 min
Memory used: 41.32 GB
Loaded train data from ../dataset/ag_news/train/3.npz
Data length: 1
Time elapsed 0.35 min
Memory used: 41.32 GB
Loaded train data from ../dataset/ag_news/train/0.npz
Data length: 1
Time elapsed 0.37 min
Memory used: 41.32 GB
Loaded train data from ../dataset/ag_news/train/6.npz
Data length: 1
Time elapsed 0.34 min
Memory used: 41.32 GB
Loaded train data from ../dataset/ag_news/train/2.npz
Data length: 1
Time elapsed 0.34 min
Memory used: 41.32 GB
Loaded train data from ../dataset/ag_news/train/4.npz
Data length: 1
Time elapsed 0.38 min
Memory used: 41.32 GB
Loaded train data from ../dataset/ag_news/train/8.npz
Data length: 1
Time elapsed 0.40 min
Memory used: 41.32 GB
Loaded train data from ../dataset/ag_news/train/7.npz
Data length: 1
Time elapsed 0.38 min
Memory used: 41.32 GB
Loaded train data from ../dataset/ag_news/train/9.npz
Data length: 1
Time elapsed 0.36 min
Memory used: 41.32 GB
Loaded train data from ../dataset/ag_news/train/5.npz
Data length: 1
Time elapsed 0.36 min
Memory used: 41.32 GB
------------------------- time cost ------------------------- 295.4210293292999

-------------Round number: 11-------------

Evaluate global model
Loaded test data from ../dataset/ag_news/test/0.npz
Data length: 1
metric.compute(): {'accuracy': 0.23385579937304074}
ct, ns, auc: 0.23385579937304074, 0, 0
Loaded test data from ../dataset/ag_news/test/1.npz
Data length: 1
metric.compute(): {'accuracy': 0.20532915360501566}
ct, ns, auc: 0.20532915360501566, 0, 0
Loaded test data from ../dataset/ag_news/test/2.npz
Data length: 1
metric.compute(): {'accuracy': 0.261128526645768}
ct, ns, auc: 0.261128526645768, 0, 0
Loaded test data from ../dataset/ag_news/test/3.npz
Data length: 1
metric.compute(): {'accuracy': 0.2567398119122257}
ct, ns, auc: 0.2567398119122257, 0, 0
Loaded test data from ../dataset/ag_news/test/4.npz
Data length: 1
metric.compute(): {'accuracy': 0.235423197492163}
ct, ns, auc: 0.235423197492163, 0, 0
Loaded test data from ../dataset/ag_news/test/5.npz
Data length: 1
metric.compute(): {'accuracy': 0.26677115987460814}
ct, ns, auc: 0.26677115987460814, 0, 0
Loaded test data from ../dataset/ag_news/test/6.npz
Data length: 1
metric.compute(): {'accuracy': 0.2589341692789969}
ct, ns, auc: 0.2589341692789969, 0, 0
Loaded test data from ../dataset/ag_news/test/7.npz
Data length: 1
metric.compute(): {'accuracy': 0.25329153605015675}
ct, ns, auc: 0.25329153605015675, 0, 0
Loaded test data from ../dataset/ag_news/test/8.npz
Data length: 1
metric.compute(): {'accuracy': 0.24890282131661443}
ct, ns, auc: 0.24890282131661443, 0, 0
Loaded test data from ../dataset/ag_news/test/9.npz
Data length: 1
metric.compute(): {'accuracy': 0.25391849529780564}
ct, ns, auc: 0.25391849529780564, 0, 0
ids: [0, 1, 2, 3, 4, 5, 6, 7, 8, 9]
stats[1]: [0, 0, 0, 0, 0, 0, 0, 0, 0, 0]
stats[2]: [0.23385579937304074, 0.20532915360501566, 0.261128526645768, 0.2567398119122257, 0.235423197492163, 0.26677115987460814, 0.2589341692789969, 0.25329153605015675, 0.24890282131661443, 0.25391849529780564]
stats[3]: [0, 0, 0, 0, 0, 0, 0, 0, 0, 0]
Averaged Test Accuracy: 0.2474
Averaged Test AUC: 0.0000
Std Test Accuracy: 0.0181
Std Test AUC: 0.0000
Loaded train data from ../dataset/ag_news/train/5.npz
Data length: 1
Time elapsed 0.35 min
Memory used: 41.32 GB
Loaded train data from ../dataset/ag_news/train/7.npz
Data length: 1
Time elapsed 0.38 min
Memory used: 41.32 GB
Loaded train data from ../dataset/ag_news/train/1.npz
Data length: 1
Time elapsed 0.36 min
Memory used: 41.32 GB
Loaded train data from ../dataset/ag_news/train/4.npz
Data length: 1
Time elapsed 0.38 min
Memory used: 41.32 GB
Loaded train data from ../dataset/ag_news/train/6.npz
Data length: 1
Time elapsed 0.34 min
Memory used: 41.32 GB
Loaded train data from ../dataset/ag_news/train/2.npz
Data length: 1
Time elapsed 0.34 min
Memory used: 41.32 GB
Loaded train data from ../dataset/ag_news/train/3.npz
Data length: 1
Time elapsed 0.35 min
Memory used: 41.32 GB
Loaded train data from ../dataset/ag_news/train/9.npz
Data length: 1
Time elapsed 0.36 min
Memory used: 41.32 GB
Loaded train data from ../dataset/ag_news/train/0.npz
Data length: 1
Time elapsed 0.37 min
Memory used: 41.32 GB
Loaded train data from ../dataset/ag_news/train/8.npz
Data length: 1
