GPU details saved to $output_file
__CUDA Device Total Memory [GB]: 42.297786368
args.dataset: ag_news
args.num_labels: 4
==================================================
Personalized Federated Learning: True
Uniform Weight: False
Normalized Rank: False
Normalized Alpha: False
lora_rank: 1
lora_alpha: 1
lora_dropout: 0.0
lora_query: True
lora_key: True
lora_value: True
lora_projection: True
lora_mlp: True
lora_head: True
aa_bottleneck_reduction: 1
aa_text: False
aa_vision: False
ca_bottleneck_reduction: 4
ca_text: False
ca_vision: False
Seed: 42
Algorithm: flora
Local batch size: 128
Local epochs: 1
Local learing rate: 0.0001
Local learing rate decay: False
Total number of clients: 10
Clients join in each round: 1.0
Clients randomly join: False
Client drop rate: 0.0
Client select regarding time: False
Running times: 1
Dataset: ag_news
Number of classes: 10
Backbone: distilbert
Using device: cuda
Using DP: False
Auto break: False
Global rounds: 100
Cuda device id: 0
DLG attack: False
Total number of new clients: 0
Fine tuning epoches on new clients: 0
==================================================

============= Running time: 0th =============
Creating server and clients ...
Loaded train data from ../dataset/ag_news/train/0.npz
Data length: 1
Loaded test data from ../dataset/ag_news/test/0.npz
Data length: 1
self.lora_params: {'rank': 1, 'alpha': 1, 'dropout': 0.0, 'lora_query': True, 'lora_key': True, 'lora_value': True, 'lora_projection': True, 'lora_mlp': True, 'lora_head': True}
Loaded train data from ../dataset/ag_news/train/1.npz
Data length: 1
Loaded test data from ../dataset/ag_news/test/1.npz
Data length: 1
self.lora_params: {'rank': 1, 'alpha': 1, 'dropout': 0.0, 'lora_query': True, 'lora_key': True, 'lora_value': True, 'lora_projection': True, 'lora_mlp': True, 'lora_head': True}
Loaded train data from ../dataset/ag_news/train/2.npz
Data length: 1
Loaded test data from ../dataset/ag_news/test/2.npz
Data length: 1
self.lora_params: {'rank': 1, 'alpha': 1, 'dropout': 0.0, 'lora_query': True, 'lora_key': True, 'lora_value': True, 'lora_projection': True, 'lora_mlp': True, 'lora_head': True}
Loaded train data from ../dataset/ag_news/train/3.npz
Data length: 1
Loaded test data from ../dataset/ag_news/test/3.npz
Data length: 1
self.lora_params: {'rank': 1, 'alpha': 1, 'dropout': 0.0, 'lora_query': True, 'lora_key': True, 'lora_value': True, 'lora_projection': True, 'lora_mlp': True, 'lora_head': True}
Loaded train data from ../dataset/ag_news/train/4.npz
Data length: 1
Loaded test data from ../dataset/ag_news/test/4.npz
Data length: 1
self.lora_params: {'rank': 1, 'alpha': 1, 'dropout': 0.0, 'lora_query': True, 'lora_key': True, 'lora_value': True, 'lora_projection': True, 'lora_mlp': True, 'lora_head': True}
Loaded train data from ../dataset/ag_news/train/5.npz
Data length: 1
Loaded test data from ../dataset/ag_news/test/5.npz
Data length: 1
self.lora_params: {'rank': 1, 'alpha': 1, 'dropout': 0.0, 'lora_query': True, 'lora_key': True, 'lora_value': True, 'lora_projection': True, 'lora_mlp': True, 'lora_head': True}
Loaded train data from ../dataset/ag_news/train/6.npz
Data length: 1
Loaded test data from ../dataset/ag_news/test/6.npz
Data length: 1
self.lora_params: {'rank': 1, 'alpha': 1, 'dropout': 0.0, 'lora_query': True, 'lora_key': True, 'lora_value': True, 'lora_projection': True, 'lora_mlp': True, 'lora_head': True}
Loaded train data from ../dataset/ag_news/train/7.npz
Data length: 1
Loaded test data from ../dataset/ag_news/test/7.npz
Data length: 1
self.lora_params: {'rank': 1, 'alpha': 1, 'dropout': 0.0, 'lora_query': True, 'lora_key': True, 'lora_value': True, 'lora_projection': True, 'lora_mlp': True, 'lora_head': True}
Loaded train data from ../dataset/ag_news/train/8.npz
Data length: 1
Loaded test data from ../dataset/ag_news/test/8.npz
Data length: 1
self.lora_params: {'rank': 1, 'alpha': 1, 'dropout': 0.0, 'lora_query': True, 'lora_key': True, 'lora_value': True, 'lora_projection': True, 'lora_mlp': True, 'lora_head': True}
Loaded train data from ../dataset/ag_news/train/9.npz
Data length: 1
Loaded test data from ../dataset/ag_news/test/9.npz
Data length: 1
self.lora_params: {'rank': 1, 'alpha': 1, 'dropout': 0.0, 'lora_query': True, 'lora_key': True, 'lora_value': True, 'lora_projection': True, 'lora_mlp': True, 'lora_head': True}

Join ratio / total clients: 1.0 / 10
Finished creating server and clients.

-------------Round number: 0-------------

Evaluate global model
Loaded test data from ../dataset/ag_news/test/0.npz
Data length: 1
metric.compute(): {'accuracy': 0.20595611285266457}
ct, ns, auc: 0.20595611285266457, 0, 0
Loaded test data from ../dataset/ag_news/test/1.npz
Data length: 1
metric.compute(): {'accuracy': 0.3463949843260188}
ct, ns, auc: 0.3463949843260188, 0, 0
Loaded test data from ../dataset/ag_news/test/2.npz
Data length: 1
metric.compute(): {'accuracy': 0.2482758620689655}
ct, ns, auc: 0.2482758620689655, 0, 0
Loaded test data from ../dataset/ag_news/test/3.npz
Data length: 1
metric.compute(): {'accuracy': 0.27523510971786835}
ct, ns, auc: 0.27523510971786835, 0, 0
Loaded test data from ../dataset/ag_news/test/4.npz
Data length: 1
metric.compute(): {'accuracy': 0.24796238244514107}
ct, ns, auc: 0.24796238244514107, 0, 0
Loaded test data from ../dataset/ag_news/test/5.npz
Data length: 1
metric.compute(): {'accuracy': 0.21253918495297805}
ct, ns, auc: 0.21253918495297805, 0, 0
Loaded test data from ../dataset/ag_news/test/6.npz
Data length: 1
metric.compute(): {'accuracy': 0.2608150470219436}
ct, ns, auc: 0.2608150470219436, 0, 0
Loaded test data from ../dataset/ag_news/test/7.npz
Data length: 1
metric.compute(): {'accuracy': 0.2482758620689655}
ct, ns, auc: 0.2482758620689655, 0, 0
Loaded test data from ../dataset/ag_news/test/8.npz
Data length: 1
metric.compute(): {'accuracy': 0.24294670846394983}
ct, ns, auc: 0.24294670846394983, 0, 0
Loaded test data from ../dataset/ag_news/test/9.npz
Data length: 1
metric.compute(): {'accuracy': 0.22884012539184953}
ct, ns, auc: 0.22884012539184953, 0, 0
ids: [0, 1, 2, 3, 4, 5, 6, 7, 8, 9]
stats[1]: [0, 0, 0, 0, 0, 0, 0, 0, 0, 0]
stats[2]: [0.20595611285266457, 0.3463949843260188, 0.2482758620689655, 0.27523510971786835, 0.24796238244514107, 0.21253918495297805, 0.2608150470219436, 0.2482758620689655, 0.24294670846394983, 0.22884012539184953]
stats[3]: [0, 0, 0, 0, 0, 0, 0, 0, 0, 0]
Averaged Test Accuracy: 0.2517
Averaged Test AUC: 0.0000
Std Test Accuracy: 0.0393
Std Test AUC: 0.0000
Loaded train data from ../dataset/ag_news/train/8.npz
Data length: 1
Time elapsed 0.40 min
Memory used: 33.11 GB
Loaded train data from ../dataset/ag_news/train/1.npz
Data length: 1
Time elapsed 0.35 min
Memory used: 33.11 GB
Loaded train data from ../dataset/ag_news/train/5.npz
Data length: 1
Time elapsed 0.35 min
Memory used: 33.11 GB
Loaded train data from ../dataset/ag_news/train/0.npz
Data length: 1
Time elapsed 0.36 min
Memory used: 33.11 GB
Loaded train data from ../dataset/ag_news/train/7.npz
Data length: 1
Time elapsed 0.38 min
Memory used: 33.12 GB
Loaded train data from ../dataset/ag_news/train/2.npz
Data length: 1
Time elapsed 0.34 min
Memory used: 33.12 GB
Loaded train data from ../dataset/ag_news/train/9.npz
Data length: 1
Time elapsed 0.35 min
Memory used: 33.12 GB
Loaded train data from ../dataset/ag_news/train/4.npz
Data length: 1
Time elapsed 0.39 min
Memory used: 41.52 GB
Loaded train data from ../dataset/ag_news/train/3.npz
Data length: 1
Time elapsed 0.34 min
Memory used: 41.52 GB
Loaded train data from ../dataset/ag_news/train/6.npz
Data length: 1
Time elapsed 0.34 min
Memory used: 41.52 GB
------------------------- time cost ------------------------- 295.13486766815186

-------------Round number: 1-------------

Evaluate global model
Loaded test data from ../dataset/ag_news/test/0.npz
Data length: 1
metric.compute(): {'accuracy': 0.284012539184953}
ct, ns, auc: 0.284012539184953, 0, 0
Loaded test data from ../dataset/ag_news/test/1.npz
Data length: 1
metric.compute(): {'accuracy': 0.4833855799373041}
ct, ns, auc: 0.4833855799373041, 0, 0
Loaded test data from ../dataset/ag_news/test/2.npz
Data length: 1
metric.compute(): {'accuracy': 0.5134796238244514}
ct, ns, auc: 0.5134796238244514, 0, 0
Loaded test data from ../dataset/ag_news/test/3.npz
Data length: 1
metric.compute(): {'accuracy': 0.4789968652037618}
ct, ns, auc: 0.4789968652037618, 0, 0
Loaded test data from ../dataset/ag_news/test/4.npz
Data length: 1
metric.compute(): {'accuracy': 0.47836990595611284}
ct, ns, auc: 0.47836990595611284, 0, 0
Loaded test data from ../dataset/ag_news/test/5.npz
Data length: 1
metric.compute(): {'accuracy': 0.4379310344827586}
ct, ns, auc: 0.4379310344827586, 0, 0
Loaded test data from ../dataset/ag_news/test/6.npz
Data length: 1
metric.compute(): {'accuracy': 0.4993730407523511}
ct, ns, auc: 0.4993730407523511, 0, 0
Loaded test data from ../dataset/ag_news/test/7.npz
Data length: 1
metric.compute(): {'accuracy': 0.3670846394984326}
ct, ns, auc: 0.3670846394984326, 0, 0
Loaded test data from ../dataset/ag_news/test/8.npz
Data length: 1
metric.compute(): {'accuracy': 0.27774294670846394}
ct, ns, auc: 0.27774294670846394, 0, 0
Loaded test data from ../dataset/ag_news/test/9.npz
Data length: 1
metric.compute(): {'accuracy': 0.4877742946708464}
ct, ns, auc: 0.4877742946708464, 0, 0
ids: [0, 1, 2, 3, 4, 5, 6, 7, 8, 9]
stats[1]: [0, 0, 0, 0, 0, 0, 0, 0, 0, 0]
stats[2]: [0.284012539184953, 0.4833855799373041, 0.5134796238244514, 0.4789968652037618, 0.47836990595611284, 0.4379310344827586, 0.4993730407523511, 0.3670846394984326, 0.27774294670846394, 0.4877742946708464]
stats[3]: [0, 0, 0, 0, 0, 0, 0, 0, 0, 0]
Averaged Test Accuracy: 0.4308
Averaged Test AUC: 0.0000
Std Test Accuracy: 0.0890
Std Test AUC: 0.0000
Loaded train data from ../dataset/ag_news/train/2.npz
Data length: 1
Time elapsed 0.44 min
Memory used: 41.52 GB
Loaded train data from ../dataset/ag_news/train/1.npz
Data length: 1
Time elapsed 0.50 min
Memory used: 41.52 GB
Loaded train data from ../dataset/ag_news/train/3.npz
Data length: 1
Time elapsed 0.46 min
Memory used: 41.52 GB
Loaded train data from ../dataset/ag_news/train/9.npz
Data length: 1
Time elapsed 0.37 min
Memory used: 41.52 GB
Loaded train data from ../dataset/ag_news/train/0.npz
Data length: 1
Time elapsed 0.37 min
Memory used: 41.52 GB
Loaded train data from ../dataset/ag_news/train/5.npz
Data length: 1
Time elapsed 0.35 min
Memory used: 41.52 GB
Loaded train data from ../dataset/ag_news/train/4.npz
Data length: 1
Time elapsed 0.38 min
Memory used: 41.52 GB
Loaded train data from ../dataset/ag_news/train/8.npz
Data length: 1
Time elapsed 0.38 min
Memory used: 41.52 GB
Loaded train data from ../dataset/ag_news/train/6.npz
Data length: 1
Time elapsed 0.33 min
Memory used: 41.52 GB
Loaded train data from ../dataset/ag_news/train/7.npz
Data length: 1
Time elapsed 0.37 min
Memory used: 41.52 GB
------------------------- time cost ------------------------- 323.42591619491577

-------------Round number: 2-------------

Evaluate global model
Loaded test data from ../dataset/ag_news/test/0.npz
Data length: 1
metric.compute(): {'accuracy': 0.6492163009404389}
ct, ns, auc: 0.6492163009404389, 0, 0
Loaded test data from ../dataset/ag_news/test/1.npz
Data length: 1
metric.compute(): {'accuracy': 0.6184952978056426}
ct, ns, auc: 0.6184952978056426, 0, 0
Loaded test data from ../dataset/ag_news/test/2.npz
Data length: 1
metric.compute(): {'accuracy': 0.8294670846394985}
ct, ns, auc: 0.8294670846394985, 0, 0
Loaded test data from ../dataset/ag_news/test/3.npz
Data length: 1
metric.compute(): {'accuracy': 0.6890282131661442}
ct, ns, auc: 0.6890282131661442, 0, 0
Loaded test data from ../dataset/ag_news/test/4.npz
Data length: 1
metric.compute(): {'accuracy': 0.8507836990595611}
ct, ns, auc: 0.8507836990595611, 0, 0
Loaded test data from ../dataset/ag_news/test/5.npz
Data length: 1
metric.compute(): {'accuracy': 0.8398119122257053}
ct, ns, auc: 0.8398119122257053, 0, 0
Loaded test data from ../dataset/ag_news/test/6.npz
Data length: 1
metric.compute(): {'accuracy': 0.8752351097178683}
ct, ns, auc: 0.8752351097178683, 0, 0
Loaded test data from ../dataset/ag_news/test/7.npz
Data length: 1
metric.compute(): {'accuracy': 0.7053291536050157}
ct, ns, auc: 0.7053291536050157, 0, 0
Loaded test data from ../dataset/ag_news/test/8.npz
Data length: 1
metric.compute(): {'accuracy': 0.7420062695924765}
ct, ns, auc: 0.7420062695924765, 0, 0
Loaded test data from ../dataset/ag_news/test/9.npz
Data length: 1
metric.compute(): {'accuracy': 0.8072100313479624}
ct, ns, auc: 0.8072100313479624, 0, 0
ids: [0, 1, 2, 3, 4, 5, 6, 7, 8, 9]
stats[1]: [0, 0, 0, 0, 0, 0, 0, 0, 0, 0]
stats[2]: [0.6492163009404389, 0.6184952978056426, 0.8294670846394985, 0.6890282131661442, 0.8507836990595611, 0.8398119122257053, 0.8752351097178683, 0.7053291536050157, 0.7420062695924765, 0.8072100313479624]
stats[3]: [0, 0, 0, 0, 0, 0, 0, 0, 0, 0]
Averaged Test Accuracy: 0.7607
Averaged Test AUC: 0.0000
Std Test Accuracy: 0.0916
Std Test AUC: 0.0000
Loaded train data from ../dataset/ag_news/train/8.npz
Data length: 1
Time elapsed 0.39 min
Memory used: 41.52 GB
Loaded train data from ../dataset/ag_news/train/9.npz
Data length: 1
Time elapsed 0.35 min
Memory used: 41.52 GB
Loaded train data from ../dataset/ag_news/train/7.npz
Data length: 1
Time elapsed 0.38 min
Memory used: 41.52 GB
Loaded train data from ../dataset/ag_news/train/3.npz
Data length: 1
Time elapsed 0.34 min
Memory used: 41.52 GB
Loaded train data from ../dataset/ag_news/train/5.npz
Data length: 1
Time elapsed 0.36 min
Memory used: 41.52 GB
Loaded train data from ../dataset/ag_news/train/4.npz
Data length: 1
Time elapsed 0.37 min
Memory used: 41.52 GB
Loaded train data from ../dataset/ag_news/train/0.npz
Data length: 1
Time elapsed 0.37 min
Memory used: 41.52 GB
Loaded train data from ../dataset/ag_news/train/2.npz
Data length: 1
Time elapsed 0.33 min
Memory used: 41.52 GB
Loaded train data from ../dataset/ag_news/train/1.npz
Data length: 1
Time elapsed 0.35 min
Memory used: 41.52 GB
Loaded train data from ../dataset/ag_news/train/6.npz
Data length: 1
Time elapsed 0.33 min
Memory used: 41.52 GB
------------------------- time cost ------------------------- 290.3653836250305

-------------Round number: 3-------------

Evaluate global model
Loaded test data from ../dataset/ag_news/test/0.npz
Data length: 1
metric.compute(): {'accuracy': 0.7664576802507836}
ct, ns, auc: 0.7664576802507836, 0, 0
Loaded test data from ../dataset/ag_news/test/1.npz
Data length: 1
metric.compute(): {'accuracy': 0.8156739811912226}
ct, ns, auc: 0.8156739811912226, 0, 0
Loaded test data from ../dataset/ag_news/test/2.npz
Data length: 1
metric.compute(): {'accuracy': 0.8880877742946709}
ct, ns, auc: 0.8880877742946709, 0, 0
Loaded test data from ../dataset/ag_news/test/3.npz
Data length: 1
metric.compute(): {'accuracy': 0.8551724137931035}
ct, ns, auc: 0.8551724137931035, 0, 0
Loaded test data from ../dataset/ag_news/test/4.npz
Data length: 1
metric.compute(): {'accuracy': 0.8852664576802508}
ct, ns, auc: 0.8852664576802508, 0, 0
Loaded test data from ../dataset/ag_news/test/5.npz
Data length: 1
metric.compute(): {'accuracy': 0.8905956112852664}
ct, ns, auc: 0.8905956112852664, 0, 0
Loaded test data from ../dataset/ag_news/test/6.npz
Data length: 1
metric.compute(): {'accuracy': 0.9090909090909091}
ct, ns, auc: 0.9090909090909091, 0, 0
Loaded test data from ../dataset/ag_news/test/7.npz
Data length: 1
metric.compute(): {'accuracy': 0.8203761755485893}
ct, ns, auc: 0.8203761755485893, 0, 0
Loaded test data from ../dataset/ag_news/test/8.npz
Data length: 1
metric.compute(): {'accuracy': 0.8799373040752351}
ct, ns, auc: 0.8799373040752351, 0, 0
Loaded test data from ../dataset/ag_news/test/9.npz
Data length: 1
metric.compute(): {'accuracy': 0.8526645768025078}
ct, ns, auc: 0.8526645768025078, 0, 0
ids: [0, 1, 2, 3, 4, 5, 6, 7, 8, 9]
stats[1]: [0, 0, 0, 0, 0, 0, 0, 0, 0, 0]
stats[2]: [0.7664576802507836, 0.8156739811912226, 0.8880877742946709, 0.8551724137931035, 0.8852664576802508, 0.8905956112852664, 0.9090909090909091, 0.8203761755485893, 0.8799373040752351, 0.8526645768025078]
stats[3]: [0, 0, 0, 0, 0, 0, 0, 0, 0, 0]
Averaged Test Accuracy: 0.8563
Averaged Test AUC: 0.0000
Std Test Accuracy: 0.0440
Std Test AUC: 0.0000
Loaded train data from ../dataset/ag_news/train/8.npz
Data length: 1
Time elapsed 0.40 min
Memory used: 41.52 GB
Loaded train data from ../dataset/ag_news/train/3.npz
Data length: 1
Time elapsed 0.35 min
Memory used: 41.52 GB
Loaded train data from ../dataset/ag_news/train/1.npz
Data length: 1
Time elapsed 0.35 min
Memory used: 41.52 GB
Loaded train data from ../dataset/ag_news/train/7.npz
Data length: 1
Time elapsed 0.38 min
Memory used: 41.52 GB
Loaded train data from ../dataset/ag_news/train/9.npz
Data length: 1
Time elapsed 0.36 min
Memory used: 41.52 GB
Loaded train data from ../dataset/ag_news/train/6.npz
Data length: 1
Time elapsed 0.33 min
Memory used: 41.52 GB
Loaded train data from ../dataset/ag_news/train/5.npz
Data length: 1
Time elapsed 0.35 min
Memory used: 41.52 GB
Loaded train data from ../dataset/ag_news/train/2.npz
Data length: 1
Time elapsed 0.34 min
Memory used: 41.52 GB
Loaded train data from ../dataset/ag_news/train/4.npz
Data length: 1
Time elapsed 0.38 min
Memory used: 41.52 GB
Loaded train data from ../dataset/ag_news/train/0.npz
Data length: 1
Time elapsed 0.36 min
Memory used: 41.52 GB
------------------------- time cost ------------------------- 291.90881609916687

-------------Round number: 4-------------

Evaluate global model
Loaded test data from ../dataset/ag_news/test/0.npz
Data length: 1
metric.compute(): {'accuracy': 0.8463949843260188}
ct, ns, auc: 0.8463949843260188, 0, 0
Loaded test data from ../dataset/ag_news/test/1.npz
Data length: 1
metric.compute(): {'accuracy': 0.8692789968652037}
ct, ns, auc: 0.8692789968652037, 0, 0
Loaded test data from ../dataset/ag_news/test/2.npz
Data length: 1
metric.compute(): {'accuracy': 0.8884012539184953}
ct, ns, auc: 0.8884012539184953, 0, 0
Loaded test data from ../dataset/ag_news/test/3.npz
Data length: 1
metric.compute(): {'accuracy': 0.8178683385579937}
ct, ns, auc: 0.8178683385579937, 0, 0
Loaded test data from ../dataset/ag_news/test/4.npz
Data length: 1
metric.compute(): {'accuracy': 0.881191222570533}
ct, ns, auc: 0.881191222570533, 0, 0
Loaded test data from ../dataset/ag_news/test/5.npz
Data length: 1
metric.compute(): {'accuracy': 0.8852664576802508}
ct, ns, auc: 0.8852664576802508, 0, 0
Loaded test data from ../dataset/ag_news/test/6.npz
Data length: 1
metric.compute(): {'accuracy': 0.9166144200626959}
ct, ns, auc: 0.9166144200626959, 0, 0
Loaded test data from ../dataset/ag_news/test/7.npz
Data length: 1
metric.compute(): {'accuracy': 0.84858934169279}
ct, ns, auc: 0.84858934169279, 0, 0
Loaded test data from ../dataset/ag_news/test/8.npz
Data length: 1
metric.compute(): {'accuracy': 0.864576802507837}
ct, ns, auc: 0.864576802507837, 0, 0
Loaded test data from ../dataset/ag_news/test/9.npz
Data length: 1
metric.compute(): {'accuracy': 0.870846394984326}
ct, ns, auc: 0.870846394984326, 0, 0
ids: [0, 1, 2, 3, 4, 5, 6, 7, 8, 9]
stats[1]: [0, 0, 0, 0, 0, 0, 0, 0, 0, 0]
stats[2]: [0.8463949843260188, 0.8692789968652037, 0.8884012539184953, 0.8178683385579937, 0.881191222570533, 0.8852664576802508, 0.9166144200626959, 0.84858934169279, 0.864576802507837, 0.870846394984326]
stats[3]: [0, 0, 0, 0, 0, 0, 0, 0, 0, 0]
Averaged Test Accuracy: 0.8689
Averaged Test AUC: 0.0000
Std Test Accuracy: 0.0271
Std Test AUC: 0.0000
Loaded train data from ../dataset/ag_news/train/3.npz
Data length: 1
Time elapsed 0.33 min
Memory used: 41.52 GB
Loaded train data from ../dataset/ag_news/train/0.npz
Data length: 1
Time elapsed 0.37 min
Memory used: 41.52 GB
Loaded train data from ../dataset/ag_news/train/5.npz
Data length: 1
Time elapsed 0.36 min
Memory used: 41.52 GB
Loaded train data from ../dataset/ag_news/train/6.npz
Data length: 1
Time elapsed 0.33 min
Memory used: 41.52 GB
Loaded train data from ../dataset/ag_news/train/8.npz
Data length: 1
Time elapsed 0.39 min
Memory used: 41.52 GB
Loaded train data from ../dataset/ag_news/train/2.npz
Data length: 1
Time elapsed 0.34 min
Memory used: 41.52 GB
Loaded train data from ../dataset/ag_news/train/9.npz
Data length: 1
Time elapsed 0.35 min
Memory used: 41.52 GB
Loaded train data from ../dataset/ag_news/train/7.npz
Data length: 1
Time elapsed 0.38 min
Memory used: 41.52 GB
Loaded train data from ../dataset/ag_news/train/4.npz
Data length: 1
Time elapsed 0.37 min
Memory used: 41.52 GB
Loaded train data from ../dataset/ag_news/train/1.npz
Data length: 1
Time elapsed 0.35 min
Memory used: 41.52 GB
------------------------- time cost ------------------------- 291.29040265083313

-------------Round number: 5-------------

Evaluate global model
Loaded test data from ../dataset/ag_news/test/0.npz
Data length: 1
metric.compute(): {'accuracy': 0.8398119122257053}
ct, ns, auc: 0.8398119122257053, 0, 0
Loaded test data from ../dataset/ag_news/test/1.npz
Data length: 1
metric.compute(): {'accuracy': 0.8677115987460815}
ct, ns, auc: 0.8677115987460815, 0, 0
Loaded test data from ../dataset/ag_news/test/2.npz
Data length: 1
metric.compute(): {'accuracy': 0.8771159874608151}
ct, ns, auc: 0.8771159874608151, 0, 0
Loaded test data from ../dataset/ag_news/test/3.npz
Data length: 1
metric.compute(): {'accuracy': 0.7344827586206897}
ct, ns, auc: 0.7344827586206897, 0, 0
Loaded test data from ../dataset/ag_news/test/4.npz
Data length: 1
metric.compute(): {'accuracy': 0.8564263322884013}
ct, ns, auc: 0.8564263322884013, 0, 0
Loaded test data from ../dataset/ag_news/test/5.npz
Data length: 1
metric.compute(): {'accuracy': 0.864576802507837}
ct, ns, auc: 0.864576802507837, 0, 0
Loaded test data from ../dataset/ag_news/test/6.npz
Data length: 1
metric.compute(): {'accuracy': 0.8990595611285267}
ct, ns, auc: 0.8990595611285267, 0, 0
Loaded test data from ../dataset/ag_news/test/7.npz
Data length: 1
metric.compute(): {'accuracy': 0.8169278996865204}
ct, ns, auc: 0.8169278996865204, 0, 0
Loaded test data from ../dataset/ag_news/test/8.npz
Data length: 1
metric.compute(): {'accuracy': 0.8241379310344827}
ct, ns, auc: 0.8241379310344827, 0, 0
Loaded test data from ../dataset/ag_news/test/9.npz
Data length: 1
metric.compute(): {'accuracy': 0.8695924764890283}
ct, ns, auc: 0.8695924764890283, 0, 0
ids: [0, 1, 2, 3, 4, 5, 6, 7, 8, 9]
stats[1]: [0, 0, 0, 0, 0, 0, 0, 0, 0, 0]
stats[2]: [0.8398119122257053, 0.8677115987460815, 0.8771159874608151, 0.7344827586206897, 0.8564263322884013, 0.864576802507837, 0.8990595611285267, 0.8169278996865204, 0.8241379310344827, 0.8695924764890283]
stats[3]: [0, 0, 0, 0, 0, 0, 0, 0, 0, 0]
Averaged Test Accuracy: 0.8450
Averaged Test AUC: 0.0000
Std Test Accuracy: 0.0460
Std Test AUC: 0.0000
Loaded train data from ../dataset/ag_news/train/8.npz
Data length: 1
Time elapsed 0.39 min
Memory used: 41.52 GB
Loaded train data from ../dataset/ag_news/train/2.npz
Data length: 1
Time elapsed 0.33 min
Memory used: 41.52 GB
Loaded train data from ../dataset/ag_news/train/9.npz
Data length: 1
Time elapsed 0.35 min
Memory used: 41.52 GB
Loaded train data from ../dataset/ag_news/train/3.npz
Data length: 1
Time elapsed 0.34 min
Memory used: 41.52 GB
Loaded train data from ../dataset/ag_news/train/4.npz
Data length: 1
Time elapsed 0.38 min
Memory used: 41.52 GB
Loaded train data from ../dataset/ag_news/train/7.npz
Data length: 1
Time elapsed 0.37 min
Memory used: 41.52 GB
Loaded train data from ../dataset/ag_news/train/6.npz
Data length: 1
Time elapsed 0.33 min
Memory used: 41.52 GB
Loaded train data from ../dataset/ag_news/train/5.npz
Data length: 1
Time elapsed 0.35 min
Memory used: 41.52 GB
Loaded train data from ../dataset/ag_news/train/0.npz
Data length: 1
Time elapsed 0.37 min
Memory used: 41.52 GB
Loaded train data from ../dataset/ag_news/train/1.npz
Data length: 1
Time elapsed 0.35 min
Memory used: 41.52 GB
------------------------- time cost ------------------------- 293.1422920227051

-------------Round number: 6-------------

Evaluate global model
Loaded test data from ../dataset/ag_news/test/0.npz
Data length: 1
metric.compute(): {'accuracy': 0.784012539184953}
ct, ns, auc: 0.784012539184953, 0, 0
Loaded test data from ../dataset/ag_news/test/1.npz
Data length: 1
metric.compute(): {'accuracy': 0.8213166144200627}
ct, ns, auc: 0.8213166144200627, 0, 0
Loaded test data from ../dataset/ag_news/test/2.npz
Data length: 1
metric.compute(): {'accuracy': 0.8445141065830721}
ct, ns, auc: 0.8445141065830721, 0, 0
Loaded test data from ../dataset/ag_news/test/3.npz
Data length: 1
metric.compute(): {'accuracy': 0.6959247648902821}
ct, ns, auc: 0.6959247648902821, 0, 0
Loaded test data from ../dataset/ag_news/test/4.npz
Data length: 1
metric.compute(): {'accuracy': 0.8219435736677116}
ct, ns, auc: 0.8219435736677116, 0, 0
Loaded test data from ../dataset/ag_news/test/5.npz
Data length: 1
metric.compute(): {'accuracy': 0.8476489028213167}
ct, ns, auc: 0.8476489028213167, 0, 0
Loaded test data from ../dataset/ag_news/test/6.npz
Data length: 1
metric.compute(): {'accuracy': 0.8260188087774295}
ct, ns, auc: 0.8260188087774295, 0, 0
Loaded test data from ../dataset/ag_news/test/7.npz
Data length: 1
metric.compute(): {'accuracy': 0.7749216300940439}
ct, ns, auc: 0.7749216300940439, 0, 0
Loaded test data from ../dataset/ag_news/test/8.npz
Data length: 1
metric.compute(): {'accuracy': 0.7128526645768025}
ct, ns, auc: 0.7128526645768025, 0, 0
Loaded test data from ../dataset/ag_news/test/9.npz
Data length: 1
metric.compute(): {'accuracy': 0.8545454545454545}
ct, ns, auc: 0.8545454545454545, 0, 0
ids: [0, 1, 2, 3, 4, 5, 6, 7, 8, 9]
stats[1]: [0, 0, 0, 0, 0, 0, 0, 0, 0, 0]
stats[2]: [0.784012539184953, 0.8213166144200627, 0.8445141065830721, 0.6959247648902821, 0.8219435736677116, 0.8476489028213167, 0.8260188087774295, 0.7749216300940439, 0.7128526645768025, 0.8545454545454545]
stats[3]: [0, 0, 0, 0, 0, 0, 0, 0, 0, 0]
Averaged Test Accuracy: 0.7984
Averaged Test AUC: 0.0000
Std Test Accuracy: 0.0559
Std Test AUC: 0.0000
Loaded train data from ../dataset/ag_news/train/5.npz
Data length: 1
Time elapsed 0.35 min
Memory used: 41.52 GB
Loaded train data from ../dataset/ag_news/train/7.npz
Data length: 1
Time elapsed 0.37 min
Memory used: 41.52 GB
Loaded train data from ../dataset/ag_news/train/9.npz
Data length: 1
Time elapsed 0.36 min
Memory used: 41.52 GB
Loaded train data from ../dataset/ag_news/train/8.npz
Data length: 1
Time elapsed 0.40 min
Memory used: 41.52 GB
Loaded train data from ../dataset/ag_news/train/0.npz
Data length: 1
Time elapsed 0.36 min
Memory used: 41.52 GB
Loaded train data from ../dataset/ag_news/train/2.npz
Data length: 1
Time elapsed 0.33 min
Memory used: 41.52 GB
Loaded train data from ../dataset/ag_news/train/4.npz
Data length: 1
Time elapsed 0.38 min
Memory used: 41.52 GB
Loaded train data from ../dataset/ag_news/train/6.npz
Data length: 1
Time elapsed 0.33 min
Memory used: 41.52 GB
Loaded train data from ../dataset/ag_news/train/3.npz
Data length: 1
Time elapsed 0.33 min
Memory used: 41.52 GB
Loaded train data from ../dataset/ag_news/train/1.npz
Data length: 1
Time elapsed 0.36 min
Memory used: 41.52 GB
------------------------- time cost ------------------------- 293.1803376674652

-------------Round number: 7-------------

Evaluate global model
Loaded test data from ../dataset/ag_news/test/0.npz
Data length: 1
metric.compute(): {'accuracy': 0.7404388714733542}
ct, ns, auc: 0.7404388714733542, 0, 0
Loaded test data from ../dataset/ag_news/test/1.npz
Data length: 1
metric.compute(): {'accuracy': 0.8072100313479624}
ct, ns, auc: 0.8072100313479624, 0, 0
Loaded test data from ../dataset/ag_news/test/2.npz
Data length: 1
metric.compute(): {'accuracy': 0.8326018808777429}
ct, ns, auc: 0.8326018808777429, 0, 0
Loaded test data from ../dataset/ag_news/test/3.npz
Data length: 1
metric.compute(): {'accuracy': 0.6990595611285266}
ct, ns, auc: 0.6990595611285266, 0, 0
Loaded test data from ../dataset/ag_news/test/4.npz
Data length: 1
metric.compute(): {'accuracy': 0.8122257053291536}
ct, ns, auc: 0.8122257053291536, 0, 0
Loaded test data from ../dataset/ag_news/test/5.npz
Data length: 1
metric.compute(): {'accuracy': 0.8454545454545455}
ct, ns, auc: 0.8454545454545455, 0, 0
Loaded test data from ../dataset/ag_news/test/6.npz
Data length: 1
metric.compute(): {'accuracy': 0.7827586206896552}
ct, ns, auc: 0.7827586206896552, 0, 0
Loaded test data from ../dataset/ag_news/test/7.npz
Data length: 1
metric.compute(): {'accuracy': 0.7874608150470219}
ct, ns, auc: 0.7874608150470219, 0, 0
Loaded test data from ../dataset/ag_news/test/8.npz
Data length: 1
metric.compute(): {'accuracy': 0.6984326018808777}
ct, ns, auc: 0.6984326018808777, 0, 0
Loaded test data from ../dataset/ag_news/test/9.npz
Data length: 1
metric.compute(): {'accuracy': 0.8442006269592477}
ct, ns, auc: 0.8442006269592477, 0, 0
ids: [0, 1, 2, 3, 4, 5, 6, 7, 8, 9]
stats[1]: [0, 0, 0, 0, 0, 0, 0, 0, 0, 0]
stats[2]: [0.7404388714733542, 0.8072100313479624, 0.8326018808777429, 0.6990595611285266, 0.8122257053291536, 0.8454545454545455, 0.7827586206896552, 0.7874608150470219, 0.6984326018808777, 0.8442006269592477]
stats[3]: [0, 0, 0, 0, 0, 0, 0, 0, 0, 0]
Averaged Test Accuracy: 0.7850
Averaged Test AUC: 0.0000
Std Test Accuracy: 0.0553
Std Test AUC: 0.0000
Loaded train data from ../dataset/ag_news/train/3.npz
Data length: 1
Time elapsed 0.34 min
Memory used: 41.52 GB
Loaded train data from ../dataset/ag_news/train/5.npz
Data length: 1
Time elapsed 0.35 min
Memory used: 41.52 GB
Loaded train data from ../dataset/ag_news/train/2.npz
Data length: 1
Time elapsed 0.33 min
Memory used: 41.52 GB
Loaded train data from ../dataset/ag_news/train/6.npz
Data length: 1
Time elapsed 0.33 min
Memory used: 41.52 GB
Loaded train data from ../dataset/ag_news/train/0.npz
Data length: 1
Time elapsed 0.37 min
Memory used: 41.52 GB
Loaded train data from ../dataset/ag_news/train/1.npz
Data length: 1
Time elapsed 0.35 min
Memory used: 41.52 GB
Loaded train data from ../dataset/ag_news/train/7.npz
Data length: 1
Time elapsed 0.36 min
Memory used: 41.52 GB
Loaded train data from ../dataset/ag_news/train/8.npz
Data length: 1
Time elapsed 0.38 min
Memory used: 41.52 GB
Loaded train data from ../dataset/ag_news/train/9.npz
Data length: 1
Time elapsed 0.35 min
Memory used: 41.52 GB
Loaded train data from ../dataset/ag_news/train/4.npz
Data length: 1
Time elapsed 0.37 min
Memory used: 41.52 GB
------------------------- time cost ------------------------- 292.8725571632385

-------------Round number: 8-------------

Evaluate global model
Loaded test data from ../dataset/ag_news/test/0.npz
Data length: 1
metric.compute(): {'accuracy': 0.7379310344827587}
ct, ns, auc: 0.7379310344827587, 0, 0
Loaded test data from ../dataset/ag_news/test/1.npz
Data length: 1
metric.compute(): {'accuracy': 0.7981191222570533}
ct, ns, auc: 0.7981191222570533, 0, 0
Loaded test data from ../dataset/ag_news/test/2.npz
Data length: 1
metric.compute(): {'accuracy': 0.8454545454545455}
ct, ns, auc: 0.8454545454545455, 0, 0
Loaded test data from ../dataset/ag_news/test/3.npz
Data length: 1
metric.compute(): {'accuracy': 0.7072100313479623}
ct, ns, auc: 0.7072100313479623, 0, 0
Loaded test data from ../dataset/ag_news/test/4.npz
Data length: 1
metric.compute(): {'accuracy': 0.8184952978056427}
ct, ns, auc: 0.8184952978056427, 0, 0
Loaded test data from ../dataset/ag_news/test/5.npz
Data length: 1
metric.compute(): {'accuracy': 0.857680250783699}
ct, ns, auc: 0.857680250783699, 0, 0
Loaded test data from ../dataset/ag_news/test/6.npz
Data length: 1
metric.compute(): {'accuracy': 0.7927899686520377}
ct, ns, auc: 0.7927899686520377, 0, 0
Loaded test data from ../dataset/ag_news/test/7.npz
Data length: 1
metric.compute(): {'accuracy': 0.8169278996865204}
ct, ns, auc: 0.8169278996865204, 0, 0
Loaded test data from ../dataset/ag_news/test/8.npz
Data length: 1
metric.compute(): {'accuracy': 0.6962382445141065}
ct, ns, auc: 0.6962382445141065, 0, 0
Loaded test data from ../dataset/ag_news/test/9.npz
Data length: 1
metric.compute(): {'accuracy': 0.8463949843260188}
ct, ns, auc: 0.8463949843260188, 0, 0
ids: [0, 1, 2, 3, 4, 5, 6, 7, 8, 9]
stats[1]: [0, 0, 0, 0, 0, 0, 0, 0, 0, 0]
stats[2]: [0.7379310344827587, 0.7981191222570533, 0.8454545454545455, 0.7072100313479623, 0.8184952978056427, 0.857680250783699, 0.7927899686520377, 0.8169278996865204, 0.6962382445141065, 0.8463949843260188]
stats[3]: [0, 0, 0, 0, 0, 0, 0, 0, 0, 0]
Averaged Test Accuracy: 0.7917
Averaged Test AUC: 0.0000
Std Test Accuracy: 0.0585
Std Test AUC: 0.0000
Loaded train data from ../dataset/ag_news/train/4.npz
Data length: 1
Time elapsed 0.38 min
Memory used: 41.52 GB
Loaded train data from ../dataset/ag_news/train/0.npz
Data length: 1
Time elapsed 0.36 min
Memory used: 41.52 GB
Loaded train data from ../dataset/ag_news/train/8.npz
Data length: 1
Time elapsed 0.39 min
Memory used: 41.52 GB
Loaded train data from ../dataset/ag_news/train/5.npz
Data length: 1
Time elapsed 0.35 min
Memory used: 41.52 GB
Loaded train data from ../dataset/ag_news/train/2.npz
Data length: 1
Time elapsed 0.33 min
Memory used: 41.52 GB
Loaded train data from ../dataset/ag_news/train/9.npz
Data length: 1
Time elapsed 0.35 min
Memory used: 41.52 GB
Loaded train data from ../dataset/ag_news/train/6.npz
Data length: 1
Time elapsed 0.33 min
Memory used: 41.52 GB
Loaded train data from ../dataset/ag_news/train/1.npz
Data length: 1
Time elapsed 0.35 min
Memory used: 41.52 GB
Loaded train data from ../dataset/ag_news/train/3.npz
Data length: 1
Time elapsed 0.34 min
Memory used: 41.52 GB
Loaded train data from ../dataset/ag_news/train/7.npz
Data length: 1
Time elapsed 0.37 min
Memory used: 41.52 GB
------------------------- time cost ------------------------- 294.8628613948822

-------------Round number: 9-------------

Evaluate global model
Loaded test data from ../dataset/ag_news/test/0.npz
Data length: 1
metric.compute(): {'accuracy': 0.7012539184952978}
ct, ns, auc: 0.7012539184952978, 0, 0
Loaded test data from ../dataset/ag_news/test/1.npz
Data length: 1
metric.compute(): {'accuracy': 0.7673981191222571}
ct, ns, auc: 0.7673981191222571, 0, 0
Loaded test data from ../dataset/ag_news/test/2.npz
Data length: 1
metric.compute(): {'accuracy': 0.8357366771159874}
ct, ns, auc: 0.8357366771159874, 0, 0
Loaded test data from ../dataset/ag_news/test/3.npz
Data length: 1
metric.compute(): {'accuracy': 0.69717868338558}
ct, ns, auc: 0.69717868338558, 0, 0
Loaded test data from ../dataset/ag_news/test/4.npz
Data length: 1
metric.compute(): {'accuracy': 0.7921630094043887}
ct, ns, auc: 0.7921630094043887, 0, 0
Loaded test data from ../dataset/ag_news/test/5.npz
Data length: 1
metric.compute(): {'accuracy': 0.84858934169279}
ct, ns, auc: 0.84858934169279, 0, 0
Loaded test data from ../dataset/ag_news/test/6.npz
Data length: 1
metric.compute(): {'accuracy': 0.7573667711598746}
ct, ns, auc: 0.7573667711598746, 0, 0
Loaded test data from ../dataset/ag_news/test/7.npz
Data length: 1
metric.compute(): {'accuracy': 0.8018808777429467}
ct, ns, auc: 0.8018808777429467, 0, 0
Loaded test data from ../dataset/ag_news/test/8.npz
Data length: 1
metric.compute(): {'accuracy': 0.6802507836990596}
ct, ns, auc: 0.6802507836990596, 0, 0
Loaded test data from ../dataset/ag_news/test/9.npz
Data length: 1
metric.compute(): {'accuracy': 0.8250783699059561}
ct, ns, auc: 0.8250783699059561, 0, 0
ids: [0, 1, 2, 3, 4, 5, 6, 7, 8, 9]
stats[1]: [0, 0, 0, 0, 0, 0, 0, 0, 0, 0]
stats[2]: [0.7012539184952978, 0.7673981191222571, 0.8357366771159874, 0.69717868338558, 0.7921630094043887, 0.84858934169279, 0.7573667711598746, 0.8018808777429467, 0.6802507836990596, 0.8250783699059561]
stats[3]: [0, 0, 0, 0, 0, 0, 0, 0, 0, 0]
Averaged Test Accuracy: 0.7707
Averaged Test AUC: 0.0000
Std Test Accuracy: 0.0608
Std Test AUC: 0.0000
Loaded train data from ../dataset/ag_news/train/7.npz
Data length: 1
Time elapsed 0.36 min
Memory used: 41.52 GB
Loaded train data from ../dataset/ag_news/train/0.npz
Data length: 1
Time elapsed 0.37 min
Memory used: 41.52 GB
Loaded train data from ../dataset/ag_news/train/6.npz
Data length: 1
Time elapsed 0.33 min
Memory used: 41.52 GB
Loaded train data from ../dataset/ag_news/train/5.npz
Data length: 1
Time elapsed 0.34 min
Memory used: 41.52 GB
Loaded train data from ../dataset/ag_news/train/9.npz
Data length: 1
Time elapsed 0.36 min
Memory used: 41.52 GB
Loaded train data from ../dataset/ag_news/train/1.npz
Data length: 1
Time elapsed 0.36 min
Memory used: 41.52 GB
Loaded train data from ../dataset/ag_news/train/3.npz
Data length: 1
Time elapsed 0.33 min
Memory used: 41.52 GB
Loaded train data from ../dataset/ag_news/train/2.npz
Data length: 1
Time elapsed 0.33 min
Memory used: 41.52 GB
Loaded train data from ../dataset/ag_news/train/4.npz
Data length: 1
Time elapsed 0.38 min
Memory used: 41.52 GB
Loaded train data from ../dataset/ag_news/train/8.npz
Data length: 1
Time elapsed 0.39 min
Memory used: 41.52 GB
------------------------- time cost ------------------------- 297.2422926425934

-------------Round number: 10-------------

Evaluate global model
Loaded test data from ../dataset/ag_news/test/0.npz
Data length: 1
metric.compute(): {'accuracy': 0.6824451410658308}
ct, ns, auc: 0.6824451410658308, 0, 0
Loaded test data from ../dataset/ag_news/test/1.npz
Data length: 1
metric.compute(): {'accuracy': 0.742319749216301}
ct, ns, auc: 0.742319749216301, 0, 0
Loaded test data from ../dataset/ag_news/test/2.npz
Data length: 1
metric.compute(): {'accuracy': 0.79717868338558}
ct, ns, auc: 0.79717868338558, 0, 0
Loaded test data from ../dataset/ag_news/test/3.npz
Data length: 1
metric.compute(): {'accuracy': 0.6858934169278997}
ct, ns, auc: 0.6858934169278997, 0, 0
Loaded test data from ../dataset/ag_news/test/4.npz
Data length: 1
metric.compute(): {'accuracy': 0.7266457680250784}
ct, ns, auc: 0.7266457680250784, 0, 0
Loaded test data from ../dataset/ag_news/test/5.npz
Data length: 1
metric.compute(): {'accuracy': 0.8376175548589342}
ct, ns, auc: 0.8376175548589342, 0, 0
Loaded test data from ../dataset/ag_news/test/6.npz
Data length: 1
metric.compute(): {'accuracy': 0.7021943573667712}
ct, ns, auc: 0.7021943573667712, 0, 0
Loaded test data from ../dataset/ag_news/test/7.npz
Data length: 1
metric.compute(): {'accuracy': 0.7655172413793103}
ct, ns, auc: 0.7655172413793103, 0, 0
Loaded test data from ../dataset/ag_news/test/8.npz
Data length: 1
metric.compute(): {'accuracy': 0.6711598746081505}
ct, ns, auc: 0.6711598746081505, 0, 0
Loaded test data from ../dataset/ag_news/test/9.npz
Data length: 1
metric.compute(): {'accuracy': 0.7432601880877743}
ct, ns, auc: 0.7432601880877743, 0, 0
ids: [0, 1, 2, 3, 4, 5, 6, 7, 8, 9]
stats[1]: [0, 0, 0, 0, 0, 0, 0, 0, 0, 0]
stats[2]: [0.6824451410658308, 0.742319749216301, 0.79717868338558, 0.6858934169278997, 0.7266457680250784, 0.8376175548589342, 0.7021943573667712, 0.7655172413793103, 0.6711598746081505, 0.7432601880877743]
stats[3]: [0, 0, 0, 0, 0, 0, 0, 0, 0, 0]
Averaged Test Accuracy: 0.7354
Averaged Test AUC: 0.0000
Std Test Accuracy: 0.0536
Std Test AUC: 0.0000
Loaded train data from ../dataset/ag_news/train/1.npz
Data length: 1
Time elapsed 0.35 min
Memory used: 41.52 GB
Loaded train data from ../dataset/ag_news/train/3.npz
Data length: 1
Time elapsed 0.34 min
Memory used: 41.52 GB
Loaded train data from ../dataset/ag_news/train/0.npz
Data length: 1
Time elapsed 0.36 min
Memory used: 41.52 GB
Loaded train data from ../dataset/ag_news/train/6.npz
Data length: 1
Time elapsed 0.32 min
Memory used: 41.52 GB
Loaded train data from ../dataset/ag_news/train/2.npz
Data length: 1
Time elapsed 0.34 min
Memory used: 41.52 GB
Loaded train data from ../dataset/ag_news/train/4.npz
Data length: 1
Time elapsed 0.37 min
Memory used: 41.52 GB
Loaded train data from ../dataset/ag_news/train/8.npz
Data length: 1
Time elapsed 0.40 min
Memory used: 41.52 GB
Loaded train data from ../dataset/ag_news/train/7.npz
Data length: 1
Time elapsed 0.37 min
Memory used: 41.52 GB
Loaded train data from ../dataset/ag_news/train/9.npz
Data length: 1
Time elapsed 0.34 min
Memory used: 41.52 GB
Loaded train data from ../dataset/ag_news/train/5.npz
Data length: 1
Time elapsed 0.34 min
Memory used: 41.52 GB
------------------------- time cost ------------------------- 290.0853135585785

-------------Round number: 11-------------

Evaluate global model
Loaded test data from ../dataset/ag_news/test/0.npz
Data length: 1
metric.compute(): {'accuracy': 0.6796238244514107}
ct, ns, auc: 0.6796238244514107, 0, 0
Loaded test data from ../dataset/ag_news/test/1.npz
Data length: 1
metric.compute(): {'accuracy': 0.7351097178683386}
ct, ns, auc: 0.7351097178683386, 0, 0
Loaded test data from ../dataset/ag_news/test/2.npz
Data length: 1
metric.compute(): {'accuracy': 0.8360501567398119}
ct, ns, auc: 0.8360501567398119, 0, 0
Loaded test data from ../dataset/ag_news/test/3.npz
Data length: 1
metric.compute(): {'accuracy': 0.6893416927899687}
ct, ns, auc: 0.6893416927899687, 0, 0
Loaded test data from ../dataset/ag_news/test/4.npz
Data length: 1
metric.compute(): {'accuracy': 0.738871473354232}
ct, ns, auc: 0.738871473354232, 0, 0
Loaded test data from ../dataset/ag_news/test/5.npz
Data length: 1
metric.compute(): {'accuracy': 0.8457680250783699}
ct, ns, auc: 0.8457680250783699, 0, 0
Loaded test data from ../dataset/ag_news/test/6.npz
Data length: 1
metric.compute(): {'accuracy': 0.6996865203761755}
ct, ns, auc: 0.6996865203761755, 0, 0
Loaded test data from ../dataset/ag_news/test/7.npz
Data length: 1
metric.compute(): {'accuracy': 0.7987460815047022}
ct, ns, auc: 0.7987460815047022, 0, 0
Loaded test data from ../dataset/ag_news/test/8.npz
Data length: 1
metric.compute(): {'accuracy': 0.6570532915360502}
ct, ns, auc: 0.6570532915360502, 0, 0
Loaded test data from ../dataset/ag_news/test/9.npz
Data length: 1
metric.compute(): {'accuracy': 0.7529780564263323}
ct, ns, auc: 0.7529780564263323, 0, 0
ids: [0, 1, 2, 3, 4, 5, 6, 7, 8, 9]
stats[1]: [0, 0, 0, 0, 0, 0, 0, 0, 0, 0]
stats[2]: [0.6796238244514107, 0.7351097178683386, 0.8360501567398119, 0.6893416927899687, 0.738871473354232, 0.8457680250783699, 0.6996865203761755, 0.7987460815047022, 0.6570532915360502, 0.7529780564263323]
stats[3]: [0, 0, 0, 0, 0, 0, 0, 0, 0, 0]
Averaged Test Accuracy: 0.7433
Averaged Test AUC: 0.0000
Std Test Accuracy: 0.0655
Std Test AUC: 0.0000
Loaded train data from ../dataset/ag_news/train/5.npz
Data length: 1
Time elapsed 0.35 min
Memory used: 41.52 GB
Loaded train data from ../dataset/ag_news/train/7.npz
Data length: 1
Time elapsed 0.38 min
Memory used: 41.52 GB
Loaded train data from ../dataset/ag_news/train/1.npz
Data length: 1
Time elapsed 0.35 min
Memory used: 41.52 GB
Loaded train data from ../dataset/ag_news/train/4.npz
Data length: 1
Time elapsed 0.37 min
Memory used: 41.52 GB
Loaded train data from ../dataset/ag_news/train/6.npz
Data length: 1
Time elapsed 0.32 min
Memory used: 41.52 GB
Loaded train data from ../dataset/ag_news/train/2.npz
Data length: 1
Time elapsed 0.33 min
Memory used: 41.52 GB
Loaded train data from ../dataset/ag_news/train/3.npz
Data length: 1
Time elapsed 0.34 min
Memory used: 41.52 GB
Loaded train data from ../dataset/ag_news/train/9.npz
Data length: 1
Time elapsed 0.35 min
Memory used: 41.52 GB
Loaded train data from ../dataset/ag_news/train/0.npz
Data length: 1
Time elapsed 0.37 min
Memory used: 41.52 GB
Loaded train data from ../dataset/ag_news/train/8.npz
Data length: 1
