GPU details saved to $output_file
__TORCH Version: 2.3.1+cu121
__CUDNN Version: 8902
__CUDA version:  12.1
__Number CUDA Devices: 1
__CUDA Device Name: NVIDIA A100-SXM4-40GB
__CUDA Device Total Memory [GB]: 42.297786368
__CUDA Device Total Memory [GB]: 42.297786368
args.dataset: cola
args.num_labels: 2
==================================================
Personalized Federated Learning: True
Uniform Weight: False
Normalized Rank: False
Normalized Alpha: False
lora_rank: 8
lora_alpha: 1
lora_dropout: 0.1
lora_query: True
lora_key: True
lora_value: True
lora_projection: True
lora_mlp: True
lora_head: True
aa_bottleneck_reduction: 1
aa_text: False
aa_vision: False
ca_bottleneck_reduction: 4
ca_text: False
ca_vision: False
Seed: 42
Algorithm: flora
Local batch size: 128
Local epochs: 1
Local learing rate: 0.0001
Local learing rate decay: False
Total number of clients: 10
Clients join in each round: 1.0
Clients randomly join: False
Client drop rate: 0.0
Client select regarding time: False
Running times: 1
Dataset: cola
Number of classes: 10
Backbone: distilbert
Using device: cuda
Using DP: False
Auto break: False
Global rounds: 100
Cuda device id: 1
DLG attack: False
Total number of new clients: 0
Fine tuning epoches on new clients: 0
==================================================

============= Running time: 0th =============
Creating server and clients ...
Loaded train data from ../dataset/cola/train/0.npz
Data length: 1
Loaded test data from ../dataset/cola/test/0.npz
Data length: 1
self.lora_params: {'rank': 8, 'alpha': 1, 'dropout': 0.1, 'lora_query': True, 'lora_key': True, 'lora_value': True, 'lora_projection': True, 'lora_mlp': True, 'lora_head': True}
Loaded train data from ../dataset/cola/train/1.npz
Data length: 1
Loaded test data from ../dataset/cola/test/1.npz
Data length: 1
self.lora_params: {'rank': 8, 'alpha': 1, 'dropout': 0.1, 'lora_query': True, 'lora_key': True, 'lora_value': True, 'lora_projection': True, 'lora_mlp': True, 'lora_head': True}
Loaded train data from ../dataset/cola/train/2.npz
Data length: 1
Loaded test data from ../dataset/cola/test/2.npz
Data length: 1
self.lora_params: {'rank': 8, 'alpha': 1, 'dropout': 0.1, 'lora_query': True, 'lora_key': True, 'lora_value': True, 'lora_projection': True, 'lora_mlp': True, 'lora_head': True}
Loaded train data from ../dataset/cola/train/3.npz
Data length: 1
Loaded test data from ../dataset/cola/test/3.npz
Data length: 1
self.lora_params: {'rank': 8, 'alpha': 1, 'dropout': 0.1, 'lora_query': True, 'lora_key': True, 'lora_value': True, 'lora_projection': True, 'lora_mlp': True, 'lora_head': True}
Loaded train data from ../dataset/cola/train/4.npz
Data length: 1
Loaded test data from ../dataset/cola/test/4.npz
Data length: 1
self.lora_params: {'rank': 8, 'alpha': 1, 'dropout': 0.1, 'lora_query': True, 'lora_key': True, 'lora_value': True, 'lora_projection': True, 'lora_mlp': True, 'lora_head': True}
Loaded train data from ../dataset/cola/train/5.npz
Data length: 1
Loaded test data from ../dataset/cola/test/5.npz
Data length: 1
self.lora_params: {'rank': 8, 'alpha': 1, 'dropout': 0.1, 'lora_query': True, 'lora_key': True, 'lora_value': True, 'lora_projection': True, 'lora_mlp': True, 'lora_head': True}
Loaded train data from ../dataset/cola/train/6.npz
Data length: 1
Loaded test data from ../dataset/cola/test/6.npz
Data length: 1
self.lora_params: {'rank': 8, 'alpha': 1, 'dropout': 0.1, 'lora_query': True, 'lora_key': True, 'lora_value': True, 'lora_projection': True, 'lora_mlp': True, 'lora_head': True}
Loaded train data from ../dataset/cola/train/7.npz
Data length: 1
Loaded test data from ../dataset/cola/test/7.npz
Data length: 1
self.lora_params: {'rank': 8, 'alpha': 1, 'dropout': 0.1, 'lora_query': True, 'lora_key': True, 'lora_value': True, 'lora_projection': True, 'lora_mlp': True, 'lora_head': True}
Loaded train data from ../dataset/cola/train/8.npz
Data length: 1
Loaded test data from ../dataset/cola/test/8.npz
Data length: 1
self.lora_params: {'rank': 8, 'alpha': 1, 'dropout': 0.1, 'lora_query': True, 'lora_key': True, 'lora_value': True, 'lora_projection': True, 'lora_mlp': True, 'lora_head': True}
Loaded train data from ../dataset/cola/train/9.npz
Data length: 1
Loaded test data from ../dataset/cola/test/9.npz
Data length: 1
self.lora_params: {'rank': 8, 'alpha': 1, 'dropout': 0.1, 'lora_query': True, 'lora_key': True, 'lora_value': True, 'lora_projection': True, 'lora_mlp': True, 'lora_head': True}

Join ratio / total clients: 1.0 / 10
Finished creating server and clients.

-------------Round number: 0-------------

Evaluate global model
Loaded test data from ../dataset/cola/test/0.npz
Data length: 1
metric.compute(): {'accuracy': 0.6825396825396826}
ct, ns, auc: 0.6825396825396826, 0, 0
Loaded test data from ../dataset/cola/test/1.npz
Data length: 1
metric.compute(): {'accuracy': 0.6517412935323383}
ct, ns, auc: 0.6517412935323383, 0, 0
Loaded test data from ../dataset/cola/test/2.npz
Data length: 1
metric.compute(): {'accuracy': 0.325}
ct, ns, auc: 0.325, 0, 0
Loaded test data from ../dataset/cola/test/3.npz
Data length: 1
metric.compute(): {'accuracy': 0.6789617486338798}
ct, ns, auc: 0.6789617486338798, 0, 0
Loaded test data from ../dataset/cola/test/4.npz
Data length: 1
metric.compute(): {'accuracy': 0.8}
ct, ns, auc: 0.8, 0, 0
Loaded test data from ../dataset/cola/test/5.npz
Data length: 1
metric.compute(): {'accuracy': 0.7849740932642487}
ct, ns, auc: 0.7849740932642487, 0, 0
Loaded test data from ../dataset/cola/test/6.npz
Data length: 1
metric.compute(): {'accuracy': 0.2872340425531915}
ct, ns, auc: 0.2872340425531915, 0, 0
Loaded test data from ../dataset/cola/test/7.npz
Data length: 1
metric.compute(): {'accuracy': 0.6842105263157895}
ct, ns, auc: 0.6842105263157895, 0, 0
Loaded test data from ../dataset/cola/test/8.npz
Data length: 1
metric.compute(): {'accuracy': 0.5660377358490566}
ct, ns, auc: 0.5660377358490566, 0, 0
Loaded test data from ../dataset/cola/test/9.npz
Data length: 1
metric.compute(): {'accuracy': 0.33766233766233766}
ct, ns, auc: 0.33766233766233766, 0, 0
ids: [0, 1, 2, 3, 4, 5, 6, 7, 8, 9]
stats[1]: [0, 0, 0, 0, 0, 0, 0, 0, 0, 0]
stats[2]: [0.6825396825396826, 0.6517412935323383, 0.325, 0.6789617486338798, 0.8, 0.7849740932642487, 0.2872340425531915, 0.6842105263157895, 0.5660377358490566, 0.33766233766233766]
stats[3]: [0, 0, 0, 0, 0, 0, 0, 0, 0, 0]
Averaged Test Accuracy: 0.5798
Averaged Test AUC: 0.0000
Std Test Accuracy: 0.1933
Std Test AUC: 0.0000
Loaded train data from ../dataset/cola/train/8.npz
Data length: 1
Time elapsed 0.00 min
Memory used: 5.13 GB
Loaded train data from ../dataset/cola/train/1.npz
Data length: 1
Time elapsed 0.01 min
Memory used: 6.99 GB
Loaded train data from ../dataset/cola/train/5.npz
Data length: 1
Time elapsed 0.01 min
Memory used: 7.00 GB
Loaded train data from ../dataset/cola/train/0.npz
Data length: 1
Time elapsed 0.00 min
Memory used: 7.01 GB
Loaded train data from ../dataset/cola/train/7.npz
Data length: 1
Time elapsed 0.01 min
Memory used: 7.01 GB
Loaded train data from ../dataset/cola/train/2.npz
Data length: 1
Time elapsed 0.00 min
Memory used: 7.01 GB
Loaded train data from ../dataset/cola/train/9.npz
Data length: 1
Time elapsed 0.00 min
Memory used: 7.01 GB
Loaded train data from ../dataset/cola/train/4.npz
Data length: 1
Time elapsed 0.00 min
Memory used: 7.08 GB
Loaded train data from ../dataset/cola/train/3.npz
Data length: 1
Time elapsed 0.01 min
Memory used: 7.08 GB
Loaded train data from ../dataset/cola/train/6.npz
Data length: 1
Time elapsed 0.00 min
Memory used: 7.08 GB
------------------------- time cost ------------------------- 12.565879583358765

-------------Round number: 1-------------

Evaluate global model
Loaded test data from ../dataset/cola/test/0.npz
Data length: 1
metric.compute(): {'accuracy': 0.6825396825396826}
ct, ns, auc: 0.6825396825396826, 0, 0
Loaded test data from ../dataset/cola/test/1.npz
Data length: 1
metric.compute(): {'accuracy': 0.6517412935323383}
ct, ns, auc: 0.6517412935323383, 0, 0
Loaded test data from ../dataset/cola/test/2.npz
Data length: 1
metric.compute(): {'accuracy': 0.325}
ct, ns, auc: 0.325, 0, 0
Loaded test data from ../dataset/cola/test/3.npz
Data length: 1
metric.compute(): {'accuracy': 0.6994535519125683}
ct, ns, auc: 0.6994535519125683, 0, 0
Loaded test data from ../dataset/cola/test/4.npz
Data length: 1
metric.compute(): {'accuracy': 0.8}
ct, ns, auc: 0.8, 0, 0
Loaded test data from ../dataset/cola/test/5.npz
Data length: 1
metric.compute(): {'accuracy': 0.7849740932642487}
ct, ns, auc: 0.7849740932642487, 0, 0
Loaded test data from ../dataset/cola/test/6.npz
Data length: 1
metric.compute(): {'accuracy': 0.2872340425531915}
ct, ns, auc: 0.2872340425531915, 0, 0
Loaded test data from ../dataset/cola/test/7.npz
Data length: 1
metric.compute(): {'accuracy': 0.6842105263157895}
ct, ns, auc: 0.6842105263157895, 0, 0
Loaded test data from ../dataset/cola/test/8.npz
Data length: 1
metric.compute(): {'accuracy': 0.5660377358490566}
ct, ns, auc: 0.5660377358490566, 0, 0
Loaded test data from ../dataset/cola/test/9.npz
Data length: 1
metric.compute(): {'accuracy': 0.42857142857142855}
ct, ns, auc: 0.42857142857142855, 0, 0
ids: [0, 1, 2, 3, 4, 5, 6, 7, 8, 9]
stats[1]: [0, 0, 0, 0, 0, 0, 0, 0, 0, 0]
stats[2]: [0.6825396825396826, 0.6517412935323383, 0.325, 0.6994535519125683, 0.8, 0.7849740932642487, 0.2872340425531915, 0.6842105263157895, 0.5660377358490566, 0.42857142857142855]
stats[3]: [0, 0, 0, 0, 0, 0, 0, 0, 0, 0]
Averaged Test Accuracy: 0.5910
Averaged Test AUC: 0.0000
Std Test Accuracy: 0.1837
Std Test AUC: 0.0000
Loaded train data from ../dataset/cola/train/0.npz
Data length: 1
Time elapsed 0.01 min
Memory used: 7.08 GB
Loaded train data from ../dataset/cola/train/1.npz
Data length: 1
Time elapsed 0.01 min
Memory used: 7.08 GB
Loaded train data from ../dataset/cola/train/7.npz
Data length: 1
Time elapsed 0.01 min
Memory used: 7.08 GB
Loaded train data from ../dataset/cola/train/8.npz
Data length: 1
Time elapsed 0.00 min
Memory used: 7.08 GB
Loaded train data from ../dataset/cola/train/3.npz
Data length: 1
Time elapsed 0.01 min
Memory used: 7.08 GB
Loaded train data from ../dataset/cola/train/9.npz
Data length: 1
Time elapsed 0.00 min
Memory used: 7.08 GB
Loaded train data from ../dataset/cola/train/5.npz
Data length: 1
Time elapsed 0.01 min
Memory used: 7.08 GB
Loaded train data from ../dataset/cola/train/6.npz
Data length: 1
Time elapsed 0.00 min
Memory used: 7.08 GB
Loaded train data from ../dataset/cola/train/4.npz
Data length: 1
Time elapsed 0.00 min
Memory used: 7.09 GB
Loaded train data from ../dataset/cola/train/2.npz
Data length: 1
Time elapsed 0.00 min
Memory used: 7.09 GB
------------------------- time cost ------------------------- 13.56136417388916

-------------Round number: 2-------------

Evaluate global model
Loaded test data from ../dataset/cola/test/0.npz
Data length: 1
metric.compute(): {'accuracy': 0.6825396825396826}
ct, ns, auc: 0.6825396825396826, 0, 0
Loaded test data from ../dataset/cola/test/1.npz
Data length: 1
metric.compute(): {'accuracy': 0.6616915422885572}
ct, ns, auc: 0.6616915422885572, 0, 0
Loaded test data from ../dataset/cola/test/2.npz
Data length: 1
metric.compute(): {'accuracy': 0.4125}
ct, ns, auc: 0.4125, 0, 0
Loaded test data from ../dataset/cola/test/3.npz
Data length: 1
metric.compute(): {'accuracy': 0.6994535519125683}
ct, ns, auc: 0.6994535519125683, 0, 0
Loaded test data from ../dataset/cola/test/4.npz
Data length: 1
metric.compute(): {'accuracy': 0.8}
ct, ns, auc: 0.8, 0, 0
Loaded test data from ../dataset/cola/test/5.npz
Data length: 1
metric.compute(): {'accuracy': 0.7849740932642487}
ct, ns, auc: 0.7849740932642487, 0, 0
Loaded test data from ../dataset/cola/test/6.npz
Data length: 1
metric.compute(): {'accuracy': 0.2872340425531915}
ct, ns, auc: 0.2872340425531915, 0, 0
Loaded test data from ../dataset/cola/test/7.npz
Data length: 1
metric.compute(): {'accuracy': 0.6842105263157895}
ct, ns, auc: 0.6842105263157895, 0, 0
Loaded test data from ../dataset/cola/test/8.npz
Data length: 1
metric.compute(): {'accuracy': 0.5660377358490566}
ct, ns, auc: 0.5660377358490566, 0, 0
Loaded test data from ../dataset/cola/test/9.npz
Data length: 1
metric.compute(): {'accuracy': 0.6103896103896104}
ct, ns, auc: 0.6103896103896104, 0, 0
ids: [0, 1, 2, 3, 4, 5, 6, 7, 8, 9]
stats[1]: [0, 0, 0, 0, 0, 0, 0, 0, 0, 0]
stats[2]: [0.6825396825396826, 0.6616915422885572, 0.4125, 0.6994535519125683, 0.8, 0.7849740932642487, 0.2872340425531915, 0.6842105263157895, 0.5660377358490566, 0.6103896103896104]
stats[3]: [0, 0, 0, 0, 0, 0, 0, 0, 0, 0]
Averaged Test Accuracy: 0.6189
Averaged Test AUC: 0.0000
Std Test Accuracy: 0.1607
Std Test AUC: 0.0000
Loaded train data from ../dataset/cola/train/9.npz
Data length: 1
Time elapsed 0.00 min
Memory used: 7.09 GB
Loaded train data from ../dataset/cola/train/0.npz
Data length: 1
Time elapsed 0.01 min
Memory used: 7.09 GB
Loaded train data from ../dataset/cola/train/4.npz
Data length: 1
Time elapsed 0.00 min
Memory used: 7.09 GB
Loaded train data from ../dataset/cola/train/3.npz
Data length: 1
Time elapsed 0.01 min
Memory used: 7.09 GB
Loaded train data from ../dataset/cola/train/1.npz
Data length: 1
Time elapsed 0.01 min
Memory used: 7.09 GB
Loaded train data from ../dataset/cola/train/5.npz
Data length: 1
Time elapsed 0.01 min
Memory used: 7.09 GB
Loaded train data from ../dataset/cola/train/6.npz
Data length: 1
Time elapsed 0.00 min
Memory used: 7.09 GB
Loaded train data from ../dataset/cola/train/7.npz
Data length: 1
Time elapsed 0.01 min
Memory used: 7.09 GB
Loaded train data from ../dataset/cola/train/8.npz
Data length: 1
Time elapsed 0.00 min
Memory used: 7.09 GB
Loaded train data from ../dataset/cola/train/2.npz
Data length: 1
Time elapsed 0.00 min
Memory used: 7.09 GB
------------------------- time cost ------------------------- 16.21355152130127

-------------Round number: 3-------------

Evaluate global model
Loaded test data from ../dataset/cola/test/0.npz
Data length: 1
metric.compute(): {'accuracy': 0.671957671957672}
ct, ns, auc: 0.671957671957672, 0, 0
Loaded test data from ../dataset/cola/test/1.npz
Data length: 1
metric.compute(): {'accuracy': 0.6616915422885572}
ct, ns, auc: 0.6616915422885572, 0, 0
Loaded test data from ../dataset/cola/test/2.npz
Data length: 1
metric.compute(): {'accuracy': 0.4625}
ct, ns, auc: 0.4625, 0, 0
Loaded test data from ../dataset/cola/test/3.npz
Data length: 1
metric.compute(): {'accuracy': 0.6994535519125683}
ct, ns, auc: 0.6994535519125683, 0, 0
Loaded test data from ../dataset/cola/test/4.npz
Data length: 1
metric.compute(): {'accuracy': 0.9}
ct, ns, auc: 0.9, 0, 0
Loaded test data from ../dataset/cola/test/5.npz
Data length: 1
metric.compute(): {'accuracy': 0.7849740932642487}
ct, ns, auc: 0.7849740932642487, 0, 0
Loaded test data from ../dataset/cola/test/6.npz
Data length: 1
metric.compute(): {'accuracy': 0.2872340425531915}
ct, ns, auc: 0.2872340425531915, 0, 0
Loaded test data from ../dataset/cola/test/7.npz
Data length: 1
metric.compute(): {'accuracy': 0.6842105263157895}
ct, ns, auc: 0.6842105263157895, 0, 0
Loaded test data from ../dataset/cola/test/8.npz
Data length: 1
metric.compute(): {'accuracy': 0.5849056603773585}
ct, ns, auc: 0.5849056603773585, 0, 0
Loaded test data from ../dataset/cola/test/9.npz
Data length: 1
metric.compute(): {'accuracy': 0.7142857142857143}
ct, ns, auc: 0.7142857142857143, 0, 0
ids: [0, 1, 2, 3, 4, 5, 6, 7, 8, 9]
stats[1]: [0, 0, 0, 0, 0, 0, 0, 0, 0, 0]
stats[2]: [0.671957671957672, 0.6616915422885572, 0.4625, 0.6994535519125683, 0.9, 0.7849740932642487, 0.2872340425531915, 0.6842105263157895, 0.5849056603773585, 0.7142857142857143]
stats[3]: [0, 0, 0, 0, 0, 0, 0, 0, 0, 0]
Averaged Test Accuracy: 0.6451
Averaged Test AUC: 0.0000
Std Test Accuracy: 0.1699
Std Test AUC: 0.0000
Loaded train data from ../dataset/cola/train/5.npz
Data length: 1
Time elapsed 0.01 min
Memory used: 7.09 GB
Loaded train data from ../dataset/cola/train/8.npz
Data length: 1
Time elapsed 0.00 min
Memory used: 7.09 GB
Loaded train data from ../dataset/cola/train/0.npz
Data length: 1
Time elapsed 0.00 min
Memory used: 7.09 GB
Loaded train data from ../dataset/cola/train/4.npz
Data length: 1
Time elapsed 0.00 min
Memory used: 7.09 GB
Loaded train data from ../dataset/cola/train/7.npz
Data length: 1
Time elapsed 0.01 min
Memory used: 7.09 GB
Loaded train data from ../dataset/cola/train/2.npz
Data length: 1
Time elapsed 0.00 min
Memory used: 7.09 GB
Loaded train data from ../dataset/cola/train/6.npz
Data length: 1
Time elapsed 0.00 min
Memory used: 7.09 GB
Loaded train data from ../dataset/cola/train/1.npz
Data length: 1
Time elapsed 0.01 min
Memory used: 7.09 GB
Loaded train data from ../dataset/cola/train/3.npz
Data length: 1
Time elapsed 0.01 min
Memory used: 7.09 GB
Loaded train data from ../dataset/cola/train/9.npz
Data length: 1
Time elapsed 0.00 min
Memory used: 7.09 GB
------------------------- time cost ------------------------- 15.463759422302246

-------------Round number: 4-------------

Evaluate global model
Loaded test data from ../dataset/cola/test/0.npz
Data length: 1
metric.compute(): {'accuracy': 0.671957671957672}
ct, ns, auc: 0.671957671957672, 0, 0
Loaded test data from ../dataset/cola/test/1.npz
Data length: 1
metric.compute(): {'accuracy': 0.6616915422885572}
ct, ns, auc: 0.6616915422885572, 0, 0
Loaded test data from ../dataset/cola/test/2.npz
Data length: 1
metric.compute(): {'accuracy': 0.5625}
ct, ns, auc: 0.5625, 0, 0
Loaded test data from ../dataset/cola/test/3.npz
Data length: 1
metric.compute(): {'accuracy': 0.6994535519125683}
ct, ns, auc: 0.6994535519125683, 0, 0
Loaded test data from ../dataset/cola/test/4.npz
Data length: 1
metric.compute(): {'accuracy': 0.9}
ct, ns, auc: 0.9, 0, 0
Loaded test data from ../dataset/cola/test/5.npz
Data length: 1
metric.compute(): {'accuracy': 0.7849740932642487}
ct, ns, auc: 0.7849740932642487, 0, 0
Loaded test data from ../dataset/cola/test/6.npz
Data length: 1
metric.compute(): {'accuracy': 0.2925531914893617}
ct, ns, auc: 0.2925531914893617, 0, 0
Loaded test data from ../dataset/cola/test/7.npz
Data length: 1
metric.compute(): {'accuracy': 0.6842105263157895}
ct, ns, auc: 0.6842105263157895, 0, 0
Loaded test data from ../dataset/cola/test/8.npz
Data length: 1
metric.compute(): {'accuracy': 0.5849056603773585}
ct, ns, auc: 0.5849056603773585, 0, 0
Loaded test data from ../dataset/cola/test/9.npz
Data length: 1
metric.compute(): {'accuracy': 0.7402597402597403}
ct, ns, auc: 0.7402597402597403, 0, 0
ids: [0, 1, 2, 3, 4, 5, 6, 7, 8, 9]
stats[1]: [0, 0, 0, 0, 0, 0, 0, 0, 0, 0]
stats[2]: [0.671957671957672, 0.6616915422885572, 0.5625, 0.6994535519125683, 0.9, 0.7849740932642487, 0.2925531914893617, 0.6842105263157895, 0.5849056603773585, 0.7402597402597403]
stats[3]: [0, 0, 0, 0, 0, 0, 0, 0, 0, 0]
Averaged Test Accuracy: 0.6583
Averaged Test AUC: 0.0000
Std Test Accuracy: 0.1606
Std Test AUC: 0.0000
Loaded train data from ../dataset/cola/train/0.npz
Data length: 1
Time elapsed 0.00 min
Memory used: 7.09 GB
Loaded train data from ../dataset/cola/train/6.npz
Data length: 1
Time elapsed 0.00 min
Memory used: 7.09 GB
Loaded train data from ../dataset/cola/train/8.npz
Data length: 1
Time elapsed 0.00 min
Memory used: 7.09 GB
Loaded train data from ../dataset/cola/train/5.npz
Data length: 1
Time elapsed 0.01 min
Memory used: 7.09 GB
Loaded train data from ../dataset/cola/train/4.npz
Data length: 1
Time elapsed 0.00 min
Memory used: 7.09 GB
Loaded train data from ../dataset/cola/train/2.npz
Data length: 1
Time elapsed 0.00 min
Memory used: 7.09 GB
Loaded train data from ../dataset/cola/train/7.npz
Data length: 1
Time elapsed 0.01 min
Memory used: 7.09 GB
Loaded train data from ../dataset/cola/train/9.npz
Data length: 1
Time elapsed 0.00 min
Memory used: 7.09 GB
Loaded train data from ../dataset/cola/train/1.npz
Data length: 1
Time elapsed 0.01 min
Memory used: 7.09 GB
Loaded train data from ../dataset/cola/train/3.npz
Data length: 1
Time elapsed 0.01 min
Memory used: 7.09 GB
------------------------- time cost ------------------------- 15.172182083129883

-------------Round number: 5-------------

Evaluate global model
Loaded test data from ../dataset/cola/test/0.npz
Data length: 1
metric.compute(): {'accuracy': 0.6772486772486772}
ct, ns, auc: 0.6772486772486772, 0, 0
Loaded test data from ../dataset/cola/test/1.npz
Data length: 1
metric.compute(): {'accuracy': 0.6616915422885572}
ct, ns, auc: 0.6616915422885572, 0, 0
Loaded test data from ../dataset/cola/test/2.npz
Data length: 1
metric.compute(): {'accuracy': 0.5875}
ct, ns, auc: 0.5875, 0, 0
Loaded test data from ../dataset/cola/test/3.npz
Data length: 1
metric.compute(): {'accuracy': 0.6994535519125683}
ct, ns, auc: 0.6994535519125683, 0, 0
Loaded test data from ../dataset/cola/test/4.npz
Data length: 1
metric.compute(): {'accuracy': 0.9}
ct, ns, auc: 0.9, 0, 0
Loaded test data from ../dataset/cola/test/5.npz
Data length: 1
metric.compute(): {'accuracy': 0.7849740932642487}
ct, ns, auc: 0.7849740932642487, 0, 0
Loaded test data from ../dataset/cola/test/6.npz
Data length: 1
metric.compute(): {'accuracy': 0.30319148936170215}
ct, ns, auc: 0.30319148936170215, 0, 0
Loaded test data from ../dataset/cola/test/7.npz
Data length: 1
metric.compute(): {'accuracy': 0.6842105263157895}
ct, ns, auc: 0.6842105263157895, 0, 0
Loaded test data from ../dataset/cola/test/8.npz
Data length: 1
metric.compute(): {'accuracy': 0.6037735849056604}
ct, ns, auc: 0.6037735849056604, 0, 0
Loaded test data from ../dataset/cola/test/9.npz
Data length: 1
metric.compute(): {'accuracy': 0.7532467532467533}
ct, ns, auc: 0.7532467532467533, 0, 0
ids: [0, 1, 2, 3, 4, 5, 6, 7, 8, 9]
stats[1]: [0, 0, 0, 0, 0, 0, 0, 0, 0, 0]
stats[2]: [0.6772486772486772, 0.6616915422885572, 0.5875, 0.6994535519125683, 0.9, 0.7849740932642487, 0.30319148936170215, 0.6842105263157895, 0.6037735849056604, 0.7532467532467533]
stats[3]: [0, 0, 0, 0, 0, 0, 0, 0, 0, 0]
Averaged Test Accuracy: 0.6655
Averaged Test AUC: 0.0000
Std Test Accuracy: 0.1563
Std Test AUC: 0.0000
Loaded train data from ../dataset/cola/train/7.npz
Data length: 1
Time elapsed 0.01 min
Memory used: 7.09 GB
Loaded train data from ../dataset/cola/train/9.npz
Data length: 1
Time elapsed 0.00 min
Memory used: 7.09 GB
Loaded train data from ../dataset/cola/train/6.npz
Data length: 1
Time elapsed 0.00 min
Memory used: 7.09 GB
Loaded train data from ../dataset/cola/train/8.npz
Data length: 1
Time elapsed 0.00 min
Memory used: 7.09 GB
Loaded train data from ../dataset/cola/train/0.npz
Data length: 1
Time elapsed 0.00 min
Memory used: 7.09 GB
Loaded train data from ../dataset/cola/train/4.npz
Data length: 1
Time elapsed 0.00 min
Memory used: 7.09 GB
Loaded train data from ../dataset/cola/train/3.npz
Data length: 1
Time elapsed 0.01 min
Memory used: 7.09 GB
Loaded train data from ../dataset/cola/train/2.npz
Data length: 1
Time elapsed 0.00 min
Memory used: 7.09 GB
Loaded train data from ../dataset/cola/train/5.npz
Data length: 1
Time elapsed 0.01 min
Memory used: 7.09 GB
Loaded train data from ../dataset/cola/train/1.npz
Data length: 1
Time elapsed 0.01 min
Memory used: 7.09 GB
------------------------- time cost ------------------------- 12.023638248443604

-------------Round number: 6-------------

Evaluate global model
Loaded test data from ../dataset/cola/test/0.npz
Data length: 1
metric.compute(): {'accuracy': 0.6825396825396826}
ct, ns, auc: 0.6825396825396826, 0, 0
Loaded test data from ../dataset/cola/test/1.npz
Data length: 1
metric.compute(): {'accuracy': 0.6616915422885572}
ct, ns, auc: 0.6616915422885572, 0, 0
Loaded test data from ../dataset/cola/test/2.npz
Data length: 1
metric.compute(): {'accuracy': 0.625}
ct, ns, auc: 0.625, 0, 0
Loaded test data from ../dataset/cola/test/3.npz
Data length: 1
metric.compute(): {'accuracy': 0.6994535519125683}
ct, ns, auc: 0.6994535519125683, 0, 0
Loaded test data from ../dataset/cola/test/4.npz
Data length: 1
metric.compute(): {'accuracy': 0.9}
ct, ns, auc: 0.9, 0, 0
Loaded test data from ../dataset/cola/test/5.npz
Data length: 1
metric.compute(): {'accuracy': 0.7849740932642487}
ct, ns, auc: 0.7849740932642487, 0, 0
Loaded test data from ../dataset/cola/test/6.npz
Data length: 1
metric.compute(): {'accuracy': 0.3404255319148936}
ct, ns, auc: 0.3404255319148936, 0, 0
Loaded test data from ../dataset/cola/test/7.npz
Data length: 1
metric.compute(): {'accuracy': 0.6842105263157895}
ct, ns, auc: 0.6842105263157895, 0, 0
Loaded test data from ../dataset/cola/test/8.npz
Data length: 1
metric.compute(): {'accuracy': 0.5660377358490566}
ct, ns, auc: 0.5660377358490566, 0, 0
Loaded test data from ../dataset/cola/test/9.npz
Data length: 1
metric.compute(): {'accuracy': 0.7532467532467533}
ct, ns, auc: 0.7532467532467533, 0, 0
ids: [0, 1, 2, 3, 4, 5, 6, 7, 8, 9]
stats[1]: [0, 0, 0, 0, 0, 0, 0, 0, 0, 0]
stats[2]: [0.6825396825396826, 0.6616915422885572, 0.625, 0.6994535519125683, 0.9, 0.7849740932642487, 0.3404255319148936, 0.6842105263157895, 0.5660377358490566, 0.7532467532467533]
stats[3]: [0, 0, 0, 0, 0, 0, 0, 0, 0, 0]
Averaged Test Accuracy: 0.6698
Averaged Test AUC: 0.0000
Std Test Accuracy: 0.1475
Std Test AUC: 0.0000
Loaded train data from ../dataset/cola/train/3.npz
Data length: 1
Time elapsed 0.01 min
Memory used: 7.09 GB
Loaded train data from ../dataset/cola/train/6.npz
Data length: 1
Time elapsed 0.00 min
Memory used: 7.09 GB
Loaded train data from ../dataset/cola/train/8.npz
Data length: 1
Time elapsed 0.00 min
Memory used: 7.09 GB
Loaded train data from ../dataset/cola/train/9.npz
Data length: 1
Time elapsed 0.00 min
Memory used: 7.09 GB
Loaded train data from ../dataset/cola/train/0.npz
Data length: 1
Time elapsed 0.00 min
Memory used: 7.09 GB
Loaded train data from ../dataset/cola/train/4.npz
Data length: 1
Time elapsed 0.00 min
Memory used: 7.09 GB
Loaded train data from ../dataset/cola/train/1.npz
Data length: 1
Time elapsed 0.01 min
Memory used: 7.09 GB
Loaded train data from ../dataset/cola/train/5.npz
Data length: 1
Time elapsed 0.01 min
Memory used: 7.09 GB
Loaded train data from ../dataset/cola/train/7.npz
Data length: 1
Time elapsed 0.01 min
Memory used: 7.09 GB
Loaded train data from ../dataset/cola/train/2.npz
Data length: 1
Time elapsed 0.00 min
Memory used: 7.09 GB
------------------------- time cost ------------------------- 11.709747791290283

-------------Round number: 7-------------

Evaluate global model
Loaded test data from ../dataset/cola/test/0.npz
Data length: 1
metric.compute(): {'accuracy': 0.6825396825396826}
ct, ns, auc: 0.6825396825396826, 0, 0
Loaded test data from ../dataset/cola/test/1.npz
Data length: 1
metric.compute(): {'accuracy': 0.6616915422885572}
ct, ns, auc: 0.6616915422885572, 0, 0
Loaded test data from ../dataset/cola/test/2.npz
Data length: 1
metric.compute(): {'accuracy': 0.65}
ct, ns, auc: 0.65, 0, 0
Loaded test data from ../dataset/cola/test/3.npz
Data length: 1
metric.compute(): {'accuracy': 0.6994535519125683}
ct, ns, auc: 0.6994535519125683, 0, 0
Loaded test data from ../dataset/cola/test/4.npz
Data length: 1
metric.compute(): {'accuracy': 0.8}
ct, ns, auc: 0.8, 0, 0
Loaded test data from ../dataset/cola/test/5.npz
Data length: 1
metric.compute(): {'accuracy': 0.7849740932642487}
ct, ns, auc: 0.7849740932642487, 0, 0
Loaded test data from ../dataset/cola/test/6.npz
Data length: 1
metric.compute(): {'accuracy': 0.5638297872340425}
ct, ns, auc: 0.5638297872340425, 0, 0
Loaded test data from ../dataset/cola/test/7.npz
Data length: 1
metric.compute(): {'accuracy': 0.6842105263157895}
ct, ns, auc: 0.6842105263157895, 0, 0
Loaded test data from ../dataset/cola/test/8.npz
Data length: 1
metric.compute(): {'accuracy': 0.5660377358490566}
ct, ns, auc: 0.5660377358490566, 0, 0
Loaded test data from ../dataset/cola/test/9.npz
Data length: 1
metric.compute(): {'accuracy': 0.7532467532467533}
ct, ns, auc: 0.7532467532467533, 0, 0
ids: [0, 1, 2, 3, 4, 5, 6, 7, 8, 9]
stats[1]: [0, 0, 0, 0, 0, 0, 0, 0, 0, 0]
stats[2]: [0.6825396825396826, 0.6616915422885572, 0.65, 0.6994535519125683, 0.8, 0.7849740932642487, 0.5638297872340425, 0.6842105263157895, 0.5660377358490566, 0.7532467532467533]
stats[3]: [0, 0, 0, 0, 0, 0, 0, 0, 0, 0]
Averaged Test Accuracy: 0.6846
Averaged Test AUC: 0.0000
Std Test Accuracy: 0.0808
Std Test AUC: 0.0000
Loaded train data from ../dataset/cola/train/2.npz
Data length: 1
Time elapsed 0.00 min
Memory used: 7.09 GB
Loaded train data from ../dataset/cola/train/3.npz
Data length: 1
Time elapsed 0.01 min
Memory used: 7.09 GB
Loaded train data from ../dataset/cola/train/8.npz
Data length: 1
Time elapsed 0.00 min
Memory used: 7.09 GB
Loaded train data from ../dataset/cola/train/9.npz
Data length: 1
Time elapsed 0.00 min
Memory used: 7.09 GB
Loaded train data from ../dataset/cola/train/7.npz
Data length: 1
Time elapsed 0.01 min
Memory used: 7.09 GB
Loaded train data from ../dataset/cola/train/6.npz
Data length: 1
Time elapsed 0.00 min
Memory used: 7.09 GB
Loaded train data from ../dataset/cola/train/4.npz
Data length: 1
Time elapsed 0.00 min
Memory used: 7.09 GB
Loaded train data from ../dataset/cola/train/1.npz
Data length: 1
Time elapsed 0.01 min
Memory used: 7.09 GB
Loaded train data from ../dataset/cola/train/5.npz
Data length: 1
Time elapsed 0.01 min
Memory used: 7.09 GB
Loaded train data from ../dataset/cola/train/0.npz
Data length: 1
Time elapsed 0.00 min
Memory used: 7.09 GB
------------------------- time cost ------------------------- 11.736239194869995

-------------Round number: 8-------------

Evaluate global model
Loaded test data from ../dataset/cola/test/0.npz
Data length: 1
metric.compute(): {'accuracy': 0.6825396825396826}
ct, ns, auc: 0.6825396825396826, 0, 0
Loaded test data from ../dataset/cola/test/1.npz
Data length: 1
metric.compute(): {'accuracy': 0.6616915422885572}
ct, ns, auc: 0.6616915422885572, 0, 0
Loaded test data from ../dataset/cola/test/2.npz
Data length: 1
metric.compute(): {'accuracy': 0.675}
ct, ns, auc: 0.675, 0, 0
Loaded test data from ../dataset/cola/test/3.npz
Data length: 1
metric.compute(): {'accuracy': 0.6994535519125683}
ct, ns, auc: 0.6994535519125683, 0, 0
Loaded test data from ../dataset/cola/test/4.npz
Data length: 1
metric.compute(): {'accuracy': 0.8}
ct, ns, auc: 0.8, 0, 0
Loaded test data from ../dataset/cola/test/5.npz
Data length: 1
metric.compute(): {'accuracy': 0.7849740932642487}
ct, ns, auc: 0.7849740932642487, 0, 0
Loaded test data from ../dataset/cola/test/6.npz
Data length: 1
metric.compute(): {'accuracy': 0.6808510638297872}
ct, ns, auc: 0.6808510638297872, 0, 0
Loaded test data from ../dataset/cola/test/7.npz
Data length: 1
metric.compute(): {'accuracy': 0.6842105263157895}
ct, ns, auc: 0.6842105263157895, 0, 0
Loaded test data from ../dataset/cola/test/8.npz
Data length: 1
metric.compute(): {'accuracy': 0.6226415094339622}
ct, ns, auc: 0.6226415094339622, 0, 0
Loaded test data from ../dataset/cola/test/9.npz
Data length: 1
metric.compute(): {'accuracy': 0.7532467532467533}
ct, ns, auc: 0.7532467532467533, 0, 0
ids: [0, 1, 2, 3, 4, 5, 6, 7, 8, 9]
stats[1]: [0, 0, 0, 0, 0, 0, 0, 0, 0, 0]
stats[2]: [0.6825396825396826, 0.6616915422885572, 0.675, 0.6994535519125683, 0.8, 0.7849740932642487, 0.6808510638297872, 0.6842105263157895, 0.6226415094339622, 0.7532467532467533]
stats[3]: [0, 0, 0, 0, 0, 0, 0, 0, 0, 0]
Averaged Test Accuracy: 0.7045
Averaged Test AUC: 0.0000
Std Test Accuracy: 0.0566
Std Test AUC: 0.0000
Loaded train data from ../dataset/cola/train/8.npz
Data length: 1
Time elapsed 0.00 min
Memory used: 7.09 GB
Loaded train data from ../dataset/cola/train/7.npz
Data length: 1
Time elapsed 0.01 min
Memory used: 7.09 GB
Loaded train data from ../dataset/cola/train/6.npz
Data length: 1
Time elapsed 0.00 min
Memory used: 7.09 GB
Loaded train data from ../dataset/cola/train/0.npz
Data length: 1
Time elapsed 0.00 min
Memory used: 7.09 GB
Loaded train data from ../dataset/cola/train/4.npz
Data length: 1
Time elapsed 0.00 min
Memory used: 7.09 GB
Loaded train data from ../dataset/cola/train/2.npz
Data length: 1
Time elapsed 0.00 min
Memory used: 7.09 GB
Loaded train data from ../dataset/cola/train/5.npz
Data length: 1
Time elapsed 0.01 min
Memory used: 7.09 GB
Loaded train data from ../dataset/cola/train/1.npz
Data length: 1
Time elapsed 0.01 min
Memory used: 7.09 GB
Loaded train data from ../dataset/cola/train/3.npz
Data length: 1
Time elapsed 0.01 min
Memory used: 7.09 GB
Loaded train data from ../dataset/cola/train/9.npz
Data length: 1
Time elapsed 0.00 min
Memory used: 7.09 GB
------------------------- time cost ------------------------- 11.532768249511719

-------------Round number: 9-------------

Evaluate global model
Loaded test data from ../dataset/cola/test/0.npz
Data length: 1
metric.compute(): {'accuracy': 0.6825396825396826}
ct, ns, auc: 0.6825396825396826, 0, 0
Loaded test data from ../dataset/cola/test/1.npz
Data length: 1
metric.compute(): {'accuracy': 0.6616915422885572}
ct, ns, auc: 0.6616915422885572, 0, 0
Loaded test data from ../dataset/cola/test/2.npz
Data length: 1
metric.compute(): {'accuracy': 0.6875}
ct, ns, auc: 0.6875, 0, 0
Loaded test data from ../dataset/cola/test/3.npz
Data length: 1
metric.compute(): {'accuracy': 0.6994535519125683}
ct, ns, auc: 0.6994535519125683, 0, 0
Loaded test data from ../dataset/cola/test/4.npz
Data length: 1
metric.compute(): {'accuracy': 0.8}
ct, ns, auc: 0.8, 0, 0
Loaded test data from ../dataset/cola/test/5.npz
Data length: 1
metric.compute(): {'accuracy': 0.7849740932642487}
ct, ns, auc: 0.7849740932642487, 0, 0
Loaded test data from ../dataset/cola/test/6.npz
Data length: 1
metric.compute(): {'accuracy': 0.7180851063829787}
ct, ns, auc: 0.7180851063829787, 0, 0
Loaded test data from ../dataset/cola/test/7.npz
Data length: 1
metric.compute(): {'accuracy': 0.6842105263157895}
ct, ns, auc: 0.6842105263157895, 0, 0
Loaded test data from ../dataset/cola/test/8.npz
Data length: 1
metric.compute(): {'accuracy': 0.6415094339622641}
ct, ns, auc: 0.6415094339622641, 0, 0
Loaded test data from ../dataset/cola/test/9.npz
Data length: 1
metric.compute(): {'accuracy': 0.7532467532467533}
ct, ns, auc: 0.7532467532467533, 0, 0
ids: [0, 1, 2, 3, 4, 5, 6, 7, 8, 9]
stats[1]: [0, 0, 0, 0, 0, 0, 0, 0, 0, 0]
stats[2]: [0.6825396825396826, 0.6616915422885572, 0.6875, 0.6994535519125683, 0.8, 0.7849740932642487, 0.7180851063829787, 0.6842105263157895, 0.6415094339622641, 0.7532467532467533]
stats[3]: [0, 0, 0, 0, 0, 0, 0, 0, 0, 0]
Averaged Test Accuracy: 0.7113
Averaged Test AUC: 0.0000
Std Test Accuracy: 0.0524
Std Test AUC: 0.0000
Loaded train data from ../dataset/cola/train/5.npz
Data length: 1
Time elapsed 0.01 min
Memory used: 7.09 GB
Loaded train data from ../dataset/cola/train/9.npz
Data length: 1
Time elapsed 0.00 min
Memory used: 7.09 GB
Loaded train data from ../dataset/cola/train/6.npz
Data length: 1
Time elapsed 0.00 min
Memory used: 7.09 GB
Loaded train data from ../dataset/cola/train/4.npz
Data length: 1
Time elapsed 0.00 min
Memory used: 7.09 GB
Loaded train data from ../dataset/cola/train/7.npz
Data length: 1
Time elapsed 0.01 min
Memory used: 7.09 GB
Loaded train data from ../dataset/cola/train/3.npz
Data length: 1
Time elapsed 0.01 min
Memory used: 7.09 GB
Loaded train data from ../dataset/cola/train/8.npz
Data length: 1
Time elapsed 0.00 min
Memory used: 7.09 GB
Loaded train data from ../dataset/cola/train/0.npz
Data length: 1
Time elapsed 0.00 min
Memory used: 7.09 GB
Loaded train data from ../dataset/cola/train/1.npz
Data length: 1
Time elapsed 0.01 min
Memory used: 7.09 GB
Loaded train data from ../dataset/cola/train/2.npz
Data length: 1
Time elapsed 0.00 min
Memory used: 7.09 GB
------------------------- time cost ------------------------- 11.532987594604492

-------------Round number: 10-------------

Evaluate global model
Loaded test data from ../dataset/cola/test/0.npz
Data length: 1
metric.compute(): {'accuracy': 0.6825396825396826}
ct, ns, auc: 0.6825396825396826, 0, 0
Loaded test data from ../dataset/cola/test/1.npz
Data length: 1
metric.compute(): {'accuracy': 0.6616915422885572}
ct, ns, auc: 0.6616915422885572, 0, 0
Loaded test data from ../dataset/cola/test/2.npz
Data length: 1
metric.compute(): {'accuracy': 0.675}
ct, ns, auc: 0.675, 0, 0
Loaded test data from ../dataset/cola/test/3.npz
Data length: 1
metric.compute(): {'accuracy': 0.6994535519125683}
ct, ns, auc: 0.6994535519125683, 0, 0
Loaded test data from ../dataset/cola/test/4.npz
Data length: 1
metric.compute(): {'accuracy': 0.7}
ct, ns, auc: 0.7, 0, 0
Loaded test data from ../dataset/cola/test/5.npz
Data length: 1
metric.compute(): {'accuracy': 0.7849740932642487}
ct, ns, auc: 0.7849740932642487, 0, 0
Loaded test data from ../dataset/cola/test/6.npz
Data length: 1
metric.compute(): {'accuracy': 0.7180851063829787}
ct, ns, auc: 0.7180851063829787, 0, 0
Loaded test data from ../dataset/cola/test/7.npz
Data length: 1
metric.compute(): {'accuracy': 0.6842105263157895}
ct, ns, auc: 0.6842105263157895, 0, 0
Loaded test data from ../dataset/cola/test/8.npz
Data length: 1
metric.compute(): {'accuracy': 0.6415094339622641}
ct, ns, auc: 0.6415094339622641, 0, 0
Loaded test data from ../dataset/cola/test/9.npz
Data length: 1
metric.compute(): {'accuracy': 0.7272727272727273}
ct, ns, auc: 0.7272727272727273, 0, 0
ids: [0, 1, 2, 3, 4, 5, 6, 7, 8, 9]
stats[1]: [0, 0, 0, 0, 0, 0, 0, 0, 0, 0]
stats[2]: [0.6825396825396826, 0.6616915422885572, 0.675, 0.6994535519125683, 0.7, 0.7849740932642487, 0.7180851063829787, 0.6842105263157895, 0.6415094339622641, 0.7272727272727273]
stats[3]: [0, 0, 0, 0, 0, 0, 0, 0, 0, 0]
Averaged Test Accuracy: 0.6975
Averaged Test AUC: 0.0000
Std Test Accuracy: 0.0399
Std Test AUC: 0.0000
Loaded train data from ../dataset/cola/train/8.npz
Data length: 1
Time elapsed 0.00 min
Memory used: 7.09 GB
Loaded train data from ../dataset/cola/train/7.npz
Data length: 1
Time elapsed 0.01 min
Memory used: 7.09 GB
Loaded train data from ../dataset/cola/train/2.npz
Data length: 1
Time elapsed 0.00 min
Memory used: 7.09 GB
Loaded train data from ../dataset/cola/train/4.npz
Data length: 1
Time elapsed 0.00 min
Memory used: 7.09 GB
Loaded train data from ../dataset/cola/train/6.npz
Data length: 1
Time elapsed 0.00 min
Memory used: 7.09 GB
Loaded train data from ../dataset/cola/train/3.npz
Data length: 1
Time elapsed 0.01 min
Memory used: 7.09 GB
Loaded train data from ../dataset/cola/train/0.npz
Data length: 1
Time elapsed 0.00 min
Memory used: 7.09 GB
Loaded train data from ../dataset/cola/train/1.npz
Data length: 1
Time elapsed 0.01 min
Memory used: 7.09 GB
Loaded train data from ../dataset/cola/train/9.npz
Data length: 1
Time elapsed 0.00 min
Memory used: 7.09 GB
Loaded train data from ../dataset/cola/train/5.npz
Data length: 1
Time elapsed 0.01 min
Memory used: 7.09 GB
------------------------- time cost ------------------------- 11.49689769744873

-------------Round number: 11-------------

Evaluate global model
Loaded test data from ../dataset/cola/test/0.npz
Data length: 1
metric.compute(): {'accuracy': 0.6825396825396826}
ct, ns, auc: 0.6825396825396826, 0, 0
Loaded test data from ../dataset/cola/test/1.npz
Data length: 1
metric.compute(): {'accuracy': 0.6616915422885572}
ct, ns, auc: 0.6616915422885572, 0, 0
Loaded test data from ../dataset/cola/test/2.npz
Data length: 1
metric.compute(): {'accuracy': 0.675}
ct, ns, auc: 0.675, 0, 0
Loaded test data from ../dataset/cola/test/3.npz
Data length: 1
metric.compute(): {'accuracy': 0.7062841530054644}
ct, ns, auc: 0.7062841530054644, 0, 0
Loaded test data from ../dataset/cola/test/4.npz
Data length: 1
metric.compute(): {'accuracy': 0.7}
ct, ns, auc: 0.7, 0, 0
Loaded test data from ../dataset/cola/test/5.npz
Data length: 1
metric.compute(): {'accuracy': 0.7849740932642487}
ct, ns, auc: 0.7849740932642487, 0, 0
Loaded test data from ../dataset/cola/test/6.npz
Data length: 1
metric.compute(): {'accuracy': 0.7180851063829787}
ct, ns, auc: 0.7180851063829787, 0, 0
Loaded test data from ../dataset/cola/test/7.npz
Data length: 1
metric.compute(): {'accuracy': 0.6877192982456141}
ct, ns, auc: 0.6877192982456141, 0, 0
Loaded test data from ../dataset/cola/test/8.npz
Data length: 1
metric.compute(): {'accuracy': 0.5849056603773585}
ct, ns, auc: 0.5849056603773585, 0, 0
Loaded test data from ../dataset/cola/test/9.npz
Data length: 1
metric.compute(): {'accuracy': 0.7272727272727273}
ct, ns, auc: 0.7272727272727273, 0, 0
ids: [0, 1, 2, 3, 4, 5, 6, 7, 8, 9]
stats[1]: [0, 0, 0, 0, 0, 0, 0, 0, 0, 0]
stats[2]: [0.6825396825396826, 0.6616915422885572, 0.675, 0.7062841530054644, 0.7, 0.7849740932642487, 0.7180851063829787, 0.6877192982456141, 0.5849056603773585, 0.7272727272727273]
stats[3]: [0, 0, 0, 0, 0, 0, 0, 0, 0, 0]
Averaged Test Accuracy: 0.6928
Averaged Test AUC: 0.0000
Std Test Accuracy: 0.0512
Std Test AUC: 0.0000
Loaded train data from ../dataset/cola/train/6.npz
Data length: 1
Time elapsed 0.00 min
Memory used: 7.09 GB
Loaded train data from ../dataset/cola/train/2.npz
Data length: 1
Time elapsed 0.00 min
Memory used: 7.09 GB
Loaded train data from ../dataset/cola/train/0.npz
Data length: 1
Time elapsed 0.00 min
Memory used: 7.09 GB
Loaded train data from ../dataset/cola/train/8.npz
Data length: 1
Time elapsed 0.00 min
Memory used: 7.09 GB
Loaded train data from ../dataset/cola/train/9.npz
Data length: 1
Time elapsed 0.00 min
Memory used: 7.09 GB
Loaded train data from ../dataset/cola/train/3.npz
Data length: 1
Time elapsed 0.01 min
Memory used: 7.09 GB
Loaded train data from ../dataset/cola/train/7.npz
Data length: 1
Time elapsed 0.01 min
Memory used: 7.09 GB
Loaded train data from ../dataset/cola/train/4.npz
Data length: 1
Time elapsed 0.00 min
Memory used: 7.09 GB
Loaded train data from ../dataset/cola/train/5.npz
Data length: 1
Time elapsed 0.01 min
Memory used: 7.09 GB
Loaded train data from ../dataset/cola/train/1.npz
Data length: 1
Time elapsed 0.01 min
Memory used: 7.09 GB
------------------------- time cost ------------------------- 13.259600400924683

-------------Round number: 12-------------

Evaluate global model
Loaded test data from ../dataset/cola/test/0.npz
Data length: 1
metric.compute(): {'accuracy': 0.6825396825396826}
ct, ns, auc: 0.6825396825396826, 0, 0
Loaded test data from ../dataset/cola/test/1.npz
Data length: 1
metric.compute(): {'accuracy': 0.6791044776119403}
ct, ns, auc: 0.6791044776119403, 0, 0
Loaded test data from ../dataset/cola/test/2.npz
Data length: 1
metric.compute(): {'accuracy': 0.675}
ct, ns, auc: 0.675, 0, 0
Loaded test data from ../dataset/cola/test/3.npz
Data length: 1
metric.compute(): {'accuracy': 0.7254098360655737}
ct, ns, auc: 0.7254098360655737, 0, 0
Loaded test data from ../dataset/cola/test/4.npz
Data length: 1
metric.compute(): {'accuracy': 0.8}
ct, ns, auc: 0.8, 0, 0
Loaded test data from ../dataset/cola/test/5.npz
Data length: 1
metric.compute(): {'accuracy': 0.7849740932642487}
ct, ns, auc: 0.7849740932642487, 0, 0
Loaded test data from ../dataset/cola/test/6.npz
Data length: 1
metric.compute(): {'accuracy': 0.7180851063829787}
ct, ns, auc: 0.7180851063829787, 0, 0
Loaded test data from ../dataset/cola/test/7.npz
Data length: 1
metric.compute(): {'accuracy': 0.6877192982456141}
ct, ns, auc: 0.6877192982456141, 0, 0
Loaded test data from ../dataset/cola/test/8.npz
Data length: 1
metric.compute(): {'accuracy': 0.6037735849056604}
ct, ns, auc: 0.6037735849056604, 0, 0
Loaded test data from ../dataset/cola/test/9.npz
Data length: 1
metric.compute(): {'accuracy': 0.7272727272727273}
ct, ns, auc: 0.7272727272727273, 0, 0
ids: [0, 1, 2, 3, 4, 5, 6, 7, 8, 9]
stats[1]: [0, 0, 0, 0, 0, 0, 0, 0, 0, 0]
stats[2]: [0.6825396825396826, 0.6791044776119403, 0.675, 0.7254098360655737, 0.8, 0.7849740932642487, 0.7180851063829787, 0.6877192982456141, 0.6037735849056604, 0.7272727272727273]
stats[3]: [0, 0, 0, 0, 0, 0, 0, 0, 0, 0]
Averaged Test Accuracy: 0.7084
Averaged Test AUC: 0.0000
Std Test Accuracy: 0.0568
Std Test AUC: 0.0000
Loaded train data from ../dataset/cola/train/7.npz
Data length: 1
Time elapsed 0.01 min
Memory used: 7.09 GB
Loaded train data from ../dataset/cola/train/4.npz
Data length: 1
Time elapsed 0.00 min
Memory used: 7.09 GB
Loaded train data from ../dataset/cola/train/5.npz
Data length: 1
Time elapsed 0.01 min
Memory used: 7.09 GB
Loaded train data from ../dataset/cola/train/8.npz
Data length: 1
Time elapsed 0.00 min
Memory used: 7.09 GB
Loaded train data from ../dataset/cola/train/3.npz
Data length: 1
Time elapsed 0.01 min
Memory used: 7.09 GB
Loaded train data from ../dataset/cola/train/6.npz
Data length: 1
Time elapsed 0.00 min
Memory used: 7.09 GB
Loaded train data from ../dataset/cola/train/1.npz
Data length: 1
Time elapsed 0.01 min
Memory used: 7.09 GB
Loaded train data from ../dataset/cola/train/2.npz
Data length: 1
Time elapsed 0.00 min
Memory used: 7.09 GB
Loaded train data from ../dataset/cola/train/0.npz
Data length: 1
Time elapsed 0.00 min
Memory used: 7.09 GB
Loaded train data from ../dataset/cola/train/9.npz
Data length: 1
Time elapsed 0.00 min
Memory used: 7.09 GB
------------------------- time cost ------------------------- 11.328917264938354

-------------Round number: 13-------------

Evaluate global model
Loaded test data from ../dataset/cola/test/0.npz
Data length: 1
metric.compute(): {'accuracy': 0.6825396825396826}
ct, ns, auc: 0.6825396825396826, 0, 0
Loaded test data from ../dataset/cola/test/1.npz
Data length: 1
metric.compute(): {'accuracy': 0.6791044776119403}
ct, ns, auc: 0.6791044776119403, 0, 0
Loaded test data from ../dataset/cola/test/2.npz
Data length: 1
metric.compute(): {'accuracy': 0.675}
ct, ns, auc: 0.675, 0, 0
Loaded test data from ../dataset/cola/test/3.npz
Data length: 1
metric.compute(): {'accuracy': 0.7336065573770492}
ct, ns, auc: 0.7336065573770492, 0, 0
Loaded test data from ../dataset/cola/test/4.npz
Data length: 1
metric.compute(): {'accuracy': 0.8}
ct, ns, auc: 0.8, 0, 0
Loaded test data from ../dataset/cola/test/5.npz
Data length: 1
metric.compute(): {'accuracy': 0.7849740932642487}
ct, ns, auc: 0.7849740932642487, 0, 0
Loaded test data from ../dataset/cola/test/6.npz
Data length: 1
metric.compute(): {'accuracy': 0.7127659574468085}
ct, ns, auc: 0.7127659574468085, 0, 0
Loaded test data from ../dataset/cola/test/7.npz
Data length: 1
metric.compute(): {'accuracy': 0.6912280701754386}
ct, ns, auc: 0.6912280701754386, 0, 0
Loaded test data from ../dataset/cola/test/8.npz
Data length: 1
metric.compute(): {'accuracy': 0.6037735849056604}
ct, ns, auc: 0.6037735849056604, 0, 0
Loaded test data from ../dataset/cola/test/9.npz
Data length: 1
metric.compute(): {'accuracy': 0.7272727272727273}
ct, ns, auc: 0.7272727272727273, 0, 0
ids: [0, 1, 2, 3, 4, 5, 6, 7, 8, 9]
stats[1]: [0, 0, 0, 0, 0, 0, 0, 0, 0, 0]
stats[2]: [0.6825396825396826, 0.6791044776119403, 0.675, 0.7336065573770492, 0.8, 0.7849740932642487, 0.7127659574468085, 0.6912280701754386, 0.6037735849056604, 0.7272727272727273]
stats[3]: [0, 0, 0, 0, 0, 0, 0, 0, 0, 0]
Averaged Test Accuracy: 0.7090
Averaged Test AUC: 0.0000
Std Test Accuracy: 0.0569
Std Test AUC: 0.0000
Loaded train data from ../dataset/cola/train/8.npz
Data length: 1
Time elapsed 0.00 min
Memory used: 7.09 GB
Loaded train data from ../dataset/cola/train/4.npz
Data length: 1
Time elapsed 0.00 min
Memory used: 7.09 GB
Loaded train data from ../dataset/cola/train/3.npz
Data length: 1
Time elapsed 0.01 min
Memory used: 7.09 GB
Loaded train data from ../dataset/cola/train/1.npz
Data length: 1
Time elapsed 0.01 min
Memory used: 7.09 GB
Loaded train data from ../dataset/cola/train/9.npz
Data length: 1
Time elapsed 0.00 min
Memory used: 7.09 GB
Loaded train data from ../dataset/cola/train/5.npz
Data length: 1
Time elapsed 0.01 min
Memory used: 7.09 GB
Loaded train data from ../dataset/cola/train/6.npz
Data length: 1
Time elapsed 0.00 min
Memory used: 7.09 GB
Loaded train data from ../dataset/cola/train/2.npz
Data length: 1
Time elapsed 0.00 min
Memory used: 7.09 GB
Loaded train data from ../dataset/cola/train/7.npz
Data length: 1
Time elapsed 0.01 min
Memory used: 7.09 GB
Loaded train data from ../dataset/cola/train/0.npz
Data length: 1
Time elapsed 0.00 min
Memory used: 7.09 GB
------------------------- time cost ------------------------- 15.320587396621704

-------------Round number: 14-------------

Evaluate global model
Loaded test data from ../dataset/cola/test/0.npz
Data length: 1
metric.compute(): {'accuracy': 0.6825396825396826}
ct, ns, auc: 0.6825396825396826, 0, 0
Loaded test data from ../dataset/cola/test/1.npz
Data length: 1
metric.compute(): {'accuracy': 0.6791044776119403}
ct, ns, auc: 0.6791044776119403, 0, 0
Loaded test data from ../dataset/cola/test/2.npz
Data length: 1
metric.compute(): {'accuracy': 0.675}
ct, ns, auc: 0.675, 0, 0
Loaded test data from ../dataset/cola/test/3.npz
Data length: 1
metric.compute(): {'accuracy': 0.7349726775956285}
ct, ns, auc: 0.7349726775956285, 0, 0
Loaded test data from ../dataset/cola/test/4.npz
Data length: 1
metric.compute(): {'accuracy': 0.8}
ct, ns, auc: 0.8, 0, 0
Loaded test data from ../dataset/cola/test/5.npz
Data length: 1
metric.compute(): {'accuracy': 0.7849740932642487}
ct, ns, auc: 0.7849740932642487, 0, 0
Loaded test data from ../dataset/cola/test/6.npz
Data length: 1
metric.compute(): {'accuracy': 0.7127659574468085}
ct, ns, auc: 0.7127659574468085, 0, 0
Loaded test data from ../dataset/cola/test/7.npz
Data length: 1
metric.compute(): {'accuracy': 0.6912280701754386}
ct, ns, auc: 0.6912280701754386, 0, 0
Loaded test data from ../dataset/cola/test/8.npz
Data length: 1
metric.compute(): {'accuracy': 0.6037735849056604}
ct, ns, auc: 0.6037735849056604, 0, 0
Loaded test data from ../dataset/cola/test/9.npz
Data length: 1
metric.compute(): {'accuracy': 0.7532467532467533}
ct, ns, auc: 0.7532467532467533, 0, 0
ids: [0, 1, 2, 3, 4, 5, 6, 7, 8, 9]
stats[1]: [0, 0, 0, 0, 0, 0, 0, 0, 0, 0]
stats[2]: [0.6825396825396826, 0.6791044776119403, 0.675, 0.7349726775956285, 0.8, 0.7849740932642487, 0.7127659574468085, 0.6912280701754386, 0.6037735849056604, 0.7532467532467533]
stats[3]: [0, 0, 0, 0, 0, 0, 0, 0, 0, 0]
Averaged Test Accuracy: 0.7118
Averaged Test AUC: 0.0000
Std Test Accuracy: 0.0585
Std Test AUC: 0.0000
Loaded train data from ../dataset/cola/train/8.npz
Data length: 1
Time elapsed 0.00 min
Memory used: 7.09 GB
Loaded train data from ../dataset/cola/train/3.npz
Data length: 1
Time elapsed 0.01 min
Memory used: 7.09 GB
Loaded train data from ../dataset/cola/train/4.npz
Data length: 1
Time elapsed 0.00 min
Memory used: 7.09 GB
Loaded train data from ../dataset/cola/train/6.npz
Data length: 1
Time elapsed 0.00 min
Memory used: 7.09 GB
Loaded train data from ../dataset/cola/train/5.npz
Data length: 1
Time elapsed 0.01 min
Memory used: 7.09 GB
Loaded train data from ../dataset/cola/train/0.npz
Data length: 1
Time elapsed 0.00 min
Memory used: 7.09 GB
Loaded train data from ../dataset/cola/train/7.npz
Data length: 1
Time elapsed 0.01 min
Memory used: 7.09 GB
Loaded train data from ../dataset/cola/train/2.npz
Data length: 1
Time elapsed 0.00 min
Memory used: 7.09 GB
Loaded train data from ../dataset/cola/train/9.npz
Data length: 1
Time elapsed 0.00 min
Memory used: 7.09 GB
Loaded train data from ../dataset/cola/train/1.npz
Data length: 1
Time elapsed 0.01 min
Memory used: 7.09 GB
------------------------- time cost ------------------------- 11.620737552642822

-------------Round number: 15-------------

Evaluate global model
Loaded test data from ../dataset/cola/test/0.npz
Data length: 1
metric.compute(): {'accuracy': 0.6772486772486772}
ct, ns, auc: 0.6772486772486772, 0, 0
Loaded test data from ../dataset/cola/test/1.npz
Data length: 1
metric.compute(): {'accuracy': 0.6965174129353234}
ct, ns, auc: 0.6965174129353234, 0, 0
Loaded test data from ../dataset/cola/test/2.npz
Data length: 1
metric.compute(): {'accuracy': 0.675}
ct, ns, auc: 0.675, 0, 0
Loaded test data from ../dataset/cola/test/3.npz
Data length: 1
metric.compute(): {'accuracy': 0.744535519125683}
ct, ns, auc: 0.744535519125683, 0, 0
Loaded test data from ../dataset/cola/test/4.npz
Data length: 1
metric.compute(): {'accuracy': 0.8}
ct, ns, auc: 0.8, 0, 0
Loaded test data from ../dataset/cola/test/5.npz
Data length: 1
metric.compute(): {'accuracy': 0.7849740932642487}
ct, ns, auc: 0.7849740932642487, 0, 0
Loaded test data from ../dataset/cola/test/6.npz
Data length: 1
metric.compute(): {'accuracy': 0.7180851063829787}
ct, ns, auc: 0.7180851063829787, 0, 0
Loaded test data from ../dataset/cola/test/7.npz
Data length: 1
metric.compute(): {'accuracy': 0.6982456140350877}
ct, ns, auc: 0.6982456140350877, 0, 0
Loaded test data from ../dataset/cola/test/8.npz
Data length: 1
metric.compute(): {'accuracy': 0.6037735849056604}
ct, ns, auc: 0.6037735849056604, 0, 0
Loaded test data from ../dataset/cola/test/9.npz
Data length: 1
metric.compute(): {'accuracy': 0.7532467532467533}
ct, ns, auc: 0.7532467532467533, 0, 0
ids: [0, 1, 2, 3, 4, 5, 6, 7, 8, 9]
stats[1]: [0, 0, 0, 0, 0, 0, 0, 0, 0, 0]
stats[2]: [0.6772486772486772, 0.6965174129353234, 0.675, 0.744535519125683, 0.8, 0.7849740932642487, 0.7180851063829787, 0.6982456140350877, 0.6037735849056604, 0.7532467532467533]
stats[3]: [0, 0, 0, 0, 0, 0, 0, 0, 0, 0]
Averaged Test Accuracy: 0.7152
Averaged Test AUC: 0.0000
Std Test Accuracy: 0.0582
Std Test AUC: 0.0000
Loaded train data from ../dataset/cola/train/2.npz
Data length: 1
Time elapsed 0.00 min
Memory used: 7.09 GB
Loaded train data from ../dataset/cola/train/3.npz
Data length: 1
Time elapsed 0.01 min
Memory used: 7.09 GB
Loaded train data from ../dataset/cola/train/4.npz
Data length: 1
Time elapsed 0.00 min
Memory used: 7.09 GB
Loaded train data from ../dataset/cola/train/6.npz
Data length: 1
Time elapsed 0.00 min
Memory used: 7.09 GB
Loaded train data from ../dataset/cola/train/5.npz
Data length: 1
Time elapsed 0.01 min
Memory used: 7.09 GB
Loaded train data from ../dataset/cola/train/8.npz
Data length: 1
Time elapsed 0.00 min
Memory used: 7.09 GB
Loaded train data from ../dataset/cola/train/9.npz
Data length: 1
Time elapsed 0.00 min
Memory used: 7.09 GB
Loaded train data from ../dataset/cola/train/7.npz
Data length: 1
Time elapsed 0.01 min
Memory used: 7.09 GB
Loaded train data from ../dataset/cola/train/0.npz
Data length: 1
Time elapsed 0.00 min
Memory used: 7.09 GB
Loaded train data from ../dataset/cola/train/1.npz
Data length: 1
Time elapsed 0.01 min
Memory used: 7.09 GB
------------------------- time cost ------------------------- 11.296708106994629

-------------Round number: 16-------------

Evaluate global model
Loaded test data from ../dataset/cola/test/0.npz
Data length: 1
metric.compute(): {'accuracy': 0.6825396825396826}
ct, ns, auc: 0.6825396825396826, 0, 0
Loaded test data from ../dataset/cola/test/1.npz
Data length: 1
metric.compute(): {'accuracy': 0.7089552238805971}
ct, ns, auc: 0.7089552238805971, 0, 0
Loaded test data from ../dataset/cola/test/2.npz
Data length: 1
metric.compute(): {'accuracy': 0.675}
ct, ns, auc: 0.675, 0, 0
Loaded test data from ../dataset/cola/test/3.npz
Data length: 1
metric.compute(): {'accuracy': 0.7431693989071039}
ct, ns, auc: 0.7431693989071039, 0, 0
Loaded test data from ../dataset/cola/test/4.npz
Data length: 1
metric.compute(): {'accuracy': 0.8}
ct, ns, auc: 0.8, 0, 0
Loaded test data from ../dataset/cola/test/5.npz
Data length: 1
metric.compute(): {'accuracy': 0.7849740932642487}
ct, ns, auc: 0.7849740932642487, 0, 0
Loaded test data from ../dataset/cola/test/6.npz
Data length: 1
metric.compute(): {'accuracy': 0.7340425531914894}
ct, ns, auc: 0.7340425531914894, 0, 0
Loaded test data from ../dataset/cola/test/7.npz
Data length: 1
metric.compute(): {'accuracy': 0.7052631578947368}
ct, ns, auc: 0.7052631578947368, 0, 0
Loaded test data from ../dataset/cola/test/8.npz
Data length: 1
metric.compute(): {'accuracy': 0.6037735849056604}
ct, ns, auc: 0.6037735849056604, 0, 0
Loaded test data from ../dataset/cola/test/9.npz
Data length: 1
metric.compute(): {'accuracy': 0.7532467532467533}
ct, ns, auc: 0.7532467532467533, 0, 0
ids: [0, 1, 2, 3, 4, 5, 6, 7, 8, 9]
stats[1]: [0, 0, 0, 0, 0, 0, 0, 0, 0, 0]
stats[2]: [0.6825396825396826, 0.7089552238805971, 0.675, 0.7431693989071039, 0.8, 0.7849740932642487, 0.7340425531914894, 0.7052631578947368, 0.6037735849056604, 0.7532467532467533]
stats[3]: [0, 0, 0, 0, 0, 0, 0, 0, 0, 0]
Averaged Test Accuracy: 0.7191
Averaged Test AUC: 0.0000
Std Test Accuracy: 0.0575
Std Test AUC: 0.0000
Loaded train data from ../dataset/cola/train/6.npz
Data length: 1
Time elapsed 0.00 min
Memory used: 7.09 GB
Loaded train data from ../dataset/cola/train/1.npz
Data length: 1
Time elapsed 0.01 min
Memory used: 7.09 GB
Loaded train data from ../dataset/cola/train/8.npz
Data length: 1
Time elapsed 0.00 min
Memory used: 7.09 GB
Loaded train data from ../dataset/cola/train/9.npz
Data length: 1
Time elapsed 0.00 min
Memory used: 7.09 GB
Loaded train data from ../dataset/cola/train/5.npz
Data length: 1
Time elapsed 0.01 min
Memory used: 7.09 GB
Loaded train data from ../dataset/cola/train/3.npz
Data length: 1
Time elapsed 0.01 min
Memory used: 7.09 GB
Loaded train data from ../dataset/cola/train/0.npz
Data length: 1
Time elapsed 0.00 min
Memory used: 7.09 GB
Loaded train data from ../dataset/cola/train/4.npz
Data length: 1
Time elapsed 0.00 min
Memory used: 7.09 GB
Loaded train data from ../dataset/cola/train/2.npz
Data length: 1
Time elapsed 0.00 min
Memory used: 7.09 GB
Loaded train data from ../dataset/cola/train/7.npz
Data length: 1
Time elapsed 0.01 min
Memory used: 7.09 GB
------------------------- time cost ------------------------- 13.777023553848267

-------------Round number: 17-------------

Evaluate global model
Loaded test data from ../dataset/cola/test/0.npz
Data length: 1
metric.compute(): {'accuracy': 0.6772486772486772}
ct, ns, auc: 0.6772486772486772, 0, 0
Loaded test data from ../dataset/cola/test/1.npz
Data length: 1
metric.compute(): {'accuracy': 0.7039800995024875}
ct, ns, auc: 0.7039800995024875, 0, 0
Loaded test data from ../dataset/cola/test/2.npz
Data length: 1
metric.compute(): {'accuracy': 0.675}
ct, ns, auc: 0.675, 0, 0
Loaded test data from ../dataset/cola/test/3.npz
Data length: 1
metric.compute(): {'accuracy': 0.75}
ct, ns, auc: 0.75, 0, 0
Loaded test data from ../dataset/cola/test/4.npz
Data length: 1
metric.compute(): {'accuracy': 0.8}
ct, ns, auc: 0.8, 0, 0
Loaded test data from ../dataset/cola/test/5.npz
Data length: 1
metric.compute(): {'accuracy': 0.7849740932642487}
ct, ns, auc: 0.7849740932642487, 0, 0
Loaded test data from ../dataset/cola/test/6.npz
Data length: 1
metric.compute(): {'accuracy': 0.7446808510638298}
ct, ns, auc: 0.7446808510638298, 0, 0
Loaded test data from ../dataset/cola/test/7.npz
Data length: 1
metric.compute(): {'accuracy': 0.712280701754386}
ct, ns, auc: 0.712280701754386, 0, 0
Loaded test data from ../dataset/cola/test/8.npz
Data length: 1
metric.compute(): {'accuracy': 0.6037735849056604}
ct, ns, auc: 0.6037735849056604, 0, 0
Loaded test data from ../dataset/cola/test/9.npz
Data length: 1
metric.compute(): {'accuracy': 0.7402597402597403}
ct, ns, auc: 0.7402597402597403, 0, 0
ids: [0, 1, 2, 3, 4, 5, 6, 7, 8, 9]
stats[1]: [0, 0, 0, 0, 0, 0, 0, 0, 0, 0]
stats[2]: [0.6772486772486772, 0.7039800995024875, 0.675, 0.75, 0.8, 0.7849740932642487, 0.7446808510638298, 0.712280701754386, 0.6037735849056604, 0.7402597402597403]
stats[3]: [0, 0, 0, 0, 0, 0, 0, 0, 0, 0]
Averaged Test Accuracy: 0.7192
Averaged Test AUC: 0.0000
Std Test Accuracy: 0.0579
Std Test AUC: 0.0000
Loaded train data from ../dataset/cola/train/7.npz
Data length: 1
Time elapsed 0.01 min
Memory used: 7.09 GB
Loaded train data from ../dataset/cola/train/8.npz
Data length: 1
Time elapsed 0.00 min
Memory used: 7.09 GB
Loaded train data from ../dataset/cola/train/3.npz
Data length: 1
Time elapsed 0.01 min
Memory used: 7.09 GB
Loaded train data from ../dataset/cola/train/0.npz
Data length: 1
Time elapsed 0.00 min
Memory used: 7.09 GB
Loaded train data from ../dataset/cola/train/9.npz
Data length: 1
Time elapsed 0.00 min
Memory used: 7.09 GB
Loaded train data from ../dataset/cola/train/6.npz
Data length: 1
Time elapsed 0.00 min
Memory used: 7.09 GB
Loaded train data from ../dataset/cola/train/5.npz
Data length: 1
Time elapsed 0.01 min
Memory used: 7.09 GB
Loaded train data from ../dataset/cola/train/2.npz
Data length: 1
Time elapsed 0.00 min
Memory used: 7.09 GB
Loaded train data from ../dataset/cola/train/4.npz
Data length: 1
Time elapsed 0.00 min
Memory used: 7.09 GB
Loaded train data from ../dataset/cola/train/1.npz
Data length: 1
Time elapsed 0.01 min
Memory used: 7.09 GB
------------------------- time cost ------------------------- 11.201787948608398

-------------Round number: 18-------------

Evaluate global model
Loaded test data from ../dataset/cola/test/0.npz
Data length: 1
metric.compute(): {'accuracy': 0.6825396825396826}
ct, ns, auc: 0.6825396825396826, 0, 0
Loaded test data from ../dataset/cola/test/1.npz
Data length: 1
metric.compute(): {'accuracy': 0.7089552238805971}
ct, ns, auc: 0.7089552238805971, 0, 0
Loaded test data from ../dataset/cola/test/2.npz
Data length: 1
metric.compute(): {'accuracy': 0.675}
ct, ns, auc: 0.675, 0, 0
Loaded test data from ../dataset/cola/test/3.npz
Data length: 1
metric.compute(): {'accuracy': 0.7540983606557377}
ct, ns, auc: 0.7540983606557377, 0, 0
Loaded test data from ../dataset/cola/test/4.npz
Data length: 1
metric.compute(): {'accuracy': 0.8}
ct, ns, auc: 0.8, 0, 0
Loaded test data from ../dataset/cola/test/5.npz
Data length: 1
metric.compute(): {'accuracy': 0.7849740932642487}
ct, ns, auc: 0.7849740932642487, 0, 0
Loaded test data from ../dataset/cola/test/6.npz
Data length: 1
metric.compute(): {'accuracy': 0.7606382978723404}
ct, ns, auc: 0.7606382978723404, 0, 0
Loaded test data from ../dataset/cola/test/7.npz
Data length: 1
metric.compute(): {'accuracy': 0.712280701754386}
ct, ns, auc: 0.712280701754386, 0, 0
Loaded test data from ../dataset/cola/test/8.npz
Data length: 1
metric.compute(): {'accuracy': 0.6037735849056604}
ct, ns, auc: 0.6037735849056604, 0, 0
Loaded test data from ../dataset/cola/test/9.npz
Data length: 1
metric.compute(): {'accuracy': 0.7532467532467533}
ct, ns, auc: 0.7532467532467533, 0, 0
ids: [0, 1, 2, 3, 4, 5, 6, 7, 8, 9]
stats[1]: [0, 0, 0, 0, 0, 0, 0, 0, 0, 0]
stats[2]: [0.6825396825396826, 0.7089552238805971, 0.675, 0.7540983606557377, 0.8, 0.7849740932642487, 0.7606382978723404, 0.712280701754386, 0.6037735849056604, 0.7532467532467533]
stats[3]: [0, 0, 0, 0, 0, 0, 0, 0, 0, 0]
Averaged Test Accuracy: 0.7236
Averaged Test AUC: 0.0000
Std Test Accuracy: 0.0592
Std Test AUC: 0.0000
Loaded train data from ../dataset/cola/train/6.npz
Data length: 1
Time elapsed 0.00 min
Memory used: 7.09 GB
Loaded train data from ../dataset/cola/train/1.npz
Data length: 1
Time elapsed 0.01 min
Memory used: 7.09 GB
Loaded train data from ../dataset/cola/train/4.npz
Data length: 1
Time elapsed 0.00 min
Memory used: 7.09 GB
Loaded train data from ../dataset/cola/train/8.npz
Data length: 1
Time elapsed 0.00 min
Memory used: 7.09 GB
Loaded train data from ../dataset/cola/train/9.npz
Data length: 1
Time elapsed 0.00 min
Memory used: 7.09 GB
Loaded train data from ../dataset/cola/train/5.npz
Data length: 1
Time elapsed 0.01 min
Memory used: 7.09 GB
Loaded train data from ../dataset/cola/train/3.npz
Data length: 1
Time elapsed 0.01 min
Memory used: 7.09 GB
Loaded train data from ../dataset/cola/train/2.npz
Data length: 1
Time elapsed 0.00 min
Memory used: 7.09 GB
Loaded train data from ../dataset/cola/train/7.npz
Data length: 1
Time elapsed 0.01 min
Memory used: 7.09 GB
Loaded train data from ../dataset/cola/train/0.npz
Data length: 1
Time elapsed 0.00 min
Memory used: 7.09 GB
------------------------- time cost ------------------------- 11.172980546951294

-------------Round number: 19-------------

Evaluate global model
Loaded test data from ../dataset/cola/test/0.npz
Data length: 1
metric.compute(): {'accuracy': 0.6878306878306878}
ct, ns, auc: 0.6878306878306878, 0, 0
Loaded test data from ../dataset/cola/test/1.npz
Data length: 1
metric.compute(): {'accuracy': 0.7089552238805971}
ct, ns, auc: 0.7089552238805971, 0, 0
Loaded test data from ../dataset/cola/test/2.npz
Data length: 1
metric.compute(): {'accuracy': 0.675}
ct, ns, auc: 0.675, 0, 0
Loaded test data from ../dataset/cola/test/3.npz
Data length: 1
metric.compute(): {'accuracy': 0.75}
ct, ns, auc: 0.75, 0, 0
Loaded test data from ../dataset/cola/test/4.npz
Data length: 1
metric.compute(): {'accuracy': 0.8}
ct, ns, auc: 0.8, 0, 0
Loaded test data from ../dataset/cola/test/5.npz
Data length: 1
metric.compute(): {'accuracy': 0.7849740932642487}
ct, ns, auc: 0.7849740932642487, 0, 0
Loaded test data from ../dataset/cola/test/6.npz
Data length: 1
metric.compute(): {'accuracy': 0.7659574468085106}
ct, ns, auc: 0.7659574468085106, 0, 0
Loaded test data from ../dataset/cola/test/7.npz
Data length: 1
metric.compute(): {'accuracy': 0.7228070175438597}
ct, ns, auc: 0.7228070175438597, 0, 0
Loaded test data from ../dataset/cola/test/8.npz
Data length: 1
metric.compute(): {'accuracy': 0.6037735849056604}
ct, ns, auc: 0.6037735849056604, 0, 0
Loaded test data from ../dataset/cola/test/9.npz
Data length: 1
metric.compute(): {'accuracy': 0.7532467532467533}
ct, ns, auc: 0.7532467532467533, 0, 0
ids: [0, 1, 2, 3, 4, 5, 6, 7, 8, 9]
stats[1]: [0, 0, 0, 0, 0, 0, 0, 0, 0, 0]
stats[2]: [0.6878306878306878, 0.7089552238805971, 0.675, 0.75, 0.8, 0.7849740932642487, 0.7659574468085106, 0.7228070175438597, 0.6037735849056604, 0.7532467532467533]
stats[3]: [0, 0, 0, 0, 0, 0, 0, 0, 0, 0]
Averaged Test Accuracy: 0.7253
Averaged Test AUC: 0.0000
Std Test Accuracy: 0.0588
Std Test AUC: 0.0000
Loaded train data from ../dataset/cola/train/5.npz
Data length: 1
Time elapsed 0.01 min
Memory used: 7.09 GB
Loaded train data from ../dataset/cola/train/6.npz
Data length: 1
Time elapsed 0.00 min
Memory used: 7.09 GB
Loaded train data from ../dataset/cola/train/1.npz
Data length: 1
Time elapsed 0.01 min
Memory used: 7.09 GB
Loaded train data from ../dataset/cola/train/4.npz
Data length: 1
Time elapsed 0.00 min
Memory used: 7.09 GB
Loaded train data from ../dataset/cola/train/3.npz
Data length: 1
Time elapsed 0.01 min
Memory used: 7.09 GB
Loaded train data from ../dataset/cola/train/7.npz
Data length: 1
Time elapsed 0.01 min
Memory used: 7.09 GB
Loaded train data from ../dataset/cola/train/0.npz
Data length: 1
Time elapsed 0.00 min
Memory used: 7.09 GB
Loaded train data from ../dataset/cola/train/8.npz
Data length: 1
Time elapsed 0.00 min
Memory used: 7.09 GB
Loaded train data from ../dataset/cola/train/9.npz
Data length: 1
Time elapsed 0.00 min
Memory used: 7.09 GB
Loaded train data from ../dataset/cola/train/2.npz
Data length: 1
Time elapsed 0.00 min
Memory used: 7.09 GB
------------------------- time cost ------------------------- 11.563307762145996

-------------Round number: 20-------------

Evaluate global model
Loaded test data from ../dataset/cola/test/0.npz
Data length: 1
metric.compute(): {'accuracy': 0.6878306878306878}
ct, ns, auc: 0.6878306878306878, 0, 0
Loaded test data from ../dataset/cola/test/1.npz
Data length: 1
metric.compute(): {'accuracy': 0.7064676616915423}
ct, ns, auc: 0.7064676616915423, 0, 0
Loaded test data from ../dataset/cola/test/2.npz
Data length: 1
metric.compute(): {'accuracy': 0.675}
ct, ns, auc: 0.675, 0, 0
Loaded test data from ../dataset/cola/test/3.npz
Data length: 1
metric.compute(): {'accuracy': 0.7513661202185792}
ct, ns, auc: 0.7513661202185792, 0, 0
Loaded test data from ../dataset/cola/test/4.npz
Data length: 1
metric.compute(): {'accuracy': 0.8}
ct, ns, auc: 0.8, 0, 0
Loaded test data from ../dataset/cola/test/5.npz
Data length: 1
metric.compute(): {'accuracy': 0.7849740932642487}
ct, ns, auc: 0.7849740932642487, 0, 0
Loaded test data from ../dataset/cola/test/6.npz
Data length: 1
metric.compute(): {'accuracy': 0.776595744680851}
ct, ns, auc: 0.776595744680851, 0, 0
Loaded test data from ../dataset/cola/test/7.npz
Data length: 1
metric.compute(): {'accuracy': 0.7228070175438597}
ct, ns, auc: 0.7228070175438597, 0, 0
Loaded test data from ../dataset/cola/test/8.npz
Data length: 1
metric.compute(): {'accuracy': 0.6037735849056604}
ct, ns, auc: 0.6037735849056604, 0, 0
Loaded test data from ../dataset/cola/test/9.npz
Data length: 1
metric.compute(): {'accuracy': 0.7532467532467533}
ct, ns, auc: 0.7532467532467533, 0, 0
ids: [0, 1, 2, 3, 4, 5, 6, 7, 8, 9]
stats[1]: [0, 0, 0, 0, 0, 0, 0, 0, 0, 0]
stats[2]: [0.6878306878306878, 0.7064676616915423, 0.675, 0.7513661202185792, 0.8, 0.7849740932642487, 0.776595744680851, 0.7228070175438597, 0.6037735849056604, 0.7532467532467533]
stats[3]: [0, 0, 0, 0, 0, 0, 0, 0, 0, 0]
Averaged Test Accuracy: 0.7262
Averaged Test AUC: 0.0000
Std Test Accuracy: 0.0599
Std Test AUC: 0.0000
Loaded train data from ../dataset/cola/train/4.npz
Data length: 1
Time elapsed 0.00 min
Memory used: 7.09 GB
Loaded train data from ../dataset/cola/train/9.npz
Data length: 1
Time elapsed 0.00 min
Memory used: 7.09 GB
Loaded train data from ../dataset/cola/train/3.npz
Data length: 1
Time elapsed 0.01 min
Memory used: 7.09 GB
Loaded train data from ../dataset/cola/train/0.npz
Data length: 1
Time elapsed 0.00 min
Memory used: 7.09 GB
Loaded train data from ../dataset/cola/train/8.npz
Data length: 1
Time elapsed 0.00 min
Memory used: 7.09 GB
Loaded train data from ../dataset/cola/train/7.npz
Data length: 1
Time elapsed 0.01 min
Memory used: 7.09 GB
Loaded train data from ../dataset/cola/train/6.npz
Data length: 1
Time elapsed 0.00 min
Memory used: 7.09 GB
Loaded train data from ../dataset/cola/train/2.npz
Data length: 1
Time elapsed 0.00 min
Memory used: 7.09 GB
Loaded train data from ../dataset/cola/train/1.npz
Data length: 1
Time elapsed 0.01 min
Memory used: 7.09 GB
Loaded train data from ../dataset/cola/train/5.npz
Data length: 1
Time elapsed 0.01 min
Memory used: 7.09 GB
------------------------- time cost ------------------------- 11.14671277999878

-------------Round number: 21-------------

Evaluate global model
Loaded test data from ../dataset/cola/test/0.npz
Data length: 1
metric.compute(): {'accuracy': 0.6878306878306878}
ct, ns, auc: 0.6878306878306878, 0, 0
Loaded test data from ../dataset/cola/test/1.npz
Data length: 1
metric.compute(): {'accuracy': 0.7039800995024875}
ct, ns, auc: 0.7039800995024875, 0, 0
Loaded test data from ../dataset/cola/test/2.npz
Data length: 1
metric.compute(): {'accuracy': 0.675}
ct, ns, auc: 0.675, 0, 0
Loaded test data from ../dataset/cola/test/3.npz
Data length: 1
metric.compute(): {'accuracy': 0.755464480874317}
ct, ns, auc: 0.755464480874317, 0, 0
Loaded test data from ../dataset/cola/test/4.npz
Data length: 1
metric.compute(): {'accuracy': 0.6}
ct, ns, auc: 0.6, 0, 0
Loaded test data from ../dataset/cola/test/5.npz
Data length: 1
metric.compute(): {'accuracy': 0.7875647668393783}
ct, ns, auc: 0.7875647668393783, 0, 0
Loaded test data from ../dataset/cola/test/6.npz
Data length: 1
metric.compute(): {'accuracy': 0.7819148936170213}
ct, ns, auc: 0.7819148936170213, 0, 0
Loaded test data from ../dataset/cola/test/7.npz
Data length: 1
metric.compute(): {'accuracy': 0.7298245614035088}
ct, ns, auc: 0.7298245614035088, 0, 0
Loaded test data from ../dataset/cola/test/8.npz
Data length: 1
metric.compute(): {'accuracy': 0.6037735849056604}
ct, ns, auc: 0.6037735849056604, 0, 0
Loaded test data from ../dataset/cola/test/9.npz
Data length: 1
metric.compute(): {'accuracy': 0.7532467532467533}
ct, ns, auc: 0.7532467532467533, 0, 0
ids: [0, 1, 2, 3, 4, 5, 6, 7, 8, 9]
stats[1]: [0, 0, 0, 0, 0, 0, 0, 0, 0, 0]
stats[2]: [0.6878306878306878, 0.7039800995024875, 0.675, 0.755464480874317, 0.6, 0.7875647668393783, 0.7819148936170213, 0.7298245614035088, 0.6037735849056604, 0.7532467532467533]
stats[3]: [0, 0, 0, 0, 0, 0, 0, 0, 0, 0]
Averaged Test Accuracy: 0.7079
Averaged Test AUC: 0.0000
Std Test Accuracy: 0.0672
Std Test AUC: 0.0000
Loaded train data from ../dataset/cola/train/5.npz
Data length: 1
Time elapsed 0.01 min
Memory used: 7.09 GB
Loaded train data from ../dataset/cola/train/3.npz
Data length: 1
Time elapsed 0.01 min
Memory used: 7.09 GB
Loaded train data from ../dataset/cola/train/6.npz
Data length: 1
Time elapsed 0.00 min
Memory used: 7.09 GB
Loaded train data from ../dataset/cola/train/8.npz
Data length: 1
Time elapsed 0.00 min
Memory used: 7.09 GB
Loaded train data from ../dataset/cola/train/1.npz
Data length: 1
Time elapsed 0.01 min
Memory used: 7.09 GB
Loaded train data from ../dataset/cola/train/2.npz
Data length: 1
Time elapsed 0.00 min
Memory used: 7.09 GB
Loaded train data from ../dataset/cola/train/7.npz
Data length: 1
Time elapsed 0.01 min
Memory used: 7.09 GB
Loaded train data from ../dataset/cola/train/0.npz
Data length: 1
Time elapsed 0.00 min
Memory used: 7.09 GB
Loaded train data from ../dataset/cola/train/4.npz
Data length: 1
Time elapsed 0.00 min
Memory used: 7.09 GB
Loaded train data from ../dataset/cola/train/9.npz
Data length: 1
Time elapsed 0.00 min
Memory used: 7.09 GB
------------------------- time cost ------------------------- 12.808894872665405

-------------Round number: 22-------------

Evaluate global model
Loaded test data from ../dataset/cola/test/0.npz
Data length: 1
metric.compute(): {'accuracy': 0.6878306878306878}
ct, ns, auc: 0.6878306878306878, 0, 0
Loaded test data from ../dataset/cola/test/1.npz
Data length: 1
metric.compute(): {'accuracy': 0.7014925373134329}
ct, ns, auc: 0.7014925373134329, 0, 0
Loaded test data from ../dataset/cola/test/2.npz
Data length: 1
metric.compute(): {'accuracy': 0.675}
ct, ns, auc: 0.675, 0, 0
Loaded test data from ../dataset/cola/test/3.npz
Data length: 1
metric.compute(): {'accuracy': 0.7513661202185792}
ct, ns, auc: 0.7513661202185792, 0, 0
Loaded test data from ../dataset/cola/test/4.npz
Data length: 1
metric.compute(): {'accuracy': 0.6}
ct, ns, auc: 0.6, 0, 0
Loaded test data from ../dataset/cola/test/5.npz
Data length: 1
metric.compute(): {'accuracy': 0.7927461139896373}
ct, ns, auc: 0.7927461139896373, 0, 0
Loaded test data from ../dataset/cola/test/6.npz
Data length: 1
metric.compute(): {'accuracy': 0.7819148936170213}
ct, ns, auc: 0.7819148936170213, 0, 0
Loaded test data from ../dataset/cola/test/7.npz
Data length: 1
metric.compute(): {'accuracy': 0.743859649122807}
ct, ns, auc: 0.743859649122807, 0, 0
Loaded test data from ../dataset/cola/test/8.npz
Data length: 1
metric.compute(): {'accuracy': 0.6037735849056604}
ct, ns, auc: 0.6037735849056604, 0, 0
Loaded test data from ../dataset/cola/test/9.npz
Data length: 1
metric.compute(): {'accuracy': 0.7532467532467533}
ct, ns, auc: 0.7532467532467533, 0, 0
ids: [0, 1, 2, 3, 4, 5, 6, 7, 8, 9]
stats[1]: [0, 0, 0, 0, 0, 0, 0, 0, 0, 0]
stats[2]: [0.6878306878306878, 0.7014925373134329, 0.675, 0.7513661202185792, 0.6, 0.7927461139896373, 0.7819148936170213, 0.743859649122807, 0.6037735849056604, 0.7532467532467533]
stats[3]: [0, 0, 0, 0, 0, 0, 0, 0, 0, 0]
Averaged Test Accuracy: 0.7091
Averaged Test AUC: 0.0000
Std Test Accuracy: 0.0682
Std Test AUC: 0.0000
Loaded train data from ../dataset/cola/train/5.npz
Data length: 1
Time elapsed 0.01 min
Memory used: 7.09 GB
Loaded train data from ../dataset/cola/train/3.npz
Data length: 1
Time elapsed 0.01 min
Memory used: 7.09 GB
Loaded train data from ../dataset/cola/train/2.npz
Data length: 1
Time elapsed 0.00 min
Memory used: 7.09 GB
Loaded train data from ../dataset/cola/train/1.npz
Data length: 1
Time elapsed 0.01 min
Memory used: 7.09 GB
Loaded train data from ../dataset/cola/train/0.npz
Data length: 1
Time elapsed 0.00 min
Memory used: 7.09 GB
Loaded train data from ../dataset/cola/train/9.npz
Data length: 1
Time elapsed 0.00 min
Memory used: 7.09 GB
Loaded train data from ../dataset/cola/train/6.npz
Data length: 1
Time elapsed 0.00 min
Memory used: 7.09 GB
Loaded train data from ../dataset/cola/train/8.npz
Data length: 1
Time elapsed 0.00 min
Memory used: 7.09 GB
Loaded train data from ../dataset/cola/train/4.npz
Data length: 1
Time elapsed 0.00 min
Memory used: 7.09 GB
Loaded train data from ../dataset/cola/train/7.npz
Data length: 1
Time elapsed 0.01 min
Memory used: 7.09 GB
------------------------- time cost ------------------------- 12.008285760879517

-------------Round number: 23-------------

Evaluate global model
Loaded test data from ../dataset/cola/test/0.npz
Data length: 1
metric.compute(): {'accuracy': 0.6878306878306878}
ct, ns, auc: 0.6878306878306878, 0, 0
Loaded test data from ../dataset/cola/test/1.npz
Data length: 1
metric.compute(): {'accuracy': 0.7039800995024875}
ct, ns, auc: 0.7039800995024875, 0, 0
Loaded test data from ../dataset/cola/test/2.npz
Data length: 1
metric.compute(): {'accuracy': 0.675}
ct, ns, auc: 0.675, 0, 0
Loaded test data from ../dataset/cola/test/3.npz
Data length: 1
metric.compute(): {'accuracy': 0.7486338797814208}
ct, ns, auc: 0.7486338797814208, 0, 0
Loaded test data from ../dataset/cola/test/4.npz
Data length: 1
metric.compute(): {'accuracy': 0.6}
ct, ns, auc: 0.6, 0, 0
Loaded test data from ../dataset/cola/test/5.npz
Data length: 1
metric.compute(): {'accuracy': 0.7953367875647669}
ct, ns, auc: 0.7953367875647669, 0, 0
Loaded test data from ../dataset/cola/test/6.npz
Data length: 1
metric.compute(): {'accuracy': 0.7819148936170213}
ct, ns, auc: 0.7819148936170213, 0, 0
Loaded test data from ../dataset/cola/test/7.npz
Data length: 1
metric.compute(): {'accuracy': 0.7333333333333333}
ct, ns, auc: 0.7333333333333333, 0, 0
Loaded test data from ../dataset/cola/test/8.npz
Data length: 1
metric.compute(): {'accuracy': 0.6037735849056604}
ct, ns, auc: 0.6037735849056604, 0, 0
Loaded test data from ../dataset/cola/test/9.npz
Data length: 1
metric.compute(): {'accuracy': 0.7532467532467533}
ct, ns, auc: 0.7532467532467533, 0, 0
ids: [0, 1, 2, 3, 4, 5, 6, 7, 8, 9]
stats[1]: [0, 0, 0, 0, 0, 0, 0, 0, 0, 0]
stats[2]: [0.6878306878306878, 0.7039800995024875, 0.675, 0.7486338797814208, 0.6, 0.7953367875647669, 0.7819148936170213, 0.7333333333333333, 0.6037735849056604, 0.7532467532467533]
stats[3]: [0, 0, 0, 0, 0, 0, 0, 0, 0, 0]
Averaged Test Accuracy: 0.7083
Averaged Test AUC: 0.0000
Std Test Accuracy: 0.0679
Std Test AUC: 0.0000
Loaded train data from ../dataset/cola/train/8.npz
Data length: 1
Time elapsed 0.00 min
Memory used: 7.09 GB
Loaded train data from ../dataset/cola/train/0.npz
Data length: 1
Time elapsed 0.00 min
Memory used: 7.09 GB
Loaded train data from ../dataset/cola/train/7.npz
Data length: 1
Time elapsed 0.01 min
Memory used: 7.09 GB
Loaded train data from ../dataset/cola/train/1.npz
Data length: 1
Time elapsed 0.01 min
Memory used: 7.09 GB
Loaded train data from ../dataset/cola/train/4.npz
Data length: 1
Time elapsed 0.00 min
Memory used: 7.09 GB
Loaded train data from ../dataset/cola/train/2.npz
Data length: 1
Time elapsed 0.00 min
Memory used: 7.09 GB
Loaded train data from ../dataset/cola/train/5.npz
Data length: 1
Time elapsed 0.01 min
Memory used: 7.09 GB
Loaded train data from ../dataset/cola/train/6.npz
Data length: 1
Time elapsed 0.00 min
Memory used: 7.09 GB
Loaded train data from ../dataset/cola/train/9.npz
Data length: 1
Time elapsed 0.00 min
Memory used: 7.09 GB
Loaded train data from ../dataset/cola/train/3.npz
Data length: 1
Time elapsed 0.01 min
Memory used: 7.09 GB
------------------------- time cost ------------------------- 15.949050903320312

-------------Round number: 24-------------

Evaluate global model
Loaded test data from ../dataset/cola/test/0.npz
Data length: 1
metric.compute(): {'accuracy': 0.6931216931216931}
ct, ns, auc: 0.6931216931216931, 0, 0
Loaded test data from ../dataset/cola/test/1.npz
Data length: 1
metric.compute(): {'accuracy': 0.7039800995024875}
ct, ns, auc: 0.7039800995024875, 0, 0
Loaded test data from ../dataset/cola/test/2.npz
Data length: 1
metric.compute(): {'accuracy': 0.675}
ct, ns, auc: 0.675, 0, 0
Loaded test data from ../dataset/cola/test/3.npz
Data length: 1
metric.compute(): {'accuracy': 0.7513661202185792}
ct, ns, auc: 0.7513661202185792, 0, 0
Loaded test data from ../dataset/cola/test/4.npz
Data length: 1
metric.compute(): {'accuracy': 0.6}
ct, ns, auc: 0.6, 0, 0
Loaded test data from ../dataset/cola/test/5.npz
Data length: 1
metric.compute(): {'accuracy': 0.8031088082901554}
ct, ns, auc: 0.8031088082901554, 0, 0
Loaded test data from ../dataset/cola/test/6.npz
Data length: 1
metric.compute(): {'accuracy': 0.7978723404255319}
ct, ns, auc: 0.7978723404255319, 0, 0
Loaded test data from ../dataset/cola/test/7.npz
Data length: 1
metric.compute(): {'accuracy': 0.7578947368421053}
ct, ns, auc: 0.7578947368421053, 0, 0
Loaded test data from ../dataset/cola/test/8.npz
Data length: 1
metric.compute(): {'accuracy': 0.6226415094339622}
ct, ns, auc: 0.6226415094339622, 0, 0
Loaded test data from ../dataset/cola/test/9.npz
Data length: 1
metric.compute(): {'accuracy': 0.7532467532467533}
ct, ns, auc: 0.7532467532467533, 0, 0
ids: [0, 1, 2, 3, 4, 5, 6, 7, 8, 9]
stats[1]: [0, 0, 0, 0, 0, 0, 0, 0, 0, 0]
stats[2]: [0.6931216931216931, 0.7039800995024875, 0.675, 0.7513661202185792, 0.6, 0.8031088082901554, 0.7978723404255319, 0.7578947368421053, 0.6226415094339622, 0.7532467532467533]
stats[3]: [0, 0, 0, 0, 0, 0, 0, 0, 0, 0]
Averaged Test Accuracy: 0.7158
Averaged Test AUC: 0.0000
Std Test Accuracy: 0.0693
Std Test AUC: 0.0000
Loaded train data from ../dataset/cola/train/9.npz
Data length: 1
Time elapsed 0.00 min
Memory used: 7.09 GB
Loaded train data from ../dataset/cola/train/5.npz
Data length: 1
Time elapsed 0.01 min
Memory used: 7.09 GB
Loaded train data from ../dataset/cola/train/3.npz
Data length: 1
Time elapsed 0.01 min
Memory used: 7.09 GB
Loaded train data from ../dataset/cola/train/1.npz
Data length: 1
Time elapsed 0.01 min
Memory used: 7.09 GB
Loaded train data from ../dataset/cola/train/0.npz
Data length: 1
Time elapsed 0.00 min
Memory used: 7.09 GB
Loaded train data from ../dataset/cola/train/7.npz
Data length: 1
Time elapsed 0.01 min
Memory used: 7.09 GB
Loaded train data from ../dataset/cola/train/6.npz
Data length: 1
Time elapsed 0.00 min
Memory used: 7.09 GB
Loaded train data from ../dataset/cola/train/4.npz
Data length: 1
Time elapsed 0.00 min
Memory used: 7.09 GB
Loaded train data from ../dataset/cola/train/8.npz
Data length: 1
Time elapsed 0.00 min
Memory used: 7.09 GB
Loaded train data from ../dataset/cola/train/2.npz
Data length: 1
Time elapsed 0.00 min
Memory used: 7.09 GB
------------------------- time cost ------------------------- 15.636721134185791

-------------Round number: 25-------------

Evaluate global model
Loaded test data from ../dataset/cola/test/0.npz
Data length: 1
metric.compute(): {'accuracy': 0.708994708994709}
ct, ns, auc: 0.708994708994709, 0, 0
Loaded test data from ../dataset/cola/test/1.npz
Data length: 1
metric.compute(): {'accuracy': 0.7288557213930348}
ct, ns, auc: 0.7288557213930348, 0, 0
Loaded test data from ../dataset/cola/test/2.npz
Data length: 1
metric.compute(): {'accuracy': 0.675}
ct, ns, auc: 0.675, 0, 0
Loaded test data from ../dataset/cola/test/3.npz
Data length: 1
metric.compute(): {'accuracy': 0.7513661202185792}
ct, ns, auc: 0.7513661202185792, 0, 0
Loaded test data from ../dataset/cola/test/4.npz
Data length: 1
metric.compute(): {'accuracy': 0.6}
ct, ns, auc: 0.6, 0, 0
Loaded test data from ../dataset/cola/test/5.npz
Data length: 1
metric.compute(): {'accuracy': 0.805699481865285}
ct, ns, auc: 0.805699481865285, 0, 0
Loaded test data from ../dataset/cola/test/6.npz
Data length: 1
metric.compute(): {'accuracy': 0.8085106382978723}
ct, ns, auc: 0.8085106382978723, 0, 0
Loaded test data from ../dataset/cola/test/7.npz
Data length: 1
metric.compute(): {'accuracy': 0.775438596491228}
ct, ns, auc: 0.775438596491228, 0, 0
Loaded test data from ../dataset/cola/test/8.npz
Data length: 1
metric.compute(): {'accuracy': 0.6415094339622641}
ct, ns, auc: 0.6415094339622641, 0, 0
Loaded test data from ../dataset/cola/test/9.npz
Data length: 1
metric.compute(): {'accuracy': 0.7532467532467533}
ct, ns, auc: 0.7532467532467533, 0, 0
ids: [0, 1, 2, 3, 4, 5, 6, 7, 8, 9]
stats[1]: [0, 0, 0, 0, 0, 0, 0, 0, 0, 0]
stats[2]: [0.708994708994709, 0.7288557213930348, 0.675, 0.7513661202185792, 0.6, 0.805699481865285, 0.8085106382978723, 0.775438596491228, 0.6415094339622641, 0.7532467532467533]
stats[3]: [0, 0, 0, 0, 0, 0, 0, 0, 0, 0]
Averaged Test Accuracy: 0.7249
Averaged Test AUC: 0.0000
Std Test Accuracy: 0.0690
Std Test AUC: 0.0000
Loaded train data from ../dataset/cola/train/5.npz
Data length: 1
Time elapsed 0.01 min
Memory used: 7.09 GB
Loaded train data from ../dataset/cola/train/0.npz
Data length: 1
Time elapsed 0.00 min
Memory used: 7.09 GB
Loaded train data from ../dataset/cola/train/1.npz
Data length: 1
Time elapsed 0.01 min
Memory used: 7.09 GB
Loaded train data from ../dataset/cola/train/4.npz
Data length: 1
Time elapsed 0.00 min
Memory used: 7.09 GB
Loaded train data from ../dataset/cola/train/8.npz
Data length: 1
Time elapsed 0.00 min
Memory used: 7.09 GB
Loaded train data from ../dataset/cola/train/6.npz
Data length: 1
Time elapsed 0.00 min
Memory used: 7.09 GB
Loaded train data from ../dataset/cola/train/7.npz
Data length: 1
Time elapsed 0.01 min
Memory used: 7.09 GB
Loaded train data from ../dataset/cola/train/3.npz
Data length: 1
Time elapsed 0.01 min
Memory used: 7.09 GB
Loaded train data from ../dataset/cola/train/9.npz
Data length: 1
Time elapsed 0.00 min
Memory used: 7.09 GB
Loaded train data from ../dataset/cola/train/2.npz
Data length: 1
Time elapsed 0.00 min
Memory used: 7.09 GB
------------------------- time cost ------------------------- 15.289468765258789

-------------Round number: 26-------------

Evaluate global model
Loaded test data from ../dataset/cola/test/0.npz
Data length: 1
metric.compute(): {'accuracy': 0.7037037037037037}
ct, ns, auc: 0.7037037037037037, 0, 0
Loaded test data from ../dataset/cola/test/1.npz
Data length: 1
metric.compute(): {'accuracy': 0.7263681592039801}
ct, ns, auc: 0.7263681592039801, 0, 0
Loaded test data from ../dataset/cola/test/2.npz
Data length: 1
metric.compute(): {'accuracy': 0.675}
ct, ns, auc: 0.675, 0, 0
Loaded test data from ../dataset/cola/test/3.npz
Data length: 1
metric.compute(): {'accuracy': 0.755464480874317}
ct, ns, auc: 0.755464480874317, 0, 0
Loaded test data from ../dataset/cola/test/4.npz
Data length: 1
metric.compute(): {'accuracy': 0.6}
ct, ns, auc: 0.6, 0, 0
Loaded test data from ../dataset/cola/test/5.npz
Data length: 1
metric.compute(): {'accuracy': 0.805699481865285}
ct, ns, auc: 0.805699481865285, 0, 0
Loaded test data from ../dataset/cola/test/6.npz
Data length: 1
metric.compute(): {'accuracy': 0.8085106382978723}
ct, ns, auc: 0.8085106382978723, 0, 0
Loaded test data from ../dataset/cola/test/7.npz
Data length: 1
metric.compute(): {'accuracy': 0.7964912280701755}
ct, ns, auc: 0.7964912280701755, 0, 0
Loaded test data from ../dataset/cola/test/8.npz
Data length: 1
metric.compute(): {'accuracy': 0.6415094339622641}
ct, ns, auc: 0.6415094339622641, 0, 0
Loaded test data from ../dataset/cola/test/9.npz
Data length: 1
metric.compute(): {'accuracy': 0.7532467532467533}
ct, ns, auc: 0.7532467532467533, 0, 0
ids: [0, 1, 2, 3, 4, 5, 6, 7, 8, 9]
stats[1]: [0, 0, 0, 0, 0, 0, 0, 0, 0, 0]
stats[2]: [0.7037037037037037, 0.7263681592039801, 0.675, 0.755464480874317, 0.6, 0.805699481865285, 0.8085106382978723, 0.7964912280701755, 0.6415094339622641, 0.7532467532467533]
stats[3]: [0, 0, 0, 0, 0, 0, 0, 0, 0, 0]
Averaged Test Accuracy: 0.7266
Averaged Test AUC: 0.0000
Std Test Accuracy: 0.0714
Std Test AUC: 0.0000
Loaded train data from ../dataset/cola/train/1.npz
Data length: 1
Time elapsed 0.01 min
Memory used: 7.09 GB
Loaded train data from ../dataset/cola/train/0.npz
Data length: 1
Time elapsed 0.00 min
Memory used: 7.09 GB
Loaded train data from ../dataset/cola/train/3.npz
Data length: 1
Time elapsed 0.01 min
Memory used: 7.09 GB
Loaded train data from ../dataset/cola/train/8.npz
Data length: 1
Time elapsed 0.00 min
Memory used: 7.09 GB
Loaded train data from ../dataset/cola/train/9.npz
Data length: 1
Time elapsed 0.00 min
Memory used: 7.09 GB
Loaded train data from ../dataset/cola/train/7.npz
Data length: 1
Time elapsed 0.01 min
Memory used: 7.09 GB
Loaded train data from ../dataset/cola/train/4.npz
Data length: 1
Time elapsed 0.00 min
Memory used: 7.09 GB
Loaded train data from ../dataset/cola/train/6.npz
Data length: 1
Time elapsed 0.00 min
Memory used: 7.09 GB
Loaded train data from ../dataset/cola/train/2.npz
Data length: 1
Time elapsed 0.00 min
Memory used: 7.09 GB
Loaded train data from ../dataset/cola/train/5.npz
Data length: 1
Time elapsed 0.01 min
Memory used: 7.09 GB
------------------------- time cost ------------------------- 14.101348400115967

-------------Round number: 27-------------

Evaluate global model
Loaded test data from ../dataset/cola/test/0.npz
Data length: 1
metric.compute(): {'accuracy': 0.7037037037037037}
ct, ns, auc: 0.7037037037037037, 0, 0
Loaded test data from ../dataset/cola/test/1.npz
Data length: 1
metric.compute(): {'accuracy': 0.7263681592039801}
ct, ns, auc: 0.7263681592039801, 0, 0
Loaded test data from ../dataset/cola/test/2.npz
Data length: 1
metric.compute(): {'accuracy': 0.675}
ct, ns, auc: 0.675, 0, 0
Loaded test data from ../dataset/cola/test/3.npz
Data length: 1
metric.compute(): {'accuracy': 0.7540983606557377}
ct, ns, auc: 0.7540983606557377, 0, 0
Loaded test data from ../dataset/cola/test/4.npz
Data length: 1
metric.compute(): {'accuracy': 0.6}
ct, ns, auc: 0.6, 0, 0
Loaded test data from ../dataset/cola/test/5.npz
Data length: 1
metric.compute(): {'accuracy': 0.8082901554404145}
ct, ns, auc: 0.8082901554404145, 0, 0
Loaded test data from ../dataset/cola/test/6.npz
Data length: 1
metric.compute(): {'accuracy': 0.8085106382978723}
ct, ns, auc: 0.8085106382978723, 0, 0
Loaded test data from ../dataset/cola/test/7.npz
Data length: 1
metric.compute(): {'accuracy': 0.7894736842105263}
ct, ns, auc: 0.7894736842105263, 0, 0
Loaded test data from ../dataset/cola/test/8.npz
Data length: 1
metric.compute(): {'accuracy': 0.660377358490566}
ct, ns, auc: 0.660377358490566, 0, 0
Loaded test data from ../dataset/cola/test/9.npz
Data length: 1
metric.compute(): {'accuracy': 0.7532467532467533}
ct, ns, auc: 0.7532467532467533, 0, 0
ids: [0, 1, 2, 3, 4, 5, 6, 7, 8, 9]
stats[1]: [0, 0, 0, 0, 0, 0, 0, 0, 0, 0]
stats[2]: [0.7037037037037037, 0.7263681592039801, 0.675, 0.7540983606557377, 0.6, 0.8082901554404145, 0.8085106382978723, 0.7894736842105263, 0.660377358490566, 0.7532467532467533]
stats[3]: [0, 0, 0, 0, 0, 0, 0, 0, 0, 0]
Averaged Test Accuracy: 0.7279
Averaged Test AUC: 0.0000
Std Test Accuracy: 0.0686
Std Test AUC: 0.0000
Loaded train data from ../dataset/cola/train/8.npz
Data length: 1
Time elapsed 0.00 min
Memory used: 7.09 GB
Loaded train data from ../dataset/cola/train/9.npz
Data length: 1
Time elapsed 0.00 min
Memory used: 7.09 GB
Loaded train data from ../dataset/cola/train/7.npz
Data length: 1
Time elapsed 0.01 min
Memory used: 7.09 GB
Loaded train data from ../dataset/cola/train/3.npz
Data length: 1
Time elapsed 0.01 min
Memory used: 7.09 GB
Loaded train data from ../dataset/cola/train/5.npz
Data length: 1
Time elapsed 0.01 min
Memory used: 7.09 GB
Loaded train data from ../dataset/cola/train/4.npz
Data length: 1
Time elapsed 0.00 min
Memory used: 7.09 GB
Loaded train data from ../dataset/cola/train/0.npz
Data length: 1
Time elapsed 0.00 min
Memory used: 7.09 GB
Loaded train data from ../dataset/cola/train/2.npz
Data length: 1
Time elapsed 0.00 min
Memory used: 7.09 GB
Loaded train data from ../dataset/cola/train/1.npz
Data length: 1
Time elapsed 0.01 min
Memory used: 7.09 GB
Loaded train data from ../dataset/cola/train/6.npz
Data length: 1
Time elapsed 0.00 min
Memory used: 7.09 GB
------------------------- time cost ------------------------- 23.4616961479187

-------------Round number: 28-------------

Evaluate global model
Loaded test data from ../dataset/cola/test/0.npz
Data length: 1
metric.compute(): {'accuracy': 0.708994708994709}
ct, ns, auc: 0.708994708994709, 0, 0
Loaded test data from ../dataset/cola/test/1.npz
Data length: 1
