GPU details saved to $output_file
__TORCH Version: 2.3.1+cu121
__CUDNN Version: 8902
__CUDA version:  12.1
__Number CUDA Devices: 1
__CUDA Device Name: NVIDIA A100-SXM4-40GB
__CUDA Device Total Memory [GB]: 42.297786368
__CUDA Device Total Memory [GB]: 42.297786368
args.dataset: cola
args.num_labels: 2
==================================================
Personalized Federated Learning: True
Uniform Weight: False
Normalized Rank: False
Normalized Alpha: False
lora_rank: 4
lora_alpha: 64
lora_dropout: 0.05
lora_query: True
lora_key: True
lora_value: True
lora_projection: True
lora_mlp: True
lora_head: True
aa_bottleneck_reduction: 1
aa_text: False
aa_vision: False
ca_bottleneck_reduction: 4
ca_text: False
ca_vision: False
Seed: 42
Algorithm: flora
Local batch size: 128
Local epochs: 1
Local learing rate: 1e-06
Local learing rate decay: False
Total number of clients: 10
Clients join in each round: 1.0
Clients randomly join: False
Client drop rate: 0.0
Client select regarding time: False
Running times: 1
Dataset: cola
Number of classes: 10
Backbone: distilbert
Using device: cuda
Using DP: False
Auto break: False
Global rounds: 50
Cuda device id: 1
DLG attack: False
Total number of new clients: 0
Fine tuning epoches on new clients: 0
==================================================

============= Running time: 0th =============
Creating server and clients ...
Loaded train data from ../dataset/cola/train/0.npz
Data length: 1
Loaded test data from ../dataset/cola/test/0.npz
Data length: 1
self.lora_params: {'rank': 4, 'alpha': 64, 'dropout': 0.05, 'lora_query': True, 'lora_key': True, 'lora_value': True, 'lora_projection': True, 'lora_mlp': True, 'lora_head': True}
Loaded train data from ../dataset/cola/train/1.npz
Data length: 1
Loaded test data from ../dataset/cola/test/1.npz
Data length: 1
self.lora_params: {'rank': 4, 'alpha': 64, 'dropout': 0.05, 'lora_query': True, 'lora_key': True, 'lora_value': True, 'lora_projection': True, 'lora_mlp': True, 'lora_head': True}
Loaded train data from ../dataset/cola/train/2.npz
Data length: 1
Loaded test data from ../dataset/cola/test/2.npz
Data length: 1
self.lora_params: {'rank': 4, 'alpha': 64, 'dropout': 0.05, 'lora_query': True, 'lora_key': True, 'lora_value': True, 'lora_projection': True, 'lora_mlp': True, 'lora_head': True}
Loaded train data from ../dataset/cola/train/3.npz
Data length: 1
Loaded test data from ../dataset/cola/test/3.npz
Data length: 1
self.lora_params: {'rank': 4, 'alpha': 64, 'dropout': 0.05, 'lora_query': True, 'lora_key': True, 'lora_value': True, 'lora_projection': True, 'lora_mlp': True, 'lora_head': True}
Loaded train data from ../dataset/cola/train/4.npz
Data length: 1
Loaded test data from ../dataset/cola/test/4.npz
Data length: 1
self.lora_params: {'rank': 4, 'alpha': 64, 'dropout': 0.05, 'lora_query': True, 'lora_key': True, 'lora_value': True, 'lora_projection': True, 'lora_mlp': True, 'lora_head': True}
Loaded train data from ../dataset/cola/train/5.npz
Data length: 1
Loaded test data from ../dataset/cola/test/5.npz
Data length: 1
self.lora_params: {'rank': 4, 'alpha': 64, 'dropout': 0.05, 'lora_query': True, 'lora_key': True, 'lora_value': True, 'lora_projection': True, 'lora_mlp': True, 'lora_head': True}
Loaded train data from ../dataset/cola/train/6.npz
Data length: 1
Loaded test data from ../dataset/cola/test/6.npz
Data length: 1
self.lora_params: {'rank': 4, 'alpha': 64, 'dropout': 0.05, 'lora_query': True, 'lora_key': True, 'lora_value': True, 'lora_projection': True, 'lora_mlp': True, 'lora_head': True}
Loaded train data from ../dataset/cola/train/7.npz
Data length: 1
Loaded test data from ../dataset/cola/test/7.npz
Data length: 1
self.lora_params: {'rank': 4, 'alpha': 64, 'dropout': 0.05, 'lora_query': True, 'lora_key': True, 'lora_value': True, 'lora_projection': True, 'lora_mlp': True, 'lora_head': True}
Loaded train data from ../dataset/cola/train/8.npz
Data length: 1
Loaded test data from ../dataset/cola/test/8.npz
Data length: 1
self.lora_params: {'rank': 4, 'alpha': 64, 'dropout': 0.05, 'lora_query': True, 'lora_key': True, 'lora_value': True, 'lora_projection': True, 'lora_mlp': True, 'lora_head': True}
Loaded train data from ../dataset/cola/train/9.npz
Data length: 1
Loaded test data from ../dataset/cola/test/9.npz
Data length: 1
self.lora_params: {'rank': 4, 'alpha': 64, 'dropout': 0.05, 'lora_query': True, 'lora_key': True, 'lora_value': True, 'lora_projection': True, 'lora_mlp': True, 'lora_head': True}

Join ratio / total clients: 1.0 / 10
Finished creating server and clients.

-------------Round number: 0-------------

Evaluate global model
Loaded test data from ../dataset/cola/test/0.npz
Data length: 1
metric.compute(): {'accuracy': 0.48148148148148145}
ct, ns, auc: 0.48148148148148145, 0, 0
Loaded test data from ../dataset/cola/test/1.npz
Data length: 1
metric.compute(): {'accuracy': 0.3383084577114428}
ct, ns, auc: 0.3383084577114428, 0, 0
Loaded test data from ../dataset/cola/test/2.npz
Data length: 1
metric.compute(): {'accuracy': 0.325}
ct, ns, auc: 0.325, 0, 0
Loaded test data from ../dataset/cola/test/3.npz
Data length: 1
metric.compute(): {'accuracy': 0.6188524590163934}
ct, ns, auc: 0.6188524590163934, 0, 0
Loaded test data from ../dataset/cola/test/4.npz
Data length: 1
metric.compute(): {'accuracy': 0.2}
ct, ns, auc: 0.2, 0, 0
Loaded test data from ../dataset/cola/test/5.npz
Data length: 1
metric.compute(): {'accuracy': 0.6217616580310881}
ct, ns, auc: 0.6217616580310881, 0, 0
Loaded test data from ../dataset/cola/test/6.npz
Data length: 1
metric.compute(): {'accuracy': 0.7127659574468085}
ct, ns, auc: 0.7127659574468085, 0, 0
Loaded test data from ../dataset/cola/test/7.npz
Data length: 1
metric.compute(): {'accuracy': 0.6842105263157895}
ct, ns, auc: 0.6842105263157895, 0, 0
Loaded test data from ../dataset/cola/test/8.npz
Data length: 1
metric.compute(): {'accuracy': 0.5660377358490566}
ct, ns, auc: 0.5660377358490566, 0, 0
Loaded test data from ../dataset/cola/test/9.npz
Data length: 1
metric.compute(): {'accuracy': 0.5974025974025974}
ct, ns, auc: 0.5974025974025974, 0, 0
ids: [0, 1, 2, 3, 4, 5, 6, 7, 8, 9]
stats[1]: [0, 0, 0, 0, 0, 0, 0, 0, 0, 0]
stats[2]: [0.48148148148148145, 0.3383084577114428, 0.325, 0.6188524590163934, 0.2, 0.6217616580310881, 0.7127659574468085, 0.6842105263157895, 0.5660377358490566, 0.5974025974025974]
stats[3]: [0, 0, 0, 0, 0, 0, 0, 0, 0, 0]
Averaged Test Accuracy: 0.5146
Averaged Test AUC: 0.0000
Std Test Accuracy: 0.1722
Std Test AUC: 0.0000
Loaded train data from ../dataset/cola/train/8.npz
Data length: 1
Time elapsed 0.00 min
Memory used: 5.21 GB
Loaded train data from ../dataset/cola/train/1.npz
Data length: 1
Time elapsed 0.01 min
Memory used: 7.08 GB
Loaded train data from ../dataset/cola/train/5.npz
Data length: 1
Time elapsed 0.01 min
Memory used: 7.08 GB
Loaded train data from ../dataset/cola/train/0.npz
Data length: 1
Time elapsed 0.00 min
Memory used: 7.10 GB
Loaded train data from ../dataset/cola/train/7.npz
Data length: 1
Time elapsed 0.01 min
Memory used: 7.10 GB
Loaded train data from ../dataset/cola/train/2.npz
Data length: 1
Time elapsed 0.00 min
Memory used: 7.10 GB
Loaded train data from ../dataset/cola/train/9.npz
Data length: 1
Time elapsed 0.00 min
Memory used: 7.10 GB
Loaded train data from ../dataset/cola/train/4.npz
Data length: 1
Time elapsed 0.00 min
Memory used: 7.15 GB
Loaded train data from ../dataset/cola/train/3.npz
Data length: 1
Time elapsed 0.01 min
Memory used: 7.15 GB
Loaded train data from ../dataset/cola/train/6.npz
Data length: 1
Time elapsed 0.00 min
Memory used: 7.15 GB
------------------------- time cost ------------------------- 12.297582864761353

-------------Round number: 1-------------

Evaluate global model
Loaded test data from ../dataset/cola/test/0.npz
Data length: 1
metric.compute(): {'accuracy': 0.5714285714285714}
ct, ns, auc: 0.5714285714285714, 0, 0
Loaded test data from ../dataset/cola/test/1.npz
Data length: 1
metric.compute(): {'accuracy': 0.3407960199004975}
ct, ns, auc: 0.3407960199004975, 0, 0
Loaded test data from ../dataset/cola/test/2.npz
Data length: 1
metric.compute(): {'accuracy': 0.325}
ct, ns, auc: 0.325, 0, 0
Loaded test data from ../dataset/cola/test/3.npz
Data length: 1
metric.compute(): {'accuracy': 0.6980874316939891}
ct, ns, auc: 0.6980874316939891, 0, 0
Loaded test data from ../dataset/cola/test/4.npz
Data length: 1
metric.compute(): {'accuracy': 0.2}
ct, ns, auc: 0.2, 0, 0
Loaded test data from ../dataset/cola/test/5.npz
Data length: 1
metric.compute(): {'accuracy': 0.7590673575129534}
ct, ns, auc: 0.7590673575129534, 0, 0
Loaded test data from ../dataset/cola/test/6.npz
Data length: 1
metric.compute(): {'accuracy': 0.6968085106382979}
ct, ns, auc: 0.6968085106382979, 0, 0
Loaded test data from ../dataset/cola/test/7.npz
Data length: 1
metric.compute(): {'accuracy': 0.6842105263157895}
ct, ns, auc: 0.6842105263157895, 0, 0
Loaded test data from ../dataset/cola/test/8.npz
Data length: 1
metric.compute(): {'accuracy': 0.5471698113207547}
ct, ns, auc: 0.5471698113207547, 0, 0
Loaded test data from ../dataset/cola/test/9.npz
Data length: 1
metric.compute(): {'accuracy': 0.6493506493506493}
ct, ns, auc: 0.6493506493506493, 0, 0
ids: [0, 1, 2, 3, 4, 5, 6, 7, 8, 9]
stats[1]: [0, 0, 0, 0, 0, 0, 0, 0, 0, 0]
stats[2]: [0.5714285714285714, 0.3407960199004975, 0.325, 0.6980874316939891, 0.2, 0.7590673575129534, 0.6968085106382979, 0.6842105263157895, 0.5471698113207547, 0.6493506493506493]
stats[3]: [0, 0, 0, 0, 0, 0, 0, 0, 0, 0]
Averaged Test Accuracy: 0.5472
Averaged Test AUC: 0.0000
Std Test Accuracy: 0.1922
Std Test AUC: 0.0000
Loaded train data from ../dataset/cola/train/0.npz
Data length: 1
Time elapsed 0.00 min
Memory used: 7.15 GB
Loaded train data from ../dataset/cola/train/1.npz
Data length: 1
Time elapsed 0.01 min
Memory used: 7.15 GB
Loaded train data from ../dataset/cola/train/7.npz
Data length: 1
Time elapsed 0.01 min
Memory used: 7.15 GB
Loaded train data from ../dataset/cola/train/8.npz
Data length: 1
Time elapsed 0.00 min
Memory used: 7.15 GB
Loaded train data from ../dataset/cola/train/3.npz
Data length: 1
Time elapsed 0.01 min
Memory used: 7.16 GB
Loaded train data from ../dataset/cola/train/9.npz
Data length: 1
Time elapsed 0.00 min
Memory used: 7.16 GB
Loaded train data from ../dataset/cola/train/5.npz
Data length: 1
Time elapsed 0.01 min
Memory used: 7.16 GB
Loaded train data from ../dataset/cola/train/6.npz
Data length: 1
Time elapsed 0.00 min
Memory used: 7.16 GB
Loaded train data from ../dataset/cola/train/4.npz
Data length: 1
Time elapsed 0.00 min
Memory used: 7.16 GB
Loaded train data from ../dataset/cola/train/2.npz
Data length: 1
Time elapsed 0.00 min
Memory used: 7.16 GB
------------------------- time cost ------------------------- 11.991025686264038

-------------Round number: 2-------------

Evaluate global model
Loaded test data from ../dataset/cola/test/0.npz
Data length: 1
metric.compute(): {'accuracy': 0.6137566137566137}
ct, ns, auc: 0.6137566137566137, 0, 0
Loaded test data from ../dataset/cola/test/1.npz
Data length: 1
metric.compute(): {'accuracy': 0.417910447761194}
ct, ns, auc: 0.417910447761194, 0, 0
Loaded test data from ../dataset/cola/test/2.npz
Data length: 1
metric.compute(): {'accuracy': 0.325}
ct, ns, auc: 0.325, 0, 0
Loaded test data from ../dataset/cola/test/3.npz
Data length: 1
metric.compute(): {'accuracy': 0.6994535519125683}
ct, ns, auc: 0.6994535519125683, 0, 0
Loaded test data from ../dataset/cola/test/4.npz
Data length: 1
metric.compute(): {'accuracy': 0.2}
ct, ns, auc: 0.2, 0, 0
Loaded test data from ../dataset/cola/test/5.npz
Data length: 1
metric.compute(): {'accuracy': 0.7797927461139896}
ct, ns, auc: 0.7797927461139896, 0, 0
Loaded test data from ../dataset/cola/test/6.npz
Data length: 1
metric.compute(): {'accuracy': 0.6968085106382979}
ct, ns, auc: 0.6968085106382979, 0, 0
Loaded test data from ../dataset/cola/test/7.npz
Data length: 1
metric.compute(): {'accuracy': 0.6842105263157895}
ct, ns, auc: 0.6842105263157895, 0, 0
Loaded test data from ../dataset/cola/test/8.npz
Data length: 1
metric.compute(): {'accuracy': 0.5660377358490566}
ct, ns, auc: 0.5660377358490566, 0, 0
Loaded test data from ../dataset/cola/test/9.npz
Data length: 1
metric.compute(): {'accuracy': 0.7272727272727273}
ct, ns, auc: 0.7272727272727273, 0, 0
ids: [0, 1, 2, 3, 4, 5, 6, 7, 8, 9]
stats[1]: [0, 0, 0, 0, 0, 0, 0, 0, 0, 0]
stats[2]: [0.6137566137566137, 0.417910447761194, 0.325, 0.6994535519125683, 0.2, 0.7797927461139896, 0.6968085106382979, 0.6842105263157895, 0.5660377358490566, 0.7272727272727273]
stats[3]: [0, 0, 0, 0, 0, 0, 0, 0, 0, 0]
Averaged Test Accuracy: 0.5710
Averaged Test AUC: 0.0000
Std Test Accuracy: 0.1934
Std Test AUC: 0.0000
Loaded train data from ../dataset/cola/train/9.npz
Data length: 1
Time elapsed 0.00 min
Memory used: 7.16 GB
Loaded train data from ../dataset/cola/train/0.npz
Data length: 1
Time elapsed 0.00 min
Memory used: 7.16 GB
Loaded train data from ../dataset/cola/train/4.npz
Data length: 1
Time elapsed 0.00 min
Memory used: 7.16 GB
Loaded train data from ../dataset/cola/train/3.npz
Data length: 1
Time elapsed 0.01 min
Memory used: 7.16 GB
Loaded train data from ../dataset/cola/train/1.npz
Data length: 1
Time elapsed 0.01 min
Memory used: 7.16 GB
Loaded train data from ../dataset/cola/train/5.npz
Data length: 1
Time elapsed 0.01 min
Memory used: 7.16 GB
Loaded train data from ../dataset/cola/train/6.npz
Data length: 1
Time elapsed 0.00 min
Memory used: 7.16 GB
Loaded train data from ../dataset/cola/train/7.npz
Data length: 1
Time elapsed 0.01 min
Memory used: 7.16 GB
Loaded train data from ../dataset/cola/train/8.npz
Data length: 1
Time elapsed 0.00 min
Memory used: 7.16 GB
Loaded train data from ../dataset/cola/train/2.npz
Data length: 1
Time elapsed 0.00 min
Memory used: 7.16 GB
------------------------- time cost ------------------------- 15.936184883117676

-------------Round number: 3-------------

Evaluate global model
Loaded test data from ../dataset/cola/test/0.npz
Data length: 1
metric.compute(): {'accuracy': 0.6613756613756614}
ct, ns, auc: 0.6613756613756614, 0, 0
Loaded test data from ../dataset/cola/test/1.npz
Data length: 1
metric.compute(): {'accuracy': 0.6094527363184079}
ct, ns, auc: 0.6094527363184079, 0, 0
Loaded test data from ../dataset/cola/test/2.npz
Data length: 1
metric.compute(): {'accuracy': 0.325}
ct, ns, auc: 0.325, 0, 0
Loaded test data from ../dataset/cola/test/3.npz
Data length: 1
metric.compute(): {'accuracy': 0.6994535519125683}
ct, ns, auc: 0.6994535519125683, 0, 0
Loaded test data from ../dataset/cola/test/4.npz
Data length: 1
metric.compute(): {'accuracy': 0.2}
ct, ns, auc: 0.2, 0, 0
Loaded test data from ../dataset/cola/test/5.npz
Data length: 1
metric.compute(): {'accuracy': 0.7849740932642487}
ct, ns, auc: 0.7849740932642487, 0, 0
Loaded test data from ../dataset/cola/test/6.npz
Data length: 1
metric.compute(): {'accuracy': 0.7021276595744681}
ct, ns, auc: 0.7021276595744681, 0, 0
Loaded test data from ../dataset/cola/test/7.npz
Data length: 1
metric.compute(): {'accuracy': 0.6842105263157895}
ct, ns, auc: 0.6842105263157895, 0, 0
Loaded test data from ../dataset/cola/test/8.npz
Data length: 1
metric.compute(): {'accuracy': 0.6037735849056604}
ct, ns, auc: 0.6037735849056604, 0, 0
Loaded test data from ../dataset/cola/test/9.npz
Data length: 1
metric.compute(): {'accuracy': 0.7272727272727273}
ct, ns, auc: 0.7272727272727273, 0, 0
ids: [0, 1, 2, 3, 4, 5, 6, 7, 8, 9]
stats[1]: [0, 0, 0, 0, 0, 0, 0, 0, 0, 0]
stats[2]: [0.6613756613756614, 0.6094527363184079, 0.325, 0.6994535519125683, 0.2, 0.7849740932642487, 0.7021276595744681, 0.6842105263157895, 0.6037735849056604, 0.7272727272727273]
stats[3]: [0, 0, 0, 0, 0, 0, 0, 0, 0, 0]
Averaged Test Accuracy: 0.5998
Averaged Test AUC: 0.0000
Std Test Accuracy: 0.1878
Std Test AUC: 0.0000
Loaded train data from ../dataset/cola/train/5.npz
Data length: 1
Time elapsed 0.01 min
Memory used: 7.16 GB
Loaded train data from ../dataset/cola/train/8.npz
Data length: 1
Time elapsed 0.00 min
Memory used: 7.16 GB
Loaded train data from ../dataset/cola/train/0.npz
Data length: 1
Time elapsed 0.00 min
Memory used: 7.16 GB
Loaded train data from ../dataset/cola/train/4.npz
Data length: 1
Time elapsed 0.00 min
Memory used: 7.16 GB
Loaded train data from ../dataset/cola/train/7.npz
Data length: 1
Time elapsed 0.01 min
Memory used: 7.16 GB
Loaded train data from ../dataset/cola/train/2.npz
Data length: 1
Time elapsed 0.00 min
Memory used: 7.16 GB
Loaded train data from ../dataset/cola/train/6.npz
Data length: 1
Time elapsed 0.00 min
Memory used: 7.16 GB
Loaded train data from ../dataset/cola/train/1.npz
Data length: 1
Time elapsed 0.01 min
Memory used: 7.16 GB
Loaded train data from ../dataset/cola/train/3.npz
Data length: 1
Time elapsed 0.01 min
Memory used: 7.16 GB
Loaded train data from ../dataset/cola/train/9.npz
Data length: 1
Time elapsed 0.00 min
Memory used: 7.16 GB
------------------------- time cost ------------------------- 15.546303749084473

-------------Round number: 4-------------

Evaluate global model
Loaded test data from ../dataset/cola/test/0.npz
Data length: 1
metric.compute(): {'accuracy': 0.6825396825396826}
ct, ns, auc: 0.6825396825396826, 0, 0
Loaded test data from ../dataset/cola/test/1.npz
Data length: 1
metric.compute(): {'accuracy': 0.654228855721393}
ct, ns, auc: 0.654228855721393, 0, 0
Loaded test data from ../dataset/cola/test/2.npz
Data length: 1
metric.compute(): {'accuracy': 0.3375}
ct, ns, auc: 0.3375, 0, 0
Loaded test data from ../dataset/cola/test/3.npz
Data length: 1
metric.compute(): {'accuracy': 0.6994535519125683}
ct, ns, auc: 0.6994535519125683, 0, 0
Loaded test data from ../dataset/cola/test/4.npz
Data length: 1
metric.compute(): {'accuracy': 0.2}
ct, ns, auc: 0.2, 0, 0
Loaded test data from ../dataset/cola/test/5.npz
Data length: 1
metric.compute(): {'accuracy': 0.7849740932642487}
ct, ns, auc: 0.7849740932642487, 0, 0
Loaded test data from ../dataset/cola/test/6.npz
Data length: 1
metric.compute(): {'accuracy': 0.7074468085106383}
ct, ns, auc: 0.7074468085106383, 0, 0
Loaded test data from ../dataset/cola/test/7.npz
Data length: 1
metric.compute(): {'accuracy': 0.6842105263157895}
ct, ns, auc: 0.6842105263157895, 0, 0
Loaded test data from ../dataset/cola/test/8.npz
Data length: 1
metric.compute(): {'accuracy': 0.6037735849056604}
ct, ns, auc: 0.6037735849056604, 0, 0
Loaded test data from ../dataset/cola/test/9.npz
Data length: 1
metric.compute(): {'accuracy': 0.7532467532467533}
ct, ns, auc: 0.7532467532467533, 0, 0
ids: [0, 1, 2, 3, 4, 5, 6, 7, 8, 9]
stats[1]: [0, 0, 0, 0, 0, 0, 0, 0, 0, 0]
stats[2]: [0.6825396825396826, 0.654228855721393, 0.3375, 0.6994535519125683, 0.2, 0.7849740932642487, 0.7074468085106383, 0.6842105263157895, 0.6037735849056604, 0.7532467532467533]
stats[3]: [0, 0, 0, 0, 0, 0, 0, 0, 0, 0]
Averaged Test Accuracy: 0.6107
Averaged Test AUC: 0.0000
Std Test Accuracy: 0.1897
Std Test AUC: 0.0000
Loaded train data from ../dataset/cola/train/0.npz
Data length: 1
Time elapsed 0.00 min
Memory used: 7.16 GB
Loaded train data from ../dataset/cola/train/6.npz
Data length: 1
Time elapsed 0.00 min
Memory used: 7.16 GB
Loaded train data from ../dataset/cola/train/8.npz
Data length: 1
Time elapsed 0.00 min
Memory used: 7.16 GB
Loaded train data from ../dataset/cola/train/5.npz
Data length: 1
Time elapsed 0.01 min
Memory used: 7.16 GB
Loaded train data from ../dataset/cola/train/4.npz
Data length: 1
Time elapsed 0.00 min
Memory used: 7.16 GB
Loaded train data from ../dataset/cola/train/2.npz
Data length: 1
Time elapsed 0.00 min
Memory used: 7.16 GB
Loaded train data from ../dataset/cola/train/7.npz
Data length: 1
Time elapsed 0.01 min
Memory used: 7.16 GB
Loaded train data from ../dataset/cola/train/9.npz
Data length: 1
Time elapsed 0.00 min
Memory used: 7.16 GB
Loaded train data from ../dataset/cola/train/1.npz
Data length: 1
Time elapsed 0.01 min
Memory used: 7.16 GB
Loaded train data from ../dataset/cola/train/3.npz
Data length: 1
Time elapsed 0.01 min
Memory used: 7.16 GB
------------------------- time cost ------------------------- 16.6802659034729

-------------Round number: 5-------------

Evaluate global model
Loaded test data from ../dataset/cola/test/0.npz
Data length: 1
metric.compute(): {'accuracy': 0.6825396825396826}
ct, ns, auc: 0.6825396825396826, 0, 0
Loaded test data from ../dataset/cola/test/1.npz
Data length: 1
metric.compute(): {'accuracy': 0.6616915422885572}
ct, ns, auc: 0.6616915422885572, 0, 0
Loaded test data from ../dataset/cola/test/2.npz
Data length: 1
metric.compute(): {'accuracy': 0.4125}
ct, ns, auc: 0.4125, 0, 0
Loaded test data from ../dataset/cola/test/3.npz
Data length: 1
metric.compute(): {'accuracy': 0.6994535519125683}
ct, ns, auc: 0.6994535519125683, 0, 0
Loaded test data from ../dataset/cola/test/4.npz
Data length: 1
metric.compute(): {'accuracy': 0.2}
ct, ns, auc: 0.2, 0, 0
Loaded test data from ../dataset/cola/test/5.npz
Data length: 1
metric.compute(): {'accuracy': 0.7849740932642487}
ct, ns, auc: 0.7849740932642487, 0, 0
Loaded test data from ../dataset/cola/test/6.npz
Data length: 1
metric.compute(): {'accuracy': 0.7127659574468085}
ct, ns, auc: 0.7127659574468085, 0, 0
Loaded test data from ../dataset/cola/test/7.npz
Data length: 1
metric.compute(): {'accuracy': 0.6842105263157895}
ct, ns, auc: 0.6842105263157895, 0, 0
Loaded test data from ../dataset/cola/test/8.npz
Data length: 1
metric.compute(): {'accuracy': 0.6037735849056604}
ct, ns, auc: 0.6037735849056604, 0, 0
Loaded test data from ../dataset/cola/test/9.npz
Data length: 1
metric.compute(): {'accuracy': 0.7532467532467533}
ct, ns, auc: 0.7532467532467533, 0, 0
ids: [0, 1, 2, 3, 4, 5, 6, 7, 8, 9]
stats[1]: [0, 0, 0, 0, 0, 0, 0, 0, 0, 0]
stats[2]: [0.6825396825396826, 0.6616915422885572, 0.4125, 0.6994535519125683, 0.2, 0.7849740932642487, 0.7127659574468085, 0.6842105263157895, 0.6037735849056604, 0.7532467532467533]
stats[3]: [0, 0, 0, 0, 0, 0, 0, 0, 0, 0]
Averaged Test Accuracy: 0.6195
Averaged Test AUC: 0.0000
Std Test Accuracy: 0.1793
Std Test AUC: 0.0000
Loaded train data from ../dataset/cola/train/7.npz
Data length: 1
Time elapsed 0.01 min
Memory used: 7.16 GB
Loaded train data from ../dataset/cola/train/9.npz
Data length: 1
Time elapsed 0.00 min
Memory used: 7.16 GB
Loaded train data from ../dataset/cola/train/6.npz
Data length: 1
Time elapsed 0.00 min
Memory used: 7.16 GB
Loaded train data from ../dataset/cola/train/8.npz
Data length: 1
Time elapsed 0.00 min
Memory used: 7.16 GB
Loaded train data from ../dataset/cola/train/0.npz
Data length: 1
Time elapsed 0.00 min
Memory used: 7.16 GB
Loaded train data from ../dataset/cola/train/4.npz
Data length: 1
Time elapsed 0.00 min
Memory used: 7.16 GB
Loaded train data from ../dataset/cola/train/3.npz
Data length: 1
Time elapsed 0.01 min
Memory used: 7.16 GB
Loaded train data from ../dataset/cola/train/2.npz
Data length: 1
Time elapsed 0.00 min
Memory used: 7.16 GB
Loaded train data from ../dataset/cola/train/5.npz
Data length: 1
Time elapsed 0.01 min
Memory used: 7.16 GB
Loaded train data from ../dataset/cola/train/1.npz
Data length: 1
Time elapsed 0.01 min
Memory used: 7.16 GB
------------------------- time cost ------------------------- 11.4658842086792

-------------Round number: 6-------------

Evaluate global model
Loaded test data from ../dataset/cola/test/0.npz
Data length: 1
metric.compute(): {'accuracy': 0.6825396825396826}
ct, ns, auc: 0.6825396825396826, 0, 0
Loaded test data from ../dataset/cola/test/1.npz
Data length: 1
metric.compute(): {'accuracy': 0.6616915422885572}
ct, ns, auc: 0.6616915422885572, 0, 0
Loaded test data from ../dataset/cola/test/2.npz
Data length: 1
metric.compute(): {'accuracy': 0.55}
ct, ns, auc: 0.55, 0, 0
Loaded test data from ../dataset/cola/test/3.npz
Data length: 1
metric.compute(): {'accuracy': 0.6994535519125683}
ct, ns, auc: 0.6994535519125683, 0, 0
Loaded test data from ../dataset/cola/test/4.npz
Data length: 1
metric.compute(): {'accuracy': 0.2}
ct, ns, auc: 0.2, 0, 0
Loaded test data from ../dataset/cola/test/5.npz
Data length: 1
metric.compute(): {'accuracy': 0.7849740932642487}
ct, ns, auc: 0.7849740932642487, 0, 0
Loaded test data from ../dataset/cola/test/6.npz
Data length: 1
metric.compute(): {'accuracy': 0.7074468085106383}
ct, ns, auc: 0.7074468085106383, 0, 0
Loaded test data from ../dataset/cola/test/7.npz
Data length: 1
metric.compute(): {'accuracy': 0.6842105263157895}
ct, ns, auc: 0.6842105263157895, 0, 0
Loaded test data from ../dataset/cola/test/8.npz
Data length: 1
metric.compute(): {'accuracy': 0.6037735849056604}
ct, ns, auc: 0.6037735849056604, 0, 0
Loaded test data from ../dataset/cola/test/9.npz
Data length: 1
metric.compute(): {'accuracy': 0.7532467532467533}
ct, ns, auc: 0.7532467532467533, 0, 0
ids: [0, 1, 2, 3, 4, 5, 6, 7, 8, 9]
stats[1]: [0, 0, 0, 0, 0, 0, 0, 0, 0, 0]
stats[2]: [0.6825396825396826, 0.6616915422885572, 0.55, 0.6994535519125683, 0.2, 0.7849740932642487, 0.7074468085106383, 0.6842105263157895, 0.6037735849056604, 0.7532467532467533]
stats[3]: [0, 0, 0, 0, 0, 0, 0, 0, 0, 0]
Averaged Test Accuracy: 0.6327
Averaged Test AUC: 0.0000
Std Test Accuracy: 0.1662
Std Test AUC: 0.0000
Loaded train data from ../dataset/cola/train/3.npz
Data length: 1
Time elapsed 0.01 min
Memory used: 7.16 GB
Loaded train data from ../dataset/cola/train/6.npz
Data length: 1
Time elapsed 0.00 min
Memory used: 7.16 GB
Loaded train data from ../dataset/cola/train/8.npz
Data length: 1
Time elapsed 0.00 min
Memory used: 7.16 GB
Loaded train data from ../dataset/cola/train/9.npz
Data length: 1
Time elapsed 0.00 min
Memory used: 7.16 GB
Loaded train data from ../dataset/cola/train/0.npz
Data length: 1
Time elapsed 0.00 min
Memory used: 7.16 GB
Loaded train data from ../dataset/cola/train/4.npz
Data length: 1
Time elapsed 0.00 min
Memory used: 7.16 GB
Loaded train data from ../dataset/cola/train/1.npz
Data length: 1
Time elapsed 0.01 min
Memory used: 7.16 GB
Loaded train data from ../dataset/cola/train/5.npz
Data length: 1
Time elapsed 0.01 min
Memory used: 7.16 GB
Loaded train data from ../dataset/cola/train/7.npz
Data length: 1
Time elapsed 0.01 min
Memory used: 7.16 GB
Loaded train data from ../dataset/cola/train/2.npz
Data length: 1
Time elapsed 0.00 min
Memory used: 7.16 GB
------------------------- time cost ------------------------- 10.922742366790771

-------------Round number: 7-------------

Evaluate global model
Loaded test data from ../dataset/cola/test/0.npz
Data length: 1
metric.compute(): {'accuracy': 0.6825396825396826}
ct, ns, auc: 0.6825396825396826, 0, 0
Loaded test data from ../dataset/cola/test/1.npz
Data length: 1
metric.compute(): {'accuracy': 0.6616915422885572}
ct, ns, auc: 0.6616915422885572, 0, 0
Loaded test data from ../dataset/cola/test/2.npz
Data length: 1
metric.compute(): {'accuracy': 0.6}
ct, ns, auc: 0.6, 0, 0
Loaded test data from ../dataset/cola/test/3.npz
Data length: 1
metric.compute(): {'accuracy': 0.6994535519125683}
ct, ns, auc: 0.6994535519125683, 0, 0
Loaded test data from ../dataset/cola/test/4.npz
Data length: 1
metric.compute(): {'accuracy': 0.2}
ct, ns, auc: 0.2, 0, 0
Loaded test data from ../dataset/cola/test/5.npz
Data length: 1
metric.compute(): {'accuracy': 0.7849740932642487}
ct, ns, auc: 0.7849740932642487, 0, 0
Loaded test data from ../dataset/cola/test/6.npz
Data length: 1
metric.compute(): {'accuracy': 0.7127659574468085}
ct, ns, auc: 0.7127659574468085, 0, 0
Loaded test data from ../dataset/cola/test/7.npz
Data length: 1
metric.compute(): {'accuracy': 0.6842105263157895}
ct, ns, auc: 0.6842105263157895, 0, 0
Loaded test data from ../dataset/cola/test/8.npz
Data length: 1
metric.compute(): {'accuracy': 0.6037735849056604}
ct, ns, auc: 0.6037735849056604, 0, 0
Loaded test data from ../dataset/cola/test/9.npz
Data length: 1
metric.compute(): {'accuracy': 0.7532467532467533}
ct, ns, auc: 0.7532467532467533, 0, 0
ids: [0, 1, 2, 3, 4, 5, 6, 7, 8, 9]
stats[1]: [0, 0, 0, 0, 0, 0, 0, 0, 0, 0]
stats[2]: [0.6825396825396826, 0.6616915422885572, 0.6, 0.6994535519125683, 0.2, 0.7849740932642487, 0.7127659574468085, 0.6842105263157895, 0.6037735849056604, 0.7532467532467533]
stats[3]: [0, 0, 0, 0, 0, 0, 0, 0, 0, 0]
Averaged Test Accuracy: 0.6383
Averaged Test AUC: 0.0000
Std Test Accuracy: 0.1644
Std Test AUC: 0.0000
Loaded train data from ../dataset/cola/train/2.npz
Data length: 1
Time elapsed 0.00 min
Memory used: 7.16 GB
Loaded train data from ../dataset/cola/train/3.npz
Data length: 1
Time elapsed 0.01 min
Memory used: 7.16 GB
Loaded train data from ../dataset/cola/train/8.npz
Data length: 1
Time elapsed 0.00 min
Memory used: 7.16 GB
Loaded train data from ../dataset/cola/train/9.npz
Data length: 1
Time elapsed 0.00 min
Memory used: 7.16 GB
Loaded train data from ../dataset/cola/train/7.npz
Data length: 1
Time elapsed 0.01 min
Memory used: 7.16 GB
Loaded train data from ../dataset/cola/train/6.npz
Data length: 1
Time elapsed 0.00 min
Memory used: 7.16 GB
Loaded train data from ../dataset/cola/train/4.npz
Data length: 1
Time elapsed 0.00 min
Memory used: 7.16 GB
Loaded train data from ../dataset/cola/train/1.npz
Data length: 1
Time elapsed 0.01 min
Memory used: 7.16 GB
Loaded train data from ../dataset/cola/train/5.npz
Data length: 1
Time elapsed 0.01 min
Memory used: 7.16 GB
Loaded train data from ../dataset/cola/train/0.npz
Data length: 1
Time elapsed 0.00 min
Memory used: 7.16 GB
------------------------- time cost ------------------------- 11.559860229492188

-------------Round number: 8-------------

Evaluate global model
Loaded test data from ../dataset/cola/test/0.npz
Data length: 1
metric.compute(): {'accuracy': 0.6825396825396826}
ct, ns, auc: 0.6825396825396826, 0, 0
Loaded test data from ../dataset/cola/test/1.npz
Data length: 1
metric.compute(): {'accuracy': 0.6616915422885572}
ct, ns, auc: 0.6616915422885572, 0, 0
Loaded test data from ../dataset/cola/test/2.npz
Data length: 1
metric.compute(): {'accuracy': 0.6875}
ct, ns, auc: 0.6875, 0, 0
Loaded test data from ../dataset/cola/test/3.npz
Data length: 1
metric.compute(): {'accuracy': 0.6994535519125683}
ct, ns, auc: 0.6994535519125683, 0, 0
Loaded test data from ../dataset/cola/test/4.npz
Data length: 1
metric.compute(): {'accuracy': 0.2}
ct, ns, auc: 0.2, 0, 0
Loaded test data from ../dataset/cola/test/5.npz
Data length: 1
metric.compute(): {'accuracy': 0.7849740932642487}
ct, ns, auc: 0.7849740932642487, 0, 0
Loaded test data from ../dataset/cola/test/6.npz
Data length: 1
metric.compute(): {'accuracy': 0.7127659574468085}
ct, ns, auc: 0.7127659574468085, 0, 0
Loaded test data from ../dataset/cola/test/7.npz
Data length: 1
metric.compute(): {'accuracy': 0.6842105263157895}
ct, ns, auc: 0.6842105263157895, 0, 0
Loaded test data from ../dataset/cola/test/8.npz
Data length: 1
metric.compute(): {'accuracy': 0.6037735849056604}
ct, ns, auc: 0.6037735849056604, 0, 0
Loaded test data from ../dataset/cola/test/9.npz
Data length: 1
metric.compute(): {'accuracy': 0.7532467532467533}
ct, ns, auc: 0.7532467532467533, 0, 0
ids: [0, 1, 2, 3, 4, 5, 6, 7, 8, 9]
stats[1]: [0, 0, 0, 0, 0, 0, 0, 0, 0, 0]
stats[2]: [0.6825396825396826, 0.6616915422885572, 0.6875, 0.6994535519125683, 0.2, 0.7849740932642487, 0.7127659574468085, 0.6842105263157895, 0.6037735849056604, 0.7532467532467533]
stats[3]: [0, 0, 0, 0, 0, 0, 0, 0, 0, 0]
Averaged Test Accuracy: 0.6470
Averaged Test AUC: 0.0000
Std Test Accuracy: 0.1645
Std Test AUC: 0.0000
Loaded train data from ../dataset/cola/train/8.npz
Data length: 1
Time elapsed 0.00 min
Memory used: 7.16 GB
Loaded train data from ../dataset/cola/train/7.npz
Data length: 1
Time elapsed 0.01 min
Memory used: 7.16 GB
Loaded train data from ../dataset/cola/train/6.npz
Data length: 1
Time elapsed 0.00 min
Memory used: 7.16 GB
Loaded train data from ../dataset/cola/train/0.npz
Data length: 1
Time elapsed 0.00 min
Memory used: 7.16 GB
Loaded train data from ../dataset/cola/train/4.npz
Data length: 1
Time elapsed 0.00 min
Memory used: 7.16 GB
Loaded train data from ../dataset/cola/train/2.npz
Data length: 1
Time elapsed 0.00 min
Memory used: 7.16 GB
Loaded train data from ../dataset/cola/train/5.npz
Data length: 1
Time elapsed 0.01 min
Memory used: 7.16 GB
Loaded train data from ../dataset/cola/train/1.npz
Data length: 1
Time elapsed 0.01 min
Memory used: 7.16 GB
Loaded train data from ../dataset/cola/train/3.npz
Data length: 1
Time elapsed 0.01 min
Memory used: 7.16 GB
Loaded train data from ../dataset/cola/train/9.npz
Data length: 1
Time elapsed 0.00 min
Memory used: 7.16 GB
------------------------- time cost ------------------------- 13.192148447036743

-------------Round number: 9-------------

Evaluate global model
Loaded test data from ../dataset/cola/test/0.npz
Data length: 1
metric.compute(): {'accuracy': 0.6825396825396826}
ct, ns, auc: 0.6825396825396826, 0, 0
Loaded test data from ../dataset/cola/test/1.npz
Data length: 1
metric.compute(): {'accuracy': 0.6616915422885572}
ct, ns, auc: 0.6616915422885572, 0, 0
Loaded test data from ../dataset/cola/test/2.npz
Data length: 1
metric.compute(): {'accuracy': 0.6875}
ct, ns, auc: 0.6875, 0, 0
Loaded test data from ../dataset/cola/test/3.npz
Data length: 1
metric.compute(): {'accuracy': 0.6994535519125683}
ct, ns, auc: 0.6994535519125683, 0, 0
Loaded test data from ../dataset/cola/test/4.npz
Data length: 1
metric.compute(): {'accuracy': 0.2}
ct, ns, auc: 0.2, 0, 0
Loaded test data from ../dataset/cola/test/5.npz
Data length: 1
metric.compute(): {'accuracy': 0.7849740932642487}
ct, ns, auc: 0.7849740932642487, 0, 0
Loaded test data from ../dataset/cola/test/6.npz
Data length: 1
metric.compute(): {'accuracy': 0.7127659574468085}
ct, ns, auc: 0.7127659574468085, 0, 0
Loaded test data from ../dataset/cola/test/7.npz
Data length: 1
metric.compute(): {'accuracy': 0.6842105263157895}
ct, ns, auc: 0.6842105263157895, 0, 0
Loaded test data from ../dataset/cola/test/8.npz
Data length: 1
metric.compute(): {'accuracy': 0.6037735849056604}
ct, ns, auc: 0.6037735849056604, 0, 0
Loaded test data from ../dataset/cola/test/9.npz
Data length: 1
metric.compute(): {'accuracy': 0.7532467532467533}
ct, ns, auc: 0.7532467532467533, 0, 0
ids: [0, 1, 2, 3, 4, 5, 6, 7, 8, 9]
stats[1]: [0, 0, 0, 0, 0, 0, 0, 0, 0, 0]
stats[2]: [0.6825396825396826, 0.6616915422885572, 0.6875, 0.6994535519125683, 0.2, 0.7849740932642487, 0.7127659574468085, 0.6842105263157895, 0.6037735849056604, 0.7532467532467533]
stats[3]: [0, 0, 0, 0, 0, 0, 0, 0, 0, 0]
Averaged Test Accuracy: 0.6470
Averaged Test AUC: 0.0000
Std Test Accuracy: 0.1645
Std Test AUC: 0.0000
Loaded train data from ../dataset/cola/train/5.npz
Data length: 1
Time elapsed 0.01 min
Memory used: 7.16 GB
Loaded train data from ../dataset/cola/train/9.npz
Data length: 1
Time elapsed 0.00 min
Memory used: 7.16 GB
Loaded train data from ../dataset/cola/train/6.npz
Data length: 1
Time elapsed 0.00 min
Memory used: 7.16 GB
Loaded train data from ../dataset/cola/train/4.npz
Data length: 1
