GPU details saved to $output_file
__TORCH Version: 2.3.1+cu121
__CUDNN Version: 8902
__CUDA version:  12.1
__Number CUDA Devices: 1
__CUDA Device Name: NVIDIA A100-SXM4-40GB
__CUDA Device Total Memory [GB]: 42.297786368
__CUDA Device Total Memory [GB]: 42.297786368
args.dataset: cola
args.num_labels: 2
==================================================
Personalized Federated Learning: True
Uniform Weight: False
Normalized Rank: False
Normalized Alpha: False
lora_rank: 4
lora_alpha: 64
lora_dropout: 0.0
lora_query: True
lora_key: True
lora_value: True
lora_projection: True
lora_mlp: True
lora_head: True
aa_bottleneck_reduction: 1
aa_text: False
aa_vision: False
ca_bottleneck_reduction: 4
ca_text: False
ca_vision: False
Seed: 42
Algorithm: flora
Local batch size: 128
Local epochs: 1
Local learing rate: 5e-05
Local learing rate decay: False
Total number of clients: 10
Clients join in each round: 1.0
Clients randomly join: False
Client drop rate: 0.0
Client select regarding time: False
Running times: 1
Dataset: cola
Number of classes: 10
Backbone: distilbert
Using device: cuda
Using DP: False
Auto break: False
Global rounds: 50
Cuda device id: 1
DLG attack: False
Total number of new clients: 0
Fine tuning epoches on new clients: 0
==================================================

============= Running time: 0th =============
Creating server and clients ...
Loaded train data from ../dataset/cola/train/0.npz
Data length: 1
Loaded test data from ../dataset/cola/test/0.npz
Data length: 1
self.lora_params: {'rank': 4, 'alpha': 64, 'dropout': 0.0, 'lora_query': True, 'lora_key': True, 'lora_value': True, 'lora_projection': True, 'lora_mlp': True, 'lora_head': True}
Loaded train data from ../dataset/cola/train/1.npz
Data length: 1
Loaded test data from ../dataset/cola/test/1.npz
Data length: 1
self.lora_params: {'rank': 4, 'alpha': 64, 'dropout': 0.0, 'lora_query': True, 'lora_key': True, 'lora_value': True, 'lora_projection': True, 'lora_mlp': True, 'lora_head': True}
Loaded train data from ../dataset/cola/train/2.npz
Data length: 1
Loaded test data from ../dataset/cola/test/2.npz
Data length: 1
self.lora_params: {'rank': 4, 'alpha': 64, 'dropout': 0.0, 'lora_query': True, 'lora_key': True, 'lora_value': True, 'lora_projection': True, 'lora_mlp': True, 'lora_head': True}
Loaded train data from ../dataset/cola/train/3.npz
Data length: 1
Loaded test data from ../dataset/cola/test/3.npz
Data length: 1
self.lora_params: {'rank': 4, 'alpha': 64, 'dropout': 0.0, 'lora_query': True, 'lora_key': True, 'lora_value': True, 'lora_projection': True, 'lora_mlp': True, 'lora_head': True}
Loaded train data from ../dataset/cola/train/4.npz
Data length: 1
Loaded test data from ../dataset/cola/test/4.npz
Data length: 1
self.lora_params: {'rank': 4, 'alpha': 64, 'dropout': 0.0, 'lora_query': True, 'lora_key': True, 'lora_value': True, 'lora_projection': True, 'lora_mlp': True, 'lora_head': True}
Loaded train data from ../dataset/cola/train/5.npz
Data length: 1
Loaded test data from ../dataset/cola/test/5.npz
Data length: 1
self.lora_params: {'rank': 4, 'alpha': 64, 'dropout': 0.0, 'lora_query': True, 'lora_key': True, 'lora_value': True, 'lora_projection': True, 'lora_mlp': True, 'lora_head': True}
Loaded train data from ../dataset/cola/train/6.npz
Data length: 1
Loaded test data from ../dataset/cola/test/6.npz
Data length: 1
self.lora_params: {'rank': 4, 'alpha': 64, 'dropout': 0.0, 'lora_query': True, 'lora_key': True, 'lora_value': True, 'lora_projection': True, 'lora_mlp': True, 'lora_head': True}
Loaded train data from ../dataset/cola/train/7.npz
Data length: 1
Loaded test data from ../dataset/cola/test/7.npz
Data length: 1
self.lora_params: {'rank': 4, 'alpha': 64, 'dropout': 0.0, 'lora_query': True, 'lora_key': True, 'lora_value': True, 'lora_projection': True, 'lora_mlp': True, 'lora_head': True}
Loaded train data from ../dataset/cola/train/8.npz
Data length: 1
Loaded test data from ../dataset/cola/test/8.npz
Data length: 1
self.lora_params: {'rank': 4, 'alpha': 64, 'dropout': 0.0, 'lora_query': True, 'lora_key': True, 'lora_value': True, 'lora_projection': True, 'lora_mlp': True, 'lora_head': True}
Loaded train data from ../dataset/cola/train/9.npz
Data length: 1
Loaded test data from ../dataset/cola/test/9.npz
Data length: 1
self.lora_params: {'rank': 4, 'alpha': 64, 'dropout': 0.0, 'lora_query': True, 'lora_key': True, 'lora_value': True, 'lora_projection': True, 'lora_mlp': True, 'lora_head': True}

Join ratio / total clients: 1.0 / 10
Finished creating server and clients.

-------------Round number: 0-------------

Evaluate global model
Loaded test data from ../dataset/cola/test/0.npz
Data length: 1
metric.compute(): {'accuracy': 0.48148148148148145}
ct, ns, auc: 0.48148148148148145, 0, 0
Loaded test data from ../dataset/cola/test/1.npz
Data length: 1
metric.compute(): {'accuracy': 0.3383084577114428}
ct, ns, auc: 0.3383084577114428, 0, 0
Loaded test data from ../dataset/cola/test/2.npz
Data length: 1
metric.compute(): {'accuracy': 0.325}
ct, ns, auc: 0.325, 0, 0
Loaded test data from ../dataset/cola/test/3.npz
Data length: 1
metric.compute(): {'accuracy': 0.6188524590163934}
ct, ns, auc: 0.6188524590163934, 0, 0
Loaded test data from ../dataset/cola/test/4.npz
Data length: 1
metric.compute(): {'accuracy': 0.2}
ct, ns, auc: 0.2, 0, 0
Loaded test data from ../dataset/cola/test/5.npz
Data length: 1
metric.compute(): {'accuracy': 0.6217616580310881}
ct, ns, auc: 0.6217616580310881, 0, 0
Loaded test data from ../dataset/cola/test/6.npz
Data length: 1
metric.compute(): {'accuracy': 0.7127659574468085}
ct, ns, auc: 0.7127659574468085, 0, 0
Loaded test data from ../dataset/cola/test/7.npz
Data length: 1
metric.compute(): {'accuracy': 0.6842105263157895}
ct, ns, auc: 0.6842105263157895, 0, 0
Loaded test data from ../dataset/cola/test/8.npz
Data length: 1
metric.compute(): {'accuracy': 0.5660377358490566}
ct, ns, auc: 0.5660377358490566, 0, 0
Loaded test data from ../dataset/cola/test/9.npz
Data length: 1
metric.compute(): {'accuracy': 0.5974025974025974}
ct, ns, auc: 0.5974025974025974, 0, 0
ids: [0, 1, 2, 3, 4, 5, 6, 7, 8, 9]
stats[1]: [0, 0, 0, 0, 0, 0, 0, 0, 0, 0]
stats[2]: [0.48148148148148145, 0.3383084577114428, 0.325, 0.6188524590163934, 0.2, 0.6217616580310881, 0.7127659574468085, 0.6842105263157895, 0.5660377358490566, 0.5974025974025974]
stats[3]: [0, 0, 0, 0, 0, 0, 0, 0, 0, 0]
Averaged Test Accuracy: 0.5146
Averaged Test AUC: 0.0000
Std Test Accuracy: 0.1722
Std Test AUC: 0.0000
Loaded train data from ../dataset/cola/train/8.npz
Data length: 1
Time elapsed 0.00 min
Memory used: 4.86 GB
Loaded train data from ../dataset/cola/train/1.npz
Data length: 1
Time elapsed 0.01 min
Memory used: 6.80 GB
Loaded train data from ../dataset/cola/train/5.npz
Data length: 1
Time elapsed 0.01 min
Memory used: 6.81 GB
Loaded train data from ../dataset/cola/train/0.npz
Data length: 1
Time elapsed 0.00 min
Memory used: 6.81 GB
Loaded train data from ../dataset/cola/train/7.npz
Data length: 1
Time elapsed 0.01 min
Memory used: 6.81 GB
Loaded train data from ../dataset/cola/train/2.npz
Data length: 1
Time elapsed 0.00 min
Memory used: 6.81 GB
Loaded train data from ../dataset/cola/train/9.npz
Data length: 1
Time elapsed 0.00 min
Memory used: 6.81 GB
Loaded train data from ../dataset/cola/train/4.npz
Data length: 1
Time elapsed 0.00 min
Memory used: 6.86 GB
Loaded train data from ../dataset/cola/train/3.npz
Data length: 1
Time elapsed 0.01 min
Memory used: 6.86 GB
Loaded train data from ../dataset/cola/train/6.npz
Data length: 1
Time elapsed 0.00 min
Memory used: 6.86 GB
------------------------- time cost ------------------------- 12.596851825714111

-------------Round number: 1-------------

Evaluate global model
Loaded test data from ../dataset/cola/test/0.npz
Data length: 1
metric.compute(): {'accuracy': 0.42857142857142855}
ct, ns, auc: 0.42857142857142855, 0, 0
Loaded test data from ../dataset/cola/test/1.npz
Data length: 1
metric.compute(): {'accuracy': 0.6616915422885572}
ct, ns, auc: 0.6616915422885572, 0, 0
Loaded test data from ../dataset/cola/test/2.npz
Data length: 1
metric.compute(): {'accuracy': 0.35}
ct, ns, auc: 0.35, 0, 0
Loaded test data from ../dataset/cola/test/3.npz
Data length: 1
metric.compute(): {'accuracy': 0.6994535519125683}
ct, ns, auc: 0.6994535519125683, 0, 0
Loaded test data from ../dataset/cola/test/4.npz
Data length: 1
metric.compute(): {'accuracy': 0.2}
ct, ns, auc: 0.2, 0, 0
Loaded test data from ../dataset/cola/test/5.npz
Data length: 1
metric.compute(): {'accuracy': 0.7849740932642487}
ct, ns, auc: 0.7849740932642487, 0, 0
Loaded test data from ../dataset/cola/test/6.npz
Data length: 1
metric.compute(): {'accuracy': 0.7127659574468085}
ct, ns, auc: 0.7127659574468085, 0, 0
Loaded test data from ../dataset/cola/test/7.npz
Data length: 1
metric.compute(): {'accuracy': 0.6842105263157895}
ct, ns, auc: 0.6842105263157895, 0, 0
Loaded test data from ../dataset/cola/test/8.npz
Data length: 1
metric.compute(): {'accuracy': 0.5283018867924528}
ct, ns, auc: 0.5283018867924528, 0, 0
Loaded test data from ../dataset/cola/test/9.npz
Data length: 1
metric.compute(): {'accuracy': 0.7532467532467533}
ct, ns, auc: 0.7532467532467533, 0, 0
ids: [0, 1, 2, 3, 4, 5, 6, 7, 8, 9]
stats[1]: [0, 0, 0, 0, 0, 0, 0, 0, 0, 0]
stats[2]: [0.42857142857142855, 0.6616915422885572, 0.35, 0.6994535519125683, 0.2, 0.7849740932642487, 0.7127659574468085, 0.6842105263157895, 0.5283018867924528, 0.7532467532467533]
stats[3]: [0, 0, 0, 0, 0, 0, 0, 0, 0, 0]
Averaged Test Accuracy: 0.5803
Averaged Test AUC: 0.0000
Std Test Accuracy: 0.1956
Std Test AUC: 0.0000
Loaded train data from ../dataset/cola/train/0.npz
Data length: 1
Time elapsed 0.00 min
Memory used: 6.86 GB
Loaded train data from ../dataset/cola/train/1.npz
Data length: 1
Time elapsed 0.01 min
Memory used: 6.86 GB
Loaded train data from ../dataset/cola/train/7.npz
Data length: 1
Time elapsed 0.01 min
Memory used: 6.86 GB
Loaded train data from ../dataset/cola/train/8.npz
Data length: 1
Time elapsed 0.00 min
Memory used: 6.86 GB
Loaded train data from ../dataset/cola/train/3.npz
Data length: 1
Time elapsed 0.01 min
Memory used: 6.87 GB
Loaded train data from ../dataset/cola/train/9.npz
Data length: 1
Time elapsed 0.00 min
Memory used: 6.87 GB
Loaded train data from ../dataset/cola/train/5.npz
Data length: 1
Time elapsed 0.01 min
Memory used: 6.87 GB
Loaded train data from ../dataset/cola/train/6.npz
Data length: 1
Time elapsed 0.00 min
Memory used: 6.87 GB
Loaded train data from ../dataset/cola/train/4.npz
Data length: 1
Time elapsed 0.00 min
Memory used: 6.87 GB
Loaded train data from ../dataset/cola/train/2.npz
Data length: 1
Time elapsed 0.00 min
Memory used: 6.87 GB
------------------------- time cost ------------------------- 11.653373956680298

-------------Round number: 2-------------

Evaluate global model
Loaded test data from ../dataset/cola/test/0.npz
Data length: 1
metric.compute(): {'accuracy': 0.6825396825396826}
ct, ns, auc: 0.6825396825396826, 0, 0
Loaded test data from ../dataset/cola/test/1.npz
Data length: 1
metric.compute(): {'accuracy': 0.6616915422885572}
ct, ns, auc: 0.6616915422885572, 0, 0
Loaded test data from ../dataset/cola/test/2.npz
Data length: 1
metric.compute(): {'accuracy': 0.675}
ct, ns, auc: 0.675, 0, 0
Loaded test data from ../dataset/cola/test/3.npz
Data length: 1
metric.compute(): {'accuracy': 0.6994535519125683}
ct, ns, auc: 0.6994535519125683, 0, 0
Loaded test data from ../dataset/cola/test/4.npz
Data length: 1
metric.compute(): {'accuracy': 0.2}
ct, ns, auc: 0.2, 0, 0
Loaded test data from ../dataset/cola/test/5.npz
Data length: 1
metric.compute(): {'accuracy': 0.7849740932642487}
ct, ns, auc: 0.7849740932642487, 0, 0
Loaded test data from ../dataset/cola/test/6.npz
Data length: 1
metric.compute(): {'accuracy': 0.7127659574468085}
ct, ns, auc: 0.7127659574468085, 0, 0
Loaded test data from ../dataset/cola/test/7.npz
Data length: 1
metric.compute(): {'accuracy': 0.6842105263157895}
ct, ns, auc: 0.6842105263157895, 0, 0
Loaded test data from ../dataset/cola/test/8.npz
Data length: 1
metric.compute(): {'accuracy': 0.6037735849056604}
ct, ns, auc: 0.6037735849056604, 0, 0
Loaded test data from ../dataset/cola/test/9.npz
Data length: 1
metric.compute(): {'accuracy': 0.7532467532467533}
ct, ns, auc: 0.7532467532467533, 0, 0
ids: [0, 1, 2, 3, 4, 5, 6, 7, 8, 9]
stats[1]: [0, 0, 0, 0, 0, 0, 0, 0, 0, 0]
stats[2]: [0.6825396825396826, 0.6616915422885572, 0.675, 0.6994535519125683, 0.2, 0.7849740932642487, 0.7127659574468085, 0.6842105263157895, 0.6037735849056604, 0.7532467532467533]
stats[3]: [0, 0, 0, 0, 0, 0, 0, 0, 0, 0]
Averaged Test Accuracy: 0.6458
Averaged Test AUC: 0.0000
Std Test Accuracy: 0.1642
Std Test AUC: 0.0000
Loaded train data from ../dataset/cola/train/9.npz
Data length: 1
Time elapsed 0.00 min
Memory used: 6.87 GB
Loaded train data from ../dataset/cola/train/0.npz
Data length: 1
Time elapsed 0.00 min
Memory used: 6.87 GB
Loaded train data from ../dataset/cola/train/4.npz
Data length: 1
Time elapsed 0.00 min
Memory used: 6.87 GB
Loaded train data from ../dataset/cola/train/3.npz
Data length: 1
Time elapsed 0.01 min
Memory used: 6.87 GB
Loaded train data from ../dataset/cola/train/1.npz
Data length: 1
Time elapsed 0.01 min
Memory used: 6.87 GB
Loaded train data from ../dataset/cola/train/5.npz
Data length: 1
Time elapsed 0.01 min
Memory used: 6.87 GB
Loaded train data from ../dataset/cola/train/6.npz
Data length: 1
Time elapsed 0.00 min
Memory used: 6.87 GB
Loaded train data from ../dataset/cola/train/7.npz
Data length: 1
Time elapsed 0.01 min
Memory used: 6.87 GB
Loaded train data from ../dataset/cola/train/8.npz
Data length: 1
Time elapsed 0.00 min
Memory used: 6.87 GB
Loaded train data from ../dataset/cola/train/2.npz
Data length: 1
Time elapsed 0.00 min
Memory used: 6.87 GB
------------------------- time cost ------------------------- 10.915863275527954

-------------Round number: 3-------------

Evaluate global model
Loaded test data from ../dataset/cola/test/0.npz
Data length: 1
metric.compute(): {'accuracy': 0.6825396825396826}
ct, ns, auc: 0.6825396825396826, 0, 0
Loaded test data from ../dataset/cola/test/1.npz
Data length: 1
metric.compute(): {'accuracy': 0.6616915422885572}
ct, ns, auc: 0.6616915422885572, 0, 0
Loaded test data from ../dataset/cola/test/2.npz
Data length: 1
metric.compute(): {'accuracy': 0.675}
ct, ns, auc: 0.675, 0, 0
Loaded test data from ../dataset/cola/test/3.npz
Data length: 1
metric.compute(): {'accuracy': 0.6994535519125683}
ct, ns, auc: 0.6994535519125683, 0, 0
Loaded test data from ../dataset/cola/test/4.npz
Data length: 1
metric.compute(): {'accuracy': 0.2}
ct, ns, auc: 0.2, 0, 0
Loaded test data from ../dataset/cola/test/5.npz
Data length: 1
metric.compute(): {'accuracy': 0.7849740932642487}
ct, ns, auc: 0.7849740932642487, 0, 0
Loaded test data from ../dataset/cola/test/6.npz
Data length: 1
metric.compute(): {'accuracy': 0.7127659574468085}
ct, ns, auc: 0.7127659574468085, 0, 0
Loaded test data from ../dataset/cola/test/7.npz
Data length: 1
metric.compute(): {'accuracy': 0.6842105263157895}
ct, ns, auc: 0.6842105263157895, 0, 0
Loaded test data from ../dataset/cola/test/8.npz
Data length: 1
metric.compute(): {'accuracy': 0.6037735849056604}
ct, ns, auc: 0.6037735849056604, 0, 0
Loaded test data from ../dataset/cola/test/9.npz
Data length: 1
metric.compute(): {'accuracy': 0.7532467532467533}
ct, ns, auc: 0.7532467532467533, 0, 0
ids: [0, 1, 2, 3, 4, 5, 6, 7, 8, 9]
stats[1]: [0, 0, 0, 0, 0, 0, 0, 0, 0, 0]
stats[2]: [0.6825396825396826, 0.6616915422885572, 0.675, 0.6994535519125683, 0.2, 0.7849740932642487, 0.7127659574468085, 0.6842105263157895, 0.6037735849056604, 0.7532467532467533]
stats[3]: [0, 0, 0, 0, 0, 0, 0, 0, 0, 0]
Averaged Test Accuracy: 0.6458
Averaged Test AUC: 0.0000
Std Test Accuracy: 0.1642
Std Test AUC: 0.0000
Loaded train data from ../dataset/cola/train/5.npz
Data length: 1
Time elapsed 0.01 min
Memory used: 6.87 GB
Loaded train data from ../dataset/cola/train/8.npz
Data length: 1
Time elapsed 0.00 min
Memory used: 6.87 GB
Loaded train data from ../dataset/cola/train/0.npz
Data length: 1
Time elapsed 0.00 min
Memory used: 6.87 GB
Loaded train data from ../dataset/cola/train/4.npz
Data length: 1
Time elapsed 0.00 min
Memory used: 6.87 GB
Loaded train data from ../dataset/cola/train/7.npz
Data length: 1
Time elapsed 0.01 min
Memory used: 6.87 GB
Loaded train data from ../dataset/cola/train/2.npz
Data length: 1
Time elapsed 0.00 min
Memory used: 6.87 GB
Loaded train data from ../dataset/cola/train/6.npz
Data length: 1
Time elapsed 0.00 min
Memory used: 6.87 GB
Loaded train data from ../dataset/cola/train/1.npz
Data length: 1
Time elapsed 0.01 min
Memory used: 6.87 GB
Loaded train data from ../dataset/cola/train/3.npz
Data length: 1
Time elapsed 0.01 min
Memory used: 6.87 GB
Loaded train data from ../dataset/cola/train/9.npz
Data length: 1
Time elapsed 0.00 min
Memory used: 6.87 GB
------------------------- time cost ------------------------- 11.877307653427124

-------------Round number: 4-------------

Evaluate global model
Loaded test data from ../dataset/cola/test/0.npz
Data length: 1
metric.compute(): {'accuracy': 0.6825396825396826}
ct, ns, auc: 0.6825396825396826, 0, 0
Loaded test data from ../dataset/cola/test/1.npz
Data length: 1
metric.compute(): {'accuracy': 0.6716417910447762}
ct, ns, auc: 0.6716417910447762, 0, 0
Loaded test data from ../dataset/cola/test/2.npz
Data length: 1
metric.compute(): {'accuracy': 0.675}
ct, ns, auc: 0.675, 0, 0
Loaded test data from ../dataset/cola/test/3.npz
Data length: 1
metric.compute(): {'accuracy': 0.6994535519125683}
ct, ns, auc: 0.6994535519125683, 0, 0
Loaded test data from ../dataset/cola/test/4.npz
Data length: 1
metric.compute(): {'accuracy': 0.6}
ct, ns, auc: 0.6, 0, 0
Loaded test data from ../dataset/cola/test/5.npz
Data length: 1
metric.compute(): {'accuracy': 0.7849740932642487}
ct, ns, auc: 0.7849740932642487, 0, 0
Loaded test data from ../dataset/cola/test/6.npz
Data length: 1
metric.compute(): {'accuracy': 0.7127659574468085}
ct, ns, auc: 0.7127659574468085, 0, 0
Loaded test data from ../dataset/cola/test/7.npz
Data length: 1
metric.compute(): {'accuracy': 0.6842105263157895}
ct, ns, auc: 0.6842105263157895, 0, 0
Loaded test data from ../dataset/cola/test/8.npz
Data length: 1
metric.compute(): {'accuracy': 0.6037735849056604}
ct, ns, auc: 0.6037735849056604, 0, 0
Loaded test data from ../dataset/cola/test/9.npz
Data length: 1
metric.compute(): {'accuracy': 0.7532467532467533}
ct, ns, auc: 0.7532467532467533, 0, 0
ids: [0, 1, 2, 3, 4, 5, 6, 7, 8, 9]
stats[1]: [0, 0, 0, 0, 0, 0, 0, 0, 0, 0]
stats[2]: [0.6825396825396826, 0.6716417910447762, 0.675, 0.6994535519125683, 0.6, 0.7849740932642487, 0.7127659574468085, 0.6842105263157895, 0.6037735849056604, 0.7532467532467533]
stats[3]: [0, 0, 0, 0, 0, 0, 0, 0, 0, 0]
Averaged Test Accuracy: 0.6868
Averaged Test AUC: 0.0000
Std Test Accuracy: 0.0575
Std Test AUC: 0.0000
Loaded train data from ../dataset/cola/train/0.npz
Data length: 1
Time elapsed 0.00 min
Memory used: 6.87 GB
Loaded train data from ../dataset/cola/train/6.npz
Data length: 1
Time elapsed 0.00 min
Memory used: 6.87 GB
Loaded train data from ../dataset/cola/train/8.npz
Data length: 1
Time elapsed 0.00 min
Memory used: 6.87 GB
Loaded train data from ../dataset/cola/train/5.npz
Data length: 1
Time elapsed 0.01 min
Memory used: 6.87 GB
Loaded train data from ../dataset/cola/train/4.npz
Data length: 1
Time elapsed 0.00 min
Memory used: 6.87 GB
Loaded train data from ../dataset/cola/train/2.npz
Data length: 1
Time elapsed 0.00 min
Memory used: 6.87 GB
Loaded train data from ../dataset/cola/train/7.npz
Data length: 1
Time elapsed 0.01 min
Memory used: 6.87 GB
Loaded train data from ../dataset/cola/train/9.npz
Data length: 1
Time elapsed 0.00 min
Memory used: 6.87 GB
Loaded train data from ../dataset/cola/train/1.npz
Data length: 1
Time elapsed 0.01 min
Memory used: 6.87 GB
Loaded train data from ../dataset/cola/train/3.npz
Data length: 1
