GPU details saved to $output_file
__TORCH Version: 2.3.1+cu121
__CUDNN Version: 8902
__CUDA version:  12.1
__Number CUDA Devices: 1
__CUDA Device Name: NVIDIA A100-SXM4-40GB
__CUDA Device Total Memory [GB]: 42.297786368
__CUDA Device Total Memory [GB]: 42.297786368
args.dataset: cola
args.num_labels: 2
==================================================
Personalized Federated Learning: True
Uniform Weight: False
Normalized Rank: False
Normalized Alpha: False
lora_rank: 4
lora_alpha: 16
lora_dropout: 0.1
lora_query: True
lora_key: True
lora_value: True
lora_projection: True
lora_mlp: True
lora_head: True
aa_bottleneck_reduction: 1
aa_text: False
aa_vision: False
ca_bottleneck_reduction: 4
ca_text: False
ca_vision: False
Seed: 42
Algorithm: flora
Local batch size: 128
Local epochs: 1
Local learing rate: 1e-05
Local learing rate decay: False
Total number of clients: 10
Clients join in each round: 1.0
Clients randomly join: False
Client drop rate: 0.0
Client select regarding time: False
Running times: 1
Dataset: cola
Number of classes: 10
Backbone: distilbert
Using device: cuda
Using DP: False
Auto break: False
Global rounds: 50
Cuda device id: 1
DLG attack: False
Total number of new clients: 0
Fine tuning epoches on new clients: 0
==================================================

============= Running time: 0th =============
Creating server and clients ...
Loaded train data from ../dataset/cola/train/0.npz
Data length: 1
Loaded test data from ../dataset/cola/test/0.npz
Data length: 1
self.lora_params: {'rank': 4, 'alpha': 16, 'dropout': 0.1, 'lora_query': True, 'lora_key': True, 'lora_value': True, 'lora_projection': True, 'lora_mlp': True, 'lora_head': True}
Loaded train data from ../dataset/cola/train/1.npz
Data length: 1
Loaded test data from ../dataset/cola/test/1.npz
Data length: 1
self.lora_params: {'rank': 4, 'alpha': 16, 'dropout': 0.1, 'lora_query': True, 'lora_key': True, 'lora_value': True, 'lora_projection': True, 'lora_mlp': True, 'lora_head': True}
Loaded train data from ../dataset/cola/train/2.npz
Data length: 1
Loaded test data from ../dataset/cola/test/2.npz
Data length: 1
self.lora_params: {'rank': 4, 'alpha': 16, 'dropout': 0.1, 'lora_query': True, 'lora_key': True, 'lora_value': True, 'lora_projection': True, 'lora_mlp': True, 'lora_head': True}
Loaded train data from ../dataset/cola/train/3.npz
Data length: 1
Loaded test data from ../dataset/cola/test/3.npz
Data length: 1
self.lora_params: {'rank': 4, 'alpha': 16, 'dropout': 0.1, 'lora_query': True, 'lora_key': True, 'lora_value': True, 'lora_projection': True, 'lora_mlp': True, 'lora_head': True}
Loaded train data from ../dataset/cola/train/4.npz
Data length: 1
Loaded test data from ../dataset/cola/test/4.npz
Data length: 1
self.lora_params: {'rank': 4, 'alpha': 16, 'dropout': 0.1, 'lora_query': True, 'lora_key': True, 'lora_value': True, 'lora_projection': True, 'lora_mlp': True, 'lora_head': True}
Loaded train data from ../dataset/cola/train/5.npz
Data length: 1
Loaded test data from ../dataset/cola/test/5.npz
Data length: 1
self.lora_params: {'rank': 4, 'alpha': 16, 'dropout': 0.1, 'lora_query': True, 'lora_key': True, 'lora_value': True, 'lora_projection': True, 'lora_mlp': True, 'lora_head': True}
Loaded train data from ../dataset/cola/train/6.npz
Data length: 1
Loaded test data from ../dataset/cola/test/6.npz
Data length: 1
self.lora_params: {'rank': 4, 'alpha': 16, 'dropout': 0.1, 'lora_query': True, 'lora_key': True, 'lora_value': True, 'lora_projection': True, 'lora_mlp': True, 'lora_head': True}
Loaded train data from ../dataset/cola/train/7.npz
Data length: 1
Loaded test data from ../dataset/cola/test/7.npz
Data length: 1
self.lora_params: {'rank': 4, 'alpha': 16, 'dropout': 0.1, 'lora_query': True, 'lora_key': True, 'lora_value': True, 'lora_projection': True, 'lora_mlp': True, 'lora_head': True}
Loaded train data from ../dataset/cola/train/8.npz
Data length: 1
Loaded test data from ../dataset/cola/test/8.npz
Data length: 1
self.lora_params: {'rank': 4, 'alpha': 16, 'dropout': 0.1, 'lora_query': True, 'lora_key': True, 'lora_value': True, 'lora_projection': True, 'lora_mlp': True, 'lora_head': True}
Loaded train data from ../dataset/cola/train/9.npz
Data length: 1
Loaded test data from ../dataset/cola/test/9.npz
Data length: 1
self.lora_params: {'rank': 4, 'alpha': 16, 'dropout': 0.1, 'lora_query': True, 'lora_key': True, 'lora_value': True, 'lora_projection': True, 'lora_mlp': True, 'lora_head': True}

Join ratio / total clients: 1.0 / 10
Finished creating server and clients.

-------------Round number: 0-------------

Evaluate global model
Loaded test data from ../dataset/cola/test/0.npz
Data length: 1
metric.compute(): {'accuracy': 0.48148148148148145}
ct, ns, auc: 0.48148148148148145, 0, 0
Loaded test data from ../dataset/cola/test/1.npz
Data length: 1
metric.compute(): {'accuracy': 0.3383084577114428}
ct, ns, auc: 0.3383084577114428, 0, 0
Loaded test data from ../dataset/cola/test/2.npz
Data length: 1
metric.compute(): {'accuracy': 0.325}
ct, ns, auc: 0.325, 0, 0
Loaded test data from ../dataset/cola/test/3.npz
Data length: 1
metric.compute(): {'accuracy': 0.6188524590163934}
ct, ns, auc: 0.6188524590163934, 0, 0
Loaded test data from ../dataset/cola/test/4.npz
Data length: 1
metric.compute(): {'accuracy': 0.2}
ct, ns, auc: 0.2, 0, 0
Loaded test data from ../dataset/cola/test/5.npz
Data length: 1
metric.compute(): {'accuracy': 0.6217616580310881}
ct, ns, auc: 0.6217616580310881, 0, 0
Loaded test data from ../dataset/cola/test/6.npz
Data length: 1
metric.compute(): {'accuracy': 0.7127659574468085}
ct, ns, auc: 0.7127659574468085, 0, 0
Loaded test data from ../dataset/cola/test/7.npz
Data length: 1
metric.compute(): {'accuracy': 0.6842105263157895}
ct, ns, auc: 0.6842105263157895, 0, 0
Loaded test data from ../dataset/cola/test/8.npz
Data length: 1
metric.compute(): {'accuracy': 0.5660377358490566}
ct, ns, auc: 0.5660377358490566, 0, 0
Loaded test data from ../dataset/cola/test/9.npz
Data length: 1
metric.compute(): {'accuracy': 0.5974025974025974}
ct, ns, auc: 0.5974025974025974, 0, 0
ids: [0, 1, 2, 3, 4, 5, 6, 7, 8, 9]
stats[1]: [0, 0, 0, 0, 0, 0, 0, 0, 0, 0]
stats[2]: [0.48148148148148145, 0.3383084577114428, 0.325, 0.6188524590163934, 0.2, 0.6217616580310881, 0.7127659574468085, 0.6842105263157895, 0.5660377358490566, 0.5974025974025974]
stats[3]: [0, 0, 0, 0, 0, 0, 0, 0, 0, 0]
Averaged Test Accuracy: 0.5146
Averaged Test AUC: 0.0000
Std Test Accuracy: 0.1722
Std Test AUC: 0.0000
Loaded train data from ../dataset/cola/train/8.npz
Data length: 1
Time elapsed 0.00 min
Memory used: 5.21 GB
Loaded train data from ../dataset/cola/train/1.npz
Data length: 1
Time elapsed 0.01 min
Memory used: 7.08 GB
Loaded train data from ../dataset/cola/train/5.npz
Data length: 1
Time elapsed 0.01 min
Memory used: 7.08 GB
Loaded train data from ../dataset/cola/train/0.npz
Data length: 1
Time elapsed 0.00 min
Memory used: 7.10 GB
Loaded train data from ../dataset/cola/train/7.npz
Data length: 1
Time elapsed 0.01 min
Memory used: 7.10 GB
Loaded train data from ../dataset/cola/train/2.npz
Data length: 1
Time elapsed 0.00 min
Memory used: 7.10 GB
Loaded train data from ../dataset/cola/train/9.npz
Data length: 1
Time elapsed 0.00 min
Memory used: 7.10 GB
Loaded train data from ../dataset/cola/train/4.npz
Data length: 1
Time elapsed 0.00 min
Memory used: 7.15 GB
Loaded train data from ../dataset/cola/train/3.npz
Data length: 1
Time elapsed 0.01 min
Memory used: 7.15 GB
Loaded train data from ../dataset/cola/train/6.npz
Data length: 1
Time elapsed 0.00 min
Memory used: 7.15 GB
------------------------- time cost ------------------------- 12.078544855117798

-------------Round number: 1-------------

Evaluate global model
Loaded test data from ../dataset/cola/test/0.npz
Data length: 1
metric.compute(): {'accuracy': 0.6402116402116402}
ct, ns, auc: 0.6402116402116402, 0, 0
Loaded test data from ../dataset/cola/test/1.npz
Data length: 1
metric.compute(): {'accuracy': 0.4577114427860697}
ct, ns, auc: 0.4577114427860697, 0, 0
Loaded test data from ../dataset/cola/test/2.npz
Data length: 1
metric.compute(): {'accuracy': 0.325}
ct, ns, auc: 0.325, 0, 0
Loaded test data from ../dataset/cola/test/3.npz
Data length: 1
metric.compute(): {'accuracy': 0.6994535519125683}
ct, ns, auc: 0.6994535519125683, 0, 0
Loaded test data from ../dataset/cola/test/4.npz
Data length: 1
metric.compute(): {'accuracy': 0.2}
ct, ns, auc: 0.2, 0, 0
Loaded test data from ../dataset/cola/test/5.npz
Data length: 1
metric.compute(): {'accuracy': 0.7797927461139896}
ct, ns, auc: 0.7797927461139896, 0, 0
Loaded test data from ../dataset/cola/test/6.npz
Data length: 1
metric.compute(): {'accuracy': 0.6914893617021277}
ct, ns, auc: 0.6914893617021277, 0, 0
Loaded test data from ../dataset/cola/test/7.npz
Data length: 1
metric.compute(): {'accuracy': 0.6842105263157895}
ct, ns, auc: 0.6842105263157895, 0, 0
Loaded test data from ../dataset/cola/test/8.npz
Data length: 1
metric.compute(): {'accuracy': 0.5660377358490566}
ct, ns, auc: 0.5660377358490566, 0, 0
Loaded test data from ../dataset/cola/test/9.npz
Data length: 1
metric.compute(): {'accuracy': 0.7272727272727273}
ct, ns, auc: 0.7272727272727273, 0, 0
ids: [0, 1, 2, 3, 4, 5, 6, 7, 8, 9]
stats[1]: [0, 0, 0, 0, 0, 0, 0, 0, 0, 0]
stats[2]: [0.6402116402116402, 0.4577114427860697, 0.325, 0.6994535519125683, 0.2, 0.7797927461139896, 0.6914893617021277, 0.6842105263157895, 0.5660377358490566, 0.7272727272727273]
stats[3]: [0, 0, 0, 0, 0, 0, 0, 0, 0, 0]
Averaged Test Accuracy: 0.5771
Averaged Test AUC: 0.0000
Std Test Accuracy: 0.1907
Std Test AUC: 0.0000
Loaded train data from ../dataset/cola/train/0.npz
Data length: 1
Time elapsed 0.00 min
Memory used: 7.15 GB
Loaded train data from ../dataset/cola/train/1.npz
Data length: 1
Time elapsed 0.01 min
Memory used: 7.15 GB
Loaded train data from ../dataset/cola/train/7.npz
Data length: 1
Time elapsed 0.01 min
Memory used: 7.15 GB
Loaded train data from ../dataset/cola/train/8.npz
Data length: 1
Time elapsed 0.00 min
Memory used: 7.15 GB
Loaded train data from ../dataset/cola/train/3.npz
Data length: 1
Time elapsed 0.01 min
Memory used: 7.16 GB
Loaded train data from ../dataset/cola/train/9.npz
Data length: 1
Time elapsed 0.00 min
Memory used: 7.16 GB
Loaded train data from ../dataset/cola/train/5.npz
Data length: 1
Time elapsed 0.01 min
Memory used: 7.16 GB
Loaded train data from ../dataset/cola/train/6.npz
Data length: 1
Time elapsed 0.00 min
Memory used: 7.16 GB
Loaded train data from ../dataset/cola/train/4.npz
Data length: 1
Time elapsed 0.00 min
Memory used: 7.16 GB
Loaded train data from ../dataset/cola/train/2.npz
Data length: 1
Time elapsed 0.00 min
Memory used: 7.16 GB
------------------------- time cost ------------------------- 11.944958925247192

-------------Round number: 2-------------

Evaluate global model
Loaded test data from ../dataset/cola/test/0.npz
Data length: 1
metric.compute(): {'accuracy': 0.6772486772486772}
ct, ns, auc: 0.6772486772486772, 0, 0
Loaded test data from ../dataset/cola/test/1.npz
Data length: 1
metric.compute(): {'accuracy': 0.6592039800995025}
ct, ns, auc: 0.6592039800995025, 0, 0
Loaded test data from ../dataset/cola/test/2.npz
Data length: 1
metric.compute(): {'accuracy': 0.3625}
ct, ns, auc: 0.3625, 0, 0
Loaded test data from ../dataset/cola/test/3.npz
Data length: 1
metric.compute(): {'accuracy': 0.6994535519125683}
ct, ns, auc: 0.6994535519125683, 0, 0
Loaded test data from ../dataset/cola/test/4.npz
Data length: 1
metric.compute(): {'accuracy': 0.2}
ct, ns, auc: 0.2, 0, 0
Loaded test data from ../dataset/cola/test/5.npz
Data length: 1
metric.compute(): {'accuracy': 0.7849740932642487}
ct, ns, auc: 0.7849740932642487, 0, 0
Loaded test data from ../dataset/cola/test/6.npz
Data length: 1
metric.compute(): {'accuracy': 0.7127659574468085}
ct, ns, auc: 0.7127659574468085, 0, 0
Loaded test data from ../dataset/cola/test/7.npz
Data length: 1
metric.compute(): {'accuracy': 0.6842105263157895}
ct, ns, auc: 0.6842105263157895, 0, 0
Loaded test data from ../dataset/cola/test/8.npz
Data length: 1
metric.compute(): {'accuracy': 0.6037735849056604}
ct, ns, auc: 0.6037735849056604, 0, 0
Loaded test data from ../dataset/cola/test/9.npz
Data length: 1
metric.compute(): {'accuracy': 0.7532467532467533}
ct, ns, auc: 0.7532467532467533, 0, 0
ids: [0, 1, 2, 3, 4, 5, 6, 7, 8, 9]
stats[1]: [0, 0, 0, 0, 0, 0, 0, 0, 0, 0]
stats[2]: [0.6772486772486772, 0.6592039800995025, 0.3625, 0.6994535519125683, 0.2, 0.7849740932642487, 0.7127659574468085, 0.6842105263157895, 0.6037735849056604, 0.7532467532467533]
stats[3]: [0, 0, 0, 0, 0, 0, 0, 0, 0, 0]
Averaged Test Accuracy: 0.6137
Averaged Test AUC: 0.0000
Std Test Accuracy: 0.1860
Std Test AUC: 0.0000
Loaded train data from ../dataset/cola/train/9.npz
Data length: 1
Time elapsed 0.00 min
Memory used: 7.16 GB
Loaded train data from ../dataset/cola/train/0.npz
Data length: 1
Time elapsed 0.00 min
Memory used: 7.16 GB
Loaded train data from ../dataset/cola/train/4.npz
Data length: 1
Time elapsed 0.00 min
Memory used: 7.16 GB
Loaded train data from ../dataset/cola/train/3.npz
Data length: 1
Time elapsed 0.01 min
Memory used: 7.16 GB
Loaded train data from ../dataset/cola/train/1.npz
Data length: 1
Time elapsed 0.01 min
Memory used: 7.16 GB
Loaded train data from ../dataset/cola/train/5.npz
Data length: 1
Time elapsed 0.01 min
Memory used: 7.16 GB
Loaded train data from ../dataset/cola/train/6.npz
Data length: 1
Time elapsed 0.00 min
Memory used: 7.16 GB
Loaded train data from ../dataset/cola/train/7.npz
Data length: 1
Time elapsed 0.01 min
Memory used: 7.16 GB
Loaded train data from ../dataset/cola/train/8.npz
Data length: 1
Time elapsed 0.00 min
Memory used: 7.16 GB
Loaded train data from ../dataset/cola/train/2.npz
Data length: 1
Time elapsed 0.00 min
Memory used: 7.16 GB
------------------------- time cost ------------------------- 16.416168928146362

-------------Round number: 3-------------

Evaluate global model
Loaded test data from ../dataset/cola/test/0.npz
Data length: 1
metric.compute(): {'accuracy': 0.6825396825396826}
ct, ns, auc: 0.6825396825396826, 0, 0
Loaded test data from ../dataset/cola/test/1.npz
Data length: 1
metric.compute(): {'accuracy': 0.6616915422885572}
ct, ns, auc: 0.6616915422885572, 0, 0
Loaded test data from ../dataset/cola/test/2.npz
Data length: 1
metric.compute(): {'accuracy': 0.525}
ct, ns, auc: 0.525, 0, 0
Loaded test data from ../dataset/cola/test/3.npz
Data length: 1
metric.compute(): {'accuracy': 0.6994535519125683}
ct, ns, auc: 0.6994535519125683, 0, 0
Loaded test data from ../dataset/cola/test/4.npz
Data length: 1
metric.compute(): {'accuracy': 0.2}
ct, ns, auc: 0.2, 0, 0
Loaded test data from ../dataset/cola/test/5.npz
Data length: 1
metric.compute(): {'accuracy': 0.7849740932642487}
ct, ns, auc: 0.7849740932642487, 0, 0
Loaded test data from ../dataset/cola/test/6.npz
Data length: 1
metric.compute(): {'accuracy': 0.7127659574468085}
ct, ns, auc: 0.7127659574468085, 0, 0
Loaded test data from ../dataset/cola/test/7.npz
Data length: 1
metric.compute(): {'accuracy': 0.6842105263157895}
ct, ns, auc: 0.6842105263157895, 0, 0
Loaded test data from ../dataset/cola/test/8.npz
Data length: 1
metric.compute(): {'accuracy': 0.6037735849056604}
ct, ns, auc: 0.6037735849056604, 0, 0
Loaded test data from ../dataset/cola/test/9.npz
Data length: 1
metric.compute(): {'accuracy': 0.7532467532467533}
ct, ns, auc: 0.7532467532467533, 0, 0
ids: [0, 1, 2, 3, 4, 5, 6, 7, 8, 9]
stats[1]: [0, 0, 0, 0, 0, 0, 0, 0, 0, 0]
stats[2]: [0.6825396825396826, 0.6616915422885572, 0.525, 0.6994535519125683, 0.2, 0.7849740932642487, 0.7127659574468085, 0.6842105263157895, 0.6037735849056604, 0.7532467532467533]
stats[3]: [0, 0, 0, 0, 0, 0, 0, 0, 0, 0]
Averaged Test Accuracy: 0.6308
Averaged Test AUC: 0.0000
Std Test Accuracy: 0.1681
Std Test AUC: 0.0000
Loaded train data from ../dataset/cola/train/5.npz
Data length: 1
Time elapsed 0.01 min
Memory used: 7.16 GB
Loaded train data from ../dataset/cola/train/8.npz
Data length: 1
Time elapsed 0.00 min
Memory used: 7.16 GB
Loaded train data from ../dataset/cola/train/0.npz
Data length: 1
Time elapsed 0.00 min
Memory used: 7.16 GB
Loaded train data from ../dataset/cola/train/4.npz
Data length: 1
Time elapsed 0.00 min
Memory used: 7.16 GB
Loaded train data from ../dataset/cola/train/7.npz
Data length: 1
Time elapsed 0.01 min
Memory used: 7.16 GB
Loaded train data from ../dataset/cola/train/2.npz
Data length: 1
Time elapsed 0.00 min
Memory used: 7.16 GB
Loaded train data from ../dataset/cola/train/6.npz
Data length: 1
Time elapsed 0.00 min
Memory used: 7.16 GB
Loaded train data from ../dataset/cola/train/1.npz
Data length: 1
Time elapsed 0.01 min
Memory used: 7.16 GB
Loaded train data from ../dataset/cola/train/3.npz
Data length: 1
Time elapsed 0.01 min
Memory used: 7.16 GB
Loaded train data from ../dataset/cola/train/9.npz
Data length: 1
Time elapsed 0.00 min
Memory used: 7.16 GB
------------------------- time cost ------------------------- 16.69298791885376

-------------Round number: 4-------------

Evaluate global model
Loaded test data from ../dataset/cola/test/0.npz
Data length: 1
metric.compute(): {'accuracy': 0.6825396825396826}
ct, ns, auc: 0.6825396825396826, 0, 0
Loaded test data from ../dataset/cola/test/1.npz
Data length: 1
metric.compute(): {'accuracy': 0.6616915422885572}
ct, ns, auc: 0.6616915422885572, 0, 0
Loaded test data from ../dataset/cola/test/2.npz
Data length: 1
metric.compute(): {'accuracy': 0.6625}
ct, ns, auc: 0.6625, 0, 0
Loaded test data from ../dataset/cola/test/3.npz
Data length: 1
metric.compute(): {'accuracy': 0.6994535519125683}
ct, ns, auc: 0.6994535519125683, 0, 0
Loaded test data from ../dataset/cola/test/4.npz
Data length: 1
metric.compute(): {'accuracy': 0.2}
ct, ns, auc: 0.2, 0, 0
Loaded test data from ../dataset/cola/test/5.npz
Data length: 1
metric.compute(): {'accuracy': 0.7849740932642487}
ct, ns, auc: 0.7849740932642487, 0, 0
Loaded test data from ../dataset/cola/test/6.npz
Data length: 1
metric.compute(): {'accuracy': 0.7127659574468085}
ct, ns, auc: 0.7127659574468085, 0, 0
Loaded test data from ../dataset/cola/test/7.npz
Data length: 1
metric.compute(): {'accuracy': 0.6842105263157895}
ct, ns, auc: 0.6842105263157895, 0, 0
Loaded test data from ../dataset/cola/test/8.npz
Data length: 1
metric.compute(): {'accuracy': 0.6037735849056604}
ct, ns, auc: 0.6037735849056604, 0, 0
Loaded test data from ../dataset/cola/test/9.npz
Data length: 1
metric.compute(): {'accuracy': 0.7532467532467533}
ct, ns, auc: 0.7532467532467533, 0, 0
ids: [0, 1, 2, 3, 4, 5, 6, 7, 8, 9]
stats[1]: [0, 0, 0, 0, 0, 0, 0, 0, 0, 0]
stats[2]: [0.6825396825396826, 0.6616915422885572, 0.6625, 0.6994535519125683, 0.2, 0.7849740932642487, 0.7127659574468085, 0.6842105263157895, 0.6037735849056604, 0.7532467532467533]
stats[3]: [0, 0, 0, 0, 0, 0, 0, 0, 0, 0]
Averaged Test Accuracy: 0.6445
Averaged Test AUC: 0.0000
Std Test Accuracy: 0.1640
Std Test AUC: 0.0000
Loaded train data from ../dataset/cola/train/0.npz
Data length: 1
Time elapsed 0.00 min
Memory used: 7.16 GB
Loaded train data from ../dataset/cola/train/6.npz
Data length: 1
Time elapsed 0.00 min
Memory used: 7.16 GB
Loaded train data from ../dataset/cola/train/8.npz
Data length: 1
Time elapsed 0.00 min
Memory used: 7.16 GB
Loaded train data from ../dataset/cola/train/5.npz
Data length: 1
Time elapsed 0.01 min
Memory used: 7.16 GB
Loaded train data from ../dataset/cola/train/4.npz
Data length: 1
Time elapsed 0.00 min
Memory used: 7.16 GB
Loaded train data from ../dataset/cola/train/2.npz
Data length: 1
Time elapsed 0.00 min
Memory used: 7.16 GB
Loaded train data from ../dataset/cola/train/7.npz
Data length: 1
Time elapsed 0.01 min
Memory used: 7.16 GB
Loaded train data from ../dataset/cola/train/9.npz
Data length: 1
Time elapsed 0.00 min
Memory used: 7.16 GB
Loaded train data from ../dataset/cola/train/1.npz
Data length: 1
Time elapsed 0.01 min
Memory used: 7.16 GB
Loaded train data from ../dataset/cola/train/3.npz
Data length: 1
Time elapsed 0.01 min
Memory used: 7.16 GB
------------------------- time cost ------------------------- 15.456921339035034

-------------Round number: 5-------------

Evaluate global model
Loaded test data from ../dataset/cola/test/0.npz
Data length: 1
metric.compute(): {'accuracy': 0.6825396825396826}
ct, ns, auc: 0.6825396825396826, 0, 0
Loaded test data from ../dataset/cola/test/1.npz
Data length: 1
metric.compute(): {'accuracy': 0.6616915422885572}
ct, ns, auc: 0.6616915422885572, 0, 0
Loaded test data from ../dataset/cola/test/2.npz
Data length: 1
metric.compute(): {'accuracy': 0.675}
ct, ns, auc: 0.675, 0, 0
Loaded test data from ../dataset/cola/test/3.npz
Data length: 1
metric.compute(): {'accuracy': 0.6994535519125683}
ct, ns, auc: 0.6994535519125683, 0, 0
Loaded test data from ../dataset/cola/test/4.npz
Data length: 1
metric.compute(): {'accuracy': 0.2}
ct, ns, auc: 0.2, 0, 0
Loaded test data from ../dataset/cola/test/5.npz
Data length: 1
metric.compute(): {'accuracy': 0.7849740932642487}
ct, ns, auc: 0.7849740932642487, 0, 0
Loaded test data from ../dataset/cola/test/6.npz
Data length: 1
metric.compute(): {'accuracy': 0.7127659574468085}
ct, ns, auc: 0.7127659574468085, 0, 0
Loaded test data from ../dataset/cola/test/7.npz
Data length: 1
metric.compute(): {'accuracy': 0.6842105263157895}
ct, ns, auc: 0.6842105263157895, 0, 0
Loaded test data from ../dataset/cola/test/8.npz
Data length: 1
metric.compute(): {'accuracy': 0.6037735849056604}
ct, ns, auc: 0.6037735849056604, 0, 0
Loaded test data from ../dataset/cola/test/9.npz
Data length: 1
metric.compute(): {'accuracy': 0.7532467532467533}
ct, ns, auc: 0.7532467532467533, 0, 0
ids: [0, 1, 2, 3, 4, 5, 6, 7, 8, 9]
stats[1]: [0, 0, 0, 0, 0, 0, 0, 0, 0, 0]
stats[2]: [0.6825396825396826, 0.6616915422885572, 0.675, 0.6994535519125683, 0.2, 0.7849740932642487, 0.7127659574468085, 0.6842105263157895, 0.6037735849056604, 0.7532467532467533]
stats[3]: [0, 0, 0, 0, 0, 0, 0, 0, 0, 0]
Averaged Test Accuracy: 0.6458
Averaged Test AUC: 0.0000
Std Test Accuracy: 0.1642
Std Test AUC: 0.0000
Loaded train data from ../dataset/cola/train/7.npz
Data length: 1
Time elapsed 0.01 min
Memory used: 7.16 GB
Loaded train data from ../dataset/cola/train/9.npz
Data length: 1
Time elapsed 0.00 min
Memory used: 7.16 GB
Loaded train data from ../dataset/cola/train/6.npz
Data length: 1
Time elapsed 0.00 min
Memory used: 7.16 GB
Loaded train data from ../dataset/cola/train/8.npz
Data length: 1
Time elapsed 0.00 min
Memory used: 7.16 GB
Loaded train data from ../dataset/cola/train/0.npz
Data length: 1
Time elapsed 0.00 min
Memory used: 7.16 GB
Loaded train data from ../dataset/cola/train/4.npz
Data length: 1
Time elapsed 0.00 min
Memory used: 7.16 GB
Loaded train data from ../dataset/cola/train/3.npz
Data length: 1
Time elapsed 0.01 min
Memory used: 7.16 GB
Loaded train data from ../dataset/cola/train/2.npz
Data length: 1
Time elapsed 0.00 min
Memory used: 7.16 GB
Loaded train data from ../dataset/cola/train/5.npz
Data length: 1
Time elapsed 0.01 min
Memory used: 7.16 GB
Loaded train data from ../dataset/cola/train/1.npz
Data length: 1
Time elapsed 0.01 min
Memory used: 7.16 GB
------------------------- time cost ------------------------- 10.864924669265747

-------------Round number: 6-------------

Evaluate global model
Loaded test data from ../dataset/cola/test/0.npz
Data length: 1
metric.compute(): {'accuracy': 0.6825396825396826}
ct, ns, auc: 0.6825396825396826, 0, 0
Loaded test data from ../dataset/cola/test/1.npz
Data length: 1
metric.compute(): {'accuracy': 0.6616915422885572}
ct, ns, auc: 0.6616915422885572, 0, 0
Loaded test data from ../dataset/cola/test/2.npz
Data length: 1
metric.compute(): {'accuracy': 0.675}
ct, ns, auc: 0.675, 0, 0
Loaded test data from ../dataset/cola/test/3.npz
Data length: 1
metric.compute(): {'accuracy': 0.6994535519125683}
ct, ns, auc: 0.6994535519125683, 0, 0
Loaded test data from ../dataset/cola/test/4.npz
Data length: 1
metric.compute(): {'accuracy': 0.2}
ct, ns, auc: 0.2, 0, 0
Loaded test data from ../dataset/cola/test/5.npz
Data length: 1
metric.compute(): {'accuracy': 0.7849740932642487}
ct, ns, auc: 0.7849740932642487, 0, 0
Loaded test data from ../dataset/cola/test/6.npz
Data length: 1
metric.compute(): {'accuracy': 0.7127659574468085}
ct, ns, auc: 0.7127659574468085, 0, 0
Loaded test data from ../dataset/cola/test/7.npz
Data length: 1
metric.compute(): {'accuracy': 0.6842105263157895}
ct, ns, auc: 0.6842105263157895, 0, 0
Loaded test data from ../dataset/cola/test/8.npz
Data length: 1
metric.compute(): {'accuracy': 0.6037735849056604}
ct, ns, auc: 0.6037735849056604, 0, 0
Loaded test data from ../dataset/cola/test/9.npz
Data length: 1
metric.compute(): {'accuracy': 0.7532467532467533}
ct, ns, auc: 0.7532467532467533, 0, 0
ids: [0, 1, 2, 3, 4, 5, 6, 7, 8, 9]
stats[1]: [0, 0, 0, 0, 0, 0, 0, 0, 0, 0]
stats[2]: [0.6825396825396826, 0.6616915422885572, 0.675, 0.6994535519125683, 0.2, 0.7849740932642487, 0.7127659574468085, 0.6842105263157895, 0.6037735849056604, 0.7532467532467533]
stats[3]: [0, 0, 0, 0, 0, 0, 0, 0, 0, 0]
Averaged Test Accuracy: 0.6458
Averaged Test AUC: 0.0000
Std Test Accuracy: 0.1642
Std Test AUC: 0.0000
Loaded train data from ../dataset/cola/train/3.npz
Data length: 1
Time elapsed 0.01 min
Memory used: 7.16 GB
Loaded train data from ../dataset/cola/train/6.npz
Data length: 1
Time elapsed 0.00 min
Memory used: 7.16 GB
Loaded train data from ../dataset/cola/train/8.npz
Data length: 1
Time elapsed 0.00 min
Memory used: 7.16 GB
Loaded train data from ../dataset/cola/train/9.npz
Data length: 1
Time elapsed 0.00 min
Memory used: 7.16 GB
Loaded train data from ../dataset/cola/train/0.npz
Data length: 1
Time elapsed 0.00 min
Memory used: 7.16 GB
Loaded train data from ../dataset/cola/train/4.npz
Data length: 1
Time elapsed 0.00 min
Memory used: 7.16 GB
Loaded train data from ../dataset/cola/train/1.npz
Data length: 1
Time elapsed 0.01 min
Memory used: 7.16 GB
Loaded train data from ../dataset/cola/train/5.npz
Data length: 1
Time elapsed 0.01 min
Memory used: 7.16 GB
Loaded train data from ../dataset/cola/train/7.npz
Data length: 1
Time elapsed 0.01 min
Memory used: 7.16 GB
Loaded train data from ../dataset/cola/train/2.npz
Data length: 1
Time elapsed 0.00 min
Memory used: 7.16 GB
------------------------- time cost ------------------------- 12.74789810180664

-------------Round number: 7-------------

Evaluate global model
Loaded test data from ../dataset/cola/test/0.npz
Data length: 1
metric.compute(): {'accuracy': 0.6825396825396826}
ct, ns, auc: 0.6825396825396826, 0, 0
Loaded test data from ../dataset/cola/test/1.npz
Data length: 1
metric.compute(): {'accuracy': 0.6616915422885572}
ct, ns, auc: 0.6616915422885572, 0, 0
Loaded test data from ../dataset/cola/test/2.npz
Data length: 1
metric.compute(): {'accuracy': 0.675}
ct, ns, auc: 0.675, 0, 0
Loaded test data from ../dataset/cola/test/3.npz
Data length: 1
metric.compute(): {'accuracy': 0.6994535519125683}
ct, ns, auc: 0.6994535519125683, 0, 0
Loaded test data from ../dataset/cola/test/4.npz
Data length: 1
metric.compute(): {'accuracy': 0.2}
ct, ns, auc: 0.2, 0, 0
Loaded test data from ../dataset/cola/test/5.npz
Data length: 1
metric.compute(): {'accuracy': 0.7849740932642487}
ct, ns, auc: 0.7849740932642487, 0, 0
Loaded test data from ../dataset/cola/test/6.npz
Data length: 1
metric.compute(): {'accuracy': 0.7127659574468085}
ct, ns, auc: 0.7127659574468085, 0, 0
Loaded test data from ../dataset/cola/test/7.npz
Data length: 1
metric.compute(): {'accuracy': 0.6842105263157895}
ct, ns, auc: 0.6842105263157895, 0, 0
Loaded test data from ../dataset/cola/test/8.npz
Data length: 1
metric.compute(): {'accuracy': 0.6037735849056604}
ct, ns, auc: 0.6037735849056604, 0, 0
Loaded test data from ../dataset/cola/test/9.npz
Data length: 1
metric.compute(): {'accuracy': 0.7532467532467533}
ct, ns, auc: 0.7532467532467533, 0, 0
ids: [0, 1, 2, 3, 4, 5, 6, 7, 8, 9]
stats[1]: [0, 0, 0, 0, 0, 0, 0, 0, 0, 0]
stats[2]: [0.6825396825396826, 0.6616915422885572, 0.675, 0.6994535519125683, 0.2, 0.7849740932642487, 0.7127659574468085, 0.6842105263157895, 0.6037735849056604, 0.7532467532467533]
stats[3]: [0, 0, 0, 0, 0, 0, 0, 0, 0, 0]
Averaged Test Accuracy: 0.6458
Averaged Test AUC: 0.0000
Std Test Accuracy: 0.1642
Std Test AUC: 0.0000
Loaded train data from ../dataset/cola/train/2.npz
Data length: 1
Time elapsed 0.00 min
Memory used: 7.16 GB
Loaded train data from ../dataset/cola/train/3.npz
Data length: 1
Time elapsed 0.01 min
Memory used: 7.16 GB
Loaded train data from ../dataset/cola/train/8.npz
Data length: 1
Time elapsed 0.00 min
Memory used: 7.16 GB
Loaded train data from ../dataset/cola/train/9.npz
Data length: 1
Time elapsed 0.00 min
Memory used: 7.16 GB
Loaded train data from ../dataset/cola/train/7.npz
Data length: 1
Time elapsed 0.01 min
Memory used: 7.16 GB
Loaded train data from ../dataset/cola/train/6.npz
Data length: 1
Time elapsed 0.00 min
Memory used: 7.16 GB
Loaded train data from ../dataset/cola/train/4.npz
Data length: 1
Time elapsed 0.00 min
Memory used: 7.16 GB
Loaded train data from ../dataset/cola/train/1.npz
Data length: 1
Time elapsed 0.01 min
Memory used: 7.16 GB
Loaded train data from ../dataset/cola/train/5.npz
Data length: 1
Time elapsed 0.01 min
Memory used: 7.16 GB
Loaded train data from ../dataset/cola/train/0.npz
Data length: 1
Time elapsed 0.00 min
Memory used: 7.16 GB
------------------------- time cost ------------------------- 11.325236558914185

-------------Round number: 8-------------

Evaluate global model
Loaded test data from ../dataset/cola/test/0.npz
Data length: 1
metric.compute(): {'accuracy': 0.6878306878306878}
ct, ns, auc: 0.6878306878306878, 0, 0
Loaded test data from ../dataset/cola/test/1.npz
Data length: 1
metric.compute(): {'accuracy': 0.6666666666666666}
ct, ns, auc: 0.6666666666666666, 0, 0
Loaded test data from ../dataset/cola/test/2.npz
Data length: 1
metric.compute(): {'accuracy': 0.675}
ct, ns, auc: 0.675, 0, 0
Loaded test data from ../dataset/cola/test/3.npz
Data length: 1
metric.compute(): {'accuracy': 0.7172131147540983}
ct, ns, auc: 0.7172131147540983, 0, 0
Loaded test data from ../dataset/cola/test/4.npz
Data length: 1
metric.compute(): {'accuracy': 0.2}
ct, ns, auc: 0.2, 0, 0
Loaded test data from ../dataset/cola/test/5.npz
Data length: 1
metric.compute(): {'accuracy': 0.7849740932642487}
ct, ns, auc: 0.7849740932642487, 0, 0
Loaded test data from ../dataset/cola/test/6.npz
Data length: 1
metric.compute(): {'accuracy': 0.7127659574468085}
ct, ns, auc: 0.7127659574468085, 0, 0
Loaded test data from ../dataset/cola/test/7.npz
Data length: 1
metric.compute(): {'accuracy': 0.6842105263157895}
ct, ns, auc: 0.6842105263157895, 0, 0
Loaded test data from ../dataset/cola/test/8.npz
Data length: 1
metric.compute(): {'accuracy': 0.6037735849056604}
ct, ns, auc: 0.6037735849056604, 0, 0
Loaded test data from ../dataset/cola/test/9.npz
Data length: 1
metric.compute(): {'accuracy': 0.7532467532467533}
ct, ns, auc: 0.7532467532467533, 0, 0
ids: [0, 1, 2, 3, 4, 5, 6, 7, 8, 9]
stats[1]: [0, 0, 0, 0, 0, 0, 0, 0, 0, 0]
stats[2]: [0.6878306878306878, 0.6666666666666666, 0.675, 0.7172131147540983, 0.2, 0.7849740932642487, 0.7127659574468085, 0.6842105263157895, 0.6037735849056604, 0.7532467532467533]
stats[3]: [0, 0, 0, 0, 0, 0, 0, 0, 0, 0]
Averaged Test Accuracy: 0.6486
Averaged Test AUC: 0.0000
Std Test Accuracy: 0.1651
Std Test AUC: 0.0000
Loaded train data from ../dataset/cola/train/8.npz
Data length: 1
Time elapsed 0.00 min
Memory used: 7.16 GB
Loaded train data from ../dataset/cola/train/7.npz
Data length: 1
Time elapsed 0.01 min
Memory used: 7.16 GB
Loaded train data from ../dataset/cola/train/6.npz
Data length: 1
Time elapsed 0.00 min
Memory used: 7.16 GB
Loaded train data from ../dataset/cola/train/0.npz
Data length: 1
Time elapsed 0.00 min
Memory used: 7.16 GB
Loaded train data from ../dataset/cola/train/4.npz
Data length: 1
Time elapsed 0.00 min
Memory used: 7.16 GB
Loaded train data from ../dataset/cola/train/2.npz
Data length: 1
Time elapsed 0.00 min
Memory used: 7.16 GB
Loaded train data from ../dataset/cola/train/5.npz
Data length: 1
Time elapsed 0.01 min
Memory used: 7.16 GB
Loaded train data from ../dataset/cola/train/1.npz
Data length: 1
Time elapsed 0.01 min
Memory used: 7.16 GB
Loaded train data from ../dataset/cola/train/3.npz
Data length: 1
Time elapsed 0.01 min
Memory used: 7.16 GB
Loaded train data from ../dataset/cola/train/9.npz
Data length: 1
Time elapsed 0.00 min
Memory used: 7.16 GB
------------------------- time cost ------------------------- 12.195192098617554

-------------Round number: 9-------------

Evaluate global model
Loaded test data from ../dataset/cola/test/0.npz
Data length: 1
metric.compute(): {'accuracy': 0.6825396825396826}
ct, ns, auc: 0.6825396825396826, 0, 0
Loaded test data from ../dataset/cola/test/1.npz
Data length: 1
metric.compute(): {'accuracy': 0.664179104477612}
ct, ns, auc: 0.664179104477612, 0, 0
Loaded test data from ../dataset/cola/test/2.npz
Data length: 1
metric.compute(): {'accuracy': 0.675}
ct, ns, auc: 0.675, 0, 0
Loaded test data from ../dataset/cola/test/3.npz
Data length: 1
metric.compute(): {'accuracy': 0.7281420765027322}
ct, ns, auc: 0.7281420765027322, 0, 0
Loaded test data from ../dataset/cola/test/4.npz
Data length: 1
metric.compute(): {'accuracy': 0.2}
ct, ns, auc: 0.2, 0, 0
Loaded test data from ../dataset/cola/test/5.npz
Data length: 1
metric.compute(): {'accuracy': 0.7849740932642487}
ct, ns, auc: 0.7849740932642487, 0, 0
Loaded test data from ../dataset/cola/test/6.npz
Data length: 1
metric.compute(): {'accuracy': 0.7127659574468085}
ct, ns, auc: 0.7127659574468085, 0, 0
Loaded test data from ../dataset/cola/test/7.npz
Data length: 1
metric.compute(): {'accuracy': 0.6842105263157895}
ct, ns, auc: 0.6842105263157895, 0, 0
Loaded test data from ../dataset/cola/test/8.npz
Data length: 1
metric.compute(): {'accuracy': 0.6037735849056604}
ct, ns, auc: 0.6037735849056604, 0, 0
Loaded test data from ../dataset/cola/test/9.npz
Data length: 1
metric.compute(): {'accuracy': 0.7532467532467533}
ct, ns, auc: 0.7532467532467533, 0, 0
ids: [0, 1, 2, 3, 4, 5, 6, 7, 8, 9]
stats[1]: [0, 0, 0, 0, 0, 0, 0, 0, 0, 0]
stats[2]: [0.6825396825396826, 0.664179104477612, 0.675, 0.7281420765027322, 0.2, 0.7849740932642487, 0.7127659574468085, 0.6842105263157895, 0.6037735849056604, 0.7532467532467533]
stats[3]: [0, 0, 0, 0, 0, 0, 0, 0, 0, 0]
Averaged Test Accuracy: 0.6489
Averaged Test AUC: 0.0000
Std Test Accuracy: 0.1655
Std Test AUC: 0.0000
Loaded train data from ../dataset/cola/train/5.npz
Data length: 1
Time elapsed 0.01 min
Memory used: 7.16 GB
Loaded train data from ../dataset/cola/train/9.npz
Data length: 1
Time elapsed 0.00 min
Memory used: 7.16 GB
Loaded train data from ../dataset/cola/train/6.npz
Data length: 1
Time elapsed 0.00 min
Memory used: 7.16 GB
Loaded train data from ../dataset/cola/train/4.npz
Data length: 1
Time elapsed 0.00 min
Memory used: 7.16 GB
Loaded train data from ../dataset/cola/train/7.npz
Data length: 1
Time elapsed 0.01 min
Memory used: 7.16 GB
Loaded train data from ../dataset/cola/train/3.npz
Data length: 1
Time elapsed 0.01 min
Memory used: 7.16 GB
Loaded train data from ../dataset/cola/train/8.npz
Data length: 1
Time elapsed 0.00 min
Memory used: 7.16 GB
Loaded train data from ../dataset/cola/train/0.npz
Data length: 1
Time elapsed 0.00 min
Memory used: 7.16 GB
Loaded train data from ../dataset/cola/train/1.npz
Data length: 1
Time elapsed 0.01 min
Memory used: 7.16 GB
Loaded train data from ../dataset/cola/train/2.npz
Data length: 1
Time elapsed 0.00 min
Memory used: 7.16 GB
------------------------- time cost ------------------------- 11.060684442520142

-------------Round number: 10-------------

Evaluate global model
Loaded test data from ../dataset/cola/test/0.npz
Data length: 1
metric.compute(): {'accuracy': 0.6984126984126984}
ct, ns, auc: 0.6984126984126984, 0, 0
Loaded test data from ../dataset/cola/test/1.npz
Data length: 1
metric.compute(): {'accuracy': 0.6766169154228856}
ct, ns, auc: 0.6766169154228856, 0, 0
Loaded test data from ../dataset/cola/test/2.npz
Data length: 1
metric.compute(): {'accuracy': 0.675}
ct, ns, auc: 0.675, 0, 0
Loaded test data from ../dataset/cola/test/3.npz
Data length: 1
metric.compute(): {'accuracy': 0.7513661202185792}
ct, ns, auc: 0.7513661202185792, 0, 0
Loaded test data from ../dataset/cola/test/4.npz
Data length: 1
metric.compute(): {'accuracy': 0.2}
ct, ns, auc: 0.2, 0, 0
Loaded test data from ../dataset/cola/test/5.npz
Data length: 1
metric.compute(): {'accuracy': 0.7849740932642487}
ct, ns, auc: 0.7849740932642487, 0, 0
Loaded test data from ../dataset/cola/test/6.npz
Data length: 1
metric.compute(): {'accuracy': 0.7127659574468085}
ct, ns, auc: 0.7127659574468085, 0, 0
Loaded test data from ../dataset/cola/test/7.npz
Data length: 1
metric.compute(): {'accuracy': 0.6842105263157895}
ct, ns, auc: 0.6842105263157895, 0, 0
Loaded test data from ../dataset/cola/test/8.npz
Data length: 1
metric.compute(): {'accuracy': 0.6037735849056604}
ct, ns, auc: 0.6037735849056604, 0, 0
Loaded test data from ../dataset/cola/test/9.npz
Data length: 1
metric.compute(): {'accuracy': 0.7532467532467533}
ct, ns, auc: 0.7532467532467533, 0, 0
ids: [0, 1, 2, 3, 4, 5, 6, 7, 8, 9]
stats[1]: [0, 0, 0, 0, 0, 0, 0, 0, 0, 0]
stats[2]: [0.6984126984126984, 0.6766169154228856, 0.675, 0.7513661202185792, 0.2, 0.7849740932642487, 0.7127659574468085, 0.6842105263157895, 0.6037735849056604, 0.7532467532467533]
stats[3]: [0, 0, 0, 0, 0, 0, 0, 0, 0, 0]
Averaged Test Accuracy: 0.6540
Averaged Test AUC: 0.0000
Std Test Accuracy: 0.1675
Std Test AUC: 0.0000
Loaded train data from ../dataset/cola/train/8.npz
Data length: 1
Time elapsed 0.00 min
Memory used: 7.16 GB
Loaded train data from ../dataset/cola/train/7.npz
Data length: 1
Time elapsed 0.01 min
Memory used: 7.16 GB
Loaded train data from ../dataset/cola/train/2.npz
Data length: 1
Time elapsed 0.00 min
Memory used: 7.16 GB
Loaded train data from ../dataset/cola/train/4.npz
Data length: 1
Time elapsed 0.00 min
Memory used: 7.16 GB
Loaded train data from ../dataset/cola/train/6.npz
Data length: 1
Time elapsed 0.00 min
Memory used: 7.16 GB
Loaded train data from ../dataset/cola/train/3.npz
Data length: 1
Time elapsed 0.01 min
Memory used: 7.16 GB
Loaded train data from ../dataset/cola/train/0.npz
Data length: 1
Time elapsed 0.00 min
Memory used: 7.16 GB
Loaded train data from ../dataset/cola/train/1.npz
Data length: 1
Time elapsed 0.01 min
Memory used: 7.16 GB
Loaded train data from ../dataset/cola/train/9.npz
Data length: 1
Time elapsed 0.00 min
Memory used: 7.16 GB
Loaded train data from ../dataset/cola/train/5.npz
Data length: 1
Time elapsed 0.01 min
Memory used: 7.16 GB
------------------------- time cost ------------------------- 11.080543041229248

-------------Round number: 11-------------

Evaluate global model
Loaded test data from ../dataset/cola/test/0.npz
Data length: 1
metric.compute(): {'accuracy': 0.7037037037037037}
ct, ns, auc: 0.7037037037037037, 0, 0
Loaded test data from ../dataset/cola/test/1.npz
Data length: 1
metric.compute(): {'accuracy': 0.7039800995024875}
ct, ns, auc: 0.7039800995024875, 0, 0
Loaded test data from ../dataset/cola/test/2.npz
Data length: 1
metric.compute(): {'accuracy': 0.675}
ct, ns, auc: 0.675, 0, 0
Loaded test data from ../dataset/cola/test/3.npz
Data length: 1
metric.compute(): {'accuracy': 0.75}
ct, ns, auc: 0.75, 0, 0
Loaded test data from ../dataset/cola/test/4.npz
Data length: 1
metric.compute(): {'accuracy': 0.2}
ct, ns, auc: 0.2, 0, 0
Loaded test data from ../dataset/cola/test/5.npz
Data length: 1
metric.compute(): {'accuracy': 0.7901554404145078}
ct, ns, auc: 0.7901554404145078, 0, 0
Loaded test data from ../dataset/cola/test/6.npz
Data length: 1
metric.compute(): {'accuracy': 0.7127659574468085}
ct, ns, auc: 0.7127659574468085, 0, 0
Loaded test data from ../dataset/cola/test/7.npz
Data length: 1
metric.compute(): {'accuracy': 0.6842105263157895}
ct, ns, auc: 0.6842105263157895, 0, 0
Loaded test data from ../dataset/cola/test/8.npz
Data length: 1
metric.compute(): {'accuracy': 0.6037735849056604}
ct, ns, auc: 0.6037735849056604, 0, 0
Loaded test data from ../dataset/cola/test/9.npz
Data length: 1
metric.compute(): {'accuracy': 0.7532467532467533}
ct, ns, auc: 0.7532467532467533, 0, 0
ids: [0, 1, 2, 3, 4, 5, 6, 7, 8, 9]
stats[1]: [0, 0, 0, 0, 0, 0, 0, 0, 0, 0]
stats[2]: [0.7037037037037037, 0.7039800995024875, 0.675, 0.75, 0.2, 0.7901554404145078, 0.7127659574468085, 0.6842105263157895, 0.6037735849056604, 0.7532467532467533]
stats[3]: [0, 0, 0, 0, 0, 0, 0, 0, 0, 0]
Averaged Test Accuracy: 0.6577
Averaged Test AUC: 0.0000
Std Test Accuracy: 0.1686
Std Test AUC: 0.0000
Loaded train data from ../dataset/cola/train/6.npz
Data length: 1
Time elapsed 0.00 min
Memory used: 7.16 GB
Loaded train data from ../dataset/cola/train/2.npz
Data length: 1
Time elapsed 0.00 min
Memory used: 7.16 GB
Loaded train data from ../dataset/cola/train/0.npz
Data length: 1
Time elapsed 0.00 min
Memory used: 7.16 GB
Loaded train data from ../dataset/cola/train/8.npz
Data length: 1
Time elapsed 0.00 min
Memory used: 7.16 GB
Loaded train data from ../dataset/cola/train/9.npz
Data length: 1
Time elapsed 0.00 min
Memory used: 7.16 GB
Loaded train data from ../dataset/cola/train/3.npz
Data length: 1
Time elapsed 0.01 min
Memory used: 7.16 GB
Loaded train data from ../dataset/cola/train/7.npz
Data length: 1
Time elapsed 0.01 min
Memory used: 7.16 GB
Loaded train data from ../dataset/cola/train/4.npz
Data length: 1
Time elapsed 0.00 min
Memory used: 7.16 GB
Loaded train data from ../dataset/cola/train/5.npz
Data length: 1
Time elapsed 0.01 min
Memory used: 7.16 GB
Loaded train data from ../dataset/cola/train/1.npz
Data length: 1
Time elapsed 0.01 min
Memory used: 7.16 GB
------------------------- time cost ------------------------- 11.711390256881714

-------------Round number: 12-------------

Evaluate global model
Loaded test data from ../dataset/cola/test/0.npz
Data length: 1
metric.compute(): {'accuracy': 0.7037037037037037}
ct, ns, auc: 0.7037037037037037, 0, 0
Loaded test data from ../dataset/cola/test/1.npz
Data length: 1
metric.compute(): {'accuracy': 0.7089552238805971}
ct, ns, auc: 0.7089552238805971, 0, 0
Loaded test data from ../dataset/cola/test/2.npz
Data length: 1
metric.compute(): {'accuracy': 0.7}
ct, ns, auc: 0.7, 0, 0
Loaded test data from ../dataset/cola/test/3.npz
Data length: 1
metric.compute(): {'accuracy': 0.7472677595628415}
ct, ns, auc: 0.7472677595628415, 0, 0
Loaded test data from ../dataset/cola/test/4.npz
Data length: 1
metric.compute(): {'accuracy': 0.2}
ct, ns, auc: 0.2, 0, 0
Loaded test data from ../dataset/cola/test/5.npz
Data length: 1
metric.compute(): {'accuracy': 0.8031088082901554}
ct, ns, auc: 0.8031088082901554, 0, 0
Loaded test data from ../dataset/cola/test/6.npz
Data length: 1
metric.compute(): {'accuracy': 0.7127659574468085}
ct, ns, auc: 0.7127659574468085, 0, 0
Loaded test data from ../dataset/cola/test/7.npz
Data length: 1
metric.compute(): {'accuracy': 0.7017543859649122}
ct, ns, auc: 0.7017543859649122, 0, 0
Loaded test data from ../dataset/cola/test/8.npz
Data length: 1
metric.compute(): {'accuracy': 0.6037735849056604}
ct, ns, auc: 0.6037735849056604, 0, 0
Loaded test data from ../dataset/cola/test/9.npz
Data length: 1
metric.compute(): {'accuracy': 0.7532467532467533}
ct, ns, auc: 0.7532467532467533, 0, 0
ids: [0, 1, 2, 3, 4, 5, 6, 7, 8, 9]
stats[1]: [0, 0, 0, 0, 0, 0, 0, 0, 0, 0]
stats[2]: [0.7037037037037037, 0.7089552238805971, 0.7, 0.7472677595628415, 0.2, 0.8031088082901554, 0.7127659574468085, 0.7017543859649122, 0.6037735849056604, 0.7532467532467533]
stats[3]: [0, 0, 0, 0, 0, 0, 0, 0, 0, 0]
Averaged Test Accuracy: 0.6635
Averaged Test AUC: 0.0000
Std Test Accuracy: 0.1706
Std Test AUC: 0.0000
Loaded train data from ../dataset/cola/train/7.npz
Data length: 1
Time elapsed 0.01 min
Memory used: 7.16 GB
Loaded train data from ../dataset/cola/train/4.npz
Data length: 1
Time elapsed 0.00 min
Memory used: 7.16 GB
Loaded train data from ../dataset/cola/train/5.npz
Data length: 1
Time elapsed 0.01 min
Memory used: 7.16 GB
Loaded train data from ../dataset/cola/train/8.npz
Data length: 1
Time elapsed 0.00 min
Memory used: 7.16 GB
Loaded train data from ../dataset/cola/train/3.npz
Data length: 1
Time elapsed 0.01 min
Memory used: 7.16 GB
Loaded train data from ../dataset/cola/train/6.npz
Data length: 1
Time elapsed 0.00 min
Memory used: 7.16 GB
Loaded train data from ../dataset/cola/train/1.npz
Data length: 1
Time elapsed 0.01 min
Memory used: 7.16 GB
Loaded train data from ../dataset/cola/train/2.npz
Data length: 1
Time elapsed 0.00 min
Memory used: 7.16 GB
Loaded train data from ../dataset/cola/train/0.npz
Data length: 1
Time elapsed 0.00 min
Memory used: 7.16 GB
Loaded train data from ../dataset/cola/train/9.npz
Data length: 1
Time elapsed 0.00 min
Memory used: 7.16 GB
------------------------- time cost ------------------------- 12.506754636764526

-------------Round number: 13-------------

Evaluate global model
Loaded test data from ../dataset/cola/test/0.npz
Data length: 1
metric.compute(): {'accuracy': 0.6931216931216931}
ct, ns, auc: 0.6931216931216931, 0, 0
Loaded test data from ../dataset/cola/test/1.npz
Data length: 1
metric.compute(): {'accuracy': 0.7114427860696517}
ct, ns, auc: 0.7114427860696517, 0, 0
Loaded test data from ../dataset/cola/test/2.npz
Data length: 1
metric.compute(): {'accuracy': 0.7375}
ct, ns, auc: 0.7375, 0, 0
Loaded test data from ../dataset/cola/test/3.npz
Data length: 1
metric.compute(): {'accuracy': 0.7513661202185792}
ct, ns, auc: 0.7513661202185792, 0, 0
Loaded test data from ../dataset/cola/test/4.npz
Data length: 1
metric.compute(): {'accuracy': 0.2}
ct, ns, auc: 0.2, 0, 0
Loaded test data from ../dataset/cola/test/5.npz
Data length: 1
metric.compute(): {'accuracy': 0.8031088082901554}
ct, ns, auc: 0.8031088082901554, 0, 0
Loaded test data from ../dataset/cola/test/6.npz
Data length: 1
metric.compute(): {'accuracy': 0.7127659574468085}
ct, ns, auc: 0.7127659574468085, 0, 0
Loaded test data from ../dataset/cola/test/7.npz
Data length: 1
metric.compute(): {'accuracy': 0.7192982456140351}
ct, ns, auc: 0.7192982456140351, 0, 0
Loaded test data from ../dataset/cola/test/8.npz
Data length: 1
metric.compute(): {'accuracy': 0.5849056603773585}
ct, ns, auc: 0.5849056603773585, 0, 0
Loaded test data from ../dataset/cola/test/9.npz
Data length: 1
metric.compute(): {'accuracy': 0.7532467532467533}
ct, ns, auc: 0.7532467532467533, 0, 0
ids: [0, 1, 2, 3, 4, 5, 6, 7, 8, 9]
stats[1]: [0, 0, 0, 0, 0, 0, 0, 0, 0, 0]
stats[2]: [0.6931216931216931, 0.7114427860696517, 0.7375, 0.7513661202185792, 0.2, 0.8031088082901554, 0.7127659574468085, 0.7192982456140351, 0.5849056603773585, 0.7532467532467533]
stats[3]: [0, 0, 0, 0, 0, 0, 0, 0, 0, 0]
Averaged Test Accuracy: 0.6667
Averaged Test AUC: 0.0000
Std Test Accuracy: 0.1733
Std Test AUC: 0.0000
Loaded train data from ../dataset/cola/train/8.npz
Data length: 1
Time elapsed 0.00 min
Memory used: 7.16 GB
Loaded train data from ../dataset/cola/train/4.npz
Data length: 1
Time elapsed 0.00 min
Memory used: 7.16 GB
Loaded train data from ../dataset/cola/train/3.npz
Data length: 1
Time elapsed 0.01 min
Memory used: 7.16 GB
Loaded train data from ../dataset/cola/train/1.npz
Data length: 1
Time elapsed 0.01 min
Memory used: 7.16 GB
Loaded train data from ../dataset/cola/train/9.npz
Data length: 1
Time elapsed 0.00 min
Memory used: 7.16 GB
Loaded train data from ../dataset/cola/train/5.npz
Data length: 1
Time elapsed 0.01 min
Memory used: 7.16 GB
Loaded train data from ../dataset/cola/train/6.npz
Data length: 1
Time elapsed 0.00 min
Memory used: 7.16 GB
Loaded train data from ../dataset/cola/train/2.npz
Data length: 1
Time elapsed 0.00 min
Memory used: 7.16 GB
Loaded train data from ../dataset/cola/train/7.npz
Data length: 1
Time elapsed 0.01 min
Memory used: 7.16 GB
Loaded train data from ../dataset/cola/train/0.npz
Data length: 1
Time elapsed 0.00 min
Memory used: 7.16 GB
------------------------- time cost ------------------------- 10.708020210266113

-------------Round number: 14-------------

Evaluate global model
Loaded test data from ../dataset/cola/test/0.npz
Data length: 1
metric.compute(): {'accuracy': 0.6984126984126984}
ct, ns, auc: 0.6984126984126984, 0, 0
Loaded test data from ../dataset/cola/test/1.npz
Data length: 1
metric.compute(): {'accuracy': 0.7189054726368159}
ct, ns, auc: 0.7189054726368159, 0, 0
Loaded test data from ../dataset/cola/test/2.npz
Data length: 1
metric.compute(): {'accuracy': 0.7375}
ct, ns, auc: 0.7375, 0, 0
Loaded test data from ../dataset/cola/test/3.npz
Data length: 1
metric.compute(): {'accuracy': 0.7540983606557377}
ct, ns, auc: 0.7540983606557377, 0, 0
Loaded test data from ../dataset/cola/test/4.npz
Data length: 1
metric.compute(): {'accuracy': 0.2}
ct, ns, auc: 0.2, 0, 0
Loaded test data from ../dataset/cola/test/5.npz
Data length: 1
metric.compute(): {'accuracy': 0.8134715025906736}
ct, ns, auc: 0.8134715025906736, 0, 0
Loaded test data from ../dataset/cola/test/6.npz
Data length: 1
metric.compute(): {'accuracy': 0.7287234042553191}
ct, ns, auc: 0.7287234042553191, 0, 0
Loaded test data from ../dataset/cola/test/7.npz
Data length: 1
metric.compute(): {'accuracy': 0.7263157894736842}
ct, ns, auc: 0.7263157894736842, 0, 0
Loaded test data from ../dataset/cola/test/8.npz
Data length: 1
metric.compute(): {'accuracy': 0.5849056603773585}
ct, ns, auc: 0.5849056603773585, 0, 0
Loaded test data from ../dataset/cola/test/9.npz
Data length: 1
metric.compute(): {'accuracy': 0.7532467532467533}
ct, ns, auc: 0.7532467532467533, 0, 0
ids: [0, 1, 2, 3, 4, 5, 6, 7, 8, 9]
stats[1]: [0, 0, 0, 0, 0, 0, 0, 0, 0, 0]
stats[2]: [0.6984126984126984, 0.7189054726368159, 0.7375, 0.7540983606557377, 0.2, 0.8134715025906736, 0.7287234042553191, 0.7263157894736842, 0.5849056603773585, 0.7532467532467533]
stats[3]: [0, 0, 0, 0, 0, 0, 0, 0, 0, 0]
Averaged Test Accuracy: 0.6716
Averaged Test AUC: 0.0000
Std Test Accuracy: 0.1755
Std Test AUC: 0.0000
Loaded train data from ../dataset/cola/train/8.npz
Data length: 1
Time elapsed 0.00 min
Memory used: 7.16 GB
Loaded train data from ../dataset/cola/train/3.npz
Data length: 1
Time elapsed 0.01 min
Memory used: 7.16 GB
Loaded train data from ../dataset/cola/train/4.npz
Data length: 1
Time elapsed 0.00 min
Memory used: 7.16 GB
Loaded train data from ../dataset/cola/train/6.npz
Data length: 1
Time elapsed 0.00 min
Memory used: 7.16 GB
Loaded train data from ../dataset/cola/train/5.npz
Data length: 1
Time elapsed 0.01 min
Memory used: 7.16 GB
Loaded train data from ../dataset/cola/train/0.npz
Data length: 1
Time elapsed 0.00 min
Memory used: 7.16 GB
Loaded train data from ../dataset/cola/train/7.npz
Data length: 1
Time elapsed 0.01 min
Memory used: 7.16 GB
Loaded train data from ../dataset/cola/train/2.npz
Data length: 1
Time elapsed 0.00 min
Memory used: 7.16 GB
Loaded train data from ../dataset/cola/train/9.npz
Data length: 1
Time elapsed 0.00 min
Memory used: 7.16 GB
Loaded train data from ../dataset/cola/train/1.npz
Data length: 1
Time elapsed 0.01 min
Memory used: 7.16 GB
------------------------- time cost ------------------------- 10.699159622192383

-------------Round number: 15-------------

Evaluate global model
Loaded test data from ../dataset/cola/test/0.npz
Data length: 1
metric.compute(): {'accuracy': 0.6984126984126984}
ct, ns, auc: 0.6984126984126984, 0, 0
Loaded test data from ../dataset/cola/test/1.npz
Data length: 1
metric.compute(): {'accuracy': 0.7114427860696517}
ct, ns, auc: 0.7114427860696517, 0, 0
Loaded test data from ../dataset/cola/test/2.npz
Data length: 1
metric.compute(): {'accuracy': 0.75}
ct, ns, auc: 0.75, 0, 0
Loaded test data from ../dataset/cola/test/3.npz
Data length: 1
metric.compute(): {'accuracy': 0.7459016393442623}
ct, ns, auc: 0.7459016393442623, 0, 0
Loaded test data from ../dataset/cola/test/4.npz
Data length: 1
metric.compute(): {'accuracy': 0.2}
ct, ns, auc: 0.2, 0, 0
Loaded test data from ../dataset/cola/test/5.npz
Data length: 1
metric.compute(): {'accuracy': 0.8160621761658031}
ct, ns, auc: 0.8160621761658031, 0, 0
Loaded test data from ../dataset/cola/test/6.npz
Data length: 1
metric.compute(): {'accuracy': 0.7712765957446809}
ct, ns, auc: 0.7712765957446809, 0, 0
Loaded test data from ../dataset/cola/test/7.npz
Data length: 1
metric.compute(): {'accuracy': 0.7298245614035088}
ct, ns, auc: 0.7298245614035088, 0, 0
Loaded test data from ../dataset/cola/test/8.npz
Data length: 1
metric.compute(): {'accuracy': 0.5849056603773585}
ct, ns, auc: 0.5849056603773585, 0, 0
Loaded test data from ../dataset/cola/test/9.npz
Data length: 1
metric.compute(): {'accuracy': 0.7532467532467533}
ct, ns, auc: 0.7532467532467533, 0, 0
ids: [0, 1, 2, 3, 4, 5, 6, 7, 8, 9]
stats[1]: [0, 0, 0, 0, 0, 0, 0, 0, 0, 0]
stats[2]: [0.6984126984126984, 0.7114427860696517, 0.75, 0.7459016393442623, 0.2, 0.8160621761658031, 0.7712765957446809, 0.7298245614035088, 0.5849056603773585, 0.7532467532467533]
stats[3]: [0, 0, 0, 0, 0, 0, 0, 0, 0, 0]
Averaged Test Accuracy: 0.6761
Averaged Test AUC: 0.0000
Std Test Accuracy: 0.1778
Std Test AUC: 0.0000
Loaded train data from ../dataset/cola/train/2.npz
Data length: 1
Time elapsed 0.00 min
Memory used: 7.16 GB
Loaded train data from ../dataset/cola/train/3.npz
Data length: 1
Time elapsed 0.01 min
Memory used: 7.16 GB
Loaded train data from ../dataset/cola/train/4.npz
Data length: 1
Time elapsed 0.00 min
Memory used: 7.16 GB
Loaded train data from ../dataset/cola/train/6.npz
Data length: 1
Time elapsed 0.00 min
Memory used: 7.16 GB
Loaded train data from ../dataset/cola/train/5.npz
Data length: 1
Time elapsed 0.01 min
Memory used: 7.16 GB
Loaded train data from ../dataset/cola/train/8.npz
Data length: 1
Time elapsed 0.00 min
Memory used: 7.16 GB
Loaded train data from ../dataset/cola/train/9.npz
Data length: 1
Time elapsed 0.00 min
Memory used: 7.16 GB
Loaded train data from ../dataset/cola/train/7.npz
Data length: 1
Time elapsed 0.01 min
Memory used: 7.16 GB
Loaded train data from ../dataset/cola/train/0.npz
Data length: 1
Time elapsed 0.00 min
Memory used: 7.16 GB
Loaded train data from ../dataset/cola/train/1.npz
Data length: 1
Time elapsed 0.01 min
Memory used: 7.16 GB
------------------------- time cost ------------------------- 11.318823099136353

-------------Round number: 16-------------

Evaluate global model
Loaded test data from ../dataset/cola/test/0.npz
Data length: 1
metric.compute(): {'accuracy': 0.6984126984126984}
ct, ns, auc: 0.6984126984126984, 0, 0
Loaded test data from ../dataset/cola/test/1.npz
Data length: 1
metric.compute(): {'accuracy': 0.7189054726368159}
ct, ns, auc: 0.7189054726368159, 0, 0
Loaded test data from ../dataset/cola/test/2.npz
Data length: 1
metric.compute(): {'accuracy': 0.7625}
ct, ns, auc: 0.7625, 0, 0
Loaded test data from ../dataset/cola/test/3.npz
Data length: 1
metric.compute(): {'accuracy': 0.7540983606557377}
ct, ns, auc: 0.7540983606557377, 0, 0
Loaded test data from ../dataset/cola/test/4.npz
Data length: 1
metric.compute(): {'accuracy': 0.2}
ct, ns, auc: 0.2, 0, 0
Loaded test data from ../dataset/cola/test/5.npz
Data length: 1
metric.compute(): {'accuracy': 0.8238341968911918}
ct, ns, auc: 0.8238341968911918, 0, 0
Loaded test data from ../dataset/cola/test/6.npz
Data length: 1
metric.compute(): {'accuracy': 0.7925531914893617}
ct, ns, auc: 0.7925531914893617, 0, 0
Loaded test data from ../dataset/cola/test/7.npz
Data length: 1
metric.compute(): {'accuracy': 0.7333333333333333}
ct, ns, auc: 0.7333333333333333, 0, 0
Loaded test data from ../dataset/cola/test/8.npz
Data length: 1
metric.compute(): {'accuracy': 0.5849056603773585}
ct, ns, auc: 0.5849056603773585, 0, 0
Loaded test data from ../dataset/cola/test/9.npz
Data length: 1
metric.compute(): {'accuracy': 0.7532467532467533}
ct, ns, auc: 0.7532467532467533, 0, 0
ids: [0, 1, 2, 3, 4, 5, 6, 7, 8, 9]
stats[1]: [0, 0, 0, 0, 0, 0, 0, 0, 0, 0]
stats[2]: [0.6984126984126984, 0.7189054726368159, 0.7625, 0.7540983606557377, 0.2, 0.8238341968911918, 0.7925531914893617, 0.7333333333333333, 0.5849056603773585, 0.7532467532467533]
stats[3]: [0, 0, 0, 0, 0, 0, 0, 0, 0, 0]
Averaged Test Accuracy: 0.6822
Averaged Test AUC: 0.0000
Std Test Accuracy: 0.1811
Std Test AUC: 0.0000
Loaded train data from ../dataset/cola/train/6.npz
Data length: 1
Time elapsed 0.00 min
Memory used: 7.16 GB
Loaded train data from ../dataset/cola/train/1.npz
Data length: 1
Time elapsed 0.01 min
Memory used: 7.16 GB
Loaded train data from ../dataset/cola/train/8.npz
Data length: 1
Time elapsed 0.00 min
Memory used: 7.16 GB
Loaded train data from ../dataset/cola/train/9.npz
Data length: 1
Time elapsed 0.00 min
Memory used: 7.16 GB
Loaded train data from ../dataset/cola/train/5.npz
Data length: 1
Time elapsed 0.01 min
Memory used: 7.16 GB
Loaded train data from ../dataset/cola/train/3.npz
Data length: 1
Time elapsed 0.01 min
Memory used: 7.16 GB
Loaded train data from ../dataset/cola/train/0.npz
Data length: 1
Time elapsed 0.00 min
Memory used: 7.16 GB
Loaded train data from ../dataset/cola/train/4.npz
Data length: 1
Time elapsed 0.00 min
Memory used: 7.16 GB
Loaded train data from ../dataset/cola/train/2.npz
Data length: 1
Time elapsed 0.00 min
Memory used: 7.16 GB
Loaded train data from ../dataset/cola/train/7.npz
Data length: 1
Time elapsed 0.01 min
Memory used: 7.16 GB
------------------------- time cost ------------------------- 11.172855615615845

-------------Round number: 17-------------

Evaluate global model
Loaded test data from ../dataset/cola/test/0.npz
Data length: 1
metric.compute(): {'accuracy': 0.6984126984126984}
ct, ns, auc: 0.6984126984126984, 0, 0
Loaded test data from ../dataset/cola/test/1.npz
Data length: 1
metric.compute(): {'accuracy': 0.7263681592039801}
ct, ns, auc: 0.7263681592039801, 0, 0
Loaded test data from ../dataset/cola/test/2.npz
Data length: 1
metric.compute(): {'accuracy': 0.7625}
ct, ns, auc: 0.7625, 0, 0
Loaded test data from ../dataset/cola/test/3.npz
Data length: 1
metric.compute(): {'accuracy': 0.7527322404371585}
ct, ns, auc: 0.7527322404371585, 0, 0
Loaded test data from ../dataset/cola/test/4.npz
Data length: 1
metric.compute(): {'accuracy': 0.2}
ct, ns, auc: 0.2, 0, 0
Loaded test data from ../dataset/cola/test/5.npz
Data length: 1
metric.compute(): {'accuracy': 0.8316062176165803}
ct, ns, auc: 0.8316062176165803, 0, 0
Loaded test data from ../dataset/cola/test/6.npz
Data length: 1
metric.compute(): {'accuracy': 0.8085106382978723}
ct, ns, auc: 0.8085106382978723, 0, 0
Loaded test data from ../dataset/cola/test/7.npz
Data length: 1
metric.compute(): {'accuracy': 0.7543859649122807}
ct, ns, auc: 0.7543859649122807, 0, 0
Loaded test data from ../dataset/cola/test/8.npz
Data length: 1
metric.compute(): {'accuracy': 0.5849056603773585}
ct, ns, auc: 0.5849056603773585, 0, 0
Loaded test data from ../dataset/cola/test/9.npz
Data length: 1
metric.compute(): {'accuracy': 0.7532467532467533}
ct, ns, auc: 0.7532467532467533, 0, 0
ids: [0, 1, 2, 3, 4, 5, 6, 7, 8, 9]
stats[1]: [0, 0, 0, 0, 0, 0, 0, 0, 0, 0]
stats[2]: [0.6984126984126984, 0.7263681592039801, 0.7625, 0.7527322404371585, 0.2, 0.8316062176165803, 0.8085106382978723, 0.7543859649122807, 0.5849056603773585, 0.7532467532467533]
stats[3]: [0, 0, 0, 0, 0, 0, 0, 0, 0, 0]
Averaged Test Accuracy: 0.6873
Averaged Test AUC: 0.0000
Std Test Accuracy: 0.1838
Std Test AUC: 0.0000
Loaded train data from ../dataset/cola/train/7.npz
Data length: 1
Time elapsed 0.01 min
Memory used: 7.16 GB
Loaded train data from ../dataset/cola/train/8.npz
Data length: 1
Time elapsed 0.00 min
Memory used: 7.16 GB
Loaded train data from ../dataset/cola/train/3.npz
Data length: 1
Time elapsed 0.01 min
Memory used: 7.16 GB
Loaded train data from ../dataset/cola/train/0.npz
Data length: 1
Time elapsed 0.00 min
Memory used: 7.16 GB
Loaded train data from ../dataset/cola/train/9.npz
Data length: 1
Time elapsed 0.00 min
Memory used: 7.16 GB
Loaded train data from ../dataset/cola/train/6.npz
Data length: 1
Time elapsed 0.00 min
Memory used: 7.16 GB
Loaded train data from ../dataset/cola/train/5.npz
Data length: 1
Time elapsed 0.01 min
Memory used: 7.16 GB
Loaded train data from ../dataset/cola/train/2.npz
Data length: 1
Time elapsed 0.00 min
Memory used: 7.16 GB
Loaded train data from ../dataset/cola/train/4.npz
Data length: 1
Time elapsed 0.00 min
Memory used: 7.16 GB
Loaded train data from ../dataset/cola/train/1.npz
Data length: 1
Time elapsed 0.01 min
Memory used: 7.16 GB
------------------------- time cost ------------------------- 11.787839889526367

-------------Round number: 18-------------

Evaluate global model
Loaded test data from ../dataset/cola/test/0.npz
Data length: 1
metric.compute(): {'accuracy': 0.6984126984126984}
ct, ns, auc: 0.6984126984126984, 0, 0
Loaded test data from ../dataset/cola/test/1.npz
Data length: 1
metric.compute(): {'accuracy': 0.7288557213930348}
ct, ns, auc: 0.7288557213930348, 0, 0
Loaded test data from ../dataset/cola/test/2.npz
Data length: 1
metric.compute(): {'accuracy': 0.7625}
ct, ns, auc: 0.7625, 0, 0
Loaded test data from ../dataset/cola/test/3.npz
Data length: 1
metric.compute(): {'accuracy': 0.7595628415300546}
ct, ns, auc: 0.7595628415300546, 0, 0
Loaded test data from ../dataset/cola/test/4.npz
Data length: 1
metric.compute(): {'accuracy': 0.2}
ct, ns, auc: 0.2, 0, 0
Loaded test data from ../dataset/cola/test/5.npz
Data length: 1
metric.compute(): {'accuracy': 0.8238341968911918}
ct, ns, auc: 0.8238341968911918, 0, 0
Loaded test data from ../dataset/cola/test/6.npz
Data length: 1
metric.compute(): {'accuracy': 0.8138297872340425}
ct, ns, auc: 0.8138297872340425, 0, 0
Loaded test data from ../dataset/cola/test/7.npz
Data length: 1
metric.compute(): {'accuracy': 0.7543859649122807}
ct, ns, auc: 0.7543859649122807, 0, 0
Loaded test data from ../dataset/cola/test/8.npz
Data length: 1
metric.compute(): {'accuracy': 0.6226415094339622}
ct, ns, auc: 0.6226415094339622, 0, 0
Loaded test data from ../dataset/cola/test/9.npz
Data length: 1
metric.compute(): {'accuracy': 0.7792207792207793}
ct, ns, auc: 0.7792207792207793, 0, 0
ids: [0, 1, 2, 3, 4, 5, 6, 7, 8, 9]
stats[1]: [0, 0, 0, 0, 0, 0, 0, 0, 0, 0]
stats[2]: [0.6984126984126984, 0.7288557213930348, 0.7625, 0.7595628415300546, 0.2, 0.8238341968911918, 0.8138297872340425, 0.7543859649122807, 0.6226415094339622, 0.7792207792207793]
stats[3]: [0, 0, 0, 0, 0, 0, 0, 0, 0, 0]
Averaged Test Accuracy: 0.6943
Averaged Test AUC: 0.0000
Std Test Accuracy: 0.1830
Std Test AUC: 0.0000
Loaded train data from ../dataset/cola/train/6.npz
Data length: 1
Time elapsed 0.00 min
Memory used: 7.16 GB
Loaded train data from ../dataset/cola/train/1.npz
Data length: 1
Time elapsed 0.01 min
Memory used: 7.16 GB
Loaded train data from ../dataset/cola/train/4.npz
Data length: 1
Time elapsed 0.00 min
Memory used: 7.16 GB
Loaded train data from ../dataset/cola/train/8.npz
Data length: 1
Time elapsed 0.00 min
Memory used: 7.16 GB
Loaded train data from ../dataset/cola/train/9.npz
Data length: 1
Time elapsed 0.00 min
Memory used: 7.16 GB
Loaded train data from ../dataset/cola/train/5.npz
Data length: 1
Time elapsed 0.01 min
Memory used: 7.16 GB
Loaded train data from ../dataset/cola/train/3.npz
Data length: 1
Time elapsed 0.01 min
Memory used: 7.16 GB
Loaded train data from ../dataset/cola/train/2.npz
Data length: 1
Time elapsed 0.00 min
Memory used: 7.16 GB
Loaded train data from ../dataset/cola/train/7.npz
Data length: 1
Time elapsed 0.01 min
Memory used: 7.16 GB
Loaded train data from ../dataset/cola/train/0.npz
Data length: 1
Time elapsed 0.00 min
Memory used: 7.16 GB
------------------------- time cost ------------------------- 11.894441843032837

-------------Round number: 19-------------

Evaluate global model
Loaded test data from ../dataset/cola/test/0.npz
Data length: 1
metric.compute(): {'accuracy': 0.6931216931216931}
ct, ns, auc: 0.6931216931216931, 0, 0
Loaded test data from ../dataset/cola/test/1.npz
Data length: 1
metric.compute(): {'accuracy': 0.7238805970149254}
ct, ns, auc: 0.7238805970149254, 0, 0
Loaded test data from ../dataset/cola/test/2.npz
Data length: 1
metric.compute(): {'accuracy': 0.75}
ct, ns, auc: 0.75, 0, 0
Loaded test data from ../dataset/cola/test/3.npz
Data length: 1
metric.compute(): {'accuracy': 0.755464480874317}
ct, ns, auc: 0.755464480874317, 0, 0
Loaded test data from ../dataset/cola/test/4.npz
Data length: 1
metric.compute(): {'accuracy': 0.3}
ct, ns, auc: 0.3, 0, 0
Loaded test data from ../dataset/cola/test/5.npz
Data length: 1
metric.compute(): {'accuracy': 0.8290155440414507}
ct, ns, auc: 0.8290155440414507, 0, 0
Loaded test data from ../dataset/cola/test/6.npz
Data length: 1
metric.compute(): {'accuracy': 0.8191489361702128}
ct, ns, auc: 0.8191489361702128, 0, 0
Loaded test data from ../dataset/cola/test/7.npz
Data length: 1
metric.compute(): {'accuracy': 0.7719298245614035}
ct, ns, auc: 0.7719298245614035, 0, 0
Loaded test data from ../dataset/cola/test/8.npz
Data length: 1
metric.compute(): {'accuracy': 0.6415094339622641}
ct, ns, auc: 0.6415094339622641, 0, 0
Loaded test data from ../dataset/cola/test/9.npz
Data length: 1
metric.compute(): {'accuracy': 0.7922077922077922}
ct, ns, auc: 0.7922077922077922, 0, 0
ids: [0, 1, 2, 3, 4, 5, 6, 7, 8, 9]
stats[1]: [0, 0, 0, 0, 0, 0, 0, 0, 0, 0]
stats[2]: [0.6931216931216931, 0.7238805970149254, 0.75, 0.755464480874317, 0.3, 0.8290155440414507, 0.8191489361702128, 0.7719298245614035, 0.6415094339622641, 0.7922077922077922]
stats[3]: [0, 0, 0, 0, 0, 0, 0, 0, 0, 0]
Averaged Test Accuracy: 0.7076
Averaged Test AUC: 0.0000
Std Test Accuracy: 0.1540
Std Test AUC: 0.0000
Loaded train data from ../dataset/cola/train/5.npz
Data length: 1
Time elapsed 0.01 min
Memory used: 7.16 GB
Loaded train data from ../dataset/cola/train/6.npz
Data length: 1
Time elapsed 0.00 min
Memory used: 7.16 GB
Loaded train data from ../dataset/cola/train/1.npz
Data length: 1
Time elapsed 0.01 min
Memory used: 7.16 GB
Loaded train data from ../dataset/cola/train/4.npz
Data length: 1
Time elapsed 0.00 min
Memory used: 7.16 GB
Loaded train data from ../dataset/cola/train/3.npz
Data length: 1
Time elapsed 0.01 min
Memory used: 7.16 GB
Loaded train data from ../dataset/cola/train/7.npz
Data length: 1
Time elapsed 0.01 min
Memory used: 7.16 GB
Loaded train data from ../dataset/cola/train/0.npz
Data length: 1
Time elapsed 0.00 min
Memory used: 7.16 GB
Loaded train data from ../dataset/cola/train/8.npz
Data length: 1
Time elapsed 0.00 min
Memory used: 7.16 GB
Loaded train data from ../dataset/cola/train/9.npz
Data length: 1
Time elapsed 0.00 min
Memory used: 7.16 GB
Loaded train data from ../dataset/cola/train/2.npz
Data length: 1
Time elapsed 0.00 min
Memory used: 7.16 GB
------------------------- time cost ------------------------- 10.971634864807129

-------------Round number: 20-------------

Evaluate global model
Loaded test data from ../dataset/cola/test/0.npz
Data length: 1
metric.compute(): {'accuracy': 0.6878306878306878}
ct, ns, auc: 0.6878306878306878, 0, 0
Loaded test data from ../dataset/cola/test/1.npz
Data length: 1
metric.compute(): {'accuracy': 0.7213930348258707}
ct, ns, auc: 0.7213930348258707, 0, 0
Loaded test data from ../dataset/cola/test/2.npz
Data length: 1
metric.compute(): {'accuracy': 0.725}
ct, ns, auc: 0.725, 0, 0
Loaded test data from ../dataset/cola/test/3.npz
Data length: 1
metric.compute(): {'accuracy': 0.7568306010928961}
ct, ns, auc: 0.7568306010928961, 0, 0
Loaded test data from ../dataset/cola/test/4.npz
Data length: 1
metric.compute(): {'accuracy': 0.4}
ct, ns, auc: 0.4, 0, 0
Loaded test data from ../dataset/cola/test/5.npz
Data length: 1
metric.compute(): {'accuracy': 0.8290155440414507}
ct, ns, auc: 0.8290155440414507, 0, 0
Loaded test data from ../dataset/cola/test/6.npz
Data length: 1
metric.compute(): {'accuracy': 0.8138297872340425}
ct, ns, auc: 0.8138297872340425, 0, 0
Loaded test data from ../dataset/cola/test/7.npz
Data length: 1
metric.compute(): {'accuracy': 0.7684210526315789}
ct, ns, auc: 0.7684210526315789, 0, 0
Loaded test data from ../dataset/cola/test/8.npz
Data length: 1
metric.compute(): {'accuracy': 0.660377358490566}
ct, ns, auc: 0.660377358490566, 0, 0
Loaded test data from ../dataset/cola/test/9.npz
Data length: 1
metric.compute(): {'accuracy': 0.8051948051948052}
ct, ns, auc: 0.8051948051948052, 0, 0
ids: [0, 1, 2, 3, 4, 5, 6, 7, 8, 9]
stats[1]: [0, 0, 0, 0, 0, 0, 0, 0, 0, 0]
stats[2]: [0.6878306878306878, 0.7213930348258707, 0.725, 0.7568306010928961, 0.4, 0.8290155440414507, 0.8138297872340425, 0.7684210526315789, 0.660377358490566, 0.8051948051948052]
stats[3]: [0, 0, 0, 0, 0, 0, 0, 0, 0, 0]
Averaged Test Accuracy: 0.7168
Averaged Test AUC: 0.0000
Std Test Accuracy: 0.1241
Std Test AUC: 0.0000
Loaded train data from ../dataset/cola/train/4.npz
Data length: 1
Time elapsed 0.00 min
Memory used: 7.16 GB
Loaded train data from ../dataset/cola/train/9.npz
Data length: 1
Time elapsed 0.00 min
Memory used: 7.16 GB
Loaded train data from ../dataset/cola/train/3.npz
Data length: 1
Time elapsed 0.01 min
Memory used: 7.16 GB
Loaded train data from ../dataset/cola/train/0.npz
Data length: 1
Time elapsed 0.00 min
Memory used: 7.16 GB
Loaded train data from ../dataset/cola/train/8.npz
Data length: 1
Time elapsed 0.00 min
Memory used: 7.16 GB
Loaded train data from ../dataset/cola/train/7.npz
Data length: 1
Time elapsed 0.01 min
Memory used: 7.16 GB
Loaded train data from ../dataset/cola/train/6.npz
Data length: 1
Time elapsed 0.00 min
Memory used: 7.16 GB
Loaded train data from ../dataset/cola/train/2.npz
Data length: 1
Time elapsed 0.00 min
Memory used: 7.16 GB
Loaded train data from ../dataset/cola/train/1.npz
Data length: 1
Time elapsed 0.01 min
Memory used: 7.16 GB
Loaded train data from ../dataset/cola/train/5.npz
Data length: 1
Time elapsed 0.01 min
Memory used: 7.16 GB
------------------------- time cost ------------------------- 10.807242155075073

-------------Round number: 21-------------

Evaluate global model
Loaded test data from ../dataset/cola/test/0.npz
Data length: 1
metric.compute(): {'accuracy': 0.7037037037037037}
ct, ns, auc: 0.7037037037037037, 0, 0
Loaded test data from ../dataset/cola/test/1.npz
Data length: 1
metric.compute(): {'accuracy': 0.736318407960199}
ct, ns, auc: 0.736318407960199, 0, 0
Loaded test data from ../dataset/cola/test/2.npz
Data length: 1
metric.compute(): {'accuracy': 0.75}
ct, ns, auc: 0.75, 0, 0
Loaded test data from ../dataset/cola/test/3.npz
Data length: 1
metric.compute(): {'accuracy': 0.7595628415300546}
ct, ns, auc: 0.7595628415300546, 0, 0
Loaded test data from ../dataset/cola/test/4.npz
Data length: 1
metric.compute(): {'accuracy': 0.4}
ct, ns, auc: 0.4, 0, 0
Loaded test data from ../dataset/cola/test/5.npz
Data length: 1
metric.compute(): {'accuracy': 0.8290155440414507}
ct, ns, auc: 0.8290155440414507, 0, 0
Loaded test data from ../dataset/cola/test/6.npz
Data length: 1
metric.compute(): {'accuracy': 0.8085106382978723}
ct, ns, auc: 0.8085106382978723, 0, 0
Loaded test data from ../dataset/cola/test/7.npz
Data length: 1
metric.compute(): {'accuracy': 0.775438596491228}
ct, ns, auc: 0.775438596491228, 0, 0
Loaded test data from ../dataset/cola/test/8.npz
Data length: 1
metric.compute(): {'accuracy': 0.6792452830188679}
ct, ns, auc: 0.6792452830188679, 0, 0
Loaded test data from ../dataset/cola/test/9.npz
Data length: 1
metric.compute(): {'accuracy': 0.8051948051948052}
ct, ns, auc: 0.8051948051948052, 0, 0
ids: [0, 1, 2, 3, 4, 5, 6, 7, 8, 9]
stats[1]: [0, 0, 0, 0, 0, 0, 0, 0, 0, 0]
stats[2]: [0.7037037037037037, 0.736318407960199, 0.75, 0.7595628415300546, 0.4, 0.8290155440414507, 0.8085106382978723, 0.775438596491228, 0.6792452830188679, 0.8051948051948052]
stats[3]: [0, 0, 0, 0, 0, 0, 0, 0, 0, 0]
Averaged Test Accuracy: 0.7247
Averaged Test AUC: 0.0000
Std Test Accuracy: 0.1233
Std Test AUC: 0.0000
Loaded train data from ../dataset/cola/train/5.npz
Data length: 1
Time elapsed 0.01 min
Memory used: 7.16 GB
Loaded train data from ../dataset/cola/train/3.npz
Data length: 1
Time elapsed 0.01 min
Memory used: 7.16 GB
Loaded train data from ../dataset/cola/train/6.npz
Data length: 1
Time elapsed 0.00 min
Memory used: 7.16 GB
Loaded train data from ../dataset/cola/train/8.npz
Data length: 1
Time elapsed 0.00 min
Memory used: 7.16 GB
Loaded train data from ../dataset/cola/train/1.npz
Data length: 1
Time elapsed 0.01 min
Memory used: 7.16 GB
Loaded train data from ../dataset/cola/train/2.npz
Data length: 1
Time elapsed 0.00 min
Memory used: 7.16 GB
Loaded train data from ../dataset/cola/train/7.npz
Data length: 1
Time elapsed 0.01 min
Memory used: 7.16 GB
Loaded train data from ../dataset/cola/train/0.npz
Data length: 1
Time elapsed 0.00 min
Memory used: 7.16 GB
Loaded train data from ../dataset/cola/train/4.npz
Data length: 1
Time elapsed 0.00 min
Memory used: 7.16 GB
Loaded train data from ../dataset/cola/train/9.npz
Data length: 1
Time elapsed 0.00 min
Memory used: 7.16 GB
------------------------- time cost ------------------------- 10.879054546356201

-------------Round number: 22-------------

Evaluate global model
Loaded test data from ../dataset/cola/test/0.npz
Data length: 1
metric.compute(): {'accuracy': 0.6984126984126984}
ct, ns, auc: 0.6984126984126984, 0, 0
Loaded test data from ../dataset/cola/test/1.npz
Data length: 1
metric.compute(): {'accuracy': 0.7388059701492538}
ct, ns, auc: 0.7388059701492538, 0, 0
Loaded test data from ../dataset/cola/test/2.npz
Data length: 1
metric.compute(): {'accuracy': 0.7375}
ct, ns, auc: 0.7375, 0, 0
Loaded test data from ../dataset/cola/test/3.npz
Data length: 1
metric.compute(): {'accuracy': 0.7691256830601093}
ct, ns, auc: 0.7691256830601093, 0, 0
Loaded test data from ../dataset/cola/test/4.npz
Data length: 1
metric.compute(): {'accuracy': 0.5}
ct, ns, auc: 0.5, 0, 0
Loaded test data from ../dataset/cola/test/5.npz
Data length: 1
metric.compute(): {'accuracy': 0.8341968911917098}
ct, ns, auc: 0.8341968911917098, 0, 0
Loaded test data from ../dataset/cola/test/6.npz
Data length: 1
metric.compute(): {'accuracy': 0.8138297872340425}
ct, ns, auc: 0.8138297872340425, 0, 0
Loaded test data from ../dataset/cola/test/7.npz
Data length: 1
metric.compute(): {'accuracy': 0.775438596491228}
ct, ns, auc: 0.775438596491228, 0, 0
Loaded test data from ../dataset/cola/test/8.npz
Data length: 1
metric.compute(): {'accuracy': 0.6981132075471698}
ct, ns, auc: 0.6981132075471698, 0, 0
Loaded test data from ../dataset/cola/test/9.npz
Data length: 1
metric.compute(): {'accuracy': 0.8051948051948052}
ct, ns, auc: 0.8051948051948052, 0, 0
ids: [0, 1, 2, 3, 4, 5, 6, 7, 8, 9]
stats[1]: [0, 0, 0, 0, 0, 0, 0, 0, 0, 0]
stats[2]: [0.6984126984126984, 0.7388059701492538, 0.7375, 0.7691256830601093, 0.5, 0.8341968911917098, 0.8138297872340425, 0.775438596491228, 0.6981132075471698, 0.8051948051948052]
stats[3]: [0, 0, 0, 0, 0, 0, 0, 0, 0, 0]
Averaged Test Accuracy: 0.7371
Averaged Test AUC: 0.0000
Std Test Accuracy: 0.0953
Std Test AUC: 0.0000
Loaded train data from ../dataset/cola/train/5.npz
Data length: 1
Time elapsed 0.01 min
Memory used: 7.16 GB
Loaded train data from ../dataset/cola/train/3.npz
Data length: 1
Time elapsed 0.01 min
Memory used: 7.16 GB
Loaded train data from ../dataset/cola/train/2.npz
Data length: 1
Time elapsed 0.00 min
Memory used: 7.16 GB
Loaded train data from ../dataset/cola/train/1.npz
Data length: 1
Time elapsed 0.01 min
Memory used: 7.16 GB
Loaded train data from ../dataset/cola/train/0.npz
Data length: 1
Time elapsed 0.00 min
Memory used: 7.16 GB
Loaded train data from ../dataset/cola/train/9.npz
Data length: 1
Time elapsed 0.00 min
Memory used: 7.16 GB
Loaded train data from ../dataset/cola/train/6.npz
Data length: 1
Time elapsed 0.00 min
Memory used: 7.16 GB
Loaded train data from ../dataset/cola/train/8.npz
Data length: 1
Time elapsed 0.00 min
Memory used: 7.16 GB
Loaded train data from ../dataset/cola/train/4.npz
Data length: 1
Time elapsed 0.00 min
Memory used: 7.16 GB
Loaded train data from ../dataset/cola/train/7.npz
Data length: 1
Time elapsed 0.01 min
Memory used: 7.16 GB
------------------------- time cost ------------------------- 11.52055549621582

-------------Round number: 23-------------

Evaluate global model
Loaded test data from ../dataset/cola/test/0.npz
Data length: 1
metric.compute(): {'accuracy': 0.7037037037037037}
ct, ns, auc: 0.7037037037037037, 0, 0
Loaded test data from ../dataset/cola/test/1.npz
Data length: 1
metric.compute(): {'accuracy': 0.7263681592039801}
ct, ns, auc: 0.7263681592039801, 0, 0
Loaded test data from ../dataset/cola/test/2.npz
Data length: 1
metric.compute(): {'accuracy': 0.725}
ct, ns, auc: 0.725, 0, 0
Loaded test data from ../dataset/cola/test/3.npz
Data length: 1
metric.compute(): {'accuracy': 0.7636612021857924}
ct, ns, auc: 0.7636612021857924, 0, 0
Loaded test data from ../dataset/cola/test/4.npz
Data length: 1
metric.compute(): {'accuracy': 0.5}
ct, ns, auc: 0.5, 0, 0
Loaded test data from ../dataset/cola/test/5.npz
Data length: 1
metric.compute(): {'accuracy': 0.8341968911917098}
ct, ns, auc: 0.8341968911917098, 0, 0
Loaded test data from ../dataset/cola/test/6.npz
Data length: 1
metric.compute(): {'accuracy': 0.8085106382978723}
ct, ns, auc: 0.8085106382978723, 0, 0
Loaded test data from ../dataset/cola/test/7.npz
Data length: 1
metric.compute(): {'accuracy': 0.7719298245614035}
ct, ns, auc: 0.7719298245614035, 0, 0
Loaded test data from ../dataset/cola/test/8.npz
Data length: 1
metric.compute(): {'accuracy': 0.660377358490566}
ct, ns, auc: 0.660377358490566, 0, 0
Loaded test data from ../dataset/cola/test/9.npz
Data length: 1
metric.compute(): {'accuracy': 0.8051948051948052}
ct, ns, auc: 0.8051948051948052, 0, 0
ids: [0, 1, 2, 3, 4, 5, 6, 7, 8, 9]
stats[1]: [0, 0, 0, 0, 0, 0, 0, 0, 0, 0]
stats[2]: [0.7037037037037037, 0.7263681592039801, 0.725, 0.7636612021857924, 0.5, 0.8341968911917098, 0.8085106382978723, 0.7719298245614035, 0.660377358490566, 0.8051948051948052]
stats[3]: [0, 0, 0, 0, 0, 0, 0, 0, 0, 0]
Averaged Test Accuracy: 0.7299
Averaged Test AUC: 0.0000
Std Test Accuracy: 0.0966
Std Test AUC: 0.0000
Loaded train data from ../dataset/cola/train/8.npz
Data length: 1
Time elapsed 0.00 min
Memory used: 7.16 GB
Loaded train data from ../dataset/cola/train/0.npz
Data length: 1
Time elapsed 0.00 min
Memory used: 7.16 GB
Loaded train data from ../dataset/cola/train/7.npz
Data length: 1
Time elapsed 0.01 min
Memory used: 7.16 GB
Loaded train data from ../dataset/cola/train/1.npz
Data length: 1
Time elapsed 0.01 min
Memory used: 7.16 GB
Loaded train data from ../dataset/cola/train/4.npz
Data length: 1
Time elapsed 0.00 min
Memory used: 7.16 GB
Loaded train data from ../dataset/cola/train/2.npz
Data length: 1
Time elapsed 0.00 min
Memory used: 7.16 GB
Loaded train data from ../dataset/cola/train/5.npz
Data length: 1
Time elapsed 0.01 min
Memory used: 7.16 GB
Loaded train data from ../dataset/cola/train/6.npz
Data length: 1
Time elapsed 0.00 min
Memory used: 7.16 GB
Loaded train data from ../dataset/cola/train/9.npz
Data length: 1
Time elapsed 0.00 min
Memory used: 7.16 GB
Loaded train data from ../dataset/cola/train/3.npz
Data length: 1
Time elapsed 0.01 min
Memory used: 7.16 GB
------------------------- time cost ------------------------- 11.453099012374878

-------------Round number: 24-------------

Evaluate global model
Loaded test data from ../dataset/cola/test/0.npz
Data length: 1
metric.compute(): {'accuracy': 0.7037037037037037}
ct, ns, auc: 0.7037037037037037, 0, 0
Loaded test data from ../dataset/cola/test/1.npz
Data length: 1
metric.compute(): {'accuracy': 0.7313432835820896}
ct, ns, auc: 0.7313432835820896, 0, 0
Loaded test data from ../dataset/cola/test/2.npz
Data length: 1
metric.compute(): {'accuracy': 0.75}
ct, ns, auc: 0.75, 0, 0
Loaded test data from ../dataset/cola/test/3.npz
Data length: 1
metric.compute(): {'accuracy': 0.7636612021857924}
ct, ns, auc: 0.7636612021857924, 0, 0
Loaded test data from ../dataset/cola/test/4.npz
Data length: 1
metric.compute(): {'accuracy': 0.5}
ct, ns, auc: 0.5, 0, 0
Loaded test data from ../dataset/cola/test/5.npz
Data length: 1
metric.compute(): {'accuracy': 0.8316062176165803}
ct, ns, auc: 0.8316062176165803, 0, 0
Loaded test data from ../dataset/cola/test/6.npz
Data length: 1
metric.compute(): {'accuracy': 0.8404255319148937}
ct, ns, auc: 0.8404255319148937, 0, 0
Loaded test data from ../dataset/cola/test/7.npz
Data length: 1
metric.compute(): {'accuracy': 0.7859649122807018}
ct, ns, auc: 0.7859649122807018, 0, 0
Loaded test data from ../dataset/cola/test/8.npz
Data length: 1
metric.compute(): {'accuracy': 0.6415094339622641}
ct, ns, auc: 0.6415094339622641, 0, 0
Loaded test data from ../dataset/cola/test/9.npz
Data length: 1
metric.compute(): {'accuracy': 0.8051948051948052}
ct, ns, auc: 0.8051948051948052, 0, 0
ids: [0, 1, 2, 3, 4, 5, 6, 7, 8, 9]
stats[1]: [0, 0, 0, 0, 0, 0, 0, 0, 0, 0]
stats[2]: [0.7037037037037037, 0.7313432835820896, 0.75, 0.7636612021857924, 0.5, 0.8316062176165803, 0.8404255319148937, 0.7859649122807018, 0.6415094339622641, 0.8051948051948052]
stats[3]: [0, 0, 0, 0, 0, 0, 0, 0, 0, 0]
Averaged Test Accuracy: 0.7353
Averaged Test AUC: 0.0000
Std Test Accuracy: 0.1022
Std Test AUC: 0.0000
Loaded train data from ../dataset/cola/train/9.npz
Data length: 1
Time elapsed 0.00 min
Memory used: 7.16 GB
Loaded train data from ../dataset/cola/train/5.npz
Data length: 1
Time elapsed 0.01 min
Memory used: 7.16 GB
Loaded train data from ../dataset/cola/train/3.npz
Data length: 1
Time elapsed 0.01 min
Memory used: 7.16 GB
Loaded train data from ../dataset/cola/train/1.npz
Data length: 1
Time elapsed 0.01 min
Memory used: 7.16 GB
Loaded train data from ../dataset/cola/train/0.npz
Data length: 1
Time elapsed 0.00 min
Memory used: 7.16 GB
Loaded train data from ../dataset/cola/train/7.npz
Data length: 1
Time elapsed 0.01 min
Memory used: 7.16 GB
Loaded train data from ../dataset/cola/train/6.npz
Data length: 1
Time elapsed 0.00 min
Memory used: 7.16 GB
Loaded train data from ../dataset/cola/train/4.npz
Data length: 1
Time elapsed 0.00 min
Memory used: 7.16 GB
Loaded train data from ../dataset/cola/train/8.npz
Data length: 1
Time elapsed 0.00 min
Memory used: 7.16 GB
Loaded train data from ../dataset/cola/train/2.npz
Data length: 1
Time elapsed 0.00 min
Memory used: 7.16 GB
------------------------- time cost ------------------------- 10.812336444854736

-------------Round number: 25-------------

Evaluate global model
Loaded test data from ../dataset/cola/test/0.npz
Data length: 1
metric.compute(): {'accuracy': 0.6984126984126984}
ct, ns, auc: 0.6984126984126984, 0, 0
Loaded test data from ../dataset/cola/test/1.npz
Data length: 1
metric.compute(): {'accuracy': 0.7338308457711443}
ct, ns, auc: 0.7338308457711443, 0, 0
Loaded test data from ../dataset/cola/test/2.npz
Data length: 1
metric.compute(): {'accuracy': 0.75}
ct, ns, auc: 0.75, 0, 0
Loaded test data from ../dataset/cola/test/3.npz
Data length: 1
metric.compute(): {'accuracy': 0.7609289617486339}
ct, ns, auc: 0.7609289617486339, 0, 0
Loaded test data from ../dataset/cola/test/4.npz
Data length: 1
metric.compute(): {'accuracy': 0.6}
ct, ns, auc: 0.6, 0, 0
Loaded test data from ../dataset/cola/test/5.npz
Data length: 1
metric.compute(): {'accuracy': 0.844559585492228}
ct, ns, auc: 0.844559585492228, 0, 0
Loaded test data from ../dataset/cola/test/6.npz
Data length: 1
metric.compute(): {'accuracy': 0.8404255319148937}
ct, ns, auc: 0.8404255319148937, 0, 0
Loaded test data from ../dataset/cola/test/7.npz
Data length: 1
metric.compute(): {'accuracy': 0.7824561403508772}
ct, ns, auc: 0.7824561403508772, 0, 0
Loaded test data from ../dataset/cola/test/8.npz
Data length: 1
metric.compute(): {'accuracy': 0.6415094339622641}
ct, ns, auc: 0.6415094339622641, 0, 0
Loaded test data from ../dataset/cola/test/9.npz
Data length: 1
metric.compute(): {'accuracy': 0.8051948051948052}
ct, ns, auc: 0.8051948051948052, 0, 0
ids: [0, 1, 2, 3, 4, 5, 6, 7, 8, 9]
stats[1]: [0, 0, 0, 0, 0, 0, 0, 0, 0, 0]
stats[2]: [0.6984126984126984, 0.7338308457711443, 0.75, 0.7609289617486339, 0.6, 0.844559585492228, 0.8404255319148937, 0.7824561403508772, 0.6415094339622641, 0.8051948051948052]
stats[3]: [0, 0, 0, 0, 0, 0, 0, 0, 0, 0]
Averaged Test Accuracy: 0.7457
Averaged Test AUC: 0.0000
Std Test Accuracy: 0.0805
Std Test AUC: 0.0000
Loaded train data from ../dataset/cola/train/5.npz
Data length: 1
Time elapsed 0.01 min
Memory used: 7.16 GB
Loaded train data from ../dataset/cola/train/0.npz
Data length: 1
Time elapsed 0.00 min
Memory used: 7.16 GB
Loaded train data from ../dataset/cola/train/1.npz
Data length: 1
