GPU details saved to $output_file
__TORCH Version: 2.3.1+cu121
__CUDNN Version: 8902
__CUDA version:  12.1
__Number CUDA Devices: 1
__CUDA Device Name: NVIDIA A100-SXM4-40GB
__CUDA Device Total Memory [GB]: 42.297786368
__CUDA Device Total Memory [GB]: 42.297786368
args.dataset: cola
args.num_labels: 2
==================================================
Personalized Federated Learning: True
Uniform Weight: False
Normalized Rank: False
Normalized Alpha: False
lora_rank: 1
lora_alpha: 8
lora_dropout: 0.1
lora_query: True
lora_key: True
lora_value: True
lora_projection: True
lora_mlp: True
lora_head: True
aa_bottleneck_reduction: 1
aa_text: False
aa_vision: False
ca_bottleneck_reduction: 4
ca_text: False
ca_vision: False
Seed: 42
Algorithm: flora
Local batch size: 128
Local epochs: 1
Local learing rate: 0.0005
Local learing rate decay: False
Total number of clients: 10
Clients join in each round: 1.0
Clients randomly join: False
Client drop rate: 0.0
Client select regarding time: False
Running times: 1
Dataset: cola
Number of classes: 10
Backbone: distilbert
Using device: cuda
Using DP: False
Auto break: False
Global rounds: 50
Cuda device id: 1
DLG attack: False
Total number of new clients: 0
Fine tuning epoches on new clients: 0
==================================================

============= Running time: 0th =============
Creating server and clients ...
Loaded train data from ../dataset/cola/train/0.npz
Data length: 1
Loaded test data from ../dataset/cola/test/0.npz
Data length: 1
self.lora_params: {'rank': 1, 'alpha': 8, 'dropout': 0.1, 'lora_query': True, 'lora_key': True, 'lora_value': True, 'lora_projection': True, 'lora_mlp': True, 'lora_head': True}
Loaded train data from ../dataset/cola/train/1.npz
Data length: 1
Loaded test data from ../dataset/cola/test/1.npz
Data length: 1
self.lora_params: {'rank': 1, 'alpha': 8, 'dropout': 0.1, 'lora_query': True, 'lora_key': True, 'lora_value': True, 'lora_projection': True, 'lora_mlp': True, 'lora_head': True}
Loaded train data from ../dataset/cola/train/2.npz
Data length: 1
Loaded test data from ../dataset/cola/test/2.npz
Data length: 1
self.lora_params: {'rank': 1, 'alpha': 8, 'dropout': 0.1, 'lora_query': True, 'lora_key': True, 'lora_value': True, 'lora_projection': True, 'lora_mlp': True, 'lora_head': True}
Loaded train data from ../dataset/cola/train/3.npz
Data length: 1
Loaded test data from ../dataset/cola/test/3.npz
Data length: 1
self.lora_params: {'rank': 1, 'alpha': 8, 'dropout': 0.1, 'lora_query': True, 'lora_key': True, 'lora_value': True, 'lora_projection': True, 'lora_mlp': True, 'lora_head': True}
Loaded train data from ../dataset/cola/train/4.npz
Data length: 1
Loaded test data from ../dataset/cola/test/4.npz
Data length: 1
self.lora_params: {'rank': 1, 'alpha': 8, 'dropout': 0.1, 'lora_query': True, 'lora_key': True, 'lora_value': True, 'lora_projection': True, 'lora_mlp': True, 'lora_head': True}
Loaded train data from ../dataset/cola/train/5.npz
Data length: 1
Loaded test data from ../dataset/cola/test/5.npz
Data length: 1
self.lora_params: {'rank': 1, 'alpha': 8, 'dropout': 0.1, 'lora_query': True, 'lora_key': True, 'lora_value': True, 'lora_projection': True, 'lora_mlp': True, 'lora_head': True}
Loaded train data from ../dataset/cola/train/6.npz
Data length: 1
Loaded test data from ../dataset/cola/test/6.npz
Data length: 1
self.lora_params: {'rank': 1, 'alpha': 8, 'dropout': 0.1, 'lora_query': True, 'lora_key': True, 'lora_value': True, 'lora_projection': True, 'lora_mlp': True, 'lora_head': True}
Loaded train data from ../dataset/cola/train/7.npz
Data length: 1
Loaded test data from ../dataset/cola/test/7.npz
Data length: 1
self.lora_params: {'rank': 1, 'alpha': 8, 'dropout': 0.1, 'lora_query': True, 'lora_key': True, 'lora_value': True, 'lora_projection': True, 'lora_mlp': True, 'lora_head': True}
Loaded train data from ../dataset/cola/train/8.npz
Data length: 1
Loaded test data from ../dataset/cola/test/8.npz
Data length: 1
self.lora_params: {'rank': 1, 'alpha': 8, 'dropout': 0.1, 'lora_query': True, 'lora_key': True, 'lora_value': True, 'lora_projection': True, 'lora_mlp': True, 'lora_head': True}
Loaded train data from ../dataset/cola/train/9.npz
Data length: 1
Loaded test data from ../dataset/cola/test/9.npz
Data length: 1
self.lora_params: {'rank': 1, 'alpha': 8, 'dropout': 0.1, 'lora_query': True, 'lora_key': True, 'lora_value': True, 'lora_projection': True, 'lora_mlp': True, 'lora_head': True}

Join ratio / total clients: 1.0 / 10
Finished creating server and clients.

-------------Round number: 0-------------

Evaluate global model
Loaded test data from ../dataset/cola/test/0.npz
Data length: 1
metric.compute(): {'accuracy': 0.6190476190476191}
ct, ns, auc: 0.6190476190476191, 0, 0
Loaded test data from ../dataset/cola/test/1.npz
Data length: 1
metric.compute(): {'accuracy': 0.527363184079602}
ct, ns, auc: 0.527363184079602, 0, 0
Loaded test data from ../dataset/cola/test/2.npz
Data length: 1
metric.compute(): {'accuracy': 0.675}
ct, ns, auc: 0.675, 0, 0
Loaded test data from ../dataset/cola/test/3.npz
Data length: 1
metric.compute(): {'accuracy': 0.6953551912568307}
ct, ns, auc: 0.6953551912568307, 0, 0
Loaded test data from ../dataset/cola/test/4.npz
Data length: 1
metric.compute(): {'accuracy': 0.6}
ct, ns, auc: 0.6, 0, 0
Loaded test data from ../dataset/cola/test/5.npz
Data length: 1
metric.compute(): {'accuracy': 0.21502590673575128}
ct, ns, auc: 0.21502590673575128, 0, 0
Loaded test data from ../dataset/cola/test/6.npz
Data length: 1
metric.compute(): {'accuracy': 0.2872340425531915}
ct, ns, auc: 0.2872340425531915, 0, 0
Loaded test data from ../dataset/cola/test/7.npz
Data length: 1
metric.compute(): {'accuracy': 0.6842105263157895}
ct, ns, auc: 0.6842105263157895, 0, 0
Loaded test data from ../dataset/cola/test/8.npz
Data length: 1
metric.compute(): {'accuracy': 0.6037735849056604}
ct, ns, auc: 0.6037735849056604, 0, 0
Loaded test data from ../dataset/cola/test/9.npz
Data length: 1
metric.compute(): {'accuracy': 0.24675324675324675}
ct, ns, auc: 0.24675324675324675, 0, 0
ids: [0, 1, 2, 3, 4, 5, 6, 7, 8, 9]
stats[1]: [0, 0, 0, 0, 0, 0, 0, 0, 0, 0]
stats[2]: [0.6190476190476191, 0.527363184079602, 0.675, 0.6953551912568307, 0.6, 0.21502590673575128, 0.2872340425531915, 0.6842105263157895, 0.6037735849056604, 0.24675324675324675]
stats[3]: [0, 0, 0, 0, 0, 0, 0, 0, 0, 0]
Averaged Test Accuracy: 0.5154
Averaged Test AUC: 0.0000
Std Test Accuracy: 0.1905
Std Test AUC: 0.0000
Loaded train data from ../dataset/cola/train/8.npz
Data length: 1
Time elapsed 0.00 min
Memory used: 5.20 GB
Loaded train data from ../dataset/cola/train/1.npz
Data length: 1
Time elapsed 0.01 min
Memory used: 6.94 GB
Loaded train data from ../dataset/cola/train/5.npz
Data length: 1
Time elapsed 0.01 min
Memory used: 6.95 GB
Loaded train data from ../dataset/cola/train/0.npz
Data length: 1
Time elapsed 0.00 min
Memory used: 6.95 GB
Loaded train data from ../dataset/cola/train/7.npz
Data length: 1
Time elapsed 0.01 min
Memory used: 6.95 GB
Loaded train data from ../dataset/cola/train/2.npz
Data length: 1
Time elapsed 0.00 min
Memory used: 6.95 GB
Loaded train data from ../dataset/cola/train/9.npz
Data length: 1
Time elapsed 0.00 min
Memory used: 6.95 GB
Loaded train data from ../dataset/cola/train/4.npz
Data length: 1
Time elapsed 0.00 min
Memory used: 7.01 GB
Loaded train data from ../dataset/cola/train/3.npz
Data length: 1
Time elapsed 0.01 min
Memory used: 7.01 GB
Loaded train data from ../dataset/cola/train/6.npz
Data length: 1
Time elapsed 0.00 min
Memory used: 7.01 GB
------------------------- time cost ------------------------- 15.75112771987915

-------------Round number: 1-------------

Evaluate global model
Loaded test data from ../dataset/cola/test/0.npz
Data length: 1
metric.compute(): {'accuracy': 0.6825396825396826}
ct, ns, auc: 0.6825396825396826, 0, 0
Loaded test data from ../dataset/cola/test/1.npz
Data length: 1
metric.compute(): {'accuracy': 0.6616915422885572}
ct, ns, auc: 0.6616915422885572, 0, 0
Loaded test data from ../dataset/cola/test/2.npz
Data length: 1
metric.compute(): {'accuracy': 0.675}
ct, ns, auc: 0.675, 0, 0
Loaded test data from ../dataset/cola/test/3.npz
Data length: 1
metric.compute(): {'accuracy': 0.6994535519125683}
ct, ns, auc: 0.6994535519125683, 0, 0
Loaded test data from ../dataset/cola/test/4.npz
Data length: 1
metric.compute(): {'accuracy': 0.8}
ct, ns, auc: 0.8, 0, 0
Loaded test data from ../dataset/cola/test/5.npz
Data length: 1
metric.compute(): {'accuracy': 0.7849740932642487}
ct, ns, auc: 0.7849740932642487, 0, 0
Loaded test data from ../dataset/cola/test/6.npz
Data length: 1
metric.compute(): {'accuracy': 0.2872340425531915}
ct, ns, auc: 0.2872340425531915, 0, 0
Loaded test data from ../dataset/cola/test/7.npz
Data length: 1
metric.compute(): {'accuracy': 0.6842105263157895}
ct, ns, auc: 0.6842105263157895, 0, 0
Loaded test data from ../dataset/cola/test/8.npz
Data length: 1
metric.compute(): {'accuracy': 0.6037735849056604}
ct, ns, auc: 0.6037735849056604, 0, 0
Loaded test data from ../dataset/cola/test/9.npz
Data length: 1
metric.compute(): {'accuracy': 0.24675324675324675}
ct, ns, auc: 0.24675324675324675, 0, 0
ids: [0, 1, 2, 3, 4, 5, 6, 7, 8, 9]
stats[1]: [0, 0, 0, 0, 0, 0, 0, 0, 0, 0]
stats[2]: [0.6825396825396826, 0.6616915422885572, 0.675, 0.6994535519125683, 0.8, 0.7849740932642487, 0.2872340425531915, 0.6842105263157895, 0.6037735849056604, 0.24675324675324675]
stats[3]: [0, 0, 0, 0, 0, 0, 0, 0, 0, 0]
Averaged Test Accuracy: 0.6126
Averaged Test AUC: 0.0000
Std Test Accuracy: 0.1910
Std Test AUC: 0.0000
Loaded train data from ../dataset/cola/train/0.npz
Data length: 1
Time elapsed 0.00 min
Memory used: 7.01 GB
Loaded train data from ../dataset/cola/train/1.npz
Data length: 1
Time elapsed 0.01 min
Memory used: 7.01 GB
Loaded train data from ../dataset/cola/train/7.npz
Data length: 1
Time elapsed 0.01 min
Memory used: 7.01 GB
Loaded train data from ../dataset/cola/train/8.npz
Data length: 1
Time elapsed 0.00 min
Memory used: 7.01 GB
Loaded train data from ../dataset/cola/train/3.npz
Data length: 1
Time elapsed 0.01 min
Memory used: 7.01 GB
Loaded train data from ../dataset/cola/train/9.npz
Data length: 1
Time elapsed 0.00 min
Memory used: 7.01 GB
Loaded train data from ../dataset/cola/train/5.npz
Data length: 1
Time elapsed 0.01 min
Memory used: 7.01 GB
Loaded train data from ../dataset/cola/train/6.npz
Data length: 1
Time elapsed 0.00 min
Memory used: 7.01 GB
Loaded train data from ../dataset/cola/train/4.npz
Data length: 1
Time elapsed 0.00 min
Memory used: 7.01 GB
Loaded train data from ../dataset/cola/train/2.npz
Data length: 1
Time elapsed 0.00 min
Memory used: 7.01 GB
------------------------- time cost ------------------------- 11.361386060714722

-------------Round number: 2-------------

Evaluate global model
Loaded test data from ../dataset/cola/test/0.npz
Data length: 1
metric.compute(): {'accuracy': 0.6825396825396826}
ct, ns, auc: 0.6825396825396826, 0, 0
Loaded test data from ../dataset/cola/test/1.npz
Data length: 1
metric.compute(): {'accuracy': 0.6616915422885572}
ct, ns, auc: 0.6616915422885572, 0, 0
Loaded test data from ../dataset/cola/test/2.npz
Data length: 1
metric.compute(): {'accuracy': 0.675}
ct, ns, auc: 0.675, 0, 0
Loaded test data from ../dataset/cola/test/3.npz
Data length: 1
metric.compute(): {'accuracy': 0.6994535519125683}
ct, ns, auc: 0.6994535519125683, 0, 0
Loaded test data from ../dataset/cola/test/4.npz
Data length: 1
metric.compute(): {'accuracy': 0.8}
ct, ns, auc: 0.8, 0, 0
Loaded test data from ../dataset/cola/test/5.npz
Data length: 1
metric.compute(): {'accuracy': 0.7849740932642487}
ct, ns, auc: 0.7849740932642487, 0, 0
Loaded test data from ../dataset/cola/test/6.npz
Data length: 1
metric.compute(): {'accuracy': 0.2872340425531915}
ct, ns, auc: 0.2872340425531915, 0, 0
Loaded test data from ../dataset/cola/test/7.npz
Data length: 1
metric.compute(): {'accuracy': 0.6842105263157895}
ct, ns, auc: 0.6842105263157895, 0, 0
Loaded test data from ../dataset/cola/test/8.npz
Data length: 1
metric.compute(): {'accuracy': 0.6037735849056604}
ct, ns, auc: 0.6037735849056604, 0, 0
Loaded test data from ../dataset/cola/test/9.npz
Data length: 1
metric.compute(): {'accuracy': 0.24675324675324675}
ct, ns, auc: 0.24675324675324675, 0, 0
ids: [0, 1, 2, 3, 4, 5, 6, 7, 8, 9]
stats[1]: [0, 0, 0, 0, 0, 0, 0, 0, 0, 0]
stats[2]: [0.6825396825396826, 0.6616915422885572, 0.675, 0.6994535519125683, 0.8, 0.7849740932642487, 0.2872340425531915, 0.6842105263157895, 0.6037735849056604, 0.24675324675324675]
stats[3]: [0, 0, 0, 0, 0, 0, 0, 0, 0, 0]
Averaged Test Accuracy: 0.6126
Averaged Test AUC: 0.0000
Std Test Accuracy: 0.1910
Std Test AUC: 0.0000
Loaded train data from ../dataset/cola/train/9.npz
Data length: 1
Time elapsed 0.00 min
Memory used: 7.01 GB
Loaded train data from ../dataset/cola/train/0.npz
Data length: 1
Time elapsed 0.00 min
Memory used: 7.01 GB
Loaded train data from ../dataset/cola/train/4.npz
Data length: 1
Time elapsed 0.00 min
Memory used: 7.01 GB
Loaded train data from ../dataset/cola/train/3.npz
Data length: 1
Time elapsed 0.01 min
Memory used: 7.01 GB
Loaded train data from ../dataset/cola/train/1.npz
Data length: 1
Time elapsed 0.01 min
Memory used: 7.01 GB
Loaded train data from ../dataset/cola/train/5.npz
Data length: 1
Time elapsed 0.01 min
Memory used: 7.01 GB
Loaded train data from ../dataset/cola/train/6.npz
Data length: 1
Time elapsed 0.00 min
Memory used: 7.01 GB
Loaded train data from ../dataset/cola/train/7.npz
Data length: 1
Time elapsed 0.01 min
Memory used: 7.01 GB
Loaded train data from ../dataset/cola/train/8.npz
Data length: 1
Time elapsed 0.00 min
Memory used: 7.01 GB
Loaded train data from ../dataset/cola/train/2.npz
Data length: 1
Time elapsed 0.00 min
Memory used: 7.01 GB
------------------------- time cost ------------------------- 15.992594242095947

-------------Round number: 3-------------

Evaluate global model
Loaded test data from ../dataset/cola/test/0.npz
Data length: 1
metric.compute(): {'accuracy': 0.6825396825396826}
ct, ns, auc: 0.6825396825396826, 0, 0
Loaded test data from ../dataset/cola/test/1.npz
Data length: 1
metric.compute(): {'accuracy': 0.6616915422885572}
ct, ns, auc: 0.6616915422885572, 0, 0
Loaded test data from ../dataset/cola/test/2.npz
Data length: 1
metric.compute(): {'accuracy': 0.675}
ct, ns, auc: 0.675, 0, 0
Loaded test data from ../dataset/cola/test/3.npz
Data length: 1
metric.compute(): {'accuracy': 0.6994535519125683}
ct, ns, auc: 0.6994535519125683, 0, 0
Loaded test data from ../dataset/cola/test/4.npz
Data length: 1
metric.compute(): {'accuracy': 0.8}
ct, ns, auc: 0.8, 0, 0
Loaded test data from ../dataset/cola/test/5.npz
Data length: 1
metric.compute(): {'accuracy': 0.7849740932642487}
ct, ns, auc: 0.7849740932642487, 0, 0
Loaded test data from ../dataset/cola/test/6.npz
Data length: 1
metric.compute(): {'accuracy': 0.7127659574468085}
ct, ns, auc: 0.7127659574468085, 0, 0
Loaded test data from ../dataset/cola/test/7.npz
Data length: 1
metric.compute(): {'accuracy': 0.6842105263157895}
ct, ns, auc: 0.6842105263157895, 0, 0
Loaded test data from ../dataset/cola/test/8.npz
Data length: 1
metric.compute(): {'accuracy': 0.6037735849056604}
ct, ns, auc: 0.6037735849056604, 0, 0
Loaded test data from ../dataset/cola/test/9.npz
Data length: 1
metric.compute(): {'accuracy': 0.24675324675324675}
ct, ns, auc: 0.24675324675324675, 0, 0
ids: [0, 1, 2, 3, 4, 5, 6, 7, 8, 9]
stats[1]: [0, 0, 0, 0, 0, 0, 0, 0, 0, 0]
stats[2]: [0.6825396825396826, 0.6616915422885572, 0.675, 0.6994535519125683, 0.8, 0.7849740932642487, 0.7127659574468085, 0.6842105263157895, 0.6037735849056604, 0.24675324675324675]
stats[3]: [0, 0, 0, 0, 0, 0, 0, 0, 0, 0]
Averaged Test Accuracy: 0.6551
Averaged Test AUC: 0.0000
Std Test Accuracy: 0.1544
Std Test AUC: 0.0000
Loaded train data from ../dataset/cola/train/5.npz
Data length: 1
Time elapsed 0.01 min
Memory used: 7.01 GB
Loaded train data from ../dataset/cola/train/8.npz
Data length: 1
Time elapsed 0.00 min
Memory used: 7.01 GB
Loaded train data from ../dataset/cola/train/0.npz
Data length: 1
Time elapsed 0.00 min
Memory used: 7.01 GB
Loaded train data from ../dataset/cola/train/4.npz
Data length: 1
Time elapsed 0.00 min
Memory used: 7.01 GB
Loaded train data from ../dataset/cola/train/7.npz
Data length: 1
Time elapsed 0.01 min
Memory used: 7.01 GB
Loaded train data from ../dataset/cola/train/2.npz
Data length: 1
Time elapsed 0.00 min
Memory used: 7.01 GB
Loaded train data from ../dataset/cola/train/6.npz
Data length: 1
Time elapsed 0.00 min
Memory used: 7.01 GB
Loaded train data from ../dataset/cola/train/1.npz
Data length: 1
Time elapsed 0.01 min
Memory used: 7.01 GB
Loaded train data from ../dataset/cola/train/3.npz
Data length: 1
Time elapsed 0.01 min
Memory used: 7.01 GB
Loaded train data from ../dataset/cola/train/9.npz
Data length: 1
Time elapsed 0.00 min
Memory used: 7.01 GB
------------------------- time cost ------------------------- 11.631083011627197

-------------Round number: 4-------------

Evaluate global model
Loaded test data from ../dataset/cola/test/0.npz
Data length: 1
metric.compute(): {'accuracy': 0.6825396825396826}
ct, ns, auc: 0.6825396825396826, 0, 0
Loaded test data from ../dataset/cola/test/1.npz
Data length: 1
metric.compute(): {'accuracy': 0.6616915422885572}
ct, ns, auc: 0.6616915422885572, 0, 0
Loaded test data from ../dataset/cola/test/2.npz
Data length: 1
metric.compute(): {'accuracy': 0.675}
ct, ns, auc: 0.675, 0, 0
Loaded test data from ../dataset/cola/test/3.npz
Data length: 1
metric.compute(): {'accuracy': 0.6994535519125683}
ct, ns, auc: 0.6994535519125683, 0, 0
Loaded test data from ../dataset/cola/test/4.npz
Data length: 1
metric.compute(): {'accuracy': 0.8}
ct, ns, auc: 0.8, 0, 0
Loaded test data from ../dataset/cola/test/5.npz
Data length: 1
metric.compute(): {'accuracy': 0.7849740932642487}
ct, ns, auc: 0.7849740932642487, 0, 0
Loaded test data from ../dataset/cola/test/6.npz
Data length: 1
metric.compute(): {'accuracy': 0.7127659574468085}
ct, ns, auc: 0.7127659574468085, 0, 0
Loaded test data from ../dataset/cola/test/7.npz
Data length: 1
metric.compute(): {'accuracy': 0.6842105263157895}
ct, ns, auc: 0.6842105263157895, 0, 0
Loaded test data from ../dataset/cola/test/8.npz
Data length: 1
metric.compute(): {'accuracy': 0.6037735849056604}
ct, ns, auc: 0.6037735849056604, 0, 0
Loaded test data from ../dataset/cola/test/9.npz
Data length: 1
metric.compute(): {'accuracy': 0.2597402597402597}
ct, ns, auc: 0.2597402597402597, 0, 0
ids: [0, 1, 2, 3, 4, 5, 6, 7, 8, 9]
stats[1]: [0, 0, 0, 0, 0, 0, 0, 0, 0, 0]
stats[2]: [0.6825396825396826, 0.6616915422885572, 0.675, 0.6994535519125683, 0.8, 0.7849740932642487, 0.7127659574468085, 0.6842105263157895, 0.6037735849056604, 0.2597402597402597]
stats[3]: [0, 0, 0, 0, 0, 0, 0, 0, 0, 0]
Averaged Test Accuracy: 0.6564
Averaged Test AUC: 0.0000
Std Test Accuracy: 0.1506
Std Test AUC: 0.0000
Loaded train data from ../dataset/cola/train/0.npz
Data length: 1
Time elapsed 0.00 min
Memory used: 7.01 GB
Loaded train data from ../dataset/cola/train/6.npz
Data length: 1
Time elapsed 0.00 min
Memory used: 7.01 GB
Loaded train data from ../dataset/cola/train/8.npz
Data length: 1
Time elapsed 0.00 min
Memory used: 7.01 GB
Loaded train data from ../dataset/cola/train/5.npz
Data length: 1
Time elapsed 0.01 min
Memory used: 7.01 GB
Loaded train data from ../dataset/cola/train/4.npz
Data length: 1
Time elapsed 0.00 min
Memory used: 7.01 GB
Loaded train data from ../dataset/cola/train/2.npz
Data length: 1
Time elapsed 0.00 min
Memory used: 7.01 GB
Loaded train data from ../dataset/cola/train/7.npz
Data length: 1
Time elapsed 0.01 min
Memory used: 7.01 GB
Loaded train data from ../dataset/cola/train/9.npz
Data length: 1
Time elapsed 0.00 min
Memory used: 7.01 GB
Loaded train data from ../dataset/cola/train/1.npz
Data length: 1
Time elapsed 0.01 min
Memory used: 7.01 GB
Loaded train data from ../dataset/cola/train/3.npz
Data length: 1
Time elapsed 0.01 min
Memory used: 7.01 GB
------------------------- time cost ------------------------- 13.445910692214966

-------------Round number: 5-------------

Evaluate global model
Loaded test data from ../dataset/cola/test/0.npz
Data length: 1
metric.compute(): {'accuracy': 0.6825396825396826}
ct, ns, auc: 0.6825396825396826, 0, 0
Loaded test data from ../dataset/cola/test/1.npz
Data length: 1
metric.compute(): {'accuracy': 0.6616915422885572}
ct, ns, auc: 0.6616915422885572, 0, 0
Loaded test data from ../dataset/cola/test/2.npz
Data length: 1
metric.compute(): {'accuracy': 0.675}
ct, ns, auc: 0.675, 0, 0
Loaded test data from ../dataset/cola/test/3.npz
Data length: 1
metric.compute(): {'accuracy': 0.6994535519125683}
ct, ns, auc: 0.6994535519125683, 0, 0
Loaded test data from ../dataset/cola/test/4.npz
Data length: 1
metric.compute(): {'accuracy': 0.8}
ct, ns, auc: 0.8, 0, 0
Loaded test data from ../dataset/cola/test/5.npz
Data length: 1
metric.compute(): {'accuracy': 0.7849740932642487}
ct, ns, auc: 0.7849740932642487, 0, 0
Loaded test data from ../dataset/cola/test/6.npz
Data length: 1
metric.compute(): {'accuracy': 0.7127659574468085}
ct, ns, auc: 0.7127659574468085, 0, 0
Loaded test data from ../dataset/cola/test/7.npz
Data length: 1
metric.compute(): {'accuracy': 0.6842105263157895}
ct, ns, auc: 0.6842105263157895, 0, 0
Loaded test data from ../dataset/cola/test/8.npz
Data length: 1
metric.compute(): {'accuracy': 0.6037735849056604}
ct, ns, auc: 0.6037735849056604, 0, 0
Loaded test data from ../dataset/cola/test/9.npz
Data length: 1
metric.compute(): {'accuracy': 0.24675324675324675}
ct, ns, auc: 0.24675324675324675, 0, 0
ids: [0, 1, 2, 3, 4, 5, 6, 7, 8, 9]
stats[1]: [0, 0, 0, 0, 0, 0, 0, 0, 0, 0]
stats[2]: [0.6825396825396826, 0.6616915422885572, 0.675, 0.6994535519125683, 0.8, 0.7849740932642487, 0.7127659574468085, 0.6842105263157895, 0.6037735849056604, 0.24675324675324675]
stats[3]: [0, 0, 0, 0, 0, 0, 0, 0, 0, 0]
Averaged Test Accuracy: 0.6551
Averaged Test AUC: 0.0000
Std Test Accuracy: 0.1544
Std Test AUC: 0.0000
Loaded train data from ../dataset/cola/train/7.npz
Data length: 1
Time elapsed 0.01 min
Memory used: 7.01 GB
Loaded train data from ../dataset/cola/train/9.npz
Data length: 1
Time elapsed 0.00 min
Memory used: 7.01 GB
Loaded train data from ../dataset/cola/train/6.npz
Data length: 1
Time elapsed 0.00 min
Memory used: 7.01 GB
Loaded train data from ../dataset/cola/train/8.npz
Data length: 1
Time elapsed 0.00 min
Memory used: 7.01 GB
Loaded train data from ../dataset/cola/train/0.npz
Data length: 1
Time elapsed 0.00 min
Memory used: 7.01 GB
Loaded train data from ../dataset/cola/train/4.npz
Data length: 1
Time elapsed 0.00 min
Memory used: 7.01 GB
Loaded train data from ../dataset/cola/train/3.npz
Data length: 1
Time elapsed 0.01 min
Memory used: 7.01 GB
Loaded train data from ../dataset/cola/train/2.npz
Data length: 1
Time elapsed 0.00 min
Memory used: 7.01 GB
Loaded train data from ../dataset/cola/train/5.npz
Data length: 1
Time elapsed 0.01 min
Memory used: 7.01 GB
Loaded train data from ../dataset/cola/train/1.npz
Data length: 1
Time elapsed 0.01 min
Memory used: 7.01 GB
------------------------- time cost ------------------------- 11.282783269882202

-------------Round number: 6-------------

Evaluate global model
Loaded test data from ../dataset/cola/test/0.npz
Data length: 1
metric.compute(): {'accuracy': 0.6825396825396826}
ct, ns, auc: 0.6825396825396826, 0, 0
Loaded test data from ../dataset/cola/test/1.npz
Data length: 1
metric.compute(): {'accuracy': 0.6616915422885572}
ct, ns, auc: 0.6616915422885572, 0, 0
Loaded test data from ../dataset/cola/test/2.npz
Data length: 1
metric.compute(): {'accuracy': 0.675}
ct, ns, auc: 0.675, 0, 0
Loaded test data from ../dataset/cola/test/3.npz
Data length: 1
metric.compute(): {'accuracy': 0.6994535519125683}
ct, ns, auc: 0.6994535519125683, 0, 0
Loaded test data from ../dataset/cola/test/4.npz
Data length: 1
metric.compute(): {'accuracy': 0.8}
ct, ns, auc: 0.8, 0, 0
Loaded test data from ../dataset/cola/test/5.npz
Data length: 1
metric.compute(): {'accuracy': 0.7849740932642487}
ct, ns, auc: 0.7849740932642487, 0, 0
Loaded test data from ../dataset/cola/test/6.npz
Data length: 1
metric.compute(): {'accuracy': 0.7127659574468085}
ct, ns, auc: 0.7127659574468085, 0, 0
Loaded test data from ../dataset/cola/test/7.npz
Data length: 1
metric.compute(): {'accuracy': 0.6842105263157895}
ct, ns, auc: 0.6842105263157895, 0, 0
Loaded test data from ../dataset/cola/test/8.npz
Data length: 1
metric.compute(): {'accuracy': 0.6037735849056604}
ct, ns, auc: 0.6037735849056604, 0, 0
Loaded test data from ../dataset/cola/test/9.npz
Data length: 1
metric.compute(): {'accuracy': 0.24675324675324675}
ct, ns, auc: 0.24675324675324675, 0, 0
ids: [0, 1, 2, 3, 4, 5, 6, 7, 8, 9]
stats[1]: [0, 0, 0, 0, 0, 0, 0, 0, 0, 0]
stats[2]: [0.6825396825396826, 0.6616915422885572, 0.675, 0.6994535519125683, 0.8, 0.7849740932642487, 0.7127659574468085, 0.6842105263157895, 0.6037735849056604, 0.24675324675324675]
stats[3]: [0, 0, 0, 0, 0, 0, 0, 0, 0, 0]
Averaged Test Accuracy: 0.6551
Averaged Test AUC: 0.0000
Std Test Accuracy: 0.1544
Std Test AUC: 0.0000
Loaded train data from ../dataset/cola/train/3.npz
Data length: 1
Time elapsed 0.01 min
Memory used: 7.01 GB
Loaded train data from ../dataset/cola/train/6.npz
Data length: 1
Time elapsed 0.00 min
Memory used: 7.01 GB
Loaded train data from ../dataset/cola/train/8.npz
Data length: 1
Time elapsed 0.00 min
Memory used: 7.01 GB
Loaded train data from ../dataset/cola/train/9.npz
Data length: 1
Time elapsed 0.00 min
Memory used: 7.01 GB
Loaded train data from ../dataset/cola/train/0.npz
Data length: 1
Time elapsed 0.00 min
Memory used: 7.01 GB
Loaded train data from ../dataset/cola/train/4.npz
Data length: 1
Time elapsed 0.00 min
Memory used: 7.01 GB
Loaded train data from ../dataset/cola/train/1.npz
Data length: 1
Time elapsed 0.01 min
Memory used: 7.01 GB
Loaded train data from ../dataset/cola/train/5.npz
Data length: 1
Time elapsed 0.01 min
Memory used: 7.01 GB
Loaded train data from ../dataset/cola/train/7.npz
Data length: 1
Time elapsed 0.01 min
Memory used: 7.01 GB
Loaded train data from ../dataset/cola/train/2.npz
Data length: 1
Time elapsed 0.00 min
Memory used: 7.01 GB
------------------------- time cost ------------------------- 11.247990608215332

-------------Round number: 7-------------

Evaluate global model
Loaded test data from ../dataset/cola/test/0.npz
Data length: 1
metric.compute(): {'accuracy': 0.6825396825396826}
ct, ns, auc: 0.6825396825396826, 0, 0
Loaded test data from ../dataset/cola/test/1.npz
Data length: 1
metric.compute(): {'accuracy': 0.6616915422885572}
ct, ns, auc: 0.6616915422885572, 0, 0
Loaded test data from ../dataset/cola/test/2.npz
Data length: 1
metric.compute(): {'accuracy': 0.675}
ct, ns, auc: 0.675, 0, 0
Loaded test data from ../dataset/cola/test/3.npz
Data length: 1
metric.compute(): {'accuracy': 0.6994535519125683}
ct, ns, auc: 0.6994535519125683, 0, 0
Loaded test data from ../dataset/cola/test/4.npz
Data length: 1
metric.compute(): {'accuracy': 0.8}
ct, ns, auc: 0.8, 0, 0
Loaded test data from ../dataset/cola/test/5.npz
Data length: 1
metric.compute(): {'accuracy': 0.7849740932642487}
ct, ns, auc: 0.7849740932642487, 0, 0
Loaded test data from ../dataset/cola/test/6.npz
Data length: 1
metric.compute(): {'accuracy': 0.7127659574468085}
ct, ns, auc: 0.7127659574468085, 0, 0
Loaded test data from ../dataset/cola/test/7.npz
Data length: 1
metric.compute(): {'accuracy': 0.6842105263157895}
ct, ns, auc: 0.6842105263157895, 0, 0
Loaded test data from ../dataset/cola/test/8.npz
Data length: 1
metric.compute(): {'accuracy': 0.6037735849056604}
ct, ns, auc: 0.6037735849056604, 0, 0
Loaded test data from ../dataset/cola/test/9.npz
Data length: 1
metric.compute(): {'accuracy': 0.24675324675324675}
ct, ns, auc: 0.24675324675324675, 0, 0
ids: [0, 1, 2, 3, 4, 5, 6, 7, 8, 9]
stats[1]: [0, 0, 0, 0, 0, 0, 0, 0, 0, 0]
stats[2]: [0.6825396825396826, 0.6616915422885572, 0.675, 0.6994535519125683, 0.8, 0.7849740932642487, 0.7127659574468085, 0.6842105263157895, 0.6037735849056604, 0.24675324675324675]
stats[3]: [0, 0, 0, 0, 0, 0, 0, 0, 0, 0]
Averaged Test Accuracy: 0.6551
Averaged Test AUC: 0.0000
Std Test Accuracy: 0.1544
Std Test AUC: 0.0000
Loaded train data from ../dataset/cola/train/2.npz
Data length: 1
Time elapsed 0.00 min
Memory used: 7.01 GB
Loaded train data from ../dataset/cola/train/3.npz
Data length: 1
Time elapsed 0.01 min
Memory used: 7.01 GB
Loaded train data from ../dataset/cola/train/8.npz
Data length: 1
Time elapsed 0.00 min
Memory used: 7.01 GB
Loaded train data from ../dataset/cola/train/9.npz
Data length: 1
Time elapsed 0.00 min
Memory used: 7.01 GB
Loaded train data from ../dataset/cola/train/7.npz
Data length: 1
Time elapsed 0.01 min
Memory used: 7.01 GB
Loaded train data from ../dataset/cola/train/6.npz
Data length: 1
Time elapsed 0.00 min
Memory used: 7.01 GB
Loaded train data from ../dataset/cola/train/4.npz
Data length: 1
Time elapsed 0.00 min
Memory used: 7.01 GB
Loaded train data from ../dataset/cola/train/1.npz
Data length: 1
Time elapsed 0.01 min
Memory used: 7.01 GB
Loaded train data from ../dataset/cola/train/5.npz
Data length: 1
Time elapsed 0.01 min
Memory used: 7.01 GB
Loaded train data from ../dataset/cola/train/0.npz
Data length: 1
Time elapsed 0.00 min
Memory used: 7.01 GB
------------------------- time cost ------------------------- 16.964000940322876

-------------Round number: 8-------------

Evaluate global model
Loaded test data from ../dataset/cola/test/0.npz
Data length: 1
metric.compute(): {'accuracy': 0.6825396825396826}
ct, ns, auc: 0.6825396825396826, 0, 0
Loaded test data from ../dataset/cola/test/1.npz
Data length: 1
metric.compute(): {'accuracy': 0.6616915422885572}
ct, ns, auc: 0.6616915422885572, 0, 0
Loaded test data from ../dataset/cola/test/2.npz
Data length: 1
metric.compute(): {'accuracy': 0.675}
ct, ns, auc: 0.675, 0, 0
Loaded test data from ../dataset/cola/test/3.npz
Data length: 1
metric.compute(): {'accuracy': 0.6994535519125683}
ct, ns, auc: 0.6994535519125683, 0, 0
Loaded test data from ../dataset/cola/test/4.npz
Data length: 1
metric.compute(): {'accuracy': 0.8}
ct, ns, auc: 0.8, 0, 0
Loaded test data from ../dataset/cola/test/5.npz
Data length: 1
metric.compute(): {'accuracy': 0.7849740932642487}
ct, ns, auc: 0.7849740932642487, 0, 0
Loaded test data from ../dataset/cola/test/6.npz
Data length: 1
metric.compute(): {'accuracy': 0.7127659574468085}
ct, ns, auc: 0.7127659574468085, 0, 0
Loaded test data from ../dataset/cola/test/7.npz
Data length: 1
metric.compute(): {'accuracy': 0.6842105263157895}
ct, ns, auc: 0.6842105263157895, 0, 0
Loaded test data from ../dataset/cola/test/8.npz
Data length: 1
metric.compute(): {'accuracy': 0.6037735849056604}
ct, ns, auc: 0.6037735849056604, 0, 0
Loaded test data from ../dataset/cola/test/9.npz
Data length: 1
metric.compute(): {'accuracy': 0.4935064935064935}
ct, ns, auc: 0.4935064935064935, 0, 0
ids: [0, 1, 2, 3, 4, 5, 6, 7, 8, 9]
stats[1]: [0, 0, 0, 0, 0, 0, 0, 0, 0, 0]
stats[2]: [0.6825396825396826, 0.6616915422885572, 0.675, 0.6994535519125683, 0.8, 0.7849740932642487, 0.7127659574468085, 0.6842105263157895, 0.6037735849056604, 0.4935064935064935]
stats[3]: [0, 0, 0, 0, 0, 0, 0, 0, 0, 0]
Averaged Test Accuracy: 0.6798
Averaged Test AUC: 0.0000
Std Test Accuracy: 0.0868
Std Test AUC: 0.0000
Loaded train data from ../dataset/cola/train/8.npz
Data length: 1
Time elapsed 0.00 min
Memory used: 7.01 GB
Loaded train data from ../dataset/cola/train/7.npz
Data length: 1
Time elapsed 0.01 min
Memory used: 7.01 GB
Loaded train data from ../dataset/cola/train/6.npz
Data length: 1
Time elapsed 0.00 min
Memory used: 7.01 GB
Loaded train data from ../dataset/cola/train/0.npz
Data length: 1
Time elapsed 0.00 min
Memory used: 7.01 GB
Loaded train data from ../dataset/cola/train/4.npz
Data length: 1
Time elapsed 0.00 min
Memory used: 7.01 GB
Loaded train data from ../dataset/cola/train/2.npz
Data length: 1
Time elapsed 0.00 min
Memory used: 7.01 GB
Loaded train data from ../dataset/cola/train/5.npz
Data length: 1
Time elapsed 0.01 min
Memory used: 7.01 GB
Loaded train data from ../dataset/cola/train/1.npz
Data length: 1
Time elapsed 0.01 min
Memory used: 7.01 GB
Loaded train data from ../dataset/cola/train/3.npz
Data length: 1
Time elapsed 0.01 min
Memory used: 7.01 GB
Loaded train data from ../dataset/cola/train/9.npz
Data length: 1
Time elapsed 0.00 min
Memory used: 7.01 GB
------------------------- time cost ------------------------- 17.091323137283325

-------------Round number: 9-------------

Evaluate global model
Loaded test data from ../dataset/cola/test/0.npz
Data length: 1
metric.compute(): {'accuracy': 0.6825396825396826}
ct, ns, auc: 0.6825396825396826, 0, 0
Loaded test data from ../dataset/cola/test/1.npz
Data length: 1
metric.compute(): {'accuracy': 0.6616915422885572}
ct, ns, auc: 0.6616915422885572, 0, 0
Loaded test data from ../dataset/cola/test/2.npz
Data length: 1
metric.compute(): {'accuracy': 0.675}
ct, ns, auc: 0.675, 0, 0
Loaded test data from ../dataset/cola/test/3.npz
Data length: 1
metric.compute(): {'accuracy': 0.6994535519125683}
ct, ns, auc: 0.6994535519125683, 0, 0
Loaded test data from ../dataset/cola/test/4.npz
Data length: 1
metric.compute(): {'accuracy': 0.8}
ct, ns, auc: 0.8, 0, 0
Loaded test data from ../dataset/cola/test/5.npz
Data length: 1
metric.compute(): {'accuracy': 0.7875647668393783}
ct, ns, auc: 0.7875647668393783, 0, 0
Loaded test data from ../dataset/cola/test/6.npz
Data length: 1
metric.compute(): {'accuracy': 0.7180851063829787}
ct, ns, auc: 0.7180851063829787, 0, 0
Loaded test data from ../dataset/cola/test/7.npz
Data length: 1
metric.compute(): {'accuracy': 0.6842105263157895}
ct, ns, auc: 0.6842105263157895, 0, 0
Loaded test data from ../dataset/cola/test/8.npz
Data length: 1
metric.compute(): {'accuracy': 0.6037735849056604}
ct, ns, auc: 0.6037735849056604, 0, 0
Loaded test data from ../dataset/cola/test/9.npz
Data length: 1
metric.compute(): {'accuracy': 0.23376623376623376}
ct, ns, auc: 0.23376623376623376, 0, 0
ids: [0, 1, 2, 3, 4, 5, 6, 7, 8, 9]
stats[1]: [0, 0, 0, 0, 0, 0, 0, 0, 0, 0]
stats[2]: [0.6825396825396826, 0.6616915422885572, 0.675, 0.6994535519125683, 0.8, 0.7875647668393783, 0.7180851063829787, 0.6842105263157895, 0.6037735849056604, 0.23376623376623376]
stats[3]: [0, 0, 0, 0, 0, 0, 0, 0, 0, 0]
Averaged Test Accuracy: 0.6546
Averaged Test AUC: 0.0000
Std Test Accuracy: 0.1587
Std Test AUC: 0.0000
Loaded train data from ../dataset/cola/train/5.npz
Data length: 1
Time elapsed 0.01 min
Memory used: 7.01 GB
Loaded train data from ../dataset/cola/train/9.npz
Data length: 1
Time elapsed 0.00 min
Memory used: 7.01 GB
Loaded train data from ../dataset/cola/train/6.npz
Data length: 1
Time elapsed 0.00 min
Memory used: 7.01 GB
Loaded train data from ../dataset/cola/train/4.npz
Data length: 1
Time elapsed 0.00 min
Memory used: 7.01 GB
Loaded train data from ../dataset/cola/train/7.npz
Data length: 1
Time elapsed 0.01 min
Memory used: 7.01 GB
Loaded train data from ../dataset/cola/train/3.npz
Data length: 1
Time elapsed 0.01 min
Memory used: 7.01 GB
Loaded train data from ../dataset/cola/train/8.npz
Data length: 1
Time elapsed 0.00 min
Memory used: 7.01 GB
Loaded train data from ../dataset/cola/train/0.npz
Data length: 1
Time elapsed 0.00 min
Memory used: 7.01 GB
Loaded train data from ../dataset/cola/train/1.npz
Data length: 1
Time elapsed 0.01 min
Memory used: 7.01 GB
Loaded train data from ../dataset/cola/train/2.npz
Data length: 1
Time elapsed 0.00 min
Memory used: 7.01 GB
------------------------- time cost ------------------------- 14.016151189804077

-------------Round number: 10-------------

Evaluate global model
Loaded test data from ../dataset/cola/test/0.npz
Data length: 1
metric.compute(): {'accuracy': 0.6772486772486772}
ct, ns, auc: 0.6772486772486772, 0, 0
Loaded test data from ../dataset/cola/test/1.npz
Data length: 1
metric.compute(): {'accuracy': 0.6616915422885572}
ct, ns, auc: 0.6616915422885572, 0, 0
Loaded test data from ../dataset/cola/test/2.npz
Data length: 1
metric.compute(): {'accuracy': 0.675}
ct, ns, auc: 0.675, 0, 0
Loaded test data from ../dataset/cola/test/3.npz
Data length: 1
metric.compute(): {'accuracy': 0.6994535519125683}
ct, ns, auc: 0.6994535519125683, 0, 0
Loaded test data from ../dataset/cola/test/4.npz
Data length: 1
metric.compute(): {'accuracy': 0.8}
ct, ns, auc: 0.8, 0, 0
Loaded test data from ../dataset/cola/test/5.npz
Data length: 1
metric.compute(): {'accuracy': 0.7849740932642487}
ct, ns, auc: 0.7849740932642487, 0, 0
Loaded test data from ../dataset/cola/test/6.npz
Data length: 1
metric.compute(): {'accuracy': 0.723404255319149}
ct, ns, auc: 0.723404255319149, 0, 0
Loaded test data from ../dataset/cola/test/7.npz
Data length: 1
metric.compute(): {'accuracy': 0.6842105263157895}
ct, ns, auc: 0.6842105263157895, 0, 0
Loaded test data from ../dataset/cola/test/8.npz
Data length: 1
metric.compute(): {'accuracy': 0.6037735849056604}
ct, ns, auc: 0.6037735849056604, 0, 0
Loaded test data from ../dataset/cola/test/9.npz
Data length: 1
metric.compute(): {'accuracy': 0.7402597402597403}
ct, ns, auc: 0.7402597402597403, 0, 0
ids: [0, 1, 2, 3, 4, 5, 6, 7, 8, 9]
stats[1]: [0, 0, 0, 0, 0, 0, 0, 0, 0, 0]
stats[2]: [0.6772486772486772, 0.6616915422885572, 0.675, 0.6994535519125683, 0.8, 0.7849740932642487, 0.723404255319149, 0.6842105263157895, 0.6037735849056604, 0.7402597402597403]
stats[3]: [0, 0, 0, 0, 0, 0, 0, 0, 0, 0]
Averaged Test Accuracy: 0.7050
Averaged Test AUC: 0.0000
Std Test Accuracy: 0.0589
Std Test AUC: 0.0000
Loaded train data from ../dataset/cola/train/8.npz
Data length: 1
Time elapsed 0.00 min
Memory used: 7.01 GB
Loaded train data from ../dataset/cola/train/7.npz
Data length: 1
Time elapsed 0.01 min
Memory used: 7.01 GB
Loaded train data from ../dataset/cola/train/2.npz
Data length: 1
Time elapsed 0.00 min
Memory used: 7.01 GB
Loaded train data from ../dataset/cola/train/4.npz
Data length: 1
Time elapsed 0.00 min
Memory used: 7.01 GB
Loaded train data from ../dataset/cola/train/6.npz
Data length: 1
Time elapsed 0.00 min
Memory used: 7.01 GB
Loaded train data from ../dataset/cola/train/3.npz
Data length: 1
Time elapsed 0.01 min
Memory used: 7.01 GB
Loaded train data from ../dataset/cola/train/0.npz
Data length: 1
Time elapsed 0.00 min
Memory used: 7.01 GB
Loaded train data from ../dataset/cola/train/1.npz
Data length: 1
Time elapsed 0.01 min
Memory used: 7.01 GB
Loaded train data from ../dataset/cola/train/9.npz
Data length: 1
Time elapsed 0.00 min
Memory used: 7.01 GB
Loaded train data from ../dataset/cola/train/5.npz
Data length: 1
Time elapsed 0.01 min
Memory used: 7.01 GB
------------------------- time cost ------------------------- 16.529130935668945

-------------Round number: 11-------------

Evaluate global model
Loaded test data from ../dataset/cola/test/0.npz
Data length: 1
metric.compute(): {'accuracy': 0.6825396825396826}
ct, ns, auc: 0.6825396825396826, 0, 0
Loaded test data from ../dataset/cola/test/1.npz
Data length: 1
metric.compute(): {'accuracy': 0.664179104477612}
ct, ns, auc: 0.664179104477612, 0, 0
Loaded test data from ../dataset/cola/test/2.npz
Data length: 1
metric.compute(): {'accuracy': 0.675}
ct, ns, auc: 0.675, 0, 0
Loaded test data from ../dataset/cola/test/3.npz
Data length: 1
metric.compute(): {'accuracy': 0.7008196721311475}
ct, ns, auc: 0.7008196721311475, 0, 0
Loaded test data from ../dataset/cola/test/4.npz
Data length: 1
metric.compute(): {'accuracy': 0.8}
ct, ns, auc: 0.8, 0, 0
Loaded test data from ../dataset/cola/test/5.npz
Data length: 1
metric.compute(): {'accuracy': 0.7849740932642487}
ct, ns, auc: 0.7849740932642487, 0, 0
Loaded test data from ../dataset/cola/test/6.npz
Data length: 1
metric.compute(): {'accuracy': 0.75}
ct, ns, auc: 0.75, 0, 0
Loaded test data from ../dataset/cola/test/7.npz
Data length: 1
metric.compute(): {'accuracy': 0.6912280701754386}
ct, ns, auc: 0.6912280701754386, 0, 0
Loaded test data from ../dataset/cola/test/8.npz
Data length: 1
metric.compute(): {'accuracy': 0.6037735849056604}
ct, ns, auc: 0.6037735849056604, 0, 0
Loaded test data from ../dataset/cola/test/9.npz
Data length: 1
metric.compute(): {'accuracy': 0.7792207792207793}
ct, ns, auc: 0.7792207792207793, 0, 0
ids: [0, 1, 2, 3, 4, 5, 6, 7, 8, 9]
stats[1]: [0, 0, 0, 0, 0, 0, 0, 0, 0, 0]
stats[2]: [0.6825396825396826, 0.664179104477612, 0.675, 0.7008196721311475, 0.8, 0.7849740932642487, 0.75, 0.6912280701754386, 0.6037735849056604, 0.7792207792207793]
stats[3]: [0, 0, 0, 0, 0, 0, 0, 0, 0, 0]
Averaged Test Accuracy: 0.7132
Averaged Test AUC: 0.0000
Std Test Accuracy: 0.0631
Std Test AUC: 0.0000
Loaded train data from ../dataset/cola/train/6.npz
Data length: 1
Time elapsed 0.00 min
Memory used: 7.01 GB
Loaded train data from ../dataset/cola/train/2.npz
Data length: 1
Time elapsed 0.00 min
Memory used: 7.01 GB
Loaded train data from ../dataset/cola/train/0.npz
Data length: 1
Time elapsed 0.00 min
Memory used: 7.01 GB
Loaded train data from ../dataset/cola/train/8.npz
Data length: 1
Time elapsed 0.00 min
Memory used: 7.01 GB
Loaded train data from ../dataset/cola/train/9.npz
Data length: 1
Time elapsed 0.00 min
Memory used: 7.01 GB
Loaded train data from ../dataset/cola/train/3.npz
Data length: 1
Time elapsed 0.01 min
Memory used: 7.01 GB
Loaded train data from ../dataset/cola/train/7.npz
Data length: 1
Time elapsed 0.01 min
Memory used: 7.01 GB
Loaded train data from ../dataset/cola/train/4.npz
Data length: 1
Time elapsed 0.00 min
Memory used: 7.01 GB
Loaded train data from ../dataset/cola/train/5.npz
Data length: 1
Time elapsed 0.01 min
Memory used: 7.01 GB
Loaded train data from ../dataset/cola/train/1.npz
Data length: 1
Time elapsed 0.01 min
Memory used: 7.01 GB
------------------------- time cost ------------------------- 15.670608043670654

-------------Round number: 12-------------

Evaluate global model
Loaded test data from ../dataset/cola/test/0.npz
Data length: 1
metric.compute(): {'accuracy': 0.6772486772486772}
ct, ns, auc: 0.6772486772486772, 0, 0
Loaded test data from ../dataset/cola/test/1.npz
Data length: 1
metric.compute(): {'accuracy': 0.6616915422885572}
ct, ns, auc: 0.6616915422885572, 0, 0
Loaded test data from ../dataset/cola/test/2.npz
Data length: 1
metric.compute(): {'accuracy': 0.675}
ct, ns, auc: 0.675, 0, 0
Loaded test data from ../dataset/cola/test/3.npz
Data length: 1
metric.compute(): {'accuracy': 0.7008196721311475}
ct, ns, auc: 0.7008196721311475, 0, 0
Loaded test data from ../dataset/cola/test/4.npz
Data length: 1
metric.compute(): {'accuracy': 0.8}
ct, ns, auc: 0.8, 0, 0
Loaded test data from ../dataset/cola/test/5.npz
Data length: 1
metric.compute(): {'accuracy': 0.7823834196891192}
ct, ns, auc: 0.7823834196891192, 0, 0
Loaded test data from ../dataset/cola/test/6.npz
Data length: 1
metric.compute(): {'accuracy': 0.7393617021276596}
ct, ns, auc: 0.7393617021276596, 0, 0
Loaded test data from ../dataset/cola/test/7.npz
Data length: 1
metric.compute(): {'accuracy': 0.6807017543859649}
ct, ns, auc: 0.6807017543859649, 0, 0
Loaded test data from ../dataset/cola/test/8.npz
Data length: 1
metric.compute(): {'accuracy': 0.6037735849056604}
ct, ns, auc: 0.6037735849056604, 0, 0
Loaded test data from ../dataset/cola/test/9.npz
Data length: 1
metric.compute(): {'accuracy': 0.7662337662337663}
ct, ns, auc: 0.7662337662337663, 0, 0
ids: [0, 1, 2, 3, 4, 5, 6, 7, 8, 9]
stats[1]: [0, 0, 0, 0, 0, 0, 0, 0, 0, 0]
stats[2]: [0.6772486772486772, 0.6616915422885572, 0.675, 0.7008196721311475, 0.8, 0.7823834196891192, 0.7393617021276596, 0.6807017543859649, 0.6037735849056604, 0.7662337662337663]
stats[3]: [0, 0, 0, 0, 0, 0, 0, 0, 0, 0]
Averaged Test Accuracy: 0.7087
Averaged Test AUC: 0.0000
Std Test Accuracy: 0.0616
Std Test AUC: 0.0000
Loaded train data from ../dataset/cola/train/7.npz
Data length: 1
Time elapsed 0.01 min
Memory used: 7.01 GB
Loaded train data from ../dataset/cola/train/4.npz
Data length: 1
Time elapsed 0.00 min
Memory used: 7.01 GB
Loaded train data from ../dataset/cola/train/5.npz
Data length: 1
Time elapsed 0.01 min
Memory used: 7.01 GB
Loaded train data from ../dataset/cola/train/8.npz
Data length: 1
Time elapsed 0.00 min
Memory used: 7.01 GB
Loaded train data from ../dataset/cola/train/3.npz
Data length: 1
Time elapsed 0.01 min
Memory used: 7.01 GB
Loaded train data from ../dataset/cola/train/6.npz
Data length: 1
Time elapsed 0.00 min
Memory used: 7.01 GB
Loaded train data from ../dataset/cola/train/1.npz
Data length: 1
Time elapsed 0.01 min
Memory used: 7.01 GB
Loaded train data from ../dataset/cola/train/2.npz
Data length: 1
Time elapsed 0.00 min
Memory used: 7.01 GB
Loaded train data from ../dataset/cola/train/0.npz
Data length: 1
Time elapsed 0.00 min
Memory used: 7.01 GB
Loaded train data from ../dataset/cola/train/9.npz
Data length: 1
Time elapsed 0.00 min
Memory used: 7.01 GB
------------------------- time cost ------------------------- 11.428907871246338

-------------Round number: 13-------------

Evaluate global model
Loaded test data from ../dataset/cola/test/0.npz
Data length: 1
metric.compute(): {'accuracy': 0.6772486772486772}
ct, ns, auc: 0.6772486772486772, 0, 0
Loaded test data from ../dataset/cola/test/1.npz
Data length: 1
metric.compute(): {'accuracy': 0.6865671641791045}
ct, ns, auc: 0.6865671641791045, 0, 0
Loaded test data from ../dataset/cola/test/2.npz
Data length: 1
metric.compute(): {'accuracy': 0.675}
ct, ns, auc: 0.675, 0, 0
Loaded test data from ../dataset/cola/test/3.npz
Data length: 1
metric.compute(): {'accuracy': 0.7213114754098361}
ct, ns, auc: 0.7213114754098361, 0, 0
Loaded test data from ../dataset/cola/test/4.npz
Data length: 1
metric.compute(): {'accuracy': 0.8}
ct, ns, auc: 0.8, 0, 0
Loaded test data from ../dataset/cola/test/5.npz
Data length: 1
metric.compute(): {'accuracy': 0.8005181347150259}
ct, ns, auc: 0.8005181347150259, 0, 0
Loaded test data from ../dataset/cola/test/6.npz
Data length: 1
metric.compute(): {'accuracy': 0.7606382978723404}
ct, ns, auc: 0.7606382978723404, 0, 0
Loaded test data from ../dataset/cola/test/7.npz
Data length: 1
metric.compute(): {'accuracy': 0.7017543859649122}
ct, ns, auc: 0.7017543859649122, 0, 0
Loaded test data from ../dataset/cola/test/8.npz
Data length: 1
metric.compute(): {'accuracy': 0.6037735849056604}
ct, ns, auc: 0.6037735849056604, 0, 0
Loaded test data from ../dataset/cola/test/9.npz
Data length: 1
metric.compute(): {'accuracy': 0.7922077922077922}
ct, ns, auc: 0.7922077922077922, 0, 0
ids: [0, 1, 2, 3, 4, 5, 6, 7, 8, 9]
stats[1]: [0, 0, 0, 0, 0, 0, 0, 0, 0, 0]
stats[2]: [0.6772486772486772, 0.6865671641791045, 0.675, 0.7213114754098361, 0.8, 0.8005181347150259, 0.7606382978723404, 0.7017543859649122, 0.6037735849056604, 0.7922077922077922]
stats[3]: [0, 0, 0, 0, 0, 0, 0, 0, 0, 0]
Averaged Test Accuracy: 0.7219
Averaged Test AUC: 0.0000
Std Test Accuracy: 0.0654
Std Test AUC: 0.0000
Loaded train data from ../dataset/cola/train/8.npz
Data length: 1
Time elapsed 0.00 min
Memory used: 7.01 GB
Loaded train data from ../dataset/cola/train/4.npz
Data length: 1
Time elapsed 0.00 min
Memory used: 7.01 GB
Loaded train data from ../dataset/cola/train/3.npz
Data length: 1
Time elapsed 0.01 min
Memory used: 7.01 GB
Loaded train data from ../dataset/cola/train/1.npz
Data length: 1
Time elapsed 0.01 min
Memory used: 7.01 GB
Loaded train data from ../dataset/cola/train/9.npz
Data length: 1
Time elapsed 0.00 min
Memory used: 7.01 GB
Loaded train data from ../dataset/cola/train/5.npz
Data length: 1
Time elapsed 0.01 min
Memory used: 7.01 GB
Loaded train data from ../dataset/cola/train/6.npz
Data length: 1
Time elapsed 0.00 min
Memory used: 7.01 GB
Loaded train data from ../dataset/cola/train/2.npz
Data length: 1
Time elapsed 0.00 min
Memory used: 7.01 GB
Loaded train data from ../dataset/cola/train/7.npz
Data length: 1
Time elapsed 0.01 min
Memory used: 7.01 GB
Loaded train data from ../dataset/cola/train/0.npz
Data length: 1
Time elapsed 0.00 min
Memory used: 7.01 GB
------------------------- time cost ------------------------- 11.985310792922974

-------------Round number: 14-------------

Evaluate global model
Loaded test data from ../dataset/cola/test/0.npz
Data length: 1
metric.compute(): {'accuracy': 0.6931216931216931}
ct, ns, auc: 0.6931216931216931, 0, 0
Loaded test data from ../dataset/cola/test/1.npz
Data length: 1
metric.compute(): {'accuracy': 0.6915422885572139}
ct, ns, auc: 0.6915422885572139, 0, 0
Loaded test data from ../dataset/cola/test/2.npz
Data length: 1
metric.compute(): {'accuracy': 0.675}
ct, ns, auc: 0.675, 0, 0
Loaded test data from ../dataset/cola/test/3.npz
Data length: 1
metric.compute(): {'accuracy': 0.7226775956284153}
ct, ns, auc: 0.7226775956284153, 0, 0
Loaded test data from ../dataset/cola/test/4.npz
Data length: 1
metric.compute(): {'accuracy': 0.8}
ct, ns, auc: 0.8, 0, 0
Loaded test data from ../dataset/cola/test/5.npz
Data length: 1
metric.compute(): {'accuracy': 0.8005181347150259}
ct, ns, auc: 0.8005181347150259, 0, 0
Loaded test data from ../dataset/cola/test/6.npz
Data length: 1
metric.compute(): {'accuracy': 0.7606382978723404}
ct, ns, auc: 0.7606382978723404, 0, 0
Loaded test data from ../dataset/cola/test/7.npz
Data length: 1
metric.compute(): {'accuracy': 0.712280701754386}
ct, ns, auc: 0.712280701754386, 0, 0
Loaded test data from ../dataset/cola/test/8.npz
Data length: 1
metric.compute(): {'accuracy': 0.6037735849056604}
ct, ns, auc: 0.6037735849056604, 0, 0
Loaded test data from ../dataset/cola/test/9.npz
Data length: 1
metric.compute(): {'accuracy': 0.8051948051948052}
ct, ns, auc: 0.8051948051948052, 0, 0
ids: [0, 1, 2, 3, 4, 5, 6, 7, 8, 9]
stats[1]: [0, 0, 0, 0, 0, 0, 0, 0, 0, 0]
stats[2]: [0.6931216931216931, 0.6915422885572139, 0.675, 0.7226775956284153, 0.8, 0.8005181347150259, 0.7606382978723404, 0.712280701754386, 0.6037735849056604, 0.8051948051948052]
stats[3]: [0, 0, 0, 0, 0, 0, 0, 0, 0, 0]
Averaged Test Accuracy: 0.7265
Averaged Test AUC: 0.0000
Std Test Accuracy: 0.0654
Std Test AUC: 0.0000
Loaded train data from ../dataset/cola/train/8.npz
Data length: 1
Time elapsed 0.00 min
Memory used: 7.01 GB
Loaded train data from ../dataset/cola/train/3.npz
Data length: 1
Time elapsed 0.01 min
Memory used: 7.01 GB
Loaded train data from ../dataset/cola/train/4.npz
Data length: 1
Time elapsed 0.00 min
Memory used: 7.01 GB
Loaded train data from ../dataset/cola/train/6.npz
Data length: 1
Time elapsed 0.00 min
Memory used: 7.01 GB
Loaded train data from ../dataset/cola/train/5.npz
Data length: 1
Time elapsed 0.01 min
Memory used: 7.01 GB
Loaded train data from ../dataset/cola/train/0.npz
Data length: 1
Time elapsed 0.00 min
Memory used: 7.01 GB
Loaded train data from ../dataset/cola/train/7.npz
Data length: 1
Time elapsed 0.01 min
Memory used: 7.01 GB
Loaded train data from ../dataset/cola/train/2.npz
Data length: 1
Time elapsed 0.00 min
Memory used: 7.01 GB
Loaded train data from ../dataset/cola/train/9.npz
Data length: 1
Time elapsed 0.00 min
Memory used: 7.01 GB
Loaded train data from ../dataset/cola/train/1.npz
Data length: 1
Time elapsed 0.01 min
Memory used: 7.01 GB
------------------------- time cost ------------------------- 13.528498649597168

-------------Round number: 15-------------

Evaluate global model
Loaded test data from ../dataset/cola/test/0.npz
Data length: 1
metric.compute(): {'accuracy': 0.6825396825396826}
ct, ns, auc: 0.6825396825396826, 0, 0
Loaded test data from ../dataset/cola/test/1.npz
Data length: 1
metric.compute(): {'accuracy': 0.6791044776119403}
ct, ns, auc: 0.6791044776119403, 0, 0
Loaded test data from ../dataset/cola/test/2.npz
Data length: 1
metric.compute(): {'accuracy': 0.725}
ct, ns, auc: 0.725, 0, 0
Loaded test data from ../dataset/cola/test/3.npz
Data length: 1
metric.compute(): {'accuracy': 0.7226775956284153}
ct, ns, auc: 0.7226775956284153, 0, 0
Loaded test data from ../dataset/cola/test/4.npz
Data length: 1
metric.compute(): {'accuracy': 0.8}
ct, ns, auc: 0.8, 0, 0
Loaded test data from ../dataset/cola/test/5.npz
Data length: 1
metric.compute(): {'accuracy': 0.8005181347150259}
ct, ns, auc: 0.8005181347150259, 0, 0
Loaded test data from ../dataset/cola/test/6.npz
Data length: 1
metric.compute(): {'accuracy': 0.7925531914893617}
ct, ns, auc: 0.7925531914893617, 0, 0
Loaded test data from ../dataset/cola/test/7.npz
Data length: 1
metric.compute(): {'accuracy': 0.7087719298245614}
ct, ns, auc: 0.7087719298245614, 0, 0
Loaded test data from ../dataset/cola/test/8.npz
Data length: 1
metric.compute(): {'accuracy': 0.6037735849056604}
ct, ns, auc: 0.6037735849056604, 0, 0
Loaded test data from ../dataset/cola/test/9.npz
Data length: 1
metric.compute(): {'accuracy': 0.7532467532467533}
ct, ns, auc: 0.7532467532467533, 0, 0
ids: [0, 1, 2, 3, 4, 5, 6, 7, 8, 9]
stats[1]: [0, 0, 0, 0, 0, 0, 0, 0, 0, 0]
stats[2]: [0.6825396825396826, 0.6791044776119403, 0.725, 0.7226775956284153, 0.8, 0.8005181347150259, 0.7925531914893617, 0.7087719298245614, 0.6037735849056604, 0.7532467532467533]
stats[3]: [0, 0, 0, 0, 0, 0, 0, 0, 0, 0]
Averaged Test Accuracy: 0.7268
Averaged Test AUC: 0.0000
Std Test Accuracy: 0.0628
Std Test AUC: 0.0000
Loaded train data from ../dataset/cola/train/2.npz
Data length: 1
Time elapsed 0.00 min
Memory used: 7.01 GB
Loaded train data from ../dataset/cola/train/3.npz
Data length: 1
Time elapsed 0.01 min
Memory used: 7.01 GB
Loaded train data from ../dataset/cola/train/4.npz
Data length: 1
Time elapsed 0.00 min
Memory used: 7.01 GB
Loaded train data from ../dataset/cola/train/6.npz
Data length: 1
Time elapsed 0.00 min
Memory used: 7.01 GB
Loaded train data from ../dataset/cola/train/5.npz
Data length: 1
Time elapsed 0.01 min
Memory used: 7.01 GB
Loaded train data from ../dataset/cola/train/8.npz
Data length: 1
Time elapsed 0.00 min
Memory used: 7.01 GB
Loaded train data from ../dataset/cola/train/9.npz
Data length: 1
Time elapsed 0.00 min
Memory used: 7.01 GB
Loaded train data from ../dataset/cola/train/7.npz
Data length: 1
Time elapsed 0.01 min
Memory used: 7.01 GB
Loaded train data from ../dataset/cola/train/0.npz
Data length: 1
Time elapsed 0.00 min
Memory used: 7.01 GB
Loaded train data from ../dataset/cola/train/1.npz
Data length: 1
Time elapsed 0.01 min
Memory used: 7.01 GB
------------------------- time cost ------------------------- 11.391832828521729

-------------Round number: 16-------------

Evaluate global model
Loaded test data from ../dataset/cola/test/0.npz
Data length: 1
metric.compute(): {'accuracy': 0.6878306878306878}
ct, ns, auc: 0.6878306878306878, 0, 0
Loaded test data from ../dataset/cola/test/1.npz
Data length: 1
metric.compute(): {'accuracy': 0.6691542288557214}
ct, ns, auc: 0.6691542288557214, 0, 0
Loaded test data from ../dataset/cola/test/2.npz
Data length: 1
metric.compute(): {'accuracy': 0.6875}
ct, ns, auc: 0.6875, 0, 0
Loaded test data from ../dataset/cola/test/3.npz
Data length: 1
metric.compute(): {'accuracy': 0.7172131147540983}
ct, ns, auc: 0.7172131147540983, 0, 0
Loaded test data from ../dataset/cola/test/4.npz
Data length: 1
metric.compute(): {'accuracy': 0.8}
ct, ns, auc: 0.8, 0, 0
Loaded test data from ../dataset/cola/test/5.npz
Data length: 1
metric.compute(): {'accuracy': 0.7901554404145078}
ct, ns, auc: 0.7901554404145078, 0, 0
Loaded test data from ../dataset/cola/test/6.npz
Data length: 1
metric.compute(): {'accuracy': 0.7712765957446809}
ct, ns, auc: 0.7712765957446809, 0, 0
Loaded test data from ../dataset/cola/test/7.npz
Data length: 1
metric.compute(): {'accuracy': 0.6912280701754386}
ct, ns, auc: 0.6912280701754386, 0, 0
Loaded test data from ../dataset/cola/test/8.npz
Data length: 1
metric.compute(): {'accuracy': 0.6037735849056604}
ct, ns, auc: 0.6037735849056604, 0, 0
Loaded test data from ../dataset/cola/test/9.npz
Data length: 1
metric.compute(): {'accuracy': 0.7922077922077922}
ct, ns, auc: 0.7922077922077922, 0, 0
ids: [0, 1, 2, 3, 4, 5, 6, 7, 8, 9]
stats[1]: [0, 0, 0, 0, 0, 0, 0, 0, 0, 0]
stats[2]: [0.6878306878306878, 0.6691542288557214, 0.6875, 0.7172131147540983, 0.8, 0.7901554404145078, 0.7712765957446809, 0.6912280701754386, 0.6037735849056604, 0.7922077922077922]
stats[3]: [0, 0, 0, 0, 0, 0, 0, 0, 0, 0]
Averaged Test Accuracy: 0.7210
Averaged Test AUC: 0.0000
Std Test Accuracy: 0.0651
Std Test AUC: 0.0000
Loaded train data from ../dataset/cola/train/6.npz
Data length: 1
Time elapsed 0.00 min
Memory used: 7.01 GB
Loaded train data from ../dataset/cola/train/1.npz
Data length: 1
Time elapsed 0.01 min
Memory used: 7.01 GB
Loaded train data from ../dataset/cola/train/8.npz
Data length: 1
Time elapsed 0.00 min
Memory used: 7.01 GB
Loaded train data from ../dataset/cola/train/9.npz
Data length: 1
Time elapsed 0.00 min
Memory used: 7.01 GB
Loaded train data from ../dataset/cola/train/5.npz
Data length: 1
Time elapsed 0.01 min
Memory used: 7.01 GB
Loaded train data from ../dataset/cola/train/3.npz
Data length: 1
Time elapsed 0.01 min
Memory used: 7.01 GB
Loaded train data from ../dataset/cola/train/0.npz
Data length: 1
Time elapsed 0.00 min
Memory used: 7.01 GB
Loaded train data from ../dataset/cola/train/4.npz
Data length: 1
Time elapsed 0.00 min
Memory used: 7.01 GB
Loaded train data from ../dataset/cola/train/2.npz
Data length: 1
Time elapsed 0.00 min
Memory used: 7.01 GB
Loaded train data from ../dataset/cola/train/7.npz
Data length: 1
Time elapsed 0.01 min
Memory used: 7.01 GB
------------------------- time cost ------------------------- 11.629047155380249

-------------Round number: 17-------------

Evaluate global model
Loaded test data from ../dataset/cola/test/0.npz
Data length: 1
metric.compute(): {'accuracy': 0.6984126984126984}
ct, ns, auc: 0.6984126984126984, 0, 0
Loaded test data from ../dataset/cola/test/1.npz
Data length: 1
metric.compute(): {'accuracy': 0.6666666666666666}
ct, ns, auc: 0.6666666666666666, 0, 0
Loaded test data from ../dataset/cola/test/2.npz
Data length: 1
metric.compute(): {'accuracy': 0.7125}
ct, ns, auc: 0.7125, 0, 0
Loaded test data from ../dataset/cola/test/3.npz
Data length: 1
metric.compute(): {'accuracy': 0.7363387978142076}
ct, ns, auc: 0.7363387978142076, 0, 0
Loaded test data from ../dataset/cola/test/4.npz
Data length: 1
metric.compute(): {'accuracy': 0.8}
ct, ns, auc: 0.8, 0, 0
Loaded test data from ../dataset/cola/test/5.npz
Data length: 1
metric.compute(): {'accuracy': 0.7979274611398963}
ct, ns, auc: 0.7979274611398963, 0, 0
Loaded test data from ../dataset/cola/test/6.npz
Data length: 1
metric.compute(): {'accuracy': 0.7659574468085106}
ct, ns, auc: 0.7659574468085106, 0, 0
Loaded test data from ../dataset/cola/test/7.npz
Data length: 1
metric.compute(): {'accuracy': 0.7087719298245614}
ct, ns, auc: 0.7087719298245614, 0, 0
Loaded test data from ../dataset/cola/test/8.npz
Data length: 1
metric.compute(): {'accuracy': 0.6226415094339622}
ct, ns, auc: 0.6226415094339622, 0, 0
Loaded test data from ../dataset/cola/test/9.npz
Data length: 1
metric.compute(): {'accuracy': 0.7922077922077922}
ct, ns, auc: 0.7922077922077922, 0, 0
ids: [0, 1, 2, 3, 4, 5, 6, 7, 8, 9]
stats[1]: [0, 0, 0, 0, 0, 0, 0, 0, 0, 0]
stats[2]: [0.6984126984126984, 0.6666666666666666, 0.7125, 0.7363387978142076, 0.8, 0.7979274611398963, 0.7659574468085106, 0.7087719298245614, 0.6226415094339622, 0.7922077922077922]
stats[3]: [0, 0, 0, 0, 0, 0, 0, 0, 0, 0]
Averaged Test Accuracy: 0.7301
Averaged Test AUC: 0.0000
Std Test Accuracy: 0.0596
Std Test AUC: 0.0000
Loaded train data from ../dataset/cola/train/7.npz
Data length: 1
Time elapsed 0.01 min
Memory used: 7.01 GB
Loaded train data from ../dataset/cola/train/8.npz
Data length: 1
Time elapsed 0.00 min
Memory used: 7.01 GB
Loaded train data from ../dataset/cola/train/3.npz
Data length: 1
Time elapsed 0.01 min
Memory used: 7.01 GB
Loaded train data from ../dataset/cola/train/0.npz
Data length: 1
Time elapsed 0.00 min
Memory used: 7.01 GB
Loaded train data from ../dataset/cola/train/9.npz
Data length: 1
Time elapsed 0.00 min
Memory used: 7.01 GB
Loaded train data from ../dataset/cola/train/6.npz
Data length: 1
Time elapsed 0.00 min
Memory used: 7.01 GB
Loaded train data from ../dataset/cola/train/5.npz
Data length: 1
Time elapsed 0.01 min
Memory used: 7.01 GB
Loaded train data from ../dataset/cola/train/2.npz
Data length: 1
Time elapsed 0.00 min
Memory used: 7.01 GB
Loaded train data from ../dataset/cola/train/4.npz
Data length: 1
Time elapsed 0.00 min
Memory used: 7.01 GB
Loaded train data from ../dataset/cola/train/1.npz
Data length: 1
Time elapsed 0.01 min
Memory used: 7.01 GB
------------------------- time cost ------------------------- 11.302727222442627

-------------Round number: 18-------------

Evaluate global model
Loaded test data from ../dataset/cola/test/0.npz
Data length: 1
metric.compute(): {'accuracy': 0.6984126984126984}
ct, ns, auc: 0.6984126984126984, 0, 0
Loaded test data from ../dataset/cola/test/1.npz
Data length: 1
metric.compute(): {'accuracy': 0.6716417910447762}
ct, ns, auc: 0.6716417910447762, 0, 0
Loaded test data from ../dataset/cola/test/2.npz
Data length: 1
metric.compute(): {'accuracy': 0.7125}
ct, ns, auc: 0.7125, 0, 0
Loaded test data from ../dataset/cola/test/3.npz
Data length: 1
metric.compute(): {'accuracy': 0.7144808743169399}
ct, ns, auc: 0.7144808743169399, 0, 0
Loaded test data from ../dataset/cola/test/4.npz
Data length: 1
metric.compute(): {'accuracy': 0.8}
ct, ns, auc: 0.8, 0, 0
Loaded test data from ../dataset/cola/test/5.npz
Data length: 1
metric.compute(): {'accuracy': 0.7927461139896373}
ct, ns, auc: 0.7927461139896373, 0, 0
Loaded test data from ../dataset/cola/test/6.npz
Data length: 1
metric.compute(): {'accuracy': 0.7712765957446809}
ct, ns, auc: 0.7712765957446809, 0, 0
Loaded test data from ../dataset/cola/test/7.npz
Data length: 1
metric.compute(): {'accuracy': 0.6912280701754386}
ct, ns, auc: 0.6912280701754386, 0, 0
Loaded test data from ../dataset/cola/test/8.npz
Data length: 1
metric.compute(): {'accuracy': 0.6037735849056604}
ct, ns, auc: 0.6037735849056604, 0, 0
Loaded test data from ../dataset/cola/test/9.npz
Data length: 1
metric.compute(): {'accuracy': 0.7792207792207793}
ct, ns, auc: 0.7792207792207793, 0, 0
ids: [0, 1, 2, 3, 4, 5, 6, 7, 8, 9]
stats[1]: [0, 0, 0, 0, 0, 0, 0, 0, 0, 0]
stats[2]: [0.6984126984126984, 0.6716417910447762, 0.7125, 0.7144808743169399, 0.8, 0.7927461139896373, 0.7712765957446809, 0.6912280701754386, 0.6037735849056604, 0.7792207792207793]
stats[3]: [0, 0, 0, 0, 0, 0, 0, 0, 0, 0]
Averaged Test Accuracy: 0.7235
Averaged Test AUC: 0.0000
Std Test Accuracy: 0.0623
Std Test AUC: 0.0000
Loaded train data from ../dataset/cola/train/6.npz
Data length: 1
Time elapsed 0.00 min
Memory used: 7.01 GB
Loaded train data from ../dataset/cola/train/1.npz
Data length: 1
Time elapsed 0.01 min
Memory used: 7.01 GB
Loaded train data from ../dataset/cola/train/4.npz
Data length: 1
Time elapsed 0.00 min
Memory used: 7.01 GB
Loaded train data from ../dataset/cola/train/8.npz
Data length: 1
Time elapsed 0.00 min
Memory used: 7.01 GB
Loaded train data from ../dataset/cola/train/9.npz
Data length: 1
Time elapsed 0.00 min
Memory used: 7.01 GB
Loaded train data from ../dataset/cola/train/5.npz
Data length: 1
Time elapsed 0.01 min
Memory used: 7.01 GB
Loaded train data from ../dataset/cola/train/3.npz
Data length: 1
Time elapsed 0.01 min
Memory used: 7.01 GB
Loaded train data from ../dataset/cola/train/2.npz
Data length: 1
Time elapsed 0.00 min
Memory used: 7.01 GB
Loaded train data from ../dataset/cola/train/7.npz
Data length: 1
Time elapsed 0.01 min
Memory used: 7.01 GB
Loaded train data from ../dataset/cola/train/0.npz
Data length: 1
Time elapsed 0.00 min
Memory used: 7.01 GB
------------------------- time cost ------------------------- 11.566919565200806

-------------Round number: 19-------------

Evaluate global model
Loaded test data from ../dataset/cola/test/0.npz
Data length: 1
metric.compute(): {'accuracy': 0.6878306878306878}
ct, ns, auc: 0.6878306878306878, 0, 0
Loaded test data from ../dataset/cola/test/1.npz
Data length: 1
metric.compute(): {'accuracy': 0.6766169154228856}
ct, ns, auc: 0.6766169154228856, 0, 0
Loaded test data from ../dataset/cola/test/2.npz
Data length: 1
metric.compute(): {'accuracy': 0.725}
ct, ns, auc: 0.725, 0, 0
Loaded test data from ../dataset/cola/test/3.npz
Data length: 1
metric.compute(): {'accuracy': 0.7377049180327869}
ct, ns, auc: 0.7377049180327869, 0, 0
Loaded test data from ../dataset/cola/test/4.npz
Data length: 1
metric.compute(): {'accuracy': 0.8}
ct, ns, auc: 0.8, 0, 0
Loaded test data from ../dataset/cola/test/5.npz
Data length: 1
metric.compute(): {'accuracy': 0.8005181347150259}
ct, ns, auc: 0.8005181347150259, 0, 0
Loaded test data from ../dataset/cola/test/6.npz
Data length: 1
metric.compute(): {'accuracy': 0.7659574468085106}
ct, ns, auc: 0.7659574468085106, 0, 0
Loaded test data from ../dataset/cola/test/7.npz
Data length: 1
metric.compute(): {'accuracy': 0.6982456140350877}
ct, ns, auc: 0.6982456140350877, 0, 0
Loaded test data from ../dataset/cola/test/8.npz
Data length: 1
metric.compute(): {'accuracy': 0.6226415094339622}
ct, ns, auc: 0.6226415094339622, 0, 0
Loaded test data from ../dataset/cola/test/9.npz
Data length: 1
metric.compute(): {'accuracy': 0.7402597402597403}
ct, ns, auc: 0.7402597402597403, 0, 0
ids: [0, 1, 2, 3, 4, 5, 6, 7, 8, 9]
stats[1]: [0, 0, 0, 0, 0, 0, 0, 0, 0, 0]
stats[2]: [0.6878306878306878, 0.6766169154228856, 0.725, 0.7377049180327869, 0.8, 0.8005181347150259, 0.7659574468085106, 0.6982456140350877, 0.6226415094339622, 0.7402597402597403]
stats[3]: [0, 0, 0, 0, 0, 0, 0, 0, 0, 0]
Averaged Test Accuracy: 0.7255
Averaged Test AUC: 0.0000
Std Test Accuracy: 0.0561
Std Test AUC: 0.0000
Loaded train data from ../dataset/cola/train/5.npz
Data length: 1
Time elapsed 0.01 min
Memory used: 7.01 GB
Loaded train data from ../dataset/cola/train/6.npz
Data length: 1
Time elapsed 0.00 min
Memory used: 7.01 GB
Loaded train data from ../dataset/cola/train/1.npz
Data length: 1
Time elapsed 0.01 min
Memory used: 7.01 GB
Loaded train data from ../dataset/cola/train/4.npz
Data length: 1
Time elapsed 0.00 min
Memory used: 7.01 GB
Loaded train data from ../dataset/cola/train/3.npz
Data length: 1
Time elapsed 0.01 min
Memory used: 7.01 GB
Loaded train data from ../dataset/cola/train/7.npz
Data length: 1
Time elapsed 0.01 min
Memory used: 7.01 GB
Loaded train data from ../dataset/cola/train/0.npz
Data length: 1
Time elapsed 0.00 min
Memory used: 7.01 GB
Loaded train data from ../dataset/cola/train/8.npz
Data length: 1
Time elapsed 0.00 min
Memory used: 7.01 GB
Loaded train data from ../dataset/cola/train/9.npz
Data length: 1
Time elapsed 0.00 min
Memory used: 7.01 GB
Loaded train data from ../dataset/cola/train/2.npz
Data length: 1
Time elapsed 0.00 min
Memory used: 7.01 GB
------------------------- time cost ------------------------- 11.826176166534424

-------------Round number: 20-------------

Evaluate global model
Loaded test data from ../dataset/cola/test/0.npz
Data length: 1
metric.compute(): {'accuracy': 0.6931216931216931}
ct, ns, auc: 0.6931216931216931, 0, 0
Loaded test data from ../dataset/cola/test/1.npz
Data length: 1
metric.compute(): {'accuracy': 0.681592039800995}
ct, ns, auc: 0.681592039800995, 0, 0
Loaded test data from ../dataset/cola/test/2.npz
Data length: 1
metric.compute(): {'accuracy': 0.725}
ct, ns, auc: 0.725, 0, 0
Loaded test data from ../dataset/cola/test/3.npz
Data length: 1
metric.compute(): {'accuracy': 0.7459016393442623}
ct, ns, auc: 0.7459016393442623, 0, 0
Loaded test data from ../dataset/cola/test/4.npz
Data length: 1
metric.compute(): {'accuracy': 0.8}
ct, ns, auc: 0.8, 0, 0
Loaded test data from ../dataset/cola/test/5.npz
Data length: 1
metric.compute(): {'accuracy': 0.8005181347150259}
ct, ns, auc: 0.8005181347150259, 0, 0
Loaded test data from ../dataset/cola/test/6.npz
Data length: 1
metric.compute(): {'accuracy': 0.7712765957446809}
ct, ns, auc: 0.7712765957446809, 0, 0
Loaded test data from ../dataset/cola/test/7.npz
Data length: 1
metric.compute(): {'accuracy': 0.712280701754386}
ct, ns, auc: 0.712280701754386, 0, 0
Loaded test data from ../dataset/cola/test/8.npz
Data length: 1
metric.compute(): {'accuracy': 0.6226415094339622}
ct, ns, auc: 0.6226415094339622, 0, 0
Loaded test data from ../dataset/cola/test/9.npz
Data length: 1
metric.compute(): {'accuracy': 0.7792207792207793}
ct, ns, auc: 0.7792207792207793, 0, 0
ids: [0, 1, 2, 3, 4, 5, 6, 7, 8, 9]
stats[1]: [0, 0, 0, 0, 0, 0, 0, 0, 0, 0]
stats[2]: [0.6931216931216931, 0.681592039800995, 0.725, 0.7459016393442623, 0.8, 0.8005181347150259, 0.7712765957446809, 0.712280701754386, 0.6226415094339622, 0.7792207792207793]
stats[3]: [0, 0, 0, 0, 0, 0, 0, 0, 0, 0]
Averaged Test Accuracy: 0.7332
Averaged Test AUC: 0.0000
Std Test Accuracy: 0.0575
Std Test AUC: 0.0000
Loaded train data from ../dataset/cola/train/4.npz
Data length: 1
Time elapsed 0.00 min
Memory used: 7.01 GB
Loaded train data from ../dataset/cola/train/9.npz
Data length: 1
Time elapsed 0.00 min
Memory used: 7.01 GB
Loaded train data from ../dataset/cola/train/3.npz
Data length: 1
Time elapsed 0.01 min
Memory used: 7.01 GB
Loaded train data from ../dataset/cola/train/0.npz
Data length: 1
Time elapsed 0.00 min
Memory used: 7.01 GB
Loaded train data from ../dataset/cola/train/8.npz
Data length: 1
Time elapsed 0.00 min
Memory used: 7.01 GB
Loaded train data from ../dataset/cola/train/7.npz
Data length: 1
