GPU details saved to $output_file
__TORCH Version: 2.3.1+cu121
__CUDNN Version: 8902
__CUDA version:  12.1
__Number CUDA Devices: 1
__CUDA Device Name: NVIDIA A100-SXM4-40GB
__CUDA Device Total Memory [GB]: 42.297786368
__CUDA Device Total Memory [GB]: 42.297786368
args.dataset: sogou_news
args.num_labels: 5
==================================================
Personalized Federated Learning: True
Uniform Weight: False
Normalized Rank: False
Normalized Alpha: False
lora_rank: 1
lora_alpha: 1
lora_dropout: 0.0
lora_query: True
lora_key: True
lora_value: True
lora_projection: True
lora_mlp: True
lora_head: True
aa_bottleneck_reduction: 1
aa_text: False
aa_vision: False
ca_bottleneck_reduction: 4
ca_text: False
ca_vision: False
Seed: 42
Algorithm: flora
Local batch size: 64
Local epochs: 1
Local learing rate: 0.0005
Local learing rate decay: False
Total number of clients: 10
Clients join in each round: 1.0
Clients randomly join: False
Client drop rate: 0.0
Client select regarding time: False
Running times: 1
Dataset: sogou_news
Number of classes: 10
Backbone: distilbert
Using device: cuda
Using DP: False
Auto break: False
Global rounds: 50
Cuda device id: 2
DLG attack: False
Total number of new clients: 0
Fine tuning epoches on new clients: 0
==================================================

============= Running time: 0th =============
Creating server and clients ...
Loaded train data from ../dataset/sogou_news/train/0.npz
Data length: 1
Loaded test data from ../dataset/sogou_news/test/0.npz
Data length: 1
self.lora_params: {'rank': 1, 'alpha': 1, 'dropout': 0.0, 'lora_query': True, 'lora_key': True, 'lora_value': True, 'lora_projection': True, 'lora_mlp': True, 'lora_head': True}
Loaded train data from ../dataset/sogou_news/train/1.npz
Data length: 1
Loaded test data from ../dataset/sogou_news/test/1.npz
Data length: 1
self.lora_params: {'rank': 1, 'alpha': 1, 'dropout': 0.0, 'lora_query': True, 'lora_key': True, 'lora_value': True, 'lora_projection': True, 'lora_mlp': True, 'lora_head': True}
Loaded train data from ../dataset/sogou_news/train/2.npz
Data length: 1
Loaded test data from ../dataset/sogou_news/test/2.npz
Data length: 1
self.lora_params: {'rank': 1, 'alpha': 1, 'dropout': 0.0, 'lora_query': True, 'lora_key': True, 'lora_value': True, 'lora_projection': True, 'lora_mlp': True, 'lora_head': True}
Loaded train data from ../dataset/sogou_news/train/3.npz
Data length: 1
Loaded test data from ../dataset/sogou_news/test/3.npz
Data length: 1
self.lora_params: {'rank': 1, 'alpha': 1, 'dropout': 0.0, 'lora_query': True, 'lora_key': True, 'lora_value': True, 'lora_projection': True, 'lora_mlp': True, 'lora_head': True}
Loaded train data from ../dataset/sogou_news/train/4.npz
Data length: 1
Loaded test data from ../dataset/sogou_news/test/4.npz
Data length: 1
self.lora_params: {'rank': 1, 'alpha': 1, 'dropout': 0.0, 'lora_query': True, 'lora_key': True, 'lora_value': True, 'lora_projection': True, 'lora_mlp': True, 'lora_head': True}
Loaded train data from ../dataset/sogou_news/train/5.npz
Data length: 1
Loaded test data from ../dataset/sogou_news/test/5.npz
Data length: 1
self.lora_params: {'rank': 1, 'alpha': 1, 'dropout': 0.0, 'lora_query': True, 'lora_key': True, 'lora_value': True, 'lora_projection': True, 'lora_mlp': True, 'lora_head': True}
Loaded train data from ../dataset/sogou_news/train/6.npz
Data length: 1
Loaded test data from ../dataset/sogou_news/test/6.npz
Data length: 1
self.lora_params: {'rank': 1, 'alpha': 1, 'dropout': 0.0, 'lora_query': True, 'lora_key': True, 'lora_value': True, 'lora_projection': True, 'lora_mlp': True, 'lora_head': True}
Loaded train data from ../dataset/sogou_news/train/7.npz
Data length: 1
Loaded test data from ../dataset/sogou_news/test/7.npz
Data length: 1
self.lora_params: {'rank': 1, 'alpha': 1, 'dropout': 0.0, 'lora_query': True, 'lora_key': True, 'lora_value': True, 'lora_projection': True, 'lora_mlp': True, 'lora_head': True}
Loaded train data from ../dataset/sogou_news/train/8.npz
Data length: 1
Loaded test data from ../dataset/sogou_news/test/8.npz
Data length: 1
self.lora_params: {'rank': 1, 'alpha': 1, 'dropout': 0.0, 'lora_query': True, 'lora_key': True, 'lora_value': True, 'lora_projection': True, 'lora_mlp': True, 'lora_head': True}
Loaded train data from ../dataset/sogou_news/train/9.npz
Data length: 1
Loaded test data from ../dataset/sogou_news/test/9.npz
Data length: 1
self.lora_params: {'rank': 1, 'alpha': 1, 'dropout': 0.0, 'lora_query': True, 'lora_key': True, 'lora_value': True, 'lora_projection': True, 'lora_mlp': True, 'lora_head': True}

Join ratio / total clients: 1.0 / 10
Finished creating server and clients.

-------------Round number: 0-------------

Evaluate global model
Loaded test data from ../dataset/sogou_news/test/0.npz
Data length: 1
metric.compute(): {'accuracy': 0.1948035567887999}
ct, ns, auc: 0.1948035567887999, 0, 0
Loaded test data from ../dataset/sogou_news/test/1.npz
Data length: 1
metric.compute(): {'accuracy': 0.18645833333333334}
ct, ns, auc: 0.18645833333333334, 0, 0
Loaded test data from ../dataset/sogou_news/test/2.npz
Data length: 1
metric.compute(): {'accuracy': 0.5}
ct, ns, auc: 0.5, 0, 0
Loaded test data from ../dataset/sogou_news/test/3.npz
Data length: 1
metric.compute(): {'accuracy': 0.03402968144437092}
ct, ns, auc: 0.03402968144437092, 0, 0
Loaded test data from ../dataset/sogou_news/test/4.npz
Data length: 1
metric.compute(): {'accuracy': 0.15716123499142368}
ct, ns, auc: 0.15716123499142368, 0, 0
Loaded test data from ../dataset/sogou_news/test/5.npz
Data length: 1
metric.compute(): {'accuracy': 0.14892869687390237}
ct, ns, auc: 0.14892869687390237, 0, 0
Loaded test data from ../dataset/sogou_news/test/6.npz
Data length: 1
metric.compute(): {'accuracy': 0.13207858675912168}
ct, ns, auc: 0.13207858675912168, 0, 0
Loaded test data from ../dataset/sogou_news/test/7.npz
Data length: 1
metric.compute(): {'accuracy': 0.20306605666586403}
ct, ns, auc: 0.20306605666586403, 0, 0
Loaded test data from ../dataset/sogou_news/test/8.npz
Data length: 1
metric.compute(): {'accuracy': 0.4839426378509392}
ct, ns, auc: 0.4839426378509392, 0, 0
Loaded test data from ../dataset/sogou_news/test/9.npz
Data length: 1
metric.compute(): {'accuracy': 0.1539814448401706}
ct, ns, auc: 0.1539814448401706, 0, 0
ids: [0, 1, 2, 3, 4, 5, 6, 7, 8, 9]
stats[1]: [0, 0, 0, 0, 0, 0, 0, 0, 0, 0]
stats[2]: [0.1948035567887999, 0.18645833333333334, 0.5, 0.03402968144437092, 0.15716123499142368, 0.14892869687390237, 0.13207858675912168, 0.20306605666586403, 0.4839426378509392, 0.1539814448401706]
stats[3]: [0, 0, 0, 0, 0, 0, 0, 0, 0, 0]
Averaged Test Accuracy: 0.2194
Averaged Test AUC: 0.0000
Std Test Accuracy: 0.1512
Std Test AUC: 0.0000
Loaded train data from ../dataset/sogou_news/train/8.npz
Data length: 1
Time elapsed 6.39 min
Memory used: 25.82 GB
Loaded train data from ../dataset/sogou_news/train/1.npz
Data length: 1
Time elapsed 16.09 min
Memory used: 25.82 GB
Loaded train data from ../dataset/sogou_news/train/5.npz
Data length: 1
Time elapsed 1.22 min
Memory used: 25.83 GB
Loaded train data from ../dataset/sogou_news/train/0.npz
Data length: 1
Time elapsed 6.81 min
Memory used: 25.83 GB
Loaded train data from ../dataset/sogou_news/train/7.npz
Data length: 1
Time elapsed 5.35 min
Memory used: 25.83 GB
Loaded train data from ../dataset/sogou_news/train/2.npz
Data length: 1
Time elapsed 0.00 min
Memory used: 25.83 GB
Loaded train data from ../dataset/sogou_news/train/9.npz
Data length: 1
Time elapsed 9.78 min
Memory used: 25.83 GB
Loaded train data from ../dataset/sogou_news/train/4.npz
Data length: 1
Time elapsed 2.00 min
Memory used: 25.83 GB
Loaded train data from ../dataset/sogou_news/train/3.npz
Data length: 1
Time elapsed 4.54 min
Memory used: 25.83 GB
Loaded train data from ../dataset/sogou_news/train/6.npz
Data length: 1
Time elapsed 2.60 min
Memory used: 25.83 GB
------------------------- time cost ------------------------- 3968.236386537552

-------------Round number: 1-------------

Evaluate global model
Loaded test data from ../dataset/sogou_news/test/0.npz
Data length: 1
metric.compute(): {'accuracy': 0.4023459670807845}
ct, ns, auc: 0.4023459670807845, 0, 0
Loaded test data from ../dataset/sogou_news/test/1.npz
Data length: 1
metric.compute(): {'accuracy': 0.44006410256410255}
ct, ns, auc: 0.44006410256410255, 0, 0
Loaded test data from ../dataset/sogou_news/test/2.npz
Data length: 1
metric.compute(): {'accuracy': 0.5}
ct, ns, auc: 0.5, 0, 0
Loaded test data from ../dataset/sogou_news/test/3.npz
Data length: 1
metric.compute(): {'accuracy': 0.7516778523489933}
ct, ns, auc: 0.7516778523489933, 0, 0
Loaded test data from ../dataset/sogou_news/test/4.npz
Data length: 1
metric.compute(): {'accuracy': 0.24120926243567753}
ct, ns, auc: 0.24120926243567753, 0, 0
Loaded test data from ../dataset/sogou_news/test/5.npz
Data length: 1
metric.compute(): {'accuracy': 0.25957147874956094}
ct, ns, auc: 0.25957147874956094, 0, 0
Loaded test data from ../dataset/sogou_news/test/6.npz
Data length: 1
metric.compute(): {'accuracy': 0.4642562324583127}
ct, ns, auc: 0.4642562324583127, 0, 0
Loaded test data from ../dataset/sogou_news/test/7.npz
Data length: 1
metric.compute(): {'accuracy': 0.142467292720122}
ct, ns, auc: 0.142467292720122, 0, 0
Loaded test data from ../dataset/sogou_news/test/8.npz
Data length: 1
metric.compute(): {'accuracy': 0.49195448730896113}
ct, ns, auc: 0.49195448730896113, 0, 0
Loaded test data from ../dataset/sogou_news/test/9.npz
Data length: 1
metric.compute(): {'accuracy': 0.4351668645297454}
ct, ns, auc: 0.4351668645297454, 0, 0
ids: [0, 1, 2, 3, 4, 5, 6, 7, 8, 9]
stats[1]: [0, 0, 0, 0, 0, 0, 0, 0, 0, 0]
stats[2]: [0.4023459670807845, 0.44006410256410255, 0.5, 0.7516778523489933, 0.24120926243567753, 0.25957147874956094, 0.4642562324583127, 0.142467292720122, 0.49195448730896113, 0.4351668645297454]
stats[3]: [0, 0, 0, 0, 0, 0, 0, 0, 0, 0]
Averaged Test Accuracy: 0.4129
Averaged Test AUC: 0.0000
Std Test Accuracy: 0.1695
Std Test AUC: 0.0000
Loaded train data from ../dataset/sogou_news/train/4.npz
Data length: 1
Time elapsed 2.00 min
Memory used: 25.83 GB
Loaded train data from ../dataset/sogou_news/train/1.npz
Data length: 1
Time elapsed 16.09 min
Memory used: 25.83 GB
Loaded train data from ../dataset/sogou_news/train/9.npz
Data length: 1
Time elapsed 9.78 min
Memory used: 25.83 GB
Loaded train data from ../dataset/sogou_news/train/8.npz
Data length: 1
Time elapsed 6.38 min
Memory used: 25.83 GB
Loaded train data from ../dataset/sogou_news/train/3.npz
Data length: 1
Time elapsed 4.54 min
Memory used: 25.83 GB
Loaded train data from ../dataset/sogou_news/train/2.npz
Data length: 1
Time elapsed 0.00 min
Memory used: 25.83 GB
Loaded train data from ../dataset/sogou_news/train/7.npz
Data length: 1
Time elapsed 5.35 min
Memory used: 25.83 GB
Loaded train data from ../dataset/sogou_news/train/0.npz
Data length: 1
Time elapsed 6.82 min
Memory used: 25.83 GB
Loaded train data from ../dataset/sogou_news/train/5.npz
Data length: 1
Time elapsed 1.22 min
Memory used: 25.83 GB
Loaded train data from ../dataset/sogou_news/train/6.npz
Data length: 1
Time elapsed 2.60 min
Memory used: 25.83 GB
------------------------- time cost ------------------------- 3974.4991953372955

-------------Round number: 2-------------

Evaluate global model
Loaded test data from ../dataset/sogou_news/test/0.npz
Data length: 1
metric.compute(): {'accuracy': 0.6057892413445166}
ct, ns, auc: 0.6057892413445166, 0, 0
Loaded test data from ../dataset/sogou_news/test/1.npz
Data length: 1
metric.compute(): {'accuracy': 0.7856303418803419}
ct, ns, auc: 0.7856303418803419, 0, 0
Loaded test data from ../dataset/sogou_news/test/2.npz
Data length: 1
metric.compute(): {'accuracy': 0.5}
ct, ns, auc: 0.5, 0, 0
Loaded test data from ../dataset/sogou_news/test/3.npz
Data length: 1
metric.compute(): {'accuracy': 0.7599016920313829}
ct, ns, auc: 0.7599016920313829, 0, 0
Loaded test data from ../dataset/sogou_news/test/4.npz
Data length: 1
metric.compute(): {'accuracy': 0.6269296740994854}
ct, ns, auc: 0.6269296740994854, 0, 0
Loaded test data from ../dataset/sogou_news/test/5.npz
Data length: 1
metric.compute(): {'accuracy': 0.3951527924130664}
ct, ns, auc: 0.3951527924130664, 0, 0
Loaded test data from ../dataset/sogou_news/test/6.npz
Data length: 1
metric.compute(): {'accuracy': 0.5839524517087668}
ct, ns, auc: 0.5839524517087668, 0, 0
Loaded test data from ../dataset/sogou_news/test/7.npz
Data length: 1
metric.compute(): {'accuracy': 0.4701019343446505}
ct, ns, auc: 0.4701019343446505, 0, 0
Loaded test data from ../dataset/sogou_news/test/8.npz
Data length: 1
metric.compute(): {'accuracy': 0.4867703494243587}
ct, ns, auc: 0.4867703494243587, 0, 0
Loaded test data from ../dataset/sogou_news/test/9.npz
Data length: 1
metric.compute(): {'accuracy': 0.6172448665523458}
ct, ns, auc: 0.6172448665523458, 0, 0
ids: [0, 1, 2, 3, 4, 5, 6, 7, 8, 9]
stats[1]: [0, 0, 0, 0, 0, 0, 0, 0, 0, 0]
stats[2]: [0.6057892413445166, 0.7856303418803419, 0.5, 0.7599016920313829, 0.6269296740994854, 0.3951527924130664, 0.5839524517087668, 0.4701019343446505, 0.4867703494243587, 0.6172448665523458]
stats[3]: [0, 0, 0, 0, 0, 0, 0, 0, 0, 0]
Averaged Test Accuracy: 0.5831
Averaged Test AUC: 0.0000
Std Test Accuracy: 0.1248
Std Test AUC: 0.0000
Loaded train data from ../dataset/sogou_news/train/0.npz
Data length: 1
Time elapsed 6.81 min
Memory used: 25.83 GB
Loaded train data from ../dataset/sogou_news/train/9.npz
Data length: 1
Time elapsed 9.78 min
Memory used: 25.83 GB
Loaded train data from ../dataset/sogou_news/train/3.npz
Data length: 1
Time elapsed 4.54 min
Memory used: 25.83 GB
Loaded train data from ../dataset/sogou_news/train/6.npz
Data length: 1
Time elapsed 2.60 min
Memory used: 25.83 GB
Loaded train data from ../dataset/sogou_news/train/1.npz
Data length: 1
Time elapsed 16.09 min
Memory used: 25.83 GB
Loaded train data from ../dataset/sogou_news/train/4.npz
Data length: 1
Time elapsed 2.00 min
Memory used: 25.83 GB
Loaded train data from ../dataset/sogou_news/train/5.npz
Data length: 1
Time elapsed 1.22 min
Memory used: 25.83 GB
Loaded train data from ../dataset/sogou_news/train/8.npz
Data length: 1
Time elapsed 6.38 min
Memory used: 25.83 GB
Loaded train data from ../dataset/sogou_news/train/7.npz
Data length: 1
Time elapsed 5.35 min
Memory used: 25.83 GB
Loaded train data from ../dataset/sogou_news/train/2.npz
Data length: 1
Time elapsed 0.00 min
Memory used: 25.83 GB
------------------------- time cost ------------------------- 3973.7824745178223

-------------Round number: 3-------------

Evaluate global model
Loaded test data from ../dataset/sogou_news/test/0.npz
Data length: 1
metric.compute(): {'accuracy': 0.701835151668033}
ct, ns, auc: 0.701835151668033, 0, 0
Loaded test data from ../dataset/sogou_news/test/1.npz
Data length: 1
metric.compute(): {'accuracy': 0.8306089743589744}
ct, ns, auc: 0.8306089743589744, 0, 0
Loaded test data from ../dataset/sogou_news/test/2.npz
Data length: 1
metric.compute(): {'accuracy': 0.25}
ct, ns, auc: 0.25, 0, 0
Loaded test data from ../dataset/sogou_news/test/3.npz
Data length: 1
metric.compute(): {'accuracy': 0.7535683902070139}
ct, ns, auc: 0.7535683902070139, 0, 0
Loaded test data from ../dataset/sogou_news/test/4.npz
Data length: 1
metric.compute(): {'accuracy': 0.6012006861063465}
ct, ns, auc: 0.6012006861063465, 0, 0
Loaded test data from ../dataset/sogou_news/test/5.npz
Data length: 1
metric.compute(): {'accuracy': 0.4474885844748858}
ct, ns, auc: 0.4474885844748858, 0, 0
Loaded test data from ../dataset/sogou_news/test/6.npz
Data length: 1
metric.compute(): {'accuracy': 0.4243024599636784}
ct, ns, auc: 0.4243024599636784, 0, 0
Loaded test data from ../dataset/sogou_news/test/7.npz
Data length: 1
metric.compute(): {'accuracy': 0.6908259089814592}
ct, ns, auc: 0.6908259089814592, 0, 0
Loaded test data from ../dataset/sogou_news/test/8.npz
Data length: 1
metric.compute(): {'accuracy': 0.7234228775331583}
ct, ns, auc: 0.7234228775331583, 0, 0
Loaded test data from ../dataset/sogou_news/test/9.npz
Data length: 1
metric.compute(): {'accuracy': 0.7214967242668073}
ct, ns, auc: 0.7214967242668073, 0, 0
ids: [0, 1, 2, 3, 4, 5, 6, 7, 8, 9]
stats[1]: [0, 0, 0, 0, 0, 0, 0, 0, 0, 0]
stats[2]: [0.701835151668033, 0.8306089743589744, 0.25, 0.7535683902070139, 0.6012006861063465, 0.4474885844748858, 0.4243024599636784, 0.6908259089814592, 0.7234228775331583, 0.7214967242668073]
stats[3]: [0, 0, 0, 0, 0, 0, 0, 0, 0, 0]
Averaged Test Accuracy: 0.6145
Averaged Test AUC: 0.0000
Std Test Accuracy: 0.1825
Std Test AUC: 0.0000
Loaded train data from ../dataset/sogou_news/train/0.npz
Data length: 1
Time elapsed 6.81 min
Memory used: 25.83 GB
Loaded train data from ../dataset/sogou_news/train/7.npz
Data length: 1
Time elapsed 5.35 min
Memory used: 25.83 GB
Loaded train data from ../dataset/sogou_news/train/6.npz
Data length: 1
Time elapsed 2.60 min
Memory used: 25.83 GB
Loaded train data from ../dataset/sogou_news/train/3.npz
Data length: 1
Time elapsed 4.54 min
Memory used: 25.83 GB
Loaded train data from ../dataset/sogou_news/train/4.npz
Data length: 1
Time elapsed 2.00 min
Memory used: 25.83 GB
Loaded train data from ../dataset/sogou_news/train/8.npz
Data length: 1
Time elapsed 6.38 min
Memory used: 25.83 GB
Loaded train data from ../dataset/sogou_news/train/5.npz
Data length: 1
Time elapsed 1.22 min
Memory used: 25.83 GB
Loaded train data from ../dataset/sogou_news/train/2.npz
Data length: 1
Time elapsed 0.00 min
Memory used: 25.83 GB
Loaded train data from ../dataset/sogou_news/train/1.npz
Data length: 1
Time elapsed 16.09 min
Memory used: 25.83 GB
Loaded train data from ../dataset/sogou_news/train/9.npz
Data length: 1
Time elapsed 9.78 min
Memory used: 25.83 GB
------------------------- time cost ------------------------- 3972.6672706604004

-------------Round number: 4-------------

Evaluate global model
Loaded test data from ../dataset/sogou_news/test/0.npz
Data length: 1
metric.compute(): {'accuracy': 0.7321056946458977}
ct, ns, auc: 0.7321056946458977, 0, 0
Loaded test data from ../dataset/sogou_news/test/1.npz
Data length: 1
metric.compute(): {'accuracy': 0.8315972222222222}
ct, ns, auc: 0.8315972222222222, 0, 0
Loaded test data from ../dataset/sogou_news/test/2.npz
Data length: 1
metric.compute(): {'accuracy': 0.25}
ct, ns, auc: 0.25, 0, 0
Loaded test data from ../dataset/sogou_news/test/3.npz
Data length: 1
metric.compute(): {'accuracy': 0.7979960298704981}
ct, ns, auc: 0.7979960298704981, 0, 0
Loaded test data from ../dataset/sogou_news/test/4.npz
Data length: 1
metric.compute(): {'accuracy': 0.5793310463121784}
ct, ns, auc: 0.5793310463121784, 0, 0
Loaded test data from ../dataset/sogou_news/test/5.npz
Data length: 1
metric.compute(): {'accuracy': 0.40533895328415875}
ct, ns, auc: 0.40533895328415875, 0, 0
Loaded test data from ../dataset/sogou_news/test/6.npz
Data length: 1
metric.compute(): {'accuracy': 0.3630510153541357}
ct, ns, auc: 0.3630510153541357, 0, 0
Loaded test data from ../dataset/sogou_news/test/7.npz
Data length: 1
metric.compute(): {'accuracy': 0.6413034753993098}
ct, ns, auc: 0.6413034753993098, 0, 0
Loaded test data from ../dataset/sogou_news/test/8.npz
Data length: 1
metric.compute(): {'accuracy': 0.7405237999057429}
ct, ns, auc: 0.7405237999057429, 0, 0
Loaded test data from ../dataset/sogou_news/test/9.npz
Data length: 1
metric.compute(): {'accuracy': 0.7630040012311481}
ct, ns, auc: 0.7630040012311481, 0, 0
ids: [0, 1, 2, 3, 4, 5, 6, 7, 8, 9]
stats[1]: [0, 0, 0, 0, 0, 0, 0, 0, 0, 0]
stats[2]: [0.7321056946458977, 0.8315972222222222, 0.25, 0.7979960298704981, 0.5793310463121784, 0.40533895328415875, 0.3630510153541357, 0.6413034753993098, 0.7405237999057429, 0.7630040012311481]
stats[3]: [0, 0, 0, 0, 0, 0, 0, 0, 0, 0]
Averaged Test Accuracy: 0.6104
Averaged Test AUC: 0.0000
Std Test Accuracy: 0.2039
Std Test AUC: 0.0000
Loaded train data from ../dataset/sogou_news/train/0.npz
Data length: 1
Time elapsed 6.81 min
Memory used: 25.83 GB
Loaded train data from ../dataset/sogou_news/train/2.npz
Data length: 1
Time elapsed 0.00 min
Memory used: 25.83 GB
Loaded train data from ../dataset/sogou_news/train/4.npz
Data length: 1
Time elapsed 2.00 min
Memory used: 25.83 GB
Loaded train data from ../dataset/sogou_news/train/6.npz
Data length: 1
Time elapsed 2.60 min
Memory used: 25.83 GB
Loaded train data from ../dataset/sogou_news/train/9.npz
Data length: 1
Time elapsed 9.78 min
Memory used: 25.83 GB
Loaded train data from ../dataset/sogou_news/train/3.npz
Data length: 1
Time elapsed 4.54 min
Memory used: 25.83 GB
Loaded train data from ../dataset/sogou_news/train/8.npz
Data length: 1
Time elapsed 6.38 min
Memory used: 25.83 GB
Loaded train data from ../dataset/sogou_news/train/7.npz
Data length: 1
Time elapsed 5.35 min
Memory used: 25.83 GB
Loaded train data from ../dataset/sogou_news/train/5.npz
Data length: 1
Time elapsed 1.22 min
Memory used: 25.83 GB
Loaded train data from ../dataset/sogou_news/train/1.npz
Data length: 1
