GPU details saved to $output_file
__TORCH Version: 2.3.1+cu121
__CUDNN Version: 8902
__CUDA version:  12.1
__Number CUDA Devices: 1
__CUDA Device Name: NVIDIA A100-SXM4-40GB
__CUDA Device Total Memory [GB]: 42.297786368
__CUDA Device Total Memory [GB]: 42.297786368
args.dataset: sogou_news
args.num_labels: 5
==================================================
Personalized Federated Learning: True
Uniform Weight: False
Normalized Rank: False
Normalized Alpha: False
lora_rank: 1
lora_alpha: 1
lora_dropout: 0.05
lora_query: True
lora_key: True
lora_value: True
lora_projection: True
lora_mlp: True
lora_head: True
aa_bottleneck_reduction: 1
aa_text: False
aa_vision: False
ca_bottleneck_reduction: 4
ca_text: False
ca_vision: False
Seed: 42
Algorithm: flora
Local batch size: 64
Local epochs: 1
Local learing rate: 0.0005
Local learing rate decay: False
Total number of clients: 10
Clients join in each round: 1.0
Clients randomly join: False
Client drop rate: 0.0
Client select regarding time: False
Running times: 1
Dataset: sogou_news
Number of classes: 10
Backbone: distilbert
Using device: cuda
Using DP: False
Auto break: False
Global rounds: 50
Cuda device id: 2
DLG attack: False
Total number of new clients: 0
Fine tuning epoches on new clients: 0
==================================================

============= Running time: 0th =============
Creating server and clients ...
Loaded train data from ../dataset/sogou_news/train/0.npz
Data length: 1
Loaded test data from ../dataset/sogou_news/test/0.npz
Data length: 1
self.lora_params: {'rank': 1, 'alpha': 1, 'dropout': 0.05, 'lora_query': True, 'lora_key': True, 'lora_value': True, 'lora_projection': True, 'lora_mlp': True, 'lora_head': True}
Loaded train data from ../dataset/sogou_news/train/1.npz
Data length: 1
Loaded test data from ../dataset/sogou_news/test/1.npz
Data length: 1
self.lora_params: {'rank': 1, 'alpha': 1, 'dropout': 0.05, 'lora_query': True, 'lora_key': True, 'lora_value': True, 'lora_projection': True, 'lora_mlp': True, 'lora_head': True}
Loaded train data from ../dataset/sogou_news/train/2.npz
Data length: 1
Loaded test data from ../dataset/sogou_news/test/2.npz
Data length: 1
self.lora_params: {'rank': 1, 'alpha': 1, 'dropout': 0.05, 'lora_query': True, 'lora_key': True, 'lora_value': True, 'lora_projection': True, 'lora_mlp': True, 'lora_head': True}
Loaded train data from ../dataset/sogou_news/train/3.npz
Data length: 1
Loaded test data from ../dataset/sogou_news/test/3.npz
Data length: 1
self.lora_params: {'rank': 1, 'alpha': 1, 'dropout': 0.05, 'lora_query': True, 'lora_key': True, 'lora_value': True, 'lora_projection': True, 'lora_mlp': True, 'lora_head': True}
Loaded train data from ../dataset/sogou_news/train/4.npz
Data length: 1
Loaded test data from ../dataset/sogou_news/test/4.npz
Data length: 1
self.lora_params: {'rank': 1, 'alpha': 1, 'dropout': 0.05, 'lora_query': True, 'lora_key': True, 'lora_value': True, 'lora_projection': True, 'lora_mlp': True, 'lora_head': True}
Loaded train data from ../dataset/sogou_news/train/5.npz
Data length: 1
Loaded test data from ../dataset/sogou_news/test/5.npz
Data length: 1
self.lora_params: {'rank': 1, 'alpha': 1, 'dropout': 0.05, 'lora_query': True, 'lora_key': True, 'lora_value': True, 'lora_projection': True, 'lora_mlp': True, 'lora_head': True}
Loaded train data from ../dataset/sogou_news/train/6.npz
Data length: 1
Loaded test data from ../dataset/sogou_news/test/6.npz
Data length: 1
self.lora_params: {'rank': 1, 'alpha': 1, 'dropout': 0.05, 'lora_query': True, 'lora_key': True, 'lora_value': True, 'lora_projection': True, 'lora_mlp': True, 'lora_head': True}
Loaded train data from ../dataset/sogou_news/train/7.npz
Data length: 1
Loaded test data from ../dataset/sogou_news/test/7.npz
Data length: 1
self.lora_params: {'rank': 1, 'alpha': 1, 'dropout': 0.05, 'lora_query': True, 'lora_key': True, 'lora_value': True, 'lora_projection': True, 'lora_mlp': True, 'lora_head': True}
Loaded train data from ../dataset/sogou_news/train/8.npz
Data length: 1
Loaded test data from ../dataset/sogou_news/test/8.npz
Data length: 1
self.lora_params: {'rank': 1, 'alpha': 1, 'dropout': 0.05, 'lora_query': True, 'lora_key': True, 'lora_value': True, 'lora_projection': True, 'lora_mlp': True, 'lora_head': True}
Loaded train data from ../dataset/sogou_news/train/9.npz
Data length: 1
Loaded test data from ../dataset/sogou_news/test/9.npz
Data length: 1
self.lora_params: {'rank': 1, 'alpha': 1, 'dropout': 0.05, 'lora_query': True, 'lora_key': True, 'lora_value': True, 'lora_projection': True, 'lora_mlp': True, 'lora_head': True}

Join ratio / total clients: 1.0 / 10
Finished creating server and clients.

-------------Round number: 0-------------

Evaluate global model
Loaded test data from ../dataset/sogou_news/test/0.npz
Data length: 1
metric.compute(): {'accuracy': 0.1948035567887999}
ct, ns, auc: 0.1948035567887999, 0, 0
Loaded test data from ../dataset/sogou_news/test/1.npz
Data length: 1
metric.compute(): {'accuracy': 0.18645833333333334}
ct, ns, auc: 0.18645833333333334, 0, 0
Loaded test data from ../dataset/sogou_news/test/2.npz
Data length: 1
metric.compute(): {'accuracy': 0.5}
ct, ns, auc: 0.5, 0, 0
Loaded test data from ../dataset/sogou_news/test/3.npz
Data length: 1
metric.compute(): {'accuracy': 0.03402968144437092}
ct, ns, auc: 0.03402968144437092, 0, 0
Loaded test data from ../dataset/sogou_news/test/4.npz
Data length: 1
metric.compute(): {'accuracy': 0.15716123499142368}
ct, ns, auc: 0.15716123499142368, 0, 0
Loaded test data from ../dataset/sogou_news/test/5.npz
Data length: 1
metric.compute(): {'accuracy': 0.14892869687390237}
ct, ns, auc: 0.14892869687390237, 0, 0
Loaded test data from ../dataset/sogou_news/test/6.npz
Data length: 1
metric.compute(): {'accuracy': 0.13207858675912168}
ct, ns, auc: 0.13207858675912168, 0, 0
Loaded test data from ../dataset/sogou_news/test/7.npz
Data length: 1
metric.compute(): {'accuracy': 0.20306605666586403}
ct, ns, auc: 0.20306605666586403, 0, 0
Loaded test data from ../dataset/sogou_news/test/8.npz
Data length: 1
metric.compute(): {'accuracy': 0.4839426378509392}
ct, ns, auc: 0.4839426378509392, 0, 0
Loaded test data from ../dataset/sogou_news/test/9.npz
Data length: 1
metric.compute(): {'accuracy': 0.1539814448401706}
ct, ns, auc: 0.1539814448401706, 0, 0
ids: [0, 1, 2, 3, 4, 5, 6, 7, 8, 9]
stats[1]: [0, 0, 0, 0, 0, 0, 0, 0, 0, 0]
stats[2]: [0.1948035567887999, 0.18645833333333334, 0.5, 0.03402968144437092, 0.15716123499142368, 0.14892869687390237, 0.13207858675912168, 0.20306605666586403, 0.4839426378509392, 0.1539814448401706]
stats[3]: [0, 0, 0, 0, 0, 0, 0, 0, 0, 0]
Averaged Test Accuracy: 0.2194
Averaged Test AUC: 0.0000
Std Test Accuracy: 0.1512
Std Test AUC: 0.0000
Loaded train data from ../dataset/sogou_news/train/8.npz
Data length: 1
Time elapsed 6.60 min
Memory used: 28.06 GB
Loaded train data from ../dataset/sogou_news/train/1.npz
Data length: 1
Time elapsed 16.62 min
Memory used: 28.06 GB
Loaded train data from ../dataset/sogou_news/train/5.npz
Data length: 1
Time elapsed 1.26 min
Memory used: 28.07 GB
Loaded train data from ../dataset/sogou_news/train/0.npz
Data length: 1
Time elapsed 7.04 min
Memory used: 28.07 GB
Loaded train data from ../dataset/sogou_news/train/7.npz
Data length: 1
Time elapsed 5.52 min
Memory used: 28.07 GB
Loaded train data from ../dataset/sogou_news/train/2.npz
Data length: 1
Time elapsed 0.00 min
Memory used: 28.07 GB
Loaded train data from ../dataset/sogou_news/train/9.npz
Data length: 1
Time elapsed 10.10 min
Memory used: 28.07 GB
Loaded train data from ../dataset/sogou_news/train/4.npz
Data length: 1
Time elapsed 2.07 min
Memory used: 28.07 GB
Loaded train data from ../dataset/sogou_news/train/3.npz
Data length: 1
Time elapsed 4.69 min
Memory used: 28.07 GB
Loaded train data from ../dataset/sogou_news/train/6.npz
Data length: 1
Time elapsed 2.68 min
Memory used: 28.07 GB
------------------------- time cost ------------------------- 4079.645353794098

-------------Round number: 1-------------

Evaluate global model
Loaded test data from ../dataset/sogou_news/test/0.npz
Data length: 1
metric.compute(): {'accuracy': 0.46572491644068864}
ct, ns, auc: 0.46572491644068864, 0, 0
Loaded test data from ../dataset/sogou_news/test/1.npz
Data length: 1
metric.compute(): {'accuracy': 0.5400641025641025}
ct, ns, auc: 0.5400641025641025, 0, 0
Loaded test data from ../dataset/sogou_news/test/2.npz
Data length: 1
metric.compute(): {'accuracy': 0.5}
ct, ns, auc: 0.5, 0, 0
Loaded test data from ../dataset/sogou_news/test/3.npz
Data length: 1
metric.compute(): {'accuracy': 0.17525285943851027}
ct, ns, auc: 0.17525285943851027, 0, 0
Loaded test data from ../dataset/sogou_news/test/4.npz
Data length: 1
metric.compute(): {'accuracy': 0.20819039451114923}
ct, ns, auc: 0.20819039451114923, 0, 0
Loaded test data from ../dataset/sogou_news/test/5.npz
Data length: 1
metric.compute(): {'accuracy': 0.13206884439761152}
ct, ns, auc: 0.13206884439761152, 0, 0
Loaded test data from ../dataset/sogou_news/test/6.npz
Data length: 1
metric.compute(): {'accuracy': 0.31071487535083375}
ct, ns, auc: 0.31071487535083375, 0, 0
Loaded test data from ../dataset/sogou_news/test/7.npz
Data length: 1
metric.compute(): {'accuracy': 0.32891885384059716}
ct, ns, auc: 0.32891885384059716, 0, 0
Loaded test data from ../dataset/sogou_news/test/8.npz
Data length: 1
metric.compute(): {'accuracy': 0.5880966808052245}
ct, ns, auc: 0.5880966808052245, 0, 0
Loaded test data from ../dataset/sogou_news/test/9.npz
Data length: 1
metric.compute(): {'accuracy': 0.386976212460977}
ct, ns, auc: 0.386976212460977, 0, 0
ids: [0, 1, 2, 3, 4, 5, 6, 7, 8, 9]
stats[1]: [0, 0, 0, 0, 0, 0, 0, 0, 0, 0]
stats[2]: [0.46572491644068864, 0.5400641025641025, 0.5, 0.17525285943851027, 0.20819039451114923, 0.13206884439761152, 0.31071487535083375, 0.32891885384059716, 0.5880966808052245, 0.386976212460977]
stats[3]: [0, 0, 0, 0, 0, 0, 0, 0, 0, 0]
Averaged Test Accuracy: 0.3636
Averaged Test AUC: 0.0000
Std Test Accuracy: 0.1593
Std Test AUC: 0.0000
Loaded train data from ../dataset/sogou_news/train/4.npz
Data length: 1
Time elapsed 2.07 min
Memory used: 28.07 GB
Loaded train data from ../dataset/sogou_news/train/1.npz
Data length: 1
Time elapsed 16.62 min
Memory used: 28.07 GB
Loaded train data from ../dataset/sogou_news/train/9.npz
Data length: 1
Time elapsed 10.10 min
Memory used: 28.07 GB
Loaded train data from ../dataset/sogou_news/train/8.npz
Data length: 1
Time elapsed 6.60 min
Memory used: 28.07 GB
Loaded train data from ../dataset/sogou_news/train/3.npz
Data length: 1
Time elapsed 4.69 min
Memory used: 28.07 GB
Loaded train data from ../dataset/sogou_news/train/2.npz
Data length: 1
Time elapsed 0.00 min
Memory used: 28.07 GB
Loaded train data from ../dataset/sogou_news/train/7.npz
Data length: 1
Time elapsed 5.52 min
Memory used: 28.07 GB
Loaded train data from ../dataset/sogou_news/train/0.npz
Data length: 1
Time elapsed 7.04 min
Memory used: 28.07 GB
Loaded train data from ../dataset/sogou_news/train/5.npz
Data length: 1
Time elapsed 1.26 min
Memory used: 28.07 GB
Loaded train data from ../dataset/sogou_news/train/6.npz
Data length: 1
Time elapsed 2.68 min
Memory used: 28.07 GB
------------------------- time cost ------------------------- 4082.82407951355

-------------Round number: 2-------------

Evaluate global model
Loaded test data from ../dataset/sogou_news/test/0.npz
Data length: 1
metric.compute(): {'accuracy': 0.6727628176830421}
ct, ns, auc: 0.6727628176830421, 0, 0
Loaded test data from ../dataset/sogou_news/test/1.npz
Data length: 1
metric.compute(): {'accuracy': 0.7804220085470085}
ct, ns, auc: 0.7804220085470085, 0, 0
Loaded test data from ../dataset/sogou_news/test/2.npz
Data length: 1
metric.compute(): {'accuracy': 0.5}
ct, ns, auc: 0.5, 0, 0
Loaded test data from ../dataset/sogou_news/test/3.npz
Data length: 1
metric.compute(): {'accuracy': 0.7962000189053786}
ct, ns, auc: 0.7962000189053786, 0, 0
Loaded test data from ../dataset/sogou_news/test/4.npz
Data length: 1
metric.compute(): {'accuracy': 0.6084905660377359}
ct, ns, auc: 0.6084905660377359, 0, 0
Loaded test data from ../dataset/sogou_news/test/5.npz
Data length: 1
metric.compute(): {'accuracy': 0.3287671232876712}
ct, ns, auc: 0.3287671232876712, 0, 0
Loaded test data from ../dataset/sogou_news/test/6.npz
Data length: 1
metric.compute(): {'accuracy': 0.4105993065874195}
ct, ns, auc: 0.4105993065874195, 0, 0
Loaded test data from ../dataset/sogou_news/test/7.npz
Data length: 1
metric.compute(): {'accuracy': 0.47531904647242956}
ct, ns, auc: 0.47531904647242956, 0, 0
Loaded test data from ../dataset/sogou_news/test/8.npz
Data length: 1
metric.compute(): {'accuracy': 0.5847303575035346}
ct, ns, auc: 0.5847303575035346, 0, 0
Loaded test data from ../dataset/sogou_news/test/9.npz
Data length: 1
metric.compute(): {'accuracy': 0.4240425625467177}
ct, ns, auc: 0.4240425625467177, 0, 0
ids: [0, 1, 2, 3, 4, 5, 6, 7, 8, 9]
stats[1]: [0, 0, 0, 0, 0, 0, 0, 0, 0, 0]
stats[2]: [0.6727628176830421, 0.7804220085470085, 0.5, 0.7962000189053786, 0.6084905660377359, 0.3287671232876712, 0.4105993065874195, 0.47531904647242956, 0.5847303575035346, 0.4240425625467177]
stats[3]: [0, 0, 0, 0, 0, 0, 0, 0, 0, 0]
Averaged Test Accuracy: 0.5581
Averaged Test AUC: 0.0000
Std Test Accuracy: 0.1581
Std Test AUC: 0.0000
Loaded train data from ../dataset/sogou_news/train/0.npz
Data length: 1
Time elapsed 7.04 min
Memory used: 28.07 GB
Loaded train data from ../dataset/sogou_news/train/9.npz
Data length: 1
Time elapsed 10.10 min
Memory used: 28.07 GB
Loaded train data from ../dataset/sogou_news/train/3.npz
Data length: 1
Time elapsed 4.69 min
Memory used: 28.07 GB
Loaded train data from ../dataset/sogou_news/train/6.npz
Data length: 1
Time elapsed 2.68 min
Memory used: 28.07 GB
Loaded train data from ../dataset/sogou_news/train/1.npz
Data length: 1
Time elapsed 16.62 min
Memory used: 28.07 GB
Loaded train data from ../dataset/sogou_news/train/4.npz
Data length: 1
Time elapsed 2.07 min
Memory used: 28.07 GB
Loaded train data from ../dataset/sogou_news/train/5.npz
Data length: 1
Time elapsed 1.26 min
Memory used: 28.07 GB
Loaded train data from ../dataset/sogou_news/train/8.npz
Data length: 1
Time elapsed 6.60 min
Memory used: 28.07 GB
Loaded train data from ../dataset/sogou_news/train/7.npz
Data length: 1
Time elapsed 5.52 min
Memory used: 28.07 GB
Loaded train data from ../dataset/sogou_news/train/2.npz
Data length: 1
Time elapsed 0.00 min
Memory used: 28.07 GB
------------------------- time cost ------------------------- 4085.460066318512

-------------Round number: 3-------------

Evaluate global model
Loaded test data from ../dataset/sogou_news/test/0.npz
Data length: 1
metric.compute(): {'accuracy': 0.7140694961215867}
ct, ns, auc: 0.7140694961215867, 0, 0
Loaded test data from ../dataset/sogou_news/test/1.npz
Data length: 1
metric.compute(): {'accuracy': 0.819551282051282}
ct, ns, auc: 0.819551282051282, 0, 0
Loaded test data from ../dataset/sogou_news/test/2.npz
Data length: 1
metric.compute(): {'accuracy': 0.5}
ct, ns, auc: 0.5, 0, 0
Loaded test data from ../dataset/sogou_news/test/3.npz
Data length: 1
metric.compute(): {'accuracy': 0.7902448246526137}
ct, ns, auc: 0.7902448246526137, 0, 0
Loaded test data from ../dataset/sogou_news/test/4.npz
Data length: 1
metric.compute(): {'accuracy': 0.4852058319039451}
ct, ns, auc: 0.4852058319039451, 0, 0
Loaded test data from ../dataset/sogou_news/test/5.npz
Data length: 1
metric.compute(): {'accuracy': 0.4724271162627327}
ct, ns, auc: 0.4724271162627327, 0, 0
Loaded test data from ../dataset/sogou_news/test/6.npz
Data length: 1
metric.compute(): {'accuracy': 0.4084530295525838}
ct, ns, auc: 0.4084530295525838, 0, 0
Loaded test data from ../dataset/sogou_news/test/7.npz
Data length: 1
metric.compute(): {'accuracy': 0.519383578136287}
ct, ns, auc: 0.519383578136287, 0, 0
Loaded test data from ../dataset/sogou_news/test/8.npz
Data length: 1
metric.compute(): {'accuracy': 0.5824412576583855}
ct, ns, auc: 0.5824412576583855, 0, 0
Loaded test data from ../dataset/sogou_news/test/9.npz
Data length: 1
metric.compute(): {'accuracy': 0.4776414721013059}
ct, ns, auc: 0.4776414721013059, 0, 0
ids: [0, 1, 2, 3, 4, 5, 6, 7, 8, 9]
stats[1]: [0, 0, 0, 0, 0, 0, 0, 0, 0, 0]
stats[2]: [0.7140694961215867, 0.819551282051282, 0.5, 0.7902448246526137, 0.4852058319039451, 0.4724271162627327, 0.4084530295525838, 0.519383578136287, 0.5824412576583855, 0.4776414721013059]
stats[3]: [0, 0, 0, 0, 0, 0, 0, 0, 0, 0]
Averaged Test Accuracy: 0.5769
Averaged Test AUC: 0.0000
Std Test Accuracy: 0.1453
Std Test AUC: 0.0000
Loaded train data from ../dataset/sogou_news/train/0.npz
Data length: 1
Time elapsed 7.04 min
Memory used: 28.07 GB
Loaded train data from ../dataset/sogou_news/train/7.npz
Data length: 1
Time elapsed 5.52 min
Memory used: 28.07 GB
Loaded train data from ../dataset/sogou_news/train/6.npz
Data length: 1
Time elapsed 2.68 min
Memory used: 28.07 GB
Loaded train data from ../dataset/sogou_news/train/3.npz
Data length: 1
Time elapsed 4.69 min
Memory used: 28.07 GB
Loaded train data from ../dataset/sogou_news/train/4.npz
Data length: 1
Time elapsed 2.07 min
Memory used: 28.07 GB
Loaded train data from ../dataset/sogou_news/train/8.npz
Data length: 1
Time elapsed 6.60 min
Memory used: 28.07 GB
Loaded train data from ../dataset/sogou_news/train/5.npz
Data length: 1
Time elapsed 1.26 min
Memory used: 28.07 GB
Loaded train data from ../dataset/sogou_news/train/2.npz
Data length: 1
Time elapsed 0.00 min
Memory used: 28.07 GB
Loaded train data from ../dataset/sogou_news/train/1.npz
Data length: 1
Time elapsed 16.62 min
Memory used: 28.07 GB
Loaded train data from ../dataset/sogou_news/train/9.npz
Data length: 1
Time elapsed 10.10 min
Memory used: 28.07 GB
------------------------- time cost ------------------------- 4086.263998270035

-------------Round number: 4-------------

Evaluate global model
Loaded test data from ../dataset/sogou_news/test/0.npz
Data length: 1
metric.compute(): {'accuracy': 0.7119253326606546}
ct, ns, auc: 0.7119253326606546, 0, 0
Loaded test data from ../dataset/sogou_news/test/1.npz
Data length: 1
metric.compute(): {'accuracy': 0.8256944444444444}
ct, ns, auc: 0.8256944444444444, 0, 0
Loaded test data from ../dataset/sogou_news/test/2.npz
Data length: 1
metric.compute(): {'accuracy': 0.5}
ct, ns, auc: 0.5, 0, 0
Loaded test data from ../dataset/sogou_news/test/3.npz
Data length: 1
metric.compute(): {'accuracy': 0.7790906512902921}
ct, ns, auc: 0.7790906512902921, 0, 0
Loaded test data from ../dataset/sogou_news/test/4.npz
Data length: 1
metric.compute(): {'accuracy': 0.4841337907375643}
ct, ns, auc: 0.4841337907375643, 0, 0
Loaded test data from ../dataset/sogou_news/test/5.npz
Data length: 1
metric.compute(): {'accuracy': 0.39690902704601333}
ct, ns, auc: 0.39690902704601333, 0, 0
Loaded test data from ../dataset/sogou_news/test/6.npz
Data length: 1
metric.compute(): {'accuracy': 0.4318969787023279}
ct, ns, auc: 0.4318969787023279, 0, 0
Loaded test data from ../dataset/sogou_news/test/7.npz
Data length: 1
metric.compute(): {'accuracy': 0.5288546432297937}
ct, ns, auc: 0.5288546432297937, 0, 0
Loaded test data from ../dataset/sogou_news/test/8.npz
Data length: 1
metric.compute(): {'accuracy': 0.5630512354406517}
ct, ns, auc: 0.5630512354406517, 0, 0
Loaded test data from ../dataset/sogou_news/test/9.npz
Data length: 1
metric.compute(): {'accuracy': 0.49909862375236336}
ct, ns, auc: 0.49909862375236336, 0, 0
ids: [0, 1, 2, 3, 4, 5, 6, 7, 8, 9]
stats[1]: [0, 0, 0, 0, 0, 0, 0, 0, 0, 0]
stats[2]: [0.7119253326606546, 0.8256944444444444, 0.5, 0.7790906512902921, 0.4841337907375643, 0.39690902704601333, 0.4318969787023279, 0.5288546432297937, 0.5630512354406517, 0.49909862375236336]
stats[3]: [0, 0, 0, 0, 0, 0, 0, 0, 0, 0]
Averaged Test Accuracy: 0.5721
Averaged Test AUC: 0.0000
Std Test Accuracy: 0.1481
Std Test AUC: 0.0000
Loaded train data from ../dataset/sogou_news/train/0.npz
Data length: 1
Time elapsed 7.04 min
Memory used: 28.07 GB
Loaded train data from ../dataset/sogou_news/train/2.npz
Data length: 1
Time elapsed 0.00 min
Memory used: 28.07 GB
Loaded train data from ../dataset/sogou_news/train/4.npz
Data length: 1
Time elapsed 2.07 min
Memory used: 28.07 GB
Loaded train data from ../dataset/sogou_news/train/6.npz
Data length: 1
Time elapsed 2.68 min
Memory used: 28.07 GB
Loaded train data from ../dataset/sogou_news/train/9.npz
Data length: 1
Time elapsed 10.10 min
Memory used: 28.07 GB
Loaded train data from ../dataset/sogou_news/train/3.npz
Data length: 1
Time elapsed 4.69 min
Memory used: 28.07 GB
Loaded train data from ../dataset/sogou_news/train/8.npz
Data length: 1
Time elapsed 6.60 min
Memory used: 28.07 GB
Loaded train data from ../dataset/sogou_news/train/7.npz
Data length: 1
Time elapsed 5.52 min
Memory used: 28.07 GB
Loaded train data from ../dataset/sogou_news/train/5.npz
Data length: 1
Time elapsed 1.26 min
Memory used: 28.07 GB
Loaded train data from ../dataset/sogou_news/train/1.npz
Data length: 1
Time elapsed 16.62 min
Memory used: 28.07 GB
------------------------- time cost ------------------------- 4084.7161276340485

-------------Round number: 5-------------

Evaluate global model
Loaded test data from ../dataset/sogou_news/test/0.npz
Data length: 1
metric.compute(): {'accuracy': 0.6946458977107902}
ct, ns, auc: 0.6946458977107902, 0, 0
Loaded test data from ../dataset/sogou_news/test/1.npz
Data length: 1
metric.compute(): {'accuracy': 0.838034188034188}
ct, ns, auc: 0.838034188034188, 0, 0
Loaded test data from ../dataset/sogou_news/test/2.npz
Data length: 1
metric.compute(): {'accuracy': 0.75}
ct, ns, auc: 0.75, 0, 0
Loaded test data from ../dataset/sogou_news/test/3.npz
Data length: 1
metric.compute(): {'accuracy': 0.772568295680121}
ct, ns, auc: 0.772568295680121, 0, 0
Loaded test data from ../dataset/sogou_news/test/4.npz
Data length: 1
metric.compute(): {'accuracy': 0.5969125214408233}
ct, ns, auc: 0.5969125214408233, 0, 0
Loaded test data from ../dataset/sogou_news/test/5.npz
Data length: 1
metric.compute(): {'accuracy': 0.3758342114506498}
ct, ns, auc: 0.3758342114506498, 0, 0
Loaded test data from ../dataset/sogou_news/test/6.npz
Data length: 1
metric.compute(): {'accuracy': 0.4084530295525838}
ct, ns, auc: 0.4084530295525838, 0, 0
Loaded test data from ../dataset/sogou_news/test/7.npz
Data length: 1
metric.compute(): {'accuracy': 0.4986756561521791}
ct, ns, auc: 0.4986756561521791, 0, 0
Loaded test data from ../dataset/sogou_news/test/8.npz
Data length: 1
metric.compute(): {'accuracy': 0.5759105904531071}
ct, ns, auc: 0.5759105904531071, 0, 0
Loaded test data from ../dataset/sogou_news/test/9.npz
Data length: 1
metric.compute(): {'accuracy': 0.4834894253176802}
ct, ns, auc: 0.4834894253176802, 0, 0
ids: [0, 1, 2, 3, 4, 5, 6, 7, 8, 9]
stats[1]: [0, 0, 0, 0, 0, 0, 0, 0, 0, 0]
stats[2]: [0.6946458977107902, 0.838034188034188, 0.75, 0.772568295680121, 0.5969125214408233, 0.3758342114506498, 0.4084530295525838, 0.4986756561521791, 0.5759105904531071, 0.4834894253176802]
stats[3]: [0, 0, 0, 0, 0, 0, 0, 0, 0, 0]
Averaged Test Accuracy: 0.5995
Averaged Test AUC: 0.0000
Std Test Accuracy: 0.1596
Std Test AUC: 0.0000
Loaded train data from ../dataset/sogou_news/train/7.npz
Data length: 1
Time elapsed 5.52 min
Memory used: 28.07 GB
Loaded train data from ../dataset/sogou_news/train/3.npz
Data length: 1
Time elapsed 4.69 min
Memory used: 28.07 GB
Loaded train data from ../dataset/sogou_news/train/0.npz
Data length: 1
Time elapsed 7.04 min
Memory used: 28.07 GB
Loaded train data from ../dataset/sogou_news/train/4.npz
Data length: 1
Time elapsed 2.07 min
Memory used: 28.07 GB
Loaded train data from ../dataset/sogou_news/train/1.npz
Data length: 1
Time elapsed 16.62 min
Memory used: 28.07 GB
Loaded train data from ../dataset/sogou_news/train/2.npz
Data length: 1
Time elapsed 0.00 min
Memory used: 28.07 GB
Loaded train data from ../dataset/sogou_news/train/9.npz
Data length: 1
Time elapsed 10.10 min
Memory used: 28.07 GB
Loaded train data from ../dataset/sogou_news/train/8.npz
Data length: 1
Time elapsed 6.60 min
Memory used: 28.07 GB
Loaded train data from ../dataset/sogou_news/train/5.npz
Data length: 1
Time elapsed 1.26 min
Memory used: 28.07 GB
Loaded train data from ../dataset/sogou_news/train/6.npz
Data length: 1
Time elapsed 2.68 min
Memory used: 28.07 GB
------------------------- time cost ------------------------- 4090.8200767040253

-------------Round number: 6-------------

Evaluate global model
Loaded test data from ../dataset/sogou_news/test/0.npz
Data length: 1
metric.compute(): {'accuracy': 0.7064387967459166}
ct, ns, auc: 0.7064387967459166, 0, 0
Loaded test data from ../dataset/sogou_news/test/1.npz
Data length: 1
metric.compute(): {'accuracy': 0.8435363247863248}
ct, ns, auc: 0.8435363247863248, 0, 0
Loaded test data from ../dataset/sogou_news/test/2.npz
Data length: 1
metric.compute(): {'accuracy': 0.75}
ct, ns, auc: 0.75, 0, 0
Loaded test data from ../dataset/sogou_news/test/3.npz
Data length: 1
metric.compute(): {'accuracy': 0.7586728424236695}
ct, ns, auc: 0.7586728424236695, 0, 0
Loaded test data from ../dataset/sogou_news/test/4.npz
Data length: 1
metric.compute(): {'accuracy': 0.47212692967409947}
ct, ns, auc: 0.47212692967409947, 0, 0
Loaded test data from ../dataset/sogou_news/test/5.npz
Data length: 1
metric.compute(): {'accuracy': 0.2904812082894275}
ct, ns, auc: 0.2904812082894275, 0, 0
Loaded test data from ../dataset/sogou_news/test/6.npz
Data length: 1
metric.compute(): {'accuracy': 0.298497606075615}
ct, ns, auc: 0.298497606075615, 0, 0
Loaded test data from ../dataset/sogou_news/test/7.npz
Data length: 1
metric.compute(): {'accuracy': 0.5207480536158601}
ct, ns, auc: 0.5207480536158601, 0, 0
Loaded test data from ../dataset/sogou_news/test/8.npz
Data length: 1
metric.compute(): {'accuracy': 0.6157678583451155}
ct, ns, auc: 0.6157678583451155, 0, 0
Loaded test data from ../dataset/sogou_news/test/9.npz
Data length: 1
metric.compute(): {'accuracy': 0.6246317548256607}
ct, ns, auc: 0.6246317548256607, 0, 0
ids: [0, 1, 2, 3, 4, 5, 6, 7, 8, 9]
stats[1]: [0, 0, 0, 0, 0, 0, 0, 0, 0, 0]
stats[2]: [0.7064387967459166, 0.8435363247863248, 0.75, 0.7586728424236695, 0.47212692967409947, 0.2904812082894275, 0.298497606075615, 0.5207480536158601, 0.6157678583451155, 0.6246317548256607]
stats[3]: [0, 0, 0, 0, 0, 0, 0, 0, 0, 0]
Averaged Test Accuracy: 0.5881
Averaged Test AUC: 0.0000
Std Test Accuracy: 0.1906
Std Test AUC: 0.0000
Loaded train data from ../dataset/sogou_news/train/0.npz
Data length: 1
Time elapsed 7.04 min
Memory used: 28.07 GB
Loaded train data from ../dataset/sogou_news/train/3.npz
Data length: 1
Time elapsed 4.69 min
Memory used: 28.07 GB
Loaded train data from ../dataset/sogou_news/train/4.npz
Data length: 1
Time elapsed 2.07 min
Memory used: 28.07 GB
Loaded train data from ../dataset/sogou_news/train/2.npz
Data length: 1
Time elapsed 0.00 min
Memory used: 28.07 GB
Loaded train data from ../dataset/sogou_news/train/1.npz
Data length: 1
Time elapsed 16.62 min
Memory used: 28.07 GB
Loaded train data from ../dataset/sogou_news/train/8.npz
Data length: 1
Time elapsed 6.60 min
Memory used: 28.07 GB
Loaded train data from ../dataset/sogou_news/train/9.npz
Data length: 1
Time elapsed 10.10 min
Memory used: 28.07 GB
Loaded train data from ../dataset/sogou_news/train/6.npz
Data length: 1
Time elapsed 2.68 min
Memory used: 28.07 GB
Loaded train data from ../dataset/sogou_news/train/5.npz
Data length: 1
Time elapsed 1.26 min
Memory used: 28.07 GB
Loaded train data from ../dataset/sogou_news/train/7.npz
Data length: 1
Time elapsed 5.52 min
Memory used: 28.07 GB
------------------------- time cost ------------------------- 4084.85902261734

-------------Round number: 7-------------

Evaluate global model
Loaded test data from ../dataset/sogou_news/test/0.npz
Data length: 1
metric.compute(): {'accuracy': 0.7088352147316642}
ct, ns, auc: 0.7088352147316642, 0, 0
Loaded test data from ../dataset/sogou_news/test/1.npz
Data length: 1
metric.compute(): {'accuracy': 0.8327457264957265}
ct, ns, auc: 0.8327457264957265, 0, 0
Loaded test data from ../dataset/sogou_news/test/2.npz
Data length: 1
metric.compute(): {'accuracy': 0.75}
ct, ns, auc: 0.75, 0, 0
Loaded test data from ../dataset/sogou_news/test/3.npz
Data length: 1
metric.compute(): {'accuracy': 0.7430759050949995}
ct, ns, auc: 0.7430759050949995, 0, 0
Loaded test data from ../dataset/sogou_news/test/4.npz
Data length: 1
metric.compute(): {'accuracy': 0.2789451114922813}
ct, ns, auc: 0.2789451114922813, 0, 0
Loaded test data from ../dataset/sogou_news/test/5.npz
Data length: 1
metric.compute(): {'accuracy': 0.18229715489989462}
ct, ns, auc: 0.18229715489989462, 0, 0
Loaded test data from ../dataset/sogou_news/test/6.npz
Data length: 1
metric.compute(): {'accuracy': 0.30840350008254913}
ct, ns, auc: 0.30840350008254913, 0, 0
Loaded test data from ../dataset/sogou_news/test/7.npz
Data length: 1
metric.compute(): {'accuracy': 0.4820611606067903}
ct, ns, auc: 0.4820611606067903, 0, 0
Loaded test data from ../dataset/sogou_news/test/8.npz
Data length: 1
metric.compute(): {'accuracy': 0.6313875984649566}
ct, ns, auc: 0.6313875984649566, 0, 0
Loaded test data from ../dataset/sogou_news/test/9.npz
Data length: 1
metric.compute(): {'accuracy': 0.706063404124346}
ct, ns, auc: 0.706063404124346, 0, 0
ids: [0, 1, 2, 3, 4, 5, 6, 7, 8, 9]
stats[1]: [0, 0, 0, 0, 0, 0, 0, 0, 0, 0]
stats[2]: [0.7088352147316642, 0.8327457264957265, 0.75, 0.7430759050949995, 0.2789451114922813, 0.18229715489989462, 0.30840350008254913, 0.4820611606067903, 0.6313875984649566, 0.706063404124346]
stats[3]: [0, 0, 0, 0, 0, 0, 0, 0, 0, 0]
Averaged Test Accuracy: 0.5624
Averaged Test AUC: 0.0000
Std Test Accuracy: 0.2318
Std Test AUC: 0.0000
Loaded train data from ../dataset/sogou_news/train/2.npz
Data length: 1
Time elapsed 0.00 min
Memory used: 28.07 GB
Loaded train data from ../dataset/sogou_news/train/3.npz
Data length: 1
Time elapsed 4.69 min
Memory used: 28.07 GB
Loaded train data from ../dataset/sogou_news/train/6.npz
Data length: 1
Time elapsed 2.68 min
Memory used: 28.07 GB
Loaded train data from ../dataset/sogou_news/train/8.npz
Data length: 1
Time elapsed 6.60 min
Memory used: 28.07 GB
Loaded train data from ../dataset/sogou_news/train/4.npz
Data length: 1
Time elapsed 2.07 min
Memory used: 28.07 GB
Loaded train data from ../dataset/sogou_news/train/7.npz
Data length: 1
Time elapsed 5.52 min
Memory used: 28.07 GB
Loaded train data from ../dataset/sogou_news/train/1.npz
Data length: 1
Time elapsed 16.62 min
Memory used: 28.07 GB
Loaded train data from ../dataset/sogou_news/train/9.npz
Data length: 1
Time elapsed 10.10 min
Memory used: 28.07 GB
Loaded train data from ../dataset/sogou_news/train/5.npz
Data length: 1
Time elapsed 1.26 min
Memory used: 28.07 GB
Loaded train data from ../dataset/sogou_news/train/0.npz
Data length: 1
Time elapsed 7.04 min
Memory used: 28.07 GB
------------------------- time cost ------------------------- 4084.2117171287537

-------------Round number: 8-------------

Evaluate global model
Loaded test data from ../dataset/sogou_news/test/0.npz
Data length: 1
metric.compute(): {'accuracy': 0.6596455823926342}
ct, ns, auc: 0.6596455823926342, 0, 0
Loaded test data from ../dataset/sogou_news/test/1.npz
Data length: 1
metric.compute(): {'accuracy': 0.8008814102564102}
ct, ns, auc: 0.8008814102564102, 0, 0
Loaded test data from ../dataset/sogou_news/test/2.npz
Data length: 1
metric.compute(): {'accuracy': 0.75}
ct, ns, auc: 0.75, 0, 0
Loaded test data from ../dataset/sogou_news/test/3.npz
Data length: 1
metric.compute(): {'accuracy': 0.6831458549957463}
ct, ns, auc: 0.6831458549957463, 0, 0
Loaded test data from ../dataset/sogou_news/test/4.npz
Data length: 1
metric.compute(): {'accuracy': 0.3957975986277873}
ct, ns, auc: 0.3957975986277873, 0, 0
Loaded test data from ../dataset/sogou_news/test/5.npz
Data length: 1
metric.compute(): {'accuracy': 0.2736213558131366}
ct, ns, auc: 0.2736213558131366, 0, 0
Loaded test data from ../dataset/sogou_news/test/6.npz
Data length: 1
metric.compute(): {'accuracy': 0.2578834406471851}
ct, ns, auc: 0.2578834406471851, 0, 0
Loaded test data from ../dataset/sogou_news/test/7.npz
Data length: 1
metric.compute(): {'accuracy': 0.4794124729111486}
ct, ns, auc: 0.4794124729111486, 0, 0
Loaded test data from ../dataset/sogou_news/test/8.npz
Data length: 1
metric.compute(): {'accuracy': 0.5763145492493099}
ct, ns, auc: 0.5763145492493099, 0, 0
Loaded test data from ../dataset/sogou_news/test/9.npz
Data length: 1
metric.compute(): {'accuracy': 0.6932242887921558}
ct, ns, auc: 0.6932242887921558, 0, 0
ids: [0, 1, 2, 3, 4, 5, 6, 7, 8, 9]
stats[1]: [0, 0, 0, 0, 0, 0, 0, 0, 0, 0]
stats[2]: [0.6596455823926342, 0.8008814102564102, 0.75, 0.6831458549957463, 0.3957975986277873, 0.2736213558131366, 0.2578834406471851, 0.4794124729111486, 0.5763145492493099, 0.6932242887921558]
stats[3]: [0, 0, 0, 0, 0, 0, 0, 0, 0, 0]
Averaged Test Accuracy: 0.5570
Averaged Test AUC: 0.0000
Std Test Accuracy: 0.1955
Std Test AUC: 0.0000
Loaded train data from ../dataset/sogou_news/train/6.npz
Data length: 1
Time elapsed 2.68 min
Memory used: 28.07 GB
Loaded train data from ../dataset/sogou_news/train/5.npz
Data length: 1
Time elapsed 1.26 min
Memory used: 28.07 GB
Loaded train data from ../dataset/sogou_news/train/3.npz
Data length: 1
Time elapsed 4.69 min
Memory used: 28.07 GB
Loaded train data from ../dataset/sogou_news/train/7.npz
Data length: 1
Time elapsed 5.52 min
Memory used: 28.07 GB
Loaded train data from ../dataset/sogou_news/train/1.npz
Data length: 1
Time elapsed 16.62 min
Memory used: 28.07 GB
Loaded train data from ../dataset/sogou_news/train/0.npz
Data length: 1
Time elapsed 7.04 min
Memory used: 28.07 GB
Loaded train data from ../dataset/sogou_news/train/4.npz
Data length: 1
Time elapsed 2.07 min
Memory used: 28.07 GB
Loaded train data from ../dataset/sogou_news/train/9.npz
Data length: 1
Time elapsed 10.10 min
Memory used: 28.07 GB
Loaded train data from ../dataset/sogou_news/train/2.npz
Data length: 1
Time elapsed 0.00 min
Memory used: 28.07 GB
Loaded train data from ../dataset/sogou_news/train/8.npz
Data length: 1
Time elapsed 6.60 min
Memory used: 28.07 GB
------------------------- time cost ------------------------- 4083.7619936466217

-------------Round number: 9-------------

Evaluate global model
Loaded test data from ../dataset/sogou_news/test/0.npz
Data length: 1
metric.compute(): {'accuracy': 0.5743204893737781}
ct, ns, auc: 0.5743204893737781, 0, 0
Loaded test data from ../dataset/sogou_news/test/1.npz
Data length: 1
metric.compute(): {'accuracy': 0.7498931623931624}
ct, ns, auc: 0.7498931623931624, 0, 0
Loaded test data from ../dataset/sogou_news/test/2.npz
Data length: 1
metric.compute(): {'accuracy': 0.5}
ct, ns, auc: 0.5, 0, 0
Loaded test data from ../dataset/sogou_news/test/3.npz
Data length: 1
metric.compute(): {'accuracy': 0.39304282068248414}
ct, ns, auc: 0.39304282068248414, 0, 0
Loaded test data from ../dataset/sogou_news/test/4.npz
Data length: 1
metric.compute(): {'accuracy': 0.29588336192109777}
ct, ns, auc: 0.29588336192109777, 0, 0
Loaded test data from ../dataset/sogou_news/test/5.npz
Data length: 1
metric.compute(): {'accuracy': 0.42325254654021777}
ct, ns, auc: 0.42325254654021777, 0, 0
Loaded test data from ../dataset/sogou_news/test/6.npz
Data length: 1
metric.compute(): {'accuracy': 0.2063727918111276}
ct, ns, auc: 0.2063727918111276, 0, 0
Loaded test data from ../dataset/sogou_news/test/7.npz
Data length: 1
metric.compute(): {'accuracy': 0.4802953688096958}
ct, ns, auc: 0.4802953688096958, 0, 0
Loaded test data from ../dataset/sogou_news/test/8.npz
Data length: 1
metric.compute(): {'accuracy': 0.49121389618258937}
ct, ns, auc: 0.49121389618258937, 0, 0
Loaded test data from ../dataset/sogou_news/test/9.npz
Data length: 1
metric.compute(): {'accuracy': 0.6096381304137537}
ct, ns, auc: 0.6096381304137537, 0, 0
ids: [0, 1, 2, 3, 4, 5, 6, 7, 8, 9]
stats[1]: [0, 0, 0, 0, 0, 0, 0, 0, 0, 0]
stats[2]: [0.5743204893737781, 0.7498931623931624, 0.5, 0.39304282068248414, 0.29588336192109777, 0.42325254654021777, 0.2063727918111276, 0.4802953688096958, 0.49121389618258937, 0.6096381304137537]
stats[3]: [0, 0, 0, 0, 0, 0, 0, 0, 0, 0]
Averaged Test Accuracy: 0.4724
Averaged Test AUC: 0.0000
Std Test Accuracy: 0.1557
Std Test AUC: 0.0000
Loaded train data from ../dataset/sogou_news/train/0.npz
Data length: 1
Time elapsed 7.04 min
Memory used: 28.07 GB
Loaded train data from ../dataset/sogou_news/train/8.npz
Data length: 1
Time elapsed 6.60 min
Memory used: 28.07 GB
Loaded train data from ../dataset/sogou_news/train/5.npz
Data length: 1
Time elapsed 1.26 min
Memory used: 28.07 GB
Loaded train data from ../dataset/sogou_news/train/9.npz
Data length: 1
Time elapsed 10.10 min
Memory used: 28.07 GB
Loaded train data from ../dataset/sogou_news/train/7.npz
Data length: 1
Time elapsed 5.52 min
Memory used: 28.07 GB
Loaded train data from ../dataset/sogou_news/train/4.npz
Data length: 1
Time elapsed 2.07 min
Memory used: 28.07 GB
Loaded train data from ../dataset/sogou_news/train/6.npz
Data length: 1
Time elapsed 2.68 min
Memory used: 28.07 GB
Loaded train data from ../dataset/sogou_news/train/2.npz
Data length: 1
Time elapsed 0.01 min
Memory used: 28.07 GB
Loaded train data from ../dataset/sogou_news/train/3.npz
Data length: 1
Time elapsed 4.69 min
Memory used: 28.07 GB
Loaded train data from ../dataset/sogou_news/train/1.npz
Data length: 1
Time elapsed 16.62 min
Memory used: 28.07 GB
------------------------- time cost ------------------------- 4086.2966890335083

-------------Round number: 10-------------

Evaluate global model
Loaded test data from ../dataset/sogou_news/test/0.npz
Data length: 1
metric.compute(): {'accuracy': 0.5205272119568645}
ct, ns, auc: 0.5205272119568645, 0, 0
Loaded test data from ../dataset/sogou_news/test/1.npz
Data length: 1
metric.compute(): {'accuracy': 0.6895299145299145}
ct, ns, auc: 0.6895299145299145, 0, 0
Loaded test data from ../dataset/sogou_news/test/2.npz
Data length: 1
metric.compute(): {'accuracy': 0.25}
ct, ns, auc: 0.25, 0, 0
Loaded test data from ../dataset/sogou_news/test/3.npz
Data length: 1
metric.compute(): {'accuracy': 0.2354664902164666}
ct, ns, auc: 0.2354664902164666, 0, 0
Loaded test data from ../dataset/sogou_news/test/4.npz
Data length: 1
metric.compute(): {'accuracy': 0.31453687821612347}
ct, ns, auc: 0.31453687821612347, 0, 0
Loaded test data from ../dataset/sogou_news/test/5.npz
Data length: 1
metric.compute(): {'accuracy': 0.3744292237442922}
ct, ns, auc: 0.3744292237442922, 0, 0
Loaded test data from ../dataset/sogou_news/test/6.npz
Data length: 1
metric.compute(): {'accuracy': 0.266468548786528}
ct, ns, auc: 0.266468548786528, 0, 0
Loaded test data from ../dataset/sogou_news/test/7.npz
Data length: 1
metric.compute(): {'accuracy': 0.43069267196404204}
ct, ns, auc: 0.43069267196404204, 0, 0
Loaded test data from ../dataset/sogou_news/test/8.npz
Data length: 1
metric.compute(): {'accuracy': 0.47276644448932875}
ct, ns, auc: 0.47276644448932875, 0, 0
Loaded test data from ../dataset/sogou_news/test/9.npz
Data length: 1
metric.compute(): {'accuracy': 0.5433320142461416}
ct, ns, auc: 0.5433320142461416, 0, 0
ids: [0, 1, 2, 3, 4, 5, 6, 7, 8, 9]
stats[1]: [0, 0, 0, 0, 0, 0, 0, 0, 0, 0]
stats[2]: [0.5205272119568645, 0.6895299145299145, 0.25, 0.2354664902164666, 0.31453687821612347, 0.3744292237442922, 0.266468548786528, 0.43069267196404204, 0.47276644448932875, 0.5433320142461416]
stats[3]: [0, 0, 0, 0, 0, 0, 0, 0, 0, 0]
Averaged Test Accuracy: 0.4098
Averaged Test AUC: 0.0000
Std Test Accuracy: 0.1489
Std Test AUC: 0.0000
Loaded train data from ../dataset/sogou_news/train/5.npz
Data length: 1
Time elapsed 1.26 min
Memory used: 28.07 GB
Loaded train data from ../dataset/sogou_news/train/6.npz
Data length: 1
Time elapsed 2.68 min
Memory used: 28.07 GB
Loaded train data from ../dataset/sogou_news/train/1.npz
Data length: 1
Time elapsed 16.62 min
Memory used: 28.07 GB
Loaded train data from ../dataset/sogou_news/train/9.npz
Data length: 1
Time elapsed 10.10 min
Memory used: 28.07 GB
Loaded train data from ../dataset/sogou_news/train/0.npz
Data length: 1
Time elapsed 7.04 min
Memory used: 28.07 GB
Loaded train data from ../dataset/sogou_news/train/7.npz
Data length: 1
Time elapsed 5.52 min
Memory used: 28.07 GB
Loaded train data from ../dataset/sogou_news/train/8.npz
Data length: 1
Time elapsed 6.60 min
Memory used: 28.07 GB
Loaded train data from ../dataset/sogou_news/train/4.npz
Data length: 1
Time elapsed 2.07 min
Memory used: 28.07 GB
Loaded train data from ../dataset/sogou_news/train/3.npz
Data length: 1
Time elapsed 4.69 min
Memory used: 28.07 GB
Loaded train data from ../dataset/sogou_news/train/2.npz
Data length: 1
Time elapsed 0.00 min
Memory used: 28.07 GB
------------------------- time cost ------------------------- 4085.463413953781

-------------Round number: 11-------------

Evaluate global model
Loaded test data from ../dataset/sogou_news/test/0.npz
Data length: 1
metric.compute(): {'accuracy': 0.40650816674024093}
ct, ns, auc: 0.40650816674024093, 0, 0
Loaded test data from ../dataset/sogou_news/test/1.npz
Data length: 1
metric.compute(): {'accuracy': 0.4733974358974359}
ct, ns, auc: 0.4733974358974359, 0, 0
Loaded test data from ../dataset/sogou_news/test/2.npz
Data length: 1
metric.compute(): {'accuracy': 0.25}
ct, ns, auc: 0.25, 0, 0
Loaded test data from ../dataset/sogou_news/test/3.npz
Data length: 1
metric.compute(): {'accuracy': 0.333207297476132}
ct, ns, auc: 0.333207297476132, 0, 0
Loaded test data from ../dataset/sogou_news/test/4.npz
Data length: 1
metric.compute(): {'accuracy': 0.27101200686106347}
ct, ns, auc: 0.27101200686106347, 0, 0
Loaded test data from ../dataset/sogou_news/test/5.npz
Data length: 1
metric.compute(): {'accuracy': 0.36951176677204073}
ct, ns, auc: 0.36951176677204073, 0, 0
Loaded test data from ../dataset/sogou_news/test/6.npz
Data length: 1
metric.compute(): {'accuracy': 0.3366352980023114}
ct, ns, auc: 0.3366352980023114, 0, 0
Loaded test data from ../dataset/sogou_news/test/7.npz
Data length: 1
metric.compute(): {'accuracy': 0.3770768119431736}
ct, ns, auc: 0.3770768119431736, 0, 0
Loaded test data from ../dataset/sogou_news/test/8.npz
Data length: 1
metric.compute(): {'accuracy': 0.2860028277115734}
ct, ns, auc: 0.2860028277115734, 0, 0
Loaded test data from ../dataset/sogou_news/test/9.npz
Data length: 1
metric.compute(): {'accuracy': 0.47201336675020883}
ct, ns, auc: 0.47201336675020883, 0, 0
ids: [0, 1, 2, 3, 4, 5, 6, 7, 8, 9]
stats[1]: [0, 0, 0, 0, 0, 0, 0, 0, 0, 0]
stats[2]: [0.40650816674024093, 0.4733974358974359, 0.25, 0.333207297476132, 0.27101200686106347, 0.36951176677204073, 0.3366352980023114, 0.3770768119431736, 0.2860028277115734, 0.47201336675020883]
stats[3]: [0, 0, 0, 0, 0, 0, 0, 0, 0, 0]
Averaged Test Accuracy: 0.3575
Averaged Test AUC: 0.0000
Std Test Accuracy: 0.0779
Std Test AUC: 0.0000
Loaded train data from ../dataset/sogou_news/train/1.npz
Data length: 1
Time elapsed 16.62 min
Memory used: 28.07 GB
Loaded train data from ../dataset/sogou_news/train/9.npz
Data length: 1
Time elapsed 10.10 min
Memory used: 28.07 GB
Loaded train data from ../dataset/sogou_news/train/2.npz
Data length: 1
Time elapsed 0.00 min
Memory used: 28.07 GB
Loaded train data from ../dataset/sogou_news/train/0.npz
Data length: 1
Time elapsed 7.04 min
Memory used: 28.07 GB
Loaded train data from ../dataset/sogou_news/train/7.npz
Data length: 1
Time elapsed 5.52 min
Memory used: 28.07 GB
Loaded train data from ../dataset/sogou_news/train/5.npz
Data length: 1
Time elapsed 1.26 min
Memory used: 28.07 GB
Loaded train data from ../dataset/sogou_news/train/6.npz
Data length: 1
Time elapsed 2.68 min
Memory used: 28.07 GB
Loaded train data from ../dataset/sogou_news/train/8.npz
Data length: 1
Time elapsed 6.60 min
Memory used: 28.07 GB
Loaded train data from ../dataset/sogou_news/train/3.npz
Data length: 1
Time elapsed 4.69 min
Memory used: 28.07 GB
Loaded train data from ../dataset/sogou_news/train/4.npz
Data length: 1
Time elapsed 2.07 min
Memory used: 28.07 GB
------------------------- time cost ------------------------- 4083.28649020195

-------------Round number: 12-------------

Evaluate global model
Loaded test data from ../dataset/sogou_news/test/0.npz
Data length: 1
metric.compute(): {'accuracy': 0.44068865485274644}
ct, ns, auc: 0.44068865485274644, 0, 0
Loaded test data from ../dataset/sogou_news/test/1.npz
Data length: 1
metric.compute(): {'accuracy': 0.47849893162393164}
ct, ns, auc: 0.47849893162393164, 0, 0
Loaded test data from ../dataset/sogou_news/test/2.npz
Data length: 1
metric.compute(): {'accuracy': 0.25}
ct, ns, auc: 0.25, 0, 0
Loaded test data from ../dataset/sogou_news/test/3.npz
Data length: 1
metric.compute(): {'accuracy': 0.5247187824936195}
ct, ns, auc: 0.5247187824936195, 0, 0
Loaded test data from ../dataset/sogou_news/test/4.npz
Data length: 1
metric.compute(): {'accuracy': 0.21612349914236706}
ct, ns, auc: 0.21612349914236706, 0, 0
Loaded test data from ../dataset/sogou_news/test/5.npz
Data length: 1
metric.compute(): {'accuracy': 0.33438707411310153}
ct, ns, auc: 0.33438707411310153, 0, 0
Loaded test data from ../dataset/sogou_news/test/6.npz
Data length: 1
metric.compute(): {'accuracy': 0.24979362720818887}
ct, ns, auc: 0.24979362720818887, 0, 0
Loaded test data from ../dataset/sogou_news/test/7.npz
Data length: 1
metric.compute(): {'accuracy': 0.4207400272895096}
ct, ns, auc: 0.4207400272895096, 0, 0
Loaded test data from ../dataset/sogou_news/test/8.npz
Data length: 1
metric.compute(): {'accuracy': 0.37527772167238943}
ct, ns, auc: 0.37527772167238943, 0, 0
Loaded test data from ../dataset/sogou_news/test/9.npz
Data length: 1
metric.compute(): {'accuracy': 0.4265927977839335}
ct, ns, auc: 0.4265927977839335, 0, 0
ids: [0, 1, 2, 3, 4, 5, 6, 7, 8, 9]
stats[1]: [0, 0, 0, 0, 0, 0, 0, 0, 0, 0]
stats[2]: [0.44068865485274644, 0.47849893162393164, 0.25, 0.5247187824936195, 0.21612349914236706, 0.33438707411310153, 0.24979362720818887, 0.4207400272895096, 0.37527772167238943, 0.4265927977839335]
stats[3]: [0, 0, 0, 0, 0, 0, 0, 0, 0, 0]
Averaged Test Accuracy: 0.3717
Averaged Test AUC: 0.0000
Std Test Accuracy: 0.1056
Std Test AUC: 0.0000
Loaded train data from ../dataset/sogou_news/train/0.npz
Data length: 1
Time elapsed 7.04 min
Memory used: 28.07 GB
Loaded train data from ../dataset/sogou_news/train/1.npz
Data length: 1
Time elapsed 16.62 min
Memory used: 28.07 GB
Loaded train data from ../dataset/sogou_news/train/5.npz
Data length: 1
Time elapsed 1.26 min
Memory used: 28.07 GB
Loaded train data from ../dataset/sogou_news/train/9.npz
Data length: 1
Time elapsed 10.10 min
Memory used: 28.07 GB
Loaded train data from ../dataset/sogou_news/train/8.npz
Data length: 1
Time elapsed 6.59 min
Memory used: 28.07 GB
Loaded train data from ../dataset/sogou_news/train/4.npz
Data length: 1
Time elapsed 2.07 min
Memory used: 28.07 GB
Loaded train data from ../dataset/sogou_news/train/2.npz
Data length: 1
Time elapsed 0.00 min
Memory used: 28.07 GB
Loaded train data from ../dataset/sogou_news/train/6.npz
Data length: 1
Time elapsed 2.68 min
Memory used: 28.07 GB
Loaded train data from ../dataset/sogou_news/train/7.npz
Data length: 1
Time elapsed 5.52 min
Memory used: 28.07 GB
Loaded train data from ../dataset/sogou_news/train/3.npz
Data length: 1
Time elapsed 4.69 min
Memory used: 28.07 GB
------------------------- time cost ------------------------- 4082.497724533081

-------------Round number: 13-------------

Evaluate global model
Loaded test data from ../dataset/sogou_news/test/0.npz
Data length: 1
metric.compute(): {'accuracy': 0.446931954341931}
ct, ns, auc: 0.446931954341931, 0, 0
Loaded test data from ../dataset/sogou_news/test/1.npz
Data length: 1
metric.compute(): {'accuracy': 0.5594017094017094}
ct, ns, auc: 0.5594017094017094, 0, 0
Loaded test data from ../dataset/sogou_news/test/2.npz
Data length: 1
metric.compute(): {'accuracy': 0.5}
ct, ns, auc: 0.5, 0, 0
Loaded test data from ../dataset/sogou_news/test/3.npz
Data length: 1
metric.compute(): {'accuracy': 0.35116740712732775}
ct, ns, auc: 0.35116740712732775, 0, 0
Loaded test data from ../dataset/sogou_news/test/4.npz
Data length: 1
metric.compute(): {'accuracy': 0.1762435677530017}
ct, ns, auc: 0.1762435677530017, 0, 0
Loaded test data from ../dataset/sogou_news/test/5.npz
Data length: 1
metric.compute(): {'accuracy': 0.33263083948015454}
ct, ns, auc: 0.33263083948015454, 0, 0
Loaded test data from ../dataset/sogou_news/test/6.npz
Data length: 1
metric.compute(): {'accuracy': 0.30526663364702}
ct, ns, auc: 0.30526663364702, 0, 0
Loaded test data from ../dataset/sogou_news/test/7.npz
Data length: 1
metric.compute(): {'accuracy': 0.3201701581186291}
ct, ns, auc: 0.3201701581186291, 0, 0
Loaded test data from ../dataset/sogou_news/test/8.npz
Data length: 1
metric.compute(): {'accuracy': 0.43122601494647544}
ct, ns, auc: 0.43122601494647544, 0, 0
Loaded test data from ../dataset/sogou_news/test/9.npz
Data length: 1
metric.compute(): {'accuracy': 0.48269797300268213}
ct, ns, auc: 0.48269797300268213, 0, 0
ids: [0, 1, 2, 3, 4, 5, 6, 7, 8, 9]
stats[1]: [0, 0, 0, 0, 0, 0, 0, 0, 0, 0]
stats[2]: [0.446931954341931, 0.5594017094017094, 0.5, 0.35116740712732775, 0.1762435677530017, 0.33263083948015454, 0.30526663364702, 0.3201701581186291, 0.43122601494647544, 0.48269797300268213]
stats[3]: [0, 0, 0, 0, 0, 0, 0, 0, 0, 0]
Averaged Test Accuracy: 0.3906
Averaged Test AUC: 0.0000
Std Test Accuracy: 0.1140
Std Test AUC: 0.0000
Loaded train data from ../dataset/sogou_news/train/7.npz
Data length: 1
