Some weights of DistilBertForSequenceClassification were not initialized from the model checkpoint at distilbert-base-uncased and are newly initialized: ['classifier.bias', 'classifier.weight', 'pre_classifier.bias', 'pre_classifier.weight']
You should probably TRAIN this model on a down-stream task to be able to use it for predictions and inference.
Some weights of DistilBertForSequenceClassification were not initialized from the model checkpoint at distilbert-base-uncased and are newly initialized: ['classifier.bias', 'classifier.weight', 'pre_classifier.bias', 'pre_classifier.weight']
You should probably TRAIN this model on a down-stream task to be able to use it for predictions and inference.
Some weights of DistilBertForSequenceClassification were not initialized from the model checkpoint at distilbert-base-uncased and are newly initialized: ['classifier.bias', 'classifier.weight', 'pre_classifier.bias', 'pre_classifier.weight']
You should probably TRAIN this model on a down-stream task to be able to use it for predictions and inference.
Some weights of DistilBertForSequenceClassification were not initialized from the model checkpoint at distilbert-base-uncased and are newly initialized: ['classifier.bias', 'classifier.weight', 'pre_classifier.bias', 'pre_classifier.weight']
You should probably TRAIN this model on a down-stream task to be able to use it for predictions and inference.
Some weights of DistilBertForSequenceClassification were not initialized from the model checkpoint at distilbert-base-uncased and are newly initialized: ['classifier.bias', 'classifier.weight', 'pre_classifier.bias', 'pre_classifier.weight']
You should probably TRAIN this model on a down-stream task to be able to use it for predictions and inference.
Some weights of DistilBertForSequenceClassification were not initialized from the model checkpoint at distilbert-base-uncased and are newly initialized: ['classifier.bias', 'classifier.weight', 'pre_classifier.bias', 'pre_classifier.weight']
You should probably TRAIN this model on a down-stream task to be able to use it for predictions and inference.
Some weights of DistilBertForSequenceClassification were not initialized from the model checkpoint at distilbert-base-uncased and are newly initialized: ['classifier.bias', 'classifier.weight', 'pre_classifier.bias', 'pre_classifier.weight']
You should probably TRAIN this model on a down-stream task to be able to use it for predictions and inference.
Some weights of DistilBertForSequenceClassification were not initialized from the model checkpoint at distilbert-base-uncased and are newly initialized: ['classifier.bias', 'classifier.weight', 'pre_classifier.bias', 'pre_classifier.weight']
You should probably TRAIN this model on a down-stream task to be able to use it for predictions and inference.
Some weights of DistilBertForSequenceClassification were not initialized from the model checkpoint at distilbert-base-uncased and are newly initialized: ['classifier.bias', 'classifier.weight', 'pre_classifier.bias', 'pre_classifier.weight']
You should probably TRAIN this model on a down-stream task to be able to use it for predictions and inference.
Some weights of DistilBertForSequenceClassification were not initialized from the model checkpoint at distilbert-base-uncased and are newly initialized: ['classifier.bias', 'classifier.weight', 'pre_classifier.bias', 'pre_classifier.weight']
You should probably TRAIN this model on a down-stream task to be able to use it for predictions and inference.
Some weights of DistilBertForSequenceClassification were not initialized from the model checkpoint at distilbert-base-uncased and are newly initialized: ['classifier.bias', 'classifier.weight', 'pre_classifier.bias', 'pre_classifier.weight']
You should probably TRAIN this model on a down-stream task to be able to use it for predictions and inference.
  0%|          | 0/349 [00:00<?, ?it/s]Traceback (most recent call last):
  File "/home/jpmunoz/AutoML/Phuong/fedtext/system/main.py", line 455, in <module>
    run(args)
  File "/home/jpmunoz/AutoML/Phuong/fedtext/system/main.py", line 170, in run
    server.train()
  File "/home/jpmunoz/AutoML/Phuong/fedtext/system/flcore/servers/serverlora.py", line 101, in train
    client.train()
  File "/home/jpmunoz/AutoML/Phuong/fedtext/system/flcore/clients/clientlora.py", line 159, in train
    outputs = self.model(**batch)
              ^^^^^^^^^^^^^^^^^^^
  File "/home/jpmunoz/AutoML/Phuong/fedtext_env/lib/python3.11/site-packages/torch/nn/modules/module.py", line 1532, in _wrapped_call_impl
    return self._call_impl(*args, **kwargs)
           ^^^^^^^^^^^^^^^^^^^^^^^^^^^^^^^^
  File "/home/jpmunoz/AutoML/Phuong/fedtext_env/lib/python3.11/site-packages/torch/nn/modules/module.py", line 1541, in _call_impl
    return forward_call(*args, **kwargs)
           ^^^^^^^^^^^^^^^^^^^^^^^^^^^^^
  File "/home/jpmunoz/AutoML/Phuong/fedtext_env/lib/python3.11/site-packages/transformers/models/distilbert/modeling_distilbert.py", line 991, in forward
    distilbert_output = self.distilbert(
                        ^^^^^^^^^^^^^^^^
  File "/home/jpmunoz/AutoML/Phuong/fedtext_env/lib/python3.11/site-packages/torch/nn/modules/module.py", line 1532, in _wrapped_call_impl
    return self._call_impl(*args, **kwargs)
           ^^^^^^^^^^^^^^^^^^^^^^^^^^^^^^^^
  File "/home/jpmunoz/AutoML/Phuong/fedtext_env/lib/python3.11/site-packages/torch/nn/modules/module.py", line 1541, in _call_impl
    return forward_call(*args, **kwargs)
           ^^^^^^^^^^^^^^^^^^^^^^^^^^^^^
  File "/home/jpmunoz/AutoML/Phuong/fedtext_env/lib/python3.11/site-packages/transformers/models/distilbert/modeling_distilbert.py", line 811, in forward
    return self.transformer(
           ^^^^^^^^^^^^^^^^^
  File "/home/jpmunoz/AutoML/Phuong/fedtext_env/lib/python3.11/site-packages/torch/nn/modules/module.py", line 1532, in _wrapped_call_impl
    return self._call_impl(*args, **kwargs)
           ^^^^^^^^^^^^^^^^^^^^^^^^^^^^^^^^
  File "/home/jpmunoz/AutoML/Phuong/fedtext_env/lib/python3.11/site-packages/torch/nn/modules/module.py", line 1541, in _call_impl
    return forward_call(*args, **kwargs)
           ^^^^^^^^^^^^^^^^^^^^^^^^^^^^^
  File "/home/jpmunoz/AutoML/Phuong/fedtext_env/lib/python3.11/site-packages/transformers/models/distilbert/modeling_distilbert.py", line 572, in forward
    layer_outputs = layer_module(
                    ^^^^^^^^^^^^^
  File "/home/jpmunoz/AutoML/Phuong/fedtext_env/lib/python3.11/site-packages/torch/nn/modules/module.py", line 1532, in _wrapped_call_impl
    return self._call_impl(*args, **kwargs)
           ^^^^^^^^^^^^^^^^^^^^^^^^^^^^^^^^
  File "/home/jpmunoz/AutoML/Phuong/fedtext_env/lib/python3.11/site-packages/torch/nn/modules/module.py", line 1541, in _call_impl
    return forward_call(*args, **kwargs)
           ^^^^^^^^^^^^^^^^^^^^^^^^^^^^^
  File "/home/jpmunoz/AutoML/Phuong/fedtext_env/lib/python3.11/site-packages/transformers/models/distilbert/modeling_distilbert.py", line 498, in forward
    sa_output = self.attention(
                ^^^^^^^^^^^^^^^
  File "/home/jpmunoz/AutoML/Phuong/fedtext_env/lib/python3.11/site-packages/torch/nn/modules/module.py", line 1532, in _wrapped_call_impl
    return self._call_impl(*args, **kwargs)
           ^^^^^^^^^^^^^^^^^^^^^^^^^^^^^^^^
  File "/home/jpmunoz/AutoML/Phuong/fedtext_env/lib/python3.11/site-packages/torch/nn/modules/module.py", line 1541, in _call_impl
    return forward_call(*args, **kwargs)
           ^^^^^^^^^^^^^^^^^^^^^^^^^^^^^
  File "/home/jpmunoz/AutoML/Phuong/fedtext_env/lib/python3.11/site-packages/transformers/models/distilbert/modeling_distilbert.py", line 230, in forward
    scores = scores.masked_fill(
             ^^^^^^^^^^^^^^^^^^^
torch.cuda.OutOfMemoryError: CUDA out of memory. Tried to allocate 1.50 GiB. GPU 
  0%|          | 0/349 [00:01<?, ?it/s]

real	12m21.553s
user	31m39.760s
sys	0m31.733s
