Some weights of DistilBertForSequenceClassification were not initialized from the model checkpoint at distilbert-base-uncased and are newly initialized: ['classifier.bias', 'classifier.weight', 'pre_classifier.bias', 'pre_classifier.weight']
You should probably TRAIN this model on a down-stream task to be able to use it for predictions and inference.
Some weights of DistilBertForSequenceClassification were not initialized from the model checkpoint at distilbert-base-uncased and are newly initialized: ['classifier.bias', 'classifier.weight', 'pre_classifier.bias', 'pre_classifier.weight']
You should probably TRAIN this model on a down-stream task to be able to use it for predictions and inference.
Some weights of DistilBertForSequenceClassification were not initialized from the model checkpoint at distilbert-base-uncased and are newly initialized: ['classifier.bias', 'classifier.weight', 'pre_classifier.bias', 'pre_classifier.weight']
You should probably TRAIN this model on a down-stream task to be able to use it for predictions and inference.
Some weights of DistilBertForSequenceClassification were not initialized from the model checkpoint at distilbert-base-uncased and are newly initialized: ['classifier.bias', 'classifier.weight', 'pre_classifier.bias', 'pre_classifier.weight']
You should probably TRAIN this model on a down-stream task to be able to use it for predictions and inference.
Some weights of DistilBertForSequenceClassification were not initialized from the model checkpoint at distilbert-base-uncased and are newly initialized: ['classifier.bias', 'classifier.weight', 'pre_classifier.bias', 'pre_classifier.weight']
You should probably TRAIN this model on a down-stream task to be able to use it for predictions and inference.
Traceback (most recent call last):
  File "/home/jpmunoz/AutoML/Phuong/fedtext/system/main.py", line 455, in <module>
    run(args)
  File "/home/jpmunoz/AutoML/Phuong/fedtext/system/main.py", line 142, in run
    server = FLora(args, i)
             ^^^^^^^^^^^^^^
  File "/home/jpmunoz/AutoML/Phuong/fedtext/system/flcore/servers/serverlora.py", line 56, in __init__
    self.set_clients(clientLORA)
  File "/home/jpmunoz/AutoML/Phuong/fedtext/system/flcore/servers/serverlora.py", line 70, in set_clients
    train_data = read_data(self.dataset, i, is_train=True)
                 ^^^^^^^^^^^^^^^^^^^^^^^^^^^^^^^^^^^^^^^^^
  File "/home/jpmunoz/AutoML/Phuong/fedtext/system/utils/data_utils.py", line 36, in read_data
    train_data = np.load(f, allow_pickle=True)['data'].tolist()
                 ~~~~~~~~~~~~~~~~~~~~~~~~~~~~~^^^^^^^^
  File "/home/jpmunoz/AutoML/Phuong/fedtext_env/lib/python3.11/site-packages/numpy/lib/npyio.py", line 256, in __getitem__
    return format.read_array(bytes,
           ^^^^^^^^^^^^^^^^^^^^^^^^
  File "/home/jpmunoz/AutoML/Phuong/fedtext_env/lib/python3.11/site-packages/numpy/lib/format.py", line 800, in read_array
    array = pickle.load(fp, **pickle_kwargs)
            ^^^^^^^^^^^^^^^^^^^^^^^^^^^^^^^^
  File "/home/jpmunoz/AutoML/Phuong/fedtext_env/lib/python3.11/site-packages/torch/storage.py", line 381, in _load_from_bytes
    return torch.load(io.BytesIO(b))
           ^^^^^^^^^^^^^^^^^^^^^^^^^
  File "/home/jpmunoz/AutoML/Phuong/fedtext_env/lib/python3.11/site-packages/torch/serialization.py", line 1040, in load
    return _legacy_load(opened_file, map_location, pickle_module, **pickle_load_args)
           ^^^^^^^^^^^^^^^^^^^^^^^^^^^^^^^^^^^^^^^^^^^^^^^^^^^^^^^^^^^^^^^^^^^^^^^^^^
  File "/home/jpmunoz/AutoML/Phuong/fedtext_env/lib/python3.11/site-packages/torch/serialization.py", line 1272, in _legacy_load
    result = unpickler.load()
             ^^^^^^^^^^^^^^^^
  File "/home/jpmunoz/AutoML/Phuong/fedtext_env/lib/python3.11/site-packages/torch/serialization.py", line 1197, in persistent_load
    nbytes = numel * torch._utils._element_size(dtype)
                     ^^^^^^^^^^^^^^^^^^^^^^^^^^^^^^^^^
  File "/home/jpmunoz/AutoML/Phuong/fedtext_env/lib/python3.11/site-packages/torch/_utils.py", line 832, in _element_size
    return torch.iinfo(dtype).bits >> 3
           ^^^^^^^^^^^^^^^^^^
KeyboardInterrupt
