GPU details saved to $output_file
__CUDA Device Total Memory [GB]: 42.297786368
args.dataset: sogou_news
args.num_labels: 5
==================================================
Personalized Federated Learning: True
Uniform Weight: False
Normalized Rank: False
Normalized Alpha: False
lora_rank: 1
lora_alpha: 32
lora_dropout: 0.0
lora_query: True
lora_key: True
lora_value: True
lora_projection: True
lora_mlp: True
lora_head: True
aa_bottleneck_reduction: 1
aa_text: False
aa_vision: False
ca_bottleneck_reduction: 4
ca_text: False
ca_vision: False
Seed: 42
Algorithm: flora
Local batch size: 128
Local epochs: 1
Local learing rate: 0.0001
Local learing rate decay: False
Total number of clients: 10
Clients join in each round: 1.0
Clients randomly join: False
Client drop rate: 0.0
Client select regarding time: False
Running times: 1
Dataset: sogou_news
Number of classes: 10
Backbone: distilbert
Using device: cuda
Using DP: False
Auto break: False
Global rounds: 100
Cuda device id: 2
DLG attack: False
Total number of new clients: 0
Fine tuning epoches on new clients: 0
==================================================

============= Running time: 0th =============
Creating server and clients ...
Loaded train data from ../dataset/sogou_news/train/0.npz
Data length: 1
Loaded test data from ../dataset/sogou_news/test/0.npz
Data length: 1
self.lora_params: {'rank': 1, 'alpha': 32, 'dropout': 0.0, 'lora_query': True, 'lora_key': True, 'lora_value': True, 'lora_projection': True, 'lora_mlp': True, 'lora_head': True}
Loaded train data from ../dataset/sogou_news/train/1.npz
Data length: 1
Loaded test data from ../dataset/sogou_news/test/1.npz
Data length: 1
self.lora_params: {'rank': 1, 'alpha': 32, 'dropout': 0.0, 'lora_query': True, 'lora_key': True, 'lora_value': True, 'lora_projection': True, 'lora_mlp': True, 'lora_head': True}
Loaded train data from ../dataset/sogou_news/train/2.npz
Data length: 1
Loaded test data from ../dataset/sogou_news/test/2.npz
Data length: 1
self.lora_params: {'rank': 1, 'alpha': 32, 'dropout': 0.0, 'lora_query': True, 'lora_key': True, 'lora_value': True, 'lora_projection': True, 'lora_mlp': True, 'lora_head': True}
Loaded train data from ../dataset/sogou_news/train/3.npz
Data length: 1
Loaded test data from ../dataset/sogou_news/test/3.npz
Data length: 1
self.lora_params: {'rank': 1, 'alpha': 32, 'dropout': 0.0, 'lora_query': True, 'lora_key': True, 'lora_value': True, 'lora_projection': True, 'lora_mlp': True, 'lora_head': True}
Loaded train data from ../dataset/sogou_news/train/4.npz
Data length: 1
Loaded test data from ../dataset/sogou_news/test/4.npz
Data length: 1
self.lora_params: {'rank': 1, 'alpha': 32, 'dropout': 0.0, 'lora_query': True, 'lora_key': True, 'lora_value': True, 'lora_projection': True, 'lora_mlp': True, 'lora_head': True}
Loaded train data from ../dataset/sogou_news/train/5.npz
Data length: 1
Loaded test data from ../dataset/sogou_news/test/5.npz
Data length: 1
self.lora_params: {'rank': 1, 'alpha': 32, 'dropout': 0.0, 'lora_query': True, 'lora_key': True, 'lora_value': True, 'lora_projection': True, 'lora_mlp': True, 'lora_head': True}
Loaded train data from ../dataset/sogou_news/train/6.npz
Data length: 1
Loaded test data from ../dataset/sogou_news/test/6.npz
Data length: 1
self.lora_params: {'rank': 1, 'alpha': 32, 'dropout': 0.0, 'lora_query': True, 'lora_key': True, 'lora_value': True, 'lora_projection': True, 'lora_mlp': True, 'lora_head': True}
Loaded train data from ../dataset/sogou_news/train/7.npz
Data length: 1
Loaded test data from ../dataset/sogou_news/test/7.npz
Data length: 1
self.lora_params: {'rank': 1, 'alpha': 32, 'dropout': 0.0, 'lora_query': True, 'lora_key': True, 'lora_value': True, 'lora_projection': True, 'lora_mlp': True, 'lora_head': True}
Loaded train data from ../dataset/sogou_news/train/8.npz
Data length: 1
Loaded test data from ../dataset/sogou_news/test/8.npz
Data length: 1
self.lora_params: {'rank': 1, 'alpha': 32, 'dropout': 0.0, 'lora_query': True, 'lora_key': True, 'lora_value': True, 'lora_projection': True, 'lora_mlp': True, 'lora_head': True}
Loaded train data from ../dataset/sogou_news/train/9.npz
Data length: 1
Loaded test data from ../dataset/sogou_news/test/9.npz
Data length: 1
self.lora_params: {'rank': 1, 'alpha': 32, 'dropout': 0.0, 'lora_query': True, 'lora_key': True, 'lora_value': True, 'lora_projection': True, 'lora_mlp': True, 'lora_head': True}

Join ratio / total clients: 1.0 / 10
Finished creating server and clients.

-------------Round number: 0-------------

Evaluate global model
Loaded test data from ../dataset/sogou_news/test/0.npz
Data length: 1
metric.compute(): {'accuracy': 0.1948035567887999}
ct, ns, auc: 0.1948035567887999, 0, 0
Loaded test data from ../dataset/sogou_news/test/1.npz
Data length: 1
metric.compute(): {'accuracy': 0.18645833333333334}
ct, ns, auc: 0.18645833333333334, 0, 0
Loaded test data from ../dataset/sogou_news/test/2.npz
Data length: 1
metric.compute(): {'accuracy': 0.5}
ct, ns, auc: 0.5, 0, 0
Loaded test data from ../dataset/sogou_news/test/3.npz
Data length: 1
metric.compute(): {'accuracy': 0.03402968144437092}
ct, ns, auc: 0.03402968144437092, 0, 0
Loaded test data from ../dataset/sogou_news/test/4.npz
Data length: 1
metric.compute(): {'accuracy': 0.15716123499142368}
ct, ns, auc: 0.15716123499142368, 0, 0
Loaded test data from ../dataset/sogou_news/test/5.npz
Data length: 1
metric.compute(): {'accuracy': 0.14892869687390237}
ct, ns, auc: 0.14892869687390237, 0, 0
Loaded test data from ../dataset/sogou_news/test/6.npz
Data length: 1
metric.compute(): {'accuracy': 0.13207858675912168}
ct, ns, auc: 0.13207858675912168, 0, 0
Loaded test data from ../dataset/sogou_news/test/7.npz
Data length: 1
metric.compute(): {'accuracy': 0.20306605666586403}
ct, ns, auc: 0.20306605666586403, 0, 0
Loaded test data from ../dataset/sogou_news/test/8.npz
Data length: 1
metric.compute(): {'accuracy': 0.4839426378509392}
ct, ns, auc: 0.4839426378509392, 0, 0
Loaded test data from ../dataset/sogou_news/test/9.npz
Data length: 1
metric.compute(): {'accuracy': 0.1539814448401706}
ct, ns, auc: 0.1539814448401706, 0, 0
ids: [0, 1, 2, 3, 4, 5, 6, 7, 8, 9]
stats[1]: [0, 0, 0, 0, 0, 0, 0, 0, 0, 0]
stats[2]: [0.1948035567887999, 0.18645833333333334, 0.5, 0.03402968144437092, 0.15716123499142368, 0.14892869687390237, 0.13207858675912168, 0.20306605666586403, 0.4839426378509392, 0.1539814448401706]
stats[3]: [0, 0, 0, 0, 0, 0, 0, 0, 0, 0]
Averaged Test Accuracy: 0.2194
Averaged Test AUC: 0.0000
Std Test Accuracy: 0.1512
Std Test AUC: 0.0000
Loaded train data from ../dataset/sogou_news/train/8.npz
Data length: 1
