GPU details saved to $output_file
__TORCH Version: 2.3.1+cu121
__CUDNN Version: 8902
__CUDA version:  12.1
__Number CUDA Devices: 1
__CUDA Device Name: NVIDIA A100-SXM4-40GB
__CUDA Device Total Memory [GB]: 42.297786368
__CUDA Device Total Memory [GB]: 42.297786368
args.dataset: sst2
args.num_labels: 2
==================================================
Personalized Federated Learning: True
Uniform Weight: False
Normalized Rank: False
Normalized Alpha: False
lora_rank: 8
lora_alpha: 16
lora_dropout: 0.05
lora_query: True
lora_key: True
lora_value: True
lora_projection: True
lora_mlp: True
lora_head: True
aa_bottleneck_reduction: 1
aa_text: False
aa_vision: False
ca_bottleneck_reduction: 4
ca_text: False
ca_vision: False
Seed: 42
Algorithm: flora
Local batch size: 128
Local epochs: 1
Local learing rate: 1e-05
Local learing rate decay: False
Total number of clients: 10
Clients join in each round: 1.0
Clients randomly join: False
Client drop rate: 0.0
Client select regarding time: False
Running times: 1
Dataset: sst2
Number of classes: 10
Backbone: distilbert
Using device: cuda
Using DP: False
Auto break: False
Global rounds: 50
Cuda device id: 3
DLG attack: False
Total number of new clients: 0
Fine tuning epoches on new clients: 0
==================================================

============= Running time: 0th =============
Creating server and clients ...
Loaded train data from ../dataset/sst2/train/0.npz
Data length: 1
Loaded test data from ../dataset/sst2/test/0.npz
Data length: 1
self.lora_params: {'rank': 8, 'alpha': 16, 'dropout': 0.05, 'lora_query': True, 'lora_key': True, 'lora_value': True, 'lora_projection': True, 'lora_mlp': True, 'lora_head': True}
Loaded train data from ../dataset/sst2/train/1.npz
Data length: 1
Loaded test data from ../dataset/sst2/test/1.npz
Data length: 1
self.lora_params: {'rank': 8, 'alpha': 16, 'dropout': 0.05, 'lora_query': True, 'lora_key': True, 'lora_value': True, 'lora_projection': True, 'lora_mlp': True, 'lora_head': True}
Loaded train data from ../dataset/sst2/train/2.npz
Data length: 1
Loaded test data from ../dataset/sst2/test/2.npz
Data length: 1
self.lora_params: {'rank': 8, 'alpha': 16, 'dropout': 0.05, 'lora_query': True, 'lora_key': True, 'lora_value': True, 'lora_projection': True, 'lora_mlp': True, 'lora_head': True}
Loaded train data from ../dataset/sst2/train/3.npz
Data length: 1
Loaded test data from ../dataset/sst2/test/3.npz
Data length: 1
self.lora_params: {'rank': 8, 'alpha': 16, 'dropout': 0.05, 'lora_query': True, 'lora_key': True, 'lora_value': True, 'lora_projection': True, 'lora_mlp': True, 'lora_head': True}
Loaded train data from ../dataset/sst2/train/4.npz
Data length: 1
Loaded test data from ../dataset/sst2/test/4.npz
Data length: 1
self.lora_params: {'rank': 8, 'alpha': 16, 'dropout': 0.05, 'lora_query': True, 'lora_key': True, 'lora_value': True, 'lora_projection': True, 'lora_mlp': True, 'lora_head': True}
Loaded train data from ../dataset/sst2/train/5.npz
Data length: 1
Loaded test data from ../dataset/sst2/test/5.npz
Data length: 1
self.lora_params: {'rank': 8, 'alpha': 16, 'dropout': 0.05, 'lora_query': True, 'lora_key': True, 'lora_value': True, 'lora_projection': True, 'lora_mlp': True, 'lora_head': True}
Loaded train data from ../dataset/sst2/train/6.npz
Data length: 1
Loaded test data from ../dataset/sst2/test/6.npz
Data length: 1
self.lora_params: {'rank': 8, 'alpha': 16, 'dropout': 0.05, 'lora_query': True, 'lora_key': True, 'lora_value': True, 'lora_projection': True, 'lora_mlp': True, 'lora_head': True}
Loaded train data from ../dataset/sst2/train/7.npz
Data length: 1
Loaded test data from ../dataset/sst2/test/7.npz
Data length: 1
self.lora_params: {'rank': 8, 'alpha': 16, 'dropout': 0.05, 'lora_query': True, 'lora_key': True, 'lora_value': True, 'lora_projection': True, 'lora_mlp': True, 'lora_head': True}
Loaded train data from ../dataset/sst2/train/8.npz
Data length: 1
Loaded test data from ../dataset/sst2/test/8.npz
Data length: 1
self.lora_params: {'rank': 8, 'alpha': 16, 'dropout': 0.05, 'lora_query': True, 'lora_key': True, 'lora_value': True, 'lora_projection': True, 'lora_mlp': True, 'lora_head': True}
Loaded train data from ../dataset/sst2/train/9.npz
Data length: 1
Loaded test data from ../dataset/sst2/test/9.npz
Data length: 1
self.lora_params: {'rank': 8, 'alpha': 16, 'dropout': 0.05, 'lora_query': True, 'lora_key': True, 'lora_value': True, 'lora_projection': True, 'lora_mlp': True, 'lora_head': True}

Join ratio / total clients: 1.0 / 10
Finished creating server and clients.

-------------Round number: 0-------------

Evaluate global model
Loaded test data from ../dataset/sst2/test/0.npz
Data length: 1
metric.compute(): {'accuracy': 0.5545774647887324}
ct, ns, auc: 0.5545774647887324, 0, 0
Loaded test data from ../dataset/sst2/test/1.npz
Data length: 1
metric.compute(): {'accuracy': 0.528165086447295}
ct, ns, auc: 0.528165086447295, 0, 0
Loaded test data from ../dataset/sst2/test/2.npz
Data length: 1
metric.compute(): {'accuracy': 0.46889226100151743}
ct, ns, auc: 0.46889226100151743, 0, 0
Loaded test data from ../dataset/sst2/test/3.npz
Data length: 1
metric.compute(): {'accuracy': 0.5435943060498221}
ct, ns, auc: 0.5435943060498221, 0, 0
Loaded test data from ../dataset/sst2/test/4.npz
Data length: 1
metric.compute(): {'accuracy': 0.5756035578144854}
ct, ns, auc: 0.5756035578144854, 0, 0
Loaded test data from ../dataset/sst2/test/5.npz
Data length: 1
metric.compute(): {'accuracy': 0.5479082321187584}
ct, ns, auc: 0.5479082321187584, 0, 0
Loaded test data from ../dataset/sst2/test/6.npz
Data length: 1
metric.compute(): {'accuracy': 0.44282238442822386}
ct, ns, auc: 0.44282238442822386, 0, 0
Loaded test data from ../dataset/sst2/test/7.npz
Data length: 1
metric.compute(): {'accuracy': 0.555765595463138}
ct, ns, auc: 0.555765595463138, 0, 0
Loaded test data from ../dataset/sst2/test/8.npz
Data length: 1
metric.compute(): {'accuracy': 0.5232459847844463}
ct, ns, auc: 0.5232459847844463, 0, 0
Loaded test data from ../dataset/sst2/test/9.npz
Data length: 1
metric.compute(): {'accuracy': 0.4804630969609262}
ct, ns, auc: 0.4804630969609262, 0, 0
ids: [0, 1, 2, 3, 4, 5, 6, 7, 8, 9]
stats[1]: [0, 0, 0, 0, 0, 0, 0, 0, 0, 0]
stats[2]: [0.5545774647887324, 0.528165086447295, 0.46889226100151743, 0.5435943060498221, 0.5756035578144854, 0.5479082321187584, 0.44282238442822386, 0.555765595463138, 0.5232459847844463, 0.4804630969609262]
stats[3]: [0, 0, 0, 0, 0, 0, 0, 0, 0, 0]
Averaged Test Accuracy: 0.5221
Averaged Test AUC: 0.0000
Std Test Accuracy: 0.0435
Std Test AUC: 0.0000
Loaded train data from ../dataset/sst2/train/8.npz
Data length: 1
Time elapsed 0.17 min
Memory used: 8.61 GB
Loaded train data from ../dataset/sst2/train/1.npz
Data length: 1
Time elapsed 0.07 min
Memory used: 8.62 GB
Loaded train data from ../dataset/sst2/train/5.npz
Data length: 1
Time elapsed 0.05 min
Memory used: 8.62 GB
Loaded train data from ../dataset/sst2/train/0.npz
Data length: 1
Time elapsed 0.04 min
Memory used: 8.62 GB
Loaded train data from ../dataset/sst2/train/7.npz
Data length: 1
Time elapsed 0.11 min
Memory used: 8.63 GB
Loaded train data from ../dataset/sst2/train/2.npz
Data length: 1
Time elapsed 0.05 min
Memory used: 8.63 GB
Loaded train data from ../dataset/sst2/train/9.npz
Data length: 1
Time elapsed 0.03 min
Memory used: 8.66 GB
Loaded train data from ../dataset/sst2/train/4.npz
Data length: 1
Time elapsed 0.03 min
Memory used: 8.66 GB
Loaded train data from ../dataset/sst2/train/3.npz
Data length: 1
Time elapsed 0.04 min
Memory used: 8.66 GB
Loaded train data from ../dataset/sst2/train/6.npz
Data length: 1
Time elapsed 0.03 min
Memory used: 8.68 GB
------------------------- time cost ------------------------- 66.53306722640991

-------------Round number: 1-------------

Evaluate global model
Loaded test data from ../dataset/sst2/test/0.npz
Data length: 1
metric.compute(): {'accuracy': 0.7235915492957746}
ct, ns, auc: 0.7235915492957746, 0, 0
Loaded test data from ../dataset/sst2/test/1.npz
Data length: 1
metric.compute(): {'accuracy': 0.7456776352481874}
ct, ns, auc: 0.7456776352481874, 0, 0
Loaded test data from ../dataset/sst2/test/2.npz
Data length: 1
metric.compute(): {'accuracy': 0.5128983308042488}
ct, ns, auc: 0.5128983308042488, 0, 0
Loaded test data from ../dataset/sst2/test/3.npz
Data length: 1
metric.compute(): {'accuracy': 0.5951957295373665}
ct, ns, auc: 0.5951957295373665, 0, 0
Loaded test data from ../dataset/sst2/test/4.npz
Data length: 1
metric.compute(): {'accuracy': 0.49174078780177893}
ct, ns, auc: 0.49174078780177893, 0, 0
Loaded test data from ../dataset/sst2/test/5.npz
Data length: 1
metric.compute(): {'accuracy': 0.8070175438596491}
ct, ns, auc: 0.8070175438596491, 0, 0
Loaded test data from ../dataset/sst2/test/6.npz
Data length: 1
metric.compute(): {'accuracy': 0.4537712895377129}
ct, ns, auc: 0.4537712895377129, 0, 0
Loaded test data from ../dataset/sst2/test/7.npz
Data length: 1
metric.compute(): {'accuracy': 0.8204158790170132}
ct, ns, auc: 0.8204158790170132, 0, 0
Loaded test data from ../dataset/sst2/test/8.npz
Data length: 1
metric.compute(): {'accuracy': 0.8338968723584108}
ct, ns, auc: 0.8338968723584108, 0, 0
Loaded test data from ../dataset/sst2/test/9.npz
Data length: 1
metric.compute(): {'accuracy': 0.6092619392185239}
ct, ns, auc: 0.6092619392185239, 0, 0
ids: [0, 1, 2, 3, 4, 5, 6, 7, 8, 9]
stats[1]: [0, 0, 0, 0, 0, 0, 0, 0, 0, 0]
stats[2]: [0.7235915492957746, 0.7456776352481874, 0.5128983308042488, 0.5951957295373665, 0.49174078780177893, 0.8070175438596491, 0.4537712895377129, 0.8204158790170132, 0.8338968723584108, 0.6092619392185239]
stats[3]: [0, 0, 0, 0, 0, 0, 0, 0, 0, 0]
Averaged Test Accuracy: 0.6593
Averaged Test AUC: 0.0000
Std Test Accuracy: 0.1446
Std Test AUC: 0.0000
Loaded train data from ../dataset/sst2/train/4.npz
Data length: 1
Time elapsed 0.03 min
Memory used: 8.68 GB
Loaded train data from ../dataset/sst2/train/2.npz
Data length: 1
Time elapsed 0.05 min
Memory used: 8.68 GB
Loaded train data from ../dataset/sst2/train/7.npz
Data length: 1
Time elapsed 0.11 min
Memory used: 8.68 GB
Loaded train data from ../dataset/sst2/train/5.npz
Data length: 1
Time elapsed 0.05 min
Memory used: 8.68 GB
Loaded train data from ../dataset/sst2/train/3.npz
Data length: 1
Time elapsed 0.04 min
Memory used: 8.68 GB
Loaded train data from ../dataset/sst2/train/6.npz
Data length: 1
Time elapsed 0.03 min
Memory used: 8.68 GB
Loaded train data from ../dataset/sst2/train/0.npz
Data length: 1
Time elapsed 0.04 min
Memory used: 8.68 GB
Loaded train data from ../dataset/sst2/train/8.npz
Data length: 1
Time elapsed 0.17 min
Memory used: 8.68 GB
Loaded train data from ../dataset/sst2/train/1.npz
Data length: 1
Time elapsed 0.07 min
Memory used: 8.68 GB
Loaded train data from ../dataset/sst2/train/9.npz
Data length: 1
Time elapsed 0.03 min
Memory used: 8.68 GB
------------------------- time cost ------------------------- 66.85355877876282

-------------Round number: 2-------------

Evaluate global model
Loaded test data from ../dataset/sst2/test/0.npz
Data length: 1
metric.compute(): {'accuracy': 0.8688380281690141}
ct, ns, auc: 0.8688380281690141, 0, 0
Loaded test data from ../dataset/sst2/test/1.npz
Data length: 1
metric.compute(): {'accuracy': 0.8655883993307306}
ct, ns, auc: 0.8655883993307306, 0, 0
Loaded test data from ../dataset/sst2/test/2.npz
Data length: 1
metric.compute(): {'accuracy': 0.5576631259484067}
ct, ns, auc: 0.5576631259484067, 0, 0
Loaded test data from ../dataset/sst2/test/3.npz
Data length: 1
metric.compute(): {'accuracy': 0.8078291814946619}
ct, ns, auc: 0.8078291814946619, 0, 0
Loaded test data from ../dataset/sst2/test/4.npz
Data length: 1
metric.compute(): {'accuracy': 0.4193138500635324}
ct, ns, auc: 0.4193138500635324, 0, 0
Loaded test data from ../dataset/sst2/test/5.npz
Data length: 1
metric.compute(): {'accuracy': 0.8879892037786775}
ct, ns, auc: 0.8879892037786775, 0, 0
Loaded test data from ../dataset/sst2/test/6.npz
Data length: 1
metric.compute(): {'accuracy': 0.8114355231143552}
ct, ns, auc: 0.8114355231143552, 0, 0
Loaded test data from ../dataset/sst2/test/7.npz
Data length: 1
metric.compute(): {'accuracy': 0.8783868935097668}
ct, ns, auc: 0.8783868935097668, 0, 0
Loaded test data from ../dataset/sst2/test/8.npz
Data length: 1
metric.compute(): {'accuracy': 0.8765849535080305}
ct, ns, auc: 0.8765849535080305, 0, 0
Loaded test data from ../dataset/sst2/test/9.npz
Data length: 1
metric.compute(): {'accuracy': 0.8263386396526773}
ct, ns, auc: 0.8263386396526773, 0, 0
ids: [0, 1, 2, 3, 4, 5, 6, 7, 8, 9]
stats[1]: [0, 0, 0, 0, 0, 0, 0, 0, 0, 0]
stats[2]: [0.8688380281690141, 0.8655883993307306, 0.5576631259484067, 0.8078291814946619, 0.4193138500635324, 0.8879892037786775, 0.8114355231143552, 0.8783868935097668, 0.8765849535080305, 0.8263386396526773]
stats[3]: [0, 0, 0, 0, 0, 0, 0, 0, 0, 0]
Averaged Test Accuracy: 0.7800
Averaged Test AUC: 0.0000
Std Test Accuracy: 0.1596
Std Test AUC: 0.0000
Loaded train data from ../dataset/sst2/train/8.npz
Data length: 1
Time elapsed 0.17 min
Memory used: 8.68 GB
Loaded train data from ../dataset/sst2/train/4.npz
Data length: 1
Time elapsed 0.03 min
Memory used: 8.68 GB
Loaded train data from ../dataset/sst2/train/2.npz
Data length: 1
Time elapsed 0.05 min
Memory used: 8.68 GB
Loaded train data from ../dataset/sst2/train/6.npz
Data length: 1
Time elapsed 0.03 min
Memory used: 8.68 GB
Loaded train data from ../dataset/sst2/train/5.npz
Data length: 1
Time elapsed 0.05 min
Memory used: 8.68 GB
Loaded train data from ../dataset/sst2/train/9.npz
Data length: 1
Time elapsed 0.03 min
Memory used: 8.68 GB
Loaded train data from ../dataset/sst2/train/1.npz
Data length: 1
Time elapsed 0.07 min
Memory used: 8.68 GB
Loaded train data from ../dataset/sst2/train/3.npz
Data length: 1
Time elapsed 0.04 min
Memory used: 8.68 GB
Loaded train data from ../dataset/sst2/train/0.npz
Data length: 1
Time elapsed 0.04 min
Memory used: 8.68 GB
Loaded train data from ../dataset/sst2/train/7.npz
Data length: 1
Time elapsed 0.11 min
Memory used: 8.68 GB
------------------------- time cost ------------------------- 67.05950903892517

-------------Round number: 3-------------

Evaluate global model
Loaded test data from ../dataset/sst2/test/0.npz
Data length: 1
metric.compute(): {'accuracy': 0.886443661971831}
ct, ns, auc: 0.886443661971831, 0, 0
Loaded test data from ../dataset/sst2/test/1.npz
Data length: 1
metric.compute(): {'accuracy': 0.8806469604015617}
ct, ns, auc: 0.8806469604015617, 0, 0
Loaded test data from ../dataset/sst2/test/2.npz
Data length: 1
metric.compute(): {'accuracy': 0.8543247344461306}
ct, ns, auc: 0.8543247344461306, 0, 0
Loaded test data from ../dataset/sst2/test/3.npz
Data length: 1
metric.compute(): {'accuracy': 0.854982206405694}
ct, ns, auc: 0.854982206405694, 0, 0
Loaded test data from ../dataset/sst2/test/4.npz
Data length: 1
metric.compute(): {'accuracy': 0.4701397712833545}
ct, ns, auc: 0.4701397712833545, 0, 0
Loaded test data from ../dataset/sst2/test/5.npz
Data length: 1
metric.compute(): {'accuracy': 0.8960863697705803}
ct, ns, auc: 0.8960863697705803, 0, 0
Loaded test data from ../dataset/sst2/test/6.npz
Data length: 1
metric.compute(): {'accuracy': 0.8941605839416058}
ct, ns, auc: 0.8941605839416058, 0, 0
Loaded test data from ../dataset/sst2/test/7.npz
Data length: 1
metric.compute(): {'accuracy': 0.8913043478260869}
ct, ns, auc: 0.8913043478260869, 0, 0
Loaded test data from ../dataset/sst2/test/8.npz
Data length: 1
metric.compute(): {'accuracy': 0.8854606931530008}
ct, ns, auc: 0.8854606931530008, 0, 0
Loaded test data from ../dataset/sst2/test/9.npz
Data length: 1
metric.compute(): {'accuracy': 0.85383502170767}
ct, ns, auc: 0.85383502170767, 0, 0
ids: [0, 1, 2, 3, 4, 5, 6, 7, 8, 9]
stats[1]: [0, 0, 0, 0, 0, 0, 0, 0, 0, 0]
stats[2]: [0.886443661971831, 0.8806469604015617, 0.8543247344461306, 0.854982206405694, 0.4701397712833545, 0.8960863697705803, 0.8941605839416058, 0.8913043478260869, 0.8854606931530008, 0.85383502170767]
stats[3]: [0, 0, 0, 0, 0, 0, 0, 0, 0, 0]
Averaged Test Accuracy: 0.8367
Averaged Test AUC: 0.0000
Std Test Accuracy: 0.1299
Std Test AUC: 0.0000
Loaded train data from ../dataset/sst2/train/8.npz
Data length: 1
Time elapsed 0.17 min
Memory used: 8.68 GB
Loaded train data from ../dataset/sst2/train/1.npz
Data length: 1
Time elapsed 0.07 min
Memory used: 8.68 GB
Loaded train data from ../dataset/sst2/train/5.npz
Data length: 1
Time elapsed 0.05 min
Memory used: 8.68 GB
Loaded train data from ../dataset/sst2/train/0.npz
Data length: 1
Time elapsed 0.04 min
Memory used: 8.68 GB
Loaded train data from ../dataset/sst2/train/9.npz
Data length: 1
Time elapsed 0.03 min
Memory used: 8.68 GB
Loaded train data from ../dataset/sst2/train/6.npz
Data length: 1
Time elapsed 0.03 min
Memory used: 8.68 GB
Loaded train data from ../dataset/sst2/train/3.npz
Data length: 1
Time elapsed 0.04 min
Memory used: 8.68 GB
Loaded train data from ../dataset/sst2/train/7.npz
Data length: 1
Time elapsed 0.11 min
Memory used: 8.68 GB
Loaded train data from ../dataset/sst2/train/4.npz
Data length: 1
Time elapsed 0.03 min
Memory used: 8.68 GB
Loaded train data from ../dataset/sst2/train/2.npz
Data length: 1
Time elapsed 0.05 min
Memory used: 8.68 GB
------------------------- time cost ------------------------- 66.5110673904419

-------------Round number: 4-------------

Evaluate global model
Loaded test data from ../dataset/sst2/test/0.npz
Data length: 1
metric.compute(): {'accuracy': 0.8961267605633803}
ct, ns, auc: 0.8961267605633803, 0, 0
Loaded test data from ../dataset/sst2/test/1.npz
Data length: 1
metric.compute(): {'accuracy': 0.894032348020078}
ct, ns, auc: 0.894032348020078, 0, 0
Loaded test data from ../dataset/sst2/test/2.npz
Data length: 1
metric.compute(): {'accuracy': 0.8808801213960546}
ct, ns, auc: 0.8808801213960546, 0, 0
Loaded test data from ../dataset/sst2/test/3.npz
Data length: 1
metric.compute(): {'accuracy': 0.8718861209964412}
ct, ns, auc: 0.8718861209964412, 0, 0
Loaded test data from ../dataset/sst2/test/4.npz
Data length: 1
metric.compute(): {'accuracy': 0.8538754764930114}
ct, ns, auc: 0.8538754764930114, 0, 0
Loaded test data from ../dataset/sst2/test/5.npz
Data length: 1
metric.compute(): {'accuracy': 0.9055330634278003}
ct, ns, auc: 0.9055330634278003, 0, 0
Loaded test data from ../dataset/sst2/test/6.npz
Data length: 1
metric.compute(): {'accuracy': 0.9002433090024331}
ct, ns, auc: 0.9002433090024331, 0, 0
Loaded test data from ../dataset/sst2/test/7.npz
Data length: 1
metric.compute(): {'accuracy': 0.8991808443604284}
ct, ns, auc: 0.8991808443604284, 0, 0
Loaded test data from ../dataset/sst2/test/8.npz
Data length: 1
metric.compute(): {'accuracy': 0.8939137785291631}
ct, ns, auc: 0.8939137785291631, 0, 0
Loaded test data from ../dataset/sst2/test/9.npz
Data length: 1
metric.compute(): {'accuracy': 0.874095513748191}
ct, ns, auc: 0.874095513748191, 0, 0
ids: [0, 1, 2, 3, 4, 5, 6, 7, 8, 9]
stats[1]: [0, 0, 0, 0, 0, 0, 0, 0, 0, 0]
stats[2]: [0.8961267605633803, 0.894032348020078, 0.8808801213960546, 0.8718861209964412, 0.8538754764930114, 0.9055330634278003, 0.9002433090024331, 0.8991808443604284, 0.8939137785291631, 0.874095513748191]
stats[3]: [0, 0, 0, 0, 0, 0, 0, 0, 0, 0]
Averaged Test Accuracy: 0.8870
Averaged Test AUC: 0.0000
Std Test Accuracy: 0.0163
Std Test AUC: 0.0000
Loaded train data from ../dataset/sst2/train/1.npz
Data length: 1
Time elapsed 0.07 min
Memory used: 8.68 GB
Loaded train data from ../dataset/sst2/train/0.npz
Data length: 1
Time elapsed 0.04 min
Memory used: 8.68 GB
Loaded train data from ../dataset/sst2/train/9.npz
Data length: 1
Time elapsed 0.03 min
Memory used: 8.68 GB
Loaded train data from ../dataset/sst2/train/4.npz
Data length: 1
Time elapsed 0.03 min
Memory used: 8.68 GB
Loaded train data from ../dataset/sst2/train/7.npz
Data length: 1
Time elapsed 0.11 min
Memory used: 8.68 GB
Loaded train data from ../dataset/sst2/train/3.npz
Data length: 1
Time elapsed 0.04 min
Memory used: 8.68 GB
Loaded train data from ../dataset/sst2/train/8.npz
Data length: 1
Time elapsed 0.17 min
Memory used: 8.68 GB
Loaded train data from ../dataset/sst2/train/6.npz
Data length: 1
Time elapsed 0.03 min
Memory used: 8.69 GB
Loaded train data from ../dataset/sst2/train/2.npz
Data length: 1
Time elapsed 0.05 min
Memory used: 8.69 GB
Loaded train data from ../dataset/sst2/train/5.npz
Data length: 1
Time elapsed 0.05 min
Memory used: 8.69 GB
------------------------- time cost ------------------------- 73.15397953987122

-------------Round number: 5-------------

Evaluate global model
Loaded test data from ../dataset/sst2/test/0.npz
Data length: 1
metric.compute(): {'accuracy': 0.903169014084507}
ct, ns, auc: 0.903169014084507, 0, 0
Loaded test data from ../dataset/sst2/test/1.npz
Data length: 1
metric.compute(): {'accuracy': 0.8968209704406024}
ct, ns, auc: 0.8968209704406024, 0, 0
Loaded test data from ../dataset/sst2/test/2.npz
Data length: 1
metric.compute(): {'accuracy': 0.8960546282245827}
ct, ns, auc: 0.8960546282245827, 0, 0
Loaded test data from ../dataset/sst2/test/3.npz
Data length: 1
metric.compute(): {'accuracy': 0.8798932384341637}
ct, ns, auc: 0.8798932384341637, 0, 0
Loaded test data from ../dataset/sst2/test/4.npz
Data length: 1
metric.compute(): {'accuracy': 0.8805590851334181}
ct, ns, auc: 0.8805590851334181, 0, 0
Loaded test data from ../dataset/sst2/test/5.npz
Data length: 1
metric.compute(): {'accuracy': 0.9116059379217274}
ct, ns, auc: 0.9116059379217274, 0, 0
Loaded test data from ../dataset/sst2/test/6.npz
Data length: 1
metric.compute(): {'accuracy': 0.9087591240875912}
ct, ns, auc: 0.9087591240875912, 0, 0
Loaded test data from ../dataset/sst2/test/7.npz
Data length: 1
metric.compute(): {'accuracy': 0.9032766225582861}
ct, ns, auc: 0.9032766225582861, 0, 0
Loaded test data from ../dataset/sst2/test/8.npz
Data length: 1
metric.compute(): {'accuracy': 0.8972950126796281}
ct, ns, auc: 0.8972950126796281, 0, 0
Loaded test data from ../dataset/sst2/test/9.npz
Data length: 1
metric.compute(): {'accuracy': 0.8769898697539797}
ct, ns, auc: 0.8769898697539797, 0, 0
ids: [0, 1, 2, 3, 4, 5, 6, 7, 8, 9]
stats[1]: [0, 0, 0, 0, 0, 0, 0, 0, 0, 0]
stats[2]: [0.903169014084507, 0.8968209704406024, 0.8960546282245827, 0.8798932384341637, 0.8805590851334181, 0.9116059379217274, 0.9087591240875912, 0.9032766225582861, 0.8972950126796281, 0.8769898697539797]
stats[3]: [0, 0, 0, 0, 0, 0, 0, 0, 0, 0]
Averaged Test Accuracy: 0.8954
Averaged Test AUC: 0.0000
Std Test Accuracy: 0.0123
Std Test AUC: 0.0000
Loaded train data from ../dataset/sst2/train/9.npz
Data length: 1
Time elapsed 0.02 min
Memory used: 8.69 GB
Loaded train data from ../dataset/sst2/train/7.npz
Data length: 1
Time elapsed 0.11 min
Memory used: 8.69 GB
Loaded train data from ../dataset/sst2/train/5.npz
Data length: 1
Time elapsed 0.05 min
Memory used: 8.69 GB
Loaded train data from ../dataset/sst2/train/6.npz
Data length: 1
Time elapsed 0.03 min
Memory used: 8.69 GB
Loaded train data from ../dataset/sst2/train/8.npz
Data length: 1
Time elapsed 0.17 min
Memory used: 8.69 GB
Loaded train data from ../dataset/sst2/train/2.npz
Data length: 1
Time elapsed 0.05 min
Memory used: 8.69 GB
Loaded train data from ../dataset/sst2/train/1.npz
Data length: 1
Time elapsed 0.07 min
Memory used: 8.69 GB
Loaded train data from ../dataset/sst2/train/3.npz
Data length: 1
Time elapsed 0.04 min
Memory used: 8.69 GB
Loaded train data from ../dataset/sst2/train/4.npz
Data length: 1
Time elapsed 0.03 min
Memory used: 8.69 GB
Loaded train data from ../dataset/sst2/train/0.npz
Data length: 1
Time elapsed 0.04 min
Memory used: 8.69 GB
------------------------- time cost ------------------------- 65.44478297233582

-------------Round number: 6-------------

Evaluate global model
Loaded test data from ../dataset/sst2/test/0.npz
Data length: 1
metric.compute(): {'accuracy': 0.9040492957746479}
ct, ns, auc: 0.9040492957746479, 0, 0
Loaded test data from ../dataset/sst2/test/1.npz
Data length: 1
metric.compute(): {'accuracy': 0.9001673173452315}
ct, ns, auc: 0.9001673173452315, 0, 0
Loaded test data from ../dataset/sst2/test/2.npz
Data length: 1
metric.compute(): {'accuracy': 0.8990895295902883}
ct, ns, auc: 0.8990895295902883, 0, 0
Loaded test data from ../dataset/sst2/test/3.npz
Data length: 1
metric.compute(): {'accuracy': 0.891459074733096}
ct, ns, auc: 0.891459074733096, 0, 0
Loaded test data from ../dataset/sst2/test/4.npz
Data length: 1
metric.compute(): {'accuracy': 0.8869123252858958}
ct, ns, auc: 0.8869123252858958, 0, 0
Loaded test data from ../dataset/sst2/test/5.npz
Data length: 1
metric.compute(): {'accuracy': 0.9163292847503374}
ct, ns, auc: 0.9163292847503374, 0, 0
Loaded test data from ../dataset/sst2/test/6.npz
Data length: 1
metric.compute(): {'accuracy': 0.9148418491484185}
ct, ns, auc: 0.9148418491484185, 0, 0
Loaded test data from ../dataset/sst2/test/7.npz
Data length: 1
metric.compute(): {'accuracy': 0.9045368620037807}
ct, ns, auc: 0.9045368620037807, 0, 0
Loaded test data from ../dataset/sst2/test/8.npz
Data length: 1
metric.compute(): {'accuracy': 0.8989856297548605}
ct, ns, auc: 0.8989856297548605, 0, 0
Loaded test data from ../dataset/sst2/test/9.npz
Data length: 1
metric.compute(): {'accuracy': 0.8900144717800289}
ct, ns, auc: 0.8900144717800289, 0, 0
ids: [0, 1, 2, 3, 4, 5, 6, 7, 8, 9]
stats[1]: [0, 0, 0, 0, 0, 0, 0, 0, 0, 0]
stats[2]: [0.9040492957746479, 0.9001673173452315, 0.8990895295902883, 0.891459074733096, 0.8869123252858958, 0.9163292847503374, 0.9148418491484185, 0.9045368620037807, 0.8989856297548605, 0.8900144717800289]
stats[3]: [0, 0, 0, 0, 0, 0, 0, 0, 0, 0]
Averaged Test Accuracy: 0.9006
Averaged Test AUC: 0.0000
Std Test Accuracy: 0.0098
Std Test AUC: 0.0000
Loaded train data from ../dataset/sst2/train/1.npz
Data length: 1
Time elapsed 0.07 min
Memory used: 8.69 GB
Loaded train data from ../dataset/sst2/train/5.npz
Data length: 1
Time elapsed 0.05 min
Memory used: 8.69 GB
Loaded train data from ../dataset/sst2/train/3.npz
Data length: 1
Time elapsed 0.04 min
Memory used: 8.69 GB
Loaded train data from ../dataset/sst2/train/2.npz
Data length: 1
Time elapsed 0.05 min
Memory used: 8.69 GB
Loaded train data from ../dataset/sst2/train/4.npz
Data length: 1
Time elapsed 0.03 min
Memory used: 8.69 GB
Loaded train data from ../dataset/sst2/train/6.npz
Data length: 1
Time elapsed 0.03 min
Memory used: 8.69 GB
Loaded train data from ../dataset/sst2/train/8.npz
Data length: 1
Time elapsed 0.17 min
Memory used: 8.69 GB
Loaded train data from ../dataset/sst2/train/0.npz
Data length: 1
Time elapsed 0.04 min
Memory used: 8.69 GB
Loaded train data from ../dataset/sst2/train/7.npz
Data length: 1
Time elapsed 0.11 min
Memory used: 8.69 GB
Loaded train data from ../dataset/sst2/train/9.npz
Data length: 1
Time elapsed 0.03 min
Memory used: 8.69 GB
------------------------- time cost ------------------------- 65.96487951278687

-------------Round number: 7-------------

Evaluate global model
Loaded test data from ../dataset/sst2/test/0.npz
Data length: 1
metric.compute(): {'accuracy': 0.9119718309859155}
ct, ns, auc: 0.9119718309859155, 0, 0
Loaded test data from ../dataset/sst2/test/1.npz
Data length: 1
metric.compute(): {'accuracy': 0.9023982152816509}
ct, ns, auc: 0.9023982152816509, 0, 0
Loaded test data from ../dataset/sst2/test/2.npz
Data length: 1
metric.compute(): {'accuracy': 0.9081942336874052}
ct, ns, auc: 0.9081942336874052, 0, 0
Loaded test data from ../dataset/sst2/test/3.npz
Data length: 1
metric.compute(): {'accuracy': 0.8896797153024911}
ct, ns, auc: 0.8896797153024911, 0, 0
Loaded test data from ../dataset/sst2/test/4.npz
Data length: 1
metric.compute(): {'accuracy': 0.8996188055908514}
ct, ns, auc: 0.8996188055908514, 0, 0
Loaded test data from ../dataset/sst2/test/5.npz
Data length: 1
metric.compute(): {'accuracy': 0.9197031039136302}
ct, ns, auc: 0.9197031039136302, 0, 0
Loaded test data from ../dataset/sst2/test/6.npz
Data length: 1
metric.compute(): {'accuracy': 0.9184914841849149}
ct, ns, auc: 0.9184914841849149, 0, 0
Loaded test data from ../dataset/sst2/test/7.npz
Data length: 1
metric.compute(): {'accuracy': 0.908947700063012}
ct, ns, auc: 0.908947700063012, 0, 0
Loaded test data from ../dataset/sst2/test/8.npz
Data length: 1
metric.compute(): {'accuracy': 0.9013102282333052}
ct, ns, auc: 0.9013102282333052, 0, 0
Loaded test data from ../dataset/sst2/test/9.npz
Data length: 1
metric.compute(): {'accuracy': 0.8900144717800289}
ct, ns, auc: 0.8900144717800289, 0, 0
ids: [0, 1, 2, 3, 4, 5, 6, 7, 8, 9]
stats[1]: [0, 0, 0, 0, 0, 0, 0, 0, 0, 0]
stats[2]: [0.9119718309859155, 0.9023982152816509, 0.9081942336874052, 0.8896797153024911, 0.8996188055908514, 0.9197031039136302, 0.9184914841849149, 0.908947700063012, 0.9013102282333052, 0.8900144717800289]
stats[3]: [0, 0, 0, 0, 0, 0, 0, 0, 0, 0]
Averaged Test Accuracy: 0.9050
Averaged Test AUC: 0.0000
Std Test Accuracy: 0.0104
Std Test AUC: 0.0000
Loaded train data from ../dataset/sst2/train/9.npz
Data length: 1
Time elapsed 0.03 min
Memory used: 8.69 GB
Loaded train data from ../dataset/sst2/train/1.npz
Data length: 1
Time elapsed 0.07 min
Memory used: 8.69 GB
Loaded train data from ../dataset/sst2/train/8.npz
Data length: 1
Time elapsed 0.17 min
Memory used: 8.69 GB
Loaded train data from ../dataset/sst2/train/7.npz
Data length: 1
Time elapsed 0.11 min
Memory used: 8.69 GB
Loaded train data from ../dataset/sst2/train/3.npz
Data length: 1
Time elapsed 0.04 min
Memory used: 8.69 GB
Loaded train data from ../dataset/sst2/train/2.npz
Data length: 1
Time elapsed 0.05 min
Memory used: 8.69 GB
Loaded train data from ../dataset/sst2/train/4.npz
Data length: 1
Time elapsed 0.03 min
Memory used: 8.69 GB
Loaded train data from ../dataset/sst2/train/0.npz
Data length: 1
Time elapsed 0.04 min
Memory used: 8.69 GB
Loaded train data from ../dataset/sst2/train/5.npz
Data length: 1
Time elapsed 0.05 min
Memory used: 8.69 GB
Loaded train data from ../dataset/sst2/train/6.npz
Data length: 1
Time elapsed 0.03 min
Memory used: 8.69 GB
------------------------- time cost ------------------------- 65.21206188201904

-------------Round number: 8-------------

Evaluate global model
Loaded test data from ../dataset/sst2/test/0.npz
Data length: 1
metric.compute(): {'accuracy': 0.9119718309859155}
ct, ns, auc: 0.9119718309859155, 0, 0
Loaded test data from ../dataset/sst2/test/1.npz
Data length: 1
metric.compute(): {'accuracy': 0.9068600111544897}
ct, ns, auc: 0.9068600111544897, 0, 0
Loaded test data from ../dataset/sst2/test/2.npz
Data length: 1
metric.compute(): {'accuracy': 0.9104704097116844}
ct, ns, auc: 0.9104704097116844, 0, 0
Loaded test data from ../dataset/sst2/test/3.npz
Data length: 1
metric.compute(): {'accuracy': 0.895017793594306}
ct, ns, auc: 0.895017793594306, 0, 0
Loaded test data from ../dataset/sst2/test/4.npz
Data length: 1
metric.compute(): {'accuracy': 0.9034307496823379}
ct, ns, auc: 0.9034307496823379, 0, 0
Loaded test data from ../dataset/sst2/test/5.npz
Data length: 1
metric.compute(): {'accuracy': 0.9190283400809717}
ct, ns, auc: 0.9190283400809717, 0, 0
Loaded test data from ../dataset/sst2/test/6.npz
Data length: 1
metric.compute(): {'accuracy': 0.9233576642335767}
ct, ns, auc: 0.9233576642335767, 0, 0
Loaded test data from ../dataset/sst2/test/7.npz
Data length: 1
metric.compute(): {'accuracy': 0.909892879647133}
ct, ns, auc: 0.909892879647133, 0, 0
Loaded test data from ../dataset/sst2/test/8.npz
Data length: 1
metric.compute(): {'accuracy': 0.9053254437869822}
ct, ns, auc: 0.9053254437869822, 0, 0
Loaded test data from ../dataset/sst2/test/9.npz
Data length: 1
metric.compute(): {'accuracy': 0.8972503617945007}
ct, ns, auc: 0.8972503617945007, 0, 0
ids: [0, 1, 2, 3, 4, 5, 6, 7, 8, 9]
stats[1]: [0, 0, 0, 0, 0, 0, 0, 0, 0, 0]
stats[2]: [0.9119718309859155, 0.9068600111544897, 0.9104704097116844, 0.895017793594306, 0.9034307496823379, 0.9190283400809717, 0.9233576642335767, 0.909892879647133, 0.9053254437869822, 0.8972503617945007]
stats[3]: [0, 0, 0, 0, 0, 0, 0, 0, 0, 0]
Averaged Test Accuracy: 0.9083
Averaged Test AUC: 0.0000
Std Test Accuracy: 0.0088
Std Test AUC: 0.0000
Loaded train data from ../dataset/sst2/train/5.npz
Data length: 1
Time elapsed 0.05 min
Memory used: 8.69 GB
Loaded train data from ../dataset/sst2/train/8.npz
Data length: 1
Time elapsed 0.17 min
Memory used: 8.69 GB
Loaded train data from ../dataset/sst2/train/1.npz
Data length: 1
Time elapsed 0.07 min
Memory used: 8.69 GB
Loaded train data from ../dataset/sst2/train/9.npz
Data length: 1
Time elapsed 0.03 min
Memory used: 8.69 GB
Loaded train data from ../dataset/sst2/train/6.npz
Data length: 1
Time elapsed 0.03 min
Memory used: 8.69 GB
Loaded train data from ../dataset/sst2/train/0.npz
Data length: 1
Time elapsed 0.04 min
Memory used: 8.69 GB
Loaded train data from ../dataset/sst2/train/3.npz
Data length: 1
Time elapsed 0.04 min
Memory used: 8.69 GB
Loaded train data from ../dataset/sst2/train/7.npz
Data length: 1
Time elapsed 0.11 min
Memory used: 8.69 GB
Loaded train data from ../dataset/sst2/train/4.npz
Data length: 1
Time elapsed 0.03 min
Memory used: 8.69 GB
Loaded train data from ../dataset/sst2/train/2.npz
Data length: 1
Time elapsed 0.05 min
Memory used: 8.69 GB
------------------------- time cost ------------------------- 65.2206449508667

-------------Round number: 9-------------

Evaluate global model
Loaded test data from ../dataset/sst2/test/0.npz
Data length: 1
metric.compute(): {'accuracy': 0.9190140845070423}
ct, ns, auc: 0.9190140845070423, 0, 0
Loaded test data from ../dataset/sst2/test/1.npz
Data length: 1
metric.compute(): {'accuracy': 0.9079754601226994}
ct, ns, auc: 0.9079754601226994, 0, 0
Loaded test data from ../dataset/sst2/test/2.npz
Data length: 1
metric.compute(): {'accuracy': 0.909711684370258}
ct, ns, auc: 0.909711684370258, 0, 0
Loaded test data from ../dataset/sst2/test/3.npz
Data length: 1
metric.compute(): {'accuracy': 0.895017793594306}
ct, ns, auc: 0.895017793594306, 0, 0
Loaded test data from ../dataset/sst2/test/4.npz
Data length: 1
metric.compute(): {'accuracy': 0.9059720457433291}
ct, ns, auc: 0.9059720457433291, 0, 0
Loaded test data from ../dataset/sst2/test/5.npz
Data length: 1
metric.compute(): {'accuracy': 0.9251012145748988}
ct, ns, auc: 0.9251012145748988, 0, 0
Loaded test data from ../dataset/sst2/test/6.npz
Data length: 1
metric.compute(): {'accuracy': 0.9245742092457421}
ct, ns, auc: 0.9245742092457421, 0, 0
Loaded test data from ../dataset/sst2/test/7.npz
Data length: 1
metric.compute(): {'accuracy': 0.9120982986767486}
ct, ns, auc: 0.9120982986767486, 0, 0
Loaded test data from ../dataset/sst2/test/8.npz
Data length: 1
metric.compute(): {'accuracy': 0.9106086221470837}
ct, ns, auc: 0.9106086221470837, 0, 0
Loaded test data from ../dataset/sst2/test/9.npz
Data length: 1
metric.compute(): {'accuracy': 0.9001447178002895}
ct, ns, auc: 0.9001447178002895, 0, 0
ids: [0, 1, 2, 3, 4, 5, 6, 7, 8, 9]
stats[1]: [0, 0, 0, 0, 0, 0, 0, 0, 0, 0]
stats[2]: [0.9190140845070423, 0.9079754601226994, 0.909711684370258, 0.895017793594306, 0.9059720457433291, 0.9251012145748988, 0.9245742092457421, 0.9120982986767486, 0.9106086221470837, 0.9001447178002895]
stats[3]: [0, 0, 0, 0, 0, 0, 0, 0, 0, 0]
Averaged Test Accuracy: 0.9110
Averaged Test AUC: 0.0000
Std Test Accuracy: 0.0098
Std Test AUC: 0.0000
Loaded train data from ../dataset/sst2/train/1.npz
Data length: 1
Time elapsed 0.07 min
Memory used: 8.69 GB
Loaded train data from ../dataset/sst2/train/7.npz
Data length: 1
Time elapsed 0.11 min
Memory used: 8.69 GB
Loaded train data from ../dataset/sst2/train/4.npz
Data length: 1
Time elapsed 0.03 min
Memory used: 8.69 GB
Loaded train data from ../dataset/sst2/train/3.npz
Data length: 1
Time elapsed 0.04 min
Memory used: 8.69 GB
Loaded train data from ../dataset/sst2/train/9.npz
Data length: 1
Time elapsed 0.03 min
Memory used: 8.69 GB
Loaded train data from ../dataset/sst2/train/8.npz
Data length: 1
Time elapsed 0.17 min
Memory used: 8.69 GB
Loaded train data from ../dataset/sst2/train/5.npz
Data length: 1
Time elapsed 0.05 min
Memory used: 8.69 GB
Loaded train data from ../dataset/sst2/train/0.npz
Data length: 1
Time elapsed 0.04 min
Memory used: 8.69 GB
Loaded train data from ../dataset/sst2/train/2.npz
Data length: 1
Time elapsed 0.04 min
Memory used: 8.69 GB
Loaded train data from ../dataset/sst2/train/6.npz
Data length: 1
Time elapsed 0.03 min
Memory used: 8.69 GB
------------------------- time cost ------------------------- 68.11209225654602

-------------Round number: 10-------------

Evaluate global model
Loaded test data from ../dataset/sst2/test/0.npz
Data length: 1
metric.compute(): {'accuracy': 0.9190140845070423}
ct, ns, auc: 0.9190140845070423, 0, 0
Loaded test data from ../dataset/sst2/test/1.npz
Data length: 1
metric.compute(): {'accuracy': 0.9118795315114333}
ct, ns, auc: 0.9118795315114333, 0, 0
Loaded test data from ../dataset/sst2/test/2.npz
Data length: 1
metric.compute(): {'accuracy': 0.9104704097116844}
ct, ns, auc: 0.9104704097116844, 0, 0
Loaded test data from ../dataset/sst2/test/3.npz
Data length: 1
metric.compute(): {'accuracy': 0.8985765124555161}
ct, ns, auc: 0.8985765124555161, 0, 0
Loaded test data from ../dataset/sst2/test/4.npz
Data length: 1
metric.compute(): {'accuracy': 0.9097839898348158}
ct, ns, auc: 0.9097839898348158, 0, 0
Loaded test data from ../dataset/sst2/test/5.npz
Data length: 1
metric.compute(): {'accuracy': 0.9257759784075573}
ct, ns, auc: 0.9257759784075573, 0, 0
Loaded test data from ../dataset/sst2/test/6.npz
Data length: 1
metric.compute(): {'accuracy': 0.9318734793187348}
ct, ns, auc: 0.9318734793187348, 0, 0
Loaded test data from ../dataset/sst2/test/7.npz
Data length: 1
metric.compute(): {'accuracy': 0.9117832388153749}
ct, ns, auc: 0.9117832388153749, 0, 0
Loaded test data from ../dataset/sst2/test/8.npz
Data length: 1
metric.compute(): {'accuracy': 0.9103972950126796}
ct, ns, auc: 0.9103972950126796, 0, 0
Loaded test data from ../dataset/sst2/test/9.npz
Data length: 1
metric.compute(): {'accuracy': 0.9015918958031838}
ct, ns, auc: 0.9015918958031838, 0, 0
ids: [0, 1, 2, 3, 4, 5, 6, 7, 8, 9]
stats[1]: [0, 0, 0, 0, 0, 0, 0, 0, 0, 0]
stats[2]: [0.9190140845070423, 0.9118795315114333, 0.9104704097116844, 0.8985765124555161, 0.9097839898348158, 0.9257759784075573, 0.9318734793187348, 0.9117832388153749, 0.9103972950126796, 0.9015918958031838]
stats[3]: [0, 0, 0, 0, 0, 0, 0, 0, 0, 0]
Averaged Test Accuracy: 0.9131
Averaged Test AUC: 0.0000
Std Test Accuracy: 0.0101
Std Test AUC: 0.0000
Loaded train data from ../dataset/sst2/train/0.npz
Data length: 1
Time elapsed 0.04 min
Memory used: 8.69 GB
Loaded train data from ../dataset/sst2/train/6.npz
Data length: 1
Time elapsed 0.03 min
Memory used: 8.69 GB
Loaded train data from ../dataset/sst2/train/5.npz
Data length: 1
Time elapsed 0.05 min
Memory used: 8.69 GB
Loaded train data from ../dataset/sst2/train/1.npz
Data length: 1
Time elapsed 0.07 min
Memory used: 8.69 GB
Loaded train data from ../dataset/sst2/train/2.npz
Data length: 1
Time elapsed 0.05 min
Memory used: 8.69 GB
Loaded train data from ../dataset/sst2/train/3.npz
Data length: 1
Time elapsed 0.04 min
Memory used: 8.69 GB
Loaded train data from ../dataset/sst2/train/4.npz
Data length: 1
Time elapsed 0.03 min
Memory used: 8.69 GB
Loaded train data from ../dataset/sst2/train/9.npz
Data length: 1
Time elapsed 0.03 min
Memory used: 8.69 GB
Loaded train data from ../dataset/sst2/train/7.npz
Data length: 1
Time elapsed 0.11 min
Memory used: 8.69 GB
Loaded train data from ../dataset/sst2/train/8.npz
Data length: 1
Time elapsed 0.17 min
Memory used: 8.69 GB
------------------------- time cost ------------------------- 65.61593914031982

-------------Round number: 11-------------

Evaluate global model
Loaded test data from ../dataset/sst2/test/0.npz
Data length: 1
metric.compute(): {'accuracy': 0.920774647887324}
ct, ns, auc: 0.920774647887324, 0, 0
Loaded test data from ../dataset/sst2/test/1.npz
Data length: 1
metric.compute(): {'accuracy': 0.9124372559955382}
ct, ns, auc: 0.9124372559955382, 0, 0
Loaded test data from ../dataset/sst2/test/2.npz
Data length: 1
metric.compute(): {'accuracy': 0.9157814871016692}
ct, ns, auc: 0.9157814871016692, 0, 0
Loaded test data from ../dataset/sst2/test/3.npz
Data length: 1
metric.compute(): {'accuracy': 0.900355871886121}
ct, ns, auc: 0.900355871886121, 0, 0
Loaded test data from ../dataset/sst2/test/4.npz
Data length: 1
metric.compute(): {'accuracy': 0.9085133418043202}
ct, ns, auc: 0.9085133418043202, 0, 0
Loaded test data from ../dataset/sst2/test/5.npz
Data length: 1
metric.compute(): {'accuracy': 0.9271255060728745}
ct, ns, auc: 0.9271255060728745, 0, 0
Loaded test data from ../dataset/sst2/test/6.npz
Data length: 1
metric.compute(): {'accuracy': 0.9294403892944039}
ct, ns, auc: 0.9294403892944039, 0, 0
Loaded test data from ../dataset/sst2/test/7.npz
Data length: 1
metric.compute(): {'accuracy': 0.9165091367359799}
ct, ns, auc: 0.9165091367359799, 0, 0
Loaded test data from ../dataset/sst2/test/8.npz
Data length: 1
metric.compute(): {'accuracy': 0.9135672020287405}
ct, ns, auc: 0.9135672020287405, 0, 0
Loaded test data from ../dataset/sst2/test/9.npz
Data length: 1
metric.compute(): {'accuracy': 0.9044862518089725}
ct, ns, auc: 0.9044862518089725, 0, 0
ids: [0, 1, 2, 3, 4, 5, 6, 7, 8, 9]
stats[1]: [0, 0, 0, 0, 0, 0, 0, 0, 0, 0]
stats[2]: [0.920774647887324, 0.9124372559955382, 0.9157814871016692, 0.900355871886121, 0.9085133418043202, 0.9271255060728745, 0.9294403892944039, 0.9165091367359799, 0.9135672020287405, 0.9044862518089725]
stats[3]: [0, 0, 0, 0, 0, 0, 0, 0, 0, 0]
Averaged Test Accuracy: 0.9149
Averaged Test AUC: 0.0000
Std Test Accuracy: 0.0092
Std Test AUC: 0.0000
Loaded train data from ../dataset/sst2/train/4.npz
Data length: 1
Time elapsed 0.03 min
Memory used: 8.69 GB
Loaded train data from ../dataset/sst2/train/7.npz
Data length: 1
Time elapsed 0.11 min
Memory used: 8.69 GB
Loaded train data from ../dataset/sst2/train/6.npz
Data length: 1
Time elapsed 0.03 min
Memory used: 8.69 GB
Loaded train data from ../dataset/sst2/train/2.npz
Data length: 1
Time elapsed 0.05 min
Memory used: 8.69 GB
Loaded train data from ../dataset/sst2/train/8.npz
Data length: 1
Time elapsed 0.17 min
Memory used: 8.69 GB
Loaded train data from ../dataset/sst2/train/3.npz
Data length: 1
Time elapsed 0.04 min
Memory used: 8.69 GB
Loaded train data from ../dataset/sst2/train/1.npz
Data length: 1
Time elapsed 0.07 min
Memory used: 8.69 GB
Loaded train data from ../dataset/sst2/train/5.npz
Data length: 1
Time elapsed 0.05 min
Memory used: 8.69 GB
Loaded train data from ../dataset/sst2/train/9.npz
Data length: 1
Time elapsed 0.03 min
Memory used: 8.69 GB
Loaded train data from ../dataset/sst2/train/0.npz
Data length: 1
Time elapsed 0.04 min
Memory used: 8.69 GB
------------------------- time cost ------------------------- 65.45818305015564

-------------Round number: 12-------------

Evaluate global model
Loaded test data from ../dataset/sst2/test/0.npz
Data length: 1
metric.compute(): {'accuracy': 0.9242957746478874}
ct, ns, auc: 0.9242957746478874, 0, 0
Loaded test data from ../dataset/sst2/test/1.npz
Data length: 1
metric.compute(): {'accuracy': 0.9141104294478528}
ct, ns, auc: 0.9141104294478528, 0, 0
Loaded test data from ../dataset/sst2/test/2.npz
Data length: 1
metric.compute(): {'accuracy': 0.9157814871016692}
ct, ns, auc: 0.9157814871016692, 0, 0
Loaded test data from ../dataset/sst2/test/3.npz
Data length: 1
metric.compute(): {'accuracy': 0.9012455516014235}
ct, ns, auc: 0.9012455516014235, 0, 0
Loaded test data from ../dataset/sst2/test/4.npz
Data length: 1
metric.compute(): {'accuracy': 0.9110546378653113}
ct, ns, auc: 0.9110546378653113, 0, 0
Loaded test data from ../dataset/sst2/test/5.npz
Data length: 1
metric.compute(): {'accuracy': 0.9271255060728745}
ct, ns, auc: 0.9271255060728745, 0, 0
Loaded test data from ../dataset/sst2/test/6.npz
Data length: 1
metric.compute(): {'accuracy': 0.9318734793187348}
ct, ns, auc: 0.9318734793187348, 0, 0
Loaded test data from ../dataset/sst2/test/7.npz
Data length: 1
metric.compute(): {'accuracy': 0.9180844360428482}
ct, ns, auc: 0.9180844360428482, 0, 0
Loaded test data from ../dataset/sst2/test/8.npz
Data length: 1
metric.compute(): {'accuracy': 0.9171597633136095}
ct, ns, auc: 0.9171597633136095, 0, 0
Loaded test data from ../dataset/sst2/test/9.npz
Data length: 1
metric.compute(): {'accuracy': 0.9015918958031838}
ct, ns, auc: 0.9015918958031838, 0, 0
ids: [0, 1, 2, 3, 4, 5, 6, 7, 8, 9]
stats[1]: [0, 0, 0, 0, 0, 0, 0, 0, 0, 0]
stats[2]: [0.9242957746478874, 0.9141104294478528, 0.9157814871016692, 0.9012455516014235, 0.9110546378653113, 0.9271255060728745, 0.9318734793187348, 0.9180844360428482, 0.9171597633136095, 0.9015918958031838]
stats[3]: [0, 0, 0, 0, 0, 0, 0, 0, 0, 0]
Averaged Test Accuracy: 0.9162
Averaged Test AUC: 0.0000
Std Test Accuracy: 0.0100
Std Test AUC: 0.0000
Loaded train data from ../dataset/sst2/train/7.npz
Data length: 1
Time elapsed 0.11 min
Memory used: 8.69 GB
Loaded train data from ../dataset/sst2/train/5.npz
Data length: 1
Time elapsed 0.05 min
Memory used: 8.69 GB
Loaded train data from ../dataset/sst2/train/6.npz
Data length: 1
Time elapsed 0.03 min
Memory used: 8.69 GB
Loaded train data from ../dataset/sst2/train/9.npz
Data length: 1
Time elapsed 0.03 min
Memory used: 8.69 GB
Loaded train data from ../dataset/sst2/train/8.npz
Data length: 1
Time elapsed 0.17 min
Memory used: 8.69 GB
Loaded train data from ../dataset/sst2/train/1.npz
Data length: 1
Time elapsed 0.07 min
Memory used: 8.69 GB
Loaded train data from ../dataset/sst2/train/2.npz
Data length: 1
Time elapsed 0.05 min
Memory used: 8.69 GB
Loaded train data from ../dataset/sst2/train/0.npz
Data length: 1
Time elapsed 0.04 min
Memory used: 8.69 GB
Loaded train data from ../dataset/sst2/train/3.npz
Data length: 1
Time elapsed 0.04 min
Memory used: 8.69 GB
Loaded train data from ../dataset/sst2/train/4.npz
Data length: 1
Time elapsed 0.03 min
Memory used: 8.69 GB
------------------------- time cost ------------------------- 65.10225176811218

-------------Round number: 13-------------

Evaluate global model
Loaded test data from ../dataset/sst2/test/0.npz
Data length: 1
metric.compute(): {'accuracy': 0.9242957746478874}
ct, ns, auc: 0.9242957746478874, 0, 0
Loaded test data from ../dataset/sst2/test/1.npz
Data length: 1
metric.compute(): {'accuracy': 0.9191299498047965}
ct, ns, auc: 0.9191299498047965, 0, 0
Loaded test data from ../dataset/sst2/test/2.npz
Data length: 1
metric.compute(): {'accuracy': 0.9195751138088012}
ct, ns, auc: 0.9195751138088012, 0, 0
Loaded test data from ../dataset/sst2/test/3.npz
Data length: 1
metric.compute(): {'accuracy': 0.9048042704626335}
ct, ns, auc: 0.9048042704626335, 0, 0
Loaded test data from ../dataset/sst2/test/4.npz
Data length: 1
metric.compute(): {'accuracy': 0.9110546378653113}
ct, ns, auc: 0.9110546378653113, 0, 0
Loaded test data from ../dataset/sst2/test/5.npz
Data length: 1
metric.compute(): {'accuracy': 0.9278002699055331}
ct, ns, auc: 0.9278002699055331, 0, 0
Loaded test data from ../dataset/sst2/test/6.npz
Data length: 1
metric.compute(): {'accuracy': 0.9355231143552312}
ct, ns, auc: 0.9355231143552312, 0, 0
Loaded test data from ../dataset/sst2/test/7.npz
Data length: 1
metric.compute(): {'accuracy': 0.9221802142407057}
ct, ns, auc: 0.9221802142407057, 0, 0
Loaded test data from ../dataset/sst2/test/8.npz
Data length: 1
metric.compute(): {'accuracy': 0.9173710904480136}
ct, ns, auc: 0.9173710904480136, 0, 0
Loaded test data from ../dataset/sst2/test/9.npz
Data length: 1
metric.compute(): {'accuracy': 0.9073806078147613}
ct, ns, auc: 0.9073806078147613, 0, 0
ids: [0, 1, 2, 3, 4, 5, 6, 7, 8, 9]
stats[1]: [0, 0, 0, 0, 0, 0, 0, 0, 0, 0]
stats[2]: [0.9242957746478874, 0.9191299498047965, 0.9195751138088012, 0.9048042704626335, 0.9110546378653113, 0.9278002699055331, 0.9355231143552312, 0.9221802142407057, 0.9173710904480136, 0.9073806078147613]
stats[3]: [0, 0, 0, 0, 0, 0, 0, 0, 0, 0]
Averaged Test Accuracy: 0.9189
Averaged Test AUC: 0.0000
Std Test Accuracy: 0.0094
Std Test AUC: 0.0000
Loaded train data from ../dataset/sst2/train/7.npz
Data length: 1
Time elapsed 0.11 min
Memory used: 8.69 GB
Loaded train data from ../dataset/sst2/train/2.npz
Data length: 1
Time elapsed 0.05 min
Memory used: 8.69 GB
Loaded train data from ../dataset/sst2/train/1.npz
Data length: 1
Time elapsed 0.07 min
Memory used: 8.69 GB
Loaded train data from ../dataset/sst2/train/3.npz
Data length: 1
Time elapsed 0.04 min
Memory used: 8.69 GB
Loaded train data from ../dataset/sst2/train/4.npz
Data length: 1
Time elapsed 0.03 min
Memory used: 8.69 GB
Loaded train data from ../dataset/sst2/train/9.npz
Data length: 1
Time elapsed 0.03 min
Memory used: 8.69 GB
Loaded train data from ../dataset/sst2/train/5.npz
Data length: 1
Time elapsed 0.05 min
Memory used: 8.69 GB
Loaded train data from ../dataset/sst2/train/0.npz
Data length: 1
Time elapsed 0.04 min
Memory used: 8.69 GB
Loaded train data from ../dataset/sst2/train/8.npz
Data length: 1
Time elapsed 0.17 min
Memory used: 8.69 GB
Loaded train data from ../dataset/sst2/train/6.npz
Data length: 1
Time elapsed 0.03 min
Memory used: 8.69 GB
------------------------- time cost ------------------------- 71.14999747276306

-------------Round number: 14-------------

Evaluate global model
Loaded test data from ../dataset/sst2/test/0.npz
Data length: 1
metric.compute(): {'accuracy': 0.926056338028169}
ct, ns, auc: 0.926056338028169, 0, 0
Loaded test data from ../dataset/sst2/test/1.npz
Data length: 1
metric.compute(): {'accuracy': 0.9202453987730062}
ct, ns, auc: 0.9202453987730062, 0, 0
Loaded test data from ../dataset/sst2/test/2.npz
Data length: 1
metric.compute(): {'accuracy': 0.9195751138088012}
ct, ns, auc: 0.9195751138088012, 0, 0
Loaded test data from ../dataset/sst2/test/3.npz
Data length: 1
metric.compute(): {'accuracy': 0.9074733096085409}
ct, ns, auc: 0.9074733096085409, 0, 0
Loaded test data from ../dataset/sst2/test/4.npz
Data length: 1
metric.compute(): {'accuracy': 0.9135959339263025}
ct, ns, auc: 0.9135959339263025, 0, 0
Loaded test data from ../dataset/sst2/test/5.npz
Data length: 1
metric.compute(): {'accuracy': 0.9304993252361673}
ct, ns, auc: 0.9304993252361673, 0, 0
Loaded test data from ../dataset/sst2/test/6.npz
Data length: 1
metric.compute(): {'accuracy': 0.9379562043795621}
ct, ns, auc: 0.9379562043795621, 0, 0
Loaded test data from ../dataset/sst2/test/7.npz
Data length: 1
metric.compute(): {'accuracy': 0.923755513547574}
ct, ns, auc: 0.923755513547574, 0, 0
Loaded test data from ../dataset/sst2/test/8.npz
Data length: 1
metric.compute(): {'accuracy': 0.9180050718512257}
ct, ns, auc: 0.9180050718512257, 0, 0
Loaded test data from ../dataset/sst2/test/9.npz
Data length: 1
metric.compute(): {'accuracy': 0.9117221418234442}
ct, ns, auc: 0.9117221418234442, 0, 0
ids: [0, 1, 2, 3, 4, 5, 6, 7, 8, 9]
stats[1]: [0, 0, 0, 0, 0, 0, 0, 0, 0, 0]
stats[2]: [0.926056338028169, 0.9202453987730062, 0.9195751138088012, 0.9074733096085409, 0.9135959339263025, 0.9304993252361673, 0.9379562043795621, 0.923755513547574, 0.9180050718512257, 0.9117221418234442]
stats[3]: [0, 0, 0, 0, 0, 0, 0, 0, 0, 0]
Averaged Test Accuracy: 0.9209
Averaged Test AUC: 0.0000
Std Test Accuracy: 0.0091
Std Test AUC: 0.0000
Loaded train data from ../dataset/sst2/train/2.npz
Data length: 1
Time elapsed 0.05 min
Memory used: 8.69 GB
Loaded train data from ../dataset/sst2/train/6.npz
Data length: 1
Time elapsed 0.03 min
Memory used: 8.69 GB
Loaded train data from ../dataset/sst2/train/1.npz
Data length: 1
Time elapsed 0.07 min
Memory used: 8.69 GB
Loaded train data from ../dataset/sst2/train/3.npz
Data length: 1
Time elapsed 0.04 min
Memory used: 8.69 GB
Loaded train data from ../dataset/sst2/train/4.npz
Data length: 1
Time elapsed 0.03 min
Memory used: 8.69 GB
Loaded train data from ../dataset/sst2/train/9.npz
Data length: 1
Time elapsed 0.03 min
Memory used: 8.69 GB
Loaded train data from ../dataset/sst2/train/8.npz
Data length: 1
Time elapsed 0.17 min
Memory used: 8.69 GB
Loaded train data from ../dataset/sst2/train/0.npz
Data length: 1
Time elapsed 0.04 min
Memory used: 8.69 GB
Loaded train data from ../dataset/sst2/train/7.npz
Data length: 1
Time elapsed 0.11 min
Memory used: 8.69 GB
Loaded train data from ../dataset/sst2/train/5.npz
Data length: 1
Time elapsed 0.05 min
Memory used: 8.69 GB
------------------------- time cost ------------------------- 65.5113639831543

-------------Round number: 15-------------

Evaluate global model
Loaded test data from ../dataset/sst2/test/0.npz
Data length: 1
metric.compute(): {'accuracy': 0.9278169014084507}
ct, ns, auc: 0.9278169014084507, 0, 0
Loaded test data from ../dataset/sst2/test/1.npz
Data length: 1
metric.compute(): {'accuracy': 0.9180145008365868}
ct, ns, auc: 0.9180145008365868, 0, 0
Loaded test data from ../dataset/sst2/test/2.npz
Data length: 1
metric.compute(): {'accuracy': 0.924886191198786}
ct, ns, auc: 0.924886191198786, 0, 0
Loaded test data from ../dataset/sst2/test/3.npz
Data length: 1
metric.compute(): {'accuracy': 0.9110320284697508}
ct, ns, auc: 0.9110320284697508, 0, 0
Loaded test data from ../dataset/sst2/test/4.npz
Data length: 1
metric.compute(): {'accuracy': 0.9161372299872935}
ct, ns, auc: 0.9161372299872935, 0, 0
Loaded test data from ../dataset/sst2/test/5.npz
Data length: 1
metric.compute(): {'accuracy': 0.9331983805668016}
ct, ns, auc: 0.9331983805668016, 0, 0
Loaded test data from ../dataset/sst2/test/6.npz
Data length: 1
metric.compute(): {'accuracy': 0.9416058394160584}
ct, ns, auc: 0.9416058394160584, 0, 0
Loaded test data from ../dataset/sst2/test/7.npz
Data length: 1
metric.compute(): {'accuracy': 0.9259609325771897}
ct, ns, auc: 0.9259609325771897, 0, 0
Loaded test data from ../dataset/sst2/test/8.npz
Data length: 1
metric.compute(): {'accuracy': 0.919061707523246}
ct, ns, auc: 0.919061707523246, 0, 0
Loaded test data from ../dataset/sst2/test/9.npz
Data length: 1
metric.compute(): {'accuracy': 0.914616497829233}
ct, ns, auc: 0.914616497829233, 0, 0
ids: [0, 1, 2, 3, 4, 5, 6, 7, 8, 9]
stats[1]: [0, 0, 0, 0, 0, 0, 0, 0, 0, 0]
stats[2]: [0.9278169014084507, 0.9180145008365868, 0.924886191198786, 0.9110320284697508, 0.9161372299872935, 0.9331983805668016, 0.9416058394160584, 0.9259609325771897, 0.919061707523246, 0.914616497829233]
stats[3]: [0, 0, 0, 0, 0, 0, 0, 0, 0, 0]
Averaged Test Accuracy: 0.9232
Averaged Test AUC: 0.0000
Std Test Accuracy: 0.0093
Std Test AUC: 0.0000
Loaded train data from ../dataset/sst2/train/8.npz
Data length: 1
Time elapsed 0.17 min
Memory used: 8.69 GB
Loaded train data from ../dataset/sst2/train/4.npz
Data length: 1
Time elapsed 0.03 min
Memory used: 8.69 GB
Loaded train data from ../dataset/sst2/train/9.npz
Data length: 1
Time elapsed 0.03 min
Memory used: 8.69 GB
Loaded train data from ../dataset/sst2/train/2.npz
Data length: 1
Time elapsed 0.05 min
Memory used: 8.69 GB
Loaded train data from ../dataset/sst2/train/7.npz
Data length: 1
Time elapsed 0.11 min
Memory used: 8.69 GB
Loaded train data from ../dataset/sst2/train/0.npz
Data length: 1
Time elapsed 0.04 min
Memory used: 8.69 GB
Loaded train data from ../dataset/sst2/train/6.npz
Data length: 1
Time elapsed 0.03 min
Memory used: 8.69 GB
Loaded train data from ../dataset/sst2/train/1.npz
Data length: 1
Time elapsed 0.07 min
Memory used: 8.69 GB
Loaded train data from ../dataset/sst2/train/5.npz
Data length: 1
Time elapsed 0.05 min
Memory used: 8.69 GB
Loaded train data from ../dataset/sst2/train/3.npz
Data length: 1
Time elapsed 0.04 min
Memory used: 8.69 GB
------------------------- time cost ------------------------- 65.43382382392883

-------------Round number: 16-------------

Evaluate global model
Loaded test data from ../dataset/sst2/test/0.npz
Data length: 1
metric.compute(): {'accuracy': 0.9357394366197183}
ct, ns, auc: 0.9357394366197183, 0, 0
Loaded test data from ../dataset/sst2/test/1.npz
Data length: 1
metric.compute(): {'accuracy': 0.9241494701617401}
ct, ns, auc: 0.9241494701617401, 0, 0
Loaded test data from ../dataset/sst2/test/2.npz
Data length: 1
metric.compute(): {'accuracy': 0.9226100151745068}
ct, ns, auc: 0.9226100151745068, 0, 0
Loaded test data from ../dataset/sst2/test/3.npz
Data length: 1
metric.compute(): {'accuracy': 0.9154804270462633}
ct, ns, auc: 0.9154804270462633, 0, 0
Loaded test data from ../dataset/sst2/test/4.npz
Data length: 1
metric.compute(): {'accuracy': 0.9161372299872935}
ct, ns, auc: 0.9161372299872935, 0, 0
Loaded test data from ../dataset/sst2/test/5.npz
Data length: 1
metric.compute(): {'accuracy': 0.9311740890688259}
ct, ns, auc: 0.9311740890688259, 0, 0
Loaded test data from ../dataset/sst2/test/6.npz
Data length: 1
metric.compute(): {'accuracy': 0.9391727493917275}
ct, ns, auc: 0.9391727493917275, 0, 0
Loaded test data from ../dataset/sst2/test/7.npz
Data length: 1
metric.compute(): {'accuracy': 0.926591052299937}
ct, ns, auc: 0.926591052299937, 0, 0
Loaded test data from ../dataset/sst2/test/8.npz
Data length: 1
metric.compute(): {'accuracy': 0.9194843617920541}
ct, ns, auc: 0.9194843617920541, 0, 0
Loaded test data from ../dataset/sst2/test/9.npz
Data length: 1
metric.compute(): {'accuracy': 0.914616497829233}
ct, ns, auc: 0.914616497829233, 0, 0
ids: [0, 1, 2, 3, 4, 5, 6, 7, 8, 9]
stats[1]: [0, 0, 0, 0, 0, 0, 0, 0, 0, 0]
stats[2]: [0.9357394366197183, 0.9241494701617401, 0.9226100151745068, 0.9154804270462633, 0.9161372299872935, 0.9311740890688259, 0.9391727493917275, 0.926591052299937, 0.9194843617920541, 0.914616497829233]
stats[3]: [0, 0, 0, 0, 0, 0, 0, 0, 0, 0]
Averaged Test Accuracy: 0.9245
Averaged Test AUC: 0.0000
Std Test Accuracy: 0.0086
Std Test AUC: 0.0000
Loaded train data from ../dataset/sst2/train/3.npz
Data length: 1
Time elapsed 0.04 min
Memory used: 8.69 GB
Loaded train data from ../dataset/sst2/train/1.npz
Data length: 1
Time elapsed 0.07 min
Memory used: 8.69 GB
Loaded train data from ../dataset/sst2/train/4.npz
Data length: 1
Time elapsed 0.03 min
Memory used: 8.69 GB
Loaded train data from ../dataset/sst2/train/9.npz
Data length: 1
Time elapsed 0.03 min
Memory used: 8.69 GB
Loaded train data from ../dataset/sst2/train/6.npz
Data length: 1
Time elapsed 0.03 min
Memory used: 8.69 GB
Loaded train data from ../dataset/sst2/train/2.npz
Data length: 1
Time elapsed 0.05 min
Memory used: 8.69 GB
Loaded train data from ../dataset/sst2/train/5.npz
Data length: 1
Time elapsed 0.05 min
Memory used: 8.69 GB
Loaded train data from ../dataset/sst2/train/0.npz
Data length: 1
Time elapsed 0.04 min
Memory used: 8.69 GB
Loaded train data from ../dataset/sst2/train/8.npz
Data length: 1
Time elapsed 0.17 min
Memory used: 8.69 GB
Loaded train data from ../dataset/sst2/train/7.npz
Data length: 1
Time elapsed 0.11 min
Memory used: 8.69 GB
------------------------- time cost ------------------------- 65.69464159011841

-------------Round number: 17-------------

Evaluate global model
Loaded test data from ../dataset/sst2/test/0.npz
Data length: 1
metric.compute(): {'accuracy': 0.9348591549295775}
ct, ns, auc: 0.9348591549295775, 0, 0
Loaded test data from ../dataset/sst2/test/1.npz
Data length: 1
metric.compute(): {'accuracy': 0.9252649191299498}
ct, ns, auc: 0.9252649191299498, 0, 0
Loaded test data from ../dataset/sst2/test/2.npz
Data length: 1
metric.compute(): {'accuracy': 0.928679817905918}
ct, ns, auc: 0.928679817905918, 0, 0
Loaded test data from ../dataset/sst2/test/3.npz
Data length: 1
metric.compute(): {'accuracy': 0.9110320284697508}
ct, ns, auc: 0.9110320284697508, 0, 0
Loaded test data from ../dataset/sst2/test/4.npz
Data length: 1
metric.compute(): {'accuracy': 0.9186785260482846}
ct, ns, auc: 0.9186785260482846, 0, 0
Loaded test data from ../dataset/sst2/test/5.npz
Data length: 1
metric.compute(): {'accuracy': 0.9325236167341431}
ct, ns, auc: 0.9325236167341431, 0, 0
Loaded test data from ../dataset/sst2/test/6.npz
Data length: 1
metric.compute(): {'accuracy': 0.9416058394160584}
ct, ns, auc: 0.9416058394160584, 0, 0
Loaded test data from ../dataset/sst2/test/7.npz
Data length: 1
metric.compute(): {'accuracy': 0.927536231884058}
ct, ns, auc: 0.927536231884058, 0, 0
Loaded test data from ../dataset/sst2/test/8.npz
Data length: 1
metric.compute(): {'accuracy': 0.9222316145393068}
ct, ns, auc: 0.9222316145393068, 0, 0
Loaded test data from ../dataset/sst2/test/9.npz
Data length: 1
metric.compute(): {'accuracy': 0.9160636758321273}
ct, ns, auc: 0.9160636758321273, 0, 0
ids: [0, 1, 2, 3, 4, 5, 6, 7, 8, 9]
stats[1]: [0, 0, 0, 0, 0, 0, 0, 0, 0, 0]
stats[2]: [0.9348591549295775, 0.9252649191299498, 0.928679817905918, 0.9110320284697508, 0.9186785260482846, 0.9325236167341431, 0.9416058394160584, 0.927536231884058, 0.9222316145393068, 0.9160636758321273]
stats[3]: [0, 0, 0, 0, 0, 0, 0, 0, 0, 0]
Averaged Test Accuracy: 0.9258
Averaged Test AUC: 0.0000
Std Test Accuracy: 0.0092
Std Test AUC: 0.0000
Loaded train data from ../dataset/sst2/train/5.npz
Data length: 1
Time elapsed 0.05 min
Memory used: 8.69 GB
Loaded train data from ../dataset/sst2/train/9.npz
Data length: 1
Time elapsed 0.03 min
Memory used: 8.69 GB
Loaded train data from ../dataset/sst2/train/4.npz
Data length: 1
Time elapsed 0.03 min
Memory used: 8.69 GB
Loaded train data from ../dataset/sst2/train/2.npz
Data length: 1
Time elapsed 0.04 min
Memory used: 8.69 GB
Loaded train data from ../dataset/sst2/train/3.npz
Data length: 1
Time elapsed 0.04 min
Memory used: 8.69 GB
Loaded train data from ../dataset/sst2/train/7.npz
Data length: 1
Time elapsed 0.11 min
Memory used: 8.69 GB
Loaded train data from ../dataset/sst2/train/8.npz
Data length: 1
Time elapsed 0.17 min
Memory used: 8.69 GB
Loaded train data from ../dataset/sst2/train/6.npz
Data length: 1
Time elapsed 0.03 min
Memory used: 8.69 GB
Loaded train data from ../dataset/sst2/train/0.npz
Data length: 1
Time elapsed 0.04 min
Memory used: 8.69 GB
Loaded train data from ../dataset/sst2/train/1.npz
Data length: 1
Time elapsed 0.07 min
Memory used: 8.69 GB
------------------------- time cost ------------------------- 65.31492042541504

-------------Round number: 18-------------

Evaluate global model
Loaded test data from ../dataset/sst2/test/0.npz
Data length: 1
metric.compute(): {'accuracy': 0.9357394366197183}
ct, ns, auc: 0.9357394366197183, 0, 0
Loaded test data from ../dataset/sst2/test/1.npz
Data length: 1
metric.compute(): {'accuracy': 0.9247071946458449}
ct, ns, auc: 0.9247071946458449, 0, 0
Loaded test data from ../dataset/sst2/test/2.npz
Data length: 1
metric.compute(): {'accuracy': 0.928679817905918}
ct, ns, auc: 0.928679817905918, 0, 0
Loaded test data from ../dataset/sst2/test/3.npz
Data length: 1
metric.compute(): {'accuracy': 0.9154804270462633}
ct, ns, auc: 0.9154804270462633, 0, 0
Loaded test data from ../dataset/sst2/test/4.npz
Data length: 1
metric.compute(): {'accuracy': 0.9199491740787802}
ct, ns, auc: 0.9199491740787802, 0, 0
Loaded test data from ../dataset/sst2/test/5.npz
Data length: 1
metric.compute(): {'accuracy': 0.9338731443994602}
ct, ns, auc: 0.9338731443994602, 0, 0
Loaded test data from ../dataset/sst2/test/6.npz
Data length: 1
metric.compute(): {'accuracy': 0.9379562043795621}
ct, ns, auc: 0.9379562043795621, 0, 0
Loaded test data from ../dataset/sst2/test/7.npz
Data length: 1
metric.compute(): {'accuracy': 0.9278512917454317}
ct, ns, auc: 0.9278512917454317, 0, 0
Loaded test data from ../dataset/sst2/test/8.npz
Data length: 1
metric.compute(): {'accuracy': 0.922865595942519}
ct, ns, auc: 0.922865595942519, 0, 0
Loaded test data from ../dataset/sst2/test/9.npz
Data length: 1
metric.compute(): {'accuracy': 0.9160636758321273}
ct, ns, auc: 0.9160636758321273, 0, 0
ids: [0, 1, 2, 3, 4, 5, 6, 7, 8, 9]
stats[1]: [0, 0, 0, 0, 0, 0, 0, 0, 0, 0]
stats[2]: [0.9357394366197183, 0.9247071946458449, 0.928679817905918, 0.9154804270462633, 0.9199491740787802, 0.9338731443994602, 0.9379562043795621, 0.9278512917454317, 0.922865595942519, 0.9160636758321273]
stats[3]: [0, 0, 0, 0, 0, 0, 0, 0, 0, 0]
Averaged Test Accuracy: 0.9263
Averaged Test AUC: 0.0000
Std Test Accuracy: 0.0079
Std Test AUC: 0.0000
Loaded train data from ../dataset/sst2/train/9.npz
Data length: 1
Time elapsed 0.03 min
Memory used: 8.69 GB
Loaded train data from ../dataset/sst2/train/5.npz
Data length: 1
Time elapsed 0.05 min
Memory used: 8.69 GB
Loaded train data from ../dataset/sst2/train/4.npz
Data length: 1
Time elapsed 0.03 min
Memory used: 8.69 GB
Loaded train data from ../dataset/sst2/train/3.npz
Data length: 1
Time elapsed 0.04 min
Memory used: 8.69 GB
Loaded train data from ../dataset/sst2/train/6.npz
Data length: 1
Time elapsed 0.03 min
Memory used: 8.69 GB
Loaded train data from ../dataset/sst2/train/2.npz
Data length: 1
Time elapsed 0.05 min
Memory used: 8.69 GB
Loaded train data from ../dataset/sst2/train/7.npz
Data length: 1
Time elapsed 0.11 min
Memory used: 8.69 GB
Loaded train data from ../dataset/sst2/train/8.npz
Data length: 1
Time elapsed 0.17 min
Memory used: 8.69 GB
Loaded train data from ../dataset/sst2/train/1.npz
Data length: 1
Time elapsed 0.07 min
Memory used: 8.69 GB
Loaded train data from ../dataset/sst2/train/0.npz
Data length: 1
Time elapsed 0.04 min
Memory used: 8.69 GB
------------------------- time cost ------------------------- 70.26565146446228

-------------Round number: 19-------------

Evaluate global model
Loaded test data from ../dataset/sst2/test/0.npz
Data length: 1
metric.compute(): {'accuracy': 0.9339788732394366}
ct, ns, auc: 0.9339788732394366, 0, 0
Loaded test data from ../dataset/sst2/test/1.npz
Data length: 1
metric.compute(): {'accuracy': 0.9252649191299498}
ct, ns, auc: 0.9252649191299498, 0, 0
Loaded test data from ../dataset/sst2/test/2.npz
Data length: 1
metric.compute(): {'accuracy': 0.9317147192716236}
ct, ns, auc: 0.9317147192716236, 0, 0
Loaded test data from ../dataset/sst2/test/3.npz
Data length: 1
metric.compute(): {'accuracy': 0.9145907473309609}
ct, ns, auc: 0.9145907473309609, 0, 0
Loaded test data from ../dataset/sst2/test/4.npz
Data length: 1
metric.compute(): {'accuracy': 0.9199491740787802}
ct, ns, auc: 0.9199491740787802, 0, 0
Loaded test data from ../dataset/sst2/test/5.npz
Data length: 1
metric.compute(): {'accuracy': 0.9338731443994602}
ct, ns, auc: 0.9338731443994602, 0, 0
Loaded test data from ../dataset/sst2/test/6.npz
Data length: 1
metric.compute(): {'accuracy': 0.9452554744525548}
ct, ns, auc: 0.9452554744525548, 0, 0
Loaded test data from ../dataset/sst2/test/7.npz
Data length: 1
metric.compute(): {'accuracy': 0.9272211720226843}
ct, ns, auc: 0.9272211720226843, 0, 0
Loaded test data from ../dataset/sst2/test/8.npz
Data length: 1
metric.compute(): {'accuracy': 0.9230769230769231}
ct, ns, auc: 0.9230769230769231, 0, 0
Loaded test data from ../dataset/sst2/test/9.npz
Data length: 1
metric.compute(): {'accuracy': 0.9160636758321273}
ct, ns, auc: 0.9160636758321273, 0, 0
ids: [0, 1, 2, 3, 4, 5, 6, 7, 8, 9]
stats[1]: [0, 0, 0, 0, 0, 0, 0, 0, 0, 0]
stats[2]: [0.9339788732394366, 0.9252649191299498, 0.9317147192716236, 0.9145907473309609, 0.9199491740787802, 0.9338731443994602, 0.9452554744525548, 0.9272211720226843, 0.9230769230769231, 0.9160636758321273]
stats[3]: [0, 0, 0, 0, 0, 0, 0, 0, 0, 0]
Averaged Test Accuracy: 0.9271
Averaged Test AUC: 0.0000
Std Test Accuracy: 0.0094
Std Test AUC: 0.0000
Loaded train data from ../dataset/sst2/train/6.npz
Data length: 1
Time elapsed 0.03 min
Memory used: 8.69 GB
Loaded train data from ../dataset/sst2/train/3.npz
Data length: 1
Time elapsed 0.04 min
Memory used: 8.69 GB
Loaded train data from ../dataset/sst2/train/5.npz
Data length: 1
Time elapsed 0.05 min
Memory used: 8.69 GB
Loaded train data from ../dataset/sst2/train/4.npz
Data length: 1
Time elapsed 0.03 min
Memory used: 8.69 GB
Loaded train data from ../dataset/sst2/train/2.npz
Data length: 1
Time elapsed 0.05 min
Memory used: 8.69 GB
Loaded train data from ../dataset/sst2/train/8.npz
Data length: 1
Time elapsed 0.17 min
Memory used: 8.69 GB
Loaded train data from ../dataset/sst2/train/9.npz
Data length: 1
Time elapsed 0.03 min
Memory used: 8.69 GB
Loaded train data from ../dataset/sst2/train/0.npz
Data length: 1
Time elapsed 0.04 min
Memory used: 8.69 GB
Loaded train data from ../dataset/sst2/train/7.npz
Data length: 1
Time elapsed 0.11 min
Memory used: 8.69 GB
Loaded train data from ../dataset/sst2/train/1.npz
Data length: 1
Time elapsed 0.07 min
Memory used: 8.69 GB
------------------------- time cost ------------------------- 65.2810685634613

-------------Round number: 20-------------

Evaluate global model
Loaded test data from ../dataset/sst2/test/0.npz
Data length: 1
metric.compute(): {'accuracy': 0.9410211267605634}
ct, ns, auc: 0.9410211267605634, 0, 0
Loaded test data from ../dataset/sst2/test/1.npz
Data length: 1
metric.compute(): {'accuracy': 0.9247071946458449}
ct, ns, auc: 0.9247071946458449, 0, 0
Loaded test data from ../dataset/sst2/test/2.npz
Data length: 1
metric.compute(): {'accuracy': 0.9339908952959028}
ct, ns, auc: 0.9339908952959028, 0, 0
Loaded test data from ../dataset/sst2/test/3.npz
Data length: 1
metric.compute(): {'accuracy': 0.9190391459074733}
ct, ns, auc: 0.9190391459074733, 0, 0
Loaded test data from ../dataset/sst2/test/4.npz
Data length: 1
metric.compute(): {'accuracy': 0.9250317662007624}
ct, ns, auc: 0.9250317662007624, 0, 0
Loaded test data from ../dataset/sst2/test/5.npz
Data length: 1
metric.compute(): {'accuracy': 0.9392712550607287}
ct, ns, auc: 0.9392712550607287, 0, 0
Loaded test data from ../dataset/sst2/test/6.npz
Data length: 1
metric.compute(): {'accuracy': 0.9440389294403893}
ct, ns, auc: 0.9440389294403893, 0, 0
Loaded test data from ../dataset/sst2/test/7.npz
Data length: 1
metric.compute(): {'accuracy': 0.9310018903591682}
ct, ns, auc: 0.9310018903591682, 0, 0
Loaded test data from ../dataset/sst2/test/8.npz
Data length: 1
metric.compute(): {'accuracy': 0.9266694843617921}
ct, ns, auc: 0.9266694843617921, 0, 0
Loaded test data from ../dataset/sst2/test/9.npz
Data length: 1
metric.compute(): {'accuracy': 0.9218523878437048}
ct, ns, auc: 0.9218523878437048, 0, 0
ids: [0, 1, 2, 3, 4, 5, 6, 7, 8, 9]
stats[1]: [0, 0, 0, 0, 0, 0, 0, 0, 0, 0]
stats[2]: [0.9410211267605634, 0.9247071946458449, 0.9339908952959028, 0.9190391459074733, 0.9250317662007624, 0.9392712550607287, 0.9440389294403893, 0.9310018903591682, 0.9266694843617921, 0.9218523878437048]
stats[3]: [0, 0, 0, 0, 0, 0, 0, 0, 0, 0]
Averaged Test Accuracy: 0.9307
Averaged Test AUC: 0.0000
Std Test Accuracy: 0.0086
Std Test AUC: 0.0000
Loaded train data from ../dataset/sst2/train/7.npz
Data length: 1
Time elapsed 0.11 min
Memory used: 8.69 GB
Loaded train data from ../dataset/sst2/train/4.npz
Data length: 1
Time elapsed 0.03 min
Memory used: 8.69 GB
Loaded train data from ../dataset/sst2/train/8.npz
Data length: 1
Time elapsed 0.17 min
Memory used: 8.69 GB
Loaded train data from ../dataset/sst2/train/9.npz
Data length: 1
Time elapsed 0.03 min
Memory used: 8.69 GB
Loaded train data from ../dataset/sst2/train/3.npz
Data length: 1
Time elapsed 0.04 min
Memory used: 8.69 GB
Loaded train data from ../dataset/sst2/train/0.npz
Data length: 1
Time elapsed 0.04 min
Memory used: 8.69 GB
Loaded train data from ../dataset/sst2/train/2.npz
Data length: 1
Time elapsed 0.05 min
Memory used: 8.69 GB
Loaded train data from ../dataset/sst2/train/1.npz
Data length: 1
Time elapsed 0.06 min
Memory used: 8.69 GB
Loaded train data from ../dataset/sst2/train/5.npz
Data length: 1
Time elapsed 0.05 min
Memory used: 8.69 GB
Loaded train data from ../dataset/sst2/train/6.npz
Data length: 1
Time elapsed 0.03 min
Memory used: 8.69 GB
------------------------- time cost ------------------------- 64.70125198364258

-------------Round number: 21-------------

Evaluate global model
Loaded test data from ../dataset/sst2/test/0.npz
Data length: 1
metric.compute(): {'accuracy': 0.9410211267605634}
ct, ns, auc: 0.9410211267605634, 0, 0
Loaded test data from ../dataset/sst2/test/1.npz
Data length: 1
metric.compute(): {'accuracy': 0.9291689905186837}
ct, ns, auc: 0.9291689905186837, 0, 0
Loaded test data from ../dataset/sst2/test/2.npz
Data length: 1
metric.compute(): {'accuracy': 0.9370257966616085}
ct, ns, auc: 0.9370257966616085, 0, 0
Loaded test data from ../dataset/sst2/test/3.npz
Data length: 1
metric.compute(): {'accuracy': 0.9190391459074733}
ct, ns, auc: 0.9190391459074733, 0, 0
Loaded test data from ../dataset/sst2/test/4.npz
Data length: 1
metric.compute(): {'accuracy': 0.9275730622617535}
ct, ns, auc: 0.9275730622617535, 0, 0
Loaded test data from ../dataset/sst2/test/5.npz
Data length: 1
metric.compute(): {'accuracy': 0.9426450742240216}
ct, ns, auc: 0.9426450742240216, 0, 0
Loaded test data from ../dataset/sst2/test/6.npz
Data length: 1
metric.compute(): {'accuracy': 0.9452554744525548}
ct, ns, auc: 0.9452554744525548, 0, 0
Loaded test data from ../dataset/sst2/test/7.npz
Data length: 1
metric.compute(): {'accuracy': 0.931316950220542}
ct, ns, auc: 0.931316950220542, 0, 0
Loaded test data from ../dataset/sst2/test/8.npz
Data length: 1
metric.compute(): {'accuracy': 0.9275147928994083}
ct, ns, auc: 0.9275147928994083, 0, 0
Loaded test data from ../dataset/sst2/test/9.npz
Data length: 1
metric.compute(): {'accuracy': 0.9232995658465991}
ct, ns, auc: 0.9232995658465991, 0, 0
ids: [0, 1, 2, 3, 4, 5, 6, 7, 8, 9]
stats[1]: [0, 0, 0, 0, 0, 0, 0, 0, 0, 0]
stats[2]: [0.9410211267605634, 0.9291689905186837, 0.9370257966616085, 0.9190391459074733, 0.9275730622617535, 0.9426450742240216, 0.9452554744525548, 0.931316950220542, 0.9275147928994083, 0.9232995658465991]
stats[3]: [0, 0, 0, 0, 0, 0, 0, 0, 0, 0]
Averaged Test Accuracy: 0.9324
Averaged Test AUC: 0.0000
Std Test Accuracy: 0.0087
Std Test AUC: 0.0000
Loaded train data from ../dataset/sst2/train/5.npz
Data length: 1
Time elapsed 0.05 min
Memory used: 8.69 GB
Loaded train data from ../dataset/sst2/train/7.npz
Data length: 1
Time elapsed 0.11 min
Memory used: 8.69 GB
Loaded train data from ../dataset/sst2/train/6.npz
Data length: 1
Time elapsed 0.03 min
Memory used: 8.69 GB
Loaded train data from ../dataset/sst2/train/1.npz
Data length: 1
Time elapsed 0.07 min
Memory used: 8.69 GB
Loaded train data from ../dataset/sst2/train/4.npz
Data length: 1
Time elapsed 0.03 min
Memory used: 8.69 GB
Loaded train data from ../dataset/sst2/train/8.npz
Data length: 1
Time elapsed 0.17 min
Memory used: 8.69 GB
Loaded train data from ../dataset/sst2/train/3.npz
Data length: 1
Time elapsed 0.04 min
Memory used: 8.69 GB
Loaded train data from ../dataset/sst2/train/2.npz
Data length: 1
Time elapsed 0.05 min
Memory used: 8.69 GB
Loaded train data from ../dataset/sst2/train/0.npz
Data length: 1
Time elapsed 0.04 min
Memory used: 8.69 GB
Loaded train data from ../dataset/sst2/train/9.npz
Data length: 1
Time elapsed 0.03 min
Memory used: 8.69 GB
------------------------- time cost ------------------------- 76.13566970825195

-------------Round number: 22-------------

Evaluate global model
Loaded test data from ../dataset/sst2/test/0.npz
Data length: 1
metric.compute(): {'accuracy': 0.9427816901408451}
ct, ns, auc: 0.9427816901408451, 0, 0
Loaded test data from ../dataset/sst2/test/1.npz
Data length: 1
metric.compute(): {'accuracy': 0.9313998884551031}
ct, ns, auc: 0.9313998884551031, 0, 0
Loaded test data from ../dataset/sst2/test/2.npz
Data length: 1
metric.compute(): {'accuracy': 0.9339908952959028}
ct, ns, auc: 0.9339908952959028, 0, 0
Loaded test data from ../dataset/sst2/test/3.npz
Data length: 1
metric.compute(): {'accuracy': 0.9145907473309609}
ct, ns, auc: 0.9145907473309609, 0, 0
Loaded test data from ../dataset/sst2/test/4.npz
Data length: 1
metric.compute(): {'accuracy': 0.9237611181702668}
ct, ns, auc: 0.9237611181702668, 0, 0
Loaded test data from ../dataset/sst2/test/5.npz
Data length: 1
metric.compute(): {'accuracy': 0.941970310391363}
ct, ns, auc: 0.941970310391363, 0, 0
Loaded test data from ../dataset/sst2/test/6.npz
Data length: 1
metric.compute(): {'accuracy': 0.9476885644768857}
ct, ns, auc: 0.9476885644768857, 0, 0
Loaded test data from ../dataset/sst2/test/7.npz
Data length: 1
metric.compute(): {'accuracy': 0.9344675488342785}
ct, ns, auc: 0.9344675488342785, 0, 0
Loaded test data from ../dataset/sst2/test/8.npz
Data length: 1
metric.compute(): {'accuracy': 0.9283601014370245}
ct, ns, auc: 0.9283601014370245, 0, 0
Loaded test data from ../dataset/sst2/test/9.npz
Data length: 1
metric.compute(): {'accuracy': 0.9204052098408104}
ct, ns, auc: 0.9204052098408104, 0, 0
ids: [0, 1, 2, 3, 4, 5, 6, 7, 8, 9]
stats[1]: [0, 0, 0, 0, 0, 0, 0, 0, 0, 0]
stats[2]: [0.9427816901408451, 0.9313998884551031, 0.9339908952959028, 0.9145907473309609, 0.9237611181702668, 0.941970310391363, 0.9476885644768857, 0.9344675488342785, 0.9283601014370245, 0.9204052098408104]
stats[3]: [0, 0, 0, 0, 0, 0, 0, 0, 0, 0]
Averaged Test Accuracy: 0.9319
Averaged Test AUC: 0.0000
Std Test Accuracy: 0.0105
Std Test AUC: 0.0000
Loaded train data from ../dataset/sst2/train/2.npz
Data length: 1
Time elapsed 0.04 min
Memory used: 8.69 GB
Loaded train data from ../dataset/sst2/train/5.npz
Data length: 1
Time elapsed 0.05 min
Memory used: 8.69 GB
Loaded train data from ../dataset/sst2/train/1.npz
Data length: 1
Time elapsed 0.07 min
Memory used: 8.69 GB
Loaded train data from ../dataset/sst2/train/9.npz
Data length: 1
Time elapsed 0.03 min
Memory used: 8.69 GB
Loaded train data from ../dataset/sst2/train/0.npz
Data length: 1
Time elapsed 0.04 min
Memory used: 8.69 GB
Loaded train data from ../dataset/sst2/train/4.npz
Data length: 1
Time elapsed 0.03 min
Memory used: 8.69 GB
Loaded train data from ../dataset/sst2/train/8.npz
Data length: 1
Time elapsed 0.17 min
Memory used: 8.69 GB
Loaded train data from ../dataset/sst2/train/7.npz
Data length: 1
Time elapsed 0.11 min
Memory used: 8.69 GB
Loaded train data from ../dataset/sst2/train/6.npz
Data length: 1
Time elapsed 0.03 min
Memory used: 8.69 GB
Loaded train data from ../dataset/sst2/train/3.npz
Data length: 1
Time elapsed 0.04 min
Memory used: 8.69 GB
------------------------- time cost ------------------------- 75.7938551902771

-------------Round number: 23-------------

Evaluate global model
Loaded test data from ../dataset/sst2/test/0.npz
Data length: 1
metric.compute(): {'accuracy': 0.9419014084507042}
ct, ns, auc: 0.9419014084507042, 0, 0
Loaded test data from ../dataset/sst2/test/1.npz
Data length: 1
metric.compute(): {'accuracy': 0.9325153374233128}
ct, ns, auc: 0.9325153374233128, 0, 0
Loaded test data from ../dataset/sst2/test/2.npz
Data length: 1
metric.compute(): {'accuracy': 0.93247344461305}
ct, ns, auc: 0.93247344461305, 0, 0
Loaded test data from ../dataset/sst2/test/3.npz
Data length: 1
metric.compute(): {'accuracy': 0.9208185053380783}
ct, ns, auc: 0.9208185053380783, 0, 0
Loaded test data from ../dataset/sst2/test/4.npz
Data length: 1
metric.compute(): {'accuracy': 0.9263024142312579}
ct, ns, auc: 0.9263024142312579, 0, 0
Loaded test data from ../dataset/sst2/test/5.npz
Data length: 1
metric.compute(): {'accuracy': 0.9433198380566802}
ct, ns, auc: 0.9433198380566802, 0, 0
Loaded test data from ../dataset/sst2/test/6.npz
Data length: 1
metric.compute(): {'accuracy': 0.9476885644768857}
ct, ns, auc: 0.9476885644768857, 0, 0
Loaded test data from ../dataset/sst2/test/7.npz
Data length: 1
metric.compute(): {'accuracy': 0.9319470699432892}
ct, ns, auc: 0.9319470699432892, 0, 0
Loaded test data from ../dataset/sst2/test/8.npz
Data length: 1
metric.compute(): {'accuracy': 0.9292054099746407}
ct, ns, auc: 0.9292054099746407, 0, 0
Loaded test data from ../dataset/sst2/test/9.npz
Data length: 1
metric.compute(): {'accuracy': 0.9218523878437048}
ct, ns, auc: 0.9218523878437048, 0, 0
ids: [0, 1, 2, 3, 4, 5, 6, 7, 8, 9]
stats[1]: [0, 0, 0, 0, 0, 0, 0, 0, 0, 0]
stats[2]: [0.9419014084507042, 0.9325153374233128, 0.93247344461305, 0.9208185053380783, 0.9263024142312579, 0.9433198380566802, 0.9476885644768857, 0.9319470699432892, 0.9292054099746407, 0.9218523878437048]
stats[3]: [0, 0, 0, 0, 0, 0, 0, 0, 0, 0]
Averaged Test Accuracy: 0.9328
Averaged Test AUC: 0.0000
Std Test Accuracy: 0.0090
Std Test AUC: 0.0000
Loaded train data from ../dataset/sst2/train/2.npz
Data length: 1
Time elapsed 0.05 min
Memory used: 8.69 GB
Loaded train data from ../dataset/sst2/train/4.npz
Data length: 1
Time elapsed 0.03 min
Memory used: 8.69 GB
Loaded train data from ../dataset/sst2/train/3.npz
Data length: 1
Time elapsed 0.04 min
Memory used: 8.69 GB
Loaded train data from ../dataset/sst2/train/8.npz
Data length: 1
Time elapsed 0.17 min
Memory used: 8.69 GB
Loaded train data from ../dataset/sst2/train/6.npz
Data length: 1
Time elapsed 0.03 min
Memory used: 8.69 GB
Loaded train data from ../dataset/sst2/train/5.npz
Data length: 1
Time elapsed 0.05 min
Memory used: 8.69 GB
Loaded train data from ../dataset/sst2/train/0.npz
Data length: 1
