GPU details saved to $output_file
__TORCH Version: 2.3.1+cu121
__CUDNN Version: 8902
__CUDA version:  12.1
__Number CUDA Devices: 1
__CUDA Device Name: NVIDIA A100-SXM4-40GB
__CUDA Device Total Memory [GB]: 42.297786368
args.dataset: sst2
args.num_labels: 2
==================================================
Personalized Federated Learning: True
Uniform Weight: False
Normalized Rank: False
Normalized Alpha: False
lora_rank: 1
lora_alpha: 4
lora_dropout: 0.05
lora_query: True
lora_key: True
lora_value: True
lora_projection: True
lora_mlp: True
lora_head: True
aa_bottleneck_reduction: 1
aa_text: False
aa_vision: False
ca_bottleneck_reduction: 4
ca_text: False
ca_vision: False
Seed: 42
Algorithm: flora
Local batch size: 128
Local epochs: 1
Local learing rate: 5e-05
Local learing rate decay: False
Total number of clients: 10
Clients join in each round: 1.0
Clients randomly join: False
Client drop rate: 0.0
Client select regarding time: False
Running times: 1
Dataset: sst2
Number of classes: 10
Backbone: distilbert
Using device: cuda
Using DP: False
Auto break: False
Global rounds: 50
Cuda device id: 3
DLG attack: False
Total number of new clients: 0
Fine tuning epoches on new clients: 0
==================================================

============= Running time: 0th =============
Creating server and clients ...
Loaded train data from ../dataset/sst2/train/0.npz
Data length: 1
Loaded test data from ../dataset/sst2/test/0.npz
Data length: 1
self.lora_params: {'rank': 1, 'alpha': 4, 'dropout': 0.05, 'lora_query': True, 'lora_key': True, 'lora_value': True, 'lora_projection': True, 'lora_mlp': True, 'lora_head': True}
Loaded train data from ../dataset/sst2/train/1.npz
Data length: 1
Loaded test data from ../dataset/sst2/test/1.npz
Data length: 1
self.lora_params: {'rank': 1, 'alpha': 4, 'dropout': 0.05, 'lora_query': True, 'lora_key': True, 'lora_value': True, 'lora_projection': True, 'lora_mlp': True, 'lora_head': True}
Loaded train data from ../dataset/sst2/train/2.npz
Data length: 1
Loaded test data from ../dataset/sst2/test/2.npz
Data length: 1
self.lora_params: {'rank': 1, 'alpha': 4, 'dropout': 0.05, 'lora_query': True, 'lora_key': True, 'lora_value': True, 'lora_projection': True, 'lora_mlp': True, 'lora_head': True}
Loaded train data from ../dataset/sst2/train/3.npz
Data length: 1
Loaded test data from ../dataset/sst2/test/3.npz
Data length: 1
self.lora_params: {'rank': 1, 'alpha': 4, 'dropout': 0.05, 'lora_query': True, 'lora_key': True, 'lora_value': True, 'lora_projection': True, 'lora_mlp': True, 'lora_head': True}
Loaded train data from ../dataset/sst2/train/4.npz
Data length: 1
Loaded test data from ../dataset/sst2/test/4.npz
Data length: 1
self.lora_params: {'rank': 1, 'alpha': 4, 'dropout': 0.05, 'lora_query': True, 'lora_key': True, 'lora_value': True, 'lora_projection': True, 'lora_mlp': True, 'lora_head': True}
Loaded train data from ../dataset/sst2/train/5.npz
Data length: 1
Loaded test data from ../dataset/sst2/test/5.npz
Data length: 1
self.lora_params: {'rank': 1, 'alpha': 4, 'dropout': 0.05, 'lora_query': True, 'lora_key': True, 'lora_value': True, 'lora_projection': True, 'lora_mlp': True, 'lora_head': True}
Loaded train data from ../dataset/sst2/train/6.npz
Data length: 1
Loaded test data from ../dataset/sst2/test/6.npz
Data length: 1
self.lora_params: {'rank': 1, 'alpha': 4, 'dropout': 0.05, 'lora_query': True, 'lora_key': True, 'lora_value': True, 'lora_projection': True, 'lora_mlp': True, 'lora_head': True}
Loaded train data from ../dataset/sst2/train/7.npz
Data length: 1
Loaded test data from ../dataset/sst2/test/7.npz
Data length: 1
self.lora_params: {'rank': 1, 'alpha': 4, 'dropout': 0.05, 'lora_query': True, 'lora_key': True, 'lora_value': True, 'lora_projection': True, 'lora_mlp': True, 'lora_head': True}
Loaded train data from ../dataset/sst2/train/8.npz
Data length: 1
Loaded test data from ../dataset/sst2/test/8.npz
Data length: 1
self.lora_params: {'rank': 1, 'alpha': 4, 'dropout': 0.05, 'lora_query': True, 'lora_key': True, 'lora_value': True, 'lora_projection': True, 'lora_mlp': True, 'lora_head': True}
Loaded train data from ../dataset/sst2/train/9.npz
Data length: 1
Loaded test data from ../dataset/sst2/test/9.npz
Data length: 1
self.lora_params: {'rank': 1, 'alpha': 4, 'dropout': 0.05, 'lora_query': True, 'lora_key': True, 'lora_value': True, 'lora_projection': True, 'lora_mlp': True, 'lora_head': True}

Join ratio / total clients: 1.0 / 10
Finished creating server and clients.

-------------Round number: 0-------------

Evaluate global model
Loaded test data from ../dataset/sst2/test/0.npz
Data length: 1
metric.compute(): {'accuracy': 0.545774647887324}
ct, ns, auc: 0.545774647887324, 0, 0
Loaded test data from ../dataset/sst2/test/1.npz
Data length: 1
metric.compute(): {'accuracy': 0.45231455660903513}
ct, ns, auc: 0.45231455660903513, 0, 0
Loaded test data from ../dataset/sst2/test/2.npz
Data length: 1
metric.compute(): {'accuracy': 0.5250379362670713}
ct, ns, auc: 0.5250379362670713, 0, 0
Loaded test data from ../dataset/sst2/test/3.npz
Data length: 1
metric.compute(): {'accuracy': 0.548932384341637}
ct, ns, auc: 0.548932384341637, 0, 0
Loaded test data from ../dataset/sst2/test/4.npz
Data length: 1
metric.compute(): {'accuracy': 0.579415501905972}
ct, ns, auc: 0.579415501905972, 0, 0
Loaded test data from ../dataset/sst2/test/5.npz
Data length: 1
metric.compute(): {'accuracy': 0.45546558704453444}
ct, ns, auc: 0.45546558704453444, 0, 0
Loaded test data from ../dataset/sst2/test/6.npz
Data length: 1
metric.compute(): {'accuracy': 0.44282238442822386}
ct, ns, auc: 0.44282238442822386, 0, 0
Loaded test data from ../dataset/sst2/test/7.npz
Data length: 1
metric.compute(): {'accuracy': 0.5560806553245117}
ct, ns, auc: 0.5560806553245117, 0, 0
Loaded test data from ../dataset/sst2/test/8.npz
Data length: 1
metric.compute(): {'accuracy': 0.5644547759932376}
ct, ns, auc: 0.5644547759932376, 0, 0
Loaded test data from ../dataset/sst2/test/9.npz
Data length: 1
metric.compute(): {'accuracy': 0.4602026049204052}
ct, ns, auc: 0.4602026049204052, 0, 0
ids: [0, 1, 2, 3, 4, 5, 6, 7, 8, 9]
stats[1]: [0, 0, 0, 0, 0, 0, 0, 0, 0, 0]
stats[2]: [0.545774647887324, 0.45231455660903513, 0.5250379362670713, 0.548932384341637, 0.579415501905972, 0.45546558704453444, 0.44282238442822386, 0.5560806553245117, 0.5644547759932376, 0.4602026049204052]
stats[3]: [0, 0, 0, 0, 0, 0, 0, 0, 0, 0]
Averaged Test Accuracy: 0.5131
Averaged Test AUC: 0.0000
Std Test Accuracy: 0.0539
Std Test AUC: 0.0000
Loaded train data from ../dataset/sst2/train/8.npz
Data length: 1
Time elapsed 0.16 min
Memory used: 7.83 GB
Loaded train data from ../dataset/sst2/train/1.npz
Data length: 1
Time elapsed 0.06 min
Memory used: 7.84 GB
Loaded train data from ../dataset/sst2/train/5.npz
Data length: 1
Time elapsed 0.05 min
Memory used: 7.84 GB
Loaded train data from ../dataset/sst2/train/0.npz
Data length: 1
Time elapsed 0.04 min
Memory used: 7.84 GB
Loaded train data from ../dataset/sst2/train/7.npz
Data length: 1
Time elapsed 0.11 min
Memory used: 7.84 GB
Loaded train data from ../dataset/sst2/train/2.npz
Data length: 1
Time elapsed 0.04 min
Memory used: 7.84 GB
Loaded train data from ../dataset/sst2/train/9.npz
Data length: 1
Time elapsed 0.02 min
Memory used: 7.87 GB
Loaded train data from ../dataset/sst2/train/4.npz
Data length: 1
Time elapsed 0.03 min
Memory used: 7.87 GB
Loaded train data from ../dataset/sst2/train/3.npz
Data length: 1
Time elapsed 0.04 min
Memory used: 7.87 GB
Loaded train data from ../dataset/sst2/train/6.npz
Data length: 1
Time elapsed 0.03 min
Memory used: 7.87 GB
------------------------- time cost ------------------------- 69.50220608711243

-------------Round number: 1-------------

Evaluate global model
Loaded test data from ../dataset/sst2/test/0.npz
Data length: 1
metric.compute(): {'accuracy': 0.6602112676056338}
ct, ns, auc: 0.6602112676056338, 0, 0
Loaded test data from ../dataset/sst2/test/1.npz
Data length: 1
metric.compute(): {'accuracy': 0.5733407696597881}
ct, ns, auc: 0.5733407696597881, 0, 0
Loaded test data from ../dataset/sst2/test/2.npz
Data length: 1
metric.compute(): {'accuracy': 0.4969650986342944}
ct, ns, auc: 0.4969650986342944, 0, 0
Loaded test data from ../dataset/sst2/test/3.npz
Data length: 1
metric.compute(): {'accuracy': 0.5818505338078291}
ct, ns, auc: 0.5818505338078291, 0, 0
Loaded test data from ../dataset/sst2/test/4.npz
Data length: 1
metric.compute(): {'accuracy': 0.4332909783989835}
ct, ns, auc: 0.4332909783989835, 0, 0
Loaded test data from ../dataset/sst2/test/5.npz
Data length: 1
metric.compute(): {'accuracy': 0.645748987854251}
ct, ns, auc: 0.645748987854251, 0, 0
Loaded test data from ../dataset/sst2/test/6.npz
Data length: 1
metric.compute(): {'accuracy': 0.44282238442822386}
ct, ns, auc: 0.44282238442822386, 0, 0
Loaded test data from ../dataset/sst2/test/7.npz
Data length: 1
metric.compute(): {'accuracy': 0.6187775677378702}
ct, ns, auc: 0.6187775677378702, 0, 0
Loaded test data from ../dataset/sst2/test/8.npz
Data length: 1
metric.compute(): {'accuracy': 0.6937869822485208}
ct, ns, auc: 0.6937869822485208, 0, 0
Loaded test data from ../dataset/sst2/test/9.npz
Data length: 1
metric.compute(): {'accuracy': 0.32416787264833574}
ct, ns, auc: 0.32416787264833574, 0, 0
ids: [0, 1, 2, 3, 4, 5, 6, 7, 8, 9]
stats[1]: [0, 0, 0, 0, 0, 0, 0, 0, 0, 0]
stats[2]: [0.6602112676056338, 0.5733407696597881, 0.4969650986342944, 0.5818505338078291, 0.4332909783989835, 0.645748987854251, 0.44282238442822386, 0.6187775677378702, 0.6937869822485208, 0.32416787264833574]
stats[3]: [0, 0, 0, 0, 0, 0, 0, 0, 0, 0]
Averaged Test Accuracy: 0.5471
Averaged Test AUC: 0.0000
Std Test Accuracy: 0.1188
Std Test AUC: 0.0000
Loaded train data from ../dataset/sst2/train/4.npz
Data length: 1
Time elapsed 0.03 min
Memory used: 7.87 GB
Loaded train data from ../dataset/sst2/train/2.npz
Data length: 1
Time elapsed 0.04 min
Memory used: 7.87 GB
Loaded train data from ../dataset/sst2/train/7.npz
Data length: 1
Time elapsed 0.11 min
Memory used: 7.87 GB
Loaded train data from ../dataset/sst2/train/5.npz
Data length: 1
Time elapsed 0.05 min
Memory used: 7.87 GB
Loaded train data from ../dataset/sst2/train/3.npz
Data length: 1
Time elapsed 0.04 min
Memory used: 7.87 GB
Loaded train data from ../dataset/sst2/train/6.npz
Data length: 1
Time elapsed 0.03 min
Memory used: 7.87 GB
Loaded train data from ../dataset/sst2/train/0.npz
Data length: 1
Time elapsed 0.04 min
Memory used: 7.87 GB
Loaded train data from ../dataset/sst2/train/8.npz
Data length: 1
Time elapsed 0.16 min
Memory used: 7.87 GB
Loaded train data from ../dataset/sst2/train/1.npz
Data length: 1
Time elapsed 0.06 min
Memory used: 7.87 GB
Loaded train data from ../dataset/sst2/train/9.npz
Data length: 1
Time elapsed 0.02 min
Memory used: 7.88 GB
------------------------- time cost ------------------------- 65.39886569976807

-------------Round number: 2-------------

Evaluate global model
Loaded test data from ../dataset/sst2/test/0.npz
Data length: 1
metric.compute(): {'accuracy': 0.8609154929577465}
ct, ns, auc: 0.8609154929577465, 0, 0
Loaded test data from ../dataset/sst2/test/1.npz
Data length: 1
metric.compute(): {'accuracy': 0.8594534300055773}
ct, ns, auc: 0.8594534300055773, 0, 0
Loaded test data from ../dataset/sst2/test/2.npz
Data length: 1
metric.compute(): {'accuracy': 0.8247344461305007}
ct, ns, auc: 0.8247344461305007, 0, 0
Loaded test data from ../dataset/sst2/test/3.npz
Data length: 1
metric.compute(): {'accuracy': 0.8087188612099644}
ct, ns, auc: 0.8087188612099644, 0, 0
Loaded test data from ../dataset/sst2/test/4.npz
Data length: 1
metric.compute(): {'accuracy': 0.8017789072426937}
ct, ns, auc: 0.8017789072426937, 0, 0
Loaded test data from ../dataset/sst2/test/5.npz
Data length: 1
metric.compute(): {'accuracy': 0.8596491228070176}
ct, ns, auc: 0.8596491228070176, 0, 0
Loaded test data from ../dataset/sst2/test/6.npz
Data length: 1
metric.compute(): {'accuracy': 0.7238442822384428}
ct, ns, auc: 0.7238442822384428, 0, 0
Loaded test data from ../dataset/sst2/test/7.npz
Data length: 1
metric.compute(): {'accuracy': 0.8572778827977315}
ct, ns, auc: 0.8572778827977315, 0, 0
Loaded test data from ../dataset/sst2/test/8.npz
Data length: 1
metric.compute(): {'accuracy': 0.8575655114116653}
ct, ns, auc: 0.8575655114116653, 0, 0
Loaded test data from ../dataset/sst2/test/9.npz
Data length: 1
metric.compute(): {'accuracy': 0.5007235890014472}
ct, ns, auc: 0.5007235890014472, 0, 0
ids: [0, 1, 2, 3, 4, 5, 6, 7, 8, 9]
stats[1]: [0, 0, 0, 0, 0, 0, 0, 0, 0, 0]
stats[2]: [0.8609154929577465, 0.8594534300055773, 0.8247344461305007, 0.8087188612099644, 0.8017789072426937, 0.8596491228070176, 0.7238442822384428, 0.8572778827977315, 0.8575655114116653, 0.5007235890014472]
stats[3]: [0, 0, 0, 0, 0, 0, 0, 0, 0, 0]
Averaged Test Accuracy: 0.7955
Averaged Test AUC: 0.0000
Std Test Accuracy: 0.1122
Std Test AUC: 0.0000
Loaded train data from ../dataset/sst2/train/8.npz
Data length: 1
Time elapsed 0.16 min
Memory used: 7.88 GB
Loaded train data from ../dataset/sst2/train/4.npz
Data length: 1
Time elapsed 0.03 min
Memory used: 7.88 GB
Loaded train data from ../dataset/sst2/train/2.npz
Data length: 1
Time elapsed 0.04 min
Memory used: 7.88 GB
Loaded train data from ../dataset/sst2/train/6.npz
Data length: 1
Time elapsed 0.03 min
Memory used: 7.88 GB
Loaded train data from ../dataset/sst2/train/5.npz
Data length: 1
Time elapsed 0.05 min
Memory used: 7.88 GB
Loaded train data from ../dataset/sst2/train/9.npz
Data length: 1
Time elapsed 0.02 min
Memory used: 7.88 GB
Loaded train data from ../dataset/sst2/train/1.npz
Data length: 1
Time elapsed 0.06 min
Memory used: 7.88 GB
Loaded train data from ../dataset/sst2/train/3.npz
Data length: 1
Time elapsed 0.04 min
Memory used: 7.88 GB
Loaded train data from ../dataset/sst2/train/0.npz
Data length: 1
Time elapsed 0.04 min
Memory used: 7.88 GB
Loaded train data from ../dataset/sst2/train/7.npz
Data length: 1
Time elapsed 0.11 min
Memory used: 7.88 GB
------------------------- time cost ------------------------- 64.11385178565979

-------------Round number: 3-------------

Evaluate global model
Loaded test data from ../dataset/sst2/test/0.npz
Data length: 1
metric.compute(): {'accuracy': 0.8714788732394366}
ct, ns, auc: 0.8714788732394366, 0, 0
Loaded test data from ../dataset/sst2/test/1.npz
Data length: 1
metric.compute(): {'accuracy': 0.8767428890128277}
ct, ns, auc: 0.8767428890128277, 0, 0
Loaded test data from ../dataset/sst2/test/2.npz
Data length: 1
metric.compute(): {'accuracy': 0.8732928679817906}
ct, ns, auc: 0.8732928679817906, 0, 0
Loaded test data from ../dataset/sst2/test/3.npz
Data length: 1
metric.compute(): {'accuracy': 0.8514234875444839}
ct, ns, auc: 0.8514234875444839, 0, 0
Loaded test data from ../dataset/sst2/test/4.npz
Data length: 1
metric.compute(): {'accuracy': 0.8462515883100381}
ct, ns, auc: 0.8462515883100381, 0, 0
Loaded test data from ../dataset/sst2/test/5.npz
Data length: 1
metric.compute(): {'accuracy': 0.8846153846153846}
ct, ns, auc: 0.8846153846153846, 0, 0
Loaded test data from ../dataset/sst2/test/6.npz
Data length: 1
metric.compute(): {'accuracy': 0.8211678832116789}
ct, ns, auc: 0.8211678832116789, 0, 0
Loaded test data from ../dataset/sst2/test/7.npz
Data length: 1
metric.compute(): {'accuracy': 0.8821676118462508}
ct, ns, auc: 0.8821676118462508, 0, 0
Loaded test data from ../dataset/sst2/test/8.npz
Data length: 1
metric.compute(): {'accuracy': 0.8698224852071006}
ct, ns, auc: 0.8698224852071006, 0, 0
Loaded test data from ../dataset/sst2/test/9.npz
Data length: 1
metric.compute(): {'accuracy': 0.6309696092619392}
ct, ns, auc: 0.6309696092619392, 0, 0
ids: [0, 1, 2, 3, 4, 5, 6, 7, 8, 9]
stats[1]: [0, 0, 0, 0, 0, 0, 0, 0, 0, 0]
stats[2]: [0.8714788732394366, 0.8767428890128277, 0.8732928679817906, 0.8514234875444839, 0.8462515883100381, 0.8846153846153846, 0.8211678832116789, 0.8821676118462508, 0.8698224852071006, 0.6309696092619392]
stats[3]: [0, 0, 0, 0, 0, 0, 0, 0, 0, 0]
Averaged Test Accuracy: 0.8408
Averaged Test AUC: 0.0000
Std Test Accuracy: 0.0762
Std Test AUC: 0.0000
Loaded train data from ../dataset/sst2/train/8.npz
Data length: 1
Time elapsed 0.16 min
Memory used: 7.88 GB
Loaded train data from ../dataset/sst2/train/1.npz
Data length: 1
Time elapsed 0.07 min
Memory used: 7.88 GB
Loaded train data from ../dataset/sst2/train/5.npz
Data length: 1
Time elapsed 0.05 min
Memory used: 7.88 GB
Loaded train data from ../dataset/sst2/train/0.npz
Data length: 1
Time elapsed 0.04 min
Memory used: 7.88 GB
Loaded train data from ../dataset/sst2/train/9.npz
Data length: 1
Time elapsed 0.02 min
Memory used: 7.88 GB
Loaded train data from ../dataset/sst2/train/6.npz
Data length: 1
Time elapsed 0.03 min
Memory used: 7.88 GB
Loaded train data from ../dataset/sst2/train/3.npz
Data length: 1
Time elapsed 0.04 min
Memory used: 7.88 GB
Loaded train data from ../dataset/sst2/train/7.npz
Data length: 1
Time elapsed 0.11 min
Memory used: 7.88 GB
Loaded train data from ../dataset/sst2/train/4.npz
Data length: 1
Time elapsed 0.03 min
Memory used: 7.88 GB
Loaded train data from ../dataset/sst2/train/2.npz
Data length: 1
Time elapsed 0.04 min
Memory used: 7.88 GB
------------------------- time cost ------------------------- 63.935484170913696

-------------Round number: 4-------------

Evaluate global model
Loaded test data from ../dataset/sst2/test/0.npz
Data length: 1
metric.compute(): {'accuracy': 0.8820422535211268}
ct, ns, auc: 0.8820422535211268, 0, 0
Loaded test data from ../dataset/sst2/test/1.npz
Data length: 1
metric.compute(): {'accuracy': 0.8862242052426101}
ct, ns, auc: 0.8862242052426101, 0, 0
Loaded test data from ../dataset/sst2/test/2.npz
Data length: 1
metric.compute(): {'accuracy': 0.8831562974203339}
ct, ns, auc: 0.8831562974203339, 0, 0
Loaded test data from ../dataset/sst2/test/3.npz
Data length: 1
metric.compute(): {'accuracy': 0.8763345195729537}
ct, ns, auc: 0.8763345195729537, 0, 0
Loaded test data from ../dataset/sst2/test/4.npz
Data length: 1
metric.compute(): {'accuracy': 0.855146124523507}
ct, ns, auc: 0.855146124523507, 0, 0
Loaded test data from ../dataset/sst2/test/5.npz
Data length: 1
metric.compute(): {'accuracy': 0.898110661268556}
ct, ns, auc: 0.898110661268556, 0, 0
Loaded test data from ../dataset/sst2/test/6.npz
Data length: 1
metric.compute(): {'accuracy': 0.8686131386861314}
ct, ns, auc: 0.8686131386861314, 0, 0
Loaded test data from ../dataset/sst2/test/7.npz
Data length: 1
metric.compute(): {'accuracy': 0.8878386893509767}
ct, ns, auc: 0.8878386893509767, 0, 0
Loaded test data from ../dataset/sst2/test/8.npz
Data length: 1
metric.compute(): {'accuracy': 0.8763736263736264}
ct, ns, auc: 0.8763736263736264, 0, 0
Loaded test data from ../dataset/sst2/test/9.npz
Data length: 1
metric.compute(): {'accuracy': 0.804630969609262}
ct, ns, auc: 0.804630969609262, 0, 0
ids: [0, 1, 2, 3, 4, 5, 6, 7, 8, 9]
stats[1]: [0, 0, 0, 0, 0, 0, 0, 0, 0, 0]
stats[2]: [0.8820422535211268, 0.8862242052426101, 0.8831562974203339, 0.8763345195729537, 0.855146124523507, 0.898110661268556, 0.8686131386861314, 0.8878386893509767, 0.8763736263736264, 0.804630969609262]
stats[3]: [0, 0, 0, 0, 0, 0, 0, 0, 0, 0]
Averaged Test Accuracy: 0.8718
Averaged Test AUC: 0.0000
Std Test Accuracy: 0.0263
Std Test AUC: 0.0000
Loaded train data from ../dataset/sst2/train/1.npz
Data length: 1
Time elapsed 0.06 min
Memory used: 7.88 GB
Loaded train data from ../dataset/sst2/train/0.npz
Data length: 1
Time elapsed 0.04 min
Memory used: 7.88 GB
Loaded train data from ../dataset/sst2/train/9.npz
Data length: 1
Time elapsed 0.02 min
Memory used: 7.88 GB
Loaded train data from ../dataset/sst2/train/4.npz
Data length: 1
Time elapsed 0.03 min
Memory used: 7.88 GB
Loaded train data from ../dataset/sst2/train/7.npz
Data length: 1
Time elapsed 0.11 min
Memory used: 7.88 GB
Loaded train data from ../dataset/sst2/train/3.npz
Data length: 1
Time elapsed 0.04 min
Memory used: 7.88 GB
Loaded train data from ../dataset/sst2/train/8.npz
Data length: 1
Time elapsed 0.16 min
Memory used: 7.88 GB
Loaded train data from ../dataset/sst2/train/6.npz
Data length: 1
Time elapsed 0.03 min
Memory used: 7.88 GB
Loaded train data from ../dataset/sst2/train/2.npz
Data length: 1
Time elapsed 0.04 min
Memory used: 7.88 GB
Loaded train data from ../dataset/sst2/train/5.npz
Data length: 1
Time elapsed 0.05 min
Memory used: 7.88 GB
------------------------- time cost ------------------------- 67.78352284431458

-------------Round number: 5-------------

Evaluate global model
Loaded test data from ../dataset/sst2/test/0.npz
Data length: 1
metric.compute(): {'accuracy': 0.8899647887323944}
ct, ns, auc: 0.8899647887323944, 0, 0
Loaded test data from ../dataset/sst2/test/1.npz
Data length: 1
metric.compute(): {'accuracy': 0.8895705521472392}
ct, ns, auc: 0.8895705521472392, 0, 0
Loaded test data from ../dataset/sst2/test/2.npz
Data length: 1
metric.compute(): {'accuracy': 0.8869499241274659}
ct, ns, auc: 0.8869499241274659, 0, 0
Loaded test data from ../dataset/sst2/test/3.npz
Data length: 1
metric.compute(): {'accuracy': 0.8745551601423488}
ct, ns, auc: 0.8745551601423488, 0, 0
Loaded test data from ../dataset/sst2/test/4.npz
Data length: 1
metric.compute(): {'accuracy': 0.8653113087674714}
ct, ns, auc: 0.8653113087674714, 0, 0
Loaded test data from ../dataset/sst2/test/5.npz
Data length: 1
metric.compute(): {'accuracy': 0.9014844804318488}
ct, ns, auc: 0.9014844804318488, 0, 0
Loaded test data from ../dataset/sst2/test/6.npz
Data length: 1
metric.compute(): {'accuracy': 0.8880778588807786}
ct, ns, auc: 0.8880778588807786, 0, 0
Loaded test data from ../dataset/sst2/test/7.npz
Data length: 1
metric.compute(): {'accuracy': 0.8922495274102079}
ct, ns, auc: 0.8922495274102079, 0, 0
Loaded test data from ../dataset/sst2/test/8.npz
Data length: 1
metric.compute(): {'accuracy': 0.8810228233305156}
ct, ns, auc: 0.8810228233305156, 0, 0
Loaded test data from ../dataset/sst2/test/9.npz
Data length: 1
metric.compute(): {'accuracy': 0.8625180897250362}
ct, ns, auc: 0.8625180897250362, 0, 0
ids: [0, 1, 2, 3, 4, 5, 6, 7, 8, 9]
stats[1]: [0, 0, 0, 0, 0, 0, 0, 0, 0, 0]
stats[2]: [0.8899647887323944, 0.8895705521472392, 0.8869499241274659, 0.8745551601423488, 0.8653113087674714, 0.9014844804318488, 0.8880778588807786, 0.8922495274102079, 0.8810228233305156, 0.8625180897250362]
stats[3]: [0, 0, 0, 0, 0, 0, 0, 0, 0, 0]
Averaged Test Accuracy: 0.8832
Averaged Test AUC: 0.0000
Std Test Accuracy: 0.0123
Std Test AUC: 0.0000
Loaded train data from ../dataset/sst2/train/9.npz
Data length: 1
Time elapsed 0.02 min
Memory used: 7.88 GB
Loaded train data from ../dataset/sst2/train/7.npz
Data length: 1
Time elapsed 0.11 min
Memory used: 7.88 GB
Loaded train data from ../dataset/sst2/train/5.npz
Data length: 1
Time elapsed 0.05 min
Memory used: 7.88 GB
Loaded train data from ../dataset/sst2/train/6.npz
Data length: 1
Time elapsed 0.03 min
Memory used: 7.88 GB
Loaded train data from ../dataset/sst2/train/8.npz
Data length: 1
Time elapsed 0.16 min
Memory used: 7.88 GB
Loaded train data from ../dataset/sst2/train/2.npz
Data length: 1
Time elapsed 0.04 min
Memory used: 7.88 GB
Loaded train data from ../dataset/sst2/train/1.npz
Data length: 1
Time elapsed 0.06 min
Memory used: 7.88 GB
Loaded train data from ../dataset/sst2/train/3.npz
Data length: 1
Time elapsed 0.04 min
Memory used: 7.88 GB
Loaded train data from ../dataset/sst2/train/4.npz
Data length: 1
Time elapsed 0.03 min
Memory used: 7.88 GB
Loaded train data from ../dataset/sst2/train/0.npz
Data length: 1
Time elapsed 0.04 min
Memory used: 7.88 GB
------------------------- time cost ------------------------- 63.76787781715393

-------------Round number: 6-------------

Evaluate global model
Loaded test data from ../dataset/sst2/test/0.npz
Data length: 1
metric.compute(): {'accuracy': 0.8996478873239436}
ct, ns, auc: 0.8996478873239436, 0, 0
Loaded test data from ../dataset/sst2/test/1.npz
Data length: 1
metric.compute(): {'accuracy': 0.8912437255995538}
ct, ns, auc: 0.8912437255995538, 0, 0
Loaded test data from ../dataset/sst2/test/2.npz
Data length: 1
metric.compute(): {'accuracy': 0.8899848254931715}
ct, ns, auc: 0.8899848254931715, 0, 0
Loaded test data from ../dataset/sst2/test/3.npz
Data length: 1
metric.compute(): {'accuracy': 0.8798932384341637}
ct, ns, auc: 0.8798932384341637, 0, 0
Loaded test data from ../dataset/sst2/test/4.npz
Data length: 1
metric.compute(): {'accuracy': 0.8856416772554002}
ct, ns, auc: 0.8856416772554002, 0, 0
Loaded test data from ../dataset/sst2/test/5.npz
Data length: 1
metric.compute(): {'accuracy': 0.9001349527665317}
ct, ns, auc: 0.9001349527665317, 0, 0
Loaded test data from ../dataset/sst2/test/6.npz
Data length: 1
metric.compute(): {'accuracy': 0.8990267639902676}
ct, ns, auc: 0.8990267639902676, 0, 0
Loaded test data from ../dataset/sst2/test/7.npz
Data length: 1
metric.compute(): {'accuracy': 0.8941398865784499}
ct, ns, auc: 0.8941398865784499, 0, 0
Loaded test data from ../dataset/sst2/test/8.npz
Data length: 1
metric.compute(): {'accuracy': 0.8913778529163144}
ct, ns, auc: 0.8913778529163144, 0, 0
Loaded test data from ../dataset/sst2/test/9.npz
Data length: 1
metric.compute(): {'accuracy': 0.8712011577424024}
ct, ns, auc: 0.8712011577424024, 0, 0
ids: [0, 1, 2, 3, 4, 5, 6, 7, 8, 9]
stats[1]: [0, 0, 0, 0, 0, 0, 0, 0, 0, 0]
stats[2]: [0.8996478873239436, 0.8912437255995538, 0.8899848254931715, 0.8798932384341637, 0.8856416772554002, 0.9001349527665317, 0.8990267639902676, 0.8941398865784499, 0.8913778529163144, 0.8712011577424024]
stats[3]: [0, 0, 0, 0, 0, 0, 0, 0, 0, 0]
Averaged Test Accuracy: 0.8902
Averaged Test AUC: 0.0000
Std Test Accuracy: 0.0093
Std Test AUC: 0.0000
Loaded train data from ../dataset/sst2/train/1.npz
Data length: 1
Time elapsed 0.06 min
Memory used: 7.88 GB
Loaded train data from ../dataset/sst2/train/5.npz
Data length: 1
Time elapsed 0.05 min
Memory used: 7.88 GB
Loaded train data from ../dataset/sst2/train/3.npz
Data length: 1
Time elapsed 0.04 min
Memory used: 7.88 GB
Loaded train data from ../dataset/sst2/train/2.npz
Data length: 1
Time elapsed 0.04 min
Memory used: 7.88 GB
Loaded train data from ../dataset/sst2/train/4.npz
Data length: 1
Time elapsed 0.03 min
Memory used: 7.88 GB
Loaded train data from ../dataset/sst2/train/6.npz
Data length: 1
Time elapsed 0.03 min
Memory used: 7.88 GB
Loaded train data from ../dataset/sst2/train/8.npz
Data length: 1
Time elapsed 0.16 min
Memory used: 7.88 GB
Loaded train data from ../dataset/sst2/train/0.npz
Data length: 1
Time elapsed 0.04 min
Memory used: 7.88 GB
Loaded train data from ../dataset/sst2/train/7.npz
Data length: 1
Time elapsed 0.11 min
Memory used: 7.88 GB
Loaded train data from ../dataset/sst2/train/9.npz
Data length: 1
Time elapsed 0.02 min
Memory used: 7.88 GB
------------------------- time cost ------------------------- 64.10870575904846

-------------Round number: 7-------------

Evaluate global model
Loaded test data from ../dataset/sst2/test/0.npz
Data length: 1
metric.compute(): {'accuracy': 0.9066901408450704}
ct, ns, auc: 0.9066901408450704, 0, 0
Loaded test data from ../dataset/sst2/test/1.npz
Data length: 1
metric.compute(): {'accuracy': 0.8973786949247072}
ct, ns, auc: 0.8973786949247072, 0, 0
Loaded test data from ../dataset/sst2/test/2.npz
Data length: 1
metric.compute(): {'accuracy': 0.8915022761760243}
ct, ns, auc: 0.8915022761760243, 0, 0
Loaded test data from ../dataset/sst2/test/3.npz
Data length: 1
metric.compute(): {'accuracy': 0.8834519572953736}
ct, ns, auc: 0.8834519572953736, 0, 0
Loaded test data from ../dataset/sst2/test/4.npz
Data length: 1
metric.compute(): {'accuracy': 0.8869123252858958}
ct, ns, auc: 0.8869123252858958, 0, 0
Loaded test data from ../dataset/sst2/test/5.npz
Data length: 1
metric.compute(): {'accuracy': 0.9095816464237517}
ct, ns, auc: 0.9095816464237517, 0, 0
Loaded test data from ../dataset/sst2/test/6.npz
Data length: 1
metric.compute(): {'accuracy': 0.9075425790754258}
ct, ns, auc: 0.9075425790754258, 0, 0
Loaded test data from ../dataset/sst2/test/7.npz
Data length: 1
metric.compute(): {'accuracy': 0.8998109640831758}
ct, ns, auc: 0.8998109640831758, 0, 0
Loaded test data from ../dataset/sst2/test/8.npz
Data length: 1
metric.compute(): {'accuracy': 0.8939137785291631}
ct, ns, auc: 0.8939137785291631, 0, 0
Loaded test data from ../dataset/sst2/test/9.npz
Data length: 1
metric.compute(): {'accuracy': 0.8813314037626628}
ct, ns, auc: 0.8813314037626628, 0, 0
ids: [0, 1, 2, 3, 4, 5, 6, 7, 8, 9]
stats[1]: [0, 0, 0, 0, 0, 0, 0, 0, 0, 0]
stats[2]: [0.9066901408450704, 0.8973786949247072, 0.8915022761760243, 0.8834519572953736, 0.8869123252858958, 0.9095816464237517, 0.9075425790754258, 0.8998109640831758, 0.8939137785291631, 0.8813314037626628]
stats[3]: [0, 0, 0, 0, 0, 0, 0, 0, 0, 0]
Averaged Test Accuracy: 0.8958
Averaged Test AUC: 0.0000
Std Test Accuracy: 0.0102
Std Test AUC: 0.0000
Loaded train data from ../dataset/sst2/train/9.npz
Data length: 1
Time elapsed 0.02 min
Memory used: 7.88 GB
Loaded train data from ../dataset/sst2/train/1.npz
Data length: 1
Time elapsed 0.06 min
Memory used: 7.88 GB
Loaded train data from ../dataset/sst2/train/8.npz
Data length: 1
Time elapsed 0.16 min
Memory used: 7.88 GB
Loaded train data from ../dataset/sst2/train/7.npz
Data length: 1
Time elapsed 0.11 min
Memory used: 7.88 GB
Loaded train data from ../dataset/sst2/train/3.npz
Data length: 1
Time elapsed 0.04 min
Memory used: 7.88 GB
Loaded train data from ../dataset/sst2/train/2.npz
Data length: 1
Time elapsed 0.04 min
Memory used: 7.88 GB
Loaded train data from ../dataset/sst2/train/4.npz
Data length: 1
Time elapsed 0.03 min
Memory used: 7.88 GB
Loaded train data from ../dataset/sst2/train/0.npz
Data length: 1
Time elapsed 0.04 min
Memory used: 7.88 GB
Loaded train data from ../dataset/sst2/train/5.npz
Data length: 1
Time elapsed 0.05 min
Memory used: 7.88 GB
Loaded train data from ../dataset/sst2/train/6.npz
Data length: 1
Time elapsed 0.03 min
Memory used: 7.88 GB
------------------------- time cost ------------------------- 63.63461399078369

-------------Round number: 8-------------

Evaluate global model
Loaded test data from ../dataset/sst2/test/0.npz
Data length: 1
metric.compute(): {'accuracy': 0.9110915492957746}
ct, ns, auc: 0.9110915492957746, 0, 0
Loaded test data from ../dataset/sst2/test/1.npz
Data length: 1
metric.compute(): {'accuracy': 0.8996095928611266}
ct, ns, auc: 0.8996095928611266, 0, 0
Loaded test data from ../dataset/sst2/test/2.npz
Data length: 1
metric.compute(): {'accuracy': 0.8945371775417299}
ct, ns, auc: 0.8945371775417299, 0, 0
Loaded test data from ../dataset/sst2/test/3.npz
Data length: 1
metric.compute(): {'accuracy': 0.8843416370106761}
ct, ns, auc: 0.8843416370106761, 0, 0
Loaded test data from ../dataset/sst2/test/4.npz
Data length: 1
metric.compute(): {'accuracy': 0.8907242693773825}
ct, ns, auc: 0.8907242693773825, 0, 0
Loaded test data from ../dataset/sst2/test/5.npz
Data length: 1
metric.compute(): {'accuracy': 0.9116059379217274}
ct, ns, auc: 0.9116059379217274, 0, 0
Loaded test data from ../dataset/sst2/test/6.npz
Data length: 1
metric.compute(): {'accuracy': 0.9075425790754258}
ct, ns, auc: 0.9075425790754258, 0, 0
Loaded test data from ../dataset/sst2/test/7.npz
Data length: 1
metric.compute(): {'accuracy': 0.9017013232514177}
ct, ns, auc: 0.9017013232514177, 0, 0
Loaded test data from ../dataset/sst2/test/8.npz
Data length: 1
metric.compute(): {'accuracy': 0.8968723584108199}
ct, ns, auc: 0.8968723584108199, 0, 0
Loaded test data from ../dataset/sst2/test/9.npz
Data length: 1
metric.compute(): {'accuracy': 0.8827785817655571}
ct, ns, auc: 0.8827785817655571, 0, 0
ids: [0, 1, 2, 3, 4, 5, 6, 7, 8, 9]
stats[1]: [0, 0, 0, 0, 0, 0, 0, 0, 0, 0]
stats[2]: [0.9110915492957746, 0.8996095928611266, 0.8945371775417299, 0.8843416370106761, 0.8907242693773825, 0.9116059379217274, 0.9075425790754258, 0.9017013232514177, 0.8968723584108199, 0.8827785817655571]
stats[3]: [0, 0, 0, 0, 0, 0, 0, 0, 0, 0]
Averaged Test Accuracy: 0.8981
Averaged Test AUC: 0.0000
Std Test Accuracy: 0.0103
Std Test AUC: 0.0000
Loaded train data from ../dataset/sst2/train/5.npz
Data length: 1
Time elapsed 0.05 min
Memory used: 7.88 GB
Loaded train data from ../dataset/sst2/train/8.npz
Data length: 1
Time elapsed 0.16 min
Memory used: 7.88 GB
Loaded train data from ../dataset/sst2/train/1.npz
Data length: 1
Time elapsed 0.06 min
Memory used: 7.88 GB
Loaded train data from ../dataset/sst2/train/9.npz
Data length: 1
Time elapsed 0.02 min
Memory used: 7.88 GB
Loaded train data from ../dataset/sst2/train/6.npz
Data length: 1
Time elapsed 0.03 min
Memory used: 7.88 GB
Loaded train data from ../dataset/sst2/train/0.npz
Data length: 1
Time elapsed 0.04 min
Memory used: 7.88 GB
Loaded train data from ../dataset/sst2/train/3.npz
Data length: 1
Time elapsed 0.04 min
Memory used: 7.88 GB
Loaded train data from ../dataset/sst2/train/7.npz
Data length: 1
Time elapsed 0.11 min
Memory used: 7.88 GB
Loaded train data from ../dataset/sst2/train/4.npz
Data length: 1
Time elapsed 0.03 min
Memory used: 7.88 GB
Loaded train data from ../dataset/sst2/train/2.npz
Data length: 1
Time elapsed 0.04 min
Memory used: 7.88 GB
------------------------- time cost ------------------------- 63.950040340423584

-------------Round number: 9-------------

Evaluate global model
Loaded test data from ../dataset/sst2/test/0.npz
Data length: 1
metric.compute(): {'accuracy': 0.9110915492957746}
ct, ns, auc: 0.9110915492957746, 0, 0
Loaded test data from ../dataset/sst2/test/1.npz
Data length: 1
metric.compute(): {'accuracy': 0.9040713887339654}
ct, ns, auc: 0.9040713887339654, 0, 0
Loaded test data from ../dataset/sst2/test/2.npz
Data length: 1
metric.compute(): {'accuracy': 0.8998482549317147}
ct, ns, auc: 0.8998482549317147, 0, 0
Loaded test data from ../dataset/sst2/test/3.npz
Data length: 1
metric.compute(): {'accuracy': 0.8879003558718861}
ct, ns, auc: 0.8879003558718861, 0, 0
Loaded test data from ../dataset/sst2/test/4.npz
Data length: 1
metric.compute(): {'accuracy': 0.9021601016518425}
ct, ns, auc: 0.9021601016518425, 0, 0
Loaded test data from ../dataset/sst2/test/5.npz
Data length: 1
metric.compute(): {'accuracy': 0.9122807017543859}
ct, ns, auc: 0.9122807017543859, 0, 0
Loaded test data from ../dataset/sst2/test/6.npz
Data length: 1
metric.compute(): {'accuracy': 0.9099756690997567}
ct, ns, auc: 0.9099756690997567, 0, 0
Loaded test data from ../dataset/sst2/test/7.npz
Data length: 1
metric.compute(): {'accuracy': 0.9039067422810334}
ct, ns, auc: 0.9039067422810334, 0, 0
Loaded test data from ../dataset/sst2/test/8.npz
Data length: 1
metric.compute(): {'accuracy': 0.8991969568892646}
ct, ns, auc: 0.8991969568892646, 0, 0
Loaded test data from ../dataset/sst2/test/9.npz
Data length: 1
metric.compute(): {'accuracy': 0.8871201157742402}
ct, ns, auc: 0.8871201157742402, 0, 0
ids: [0, 1, 2, 3, 4, 5, 6, 7, 8, 9]
stats[1]: [0, 0, 0, 0, 0, 0, 0, 0, 0, 0]
stats[2]: [0.9110915492957746, 0.9040713887339654, 0.8998482549317147, 0.8879003558718861, 0.9021601016518425, 0.9122807017543859, 0.9099756690997567, 0.9039067422810334, 0.8991969568892646, 0.8871201157742402]
stats[3]: [0, 0, 0, 0, 0, 0, 0, 0, 0, 0]
Averaged Test Accuracy: 0.9018
Averaged Test AUC: 0.0000
Std Test Accuracy: 0.0088
Std Test AUC: 0.0000
Loaded train data from ../dataset/sst2/train/1.npz
Data length: 1
Time elapsed 0.06 min
Memory used: 7.88 GB
Loaded train data from ../dataset/sst2/train/7.npz
Data length: 1
Time elapsed 0.11 min
Memory used: 7.88 GB
Loaded train data from ../dataset/sst2/train/4.npz
Data length: 1
Time elapsed 0.03 min
Memory used: 7.88 GB
Loaded train data from ../dataset/sst2/train/3.npz
Data length: 1
Time elapsed 0.04 min
Memory used: 7.88 GB
Loaded train data from ../dataset/sst2/train/9.npz
Data length: 1
Time elapsed 0.02 min
Memory used: 7.88 GB
Loaded train data from ../dataset/sst2/train/8.npz
Data length: 1
Time elapsed 0.16 min
Memory used: 7.88 GB
Loaded train data from ../dataset/sst2/train/5.npz
Data length: 1
Time elapsed 0.05 min
Memory used: 7.88 GB
Loaded train data from ../dataset/sst2/train/0.npz
Data length: 1
Time elapsed 0.04 min
Memory used: 7.88 GB
Loaded train data from ../dataset/sst2/train/2.npz
Data length: 1
Time elapsed 0.04 min
Memory used: 7.88 GB
Loaded train data from ../dataset/sst2/train/6.npz
Data length: 1
Time elapsed 0.03 min
Memory used: 7.88 GB
------------------------- time cost ------------------------- 67.53329372406006

-------------Round number: 10-------------

Evaluate global model
Loaded test data from ../dataset/sst2/test/0.npz
Data length: 1
metric.compute(): {'accuracy': 0.9154929577464789}
ct, ns, auc: 0.9154929577464789, 0, 0
Loaded test data from ../dataset/sst2/test/1.npz
Data length: 1
metric.compute(): {'accuracy': 0.9046291132180703}
ct, ns, auc: 0.9046291132180703, 0, 0
Loaded test data from ../dataset/sst2/test/2.npz
Data length: 1
metric.compute(): {'accuracy': 0.9051593323216995}
ct, ns, auc: 0.9051593323216995, 0, 0
Loaded test data from ../dataset/sst2/test/3.npz
Data length: 1
metric.compute(): {'accuracy': 0.8941281138790036}
ct, ns, auc: 0.8941281138790036, 0, 0
Loaded test data from ../dataset/sst2/test/4.npz
Data length: 1
metric.compute(): {'accuracy': 0.9021601016518425}
ct, ns, auc: 0.9021601016518425, 0, 0
Loaded test data from ../dataset/sst2/test/5.npz
Data length: 1
metric.compute(): {'accuracy': 0.9149797570850202}
ct, ns, auc: 0.9149797570850202, 0, 0
Loaded test data from ../dataset/sst2/test/6.npz
Data length: 1
metric.compute(): {'accuracy': 0.9099756690997567}
ct, ns, auc: 0.9099756690997567, 0, 0
Loaded test data from ../dataset/sst2/test/7.npz
Data length: 1
metric.compute(): {'accuracy': 0.9045368620037807}
ct, ns, auc: 0.9045368620037807, 0, 0
Loaded test data from ../dataset/sst2/test/8.npz
Data length: 1
metric.compute(): {'accuracy': 0.900464919695689}
ct, ns, auc: 0.900464919695689, 0, 0
Loaded test data from ../dataset/sst2/test/9.npz
Data length: 1
metric.compute(): {'accuracy': 0.8972503617945007}
ct, ns, auc: 0.8972503617945007, 0, 0
ids: [0, 1, 2, 3, 4, 5, 6, 7, 8, 9]
stats[1]: [0, 0, 0, 0, 0, 0, 0, 0, 0, 0]
stats[2]: [0.9154929577464789, 0.9046291132180703, 0.9051593323216995, 0.8941281138790036, 0.9021601016518425, 0.9149797570850202, 0.9099756690997567, 0.9045368620037807, 0.900464919695689, 0.8972503617945007]
stats[3]: [0, 0, 0, 0, 0, 0, 0, 0, 0, 0]
Averaged Test Accuracy: 0.9049
Averaged Test AUC: 0.0000
Std Test Accuracy: 0.0070
Std Test AUC: 0.0000
Loaded train data from ../dataset/sst2/train/0.npz
Data length: 1
Time elapsed 0.04 min
Memory used: 7.88 GB
Loaded train data from ../dataset/sst2/train/6.npz
Data length: 1
Time elapsed 0.03 min
Memory used: 7.88 GB
Loaded train data from ../dataset/sst2/train/5.npz
Data length: 1
Time elapsed 0.05 min
Memory used: 7.88 GB
Loaded train data from ../dataset/sst2/train/1.npz
Data length: 1
Time elapsed 0.06 min
Memory used: 7.88 GB
Loaded train data from ../dataset/sst2/train/2.npz
Data length: 1
Time elapsed 0.04 min
Memory used: 7.88 GB
Loaded train data from ../dataset/sst2/train/3.npz
Data length: 1
Time elapsed 0.04 min
Memory used: 7.88 GB
Loaded train data from ../dataset/sst2/train/4.npz
Data length: 1
Time elapsed 0.03 min
Memory used: 7.88 GB
Loaded train data from ../dataset/sst2/train/9.npz
Data length: 1
Time elapsed 0.02 min
Memory used: 7.88 GB
Loaded train data from ../dataset/sst2/train/7.npz
Data length: 1
Time elapsed 0.11 min
Memory used: 7.88 GB
Loaded train data from ../dataset/sst2/train/8.npz
Data length: 1
Time elapsed 0.16 min
Memory used: 7.88 GB
------------------------- time cost ------------------------- 64.10609459877014

-------------Round number: 11-------------

Evaluate global model
Loaded test data from ../dataset/sst2/test/0.npz
Data length: 1
metric.compute(): {'accuracy': 0.914612676056338}
ct, ns, auc: 0.914612676056338, 0, 0
Loaded test data from ../dataset/sst2/test/1.npz
Data length: 1
metric.compute(): {'accuracy': 0.90574456218628}
ct, ns, auc: 0.90574456218628, 0, 0
Loaded test data from ../dataset/sst2/test/2.npz
Data length: 1
metric.compute(): {'accuracy': 0.9036418816388467}
ct, ns, auc: 0.9036418816388467, 0, 0
Loaded test data from ../dataset/sst2/test/3.npz
Data length: 1
metric.compute(): {'accuracy': 0.8941281138790036}
ct, ns, auc: 0.8941281138790036, 0, 0
Loaded test data from ../dataset/sst2/test/4.npz
Data length: 1
metric.compute(): {'accuracy': 0.9072426937738246}
ct, ns, auc: 0.9072426937738246, 0, 0
Loaded test data from ../dataset/sst2/test/5.npz
Data length: 1
metric.compute(): {'accuracy': 0.9149797570850202}
ct, ns, auc: 0.9149797570850202, 0, 0
Loaded test data from ../dataset/sst2/test/6.npz
Data length: 1
metric.compute(): {'accuracy': 0.916058394160584}
ct, ns, auc: 0.916058394160584, 0, 0
Loaded test data from ../dataset/sst2/test/7.npz
Data length: 1
metric.compute(): {'accuracy': 0.9064272211720227}
ct, ns, auc: 0.9064272211720227, 0, 0
Loaded test data from ../dataset/sst2/test/8.npz
Data length: 1
metric.compute(): {'accuracy': 0.9025781910397295}
ct, ns, auc: 0.9025781910397295, 0, 0
Loaded test data from ../dataset/sst2/test/9.npz
Data length: 1
metric.compute(): {'accuracy': 0.8972503617945007}
ct, ns, auc: 0.8972503617945007, 0, 0
ids: [0, 1, 2, 3, 4, 5, 6, 7, 8, 9]
stats[1]: [0, 0, 0, 0, 0, 0, 0, 0, 0, 0]
stats[2]: [0.914612676056338, 0.90574456218628, 0.9036418816388467, 0.8941281138790036, 0.9072426937738246, 0.9149797570850202, 0.916058394160584, 0.9064272211720227, 0.9025781910397295, 0.8972503617945007]
stats[3]: [0, 0, 0, 0, 0, 0, 0, 0, 0, 0]
Averaged Test Accuracy: 0.9063
Averaged Test AUC: 0.0000
Std Test Accuracy: 0.0074
Std Test AUC: 0.0000
Loaded train data from ../dataset/sst2/train/4.npz
Data length: 1
