GPU details saved to $output_file
__TORCH Version: 2.3.1+cu121
__CUDNN Version: 8902
__CUDA version:  12.1
__Number CUDA Devices: 1
__CUDA Device Name: NVIDIA A100-SXM4-40GB
__CUDA Device Total Memory [GB]: 42.297786368
args.dataset: sst2
args.num_labels: 2
==================================================
Personalized Federated Learning: True
Uniform Weight: False
Normalized Rank: False
Normalized Alpha: False
lora_rank: 16
lora_alpha: 4
lora_dropout: 0.0
lora_query: True
lora_key: True
lora_value: True
lora_projection: True
lora_mlp: True
lora_head: True
aa_bottleneck_reduction: 1
aa_text: False
aa_vision: False
ca_bottleneck_reduction: 4
ca_text: False
ca_vision: False
Seed: 42
Algorithm: flora
Local batch size: 128
Local epochs: 1
Local learing rate: 1e-06
Local learing rate decay: False
Total number of clients: 10
Clients join in each round: 1.0
Clients randomly join: False
Client drop rate: 0.0
Client select regarding time: False
Running times: 1
Dataset: sst2
Number of classes: 10
Backbone: distilbert
Using device: cuda
Using DP: False
Auto break: False
Global rounds: 50
Cuda device id: 3
DLG attack: False
Total number of new clients: 0
Fine tuning epoches on new clients: 0
==================================================

============= Running time: 0th =============
Creating server and clients ...
Loaded train data from ../dataset/sst2/train/0.npz
Data length: 1
Loaded test data from ../dataset/sst2/test/0.npz
Data length: 1
self.lora_params: {'rank': 16, 'alpha': 4, 'dropout': 0.0, 'lora_query': True, 'lora_key': True, 'lora_value': True, 'lora_projection': True, 'lora_mlp': True, 'lora_head': True}
Loaded train data from ../dataset/sst2/train/1.npz
Data length: 1
Loaded test data from ../dataset/sst2/test/1.npz
Data length: 1
self.lora_params: {'rank': 16, 'alpha': 4, 'dropout': 0.0, 'lora_query': True, 'lora_key': True, 'lora_value': True, 'lora_projection': True, 'lora_mlp': True, 'lora_head': True}
Loaded train data from ../dataset/sst2/train/2.npz
Data length: 1
Loaded test data from ../dataset/sst2/test/2.npz
Data length: 1
self.lora_params: {'rank': 16, 'alpha': 4, 'dropout': 0.0, 'lora_query': True, 'lora_key': True, 'lora_value': True, 'lora_projection': True, 'lora_mlp': True, 'lora_head': True}
Loaded train data from ../dataset/sst2/train/3.npz
Data length: 1
Loaded test data from ../dataset/sst2/test/3.npz
Data length: 1
self.lora_params: {'rank': 16, 'alpha': 4, 'dropout': 0.0, 'lora_query': True, 'lora_key': True, 'lora_value': True, 'lora_projection': True, 'lora_mlp': True, 'lora_head': True}
Loaded train data from ../dataset/sst2/train/4.npz
Data length: 1
Loaded test data from ../dataset/sst2/test/4.npz
Data length: 1
self.lora_params: {'rank': 16, 'alpha': 4, 'dropout': 0.0, 'lora_query': True, 'lora_key': True, 'lora_value': True, 'lora_projection': True, 'lora_mlp': True, 'lora_head': True}
Loaded train data from ../dataset/sst2/train/5.npz
Data length: 1
Loaded test data from ../dataset/sst2/test/5.npz
Data length: 1
self.lora_params: {'rank': 16, 'alpha': 4, 'dropout': 0.0, 'lora_query': True, 'lora_key': True, 'lora_value': True, 'lora_projection': True, 'lora_mlp': True, 'lora_head': True}
Loaded train data from ../dataset/sst2/train/6.npz
Data length: 1
Loaded test data from ../dataset/sst2/test/6.npz
Data length: 1
self.lora_params: {'rank': 16, 'alpha': 4, 'dropout': 0.0, 'lora_query': True, 'lora_key': True, 'lora_value': True, 'lora_projection': True, 'lora_mlp': True, 'lora_head': True}
Loaded train data from ../dataset/sst2/train/7.npz
Data length: 1
Loaded test data from ../dataset/sst2/test/7.npz
Data length: 1
self.lora_params: {'rank': 16, 'alpha': 4, 'dropout': 0.0, 'lora_query': True, 'lora_key': True, 'lora_value': True, 'lora_projection': True, 'lora_mlp': True, 'lora_head': True}
Loaded train data from ../dataset/sst2/train/8.npz
Data length: 1
Loaded test data from ../dataset/sst2/test/8.npz
Data length: 1
self.lora_params: {'rank': 16, 'alpha': 4, 'dropout': 0.0, 'lora_query': True, 'lora_key': True, 'lora_value': True, 'lora_projection': True, 'lora_mlp': True, 'lora_head': True}
Loaded train data from ../dataset/sst2/train/9.npz
Data length: 1
Loaded test data from ../dataset/sst2/test/9.npz
Data length: 1
self.lora_params: {'rank': 16, 'alpha': 4, 'dropout': 0.0, 'lora_query': True, 'lora_key': True, 'lora_value': True, 'lora_projection': True, 'lora_mlp': True, 'lora_head': True}

Join ratio / total clients: 1.0 / 10
Finished creating server and clients.

-------------Round number: 0-------------

Evaluate global model
Loaded test data from ../dataset/sst2/test/0.npz
Data length: 1
metric.compute(): {'accuracy': 0.5378521126760564}
ct, ns, auc: 0.5378521126760564, 0, 0
Loaded test data from ../dataset/sst2/test/1.npz
Data length: 1
metric.compute(): {'accuracy': 0.5482431678750698}
ct, ns, auc: 0.5482431678750698, 0, 0
Loaded test data from ../dataset/sst2/test/2.npz
Data length: 1
metric.compute(): {'accuracy': 0.47040971168437024}
ct, ns, auc: 0.47040971168437024, 0, 0
Loaded test data from ../dataset/sst2/test/3.npz
Data length: 1
metric.compute(): {'accuracy': 0.451067615658363}
ct, ns, auc: 0.451067615658363, 0, 0
Loaded test data from ../dataset/sst2/test/4.npz
Data length: 1
metric.compute(): {'accuracy': 0.4536213468869123}
ct, ns, auc: 0.4536213468869123, 0, 0
Loaded test data from ../dataset/sst2/test/5.npz
Data length: 1
metric.compute(): {'accuracy': 0.45209176788124156}
ct, ns, auc: 0.45209176788124156, 0, 0
Loaded test data from ../dataset/sst2/test/6.npz
Data length: 1
metric.compute(): {'accuracy': 0.43795620437956206}
ct, ns, auc: 0.43795620437956206, 0, 0
Loaded test data from ../dataset/sst2/test/7.npz
Data length: 1
metric.compute(): {'accuracy': 0.444234404536862}
ct, ns, auc: 0.444234404536862, 0, 0
Loaded test data from ../dataset/sst2/test/8.npz
Data length: 1
metric.compute(): {'accuracy': 0.529374471682164}
ct, ns, auc: 0.529374471682164, 0, 0
Loaded test data from ../dataset/sst2/test/9.npz
Data length: 1
metric.compute(): {'accuracy': 0.5499276410998553}
ct, ns, auc: 0.5499276410998553, 0, 0
ids: [0, 1, 2, 3, 4, 5, 6, 7, 8, 9]
stats[1]: [0, 0, 0, 0, 0, 0, 0, 0, 0, 0]
stats[2]: [0.5378521126760564, 0.5482431678750698, 0.47040971168437024, 0.451067615658363, 0.4536213468869123, 0.45209176788124156, 0.43795620437956206, 0.444234404536862, 0.529374471682164, 0.5499276410998553]
stats[3]: [0, 0, 0, 0, 0, 0, 0, 0, 0, 0]
Averaged Test Accuracy: 0.4875
Averaged Test AUC: 0.0000
Std Test Accuracy: 0.0474
Std Test AUC: 0.0000
Loaded train data from ../dataset/sst2/train/8.npz
Data length: 1
Time elapsed 0.17 min
Memory used: 7.34 GB
Loaded train data from ../dataset/sst2/train/1.npz
Data length: 1
Time elapsed 0.06 min
Memory used: 7.35 GB
Loaded train data from ../dataset/sst2/train/5.npz
Data length: 1
Time elapsed 0.05 min
Memory used: 7.36 GB
Loaded train data from ../dataset/sst2/train/0.npz
Data length: 1
Time elapsed 0.04 min
Memory used: 7.37 GB
Loaded train data from ../dataset/sst2/train/7.npz
Data length: 1
Time elapsed 0.11 min
Memory used: 7.39 GB
Loaded train data from ../dataset/sst2/train/2.npz
Data length: 1
Time elapsed 0.04 min
Memory used: 7.40 GB
Loaded train data from ../dataset/sst2/train/9.npz
Data length: 1
Time elapsed 0.02 min
Memory used: 7.41 GB
Loaded train data from ../dataset/sst2/train/4.npz
Data length: 1
Time elapsed 0.03 min
Memory used: 7.42 GB
Loaded train data from ../dataset/sst2/train/3.npz
Data length: 1
Time elapsed 0.04 min
Memory used: 7.43 GB
Loaded train data from ../dataset/sst2/train/6.npz
Data length: 1
Time elapsed 0.03 min
Memory used: 7.45 GB
------------------------- time cost ------------------------- 66.32215023040771

-------------Round number: 1-------------

Evaluate global model
Loaded test data from ../dataset/sst2/test/0.npz
Data length: 1
metric.compute(): {'accuracy': 0.5677816901408451}
ct, ns, auc: 0.5677816901408451, 0, 0
Loaded test data from ../dataset/sst2/test/1.npz
Data length: 1
metric.compute(): {'accuracy': 0.5482431678750698}
ct, ns, auc: 0.5482431678750698, 0, 0
Loaded test data from ../dataset/sst2/test/2.npz
Data length: 1
metric.compute(): {'accuracy': 0.47116843702579664}
ct, ns, auc: 0.47116843702579664, 0, 0
Loaded test data from ../dataset/sst2/test/3.npz
Data length: 1
metric.compute(): {'accuracy': 0.451067615658363}
ct, ns, auc: 0.451067615658363, 0, 0
Loaded test data from ../dataset/sst2/test/4.npz
Data length: 1
metric.compute(): {'accuracy': 0.4498094027954257}
ct, ns, auc: 0.4498094027954257, 0, 0
Loaded test data from ../dataset/sst2/test/5.npz
Data length: 1
metric.compute(): {'accuracy': 0.45209176788124156}
ct, ns, auc: 0.45209176788124156, 0, 0
Loaded test data from ../dataset/sst2/test/6.npz
Data length: 1
metric.compute(): {'accuracy': 0.44038929440389296}
ct, ns, auc: 0.44038929440389296, 0, 0
Loaded test data from ../dataset/sst2/test/7.npz
Data length: 1
metric.compute(): {'accuracy': 0.44549464398235666}
ct, ns, auc: 0.44549464398235666, 0, 0
Loaded test data from ../dataset/sst2/test/8.npz
Data length: 1
metric.compute(): {'accuracy': 0.5762890955198647}
ct, ns, auc: 0.5762890955198647, 0, 0
Loaded test data from ../dataset/sst2/test/9.npz
Data length: 1
metric.compute(): {'accuracy': 0.557163531114327}
ct, ns, auc: 0.557163531114327, 0, 0
ids: [0, 1, 2, 3, 4, 5, 6, 7, 8, 9]
stats[1]: [0, 0, 0, 0, 0, 0, 0, 0, 0, 0]
stats[2]: [0.5677816901408451, 0.5482431678750698, 0.47116843702579664, 0.451067615658363, 0.4498094027954257, 0.45209176788124156, 0.44038929440389296, 0.44549464398235666, 0.5762890955198647, 0.557163531114327]
stats[3]: [0, 0, 0, 0, 0, 0, 0, 0, 0, 0]
Averaged Test Accuracy: 0.4959
Averaged Test AUC: 0.0000
Std Test Accuracy: 0.0581
Std Test AUC: 0.0000
Loaded train data from ../dataset/sst2/train/4.npz
Data length: 1
Time elapsed 0.03 min
Memory used: 7.45 GB
Loaded train data from ../dataset/sst2/train/2.npz
Data length: 1
Time elapsed 0.04 min
Memory used: 7.45 GB
Loaded train data from ../dataset/sst2/train/7.npz
Data length: 1
Time elapsed 0.11 min
Memory used: 7.45 GB
Loaded train data from ../dataset/sst2/train/5.npz
Data length: 1
Time elapsed 0.05 min
Memory used: 7.45 GB
Loaded train data from ../dataset/sst2/train/3.npz
Data length: 1
Time elapsed 0.04 min
Memory used: 7.45 GB
Loaded train data from ../dataset/sst2/train/6.npz
Data length: 1
Time elapsed 0.03 min
Memory used: 7.45 GB
Loaded train data from ../dataset/sst2/train/0.npz
Data length: 1
Time elapsed 0.04 min
Memory used: 7.45 GB
Loaded train data from ../dataset/sst2/train/8.npz
Data length: 1
Time elapsed 0.16 min
Memory used: 7.45 GB
Loaded train data from ../dataset/sst2/train/1.npz
Data length: 1
Time elapsed 0.06 min
Memory used: 7.45 GB
Loaded train data from ../dataset/sst2/train/9.npz
Data length: 1
Time elapsed 0.02 min
Memory used: 7.45 GB
------------------------- time cost ------------------------- 66.63517594337463

-------------Round number: 2-------------

Evaluate global model
Loaded test data from ../dataset/sst2/test/0.npz
Data length: 1
metric.compute(): {'accuracy': 0.5801056338028169}
ct, ns, auc: 0.5801056338028169, 0, 0
Loaded test data from ../dataset/sst2/test/1.npz
Data length: 1
metric.compute(): {'accuracy': 0.5482431678750698}
ct, ns, auc: 0.5482431678750698, 0, 0
Loaded test data from ../dataset/sst2/test/2.npz
Data length: 1
metric.compute(): {'accuracy': 0.4757207890743551}
ct, ns, auc: 0.4757207890743551, 0, 0
Loaded test data from ../dataset/sst2/test/3.npz
Data length: 1
metric.compute(): {'accuracy': 0.45195729537366547}
ct, ns, auc: 0.45195729537366547, 0, 0
Loaded test data from ../dataset/sst2/test/4.npz
Data length: 1
metric.compute(): {'accuracy': 0.4409148665819568}
ct, ns, auc: 0.4409148665819568, 0, 0
Loaded test data from ../dataset/sst2/test/5.npz
Data length: 1
metric.compute(): {'accuracy': 0.45276653171390013}
ct, ns, auc: 0.45276653171390013, 0, 0
Loaded test data from ../dataset/sst2/test/6.npz
Data length: 1
metric.compute(): {'accuracy': 0.4367396593673966}
ct, ns, auc: 0.4367396593673966, 0, 0
Loaded test data from ../dataset/sst2/test/7.npz
Data length: 1
metric.compute(): {'accuracy': 0.45589161940768747}
ct, ns, auc: 0.45589161940768747, 0, 0
Loaded test data from ../dataset/sst2/test/8.npz
Data length: 1
metric.compute(): {'accuracy': 0.569737954353339}
ct, ns, auc: 0.569737954353339, 0, 0
Loaded test data from ../dataset/sst2/test/9.npz
Data length: 1
metric.compute(): {'accuracy': 0.5615050651230101}
ct, ns, auc: 0.5615050651230101, 0, 0
ids: [0, 1, 2, 3, 4, 5, 6, 7, 8, 9]
stats[1]: [0, 0, 0, 0, 0, 0, 0, 0, 0, 0]
stats[2]: [0.5801056338028169, 0.5482431678750698, 0.4757207890743551, 0.45195729537366547, 0.4409148665819568, 0.45276653171390013, 0.4367396593673966, 0.45589161940768747, 0.569737954353339, 0.5615050651230101]
stats[3]: [0, 0, 0, 0, 0, 0, 0, 0, 0, 0]
Averaged Test Accuracy: 0.4974
Averaged Test AUC: 0.0000
Std Test Accuracy: 0.0595
Std Test AUC: 0.0000
Loaded train data from ../dataset/sst2/train/8.npz
Data length: 1
Time elapsed 0.17 min
Memory used: 7.45 GB
Loaded train data from ../dataset/sst2/train/4.npz
Data length: 1
Time elapsed 0.03 min
Memory used: 7.45 GB
Loaded train data from ../dataset/sst2/train/2.npz
Data length: 1
Time elapsed 0.04 min
Memory used: 7.45 GB
Loaded train data from ../dataset/sst2/train/6.npz
Data length: 1
Time elapsed 0.03 min
Memory used: 7.45 GB
Loaded train data from ../dataset/sst2/train/5.npz
Data length: 1
Time elapsed 0.05 min
Memory used: 7.45 GB
Loaded train data from ../dataset/sst2/train/9.npz
Data length: 1
Time elapsed 0.02 min
Memory used: 7.45 GB
Loaded train data from ../dataset/sst2/train/1.npz
Data length: 1
Time elapsed 0.06 min
Memory used: 7.45 GB
Loaded train data from ../dataset/sst2/train/3.npz
Data length: 1
Time elapsed 0.04 min
Memory used: 7.45 GB
Loaded train data from ../dataset/sst2/train/0.npz
Data length: 1
Time elapsed 0.04 min
Memory used: 7.45 GB
Loaded train data from ../dataset/sst2/train/7.npz
Data length: 1
Time elapsed 0.11 min
Memory used: 7.45 GB
------------------------- time cost ------------------------- 70.8861916065216

-------------Round number: 3-------------

Evaluate global model
Loaded test data from ../dataset/sst2/test/0.npz
Data length: 1
metric.compute(): {'accuracy': 0.6056338028169014}
ct, ns, auc: 0.6056338028169014, 0, 0
Loaded test data from ../dataset/sst2/test/1.npz
Data length: 1
metric.compute(): {'accuracy': 0.5488008923591746}
ct, ns, auc: 0.5488008923591746, 0, 0
Loaded test data from ../dataset/sst2/test/2.npz
Data length: 1
metric.compute(): {'accuracy': 0.4772382397572079}
ct, ns, auc: 0.4772382397572079, 0, 0
Loaded test data from ../dataset/sst2/test/3.npz
Data length: 1
metric.compute(): {'accuracy': 0.45195729537366547}
ct, ns, auc: 0.45195729537366547, 0, 0
Loaded test data from ../dataset/sst2/test/4.npz
Data length: 1
metric.compute(): {'accuracy': 0.43456162642947904}
ct, ns, auc: 0.43456162642947904, 0, 0
Loaded test data from ../dataset/sst2/test/5.npz
Data length: 1
metric.compute(): {'accuracy': 0.45479082321187586}
ct, ns, auc: 0.45479082321187586, 0, 0
Loaded test data from ../dataset/sst2/test/6.npz
Data length: 1
metric.compute(): {'accuracy': 0.45012165450121655}
ct, ns, auc: 0.45012165450121655, 0, 0
Loaded test data from ../dataset/sst2/test/7.npz
Data length: 1
metric.compute(): {'accuracy': 0.48613736609955893}
ct, ns, auc: 0.48613736609955893, 0, 0
Loaded test data from ../dataset/sst2/test/8.npz
Data length: 1
metric.compute(): {'accuracy': 0.5667793744716821}
ct, ns, auc: 0.5667793744716821, 0, 0
Loaded test data from ../dataset/sst2/test/9.npz
Data length: 1
metric.compute(): {'accuracy': 0.5629522431259045}
ct, ns, auc: 0.5629522431259045, 0, 0
ids: [0, 1, 2, 3, 4, 5, 6, 7, 8, 9]
stats[1]: [0, 0, 0, 0, 0, 0, 0, 0, 0, 0]
stats[2]: [0.6056338028169014, 0.5488008923591746, 0.4772382397572079, 0.45195729537366547, 0.43456162642947904, 0.45479082321187586, 0.45012165450121655, 0.48613736609955893, 0.5667793744716821, 0.5629522431259045]
stats[3]: [0, 0, 0, 0, 0, 0, 0, 0, 0, 0]
Averaged Test Accuracy: 0.5039
Averaged Test AUC: 0.0000
Std Test Accuracy: 0.0611
Std Test AUC: 0.0000
Loaded train data from ../dataset/sst2/train/8.npz
Data length: 1
Time elapsed 0.16 min
Memory used: 7.45 GB
Loaded train data from ../dataset/sst2/train/1.npz
Data length: 1
Time elapsed 0.07 min
Memory used: 7.45 GB
Loaded train data from ../dataset/sst2/train/5.npz
Data length: 1
Time elapsed 0.05 min
Memory used: 7.45 GB
Loaded train data from ../dataset/sst2/train/0.npz
Data length: 1
Time elapsed 0.04 min
Memory used: 7.45 GB
Loaded train data from ../dataset/sst2/train/9.npz
Data length: 1
Time elapsed 0.02 min
Memory used: 7.45 GB
Loaded train data from ../dataset/sst2/train/6.npz
Data length: 1
Time elapsed 0.03 min
Memory used: 7.45 GB
Loaded train data from ../dataset/sst2/train/3.npz
Data length: 1
Time elapsed 0.04 min
Memory used: 7.45 GB
Loaded train data from ../dataset/sst2/train/7.npz
Data length: 1
Time elapsed 0.11 min
Memory used: 7.45 GB
Loaded train data from ../dataset/sst2/train/4.npz
Data length: 1
Time elapsed 0.03 min
Memory used: 7.45 GB
Loaded train data from ../dataset/sst2/train/2.npz
Data length: 1
Time elapsed 0.04 min
Memory used: 7.45 GB
------------------------- time cost ------------------------- 71.47093844413757

-------------Round number: 4-------------

Evaluate global model
Loaded test data from ../dataset/sst2/test/0.npz
Data length: 1
metric.compute(): {'accuracy': 0.5959507042253521}
ct, ns, auc: 0.5959507042253521, 0, 0
Loaded test data from ../dataset/sst2/test/1.npz
Data length: 1
metric.compute(): {'accuracy': 0.5488008923591746}
ct, ns, auc: 0.5488008923591746, 0, 0
Loaded test data from ../dataset/sst2/test/2.npz
Data length: 1
metric.compute(): {'accuracy': 0.48786039453717756}
ct, ns, auc: 0.48786039453717756, 0, 0
Loaded test data from ../dataset/sst2/test/3.npz
Data length: 1
metric.compute(): {'accuracy': 0.45195729537366547}
ct, ns, auc: 0.45195729537366547, 0, 0
Loaded test data from ../dataset/sst2/test/4.npz
Data length: 1
metric.compute(): {'accuracy': 0.4358322744599746}
ct, ns, auc: 0.4358322744599746, 0, 0
Loaded test data from ../dataset/sst2/test/5.npz
Data length: 1
metric.compute(): {'accuracy': 0.4642375168690958}
ct, ns, auc: 0.4642375168690958, 0, 0
Loaded test data from ../dataset/sst2/test/6.npz
Data length: 1
metric.compute(): {'accuracy': 0.45498783454987834}
ct, ns, auc: 0.45498783454987834, 0, 0
Loaded test data from ../dataset/sst2/test/7.npz
Data length: 1
metric.compute(): {'accuracy': 0.5513547574039067}
ct, ns, auc: 0.5513547574039067, 0, 0
Loaded test data from ../dataset/sst2/test/8.npz
Data length: 1
metric.compute(): {'accuracy': 0.5650887573964497}
ct, ns, auc: 0.5650887573964497, 0, 0
Loaded test data from ../dataset/sst2/test/9.npz
Data length: 1
metric.compute(): {'accuracy': 0.5586107091172214}
ct, ns, auc: 0.5586107091172214, 0, 0
ids: [0, 1, 2, 3, 4, 5, 6, 7, 8, 9]
stats[1]: [0, 0, 0, 0, 0, 0, 0, 0, 0, 0]
stats[2]: [0.5959507042253521, 0.5488008923591746, 0.48786039453717756, 0.45195729537366547, 0.4358322744599746, 0.4642375168690958, 0.45498783454987834, 0.5513547574039067, 0.5650887573964497, 0.5586107091172214]
stats[3]: [0, 0, 0, 0, 0, 0, 0, 0, 0, 0]
Averaged Test Accuracy: 0.5115
Averaged Test AUC: 0.0000
Std Test Accuracy: 0.0582
Std Test AUC: 0.0000
Loaded train data from ../dataset/sst2/train/1.npz
Data length: 1
Time elapsed 0.06 min
Memory used: 7.45 GB
Loaded train data from ../dataset/sst2/train/0.npz
Data length: 1
Time elapsed 0.04 min
Memory used: 7.45 GB
Loaded train data from ../dataset/sst2/train/9.npz
Data length: 1
Time elapsed 0.02 min
Memory used: 7.45 GB
Loaded train data from ../dataset/sst2/train/4.npz
Data length: 1
Time elapsed 0.03 min
Memory used: 7.45 GB
Loaded train data from ../dataset/sst2/train/7.npz
Data length: 1
Time elapsed 0.11 min
Memory used: 7.45 GB
Loaded train data from ../dataset/sst2/train/3.npz
Data length: 1
Time elapsed 0.04 min
Memory used: 7.45 GB
Loaded train data from ../dataset/sst2/train/8.npz
Data length: 1
Time elapsed 0.16 min
Memory used: 7.45 GB
Loaded train data from ../dataset/sst2/train/6.npz
Data length: 1
Time elapsed 0.03 min
Memory used: 7.45 GB
Loaded train data from ../dataset/sst2/train/2.npz
Data length: 1
Time elapsed 0.04 min
Memory used: 7.45 GB
Loaded train data from ../dataset/sst2/train/5.npz
Data length: 1
Time elapsed 0.05 min
Memory used: 7.45 GB
------------------------- time cost ------------------------- 64.913578748703

-------------Round number: 5-------------

Evaluate global model
Loaded test data from ../dataset/sst2/test/0.npz
Data length: 1
metric.compute(): {'accuracy': 0.5994718309859155}
ct, ns, auc: 0.5994718309859155, 0, 0
Loaded test data from ../dataset/sst2/test/1.npz
Data length: 1
metric.compute(): {'accuracy': 0.5488008923591746}
ct, ns, auc: 0.5488008923591746, 0, 0
Loaded test data from ../dataset/sst2/test/2.npz
Data length: 1
metric.compute(): {'accuracy': 0.4977238239757208}
ct, ns, auc: 0.4977238239757208, 0, 0
Loaded test data from ../dataset/sst2/test/3.npz
Data length: 1
metric.compute(): {'accuracy': 0.451067615658363}
ct, ns, auc: 0.451067615658363, 0, 0
Loaded test data from ../dataset/sst2/test/4.npz
Data length: 1
metric.compute(): {'accuracy': 0.4485387547649301}
ct, ns, auc: 0.4485387547649301, 0, 0
Loaded test data from ../dataset/sst2/test/5.npz
Data length: 1
metric.compute(): {'accuracy': 0.48785425101214575}
ct, ns, auc: 0.48785425101214575, 0, 0
Loaded test data from ../dataset/sst2/test/6.npz
Data length: 1
metric.compute(): {'accuracy': 0.4610705596107056}
ct, ns, auc: 0.4610705596107056, 0, 0
Loaded test data from ../dataset/sst2/test/7.npz
Data length: 1
metric.compute(): {'accuracy': 0.5964083175803403}
ct, ns, auc: 0.5964083175803403, 0, 0
Loaded test data from ../dataset/sst2/test/8.npz
Data length: 1
metric.compute(): {'accuracy': 0.5653000845308538}
ct, ns, auc: 0.5653000845308538, 0, 0
Loaded test data from ../dataset/sst2/test/9.npz
Data length: 1
metric.compute(): {'accuracy': 0.5615050651230101}
ct, ns, auc: 0.5615050651230101, 0, 0
ids: [0, 1, 2, 3, 4, 5, 6, 7, 8, 9]
stats[1]: [0, 0, 0, 0, 0, 0, 0, 0, 0, 0]
stats[2]: [0.5994718309859155, 0.5488008923591746, 0.4977238239757208, 0.451067615658363, 0.4485387547649301, 0.48785425101214575, 0.4610705596107056, 0.5964083175803403, 0.5653000845308538, 0.5615050651230101]
stats[3]: [0, 0, 0, 0, 0, 0, 0, 0, 0, 0]
Averaged Test Accuracy: 0.5218
Averaged Test AUC: 0.0000
Std Test Accuracy: 0.0592
Std Test AUC: 0.0000
Loaded train data from ../dataset/sst2/train/9.npz
Data length: 1
Time elapsed 0.02 min
Memory used: 7.45 GB
Loaded train data from ../dataset/sst2/train/7.npz
Data length: 1
Time elapsed 0.11 min
Memory used: 7.45 GB
Loaded train data from ../dataset/sst2/train/5.npz
Data length: 1
Time elapsed 0.05 min
Memory used: 7.45 GB
Loaded train data from ../dataset/sst2/train/6.npz
Data length: 1
Time elapsed 0.03 min
Memory used: 7.45 GB
Loaded train data from ../dataset/sst2/train/8.npz
Data length: 1
Time elapsed 0.16 min
Memory used: 7.45 GB
Loaded train data from ../dataset/sst2/train/2.npz
Data length: 1
Time elapsed 0.04 min
Memory used: 7.45 GB
Loaded train data from ../dataset/sst2/train/1.npz
Data length: 1
Time elapsed 0.06 min
Memory used: 7.45 GB
Loaded train data from ../dataset/sst2/train/3.npz
Data length: 1
Time elapsed 0.04 min
Memory used: 7.45 GB
Loaded train data from ../dataset/sst2/train/4.npz
Data length: 1
Time elapsed 0.03 min
Memory used: 7.45 GB
Loaded train data from ../dataset/sst2/train/0.npz
Data length: 1
Time elapsed 0.04 min
Memory used: 7.45 GB
------------------------- time cost ------------------------- 75.69615507125854

-------------Round number: 6-------------

Evaluate global model
Loaded test data from ../dataset/sst2/test/0.npz
Data length: 1
metric.compute(): {'accuracy': 0.5871478873239436}
ct, ns, auc: 0.5871478873239436, 0, 0
Loaded test data from ../dataset/sst2/test/1.npz
Data length: 1
metric.compute(): {'accuracy': 0.5488008923591746}
ct, ns, auc: 0.5488008923591746, 0, 0
Loaded test data from ../dataset/sst2/test/2.npz
Data length: 1
metric.compute(): {'accuracy': 0.5189681335356601}
ct, ns, auc: 0.5189681335356601, 0, 0
Loaded test data from ../dataset/sst2/test/3.npz
Data length: 1
metric.compute(): {'accuracy': 0.451067615658363}
ct, ns, auc: 0.451067615658363, 0, 0
Loaded test data from ../dataset/sst2/test/4.npz
Data length: 1
metric.compute(): {'accuracy': 0.46886912325285895}
ct, ns, auc: 0.46886912325285895, 0, 0
Loaded test data from ../dataset/sst2/test/5.npz
Data length: 1
metric.compute(): {'accuracy': 0.5114709851551957}
ct, ns, auc: 0.5114709851551957, 0, 0
Loaded test data from ../dataset/sst2/test/6.npz
Data length: 1
metric.compute(): {'accuracy': 0.4732360097323601}
ct, ns, auc: 0.4732360097323601, 0, 0
Loaded test data from ../dataset/sst2/test/7.npz
Data length: 1
metric.compute(): {'accuracy': 0.6055450535601764}
ct, ns, auc: 0.6055450535601764, 0, 0
Loaded test data from ../dataset/sst2/test/8.npz
Data length: 1
metric.compute(): {'accuracy': 0.5650887573964497}
ct, ns, auc: 0.5650887573964497, 0, 0
Loaded test data from ../dataset/sst2/test/9.npz
Data length: 1
metric.compute(): {'accuracy': 0.5643994211287988}
ct, ns, auc: 0.5643994211287988, 0, 0
ids: [0, 1, 2, 3, 4, 5, 6, 7, 8, 9]
stats[1]: [0, 0, 0, 0, 0, 0, 0, 0, 0, 0]
stats[2]: [0.5871478873239436, 0.5488008923591746, 0.5189681335356601, 0.451067615658363, 0.46886912325285895, 0.5114709851551957, 0.4732360097323601, 0.6055450535601764, 0.5650887573964497, 0.5643994211287988]
stats[3]: [0, 0, 0, 0, 0, 0, 0, 0, 0, 0]
Averaged Test Accuracy: 0.5295
Averaged Test AUC: 0.0000
Std Test Accuracy: 0.0531
Std Test AUC: 0.0000
Loaded train data from ../dataset/sst2/train/1.npz
Data length: 1
Time elapsed 0.06 min
Memory used: 7.45 GB
Loaded train data from ../dataset/sst2/train/5.npz
Data length: 1
Time elapsed 0.05 min
Memory used: 7.45 GB
Loaded train data from ../dataset/sst2/train/3.npz
Data length: 1
Time elapsed 0.04 min
Memory used: 7.45 GB
Loaded train data from ../dataset/sst2/train/2.npz
Data length: 1
Time elapsed 0.04 min
Memory used: 7.45 GB
Loaded train data from ../dataset/sst2/train/4.npz
Data length: 1
Time elapsed 0.03 min
Memory used: 7.45 GB
Loaded train data from ../dataset/sst2/train/6.npz
Data length: 1
Time elapsed 0.03 min
Memory used: 7.45 GB
Loaded train data from ../dataset/sst2/train/8.npz
Data length: 1
Time elapsed 0.16 min
Memory used: 7.45 GB
Loaded train data from ../dataset/sst2/train/0.npz
Data length: 1
Time elapsed 0.04 min
Memory used: 7.45 GB
Loaded train data from ../dataset/sst2/train/7.npz
Data length: 1
Time elapsed 0.11 min
Memory used: 7.45 GB
Loaded train data from ../dataset/sst2/train/9.npz
Data length: 1
Time elapsed 0.02 min
Memory used: 7.45 GB
------------------------- time cost ------------------------- 68.89337873458862

-------------Round number: 7-------------

Evaluate global model
Loaded test data from ../dataset/sst2/test/0.npz
Data length: 1
metric.compute(): {'accuracy': 0.5880281690140845}
ct, ns, auc: 0.5880281690140845, 0, 0
Loaded test data from ../dataset/sst2/test/1.npz
Data length: 1
metric.compute(): {'accuracy': 0.5488008923591746}
ct, ns, auc: 0.5488008923591746, 0, 0
Loaded test data from ../dataset/sst2/test/2.npz
Data length: 1
metric.compute(): {'accuracy': 0.5364188163884673}
ct, ns, auc: 0.5364188163884673, 0, 0
Loaded test data from ../dataset/sst2/test/3.npz
Data length: 1
metric.compute(): {'accuracy': 0.45195729537366547}
ct, ns, auc: 0.45195729537366547, 0, 0
Loaded test data from ../dataset/sst2/test/4.npz
Data length: 1
metric.compute(): {'accuracy': 0.5044472681067345}
ct, ns, auc: 0.5044472681067345, 0, 0
Loaded test data from ../dataset/sst2/test/5.npz
Data length: 1
metric.compute(): {'accuracy': 0.5431848852901484}
ct, ns, auc: 0.5431848852901484, 0, 0
Loaded test data from ../dataset/sst2/test/6.npz
Data length: 1
metric.compute(): {'accuracy': 0.4732360097323601}
ct, ns, auc: 0.4732360097323601, 0, 0
Loaded test data from ../dataset/sst2/test/7.npz
Data length: 1
metric.compute(): {'accuracy': 0.6049149338374291}
ct, ns, auc: 0.6049149338374291, 0, 0
Loaded test data from ../dataset/sst2/test/8.npz
Data length: 1
metric.compute(): {'accuracy': 0.5688926458157227}
ct, ns, auc: 0.5688926458157227, 0, 0
Loaded test data from ../dataset/sst2/test/9.npz
Data length: 1
metric.compute(): {'accuracy': 0.5701881331403763}
ct, ns, auc: 0.5701881331403763, 0, 0
ids: [0, 1, 2, 3, 4, 5, 6, 7, 8, 9]
stats[1]: [0, 0, 0, 0, 0, 0, 0, 0, 0, 0]
stats[2]: [0.5880281690140845, 0.5488008923591746, 0.5364188163884673, 0.45195729537366547, 0.5044472681067345, 0.5431848852901484, 0.4732360097323601, 0.6049149338374291, 0.5688926458157227, 0.5701881331403763]
stats[3]: [0, 0, 0, 0, 0, 0, 0, 0, 0, 0]
Averaged Test Accuracy: 0.5390
Averaged Test AUC: 0.0000
Std Test Accuracy: 0.0493
Std Test AUC: 0.0000
Loaded train data from ../dataset/sst2/train/9.npz
Data length: 1
Time elapsed 0.02 min
Memory used: 7.45 GB
Loaded train data from ../dataset/sst2/train/1.npz
Data length: 1
Time elapsed 0.06 min
Memory used: 7.45 GB
Loaded train data from ../dataset/sst2/train/8.npz
Data length: 1
Time elapsed 0.16 min
Memory used: 7.45 GB
Loaded train data from ../dataset/sst2/train/7.npz
Data length: 1
Time elapsed 0.11 min
Memory used: 7.45 GB
Loaded train data from ../dataset/sst2/train/3.npz
Data length: 1
Time elapsed 0.04 min
Memory used: 7.45 GB
Loaded train data from ../dataset/sst2/train/2.npz
Data length: 1
Time elapsed 0.04 min
Memory used: 7.45 GB
Loaded train data from ../dataset/sst2/train/4.npz
Data length: 1
Time elapsed 0.03 min
Memory used: 7.45 GB
Loaded train data from ../dataset/sst2/train/0.npz
Data length: 1
Time elapsed 0.04 min
Memory used: 7.45 GB
Loaded train data from ../dataset/sst2/train/5.npz
Data length: 1
Time elapsed 0.05 min
Memory used: 7.45 GB
Loaded train data from ../dataset/sst2/train/6.npz
Data length: 1
Time elapsed 0.03 min
Memory used: 7.45 GB
------------------------- time cost ------------------------- 74.93433952331543

-------------Round number: 8-------------

Evaluate global model
Loaded test data from ../dataset/sst2/test/0.npz
Data length: 1
metric.compute(): {'accuracy': 0.5880281690140845}
ct, ns, auc: 0.5880281690140845, 0, 0
Loaded test data from ../dataset/sst2/test/1.npz
Data length: 1
metric.compute(): {'accuracy': 0.5488008923591746}
ct, ns, auc: 0.5488008923591746, 0, 0
Loaded test data from ../dataset/sst2/test/2.npz
Data length: 1
metric.compute(): {'accuracy': 0.5462822458270106}
ct, ns, auc: 0.5462822458270106, 0, 0
Loaded test data from ../dataset/sst2/test/3.npz
Data length: 1
metric.compute(): {'accuracy': 0.45462633451957296}
ct, ns, auc: 0.45462633451957296, 0, 0
Loaded test data from ../dataset/sst2/test/4.npz
Data length: 1
metric.compute(): {'accuracy': 0.5285895806861499}
ct, ns, auc: 0.5285895806861499, 0, 0
Loaded test data from ../dataset/sst2/test/5.npz
Data length: 1
metric.compute(): {'accuracy': 0.5641025641025641}
ct, ns, auc: 0.5641025641025641, 0, 0
Loaded test data from ../dataset/sst2/test/6.npz
Data length: 1
metric.compute(): {'accuracy': 0.48418491484184917}
ct, ns, auc: 0.48418491484184917, 0, 0
Loaded test data from ../dataset/sst2/test/7.npz
Data length: 1
metric.compute(): {'accuracy': 0.6077504725897921}
ct, ns, auc: 0.6077504725897921, 0, 0
Loaded test data from ../dataset/sst2/test/8.npz
Data length: 1
metric.compute(): {'accuracy': 0.5750211327134404}
ct, ns, auc: 0.5750211327134404, 0, 0
Loaded test data from ../dataset/sst2/test/9.npz
Data length: 1
metric.compute(): {'accuracy': 0.5788712011577424}
ct, ns, auc: 0.5788712011577424, 0, 0
ids: [0, 1, 2, 3, 4, 5, 6, 7, 8, 9]
stats[1]: [0, 0, 0, 0, 0, 0, 0, 0, 0, 0]
stats[2]: [0.5880281690140845, 0.5488008923591746, 0.5462822458270106, 0.45462633451957296, 0.5285895806861499, 0.5641025641025641, 0.48418491484184917, 0.6077504725897921, 0.5750211327134404, 0.5788712011577424]
stats[3]: [0, 0, 0, 0, 0, 0, 0, 0, 0, 0]
Averaged Test Accuracy: 0.5476
Averaged Test AUC: 0.0000
Std Test Accuracy: 0.0475
Std Test AUC: 0.0000
Loaded train data from ../dataset/sst2/train/5.npz
Data length: 1
Time elapsed 0.05 min
Memory used: 7.45 GB
Loaded train data from ../dataset/sst2/train/8.npz
Data length: 1
Time elapsed 0.16 min
Memory used: 7.45 GB
Loaded train data from ../dataset/sst2/train/1.npz
Data length: 1
Time elapsed 0.06 min
Memory used: 7.45 GB
Loaded train data from ../dataset/sst2/train/9.npz
Data length: 1
Time elapsed 0.02 min
Memory used: 7.45 GB
Loaded train data from ../dataset/sst2/train/6.npz
Data length: 1
Time elapsed 0.03 min
Memory used: 7.45 GB
Loaded train data from ../dataset/sst2/train/0.npz
Data length: 1
Time elapsed 0.04 min
Memory used: 7.45 GB
Loaded train data from ../dataset/sst2/train/3.npz
Data length: 1
Time elapsed 0.04 min
Memory used: 7.45 GB
Loaded train data from ../dataset/sst2/train/7.npz
Data length: 1
Time elapsed 0.11 min
Memory used: 7.45 GB
Loaded train data from ../dataset/sst2/train/4.npz
Data length: 1
Time elapsed 0.03 min
Memory used: 7.45 GB
Loaded train data from ../dataset/sst2/train/2.npz
Data length: 1
Time elapsed 0.04 min
Memory used: 7.45 GB
------------------------- time cost ------------------------- 75.40225911140442

-------------Round number: 9-------------

Evaluate global model
Loaded test data from ../dataset/sst2/test/0.npz
Data length: 1
metric.compute(): {'accuracy': 0.5897887323943662}
ct, ns, auc: 0.5897887323943662, 0, 0
Loaded test data from ../dataset/sst2/test/1.npz
Data length: 1
metric.compute(): {'accuracy': 0.5504740658114892}
ct, ns, auc: 0.5504740658114892, 0, 0
Loaded test data from ../dataset/sst2/test/2.npz
Data length: 1
metric.compute(): {'accuracy': 0.5569044006069803}
ct, ns, auc: 0.5569044006069803, 0, 0
Loaded test data from ../dataset/sst2/test/3.npz
Data length: 1
metric.compute(): {'accuracy': 0.45729537366548045}
ct, ns, auc: 0.45729537366548045, 0, 0
Loaded test data from ../dataset/sst2/test/4.npz
Data length: 1
metric.compute(): {'accuracy': 0.5451080050825922}
ct, ns, auc: 0.5451080050825922, 0, 0
Loaded test data from ../dataset/sst2/test/5.npz
Data length: 1
metric.compute(): {'accuracy': 0.597165991902834}
ct, ns, auc: 0.597165991902834, 0, 0
Loaded test data from ../dataset/sst2/test/6.npz
Data length: 1
metric.compute(): {'accuracy': 0.5}
ct, ns, auc: 0.5, 0, 0
Loaded test data from ../dataset/sst2/test/7.npz
Data length: 1
metric.compute(): {'accuracy': 0.6146817895400126}
ct, ns, auc: 0.6146817895400126, 0, 0
Loaded test data from ../dataset/sst2/test/8.npz
Data length: 1
metric.compute(): {'accuracy': 0.5872781065088757}
ct, ns, auc: 0.5872781065088757, 0, 0
Loaded test data from ../dataset/sst2/test/9.npz
Data length: 1
metric.compute(): {'accuracy': 0.5817655571635311}
ct, ns, auc: 0.5817655571635311, 0, 0
ids: [0, 1, 2, 3, 4, 5, 6, 7, 8, 9]
stats[1]: [0, 0, 0, 0, 0, 0, 0, 0, 0, 0]
stats[2]: [0.5897887323943662, 0.5504740658114892, 0.5569044006069803, 0.45729537366548045, 0.5451080050825922, 0.597165991902834, 0.5, 0.6146817895400126, 0.5872781065088757, 0.5817655571635311]
stats[3]: [0, 0, 0, 0, 0, 0, 0, 0, 0, 0]
Averaged Test Accuracy: 0.5580
Averaged Test AUC: 0.0000
Std Test Accuracy: 0.0482
Std Test AUC: 0.0000
Loaded train data from ../dataset/sst2/train/1.npz
Data length: 1
Time elapsed 0.06 min
Memory used: 7.45 GB
Loaded train data from ../dataset/sst2/train/7.npz
Data length: 1
Time elapsed 0.11 min
Memory used: 7.45 GB
Loaded train data from ../dataset/sst2/train/4.npz
Data length: 1
Time elapsed 0.03 min
Memory used: 7.45 GB
Loaded train data from ../dataset/sst2/train/3.npz
Data length: 1
Time elapsed 0.04 min
Memory used: 7.45 GB
Loaded train data from ../dataset/sst2/train/9.npz
Data length: 1
Time elapsed 0.02 min
Memory used: 7.45 GB
Loaded train data from ../dataset/sst2/train/8.npz
Data length: 1
Time elapsed 0.16 min
Memory used: 7.45 GB
Loaded train data from ../dataset/sst2/train/5.npz
Data length: 1
Time elapsed 0.05 min
Memory used: 7.45 GB
Loaded train data from ../dataset/sst2/train/0.npz
Data length: 1
Time elapsed 0.04 min
Memory used: 7.45 GB
Loaded train data from ../dataset/sst2/train/2.npz
Data length: 1
Time elapsed 0.04 min
Memory used: 7.45 GB
Loaded train data from ../dataset/sst2/train/6.npz
Data length: 1
Time elapsed 0.03 min
Memory used: 7.45 GB
------------------------- time cost ------------------------- 75.61091589927673

-------------Round number: 10-------------

Evaluate global model
Loaded test data from ../dataset/sst2/test/0.npz
Data length: 1
metric.compute(): {'accuracy': 0.5889084507042254}
ct, ns, auc: 0.5889084507042254, 0, 0
Loaded test data from ../dataset/sst2/test/1.npz
Data length: 1
metric.compute(): {'accuracy': 0.5521472392638037}
ct, ns, auc: 0.5521472392638037, 0, 0
Loaded test data from ../dataset/sst2/test/2.npz
Data length: 1
metric.compute(): {'accuracy': 0.5804248861911988}
ct, ns, auc: 0.5804248861911988, 0, 0
Loaded test data from ../dataset/sst2/test/3.npz
Data length: 1
metric.compute(): {'accuracy': 0.45640569395017794}
ct, ns, auc: 0.45640569395017794, 0, 0
Loaded test data from ../dataset/sst2/test/4.npz
Data length: 1
metric.compute(): {'accuracy': 0.5781448538754765}
ct, ns, auc: 0.5781448538754765, 0, 0
Loaded test data from ../dataset/sst2/test/5.npz
Data length: 1
metric.compute(): {'accuracy': 0.6079622132253711}
ct, ns, auc: 0.6079622132253711, 0, 0
Loaded test data from ../dataset/sst2/test/6.npz
Data length: 1
metric.compute(): {'accuracy': 0.5218978102189781}
ct, ns, auc: 0.5218978102189781, 0, 0
Loaded test data from ../dataset/sst2/test/7.npz
Data length: 1
metric.compute(): {'accuracy': 0.6235034656584751}
ct, ns, auc: 0.6235034656584751, 0, 0
Loaded test data from ../dataset/sst2/test/8.npz
Data length: 1
metric.compute(): {'accuracy': 0.6084108199492815}
ct, ns, auc: 0.6084108199492815, 0, 0
Loaded test data from ../dataset/sst2/test/9.npz
Data length: 1
metric.compute(): {'accuracy': 0.5832127351664255}
ct, ns, auc: 0.5832127351664255, 0, 0
ids: [0, 1, 2, 3, 4, 5, 6, 7, 8, 9]
stats[1]: [0, 0, 0, 0, 0, 0, 0, 0, 0, 0]
stats[2]: [0.5889084507042254, 0.5521472392638037, 0.5804248861911988, 0.45640569395017794, 0.5781448538754765, 0.6079622132253711, 0.5218978102189781, 0.6235034656584751, 0.6084108199492815, 0.5832127351664255]
stats[3]: [0, 0, 0, 0, 0, 0, 0, 0, 0, 0]
Averaged Test Accuracy: 0.5701
Averaged Test AUC: 0.0000
Std Test Accuracy: 0.0495
Std Test AUC: 0.0000
Loaded train data from ../dataset/sst2/train/0.npz
Data length: 1
Time elapsed 0.04 min
Memory used: 7.45 GB
Loaded train data from ../dataset/sst2/train/6.npz
Data length: 1
Time elapsed 0.03 min
Memory used: 7.45 GB
Loaded train data from ../dataset/sst2/train/5.npz
Data length: 1
Time elapsed 0.05 min
Memory used: 7.45 GB
Loaded train data from ../dataset/sst2/train/1.npz
Data length: 1
Time elapsed 0.06 min
Memory used: 7.45 GB
Loaded train data from ../dataset/sst2/train/2.npz
Data length: 1
Time elapsed 0.04 min
Memory used: 7.45 GB
Loaded train data from ../dataset/sst2/train/3.npz
Data length: 1
Time elapsed 0.04 min
Memory used: 7.45 GB
Loaded train data from ../dataset/sst2/train/4.npz
Data length: 1
Time elapsed 0.03 min
Memory used: 7.45 GB
Loaded train data from ../dataset/sst2/train/9.npz
Data length: 1
Time elapsed 0.02 min
Memory used: 7.45 GB
Loaded train data from ../dataset/sst2/train/7.npz
Data length: 1
Time elapsed 0.11 min
Memory used: 7.45 GB
Loaded train data from ../dataset/sst2/train/8.npz
Data length: 1
Time elapsed 0.16 min
Memory used: 7.45 GB
------------------------- time cost ------------------------- 74.03969740867615

-------------Round number: 11-------------

Evaluate global model
Loaded test data from ../dataset/sst2/test/0.npz
Data length: 1
metric.compute(): {'accuracy': 0.5915492957746479}
ct, ns, auc: 0.5915492957746479, 0, 0
Loaded test data from ../dataset/sst2/test/1.npz
Data length: 1
metric.compute(): {'accuracy': 0.554935861684328}
ct, ns, auc: 0.554935861684328, 0, 0
Loaded test data from ../dataset/sst2/test/2.npz
Data length: 1
metric.compute(): {'accuracy': 0.5804248861911988}
ct, ns, auc: 0.5804248861911988, 0, 0
Loaded test data from ../dataset/sst2/test/3.npz
Data length: 1
metric.compute(): {'accuracy': 0.4581850533807829}
ct, ns, auc: 0.4581850533807829, 0, 0
Loaded test data from ../dataset/sst2/test/4.npz
Data length: 1
metric.compute(): {'accuracy': 0.5819567979669632}
ct, ns, auc: 0.5819567979669632, 0, 0
Loaded test data from ../dataset/sst2/test/5.npz
Data length: 1
metric.compute(): {'accuracy': 0.6133603238866396}
ct, ns, auc: 0.6133603238866396, 0, 0
Loaded test data from ../dataset/sst2/test/6.npz
Data length: 1
metric.compute(): {'accuracy': 0.5450121654501217}
ct, ns, auc: 0.5450121654501217, 0, 0
Loaded test data from ../dataset/sst2/test/7.npz
Data length: 1
metric.compute(): {'accuracy': 0.6332703213610587}
ct, ns, auc: 0.6332703213610587, 0, 0
Loaded test data from ../dataset/sst2/test/8.npz
Data length: 1
metric.compute(): {'accuracy': 0.6536348267117498}
ct, ns, auc: 0.6536348267117498, 0, 0
Loaded test data from ../dataset/sst2/test/9.npz
Data length: 1
metric.compute(): {'accuracy': 0.5933429811866859}
ct, ns, auc: 0.5933429811866859, 0, 0
ids: [0, 1, 2, 3, 4, 5, 6, 7, 8, 9]
stats[1]: [0, 0, 0, 0, 0, 0, 0, 0, 0, 0]
stats[2]: [0.5915492957746479, 0.554935861684328, 0.5804248861911988, 0.4581850533807829, 0.5819567979669632, 0.6133603238866396, 0.5450121654501217, 0.6332703213610587, 0.6536348267117498, 0.5933429811866859]
stats[3]: [0, 0, 0, 0, 0, 0, 0, 0, 0, 0]
Averaged Test Accuracy: 0.5806
Averaged Test AUC: 0.0000
Std Test Accuracy: 0.0541
Std Test AUC: 0.0000
Loaded train data from ../dataset/sst2/train/4.npz
Data length: 1
Time elapsed 0.03 min
Memory used: 7.45 GB
Loaded train data from ../dataset/sst2/train/7.npz
Data length: 1
Time elapsed 0.11 min
Memory used: 7.45 GB
Loaded train data from ../dataset/sst2/train/6.npz
Data length: 1
Time elapsed 0.03 min
Memory used: 7.45 GB
Loaded train data from ../dataset/sst2/train/2.npz
Data length: 1
Time elapsed 0.04 min
Memory used: 7.45 GB
Loaded train data from ../dataset/sst2/train/8.npz
Data length: 1
Time elapsed 0.17 min
Memory used: 7.45 GB
Loaded train data from ../dataset/sst2/train/3.npz
Data length: 1
Time elapsed 0.04 min
Memory used: 7.45 GB
Loaded train data from ../dataset/sst2/train/1.npz
Data length: 1
Time elapsed 0.06 min
Memory used: 7.45 GB
Loaded train data from ../dataset/sst2/train/5.npz
Data length: 1
Time elapsed 0.05 min
Memory used: 7.45 GB
Loaded train data from ../dataset/sst2/train/9.npz
Data length: 1
Time elapsed 0.02 min
Memory used: 7.45 GB
Loaded train data from ../dataset/sst2/train/0.npz
Data length: 1
Time elapsed 0.04 min
Memory used: 7.45 GB
------------------------- time cost ------------------------- 69.66128468513489

-------------Round number: 12-------------

Evaluate global model
Loaded test data from ../dataset/sst2/test/0.npz
Data length: 1
metric.compute(): {'accuracy': 0.590669014084507}
ct, ns, auc: 0.590669014084507, 0, 0
Loaded test data from ../dataset/sst2/test/1.npz
Data length: 1
metric.compute(): {'accuracy': 0.5554935861684328}
ct, ns, auc: 0.5554935861684328, 0, 0
Loaded test data from ../dataset/sst2/test/2.npz
Data length: 1
metric.compute(): {'accuracy': 0.5781487101669196}
ct, ns, auc: 0.5781487101669196, 0, 0
Loaded test data from ../dataset/sst2/test/3.npz
Data length: 1
metric.compute(): {'accuracy': 0.4608540925266904}
ct, ns, auc: 0.4608540925266904, 0, 0
Loaded test data from ../dataset/sst2/test/4.npz
Data length: 1
metric.compute(): {'accuracy': 0.5921219822109276}
ct, ns, auc: 0.5921219822109276, 0, 0
Loaded test data from ../dataset/sst2/test/5.npz
Data length: 1
metric.compute(): {'accuracy': 0.6140350877192983}
ct, ns, auc: 0.6140350877192983, 0, 0
Loaded test data from ../dataset/sst2/test/6.npz
Data length: 1
metric.compute(): {'accuracy': 0.5486618004866181}
ct, ns, auc: 0.5486618004866181, 0, 0
Loaded test data from ../dataset/sst2/test/7.npz
Data length: 1
metric.compute(): {'accuracy': 0.6632010081915564}
ct, ns, auc: 0.6632010081915564, 0, 0
Loaded test data from ../dataset/sst2/test/8.npz
Data length: 1
metric.compute(): {'accuracy': 0.7035080304311073}
ct, ns, auc: 0.7035080304311073, 0, 0
Loaded test data from ../dataset/sst2/test/9.npz
Data length: 1
metric.compute(): {'accuracy': 0.6078147612156295}
ct, ns, auc: 0.6078147612156295, 0, 0
ids: [0, 1, 2, 3, 4, 5, 6, 7, 8, 9]
stats[1]: [0, 0, 0, 0, 0, 0, 0, 0, 0, 0]
stats[2]: [0.590669014084507, 0.5554935861684328, 0.5781487101669196, 0.4608540925266904, 0.5921219822109276, 0.6140350877192983, 0.5486618004866181, 0.6632010081915564, 0.7035080304311073, 0.6078147612156295]
stats[3]: [0, 0, 0, 0, 0, 0, 0, 0, 0, 0]
Averaged Test Accuracy: 0.5915
Averaged Test AUC: 0.0000
Std Test Accuracy: 0.0657
Std Test AUC: 0.0000
Loaded train data from ../dataset/sst2/train/7.npz
Data length: 1
Time elapsed 0.11 min
Memory used: 7.45 GB
Loaded train data from ../dataset/sst2/train/5.npz
Data length: 1
Time elapsed 0.05 min
Memory used: 7.45 GB
Loaded train data from ../dataset/sst2/train/6.npz
Data length: 1
Time elapsed 0.03 min
Memory used: 7.45 GB
Loaded train data from ../dataset/sst2/train/9.npz
Data length: 1
Time elapsed 0.02 min
Memory used: 7.45 GB
Loaded train data from ../dataset/sst2/train/8.npz
Data length: 1
Time elapsed 0.16 min
Memory used: 7.45 GB
Loaded train data from ../dataset/sst2/train/1.npz
Data length: 1
Time elapsed 0.06 min
Memory used: 7.45 GB
Loaded train data from ../dataset/sst2/train/2.npz
Data length: 1
Time elapsed 0.04 min
Memory used: 7.45 GB
Loaded train data from ../dataset/sst2/train/0.npz
Data length: 1
Time elapsed 0.04 min
Memory used: 7.45 GB
Loaded train data from ../dataset/sst2/train/3.npz
Data length: 1
Time elapsed 0.04 min
Memory used: 7.45 GB
Loaded train data from ../dataset/sst2/train/4.npz
Data length: 1
Time elapsed 0.03 min
Memory used: 7.45 GB
------------------------- time cost ------------------------- 73.72996520996094

-------------Round number: 13-------------

Evaluate global model
Loaded test data from ../dataset/sst2/test/0.npz
Data length: 1
metric.compute(): {'accuracy': 0.5950704225352113}
ct, ns, auc: 0.5950704225352113, 0, 0
Loaded test data from ../dataset/sst2/test/1.npz
Data length: 1
metric.compute(): {'accuracy': 0.5566090351366425}
ct, ns, auc: 0.5566090351366425, 0, 0
Loaded test data from ../dataset/sst2/test/2.npz
Data length: 1
metric.compute(): {'accuracy': 0.5781487101669196}
ct, ns, auc: 0.5781487101669196, 0, 0
Loaded test data from ../dataset/sst2/test/3.npz
Data length: 1
metric.compute(): {'accuracy': 0.45907473309608543}
ct, ns, auc: 0.45907473309608543, 0, 0
Loaded test data from ../dataset/sst2/test/4.npz
Data length: 1
metric.compute(): {'accuracy': 0.6111817026683609}
ct, ns, auc: 0.6111817026683609, 0, 0
Loaded test data from ../dataset/sst2/test/5.npz
Data length: 1
metric.compute(): {'accuracy': 0.6234817813765182}
ct, ns, auc: 0.6234817813765182, 0, 0
Loaded test data from ../dataset/sst2/test/6.npz
Data length: 1
metric.compute(): {'accuracy': 0.5462287104622872}
ct, ns, auc: 0.5462287104622872, 0, 0
Loaded test data from ../dataset/sst2/test/7.npz
Data length: 1
metric.compute(): {'accuracy': 0.6959672337744172}
ct, ns, auc: 0.6959672337744172, 0, 0
Loaded test data from ../dataset/sst2/test/8.npz
Data length: 1
metric.compute(): {'accuracy': 0.7603550295857988}
ct, ns, auc: 0.7603550295857988, 0, 0
Loaded test data from ../dataset/sst2/test/9.npz
Data length: 1
metric.compute(): {'accuracy': 0.613603473227207}
ct, ns, auc: 0.613603473227207, 0, 0
ids: [0, 1, 2, 3, 4, 5, 6, 7, 8, 9]
stats[1]: [0, 0, 0, 0, 0, 0, 0, 0, 0, 0]
stats[2]: [0.5950704225352113, 0.5566090351366425, 0.5781487101669196, 0.45907473309608543, 0.6111817026683609, 0.6234817813765182, 0.5462287104622872, 0.6959672337744172, 0.7603550295857988, 0.613603473227207]
stats[3]: [0, 0, 0, 0, 0, 0, 0, 0, 0, 0]
Averaged Test Accuracy: 0.6040
Averaged Test AUC: 0.0000
Std Test Accuracy: 0.0822
Std Test AUC: 0.0000
Loaded train data from ../dataset/sst2/train/7.npz
Data length: 1
Time elapsed 0.11 min
Memory used: 7.45 GB
Loaded train data from ../dataset/sst2/train/2.npz
Data length: 1
Time elapsed 0.04 min
Memory used: 7.45 GB
Loaded train data from ../dataset/sst2/train/1.npz
Data length: 1
Time elapsed 0.06 min
Memory used: 7.45 GB
Loaded train data from ../dataset/sst2/train/3.npz
Data length: 1
Time elapsed 0.04 min
Memory used: 7.45 GB
Loaded train data from ../dataset/sst2/train/4.npz
Data length: 1
Time elapsed 0.03 min
Memory used: 7.45 GB
Loaded train data from ../dataset/sst2/train/9.npz
Data length: 1
Time elapsed 0.03 min
Memory used: 7.45 GB
Loaded train data from ../dataset/sst2/train/5.npz
Data length: 1
Time elapsed 0.05 min
Memory used: 7.45 GB
Loaded train data from ../dataset/sst2/train/0.npz
Data length: 1
Time elapsed 0.04 min
Memory used: 7.45 GB
Loaded train data from ../dataset/sst2/train/8.npz
Data length: 1
Time elapsed 0.16 min
Memory used: 7.45 GB
Loaded train data from ../dataset/sst2/train/6.npz
Data length: 1
Time elapsed 0.03 min
Memory used: 7.45 GB
------------------------- time cost ------------------------- 69.07663631439209

-------------Round number: 14-------------

Evaluate global model
Loaded test data from ../dataset/sst2/test/0.npz
Data length: 1
metric.compute(): {'accuracy': 0.6003521126760564}
ct, ns, auc: 0.6003521126760564, 0, 0
Loaded test data from ../dataset/sst2/test/1.npz
Data length: 1
metric.compute(): {'accuracy': 0.5566090351366425}
ct, ns, auc: 0.5566090351366425, 0, 0
Loaded test data from ../dataset/sst2/test/2.npz
Data length: 1
metric.compute(): {'accuracy': 0.5948406676783005}
ct, ns, auc: 0.5948406676783005, 0, 0
Loaded test data from ../dataset/sst2/test/3.npz
Data length: 1
metric.compute(): {'accuracy': 0.45907473309608543}
ct, ns, auc: 0.45907473309608543, 0, 0
Loaded test data from ../dataset/sst2/test/4.npz
Data length: 1
metric.compute(): {'accuracy': 0.6238881829733164}
ct, ns, auc: 0.6238881829733164, 0, 0
Loaded test data from ../dataset/sst2/test/5.npz
Data length: 1
metric.compute(): {'accuracy': 0.6322537112010796}
ct, ns, auc: 0.6322537112010796, 0, 0
Loaded test data from ../dataset/sst2/test/6.npz
Data length: 1
metric.compute(): {'accuracy': 0.5352798053527981}
ct, ns, auc: 0.5352798053527981, 0, 0
Loaded test data from ../dataset/sst2/test/7.npz
Data length: 1
metric.compute(): {'accuracy': 0.7315689981096408}
ct, ns, auc: 0.7315689981096408, 0, 0
Loaded test data from ../dataset/sst2/test/8.npz
Data length: 1
metric.compute(): {'accuracy': 0.7981825866441251}
ct, ns, auc: 0.7981825866441251, 0, 0
Loaded test data from ../dataset/sst2/test/9.npz
Data length: 1
metric.compute(): {'accuracy': 0.6251808972503617}
ct, ns, auc: 0.6251808972503617, 0, 0
ids: [0, 1, 2, 3, 4, 5, 6, 7, 8, 9]
stats[1]: [0, 0, 0, 0, 0, 0, 0, 0, 0, 0]
stats[2]: [0.6003521126760564, 0.5566090351366425, 0.5948406676783005, 0.45907473309608543, 0.6238881829733164, 0.6322537112010796, 0.5352798053527981, 0.7315689981096408, 0.7981825866441251, 0.6251808972503617]
stats[3]: [0, 0, 0, 0, 0, 0, 0, 0, 0, 0]
Averaged Test Accuracy: 0.6157
Averaged Test AUC: 0.0000
Std Test Accuracy: 0.0956
Std Test AUC: 0.0000
Loaded train data from ../dataset/sst2/train/2.npz
Data length: 1
Time elapsed 0.04 min
Memory used: 7.45 GB
Loaded train data from ../dataset/sst2/train/6.npz
Data length: 1
Time elapsed 0.03 min
Memory used: 7.45 GB
Loaded train data from ../dataset/sst2/train/1.npz
Data length: 1
Time elapsed 0.06 min
Memory used: 7.45 GB
Loaded train data from ../dataset/sst2/train/3.npz
Data length: 1
Time elapsed 0.04 min
Memory used: 7.45 GB
Loaded train data from ../dataset/sst2/train/4.npz
Data length: 1
Time elapsed 0.03 min
Memory used: 7.45 GB
Loaded train data from ../dataset/sst2/train/9.npz
Data length: 1
Time elapsed 0.02 min
Memory used: 7.45 GB
Loaded train data from ../dataset/sst2/train/8.npz
Data length: 1
Time elapsed 0.16 min
Memory used: 7.45 GB
Loaded train data from ../dataset/sst2/train/0.npz
Data length: 1
Time elapsed 0.04 min
Memory used: 7.45 GB
Loaded train data from ../dataset/sst2/train/7.npz
Data length: 1
Time elapsed 0.11 min
Memory used: 7.45 GB
Loaded train data from ../dataset/sst2/train/5.npz
Data length: 1
Time elapsed 0.05 min
Memory used: 7.45 GB
------------------------- time cost ------------------------- 76.02632975578308

-------------Round number: 15-------------

Evaluate global model
Loaded test data from ../dataset/sst2/test/0.npz
Data length: 1
metric.compute(): {'accuracy': 0.6012323943661971}
ct, ns, auc: 0.6012323943661971, 0, 0
Loaded test data from ../dataset/sst2/test/1.npz
Data length: 1
metric.compute(): {'accuracy': 0.5554935861684328}
ct, ns, auc: 0.5554935861684328, 0, 0
Loaded test data from ../dataset/sst2/test/2.npz
Data length: 1
metric.compute(): {'accuracy': 0.6115326251896813}
ct, ns, auc: 0.6115326251896813, 0, 0
Loaded test data from ../dataset/sst2/test/3.npz
Data length: 1
metric.compute(): {'accuracy': 0.46174377224199287}
ct, ns, auc: 0.46174377224199287, 0, 0
Loaded test data from ../dataset/sst2/test/4.npz
Data length: 1
metric.compute(): {'accuracy': 0.6226175349428208}
ct, ns, auc: 0.6226175349428208, 0, 0
Loaded test data from ../dataset/sst2/test/5.npz
Data length: 1
metric.compute(): {'accuracy': 0.6396761133603239}
ct, ns, auc: 0.6396761133603239, 0, 0
Loaded test data from ../dataset/sst2/test/6.npz
Data length: 1
metric.compute(): {'accuracy': 0.5437956204379562}
ct, ns, auc: 0.5437956204379562, 0, 0
Loaded test data from ../dataset/sst2/test/7.npz
Data length: 1
metric.compute(): {'accuracy': 0.7712665406427222}
ct, ns, auc: 0.7712665406427222, 0, 0
Loaded test data from ../dataset/sst2/test/8.npz
Data length: 1
metric.compute(): {'accuracy': 0.8231191885038038}
ct, ns, auc: 0.8231191885038038, 0, 0
Loaded test data from ../dataset/sst2/test/9.npz
Data length: 1
metric.compute(): {'accuracy': 0.6353111432706223}
ct, ns, auc: 0.6353111432706223, 0, 0
ids: [0, 1, 2, 3, 4, 5, 6, 7, 8, 9]
stats[1]: [0, 0, 0, 0, 0, 0, 0, 0, 0, 0]
stats[2]: [0.6012323943661971, 0.5554935861684328, 0.6115326251896813, 0.46174377224199287, 0.6226175349428208, 0.6396761133603239, 0.5437956204379562, 0.7712665406427222, 0.8231191885038038, 0.6353111432706223]
stats[3]: [0, 0, 0, 0, 0, 0, 0, 0, 0, 0]
Averaged Test Accuracy: 0.6266
Averaged Test AUC: 0.0000
Std Test Accuracy: 0.1053
Std Test AUC: 0.0000
Loaded train data from ../dataset/sst2/train/8.npz
Data length: 1
Time elapsed 0.17 min
Memory used: 7.45 GB
Loaded train data from ../dataset/sst2/train/4.npz
Data length: 1
Time elapsed 0.03 min
Memory used: 7.45 GB
Loaded train data from ../dataset/sst2/train/9.npz
Data length: 1
Time elapsed 0.02 min
Memory used: 7.45 GB
Loaded train data from ../dataset/sst2/train/2.npz
Data length: 1
Time elapsed 0.04 min
Memory used: 7.45 GB
Loaded train data from ../dataset/sst2/train/7.npz
Data length: 1
Time elapsed 0.11 min
Memory used: 7.45 GB
Loaded train data from ../dataset/sst2/train/0.npz
Data length: 1
Time elapsed 0.04 min
Memory used: 7.45 GB
Loaded train data from ../dataset/sst2/train/6.npz
Data length: 1
Time elapsed 0.03 min
Memory used: 7.45 GB
Loaded train data from ../dataset/sst2/train/1.npz
Data length: 1
Time elapsed 0.06 min
Memory used: 7.45 GB
Loaded train data from ../dataset/sst2/train/5.npz
Data length: 1
Time elapsed 0.05 min
Memory used: 7.45 GB
Loaded train data from ../dataset/sst2/train/3.npz
Data length: 1
Time elapsed 0.04 min
Memory used: 7.45 GB
------------------------- time cost ------------------------- 69.94488596916199

-------------Round number: 16-------------

Evaluate global model
Loaded test data from ../dataset/sst2/test/0.npz
Data length: 1
metric.compute(): {'accuracy': 0.6109154929577465}
ct, ns, auc: 0.6109154929577465, 0, 0
Loaded test data from ../dataset/sst2/test/1.npz
Data length: 1
metric.compute(): {'accuracy': 0.554935861684328}
ct, ns, auc: 0.554935861684328, 0, 0
Loaded test data from ../dataset/sst2/test/2.npz
Data length: 1
metric.compute(): {'accuracy': 0.6525037936267072}
ct, ns, auc: 0.6525037936267072, 0, 0
Loaded test data from ../dataset/sst2/test/3.npz
Data length: 1
metric.compute(): {'accuracy': 0.46441281138790036}
ct, ns, auc: 0.46441281138790036, 0, 0
Loaded test data from ../dataset/sst2/test/4.npz
Data length: 1
metric.compute(): {'accuracy': 0.6340533672172808}
ct, ns, auc: 0.6340533672172808, 0, 0
Loaded test data from ../dataset/sst2/test/5.npz
Data length: 1
metric.compute(): {'accuracy': 0.6518218623481782}
ct, ns, auc: 0.6518218623481782, 0, 0
Loaded test data from ../dataset/sst2/test/6.npz
Data length: 1
metric.compute(): {'accuracy': 0.5462287104622872}
ct, ns, auc: 0.5462287104622872, 0, 0
Loaded test data from ../dataset/sst2/test/7.npz
Data length: 1
metric.compute(): {'accuracy': 0.8024574669187146}
ct, ns, auc: 0.8024574669187146, 0, 0
Loaded test data from ../dataset/sst2/test/8.npz
Data length: 1
metric.compute(): {'accuracy': 0.8391800507185122}
ct, ns, auc: 0.8391800507185122, 0, 0
Loaded test data from ../dataset/sst2/test/9.npz
Data length: 1
metric.compute(): {'accuracy': 0.6396526772793053}
ct, ns, auc: 0.6396526772793053, 0, 0
ids: [0, 1, 2, 3, 4, 5, 6, 7, 8, 9]
stats[1]: [0, 0, 0, 0, 0, 0, 0, 0, 0, 0]
stats[2]: [0.6109154929577465, 0.554935861684328, 0.6525037936267072, 0.46441281138790036, 0.6340533672172808, 0.6518218623481782, 0.5462287104622872, 0.8024574669187146, 0.8391800507185122, 0.6396526772793053]
stats[3]: [0, 0, 0, 0, 0, 0, 0, 0, 0, 0]
Averaged Test Accuracy: 0.6396
Averaged Test AUC: 0.0000
Std Test Accuracy: 0.1126
Std Test AUC: 0.0000
Loaded train data from ../dataset/sst2/train/3.npz
Data length: 1
Time elapsed 0.04 min
Memory used: 7.45 GB
Loaded train data from ../dataset/sst2/train/1.npz
Data length: 1
Time elapsed 0.06 min
Memory used: 7.45 GB
Loaded train data from ../dataset/sst2/train/4.npz
Data length: 1
Time elapsed 0.03 min
Memory used: 7.45 GB
Loaded train data from ../dataset/sst2/train/9.npz
Data length: 1
Time elapsed 0.02 min
Memory used: 7.45 GB
Loaded train data from ../dataset/sst2/train/6.npz
Data length: 1
Time elapsed 0.03 min
Memory used: 7.45 GB
Loaded train data from ../dataset/sst2/train/2.npz
Data length: 1
Time elapsed 0.05 min
Memory used: 7.45 GB
Loaded train data from ../dataset/sst2/train/5.npz
Data length: 1
Time elapsed 0.05 min
Memory used: 7.45 GB
Loaded train data from ../dataset/sst2/train/0.npz
Data length: 1
Time elapsed 0.04 min
Memory used: 7.45 GB
Loaded train data from ../dataset/sst2/train/8.npz
Data length: 1
Time elapsed 0.16 min
Memory used: 7.45 GB
Loaded train data from ../dataset/sst2/train/7.npz
Data length: 1
Time elapsed 0.11 min
Memory used: 7.45 GB
------------------------- time cost ------------------------- 65.43952465057373

-------------Round number: 17-------------

Evaluate global model
Loaded test data from ../dataset/sst2/test/0.npz
Data length: 1
metric.compute(): {'accuracy': 0.6205985915492958}
ct, ns, auc: 0.6205985915492958, 0, 0
Loaded test data from ../dataset/sst2/test/1.npz
Data length: 1
metric.compute(): {'accuracy': 0.5577244841048522}
ct, ns, auc: 0.5577244841048522, 0, 0
Loaded test data from ../dataset/sst2/test/2.npz
Data length: 1
metric.compute(): {'accuracy': 0.6843702579666161}
ct, ns, auc: 0.6843702579666161, 0, 0
Loaded test data from ../dataset/sst2/test/3.npz
Data length: 1
metric.compute(): {'accuracy': 0.4653024911032028}
ct, ns, auc: 0.4653024911032028, 0, 0
Loaded test data from ../dataset/sst2/test/4.npz
Data length: 1
metric.compute(): {'accuracy': 0.6454891994917408}
ct, ns, auc: 0.6454891994917408, 0, 0
Loaded test data from ../dataset/sst2/test/5.npz
Data length: 1
metric.compute(): {'accuracy': 0.6713900134952766}
ct, ns, auc: 0.6713900134952766, 0, 0
Loaded test data from ../dataset/sst2/test/6.npz
Data length: 1
metric.compute(): {'accuracy': 0.5437956204379562}
ct, ns, auc: 0.5437956204379562, 0, 0
Loaded test data from ../dataset/sst2/test/7.npz
Data length: 1
metric.compute(): {'accuracy': 0.8178954001260239}
ct, ns, auc: 0.8178954001260239, 0, 0
Loaded test data from ../dataset/sst2/test/8.npz
Data length: 1
metric.compute(): {'accuracy': 0.8446745562130178}
ct, ns, auc: 0.8446745562130178, 0, 0
Loaded test data from ../dataset/sst2/test/9.npz
Data length: 1
metric.compute(): {'accuracy': 0.6439942112879884}
ct, ns, auc: 0.6439942112879884, 0, 0
ids: [0, 1, 2, 3, 4, 5, 6, 7, 8, 9]
stats[1]: [0, 0, 0, 0, 0, 0, 0, 0, 0, 0]
stats[2]: [0.6205985915492958, 0.5577244841048522, 0.6843702579666161, 0.4653024911032028, 0.6454891994917408, 0.6713900134952766, 0.5437956204379562, 0.8178954001260239, 0.8446745562130178, 0.6439942112879884]
stats[3]: [0, 0, 0, 0, 0, 0, 0, 0, 0, 0]
Averaged Test Accuracy: 0.6495
Averaged Test AUC: 0.0000
Std Test Accuracy: 0.1167
Std Test AUC: 0.0000
Loaded train data from ../dataset/sst2/train/5.npz
Data length: 1
Time elapsed 0.05 min
Memory used: 7.45 GB
Loaded train data from ../dataset/sst2/train/9.npz
Data length: 1
Time elapsed 0.02 min
Memory used: 7.45 GB
Loaded train data from ../dataset/sst2/train/4.npz
Data length: 1
Time elapsed 0.03 min
Memory used: 7.45 GB
Loaded train data from ../dataset/sst2/train/2.npz
Data length: 1
Time elapsed 0.04 min
Memory used: 7.45 GB
Loaded train data from ../dataset/sst2/train/3.npz
Data length: 1
Time elapsed 0.04 min
Memory used: 7.45 GB
Loaded train data from ../dataset/sst2/train/7.npz
Data length: 1
Time elapsed 0.11 min
Memory used: 7.45 GB
Loaded train data from ../dataset/sst2/train/8.npz
Data length: 1
Time elapsed 0.16 min
Memory used: 7.45 GB
Loaded train data from ../dataset/sst2/train/6.npz
Data length: 1
Time elapsed 0.03 min
Memory used: 7.45 GB
Loaded train data from ../dataset/sst2/train/0.npz
Data length: 1
Time elapsed 0.04 min
Memory used: 7.45 GB
Loaded train data from ../dataset/sst2/train/1.npz
Data length: 1
Time elapsed 0.06 min
Memory used: 7.45 GB
------------------------- time cost ------------------------- 64.72890138626099

-------------Round number: 18-------------

Evaluate global model
Loaded test data from ../dataset/sst2/test/0.npz
Data length: 1
metric.compute(): {'accuracy': 0.6241197183098591}
ct, ns, auc: 0.6241197183098591, 0, 0
Loaded test data from ../dataset/sst2/test/1.npz
Data length: 1
metric.compute(): {'accuracy': 0.5593976575571667}
ct, ns, auc: 0.5593976575571667, 0, 0
Loaded test data from ../dataset/sst2/test/2.npz
Data length: 1
metric.compute(): {'accuracy': 0.7185128983308042}
ct, ns, auc: 0.7185128983308042, 0, 0
Loaded test data from ../dataset/sst2/test/3.npz
Data length: 1
metric.compute(): {'accuracy': 0.4679715302491103}
ct, ns, auc: 0.4679715302491103, 0, 0
Loaded test data from ../dataset/sst2/test/4.npz
Data length: 1
metric.compute(): {'accuracy': 0.6632782719186785}
ct, ns, auc: 0.6632782719186785, 0, 0
Loaded test data from ../dataset/sst2/test/5.npz
Data length: 1
metric.compute(): {'accuracy': 0.7017543859649122}
ct, ns, auc: 0.7017543859649122, 0, 0
Loaded test data from ../dataset/sst2/test/6.npz
Data length: 1
metric.compute(): {'accuracy': 0.5413625304136253}
ct, ns, auc: 0.5413625304136253, 0, 0
Loaded test data from ../dataset/sst2/test/7.npz
Data length: 1
metric.compute(): {'accuracy': 0.8314429741650914}
ct, ns, auc: 0.8314429741650914, 0, 0
Loaded test data from ../dataset/sst2/test/8.npz
Data length: 1
metric.compute(): {'accuracy': 0.8478444632290786}
ct, ns, auc: 0.8478444632290786, 0, 0
Loaded test data from ../dataset/sst2/test/9.npz
Data length: 1
metric.compute(): {'accuracy': 0.6454413892908828}
ct, ns, auc: 0.6454413892908828, 0, 0
ids: [0, 1, 2, 3, 4, 5, 6, 7, 8, 9]
stats[1]: [0, 0, 0, 0, 0, 0, 0, 0, 0, 0]
stats[2]: [0.6241197183098591, 0.5593976575571667, 0.7185128983308042, 0.4679715302491103, 0.6632782719186785, 0.7017543859649122, 0.5413625304136253, 0.8314429741650914, 0.8478444632290786, 0.6454413892908828]
stats[3]: [0, 0, 0, 0, 0, 0, 0, 0, 0, 0]
Averaged Test Accuracy: 0.6601
Averaged Test AUC: 0.0000
Std Test Accuracy: 0.1213
Std Test AUC: 0.0000
Loaded train data from ../dataset/sst2/train/9.npz
Data length: 1
Time elapsed 0.02 min
Memory used: 7.45 GB
Loaded train data from ../dataset/sst2/train/5.npz
Data length: 1
Time elapsed 0.05 min
Memory used: 7.45 GB
Loaded train data from ../dataset/sst2/train/4.npz
Data length: 1
Time elapsed 0.03 min
Memory used: 7.45 GB
Loaded train data from ../dataset/sst2/train/3.npz
Data length: 1
Time elapsed 0.04 min
Memory used: 7.45 GB
Loaded train data from ../dataset/sst2/train/6.npz
Data length: 1
Time elapsed 0.03 min
Memory used: 7.45 GB
Loaded train data from ../dataset/sst2/train/2.npz
Data length: 1
Time elapsed 0.04 min
Memory used: 7.45 GB
Loaded train data from ../dataset/sst2/train/7.npz
Data length: 1
Time elapsed 0.11 min
Memory used: 7.45 GB
Loaded train data from ../dataset/sst2/train/8.npz
Data length: 1
Time elapsed 0.16 min
Memory used: 7.45 GB
Loaded train data from ../dataset/sst2/train/1.npz
Data length: 1
Time elapsed 0.07 min
Memory used: 7.45 GB
Loaded train data from ../dataset/sst2/train/0.npz
Data length: 1
Time elapsed 0.04 min
Memory used: 7.45 GB
------------------------- time cost ------------------------- 64.60064578056335

-------------Round number: 19-------------

Evaluate global model
Loaded test data from ../dataset/sst2/test/0.npz
Data length: 1
metric.compute(): {'accuracy': 0.6320422535211268}
ct, ns, auc: 0.6320422535211268, 0, 0
Loaded test data from ../dataset/sst2/test/1.npz
Data length: 1
metric.compute(): {'accuracy': 0.5655326268823201}
ct, ns, auc: 0.5655326268823201, 0, 0
Loaded test data from ../dataset/sst2/test/2.npz
Data length: 1
metric.compute(): {'accuracy': 0.7594840667678301}
ct, ns, auc: 0.7594840667678301, 0, 0
Loaded test data from ../dataset/sst2/test/3.npz
Data length: 1
metric.compute(): {'accuracy': 0.4706405693950178}
ct, ns, auc: 0.4706405693950178, 0, 0
Loaded test data from ../dataset/sst2/test/4.npz
Data length: 1
metric.compute(): {'accuracy': 0.6861499364675985}
ct, ns, auc: 0.6861499364675985, 0, 0
Loaded test data from ../dataset/sst2/test/5.npz
Data length: 1
metric.compute(): {'accuracy': 0.7341430499325237}
ct, ns, auc: 0.7341430499325237, 0, 0
Loaded test data from ../dataset/sst2/test/6.npz
Data length: 1
metric.compute(): {'accuracy': 0.5583941605839416}
ct, ns, auc: 0.5583941605839416, 0, 0
Loaded test data from ../dataset/sst2/test/7.npz
Data length: 1
metric.compute(): {'accuracy': 0.8380592312539382}
ct, ns, auc: 0.8380592312539382, 0, 0
Loaded test data from ../dataset/sst2/test/8.npz
Data length: 1
metric.compute(): {'accuracy': 0.852916314454776}
ct, ns, auc: 0.852916314454776, 0, 0
Loaded test data from ../dataset/sst2/test/9.npz
Data length: 1
metric.compute(): {'accuracy': 0.6468885672937771}
ct, ns, auc: 0.6468885672937771, 0, 0
ids: [0, 1, 2, 3, 4, 5, 6, 7, 8, 9]
stats[1]: [0, 0, 0, 0, 0, 0, 0, 0, 0, 0]
stats[2]: [0.6320422535211268, 0.5655326268823201, 0.7594840667678301, 0.4706405693950178, 0.6861499364675985, 0.7341430499325237, 0.5583941605839416, 0.8380592312539382, 0.852916314454776, 0.6468885672937771]
stats[3]: [0, 0, 0, 0, 0, 0, 0, 0, 0, 0]
Averaged Test Accuracy: 0.6744
Averaged Test AUC: 0.0000
Std Test Accuracy: 0.1243
Std Test AUC: 0.0000
Loaded train data from ../dataset/sst2/train/6.npz
Data length: 1
Time elapsed 0.03 min
Memory used: 7.45 GB
Loaded train data from ../dataset/sst2/train/3.npz
Data length: 1
Time elapsed 0.04 min
Memory used: 7.45 GB
Loaded train data from ../dataset/sst2/train/5.npz
Data length: 1
Time elapsed 0.05 min
Memory used: 7.45 GB
Loaded train data from ../dataset/sst2/train/4.npz
Data length: 1
Time elapsed 0.03 min
Memory used: 7.45 GB
Loaded train data from ../dataset/sst2/train/2.npz
Data length: 1
Time elapsed 0.04 min
Memory used: 7.45 GB
Loaded train data from ../dataset/sst2/train/8.npz
Data length: 1
Time elapsed 0.16 min
Memory used: 7.45 GB
Loaded train data from ../dataset/sst2/train/9.npz
Data length: 1
Time elapsed 0.02 min
Memory used: 7.45 GB
Loaded train data from ../dataset/sst2/train/0.npz
Data length: 1
Time elapsed 0.04 min
Memory used: 7.45 GB
Loaded train data from ../dataset/sst2/train/7.npz
Data length: 1
Time elapsed 0.11 min
Memory used: 7.45 GB
Loaded train data from ../dataset/sst2/train/1.npz
Data length: 1
Time elapsed 0.07 min
Memory used: 7.45 GB
------------------------- time cost ------------------------- 64.73619532585144

-------------Round number: 20-------------

Evaluate global model
Loaded test data from ../dataset/sst2/test/0.npz
Data length: 1
metric.compute(): {'accuracy': 0.6373239436619719}
ct, ns, auc: 0.6373239436619719, 0, 0
Loaded test data from ../dataset/sst2/test/1.npz
Data length: 1
metric.compute(): {'accuracy': 0.5755716675962075}
ct, ns, auc: 0.5755716675962075, 0, 0
Loaded test data from ../dataset/sst2/test/2.npz
Data length: 1
metric.compute(): {'accuracy': 0.783763277693475}
ct, ns, auc: 0.783763277693475, 0, 0
Loaded test data from ../dataset/sst2/test/3.npz
Data length: 1
metric.compute(): {'accuracy': 0.4724199288256228}
ct, ns, auc: 0.4724199288256228, 0, 0
Loaded test data from ../dataset/sst2/test/4.npz
Data length: 1
metric.compute(): {'accuracy': 0.7026683608640406}
ct, ns, auc: 0.7026683608640406, 0, 0
Loaded test data from ../dataset/sst2/test/5.npz
Data length: 1
metric.compute(): {'accuracy': 0.7631578947368421}
ct, ns, auc: 0.7631578947368421, 0, 0
Loaded test data from ../dataset/sst2/test/6.npz
Data length: 1
metric.compute(): {'accuracy': 0.5705596107055961}
ct, ns, auc: 0.5705596107055961, 0, 0
Loaded test data from ../dataset/sst2/test/7.npz
Data length: 1
metric.compute(): {'accuracy': 0.8431001890359168}
ct, ns, auc: 0.8431001890359168, 0, 0
Loaded test data from ../dataset/sst2/test/8.npz
Data length: 1
metric.compute(): {'accuracy': 0.8533389687235841}
ct, ns, auc: 0.8533389687235841, 0, 0
Loaded test data from ../dataset/sst2/test/9.npz
Data length: 1
metric.compute(): {'accuracy': 0.6613603473227206}
ct, ns, auc: 0.6613603473227206, 0, 0
ids: [0, 1, 2, 3, 4, 5, 6, 7, 8, 9]
stats[1]: [0, 0, 0, 0, 0, 0, 0, 0, 0, 0]
stats[2]: [0.6373239436619719, 0.5755716675962075, 0.783763277693475, 0.4724199288256228, 0.7026683608640406, 0.7631578947368421, 0.5705596107055961, 0.8431001890359168, 0.8533389687235841, 0.6613603473227206]
stats[3]: [0, 0, 0, 0, 0, 0, 0, 0, 0, 0]
Averaged Test Accuracy: 0.6863
Averaged Test AUC: 0.0000
Std Test Accuracy: 0.1259
Std Test AUC: 0.0000
Loaded train data from ../dataset/sst2/train/7.npz
Data length: 1
Time elapsed 0.11 min
Memory used: 7.45 GB
Loaded train data from ../dataset/sst2/train/4.npz
Data length: 1
Time elapsed 0.03 min
Memory used: 7.45 GB
Loaded train data from ../dataset/sst2/train/8.npz
Data length: 1
Time elapsed 0.16 min
Memory used: 7.45 GB
Loaded train data from ../dataset/sst2/train/9.npz
Data length: 1
Time elapsed 0.02 min
Memory used: 7.45 GB
Loaded train data from ../dataset/sst2/train/3.npz
Data length: 1
Time elapsed 0.04 min
Memory used: 7.45 GB
Loaded train data from ../dataset/sst2/train/0.npz
Data length: 1
Time elapsed 0.04 min
Memory used: 7.45 GB
Loaded train data from ../dataset/sst2/train/2.npz
Data length: 1
Time elapsed 0.04 min
Memory used: 7.45 GB
Loaded train data from ../dataset/sst2/train/1.npz
Data length: 1
Time elapsed 0.06 min
Memory used: 7.45 GB
Loaded train data from ../dataset/sst2/train/5.npz
Data length: 1
Time elapsed 0.05 min
Memory used: 7.45 GB
Loaded train data from ../dataset/sst2/train/6.npz
Data length: 1
Time elapsed 0.03 min
Memory used: 7.45 GB
------------------------- time cost ------------------------- 68.43820333480835

-------------Round number: 21-------------

Evaluate global model
Loaded test data from ../dataset/sst2/test/0.npz
Data length: 1
metric.compute(): {'accuracy': 0.6487676056338029}
ct, ns, auc: 0.6487676056338029, 0, 0
Loaded test data from ../dataset/sst2/test/1.npz
Data length: 1
metric.compute(): {'accuracy': 0.5989960959286112}
ct, ns, auc: 0.5989960959286112, 0, 0
Loaded test data from ../dataset/sst2/test/2.npz
Data length: 1
metric.compute(): {'accuracy': 0.7943854324734446}
ct, ns, auc: 0.7943854324734446, 0, 0
Loaded test data from ../dataset/sst2/test/3.npz
Data length: 1
metric.compute(): {'accuracy': 0.47330960854092524}
ct, ns, auc: 0.47330960854092524, 0, 0
Loaded test data from ../dataset/sst2/test/4.npz
Data length: 1
metric.compute(): {'accuracy': 0.7255400254129606}
ct, ns, auc: 0.7255400254129606, 0, 0
Loaded test data from ../dataset/sst2/test/5.npz
Data length: 1
metric.compute(): {'accuracy': 0.7955465587044535}
ct, ns, auc: 0.7955465587044535, 0, 0
Loaded test data from ../dataset/sst2/test/6.npz
Data length: 1
metric.compute(): {'accuracy': 0.5888077858880778}
ct, ns, auc: 0.5888077858880778, 0, 0
Loaded test data from ../dataset/sst2/test/7.npz
Data length: 1
metric.compute(): {'accuracy': 0.8471959672337744}
ct, ns, auc: 0.8471959672337744, 0, 0
Loaded test data from ../dataset/sst2/test/8.npz
Data length: 1
metric.compute(): {'accuracy': 0.8548182586644125}
ct, ns, auc: 0.8548182586644125, 0, 0
Loaded test data from ../dataset/sst2/test/9.npz
Data length: 1
metric.compute(): {'accuracy': 0.678726483357453}
ct, ns, auc: 0.678726483357453, 0, 0
ids: [0, 1, 2, 3, 4, 5, 6, 7, 8, 9]
stats[1]: [0, 0, 0, 0, 0, 0, 0, 0, 0, 0]
stats[2]: [0.6487676056338029, 0.5989960959286112, 0.7943854324734446, 0.47330960854092524, 0.7255400254129606, 0.7955465587044535, 0.5888077858880778, 0.8471959672337744, 0.8548182586644125, 0.678726483357453]
stats[3]: [0, 0, 0, 0, 0, 0, 0, 0, 0, 0]
Averaged Test Accuracy: 0.7006
Averaged Test AUC: 0.0000
Std Test Accuracy: 0.1253
Std Test AUC: 0.0000
Loaded train data from ../dataset/sst2/train/5.npz
Data length: 1
Time elapsed 0.05 min
Memory used: 7.45 GB
Loaded train data from ../dataset/sst2/train/7.npz
Data length: 1
Time elapsed 0.11 min
Memory used: 7.45 GB
Loaded train data from ../dataset/sst2/train/6.npz
Data length: 1
Time elapsed 0.03 min
Memory used: 7.45 GB
Loaded train data from ../dataset/sst2/train/1.npz
Data length: 1
Time elapsed 0.07 min
Memory used: 7.45 GB
Loaded train data from ../dataset/sst2/train/4.npz
Data length: 1
Time elapsed 0.03 min
Memory used: 7.45 GB
Loaded train data from ../dataset/sst2/train/8.npz
Data length: 1
Time elapsed 0.16 min
Memory used: 7.45 GB
Loaded train data from ../dataset/sst2/train/3.npz
Data length: 1
Time elapsed 0.04 min
Memory used: 7.45 GB
Loaded train data from ../dataset/sst2/train/2.npz
Data length: 1
Time elapsed 0.04 min
Memory used: 7.45 GB
Loaded train data from ../dataset/sst2/train/0.npz
Data length: 1
Time elapsed 0.04 min
Memory used: 7.45 GB
Loaded train data from ../dataset/sst2/train/9.npz
Data length: 1
Time elapsed 0.02 min
Memory used: 7.45 GB
------------------------- time cost ------------------------- 64.73735570907593

-------------Round number: 22-------------

Evaluate global model
Loaded test data from ../dataset/sst2/test/0.npz
Data length: 1
metric.compute(): {'accuracy': 0.6637323943661971}
ct, ns, auc: 0.6637323943661971, 0, 0
Loaded test data from ../dataset/sst2/test/1.npz
Data length: 1
metric.compute(): {'accuracy': 0.6324595649749024}
ct, ns, auc: 0.6324595649749024, 0, 0
Loaded test data from ../dataset/sst2/test/2.npz
Data length: 1
metric.compute(): {'accuracy': 0.8072837632776935}
ct, ns, auc: 0.8072837632776935, 0, 0
Loaded test data from ../dataset/sst2/test/3.npz
Data length: 1
metric.compute(): {'accuracy': 0.47597864768683273}
ct, ns, auc: 0.47597864768683273, 0, 0
Loaded test data from ../dataset/sst2/test/4.npz
Data length: 1
metric.compute(): {'accuracy': 0.758576874205845}
ct, ns, auc: 0.758576874205845, 0, 0
Loaded test data from ../dataset/sst2/test/5.npz
Data length: 1
metric.compute(): {'accuracy': 0.8205128205128205}
ct, ns, auc: 0.8205128205128205, 0, 0
Loaded test data from ../dataset/sst2/test/6.npz
Data length: 1
metric.compute(): {'accuracy': 0.6082725060827251}
ct, ns, auc: 0.6082725060827251, 0, 0
Loaded test data from ../dataset/sst2/test/7.npz
Data length: 1
metric.compute(): {'accuracy': 0.851291745431632}
ct, ns, auc: 0.851291745431632, 0, 0
Loaded test data from ../dataset/sst2/test/8.npz
Data length: 1
metric.compute(): {'accuracy': 0.8550295857988166}
ct, ns, auc: 0.8550295857988166, 0, 0
Loaded test data from ../dataset/sst2/test/9.npz
Data length: 1
metric.compute(): {'accuracy': 0.6975397973950795}
ct, ns, auc: 0.6975397973950795, 0, 0
ids: [0, 1, 2, 3, 4, 5, 6, 7, 8, 9]
stats[1]: [0, 0, 0, 0, 0, 0, 0, 0, 0, 0]
stats[2]: [0.6637323943661971, 0.6324595649749024, 0.8072837632776935, 0.47597864768683273, 0.758576874205845, 0.8205128205128205, 0.6082725060827251, 0.851291745431632, 0.8550295857988166, 0.6975397973950795]
stats[3]: [0, 0, 0, 0, 0, 0, 0, 0, 0, 0]
Averaged Test Accuracy: 0.7171
Averaged Test AUC: 0.0000
Std Test Accuracy: 0.1238
Std Test AUC: 0.0000
Loaded train data from ../dataset/sst2/train/2.npz
Data length: 1
Time elapsed 0.04 min
Memory used: 7.45 GB
Loaded train data from ../dataset/sst2/train/5.npz
Data length: 1
Time elapsed 0.05 min
Memory used: 7.45 GB
Loaded train data from ../dataset/sst2/train/1.npz
Data length: 1
Time elapsed 0.06 min
Memory used: 7.45 GB
Loaded train data from ../dataset/sst2/train/9.npz
Data length: 1
Time elapsed 0.03 min
Memory used: 7.45 GB
Loaded train data from ../dataset/sst2/train/0.npz
Data length: 1
Time elapsed 0.04 min
Memory used: 7.45 GB
Loaded train data from ../dataset/sst2/train/4.npz
Data length: 1
Time elapsed 0.03 min
Memory used: 7.45 GB
Loaded train data from ../dataset/sst2/train/8.npz
Data length: 1
Time elapsed 0.16 min
Memory used: 7.45 GB
Loaded train data from ../dataset/sst2/train/7.npz
Data length: 1
Time elapsed 0.11 min
Memory used: 7.45 GB
Loaded train data from ../dataset/sst2/train/6.npz
Data length: 1
Time elapsed 0.03 min
Memory used: 7.45 GB
Loaded train data from ../dataset/sst2/train/3.npz
Data length: 1
Time elapsed 0.04 min
Memory used: 7.45 GB
------------------------- time cost ------------------------- 65.26886630058289

-------------Round number: 23-------------

Evaluate global model
Loaded test data from ../dataset/sst2/test/0.npz
Data length: 1
metric.compute(): {'accuracy': 0.6822183098591549}
ct, ns, auc: 0.6822183098591549, 0, 0
Loaded test data from ../dataset/sst2/test/1.npz
Data length: 1
metric.compute(): {'accuracy': 0.6742889012827663}
ct, ns, auc: 0.6742889012827663, 0, 0
Loaded test data from ../dataset/sst2/test/2.npz
Data length: 1
metric.compute(): {'accuracy': 0.8148710166919575}
ct, ns, auc: 0.8148710166919575, 0, 0
Loaded test data from ../dataset/sst2/test/3.npz
Data length: 1
metric.compute(): {'accuracy': 0.48131672597864766}
ct, ns, auc: 0.48131672597864766, 0, 0
Loaded test data from ../dataset/sst2/test/4.npz
Data length: 1
metric.compute(): {'accuracy': 0.7623888182973316}
ct, ns, auc: 0.7623888182973316, 0, 0
Loaded test data from ../dataset/sst2/test/5.npz
Data length: 1
metric.compute(): {'accuracy': 0.8313090418353576}
ct, ns, auc: 0.8313090418353576, 0, 0
Loaded test data from ../dataset/sst2/test/6.npz
Data length: 1
metric.compute(): {'accuracy': 0.6204379562043796}
ct, ns, auc: 0.6204379562043796, 0, 0
Loaded test data from ../dataset/sst2/test/7.npz
Data length: 1
metric.compute(): {'accuracy': 0.8553875236294896}
ct, ns, auc: 0.8553875236294896, 0, 0
Loaded test data from ../dataset/sst2/test/8.npz
Data length: 1
metric.compute(): {'accuracy': 0.8560862214708369}
ct, ns, auc: 0.8560862214708369, 0, 0
Loaded test data from ../dataset/sst2/test/9.npz
Data length: 1
metric.compute(): {'accuracy': 0.7076700434153401}
ct, ns, auc: 0.7076700434153401, 0, 0
ids: [0, 1, 2, 3, 4, 5, 6, 7, 8, 9]
stats[1]: [0, 0, 0, 0, 0, 0, 0, 0, 0, 0]
stats[2]: [0.6822183098591549, 0.6742889012827663, 0.8148710166919575, 0.48131672597864766, 0.7623888182973316, 0.8313090418353576, 0.6204379562043796, 0.8553875236294896, 0.8560862214708369, 0.7076700434153401]
stats[3]: [0, 0, 0, 0, 0, 0, 0, 0, 0, 0]
Averaged Test Accuracy: 0.7286
Averaged Test AUC: 0.0000
Std Test Accuracy: 0.1201
Std Test AUC: 0.0000
Loaded train data from ../dataset/sst2/train/2.npz
Data length: 1
Time elapsed 0.04 min
Memory used: 7.45 GB
Loaded train data from ../dataset/sst2/train/4.npz
Data length: 1
Time elapsed 0.03 min
Memory used: 7.45 GB
Loaded train data from ../dataset/sst2/train/3.npz
Data length: 1
Time elapsed 0.04 min
Memory used: 7.45 GB
Loaded train data from ../dataset/sst2/train/8.npz
Data length: 1
Time elapsed 0.16 min
Memory used: 7.45 GB
Loaded train data from ../dataset/sst2/train/6.npz
Data length: 1
Time elapsed 0.03 min
Memory used: 7.45 GB
Loaded train data from ../dataset/sst2/train/5.npz
Data length: 1
Time elapsed 0.05 min
Memory used: 7.45 GB
Loaded train data from ../dataset/sst2/train/0.npz
Data length: 1
Time elapsed 0.04 min
Memory used: 7.45 GB
Loaded train data from ../dataset/sst2/train/1.npz
Data length: 1
Time elapsed 0.06 min
Memory used: 7.45 GB
Loaded train data from ../dataset/sst2/train/7.npz
Data length: 1
Time elapsed 0.11 min
Memory used: 7.45 GB
Loaded train data from ../dataset/sst2/train/9.npz
Data length: 1
