GPU details saved to $output_file
__TORCH Version: 2.3.1+cu121
__CUDNN Version: 8902
__CUDA version:  12.1
__Number CUDA Devices: 1
__CUDA Device Name: NVIDIA A100-SXM4-40GB
__CUDA Device Total Memory [GB]: 42.297786368
args.dataset: sst2
args.num_labels: 2
==================================================
Personalized Federated Learning: True
Uniform Weight: False
Normalized Rank: False
Normalized Alpha: False
lora_rank: 2
lora_alpha: 1
lora_dropout: 0.1
lora_query: True
lora_key: True
lora_value: True
lora_projection: True
lora_mlp: True
lora_head: True
aa_bottleneck_reduction: 1
aa_text: False
aa_vision: False
ca_bottleneck_reduction: 4
ca_text: False
ca_vision: False
Seed: 42
Algorithm: flora
Local batch size: 128
Local epochs: 1
Local learing rate: 1e-06
Local learing rate decay: False
Total number of clients: 10
Clients join in each round: 1.0
Clients randomly join: False
Client drop rate: 0.0
Client select regarding time: False
Running times: 1
Dataset: sst2
Number of classes: 10
Backbone: distilbert
Using device: cuda
Using DP: False
Auto break: False
Global rounds: 50
Cuda device id: 3
DLG attack: False
Total number of new clients: 0
Fine tuning epoches on new clients: 0
==================================================

============= Running time: 0th =============
Creating server and clients ...
Loaded train data from ../dataset/sst2/train/0.npz
Data length: 1
Loaded test data from ../dataset/sst2/test/0.npz
Data length: 1
self.lora_params: {'rank': 2, 'alpha': 1, 'dropout': 0.1, 'lora_query': True, 'lora_key': True, 'lora_value': True, 'lora_projection': True, 'lora_mlp': True, 'lora_head': True}
Loaded train data from ../dataset/sst2/train/1.npz
Data length: 1
Loaded test data from ../dataset/sst2/test/1.npz
Data length: 1
self.lora_params: {'rank': 2, 'alpha': 1, 'dropout': 0.1, 'lora_query': True, 'lora_key': True, 'lora_value': True, 'lora_projection': True, 'lora_mlp': True, 'lora_head': True}
Loaded train data from ../dataset/sst2/train/2.npz
Data length: 1
Loaded test data from ../dataset/sst2/test/2.npz
Data length: 1
self.lora_params: {'rank': 2, 'alpha': 1, 'dropout': 0.1, 'lora_query': True, 'lora_key': True, 'lora_value': True, 'lora_projection': True, 'lora_mlp': True, 'lora_head': True}
Loaded train data from ../dataset/sst2/train/3.npz
Data length: 1
Loaded test data from ../dataset/sst2/test/3.npz
Data length: 1
self.lora_params: {'rank': 2, 'alpha': 1, 'dropout': 0.1, 'lora_query': True, 'lora_key': True, 'lora_value': True, 'lora_projection': True, 'lora_mlp': True, 'lora_head': True}
Loaded train data from ../dataset/sst2/train/4.npz
Data length: 1
Loaded test data from ../dataset/sst2/test/4.npz
Data length: 1
self.lora_params: {'rank': 2, 'alpha': 1, 'dropout': 0.1, 'lora_query': True, 'lora_key': True, 'lora_value': True, 'lora_projection': True, 'lora_mlp': True, 'lora_head': True}
Loaded train data from ../dataset/sst2/train/5.npz
Data length: 1
Loaded test data from ../dataset/sst2/test/5.npz
Data length: 1
self.lora_params: {'rank': 2, 'alpha': 1, 'dropout': 0.1, 'lora_query': True, 'lora_key': True, 'lora_value': True, 'lora_projection': True, 'lora_mlp': True, 'lora_head': True}
Loaded train data from ../dataset/sst2/train/6.npz
Data length: 1
Loaded test data from ../dataset/sst2/test/6.npz
Data length: 1
self.lora_params: {'rank': 2, 'alpha': 1, 'dropout': 0.1, 'lora_query': True, 'lora_key': True, 'lora_value': True, 'lora_projection': True, 'lora_mlp': True, 'lora_head': True}
Loaded train data from ../dataset/sst2/train/7.npz
Data length: 1
Loaded test data from ../dataset/sst2/test/7.npz
Data length: 1
self.lora_params: {'rank': 2, 'alpha': 1, 'dropout': 0.1, 'lora_query': True, 'lora_key': True, 'lora_value': True, 'lora_projection': True, 'lora_mlp': True, 'lora_head': True}
Loaded train data from ../dataset/sst2/train/8.npz
Data length: 1
Loaded test data from ../dataset/sst2/test/8.npz
Data length: 1
self.lora_params: {'rank': 2, 'alpha': 1, 'dropout': 0.1, 'lora_query': True, 'lora_key': True, 'lora_value': True, 'lora_projection': True, 'lora_mlp': True, 'lora_head': True}
Loaded train data from ../dataset/sst2/train/9.npz
Data length: 1
Loaded test data from ../dataset/sst2/test/9.npz
Data length: 1
self.lora_params: {'rank': 2, 'alpha': 1, 'dropout': 0.1, 'lora_query': True, 'lora_key': True, 'lora_value': True, 'lora_projection': True, 'lora_mlp': True, 'lora_head': True}

Join ratio / total clients: 1.0 / 10
Finished creating server and clients.

-------------Round number: 0-------------

Evaluate global model
Loaded test data from ../dataset/sst2/test/0.npz
Data length: 1
metric.compute(): {'accuracy': 0.5545774647887324}
ct, ns, auc: 0.5545774647887324, 0, 0
Loaded test data from ../dataset/sst2/test/1.npz
Data length: 1
metric.compute(): {'accuracy': 0.5515895147796989}
ct, ns, auc: 0.5515895147796989, 0, 0
Loaded test data from ../dataset/sst2/test/2.npz
Data length: 1
metric.compute(): {'accuracy': 0.507587253414264}
ct, ns, auc: 0.507587253414264, 0, 0
Loaded test data from ../dataset/sst2/test/3.npz
Data length: 1
metric.compute(): {'accuracy': 0.548932384341637}
ct, ns, auc: 0.548932384341637, 0, 0
Loaded test data from ../dataset/sst2/test/4.npz
Data length: 1
metric.compute(): {'accuracy': 0.4218551461245235}
ct, ns, auc: 0.4218551461245235, 0, 0
Loaded test data from ../dataset/sst2/test/5.npz
Data length: 1
metric.compute(): {'accuracy': 0.5418353576248313}
ct, ns, auc: 0.5418353576248313, 0, 0
Loaded test data from ../dataset/sst2/test/6.npz
Data length: 1
metric.compute(): {'accuracy': 0.5571776155717761}
ct, ns, auc: 0.5571776155717761, 0, 0
Loaded test data from ../dataset/sst2/test/7.npz
Data length: 1
metric.compute(): {'accuracy': 0.5545053560176434}
ct, ns, auc: 0.5545053560176434, 0, 0
Loaded test data from ../dataset/sst2/test/8.npz
Data length: 1
metric.compute(): {'accuracy': 0.4427303465765004}
ct, ns, auc: 0.4427303465765004, 0, 0
Loaded test data from ../dataset/sst2/test/9.npz
Data length: 1
metric.compute(): {'accuracy': 0.5397973950795948}
ct, ns, auc: 0.5397973950795948, 0, 0
ids: [0, 1, 2, 3, 4, 5, 6, 7, 8, 9]
stats[1]: [0, 0, 0, 0, 0, 0, 0, 0, 0, 0]
stats[2]: [0.5545774647887324, 0.5515895147796989, 0.507587253414264, 0.548932384341637, 0.4218551461245235, 0.5418353576248313, 0.5571776155717761, 0.5545053560176434, 0.4427303465765004, 0.5397973950795948]
stats[3]: [0, 0, 0, 0, 0, 0, 0, 0, 0, 0]
Averaged Test Accuracy: 0.5221
Averaged Test AUC: 0.0000
Std Test Accuracy: 0.0497
Std Test AUC: 0.0000
Loaded train data from ../dataset/sst2/train/8.npz
Data length: 1
Time elapsed 0.17 min
Memory used: 8.59 GB
Loaded train data from ../dataset/sst2/train/1.npz
Data length: 1
Time elapsed 0.07 min
Memory used: 8.61 GB
Loaded train data from ../dataset/sst2/train/5.npz
Data length: 1
Time elapsed 0.05 min
Memory used: 8.61 GB
Loaded train data from ../dataset/sst2/train/0.npz
Data length: 1
Time elapsed 0.04 min
Memory used: 8.61 GB
Loaded train data from ../dataset/sst2/train/7.npz
Data length: 1
Time elapsed 0.11 min
Memory used: 8.61 GB
Loaded train data from ../dataset/sst2/train/2.npz
Data length: 1
Time elapsed 0.05 min
Memory used: 8.61 GB
Loaded train data from ../dataset/sst2/train/9.npz
Data length: 1
Time elapsed 0.03 min
Memory used: 8.62 GB
Loaded train data from ../dataset/sst2/train/4.npz
Data length: 1
Time elapsed 0.03 min
Memory used: 8.62 GB
Loaded train data from ../dataset/sst2/train/3.npz
Data length: 1
Time elapsed 0.04 min
Memory used: 8.62 GB
Loaded train data from ../dataset/sst2/train/6.npz
Data length: 1
Time elapsed 0.03 min
Memory used: 8.64 GB
------------------------- time cost ------------------------- 67.17823719978333

-------------Round number: 1-------------

Evaluate global model
Loaded test data from ../dataset/sst2/test/0.npz
Data length: 1
metric.compute(): {'accuracy': 0.5545774647887324}
ct, ns, auc: 0.5545774647887324, 0, 0
Loaded test data from ../dataset/sst2/test/1.npz
Data length: 1
metric.compute(): {'accuracy': 0.5521472392638037}
ct, ns, auc: 0.5521472392638037, 0, 0
Loaded test data from ../dataset/sst2/test/2.npz
Data length: 1
metric.compute(): {'accuracy': 0.5060698027314112}
ct, ns, auc: 0.5060698027314112, 0, 0
Loaded test data from ../dataset/sst2/test/3.npz
Data length: 1
metric.compute(): {'accuracy': 0.548932384341637}
ct, ns, auc: 0.548932384341637, 0, 0
Loaded test data from ../dataset/sst2/test/4.npz
Data length: 1
metric.compute(): {'accuracy': 0.4218551461245235}
ct, ns, auc: 0.4218551461245235, 0, 0
Loaded test data from ../dataset/sst2/test/5.npz
Data length: 1
metric.compute(): {'accuracy': 0.5425101214574899}
ct, ns, auc: 0.5425101214574899, 0, 0
Loaded test data from ../dataset/sst2/test/6.npz
Data length: 1
metric.compute(): {'accuracy': 0.5571776155717761}
ct, ns, auc: 0.5571776155717761, 0, 0
Loaded test data from ../dataset/sst2/test/7.npz
Data length: 1
metric.compute(): {'accuracy': 0.5545053560176434}
ct, ns, auc: 0.5545053560176434, 0, 0
Loaded test data from ../dataset/sst2/test/8.npz
Data length: 1
metric.compute(): {'accuracy': 0.4454775993237532}
ct, ns, auc: 0.4454775993237532, 0, 0
Loaded test data from ../dataset/sst2/test/9.npz
Data length: 1
metric.compute(): {'accuracy': 0.5397973950795948}
ct, ns, auc: 0.5397973950795948, 0, 0
ids: [0, 1, 2, 3, 4, 5, 6, 7, 8, 9]
stats[1]: [0, 0, 0, 0, 0, 0, 0, 0, 0, 0]
stats[2]: [0.5545774647887324, 0.5521472392638037, 0.5060698027314112, 0.548932384341637, 0.4218551461245235, 0.5425101214574899, 0.5571776155717761, 0.5545053560176434, 0.4454775993237532, 0.5397973950795948]
stats[3]: [0, 0, 0, 0, 0, 0, 0, 0, 0, 0]
Averaged Test Accuracy: 0.5223
Averaged Test AUC: 0.0000
Std Test Accuracy: 0.0493
Std Test AUC: 0.0000
Loaded train data from ../dataset/sst2/train/4.npz
Data length: 1
Time elapsed 0.03 min
Memory used: 8.64 GB
Loaded train data from ../dataset/sst2/train/2.npz
Data length: 1
Time elapsed 0.05 min
Memory used: 8.64 GB
Loaded train data from ../dataset/sst2/train/7.npz
Data length: 1
Time elapsed 0.11 min
Memory used: 8.64 GB
Loaded train data from ../dataset/sst2/train/5.npz
Data length: 1
Time elapsed 0.05 min
Memory used: 8.64 GB
Loaded train data from ../dataset/sst2/train/3.npz
Data length: 1
Time elapsed 0.04 min
Memory used: 8.64 GB
Loaded train data from ../dataset/sst2/train/6.npz
Data length: 1
Time elapsed 0.03 min
Memory used: 8.64 GB
Loaded train data from ../dataset/sst2/train/0.npz
Data length: 1
Time elapsed 0.04 min
Memory used: 8.64 GB
Loaded train data from ../dataset/sst2/train/8.npz
Data length: 1
Time elapsed 0.17 min
Memory used: 8.64 GB
Loaded train data from ../dataset/sst2/train/1.npz
Data length: 1
Time elapsed 0.07 min
Memory used: 8.64 GB
Loaded train data from ../dataset/sst2/train/9.npz
Data length: 1
Time elapsed 0.03 min
Memory used: 8.64 GB
------------------------- time cost ------------------------- 69.09281373023987

-------------Round number: 2-------------

Evaluate global model
Loaded test data from ../dataset/sst2/test/0.npz
Data length: 1
metric.compute(): {'accuracy': 0.5545774647887324}
ct, ns, auc: 0.5545774647887324, 0, 0
Loaded test data from ../dataset/sst2/test/1.npz
Data length: 1
metric.compute(): {'accuracy': 0.551031790295594}
ct, ns, auc: 0.551031790295594, 0, 0
Loaded test data from ../dataset/sst2/test/2.npz
Data length: 1
metric.compute(): {'accuracy': 0.5060698027314112}
ct, ns, auc: 0.5060698027314112, 0, 0
Loaded test data from ../dataset/sst2/test/3.npz
Data length: 1
metric.compute(): {'accuracy': 0.548932384341637}
ct, ns, auc: 0.548932384341637, 0, 0
Loaded test data from ../dataset/sst2/test/4.npz
Data length: 1
metric.compute(): {'accuracy': 0.4218551461245235}
ct, ns, auc: 0.4218551461245235, 0, 0
Loaded test data from ../dataset/sst2/test/5.npz
Data length: 1
metric.compute(): {'accuracy': 0.5418353576248313}
ct, ns, auc: 0.5418353576248313, 0, 0
Loaded test data from ../dataset/sst2/test/6.npz
Data length: 1
metric.compute(): {'accuracy': 0.5571776155717761}
ct, ns, auc: 0.5571776155717761, 0, 0
Loaded test data from ../dataset/sst2/test/7.npz
Data length: 1
metric.compute(): {'accuracy': 0.5545053560176434}
ct, ns, auc: 0.5545053560176434, 0, 0
Loaded test data from ../dataset/sst2/test/8.npz
Data length: 1
metric.compute(): {'accuracy': 0.45097210481825867}
ct, ns, auc: 0.45097210481825867, 0, 0
Loaded test data from ../dataset/sst2/test/9.npz
Data length: 1
metric.compute(): {'accuracy': 0.5397973950795948}
ct, ns, auc: 0.5397973950795948, 0, 0
ids: [0, 1, 2, 3, 4, 5, 6, 7, 8, 9]
stats[1]: [0, 0, 0, 0, 0, 0, 0, 0, 0, 0]
stats[2]: [0.5545774647887324, 0.551031790295594, 0.5060698027314112, 0.548932384341637, 0.4218551461245235, 0.5418353576248313, 0.5571776155717761, 0.5545053560176434, 0.45097210481825867, 0.5397973950795948]
stats[3]: [0, 0, 0, 0, 0, 0, 0, 0, 0, 0]
Averaged Test Accuracy: 0.5227
Averaged Test AUC: 0.0000
Std Test Accuracy: 0.0483
Std Test AUC: 0.0000
Loaded train data from ../dataset/sst2/train/8.npz
Data length: 1
Time elapsed 0.17 min
Memory used: 8.64 GB
Loaded train data from ../dataset/sst2/train/4.npz
Data length: 1
Time elapsed 0.03 min
Memory used: 8.64 GB
Loaded train data from ../dataset/sst2/train/2.npz
Data length: 1
Time elapsed 0.05 min
Memory used: 8.64 GB
Loaded train data from ../dataset/sst2/train/6.npz
Data length: 1
Time elapsed 0.03 min
Memory used: 8.64 GB
Loaded train data from ../dataset/sst2/train/5.npz
Data length: 1
Time elapsed 0.05 min
Memory used: 8.64 GB
Loaded train data from ../dataset/sst2/train/9.npz
Data length: 1
Time elapsed 0.02 min
Memory used: 8.64 GB
Loaded train data from ../dataset/sst2/train/1.npz
Data length: 1
Time elapsed 0.07 min
Memory used: 8.64 GB
Loaded train data from ../dataset/sst2/train/3.npz
Data length: 1
Time elapsed 0.04 min
Memory used: 8.64 GB
Loaded train data from ../dataset/sst2/train/0.npz
Data length: 1
Time elapsed 0.04 min
Memory used: 8.64 GB
Loaded train data from ../dataset/sst2/train/7.npz
Data length: 1
Time elapsed 0.11 min
Memory used: 8.64 GB
------------------------- time cost ------------------------- 65.51323580741882

-------------Round number: 3-------------

Evaluate global model
Loaded test data from ../dataset/sst2/test/0.npz
Data length: 1
metric.compute(): {'accuracy': 0.5545774647887324}
ct, ns, auc: 0.5545774647887324, 0, 0
Loaded test data from ../dataset/sst2/test/1.npz
Data length: 1
metric.compute(): {'accuracy': 0.5499163413273843}
ct, ns, auc: 0.5499163413273843, 0, 0
Loaded test data from ../dataset/sst2/test/2.npz
Data length: 1
metric.compute(): {'accuracy': 0.5083459787556904}
ct, ns, auc: 0.5083459787556904, 0, 0
Loaded test data from ../dataset/sst2/test/3.npz
Data length: 1
metric.compute(): {'accuracy': 0.548932384341637}
ct, ns, auc: 0.548932384341637, 0, 0
Loaded test data from ../dataset/sst2/test/4.npz
Data length: 1
metric.compute(): {'accuracy': 0.4218551461245235}
ct, ns, auc: 0.4218551461245235, 0, 0
Loaded test data from ../dataset/sst2/test/5.npz
Data length: 1
metric.compute(): {'accuracy': 0.5398110661268556}
ct, ns, auc: 0.5398110661268556, 0, 0
Loaded test data from ../dataset/sst2/test/6.npz
Data length: 1
metric.compute(): {'accuracy': 0.5571776155717761}
ct, ns, auc: 0.5571776155717761, 0, 0
Loaded test data from ../dataset/sst2/test/7.npz
Data length: 1
metric.compute(): {'accuracy': 0.5551354757403907}
ct, ns, auc: 0.5551354757403907, 0, 0
Loaded test data from ../dataset/sst2/test/8.npz
Data length: 1
metric.compute(): {'accuracy': 0.45963651732882504}
ct, ns, auc: 0.45963651732882504, 0, 0
Loaded test data from ../dataset/sst2/test/9.npz
Data length: 1
metric.compute(): {'accuracy': 0.5397973950795948}
ct, ns, auc: 0.5397973950795948, 0, 0
ids: [0, 1, 2, 3, 4, 5, 6, 7, 8, 9]
stats[1]: [0, 0, 0, 0, 0, 0, 0, 0, 0, 0]
stats[2]: [0.5545774647887324, 0.5499163413273843, 0.5083459787556904, 0.548932384341637, 0.4218551461245235, 0.5398110661268556, 0.5571776155717761, 0.5551354757403907, 0.45963651732882504, 0.5397973950795948]
stats[3]: [0, 0, 0, 0, 0, 0, 0, 0, 0, 0]
Averaged Test Accuracy: 0.5235
Averaged Test AUC: 0.0000
Std Test Accuracy: 0.0467
Std Test AUC: 0.0000
Loaded train data from ../dataset/sst2/train/8.npz
Data length: 1
Time elapsed 0.17 min
Memory used: 8.64 GB
Loaded train data from ../dataset/sst2/train/1.npz
Data length: 1
Time elapsed 0.07 min
Memory used: 8.64 GB
Loaded train data from ../dataset/sst2/train/5.npz
Data length: 1
Time elapsed 0.05 min
Memory used: 8.64 GB
Loaded train data from ../dataset/sst2/train/0.npz
Data length: 1
Time elapsed 0.04 min
Memory used: 8.64 GB
Loaded train data from ../dataset/sst2/train/9.npz
Data length: 1
Time elapsed 0.03 min
Memory used: 8.64 GB
Loaded train data from ../dataset/sst2/train/6.npz
Data length: 1
Time elapsed 0.03 min
Memory used: 8.64 GB
Loaded train data from ../dataset/sst2/train/3.npz
Data length: 1
Time elapsed 0.04 min
Memory used: 8.64 GB
Loaded train data from ../dataset/sst2/train/7.npz
Data length: 1
Time elapsed 0.11 min
Memory used: 8.64 GB
Loaded train data from ../dataset/sst2/train/4.npz
Data length: 1
Time elapsed 0.03 min
Memory used: 8.64 GB
Loaded train data from ../dataset/sst2/train/2.npz
Data length: 1
Time elapsed 0.05 min
Memory used: 8.64 GB
------------------------- time cost ------------------------- 65.18285870552063

-------------Round number: 4-------------

Evaluate global model
Loaded test data from ../dataset/sst2/test/0.npz
Data length: 1
metric.compute(): {'accuracy': 0.5545774647887324}
ct, ns, auc: 0.5545774647887324, 0, 0
Loaded test data from ../dataset/sst2/test/1.npz
Data length: 1
metric.compute(): {'accuracy': 0.5504740658114892}
ct, ns, auc: 0.5504740658114892, 0, 0
Loaded test data from ../dataset/sst2/test/2.npz
Data length: 1
metric.compute(): {'accuracy': 0.507587253414264}
ct, ns, auc: 0.507587253414264, 0, 0
Loaded test data from ../dataset/sst2/test/3.npz
Data length: 1
metric.compute(): {'accuracy': 0.548932384341637}
ct, ns, auc: 0.548932384341637, 0, 0
Loaded test data from ../dataset/sst2/test/4.npz
Data length: 1
metric.compute(): {'accuracy': 0.4218551461245235}
ct, ns, auc: 0.4218551461245235, 0, 0
Loaded test data from ../dataset/sst2/test/5.npz
Data length: 1
metric.compute(): {'accuracy': 0.5391363022941971}
ct, ns, auc: 0.5391363022941971, 0, 0
Loaded test data from ../dataset/sst2/test/6.npz
Data length: 1
metric.compute(): {'accuracy': 0.5571776155717761}
ct, ns, auc: 0.5571776155717761, 0, 0
Loaded test data from ../dataset/sst2/test/7.npz
Data length: 1
metric.compute(): {'accuracy': 0.554820415879017}
ct, ns, auc: 0.554820415879017, 0, 0
Loaded test data from ../dataset/sst2/test/8.npz
Data length: 1
metric.compute(): {'accuracy': 0.4725274725274725}
ct, ns, auc: 0.4725274725274725, 0, 0
Loaded test data from ../dataset/sst2/test/9.npz
Data length: 1
metric.compute(): {'accuracy': 0.5397973950795948}
ct, ns, auc: 0.5397973950795948, 0, 0
ids: [0, 1, 2, 3, 4, 5, 6, 7, 8, 9]
stats[1]: [0, 0, 0, 0, 0, 0, 0, 0, 0, 0]
stats[2]: [0.5545774647887324, 0.5504740658114892, 0.507587253414264, 0.548932384341637, 0.4218551461245235, 0.5391363022941971, 0.5571776155717761, 0.554820415879017, 0.4725274725274725, 0.5397973950795948]
stats[3]: [0, 0, 0, 0, 0, 0, 0, 0, 0, 0]
Averaged Test Accuracy: 0.5247
Averaged Test AUC: 0.0000
Std Test Accuracy: 0.0449
Std Test AUC: 0.0000
Loaded train data from ../dataset/sst2/train/1.npz
Data length: 1
Time elapsed 0.07 min
Memory used: 8.64 GB
Loaded train data from ../dataset/sst2/train/0.npz
Data length: 1
Time elapsed 0.04 min
Memory used: 8.64 GB
Loaded train data from ../dataset/sst2/train/9.npz
Data length: 1
Time elapsed 0.03 min
Memory used: 8.64 GB
Loaded train data from ../dataset/sst2/train/4.npz
Data length: 1
Time elapsed 0.03 min
Memory used: 8.64 GB
Loaded train data from ../dataset/sst2/train/7.npz
Data length: 1
Time elapsed 0.11 min
Memory used: 8.64 GB
Loaded train data from ../dataset/sst2/train/3.npz
Data length: 1
Time elapsed 0.04 min
Memory used: 8.64 GB
Loaded train data from ../dataset/sst2/train/8.npz
Data length: 1
Time elapsed 0.17 min
Memory used: 8.64 GB
Loaded train data from ../dataset/sst2/train/6.npz
Data length: 1
Time elapsed 0.03 min
Memory used: 8.64 GB
Loaded train data from ../dataset/sst2/train/2.npz
Data length: 1
Time elapsed 0.05 min
Memory used: 8.64 GB
Loaded train data from ../dataset/sst2/train/5.npz
Data length: 1
Time elapsed 0.05 min
Memory used: 8.64 GB
------------------------- time cost ------------------------- 65.01180291175842

-------------Round number: 5-------------

Evaluate global model
Loaded test data from ../dataset/sst2/test/0.npz
Data length: 1
metric.compute(): {'accuracy': 0.5545774647887324}
ct, ns, auc: 0.5545774647887324, 0, 0
Loaded test data from ../dataset/sst2/test/1.npz
Data length: 1
metric.compute(): {'accuracy': 0.5504740658114892}
ct, ns, auc: 0.5504740658114892, 0, 0
Loaded test data from ../dataset/sst2/test/2.npz
Data length: 1
metric.compute(): {'accuracy': 0.5083459787556904}
ct, ns, auc: 0.5083459787556904, 0, 0
Loaded test data from ../dataset/sst2/test/3.npz
Data length: 1
metric.compute(): {'accuracy': 0.548932384341637}
ct, ns, auc: 0.548932384341637, 0, 0
Loaded test data from ../dataset/sst2/test/4.npz
Data length: 1
metric.compute(): {'accuracy': 0.4218551461245235}
ct, ns, auc: 0.4218551461245235, 0, 0
Loaded test data from ../dataset/sst2/test/5.npz
Data length: 1
metric.compute(): {'accuracy': 0.5384615384615384}
ct, ns, auc: 0.5384615384615384, 0, 0
Loaded test data from ../dataset/sst2/test/6.npz
Data length: 1
metric.compute(): {'accuracy': 0.5571776155717761}
ct, ns, auc: 0.5571776155717761, 0, 0
Loaded test data from ../dataset/sst2/test/7.npz
Data length: 1
metric.compute(): {'accuracy': 0.5554505356017644}
ct, ns, auc: 0.5554505356017644, 0, 0
Loaded test data from ../dataset/sst2/test/8.npz
Data length: 1
metric.compute(): {'accuracy': 0.4811918850380389}
ct, ns, auc: 0.4811918850380389, 0, 0
Loaded test data from ../dataset/sst2/test/9.npz
Data length: 1
metric.compute(): {'accuracy': 0.5397973950795948}
ct, ns, auc: 0.5397973950795948, 0, 0
ids: [0, 1, 2, 3, 4, 5, 6, 7, 8, 9]
stats[1]: [0, 0, 0, 0, 0, 0, 0, 0, 0, 0]
stats[2]: [0.5545774647887324, 0.5504740658114892, 0.5083459787556904, 0.548932384341637, 0.4218551461245235, 0.5384615384615384, 0.5571776155717761, 0.5554505356017644, 0.4811918850380389, 0.5397973950795948]
stats[3]: [0, 0, 0, 0, 0, 0, 0, 0, 0, 0]
Averaged Test Accuracy: 0.5256
Averaged Test AUC: 0.0000
Std Test Accuracy: 0.0438
Std Test AUC: 0.0000
Loaded train data from ../dataset/sst2/train/9.npz
Data length: 1
Time elapsed 0.03 min
Memory used: 8.64 GB
Loaded train data from ../dataset/sst2/train/7.npz
Data length: 1
Time elapsed 0.11 min
Memory used: 8.64 GB
Loaded train data from ../dataset/sst2/train/5.npz
Data length: 1
Time elapsed 0.05 min
Memory used: 8.64 GB
Loaded train data from ../dataset/sst2/train/6.npz
Data length: 1
Time elapsed 0.03 min
Memory used: 8.64 GB
Loaded train data from ../dataset/sst2/train/8.npz
Data length: 1
Time elapsed 0.17 min
Memory used: 8.64 GB
Loaded train data from ../dataset/sst2/train/2.npz
Data length: 1
Time elapsed 0.05 min
Memory used: 8.64 GB
Loaded train data from ../dataset/sst2/train/1.npz
Data length: 1
Time elapsed 0.07 min
Memory used: 8.64 GB
Loaded train data from ../dataset/sst2/train/3.npz
Data length: 1
Time elapsed 0.04 min
Memory used: 8.64 GB
Loaded train data from ../dataset/sst2/train/4.npz
Data length: 1
Time elapsed 0.03 min
Memory used: 8.64 GB
Loaded train data from ../dataset/sst2/train/0.npz
Data length: 1
Time elapsed 0.04 min
Memory used: 8.64 GB
------------------------- time cost ------------------------- 65.55066227912903

-------------Round number: 6-------------

Evaluate global model
Loaded test data from ../dataset/sst2/test/0.npz
Data length: 1
metric.compute(): {'accuracy': 0.5545774647887324}
ct, ns, auc: 0.5545774647887324, 0, 0
Loaded test data from ../dataset/sst2/test/1.npz
Data length: 1
metric.compute(): {'accuracy': 0.551031790295594}
ct, ns, auc: 0.551031790295594, 0, 0
Loaded test data from ../dataset/sst2/test/2.npz
Data length: 1
metric.compute(): {'accuracy': 0.5083459787556904}
ct, ns, auc: 0.5083459787556904, 0, 0
Loaded test data from ../dataset/sst2/test/3.npz
Data length: 1
metric.compute(): {'accuracy': 0.548932384341637}
ct, ns, auc: 0.548932384341637, 0, 0
Loaded test data from ../dataset/sst2/test/4.npz
Data length: 1
metric.compute(): {'accuracy': 0.4218551461245235}
ct, ns, auc: 0.4218551461245235, 0, 0
Loaded test data from ../dataset/sst2/test/5.npz
Data length: 1
metric.compute(): {'accuracy': 0.5404858299595142}
ct, ns, auc: 0.5404858299595142, 0, 0
Loaded test data from ../dataset/sst2/test/6.npz
Data length: 1
metric.compute(): {'accuracy': 0.5571776155717761}
ct, ns, auc: 0.5571776155717761, 0, 0
Loaded test data from ../dataset/sst2/test/7.npz
Data length: 1
metric.compute(): {'accuracy': 0.5554505356017644}
ct, ns, auc: 0.5554505356017644, 0, 0
Loaded test data from ../dataset/sst2/test/8.npz
Data length: 1
metric.compute(): {'accuracy': 0.4945054945054945}
ct, ns, auc: 0.4945054945054945, 0, 0
Loaded test data from ../dataset/sst2/test/9.npz
Data length: 1
metric.compute(): {'accuracy': 0.5397973950795948}
ct, ns, auc: 0.5397973950795948, 0, 0
ids: [0, 1, 2, 3, 4, 5, 6, 7, 8, 9]
stats[1]: [0, 0, 0, 0, 0, 0, 0, 0, 0, 0]
stats[2]: [0.5545774647887324, 0.551031790295594, 0.5083459787556904, 0.548932384341637, 0.4218551461245235, 0.5404858299595142, 0.5571776155717761, 0.5554505356017644, 0.4945054945054945, 0.5397973950795948]
stats[3]: [0, 0, 0, 0, 0, 0, 0, 0, 0, 0]
Averaged Test Accuracy: 0.5272
Averaged Test AUC: 0.0000
Std Test Accuracy: 0.0426
Std Test AUC: 0.0000
Loaded train data from ../dataset/sst2/train/1.npz
Data length: 1
Time elapsed 0.07 min
Memory used: 8.64 GB
Loaded train data from ../dataset/sst2/train/5.npz
Data length: 1
Time elapsed 0.05 min
Memory used: 8.64 GB
Loaded train data from ../dataset/sst2/train/3.npz
Data length: 1
Time elapsed 0.04 min
Memory used: 8.64 GB
Loaded train data from ../dataset/sst2/train/2.npz
Data length: 1
Time elapsed 0.05 min
Memory used: 8.64 GB
Loaded train data from ../dataset/sst2/train/4.npz
Data length: 1
Time elapsed 0.03 min
Memory used: 8.64 GB
Loaded train data from ../dataset/sst2/train/6.npz
Data length: 1
Time elapsed 0.03 min
Memory used: 8.64 GB
Loaded train data from ../dataset/sst2/train/8.npz
Data length: 1
Time elapsed 0.17 min
Memory used: 8.64 GB
Loaded train data from ../dataset/sst2/train/0.npz
Data length: 1
Time elapsed 0.04 min
Memory used: 8.64 GB
Loaded train data from ../dataset/sst2/train/7.npz
Data length: 1
Time elapsed 0.11 min
Memory used: 8.64 GB
Loaded train data from ../dataset/sst2/train/9.npz
Data length: 1
Time elapsed 0.03 min
Memory used: 8.64 GB
------------------------- time cost ------------------------- 70.15316009521484

-------------Round number: 7-------------

Evaluate global model
Loaded test data from ../dataset/sst2/test/0.npz
Data length: 1
metric.compute(): {'accuracy': 0.5545774647887324}
ct, ns, auc: 0.5545774647887324, 0, 0
Loaded test data from ../dataset/sst2/test/1.npz
Data length: 1
metric.compute(): {'accuracy': 0.5515895147796989}
ct, ns, auc: 0.5515895147796989, 0, 0
Loaded test data from ../dataset/sst2/test/2.npz
Data length: 1
metric.compute(): {'accuracy': 0.5091047040971168}
ct, ns, auc: 0.5091047040971168, 0, 0
Loaded test data from ../dataset/sst2/test/3.npz
Data length: 1
metric.compute(): {'accuracy': 0.548932384341637}
ct, ns, auc: 0.548932384341637, 0, 0
Loaded test data from ../dataset/sst2/test/4.npz
Data length: 1
metric.compute(): {'accuracy': 0.4218551461245235}
ct, ns, auc: 0.4218551461245235, 0, 0
Loaded test data from ../dataset/sst2/test/5.npz
Data length: 1
metric.compute(): {'accuracy': 0.5425101214574899}
ct, ns, auc: 0.5425101214574899, 0, 0
Loaded test data from ../dataset/sst2/test/6.npz
Data length: 1
metric.compute(): {'accuracy': 0.5571776155717761}
ct, ns, auc: 0.5571776155717761, 0, 0
Loaded test data from ../dataset/sst2/test/7.npz
Data length: 1
metric.compute(): {'accuracy': 0.5554505356017644}
ct, ns, auc: 0.5554505356017644, 0, 0
Loaded test data from ../dataset/sst2/test/8.npz
Data length: 1
metric.compute(): {'accuracy': 0.5059171597633136}
ct, ns, auc: 0.5059171597633136, 0, 0
Loaded test data from ../dataset/sst2/test/9.npz
Data length: 1
metric.compute(): {'accuracy': 0.5397973950795948}
ct, ns, auc: 0.5397973950795948, 0, 0
ids: [0, 1, 2, 3, 4, 5, 6, 7, 8, 9]
stats[1]: [0, 0, 0, 0, 0, 0, 0, 0, 0, 0]
stats[2]: [0.5545774647887324, 0.5515895147796989, 0.5091047040971168, 0.548932384341637, 0.4218551461245235, 0.5425101214574899, 0.5571776155717761, 0.5554505356017644, 0.5059171597633136, 0.5397973950795948]
stats[3]: [0, 0, 0, 0, 0, 0, 0, 0, 0, 0]
Averaged Test Accuracy: 0.5287
Averaged Test AUC: 0.0000
Std Test Accuracy: 0.0418
Std Test AUC: 0.0000
Loaded train data from ../dataset/sst2/train/9.npz
Data length: 1
Time elapsed 0.03 min
Memory used: 8.64 GB
Loaded train data from ../dataset/sst2/train/1.npz
Data length: 1
Time elapsed 0.07 min
Memory used: 8.64 GB
Loaded train data from ../dataset/sst2/train/8.npz
Data length: 1
Time elapsed 0.17 min
Memory used: 8.64 GB
Loaded train data from ../dataset/sst2/train/7.npz
Data length: 1
Time elapsed 0.11 min
Memory used: 8.64 GB
Loaded train data from ../dataset/sst2/train/3.npz
Data length: 1
Time elapsed 0.04 min
Memory used: 8.64 GB
Loaded train data from ../dataset/sst2/train/2.npz
Data length: 1
Time elapsed 0.05 min
Memory used: 8.64 GB
Loaded train data from ../dataset/sst2/train/4.npz
Data length: 1
Time elapsed 0.03 min
Memory used: 8.64 GB
Loaded train data from ../dataset/sst2/train/0.npz
Data length: 1
Time elapsed 0.04 min
Memory used: 8.64 GB
Loaded train data from ../dataset/sst2/train/5.npz
Data length: 1
Time elapsed 0.05 min
Memory used: 8.64 GB
Loaded train data from ../dataset/sst2/train/6.npz
Data length: 1
Time elapsed 0.03 min
Memory used: 8.64 GB
------------------------- time cost ------------------------- 65.40476727485657

-------------Round number: 8-------------

Evaluate global model
Loaded test data from ../dataset/sst2/test/0.npz
Data length: 1
metric.compute(): {'accuracy': 0.5545774647887324}
ct, ns, auc: 0.5545774647887324, 0, 0
Loaded test data from ../dataset/sst2/test/1.npz
Data length: 1
metric.compute(): {'accuracy': 0.5527049637479086}
ct, ns, auc: 0.5527049637479086, 0, 0
Loaded test data from ../dataset/sst2/test/2.npz
Data length: 1
metric.compute(): {'accuracy': 0.5098634294385432}
ct, ns, auc: 0.5098634294385432, 0, 0
Loaded test data from ../dataset/sst2/test/3.npz
Data length: 1
metric.compute(): {'accuracy': 0.548932384341637}
ct, ns, auc: 0.548932384341637, 0, 0
Loaded test data from ../dataset/sst2/test/4.npz
Data length: 1
metric.compute(): {'accuracy': 0.4218551461245235}
ct, ns, auc: 0.4218551461245235, 0, 0
Loaded test data from ../dataset/sst2/test/5.npz
Data length: 1
metric.compute(): {'accuracy': 0.5411605937921727}
ct, ns, auc: 0.5411605937921727, 0, 0
Loaded test data from ../dataset/sst2/test/6.npz
Data length: 1
metric.compute(): {'accuracy': 0.5571776155717761}
ct, ns, auc: 0.5571776155717761, 0, 0
Loaded test data from ../dataset/sst2/test/7.npz
Data length: 1
metric.compute(): {'accuracy': 0.5554505356017644}
ct, ns, auc: 0.5554505356017644, 0, 0
Loaded test data from ../dataset/sst2/test/8.npz
Data length: 1
metric.compute(): {'accuracy': 0.5207100591715976}
ct, ns, auc: 0.5207100591715976, 0, 0
Loaded test data from ../dataset/sst2/test/9.npz
Data length: 1
metric.compute(): {'accuracy': 0.5397973950795948}
ct, ns, auc: 0.5397973950795948, 0, 0
ids: [0, 1, 2, 3, 4, 5, 6, 7, 8, 9]
stats[1]: [0, 0, 0, 0, 0, 0, 0, 0, 0, 0]
stats[2]: [0.5545774647887324, 0.5527049637479086, 0.5098634294385432, 0.548932384341637, 0.4218551461245235, 0.5411605937921727, 0.5571776155717761, 0.5554505356017644, 0.5207100591715976, 0.5397973950795948]
stats[3]: [0, 0, 0, 0, 0, 0, 0, 0, 0, 0]
Averaged Test Accuracy: 0.5302
Averaged Test AUC: 0.0000
Std Test Accuracy: 0.0412
Std Test AUC: 0.0000
Loaded train data from ../dataset/sst2/train/5.npz
Data length: 1
Time elapsed 0.05 min
Memory used: 8.64 GB
Loaded train data from ../dataset/sst2/train/8.npz
Data length: 1
