GPU details saved to $output_file
__TORCH Version: 2.3.1+cu121
__CUDNN Version: 8902
__CUDA version:  12.1
__Number CUDA Devices: 1
__CUDA Device Name: NVIDIA A100-SXM4-40GB
__CUDA Device Total Memory [GB]: 42.297786368
__CUDA Device Total Memory [GB]: 42.297786368
args.dataset: sst2
args.num_labels: 2
==================================================
Personalized Federated Learning: True
Uniform Weight: False
Normalized Rank: False
Normalized Alpha: False
lora_rank: 16
lora_alpha: 1
lora_dropout: 0.1
lora_query: True
lora_key: True
lora_value: True
lora_projection: True
lora_mlp: True
lora_head: True
aa_bottleneck_reduction: 1
aa_text: False
aa_vision: False
ca_bottleneck_reduction: 4
ca_text: False
ca_vision: False
Seed: 42
Algorithm: flora
Local batch size: 128
Local epochs: 1
Local learing rate: 0.0005
Local learing rate decay: False
Total number of clients: 10
Clients join in each round: 1.0
Clients randomly join: False
Client drop rate: 0.0
Client select regarding time: False
Running times: 1
Dataset: sst2
Number of classes: 10
Backbone: distilbert
Using device: cuda
Using DP: False
Auto break: False
Global rounds: 50
Cuda device id: 3
DLG attack: False
Total number of new clients: 0
Fine tuning epoches on new clients: 0
==================================================

============= Running time: 0th =============
Creating server and clients ...
Loaded train data from ../dataset/sst2/train/0.npz
Data length: 1
Loaded test data from ../dataset/sst2/test/0.npz
Data length: 1
self.lora_params: {'rank': 16, 'alpha': 1, 'dropout': 0.1, 'lora_query': True, 'lora_key': True, 'lora_value': True, 'lora_projection': True, 'lora_mlp': True, 'lora_head': True}
Loaded train data from ../dataset/sst2/train/1.npz
Data length: 1
Loaded test data from ../dataset/sst2/test/1.npz
Data length: 1
self.lora_params: {'rank': 16, 'alpha': 1, 'dropout': 0.1, 'lora_query': True, 'lora_key': True, 'lora_value': True, 'lora_projection': True, 'lora_mlp': True, 'lora_head': True}
Loaded train data from ../dataset/sst2/train/2.npz
Data length: 1
Loaded test data from ../dataset/sst2/test/2.npz
Data length: 1
self.lora_params: {'rank': 16, 'alpha': 1, 'dropout': 0.1, 'lora_query': True, 'lora_key': True, 'lora_value': True, 'lora_projection': True, 'lora_mlp': True, 'lora_head': True}
Loaded train data from ../dataset/sst2/train/3.npz
Data length: 1
Loaded test data from ../dataset/sst2/test/3.npz
Data length: 1
self.lora_params: {'rank': 16, 'alpha': 1, 'dropout': 0.1, 'lora_query': True, 'lora_key': True, 'lora_value': True, 'lora_projection': True, 'lora_mlp': True, 'lora_head': True}
Loaded train data from ../dataset/sst2/train/4.npz
Data length: 1
Loaded test data from ../dataset/sst2/test/4.npz
Data length: 1
self.lora_params: {'rank': 16, 'alpha': 1, 'dropout': 0.1, 'lora_query': True, 'lora_key': True, 'lora_value': True, 'lora_projection': True, 'lora_mlp': True, 'lora_head': True}
Loaded train data from ../dataset/sst2/train/5.npz
Data length: 1
Loaded test data from ../dataset/sst2/test/5.npz
Data length: 1
self.lora_params: {'rank': 16, 'alpha': 1, 'dropout': 0.1, 'lora_query': True, 'lora_key': True, 'lora_value': True, 'lora_projection': True, 'lora_mlp': True, 'lora_head': True}
Loaded train data from ../dataset/sst2/train/6.npz
Data length: 1
Loaded test data from ../dataset/sst2/test/6.npz
Data length: 1
self.lora_params: {'rank': 16, 'alpha': 1, 'dropout': 0.1, 'lora_query': True, 'lora_key': True, 'lora_value': True, 'lora_projection': True, 'lora_mlp': True, 'lora_head': True}
Loaded train data from ../dataset/sst2/train/7.npz
Data length: 1
Loaded test data from ../dataset/sst2/test/7.npz
Data length: 1
self.lora_params: {'rank': 16, 'alpha': 1, 'dropout': 0.1, 'lora_query': True, 'lora_key': True, 'lora_value': True, 'lora_projection': True, 'lora_mlp': True, 'lora_head': True}
Loaded train data from ../dataset/sst2/train/8.npz
Data length: 1
Loaded test data from ../dataset/sst2/test/8.npz
Data length: 1
self.lora_params: {'rank': 16, 'alpha': 1, 'dropout': 0.1, 'lora_query': True, 'lora_key': True, 'lora_value': True, 'lora_projection': True, 'lora_mlp': True, 'lora_head': True}
Loaded train data from ../dataset/sst2/train/9.npz
Data length: 1
Loaded test data from ../dataset/sst2/test/9.npz
Data length: 1
self.lora_params: {'rank': 16, 'alpha': 1, 'dropout': 0.1, 'lora_query': True, 'lora_key': True, 'lora_value': True, 'lora_projection': True, 'lora_mlp': True, 'lora_head': True}

Join ratio / total clients: 1.0 / 10
Finished creating server and clients.

-------------Round number: 0-------------

Evaluate global model
Loaded test data from ../dataset/sst2/test/0.npz
Data length: 1
metric.compute(): {'accuracy': 0.5378521126760564}
ct, ns, auc: 0.5378521126760564, 0, 0
Loaded test data from ../dataset/sst2/test/1.npz
Data length: 1
metric.compute(): {'accuracy': 0.5482431678750698}
ct, ns, auc: 0.5482431678750698, 0, 0
Loaded test data from ../dataset/sst2/test/2.npz
Data length: 1
metric.compute(): {'accuracy': 0.47040971168437024}
ct, ns, auc: 0.47040971168437024, 0, 0
Loaded test data from ../dataset/sst2/test/3.npz
Data length: 1
metric.compute(): {'accuracy': 0.451067615658363}
ct, ns, auc: 0.451067615658363, 0, 0
Loaded test data from ../dataset/sst2/test/4.npz
Data length: 1
metric.compute(): {'accuracy': 0.4536213468869123}
ct, ns, auc: 0.4536213468869123, 0, 0
Loaded test data from ../dataset/sst2/test/5.npz
Data length: 1
metric.compute(): {'accuracy': 0.45209176788124156}
ct, ns, auc: 0.45209176788124156, 0, 0
Loaded test data from ../dataset/sst2/test/6.npz
Data length: 1
metric.compute(): {'accuracy': 0.43795620437956206}
ct, ns, auc: 0.43795620437956206, 0, 0
Loaded test data from ../dataset/sst2/test/7.npz
Data length: 1
metric.compute(): {'accuracy': 0.444234404536862}
ct, ns, auc: 0.444234404536862, 0, 0
Loaded test data from ../dataset/sst2/test/8.npz
Data length: 1
metric.compute(): {'accuracy': 0.529374471682164}
ct, ns, auc: 0.529374471682164, 0, 0
Loaded test data from ../dataset/sst2/test/9.npz
Data length: 1
metric.compute(): {'accuracy': 0.5499276410998553}
ct, ns, auc: 0.5499276410998553, 0, 0
ids: [0, 1, 2, 3, 4, 5, 6, 7, 8, 9]
stats[1]: [0, 0, 0, 0, 0, 0, 0, 0, 0, 0]
stats[2]: [0.5378521126760564, 0.5482431678750698, 0.47040971168437024, 0.451067615658363, 0.4536213468869123, 0.45209176788124156, 0.43795620437956206, 0.444234404536862, 0.529374471682164, 0.5499276410998553]
stats[3]: [0, 0, 0, 0, 0, 0, 0, 0, 0, 0]
Averaged Test Accuracy: 0.4875
Averaged Test AUC: 0.0000
Std Test Accuracy: 0.0474
Std Test AUC: 0.0000
Loaded train data from ../dataset/sst2/train/8.npz
Data length: 1
Time elapsed 0.17 min
Memory used: 8.07 GB
Loaded train data from ../dataset/sst2/train/1.npz
Data length: 1
Time elapsed 0.07 min
Memory used: 8.08 GB
Loaded train data from ../dataset/sst2/train/5.npz
Data length: 1
Time elapsed 0.05 min
Memory used: 8.09 GB
Loaded train data from ../dataset/sst2/train/0.npz
Data length: 1
Time elapsed 0.04 min
Memory used: 8.10 GB
Loaded train data from ../dataset/sst2/train/7.npz
Data length: 1
Time elapsed 0.11 min
Memory used: 8.11 GB
Loaded train data from ../dataset/sst2/train/2.npz
Data length: 1
Time elapsed 0.05 min
Memory used: 8.12 GB
Loaded train data from ../dataset/sst2/train/9.npz
Data length: 1
Time elapsed 0.03 min
Memory used: 8.15 GB
Loaded train data from ../dataset/sst2/train/4.npz
Data length: 1
Time elapsed 0.03 min
Memory used: 8.15 GB
Loaded train data from ../dataset/sst2/train/3.npz
Data length: 1
Time elapsed 0.04 min
Memory used: 8.16 GB
Loaded train data from ../dataset/sst2/train/6.npz
Data length: 1
Time elapsed 0.03 min
Memory used: 8.18 GB
------------------------- time cost ------------------------- 66.85649609565735

-------------Round number: 1-------------

Evaluate global model
Loaded test data from ../dataset/sst2/test/0.npz
Data length: 1
metric.compute(): {'accuracy': 0.8389084507042254}
ct, ns, auc: 0.8389084507042254, 0, 0
Loaded test data from ../dataset/sst2/test/1.npz
Data length: 1
metric.compute(): {'accuracy': 0.8298940323480201}
ct, ns, auc: 0.8298940323480201, 0, 0
Loaded test data from ../dataset/sst2/test/2.npz
Data length: 1
metric.compute(): {'accuracy': 0.8391502276176024}
ct, ns, auc: 0.8391502276176024, 0, 0
Loaded test data from ../dataset/sst2/test/3.npz
Data length: 1
metric.compute(): {'accuracy': 0.6103202846975089}
ct, ns, auc: 0.6103202846975089, 0, 0
Loaded test data from ../dataset/sst2/test/4.npz
Data length: 1
metric.compute(): {'accuracy': 0.7458703939008895}
ct, ns, auc: 0.7458703939008895, 0, 0
Loaded test data from ../dataset/sst2/test/5.npz
Data length: 1
metric.compute(): {'accuracy': 0.8677462887989204}
ct, ns, auc: 0.8677462887989204, 0, 0
Loaded test data from ../dataset/sst2/test/6.npz
Data length: 1
metric.compute(): {'accuracy': 0.7554744525547445}
ct, ns, auc: 0.7554744525547445, 0, 0
Loaded test data from ../dataset/sst2/test/7.npz
Data length: 1
metric.compute(): {'accuracy': 0.8812224322621298}
ct, ns, auc: 0.8812224322621298, 0, 0
Loaded test data from ../dataset/sst2/test/8.npz
Data length: 1
metric.compute(): {'accuracy': 0.86770921386306}
ct, ns, auc: 0.86770921386306, 0, 0
Loaded test data from ../dataset/sst2/test/9.npz
Data length: 1
metric.compute(): {'accuracy': 0.7467438494934877}
ct, ns, auc: 0.7467438494934877, 0, 0
ids: [0, 1, 2, 3, 4, 5, 6, 7, 8, 9]
stats[1]: [0, 0, 0, 0, 0, 0, 0, 0, 0, 0]
stats[2]: [0.8389084507042254, 0.8298940323480201, 0.8391502276176024, 0.6103202846975089, 0.7458703939008895, 0.8677462887989204, 0.7554744525547445, 0.8812224322621298, 0.86770921386306, 0.7467438494934877]
stats[3]: [0, 0, 0, 0, 0, 0, 0, 0, 0, 0]
Averaged Test Accuracy: 0.7983
Averaged Test AUC: 0.0000
Std Test Accuracy: 0.0839
Std Test AUC: 0.0000
Loaded train data from ../dataset/sst2/train/4.npz
Data length: 1
Time elapsed 0.03 min
Memory used: 8.18 GB
Loaded train data from ../dataset/sst2/train/2.npz
Data length: 1
Time elapsed 0.05 min
Memory used: 8.18 GB
Loaded train data from ../dataset/sst2/train/7.npz
Data length: 1
Time elapsed 0.11 min
Memory used: 8.18 GB
Loaded train data from ../dataset/sst2/train/5.npz
Data length: 1
Time elapsed 0.05 min
Memory used: 8.18 GB
Loaded train data from ../dataset/sst2/train/3.npz
Data length: 1
Time elapsed 0.04 min
Memory used: 8.18 GB
Loaded train data from ../dataset/sst2/train/6.npz
Data length: 1
Time elapsed 0.03 min
Memory used: 8.19 GB
Loaded train data from ../dataset/sst2/train/0.npz
Data length: 1
Time elapsed 0.04 min
Memory used: 8.19 GB
Loaded train data from ../dataset/sst2/train/8.npz
Data length: 1
Time elapsed 0.17 min
Memory used: 8.19 GB
Loaded train data from ../dataset/sst2/train/1.npz
Data length: 1
Time elapsed 0.07 min
Memory used: 8.19 GB
Loaded train data from ../dataset/sst2/train/9.npz
Data length: 1
Time elapsed 0.03 min
Memory used: 8.19 GB
------------------------- time cost ------------------------- 66.50184082984924

-------------Round number: 2-------------

Evaluate global model
Loaded test data from ../dataset/sst2/test/0.npz
Data length: 1
metric.compute(): {'accuracy': 0.8873239436619719}
ct, ns, auc: 0.8873239436619719, 0, 0
Loaded test data from ../dataset/sst2/test/1.npz
Data length: 1
metric.compute(): {'accuracy': 0.882877858337981}
ct, ns, auc: 0.882877858337981, 0, 0
Loaded test data from ../dataset/sst2/test/2.npz
Data length: 1
metric.compute(): {'accuracy': 0.8831562974203339}
ct, ns, auc: 0.8831562974203339, 0, 0
Loaded test data from ../dataset/sst2/test/3.npz
Data length: 1
metric.compute(): {'accuracy': 0.858540925266904}
ct, ns, auc: 0.858540925266904, 0, 0
Loaded test data from ../dataset/sst2/test/4.npz
Data length: 1
metric.compute(): {'accuracy': 0.8538754764930114}
ct, ns, auc: 0.8538754764930114, 0, 0
Loaded test data from ../dataset/sst2/test/5.npz
Data length: 1
metric.compute(): {'accuracy': 0.8920377867746289}
ct, ns, auc: 0.8920377867746289, 0, 0
Loaded test data from ../dataset/sst2/test/6.npz
Data length: 1
metric.compute(): {'accuracy': 0.8965936739659367}
ct, ns, auc: 0.8965936739659367, 0, 0
Loaded test data from ../dataset/sst2/test/7.npz
Data length: 1
metric.compute(): {'accuracy': 0.8897290485192186}
ct, ns, auc: 0.8897290485192186, 0, 0
Loaded test data from ../dataset/sst2/test/8.npz
Data length: 1
metric.compute(): {'accuracy': 0.8875739644970414}
ct, ns, auc: 0.8875739644970414, 0, 0
Loaded test data from ../dataset/sst2/test/9.npz
Data length: 1
metric.compute(): {'accuracy': 0.8437047756874095}
ct, ns, auc: 0.8437047756874095, 0, 0
ids: [0, 1, 2, 3, 4, 5, 6, 7, 8, 9]
stats[1]: [0, 0, 0, 0, 0, 0, 0, 0, 0, 0]
stats[2]: [0.8873239436619719, 0.882877858337981, 0.8831562974203339, 0.858540925266904, 0.8538754764930114, 0.8920377867746289, 0.8965936739659367, 0.8897290485192186, 0.8875739644970414, 0.8437047756874095]
stats[3]: [0, 0, 0, 0, 0, 0, 0, 0, 0, 0]
Averaged Test Accuracy: 0.8775
Averaged Test AUC: 0.0000
Std Test Accuracy: 0.0184
Std Test AUC: 0.0000
Loaded train data from ../dataset/sst2/train/8.npz
Data length: 1
Time elapsed 0.17 min
Memory used: 8.19 GB
Loaded train data from ../dataset/sst2/train/4.npz
Data length: 1
Time elapsed 0.03 min
Memory used: 8.19 GB
Loaded train data from ../dataset/sst2/train/2.npz
Data length: 1
Time elapsed 0.05 min
Memory used: 8.19 GB
Loaded train data from ../dataset/sst2/train/6.npz
Data length: 1
Time elapsed 0.03 min
Memory used: 8.19 GB
Loaded train data from ../dataset/sst2/train/5.npz
Data length: 1
Time elapsed 0.05 min
Memory used: 8.19 GB
Loaded train data from ../dataset/sst2/train/9.npz
Data length: 1
Time elapsed 0.03 min
Memory used: 8.19 GB
Loaded train data from ../dataset/sst2/train/1.npz
Data length: 1
Time elapsed 0.07 min
Memory used: 8.19 GB
Loaded train data from ../dataset/sst2/train/3.npz
Data length: 1
Time elapsed 0.04 min
Memory used: 8.19 GB
Loaded train data from ../dataset/sst2/train/0.npz
Data length: 1
Time elapsed 0.04 min
Memory used: 8.19 GB
Loaded train data from ../dataset/sst2/train/7.npz
Data length: 1
Time elapsed 0.11 min
Memory used: 8.19 GB
------------------------- time cost ------------------------- 74.10400152206421

-------------Round number: 3-------------

Evaluate global model
Loaded test data from ../dataset/sst2/test/0.npz
Data length: 1
metric.compute(): {'accuracy': 0.8908450704225352}
ct, ns, auc: 0.8908450704225352, 0, 0
Loaded test data from ../dataset/sst2/test/1.npz
Data length: 1
metric.compute(): {'accuracy': 0.8878973786949247}
ct, ns, auc: 0.8878973786949247, 0, 0
Loaded test data from ../dataset/sst2/test/2.npz
Data length: 1
metric.compute(): {'accuracy': 0.8899848254931715}
ct, ns, auc: 0.8899848254931715, 0, 0
Loaded test data from ../dataset/sst2/test/3.npz
Data length: 1
metric.compute(): {'accuracy': 0.8807829181494662}
ct, ns, auc: 0.8807829181494662, 0, 0
Loaded test data from ../dataset/sst2/test/4.npz
Data length: 1
metric.compute(): {'accuracy': 0.8691232528589581}
ct, ns, auc: 0.8691232528589581, 0, 0
Loaded test data from ../dataset/sst2/test/5.npz
Data length: 1
metric.compute(): {'accuracy': 0.8906882591093117}
ct, ns, auc: 0.8906882591093117, 0, 0
Loaded test data from ../dataset/sst2/test/6.npz
Data length: 1
metric.compute(): {'accuracy': 0.9063260340632603}
ct, ns, auc: 0.9063260340632603, 0, 0
Loaded test data from ../dataset/sst2/test/7.npz
Data length: 1
metric.compute(): {'accuracy': 0.8872085696282294}
ct, ns, auc: 0.8872085696282294, 0, 0
Loaded test data from ../dataset/sst2/test/8.npz
Data length: 1
metric.compute(): {'accuracy': 0.8844040574809806}
ct, ns, auc: 0.8844040574809806, 0, 0
Loaded test data from ../dataset/sst2/test/9.npz
Data length: 1
metric.compute(): {'accuracy': 0.8639652677279306}
ct, ns, auc: 0.8639652677279306, 0, 0
ids: [0, 1, 2, 3, 4, 5, 6, 7, 8, 9]
stats[1]: [0, 0, 0, 0, 0, 0, 0, 0, 0, 0]
stats[2]: [0.8908450704225352, 0.8878973786949247, 0.8899848254931715, 0.8807829181494662, 0.8691232528589581, 0.8906882591093117, 0.9063260340632603, 0.8872085696282294, 0.8844040574809806, 0.8639652677279306]
stats[3]: [0, 0, 0, 0, 0, 0, 0, 0, 0, 0]
Averaged Test Accuracy: 0.8851
Averaged Test AUC: 0.0000
Std Test Accuracy: 0.0119
Std Test AUC: 0.0000
Loaded train data from ../dataset/sst2/train/8.npz
Data length: 1
Time elapsed 0.17 min
Memory used: 8.19 GB
Loaded train data from ../dataset/sst2/train/1.npz
Data length: 1
Time elapsed 0.07 min
Memory used: 8.19 GB
Loaded train data from ../dataset/sst2/train/5.npz
Data length: 1
Time elapsed 0.05 min
Memory used: 8.19 GB
Loaded train data from ../dataset/sst2/train/0.npz
Data length: 1
Time elapsed 0.04 min
Memory used: 8.19 GB
Loaded train data from ../dataset/sst2/train/9.npz
Data length: 1
Time elapsed 0.03 min
Memory used: 8.19 GB
Loaded train data from ../dataset/sst2/train/6.npz
Data length: 1
Time elapsed 0.03 min
Memory used: 8.19 GB
Loaded train data from ../dataset/sst2/train/3.npz
Data length: 1
Time elapsed 0.04 min
Memory used: 8.19 GB
Loaded train data from ../dataset/sst2/train/7.npz
Data length: 1
Time elapsed 0.12 min
Memory used: 8.19 GB
Loaded train data from ../dataset/sst2/train/4.npz
Data length: 1
Time elapsed 0.03 min
Memory used: 8.19 GB
Loaded train data from ../dataset/sst2/train/2.npz
Data length: 1
Time elapsed 0.05 min
Memory used: 8.19 GB
------------------------- time cost ------------------------- 66.4891402721405

-------------Round number: 4-------------

Evaluate global model
Loaded test data from ../dataset/sst2/test/0.npz
Data length: 1
metric.compute(): {'accuracy': 0.903169014084507}
ct, ns, auc: 0.903169014084507, 0, 0
Loaded test data from ../dataset/sst2/test/1.npz
Data length: 1
metric.compute(): {'accuracy': 0.8918014500836586}
ct, ns, auc: 0.8918014500836586, 0, 0
Loaded test data from ../dataset/sst2/test/2.npz
Data length: 1
metric.compute(): {'accuracy': 0.8907435508345979}
ct, ns, auc: 0.8907435508345979, 0, 0
Loaded test data from ../dataset/sst2/test/3.npz
Data length: 1
metric.compute(): {'accuracy': 0.8816725978647687}
ct, ns, auc: 0.8816725978647687, 0, 0
Loaded test data from ../dataset/sst2/test/4.npz
Data length: 1
metric.compute(): {'accuracy': 0.8843710292249047}
ct, ns, auc: 0.8843710292249047, 0, 0
Loaded test data from ../dataset/sst2/test/5.npz
Data length: 1
metric.compute(): {'accuracy': 0.902834008097166}
ct, ns, auc: 0.902834008097166, 0, 0
Loaded test data from ../dataset/sst2/test/6.npz
Data length: 1
metric.compute(): {'accuracy': 0.9124087591240876}
ct, ns, auc: 0.9124087591240876, 0, 0
Loaded test data from ../dataset/sst2/test/7.npz
Data length: 1
metric.compute(): {'accuracy': 0.8991808443604284}
ct, ns, auc: 0.8991808443604284, 0, 0
Loaded test data from ../dataset/sst2/test/8.npz
Data length: 1
metric.compute(): {'accuracy': 0.889687235841082}
ct, ns, auc: 0.889687235841082, 0, 0
Loaded test data from ../dataset/sst2/test/9.npz
Data length: 1
metric.compute(): {'accuracy': 0.8871201157742402}
ct, ns, auc: 0.8871201157742402, 0, 0
ids: [0, 1, 2, 3, 4, 5, 6, 7, 8, 9]
stats[1]: [0, 0, 0, 0, 0, 0, 0, 0, 0, 0]
stats[2]: [0.903169014084507, 0.8918014500836586, 0.8907435508345979, 0.8816725978647687, 0.8843710292249047, 0.902834008097166, 0.9124087591240876, 0.8991808443604284, 0.889687235841082, 0.8871201157742402]
stats[3]: [0, 0, 0, 0, 0, 0, 0, 0, 0, 0]
Averaged Test Accuracy: 0.8943
Averaged Test AUC: 0.0000
Std Test Accuracy: 0.0097
Std Test AUC: 0.0000
Loaded train data from ../dataset/sst2/train/1.npz
Data length: 1
Time elapsed 0.07 min
Memory used: 8.19 GB
Loaded train data from ../dataset/sst2/train/0.npz
Data length: 1
Time elapsed 0.04 min
Memory used: 8.19 GB
Loaded train data from ../dataset/sst2/train/9.npz
Data length: 1
Time elapsed 0.03 min
Memory used: 8.19 GB
Loaded train data from ../dataset/sst2/train/4.npz
Data length: 1
Time elapsed 0.03 min
Memory used: 8.19 GB
Loaded train data from ../dataset/sst2/train/7.npz
Data length: 1
Time elapsed 0.12 min
Memory used: 8.19 GB
Loaded train data from ../dataset/sst2/train/3.npz
Data length: 1
Time elapsed 0.04 min
Memory used: 8.19 GB
Loaded train data from ../dataset/sst2/train/8.npz
Data length: 1
Time elapsed 0.17 min
Memory used: 8.19 GB
Loaded train data from ../dataset/sst2/train/6.npz
Data length: 1
Time elapsed 0.03 min
Memory used: 8.19 GB
Loaded train data from ../dataset/sst2/train/2.npz
Data length: 1
Time elapsed 0.05 min
Memory used: 8.19 GB
Loaded train data from ../dataset/sst2/train/5.npz
Data length: 1
Time elapsed 0.05 min
Memory used: 8.19 GB
------------------------- time cost ------------------------- 69.09389972686768

-------------Round number: 5-------------

Evaluate global model
Loaded test data from ../dataset/sst2/test/0.npz
Data length: 1
metric.compute(): {'accuracy': 0.9014084507042254}
ct, ns, auc: 0.9014084507042254, 0, 0
Loaded test data from ../dataset/sst2/test/1.npz
Data length: 1
metric.compute(): {'accuracy': 0.8984941438929169}
ct, ns, auc: 0.8984941438929169, 0, 0
Loaded test data from ../dataset/sst2/test/2.npz
Data length: 1
metric.compute(): {'accuracy': 0.8877086494688923}
ct, ns, auc: 0.8877086494688923, 0, 0
Loaded test data from ../dataset/sst2/test/3.npz
Data length: 1
metric.compute(): {'accuracy': 0.8807829181494662}
ct, ns, auc: 0.8807829181494662, 0, 0
Loaded test data from ../dataset/sst2/test/4.npz
Data length: 1
metric.compute(): {'accuracy': 0.8831003811944091}
ct, ns, auc: 0.8831003811944091, 0, 0
Loaded test data from ../dataset/sst2/test/5.npz
Data length: 1
metric.compute(): {'accuracy': 0.9068825910931174}
ct, ns, auc: 0.9068825910931174, 0, 0
Loaded test data from ../dataset/sst2/test/6.npz
Data length: 1
metric.compute(): {'accuracy': 0.9124087591240876}
ct, ns, auc: 0.9124087591240876, 0, 0
Loaded test data from ../dataset/sst2/test/7.npz
Data length: 1
metric.compute(): {'accuracy': 0.8991808443604284}
ct, ns, auc: 0.8991808443604284, 0, 0
Loaded test data from ../dataset/sst2/test/8.npz
Data length: 1
metric.compute(): {'accuracy': 0.8915891800507185}
ct, ns, auc: 0.8915891800507185, 0, 0
Loaded test data from ../dataset/sst2/test/9.npz
Data length: 1
metric.compute(): {'accuracy': 0.8827785817655571}
ct, ns, auc: 0.8827785817655571, 0, 0
ids: [0, 1, 2, 3, 4, 5, 6, 7, 8, 9]
stats[1]: [0, 0, 0, 0, 0, 0, 0, 0, 0, 0]
stats[2]: [0.9014084507042254, 0.8984941438929169, 0.8877086494688923, 0.8807829181494662, 0.8831003811944091, 0.9068825910931174, 0.9124087591240876, 0.8991808443604284, 0.8915891800507185, 0.8827785817655571]
stats[3]: [0, 0, 0, 0, 0, 0, 0, 0, 0, 0]
Averaged Test Accuracy: 0.8944
Averaged Test AUC: 0.0000
Std Test Accuracy: 0.0109
Std Test AUC: 0.0000
Loaded train data from ../dataset/sst2/train/9.npz
Data length: 1
Time elapsed 0.03 min
Memory used: 8.19 GB
Loaded train data from ../dataset/sst2/train/7.npz
Data length: 1
Time elapsed 0.11 min
Memory used: 8.19 GB
Loaded train data from ../dataset/sst2/train/5.npz
Data length: 1
Time elapsed 0.05 min
Memory used: 8.19 GB
Loaded train data from ../dataset/sst2/train/6.npz
Data length: 1
Time elapsed 0.03 min
Memory used: 8.19 GB
Loaded train data from ../dataset/sst2/train/8.npz
Data length: 1
Time elapsed 0.17 min
Memory used: 8.19 GB
Loaded train data from ../dataset/sst2/train/2.npz
Data length: 1
Time elapsed 0.05 min
Memory used: 8.19 GB
Loaded train data from ../dataset/sst2/train/1.npz
Data length: 1
Time elapsed 0.07 min
Memory used: 8.19 GB
Loaded train data from ../dataset/sst2/train/3.npz
Data length: 1
Time elapsed 0.04 min
Memory used: 8.19 GB
Loaded train data from ../dataset/sst2/train/4.npz
Data length: 1
Time elapsed 0.03 min
Memory used: 8.19 GB
Loaded train data from ../dataset/sst2/train/0.npz
Data length: 1
Time elapsed 0.04 min
Memory used: 8.19 GB
------------------------- time cost ------------------------- 66.91057276725769

-------------Round number: 6-------------

Evaluate global model
Loaded test data from ../dataset/sst2/test/0.npz
Data length: 1
metric.compute(): {'accuracy': 0.8996478873239436}
ct, ns, auc: 0.8996478873239436, 0, 0
Loaded test data from ../dataset/sst2/test/1.npz
Data length: 1
metric.compute(): {'accuracy': 0.8929168990518683}
ct, ns, auc: 0.8929168990518683, 0, 0
Loaded test data from ../dataset/sst2/test/2.npz
Data length: 1
metric.compute(): {'accuracy': 0.8945371775417299}
ct, ns, auc: 0.8945371775417299, 0, 0
Loaded test data from ../dataset/sst2/test/3.npz
Data length: 1
metric.compute(): {'accuracy': 0.8745551601423488}
ct, ns, auc: 0.8745551601423488, 0, 0
Loaded test data from ../dataset/sst2/test/4.npz
Data length: 1
metric.compute(): {'accuracy': 0.8831003811944091}
ct, ns, auc: 0.8831003811944091, 0, 0
Loaded test data from ../dataset/sst2/test/5.npz
Data length: 1
metric.compute(): {'accuracy': 0.9048582995951417}
ct, ns, auc: 0.9048582995951417, 0, 0
Loaded test data from ../dataset/sst2/test/6.npz
Data length: 1
metric.compute(): {'accuracy': 0.9124087591240876}
ct, ns, auc: 0.9124087591240876, 0, 0
Loaded test data from ../dataset/sst2/test/7.npz
Data length: 1
metric.compute(): {'accuracy': 0.8960302457466919}
ct, ns, auc: 0.8960302457466919, 0, 0
Loaded test data from ../dataset/sst2/test/8.npz
Data length: 1
metric.compute(): {'accuracy': 0.8928571428571429}
ct, ns, auc: 0.8928571428571429, 0, 0
Loaded test data from ../dataset/sst2/test/9.npz
Data length: 1
metric.compute(): {'accuracy': 0.8842257597684515}
ct, ns, auc: 0.8842257597684515, 0, 0
ids: [0, 1, 2, 3, 4, 5, 6, 7, 8, 9]
stats[1]: [0, 0, 0, 0, 0, 0, 0, 0, 0, 0]
stats[2]: [0.8996478873239436, 0.8929168990518683, 0.8945371775417299, 0.8745551601423488, 0.8831003811944091, 0.9048582995951417, 0.9124087591240876, 0.8960302457466919, 0.8928571428571429, 0.8842257597684515]
stats[3]: [0, 0, 0, 0, 0, 0, 0, 0, 0, 0]
Averaged Test Accuracy: 0.8935
Averaged Test AUC: 0.0000
Std Test Accuracy: 0.0110
Std Test AUC: 0.0000
Loaded train data from ../dataset/sst2/train/1.npz
Data length: 1
Time elapsed 0.07 min
Memory used: 8.19 GB
Loaded train data from ../dataset/sst2/train/5.npz
Data length: 1
Time elapsed 0.05 min
Memory used: 8.19 GB
Loaded train data from ../dataset/sst2/train/3.npz
Data length: 1
Time elapsed 0.04 min
Memory used: 8.19 GB
Loaded train data from ../dataset/sst2/train/2.npz
Data length: 1
Time elapsed 0.05 min
Memory used: 8.19 GB
Loaded train data from ../dataset/sst2/train/4.npz
Data length: 1
Time elapsed 0.03 min
Memory used: 8.19 GB
Loaded train data from ../dataset/sst2/train/6.npz
Data length: 1
Time elapsed 0.03 min
Memory used: 8.19 GB
Loaded train data from ../dataset/sst2/train/8.npz
Data length: 1
Time elapsed 0.17 min
Memory used: 8.19 GB
Loaded train data from ../dataset/sst2/train/0.npz
Data length: 1
Time elapsed 0.04 min
Memory used: 8.19 GB
Loaded train data from ../dataset/sst2/train/7.npz
Data length: 1
Time elapsed 0.11 min
Memory used: 8.19 GB
Loaded train data from ../dataset/sst2/train/9.npz
Data length: 1
Time elapsed 0.03 min
Memory used: 8.19 GB
------------------------- time cost ------------------------- 70.5445990562439

-------------Round number: 7-------------

Evaluate global model
Loaded test data from ../dataset/sst2/test/0.npz
Data length: 1
metric.compute(): {'accuracy': 0.8996478873239436}
ct, ns, auc: 0.8996478873239436, 0, 0
Loaded test data from ../dataset/sst2/test/1.npz
Data length: 1
metric.compute(): {'accuracy': 0.8912437255995538}
ct, ns, auc: 0.8912437255995538, 0, 0
Loaded test data from ../dataset/sst2/test/2.npz
Data length: 1
metric.compute(): {'accuracy': 0.8899848254931715}
ct, ns, auc: 0.8899848254931715, 0, 0
Loaded test data from ../dataset/sst2/test/3.npz
Data length: 1
metric.compute(): {'accuracy': 0.8843416370106761}
ct, ns, auc: 0.8843416370106761, 0, 0
Loaded test data from ../dataset/sst2/test/4.npz
Data length: 1
metric.compute(): {'accuracy': 0.8894536213468869}
ct, ns, auc: 0.8894536213468869, 0, 0
Loaded test data from ../dataset/sst2/test/5.npz
Data length: 1
metric.compute(): {'accuracy': 0.9041835357624831}
ct, ns, auc: 0.9041835357624831, 0, 0
Loaded test data from ../dataset/sst2/test/6.npz
Data length: 1
metric.compute(): {'accuracy': 0.9075425790754258}
ct, ns, auc: 0.9075425790754258, 0, 0
Loaded test data from ../dataset/sst2/test/7.npz
Data length: 1
metric.compute(): {'accuracy': 0.8925645872715816}
ct, ns, auc: 0.8925645872715816, 0, 0
Loaded test data from ../dataset/sst2/test/8.npz
Data length: 1
metric.compute(): {'accuracy': 0.889687235841082}
ct, ns, auc: 0.889687235841082, 0, 0
Loaded test data from ../dataset/sst2/test/9.npz
Data length: 1
metric.compute(): {'accuracy': 0.8798842257597684}
ct, ns, auc: 0.8798842257597684, 0, 0
ids: [0, 1, 2, 3, 4, 5, 6, 7, 8, 9]
stats[1]: [0, 0, 0, 0, 0, 0, 0, 0, 0, 0]
stats[2]: [0.8996478873239436, 0.8912437255995538, 0.8899848254931715, 0.8843416370106761, 0.8894536213468869, 0.9041835357624831, 0.9075425790754258, 0.8925645872715816, 0.889687235841082, 0.8798842257597684]
stats[3]: [0, 0, 0, 0, 0, 0, 0, 0, 0, 0]
Averaged Test Accuracy: 0.8929
Averaged Test AUC: 0.0000
Std Test Accuracy: 0.0086
Std Test AUC: 0.0000
Loaded train data from ../dataset/sst2/train/9.npz
Data length: 1
Time elapsed 0.02 min
Memory used: 8.19 GB
Loaded train data from ../dataset/sst2/train/1.npz
Data length: 1
Time elapsed 0.07 min
Memory used: 8.19 GB
Loaded train data from ../dataset/sst2/train/8.npz
Data length: 1
Time elapsed 0.17 min
Memory used: 8.19 GB
Loaded train data from ../dataset/sst2/train/7.npz
Data length: 1
Time elapsed 0.11 min
Memory used: 8.19 GB
Loaded train data from ../dataset/sst2/train/3.npz
Data length: 1
Time elapsed 0.04 min
Memory used: 8.19 GB
Loaded train data from ../dataset/sst2/train/2.npz
Data length: 1
Time elapsed 0.05 min
Memory used: 8.19 GB
Loaded train data from ../dataset/sst2/train/4.npz
Data length: 1
Time elapsed 0.03 min
Memory used: 8.19 GB
Loaded train data from ../dataset/sst2/train/0.npz
Data length: 1
Time elapsed 0.04 min
Memory used: 8.19 GB
Loaded train data from ../dataset/sst2/train/5.npz
Data length: 1
Time elapsed 0.05 min
Memory used: 8.19 GB
Loaded train data from ../dataset/sst2/train/6.npz
Data length: 1
Time elapsed 0.03 min
Memory used: 8.19 GB
------------------------- time cost ------------------------- 67.2640745639801

-------------Round number: 8-------------

Evaluate global model
Loaded test data from ../dataset/sst2/test/0.npz
Data length: 1
metric.compute(): {'accuracy': 0.8961267605633803}
ct, ns, auc: 0.8961267605633803, 0, 0
Loaded test data from ../dataset/sst2/test/1.npz
Data length: 1
metric.compute(): {'accuracy': 0.8890128276631344}
ct, ns, auc: 0.8890128276631344, 0, 0
Loaded test data from ../dataset/sst2/test/2.npz
Data length: 1
metric.compute(): {'accuracy': 0.8975720789074355}
ct, ns, auc: 0.8975720789074355, 0, 0
Loaded test data from ../dataset/sst2/test/3.npz
Data length: 1
metric.compute(): {'accuracy': 0.8772241992882562}
ct, ns, auc: 0.8772241992882562, 0, 0
Loaded test data from ../dataset/sst2/test/4.npz
Data length: 1
metric.compute(): {'accuracy': 0.8805590851334181}
ct, ns, auc: 0.8805590851334181, 0, 0
Loaded test data from ../dataset/sst2/test/5.npz
Data length: 1
metric.compute(): {'accuracy': 0.9062078272604588}
ct, ns, auc: 0.9062078272604588, 0, 0
Loaded test data from ../dataset/sst2/test/6.npz
Data length: 1
metric.compute(): {'accuracy': 0.9063260340632603}
ct, ns, auc: 0.9063260340632603, 0, 0
Loaded test data from ../dataset/sst2/test/7.npz
Data length: 1
metric.compute(): {'accuracy': 0.8931947069943289}
ct, ns, auc: 0.8931947069943289, 0, 0
Loaded test data from ../dataset/sst2/test/8.npz
Data length: 1
metric.compute(): {'accuracy': 0.8892645815722738}
ct, ns, auc: 0.8892645815722738, 0, 0
Loaded test data from ../dataset/sst2/test/9.npz
Data length: 1
metric.compute(): {'accuracy': 0.8798842257597684}
ct, ns, auc: 0.8798842257597684, 0, 0
ids: [0, 1, 2, 3, 4, 5, 6, 7, 8, 9]
stats[1]: [0, 0, 0, 0, 0, 0, 0, 0, 0, 0]
stats[2]: [0.8961267605633803, 0.8890128276631344, 0.8975720789074355, 0.8772241992882562, 0.8805590851334181, 0.9062078272604588, 0.9063260340632603, 0.8931947069943289, 0.8892645815722738, 0.8798842257597684]
stats[3]: [0, 0, 0, 0, 0, 0, 0, 0, 0, 0]
Averaged Test Accuracy: 0.8915
Averaged Test AUC: 0.0000
Std Test Accuracy: 0.0104
Std Test AUC: 0.0000
Loaded train data from ../dataset/sst2/train/5.npz
Data length: 1
Time elapsed 0.05 min
Memory used: 8.19 GB
Loaded train data from ../dataset/sst2/train/8.npz
Data length: 1
Time elapsed 0.17 min
Memory used: 8.19 GB
Loaded train data from ../dataset/sst2/train/1.npz
Data length: 1
Time elapsed 0.07 min
Memory used: 8.19 GB
Loaded train data from ../dataset/sst2/train/9.npz
Data length: 1
Time elapsed 0.03 min
Memory used: 8.19 GB
Loaded train data from ../dataset/sst2/train/6.npz
Data length: 1
Time elapsed 0.03 min
Memory used: 8.19 GB
Loaded train data from ../dataset/sst2/train/0.npz
Data length: 1
Time elapsed 0.04 min
Memory used: 8.19 GB
Loaded train data from ../dataset/sst2/train/3.npz
Data length: 1
Time elapsed 0.04 min
Memory used: 8.19 GB
Loaded train data from ../dataset/sst2/train/7.npz
Data length: 1
Time elapsed 0.11 min
Memory used: 8.19 GB
Loaded train data from ../dataset/sst2/train/4.npz
Data length: 1
Time elapsed 0.03 min
Memory used: 8.19 GB
Loaded train data from ../dataset/sst2/train/2.npz
Data length: 1
Time elapsed 0.05 min
Memory used: 8.19 GB
------------------------- time cost ------------------------- 67.83486366271973

-------------Round number: 9-------------

Evaluate global model
Loaded test data from ../dataset/sst2/test/0.npz
Data length: 1
metric.compute(): {'accuracy': 0.8934859154929577}
ct, ns, auc: 0.8934859154929577, 0, 0
Loaded test data from ../dataset/sst2/test/1.npz
Data length: 1
metric.compute(): {'accuracy': 0.8962632459564975}
ct, ns, auc: 0.8962632459564975, 0, 0
Loaded test data from ../dataset/sst2/test/2.npz
Data length: 1
metric.compute(): {'accuracy': 0.8899848254931715}
ct, ns, auc: 0.8899848254931715, 0, 0
Loaded test data from ../dataset/sst2/test/3.npz
Data length: 1
metric.compute(): {'accuracy': 0.8781138790035588}
ct, ns, auc: 0.8781138790035588, 0, 0
Loaded test data from ../dataset/sst2/test/4.npz
Data length: 1
metric.compute(): {'accuracy': 0.8843710292249047}
ct, ns, auc: 0.8843710292249047, 0, 0
Loaded test data from ../dataset/sst2/test/5.npz
Data length: 1
metric.compute(): {'accuracy': 0.902834008097166}
ct, ns, auc: 0.902834008097166, 0, 0
Loaded test data from ../dataset/sst2/test/6.npz
Data length: 1
metric.compute(): {'accuracy': 0.9087591240875912}
ct, ns, auc: 0.9087591240875912, 0, 0
Loaded test data from ../dataset/sst2/test/7.npz
Data length: 1
metric.compute(): {'accuracy': 0.8947700063011972}
ct, ns, auc: 0.8947700063011972, 0, 0
Loaded test data from ../dataset/sst2/test/8.npz
Data length: 1
metric.compute(): {'accuracy': 0.8871513102282333}
ct, ns, auc: 0.8871513102282333, 0, 0
Loaded test data from ../dataset/sst2/test/9.npz
Data length: 1
metric.compute(): {'accuracy': 0.8769898697539797}
ct, ns, auc: 0.8769898697539797, 0, 0
ids: [0, 1, 2, 3, 4, 5, 6, 7, 8, 9]
stats[1]: [0, 0, 0, 0, 0, 0, 0, 0, 0, 0]
stats[2]: [0.8934859154929577, 0.8962632459564975, 0.8899848254931715, 0.8781138790035588, 0.8843710292249047, 0.902834008097166, 0.9087591240875912, 0.8947700063011972, 0.8871513102282333, 0.8769898697539797]
stats[3]: [0, 0, 0, 0, 0, 0, 0, 0, 0, 0]
Averaged Test Accuracy: 0.8913
Averaged Test AUC: 0.0000
Std Test Accuracy: 0.0101
Std Test AUC: 0.0000
Loaded train data from ../dataset/sst2/train/1.npz
Data length: 1
Time elapsed 0.07 min
Memory used: 8.19 GB
Loaded train data from ../dataset/sst2/train/7.npz
Data length: 1
Time elapsed 0.11 min
Memory used: 8.19 GB
Loaded train data from ../dataset/sst2/train/4.npz
Data length: 1
Time elapsed 0.03 min
Memory used: 8.19 GB
Loaded train data from ../dataset/sst2/train/3.npz
Data length: 1
Time elapsed 0.04 min
Memory used: 8.19 GB
Loaded train data from ../dataset/sst2/train/9.npz
Data length: 1
Time elapsed 0.03 min
Memory used: 8.19 GB
Loaded train data from ../dataset/sst2/train/8.npz
Data length: 1
Time elapsed 0.17 min
Memory used: 8.19 GB
Loaded train data from ../dataset/sst2/train/5.npz
Data length: 1
Time elapsed 0.05 min
Memory used: 8.19 GB
Loaded train data from ../dataset/sst2/train/0.npz
Data length: 1
Time elapsed 0.04 min
Memory used: 8.19 GB
Loaded train data from ../dataset/sst2/train/2.npz
Data length: 1
Time elapsed 0.04 min
Memory used: 8.19 GB
Loaded train data from ../dataset/sst2/train/6.npz
Data length: 1
Time elapsed 0.03 min
Memory used: 8.19 GB
------------------------- time cost ------------------------- 66.46524024009705

-------------Round number: 10-------------

Evaluate global model
Loaded test data from ../dataset/sst2/test/0.npz
Data length: 1
metric.compute(): {'accuracy': 0.891725352112676}
ct, ns, auc: 0.891725352112676, 0, 0
Loaded test data from ../dataset/sst2/test/1.npz
Data length: 1
metric.compute(): {'accuracy': 0.8929168990518683}
ct, ns, auc: 0.8929168990518683, 0, 0
Loaded test data from ../dataset/sst2/test/2.npz
Data length: 1
metric.compute(): {'accuracy': 0.8899848254931715}
ct, ns, auc: 0.8899848254931715, 0, 0
Loaded test data from ../dataset/sst2/test/3.npz
Data length: 1
metric.compute(): {'accuracy': 0.8745551601423488}
ct, ns, auc: 0.8745551601423488, 0, 0
Loaded test data from ../dataset/sst2/test/4.npz
Data length: 1
metric.compute(): {'accuracy': 0.8831003811944091}
ct, ns, auc: 0.8831003811944091, 0, 0
Loaded test data from ../dataset/sst2/test/5.npz
Data length: 1
metric.compute(): {'accuracy': 0.9008097165991903}
ct, ns, auc: 0.9008097165991903, 0, 0
Loaded test data from ../dataset/sst2/test/6.npz
Data length: 1
metric.compute(): {'accuracy': 0.9075425790754258}
ct, ns, auc: 0.9075425790754258, 0, 0
Loaded test data from ../dataset/sst2/test/7.npz
Data length: 1
metric.compute(): {'accuracy': 0.8925645872715816}
ct, ns, auc: 0.8925645872715816, 0, 0
Loaded test data from ../dataset/sst2/test/8.npz
Data length: 1
metric.compute(): {'accuracy': 0.8871513102282333}
ct, ns, auc: 0.8871513102282333, 0, 0
Loaded test data from ../dataset/sst2/test/9.npz
Data length: 1
metric.compute(): {'accuracy': 0.874095513748191}
ct, ns, auc: 0.874095513748191, 0, 0
ids: [0, 1, 2, 3, 4, 5, 6, 7, 8, 9]
stats[1]: [0, 0, 0, 0, 0, 0, 0, 0, 0, 0]
stats[2]: [0.891725352112676, 0.8929168990518683, 0.8899848254931715, 0.8745551601423488, 0.8831003811944091, 0.9008097165991903, 0.9075425790754258, 0.8925645872715816, 0.8871513102282333, 0.874095513748191]
stats[3]: [0, 0, 0, 0, 0, 0, 0, 0, 0, 0]
Averaged Test Accuracy: 0.8894
Averaged Test AUC: 0.0000
Std Test Accuracy: 0.0105
Std Test AUC: 0.0000
Loaded train data from ../dataset/sst2/train/0.npz
Data length: 1
Time elapsed 0.04 min
Memory used: 8.19 GB
Loaded train data from ../dataset/sst2/train/6.npz
Data length: 1
Time elapsed 0.03 min
Memory used: 8.19 GB
Loaded train data from ../dataset/sst2/train/5.npz
Data length: 1
Time elapsed 0.05 min
Memory used: 8.19 GB
Loaded train data from ../dataset/sst2/train/1.npz
Data length: 1
Time elapsed 0.07 min
Memory used: 8.19 GB
Loaded train data from ../dataset/sst2/train/2.npz
Data length: 1
Time elapsed 0.05 min
Memory used: 8.19 GB
Loaded train data from ../dataset/sst2/train/3.npz
Data length: 1
Time elapsed 0.04 min
Memory used: 8.19 GB
Loaded train data from ../dataset/sst2/train/4.npz
Data length: 1
Time elapsed 0.03 min
Memory used: 8.19 GB
Loaded train data from ../dataset/sst2/train/9.npz
Data length: 1
Time elapsed 0.03 min
Memory used: 8.19 GB
Loaded train data from ../dataset/sst2/train/7.npz
Data length: 1
Time elapsed 0.11 min
Memory used: 8.19 GB
Loaded train data from ../dataset/sst2/train/8.npz
Data length: 1
Time elapsed 0.17 min
Memory used: 8.19 GB
------------------------- time cost ------------------------- 66.01531958580017

-------------Round number: 11-------------

Evaluate global model
Loaded test data from ../dataset/sst2/test/0.npz
Data length: 1
metric.compute(): {'accuracy': 0.8926056338028169}
ct, ns, auc: 0.8926056338028169, 0, 0
Loaded test data from ../dataset/sst2/test/1.npz
Data length: 1
metric.compute(): {'accuracy': 0.8918014500836586}
ct, ns, auc: 0.8918014500836586, 0, 0
Loaded test data from ../dataset/sst2/test/2.npz
Data length: 1
metric.compute(): {'accuracy': 0.8823975720789075}
ct, ns, auc: 0.8823975720789075, 0, 0
Loaded test data from ../dataset/sst2/test/3.npz
Data length: 1
metric.compute(): {'accuracy': 0.8798932384341637}
ct, ns, auc: 0.8798932384341637, 0, 0
Loaded test data from ../dataset/sst2/test/4.npz
Data length: 1
metric.compute(): {'accuracy': 0.8818297331639136}
ct, ns, auc: 0.8818297331639136, 0, 0
Loaded test data from ../dataset/sst2/test/5.npz
Data length: 1
metric.compute(): {'accuracy': 0.9014844804318488}
ct, ns, auc: 0.9014844804318488, 0, 0
Loaded test data from ../dataset/sst2/test/6.npz
Data length: 1
metric.compute(): {'accuracy': 0.9014598540145985}
ct, ns, auc: 0.9014598540145985, 0, 0
Loaded test data from ../dataset/sst2/test/7.npz
Data length: 1
metric.compute(): {'accuracy': 0.8913043478260869}
ct, ns, auc: 0.8913043478260869, 0, 0
Loaded test data from ../dataset/sst2/test/8.npz
Data length: 1
metric.compute(): {'accuracy': 0.8839814032121724}
ct, ns, auc: 0.8839814032121724, 0, 0
Loaded test data from ../dataset/sst2/test/9.npz
Data length: 1
metric.compute(): {'accuracy': 0.8726483357452967}
ct, ns, auc: 0.8726483357452967, 0, 0
ids: [0, 1, 2, 3, 4, 5, 6, 7, 8, 9]
stats[1]: [0, 0, 0, 0, 0, 0, 0, 0, 0, 0]
stats[2]: [0.8926056338028169, 0.8918014500836586, 0.8823975720789075, 0.8798932384341637, 0.8818297331639136, 0.9014844804318488, 0.9014598540145985, 0.8913043478260869, 0.8839814032121724, 0.8726483357452967]
stats[3]: [0, 0, 0, 0, 0, 0, 0, 0, 0, 0]
Averaged Test Accuracy: 0.8879
Averaged Test AUC: 0.0000
Std Test Accuracy: 0.0094
Std Test AUC: 0.0000
Loaded train data from ../dataset/sst2/train/4.npz
Data length: 1
Time elapsed 0.03 min
Memory used: 8.19 GB
Loaded train data from ../dataset/sst2/train/7.npz
Data length: 1
Time elapsed 0.11 min
Memory used: 8.19 GB
Loaded train data from ../dataset/sst2/train/6.npz
Data length: 1
Time elapsed 0.03 min
Memory used: 8.19 GB
Loaded train data from ../dataset/sst2/train/2.npz
Data length: 1
Time elapsed 0.05 min
Memory used: 8.19 GB
Loaded train data from ../dataset/sst2/train/8.npz
Data length: 1
Time elapsed 0.17 min
Memory used: 8.19 GB
Loaded train data from ../dataset/sst2/train/3.npz
Data length: 1
Time elapsed 0.04 min
Memory used: 8.19 GB
Loaded train data from ../dataset/sst2/train/1.npz
Data length: 1
Time elapsed 0.07 min
Memory used: 8.19 GB
Loaded train data from ../dataset/sst2/train/5.npz
Data length: 1
Time elapsed 0.05 min
Memory used: 8.19 GB
Loaded train data from ../dataset/sst2/train/9.npz
Data length: 1
Time elapsed 0.03 min
Memory used: 8.19 GB
Loaded train data from ../dataset/sst2/train/0.npz
Data length: 1
Time elapsed 0.04 min
Memory used: 8.19 GB
------------------------- time cost ------------------------- 70.19591975212097

-------------Round number: 12-------------

Evaluate global model
Loaded test data from ../dataset/sst2/test/0.npz
Data length: 1
metric.compute(): {'accuracy': 0.8899647887323944}
ct, ns, auc: 0.8899647887323944, 0, 0
Loaded test data from ../dataset/sst2/test/1.npz
Data length: 1
metric.compute(): {'accuracy': 0.8862242052426101}
ct, ns, auc: 0.8862242052426101, 0, 0
Loaded test data from ../dataset/sst2/test/2.npz
Data length: 1
metric.compute(): {'accuracy': 0.8846737481031867}
ct, ns, auc: 0.8846737481031867, 0, 0
Loaded test data from ../dataset/sst2/test/3.npz
Data length: 1
metric.compute(): {'accuracy': 0.8736654804270463}
ct, ns, auc: 0.8736654804270463, 0, 0
Loaded test data from ../dataset/sst2/test/4.npz
Data length: 1
metric.compute(): {'accuracy': 0.8831003811944091}
ct, ns, auc: 0.8831003811944091, 0, 0
Loaded test data from ../dataset/sst2/test/5.npz
Data length: 1
metric.compute(): {'accuracy': 0.8994601889338731}
ct, ns, auc: 0.8994601889338731, 0, 0
Loaded test data from ../dataset/sst2/test/6.npz
Data length: 1
metric.compute(): {'accuracy': 0.9038929440389294}
ct, ns, auc: 0.9038929440389294, 0, 0
Loaded test data from ../dataset/sst2/test/7.npz
Data length: 1
metric.compute(): {'accuracy': 0.8890989287964713}
ct, ns, auc: 0.8890989287964713, 0, 0
Loaded test data from ../dataset/sst2/test/8.npz
Data length: 1
metric.compute(): {'accuracy': 0.8810228233305156}
ct, ns, auc: 0.8810228233305156, 0, 0
Loaded test data from ../dataset/sst2/test/9.npz
Data length: 1
metric.compute(): {'accuracy': 0.874095513748191}
ct, ns, auc: 0.874095513748191, 0, 0
ids: [0, 1, 2, 3, 4, 5, 6, 7, 8, 9]
stats[1]: [0, 0, 0, 0, 0, 0, 0, 0, 0, 0]
stats[2]: [0.8899647887323944, 0.8862242052426101, 0.8846737481031867, 0.8736654804270463, 0.8831003811944091, 0.8994601889338731, 0.9038929440389294, 0.8890989287964713, 0.8810228233305156, 0.874095513748191]
stats[3]: [0, 0, 0, 0, 0, 0, 0, 0, 0, 0]
Averaged Test Accuracy: 0.8865
Averaged Test AUC: 0.0000
Std Test Accuracy: 0.0097
Std Test AUC: 0.0000
Loaded train data from ../dataset/sst2/train/7.npz
Data length: 1
Time elapsed 0.11 min
Memory used: 8.19 GB
Loaded train data from ../dataset/sst2/train/5.npz
Data length: 1
Time elapsed 0.05 min
Memory used: 8.19 GB
Loaded train data from ../dataset/sst2/train/6.npz
Data length: 1
Time elapsed 0.03 min
Memory used: 8.19 GB
Loaded train data from ../dataset/sst2/train/9.npz
Data length: 1
Time elapsed 0.03 min
Memory used: 8.19 GB
Loaded train data from ../dataset/sst2/train/8.npz
Data length: 1
Time elapsed 0.17 min
Memory used: 8.19 GB
Loaded train data from ../dataset/sst2/train/1.npz
Data length: 1
Time elapsed 0.07 min
Memory used: 8.19 GB
Loaded train data from ../dataset/sst2/train/2.npz
Data length: 1
Time elapsed 0.05 min
Memory used: 8.19 GB
Loaded train data from ../dataset/sst2/train/0.npz
Data length: 1
Time elapsed 0.04 min
Memory used: 8.19 GB
Loaded train data from ../dataset/sst2/train/3.npz
Data length: 1
Time elapsed 0.04 min
Memory used: 8.19 GB
Loaded train data from ../dataset/sst2/train/4.npz
Data length: 1
Time elapsed 0.03 min
Memory used: 8.19 GB
------------------------- time cost ------------------------- 66.16152119636536

-------------Round number: 13-------------

Evaluate global model
Loaded test data from ../dataset/sst2/test/0.npz
Data length: 1
metric.compute(): {'accuracy': 0.8882042253521126}
ct, ns, auc: 0.8882042253521126, 0, 0
Loaded test data from ../dataset/sst2/test/1.npz
Data length: 1
metric.compute(): {'accuracy': 0.8873396542108198}
ct, ns, auc: 0.8873396542108198, 0, 0
Loaded test data from ../dataset/sst2/test/2.npz
Data length: 1
metric.compute(): {'accuracy': 0.8861911987860395}
ct, ns, auc: 0.8861911987860395, 0, 0
Loaded test data from ../dataset/sst2/test/3.npz
Data length: 1
metric.compute(): {'accuracy': 0.8709964412811388}
ct, ns, auc: 0.8709964412811388, 0, 0
Loaded test data from ../dataset/sst2/test/4.npz
Data length: 1
metric.compute(): {'accuracy': 0.8805590851334181}
ct, ns, auc: 0.8805590851334181, 0, 0
Loaded test data from ../dataset/sst2/test/5.npz
Data length: 1
metric.compute(): {'accuracy': 0.8960863697705803}
ct, ns, auc: 0.8960863697705803, 0, 0
Loaded test data from ../dataset/sst2/test/6.npz
Data length: 1
metric.compute(): {'accuracy': 0.9038929440389294}
ct, ns, auc: 0.9038929440389294, 0, 0
Loaded test data from ../dataset/sst2/test/7.npz
Data length: 1
metric.compute(): {'accuracy': 0.8818525519848771}
ct, ns, auc: 0.8818525519848771, 0, 0
Loaded test data from ../dataset/sst2/test/8.npz
Data length: 1
metric.compute(): {'accuracy': 0.8831360946745562}
ct, ns, auc: 0.8831360946745562, 0, 0
Loaded test data from ../dataset/sst2/test/9.npz
Data length: 1
metric.compute(): {'accuracy': 0.874095513748191}
ct, ns, auc: 0.874095513748191, 0, 0
ids: [0, 1, 2, 3, 4, 5, 6, 7, 8, 9]
stats[1]: [0, 0, 0, 0, 0, 0, 0, 0, 0, 0]
stats[2]: [0.8882042253521126, 0.8873396542108198, 0.8861911987860395, 0.8709964412811388, 0.8805590851334181, 0.8960863697705803, 0.9038929440389294, 0.8818525519848771, 0.8831360946745562, 0.874095513748191]
stats[3]: [0, 0, 0, 0, 0, 0, 0, 0, 0, 0]
Averaged Test Accuracy: 0.8852
Averaged Test AUC: 0.0000
Std Test Accuracy: 0.0097
Std Test AUC: 0.0000
Loaded train data from ../dataset/sst2/train/7.npz
Data length: 1
Time elapsed 0.11 min
Memory used: 8.19 GB
Loaded train data from ../dataset/sst2/train/2.npz
Data length: 1
Time elapsed 0.05 min
Memory used: 8.19 GB
Loaded train data from ../dataset/sst2/train/1.npz
Data length: 1
Time elapsed 0.07 min
Memory used: 8.19 GB
Loaded train data from ../dataset/sst2/train/3.npz
Data length: 1
Time elapsed 0.04 min
Memory used: 8.19 GB
Loaded train data from ../dataset/sst2/train/4.npz
Data length: 1
Time elapsed 0.03 min
Memory used: 8.19 GB
Loaded train data from ../dataset/sst2/train/9.npz
Data length: 1
Time elapsed 0.03 min
Memory used: 8.19 GB
Loaded train data from ../dataset/sst2/train/5.npz
Data length: 1
Time elapsed 0.05 min
Memory used: 8.19 GB
Loaded train data from ../dataset/sst2/train/0.npz
Data length: 1
Time elapsed 0.04 min
Memory used: 8.19 GB
Loaded train data from ../dataset/sst2/train/8.npz
Data length: 1
Time elapsed 0.17 min
Memory used: 8.19 GB
Loaded train data from ../dataset/sst2/train/6.npz
Data length: 1
Time elapsed 0.03 min
Memory used: 8.19 GB
------------------------- time cost ------------------------- 66.84624671936035

-------------Round number: 14-------------

Evaluate global model
Loaded test data from ../dataset/sst2/test/0.npz
Data length: 1
metric.compute(): {'accuracy': 0.8873239436619719}
ct, ns, auc: 0.8873239436619719, 0, 0
Loaded test data from ../dataset/sst2/test/1.npz
Data length: 1
metric.compute(): {'accuracy': 0.8839933073061907}
ct, ns, auc: 0.8839933073061907, 0, 0
Loaded test data from ../dataset/sst2/test/2.npz
Data length: 1
metric.compute(): {'accuracy': 0.8793626707132018}
ct, ns, auc: 0.8793626707132018, 0, 0
Loaded test data from ../dataset/sst2/test/3.npz
Data length: 1
metric.compute(): {'accuracy': 0.8781138790035588}
ct, ns, auc: 0.8781138790035588, 0, 0
Loaded test data from ../dataset/sst2/test/4.npz
Data length: 1
metric.compute(): {'accuracy': 0.8818297331639136}
ct, ns, auc: 0.8818297331639136, 0, 0
Loaded test data from ../dataset/sst2/test/5.npz
Data length: 1
metric.compute(): {'accuracy': 0.893387314439946}
ct, ns, auc: 0.893387314439946, 0, 0
Loaded test data from ../dataset/sst2/test/6.npz
Data length: 1
metric.compute(): {'accuracy': 0.9087591240875912}
ct, ns, auc: 0.9087591240875912, 0, 0
Loaded test data from ../dataset/sst2/test/7.npz
Data length: 1
metric.compute(): {'accuracy': 0.8827977315689981}
ct, ns, auc: 0.8827977315689981, 0, 0
Loaded test data from ../dataset/sst2/test/8.npz
Data length: 1
metric.compute(): {'accuracy': 0.8816568047337278}
ct, ns, auc: 0.8816568047337278, 0, 0
Loaded test data from ../dataset/sst2/test/9.npz
Data length: 1
metric.compute(): {'accuracy': 0.8726483357452967}
ct, ns, auc: 0.8726483357452967, 0, 0
ids: [0, 1, 2, 3, 4, 5, 6, 7, 8, 9]
stats[1]: [0, 0, 0, 0, 0, 0, 0, 0, 0, 0]
stats[2]: [0.8873239436619719, 0.8839933073061907, 0.8793626707132018, 0.8781138790035588, 0.8818297331639136, 0.893387314439946, 0.9087591240875912, 0.8827977315689981, 0.8816568047337278, 0.8726483357452967]
stats[3]: [0, 0, 0, 0, 0, 0, 0, 0, 0, 0]
Averaged Test Accuracy: 0.8850
Averaged Test AUC: 0.0000
Std Test Accuracy: 0.0100
Std Test AUC: 0.0000
Loaded train data from ../dataset/sst2/train/2.npz
Data length: 1
Time elapsed 0.05 min
Memory used: 8.19 GB
Loaded train data from ../dataset/sst2/train/6.npz
Data length: 1
Time elapsed 0.03 min
Memory used: 8.19 GB
Loaded train data from ../dataset/sst2/train/1.npz
Data length: 1
Time elapsed 0.07 min
Memory used: 8.19 GB
Loaded train data from ../dataset/sst2/train/3.npz
Data length: 1
Time elapsed 0.04 min
Memory used: 8.19 GB
Loaded train data from ../dataset/sst2/train/4.npz
Data length: 1
Time elapsed 0.03 min
Memory used: 8.19 GB
Loaded train data from ../dataset/sst2/train/9.npz
Data length: 1
Time elapsed 0.03 min
Memory used: 8.19 GB
Loaded train data from ../dataset/sst2/train/8.npz
Data length: 1
Time elapsed 0.17 min
Memory used: 8.19 GB
Loaded train data from ../dataset/sst2/train/0.npz
Data length: 1
Time elapsed 0.04 min
Memory used: 8.19 GB
Loaded train data from ../dataset/sst2/train/7.npz
Data length: 1
Time elapsed 0.11 min
Memory used: 8.19 GB
Loaded train data from ../dataset/sst2/train/5.npz
Data length: 1
Time elapsed 0.05 min
Memory used: 8.19 GB
------------------------- time cost ------------------------- 65.83963322639465

-------------Round number: 15-------------

Evaluate global model
Loaded test data from ../dataset/sst2/test/0.npz
Data length: 1
metric.compute(): {'accuracy': 0.8899647887323944}
ct, ns, auc: 0.8899647887323944, 0, 0
Loaded test data from ../dataset/sst2/test/1.npz
Data length: 1
metric.compute(): {'accuracy': 0.8823201338538762}
ct, ns, auc: 0.8823201338538762, 0, 0
Loaded test data from ../dataset/sst2/test/2.npz
Data length: 1
metric.compute(): {'accuracy': 0.881638846737481}
ct, ns, auc: 0.881638846737481, 0, 0
Loaded test data from ../dataset/sst2/test/3.npz
Data length: 1
metric.compute(): {'accuracy': 0.8736654804270463}
ct, ns, auc: 0.8736654804270463, 0, 0
Loaded test data from ../dataset/sst2/test/4.npz
Data length: 1
metric.compute(): {'accuracy': 0.8767471410419314}
ct, ns, auc: 0.8767471410419314, 0, 0
Loaded test data from ../dataset/sst2/test/5.npz
Data length: 1
metric.compute(): {'accuracy': 0.8947368421052632}
ct, ns, auc: 0.8947368421052632, 0, 0
Loaded test data from ../dataset/sst2/test/6.npz
Data length: 1
metric.compute(): {'accuracy': 0.9063260340632603}
ct, ns, auc: 0.9063260340632603, 0, 0
Loaded test data from ../dataset/sst2/test/7.npz
Data length: 1
metric.compute(): {'accuracy': 0.8827977315689981}
ct, ns, auc: 0.8827977315689981, 0, 0
Loaded test data from ../dataset/sst2/test/8.npz
Data length: 1
metric.compute(): {'accuracy': 0.878909551986475}
ct, ns, auc: 0.878909551986475, 0, 0
Loaded test data from ../dataset/sst2/test/9.npz
Data length: 1
metric.compute(): {'accuracy': 0.8712011577424024}
ct, ns, auc: 0.8712011577424024, 0, 0
ids: [0, 1, 2, 3, 4, 5, 6, 7, 8, 9]
stats[1]: [0, 0, 0, 0, 0, 0, 0, 0, 0, 0]
stats[2]: [0.8899647887323944, 0.8823201338538762, 0.881638846737481, 0.8736654804270463, 0.8767471410419314, 0.8947368421052632, 0.9063260340632603, 0.8827977315689981, 0.878909551986475, 0.8712011577424024]
stats[3]: [0, 0, 0, 0, 0, 0, 0, 0, 0, 0]
Averaged Test Accuracy: 0.8838
Averaged Test AUC: 0.0000
Std Test Accuracy: 0.0106
Std Test AUC: 0.0000
Loaded train data from ../dataset/sst2/train/8.npz
Data length: 1
Time elapsed 0.17 min
Memory used: 8.19 GB
Loaded train data from ../dataset/sst2/train/4.npz
Data length: 1
Time elapsed 0.03 min
Memory used: 8.19 GB
Loaded train data from ../dataset/sst2/train/9.npz
Data length: 1
Time elapsed 0.03 min
Memory used: 8.19 GB
Loaded train data from ../dataset/sst2/train/2.npz
Data length: 1
Time elapsed 0.05 min
Memory used: 8.19 GB
Loaded train data from ../dataset/sst2/train/7.npz
Data length: 1
Time elapsed 0.11 min
Memory used: 8.19 GB
Loaded train data from ../dataset/sst2/train/0.npz
Data length: 1
Time elapsed 0.04 min
Memory used: 8.19 GB
Loaded train data from ../dataset/sst2/train/6.npz
Data length: 1
Time elapsed 0.03 min
Memory used: 8.19 GB
Loaded train data from ../dataset/sst2/train/1.npz
Data length: 1
Time elapsed 0.07 min
Memory used: 8.19 GB
Loaded train data from ../dataset/sst2/train/5.npz
Data length: 1
Time elapsed 0.05 min
Memory used: 8.19 GB
Loaded train data from ../dataset/sst2/train/3.npz
Data length: 1
Time elapsed 0.04 min
Memory used: 8.19 GB
------------------------- time cost ------------------------- 70.83442831039429

-------------Round number: 16-------------

Evaluate global model
Loaded test data from ../dataset/sst2/test/0.npz
Data length: 1
metric.compute(): {'accuracy': 0.8820422535211268}
ct, ns, auc: 0.8820422535211268, 0, 0
Loaded test data from ../dataset/sst2/test/1.npz
Data length: 1
metric.compute(): {'accuracy': 0.882877858337981}
ct, ns, auc: 0.882877858337981, 0, 0
Loaded test data from ../dataset/sst2/test/2.npz
Data length: 1
metric.compute(): {'accuracy': 0.8786039453717754}
ct, ns, auc: 0.8786039453717754, 0, 0
Loaded test data from ../dataset/sst2/test/3.npz
Data length: 1
metric.compute(): {'accuracy': 0.8718861209964412}
ct, ns, auc: 0.8718861209964412, 0, 0
Loaded test data from ../dataset/sst2/test/4.npz
Data length: 1
metric.compute(): {'accuracy': 0.8754764930114358}
ct, ns, auc: 0.8754764930114358, 0, 0
Loaded test data from ../dataset/sst2/test/5.npz
Data length: 1
metric.compute(): {'accuracy': 0.893387314439946}
ct, ns, auc: 0.893387314439946, 0, 0
Loaded test data from ../dataset/sst2/test/6.npz
Data length: 1
metric.compute(): {'accuracy': 0.9063260340632603}
ct, ns, auc: 0.9063260340632603, 0, 0
Loaded test data from ../dataset/sst2/test/7.npz
Data length: 1
metric.compute(): {'accuracy': 0.8796471329552615}
ct, ns, auc: 0.8796471329552615, 0, 0
Loaded test data from ../dataset/sst2/test/8.npz
Data length: 1
metric.compute(): {'accuracy': 0.8782755705832629}
ct, ns, auc: 0.8782755705832629, 0, 0
Loaded test data from ../dataset/sst2/test/9.npz
Data length: 1
metric.compute(): {'accuracy': 0.8683068017366136}
ct, ns, auc: 0.8683068017366136, 0, 0
ids: [0, 1, 2, 3, 4, 5, 6, 7, 8, 9]
stats[1]: [0, 0, 0, 0, 0, 0, 0, 0, 0, 0]
stats[2]: [0.8820422535211268, 0.882877858337981, 0.8786039453717754, 0.8718861209964412, 0.8754764930114358, 0.893387314439946, 0.9063260340632603, 0.8796471329552615, 0.8782755705832629, 0.8683068017366136]
stats[3]: [0, 0, 0, 0, 0, 0, 0, 0, 0, 0]
Averaged Test Accuracy: 0.8817
Averaged Test AUC: 0.0000
Std Test Accuracy: 0.0110
Std Test AUC: 0.0000
Loaded train data from ../dataset/sst2/train/3.npz
Data length: 1
Time elapsed 0.04 min
Memory used: 8.19 GB
Loaded train data from ../dataset/sst2/train/1.npz
Data length: 1
Time elapsed 0.07 min
Memory used: 8.19 GB
Loaded train data from ../dataset/sst2/train/4.npz
Data length: 1
Time elapsed 0.03 min
Memory used: 8.19 GB
Loaded train data from ../dataset/sst2/train/9.npz
Data length: 1
Time elapsed 0.03 min
Memory used: 8.19 GB
Loaded train data from ../dataset/sst2/train/6.npz
Data length: 1
Time elapsed 0.03 min
Memory used: 8.19 GB
Loaded train data from ../dataset/sst2/train/2.npz
Data length: 1
Time elapsed 0.05 min
Memory used: 8.19 GB
Loaded train data from ../dataset/sst2/train/5.npz
Data length: 1
Time elapsed 0.05 min
Memory used: 8.19 GB
Loaded train data from ../dataset/sst2/train/0.npz
Data length: 1
Time elapsed 0.04 min
Memory used: 8.19 GB
Loaded train data from ../dataset/sst2/train/8.npz
Data length: 1
Time elapsed 0.17 min
Memory used: 8.19 GB
Loaded train data from ../dataset/sst2/train/7.npz
Data length: 1
Time elapsed 0.11 min
Memory used: 8.19 GB
------------------------- time cost ------------------------- 66.57545232772827

-------------Round number: 17-------------

Evaluate global model
Loaded test data from ../dataset/sst2/test/0.npz
Data length: 1
metric.compute(): {'accuracy': 0.8758802816901409}
ct, ns, auc: 0.8758802816901409, 0, 0
Loaded test data from ../dataset/sst2/test/1.npz
Data length: 1
metric.compute(): {'accuracy': 0.8834355828220859}
ct, ns, auc: 0.8834355828220859, 0, 0
Loaded test data from ../dataset/sst2/test/2.npz
Data length: 1
metric.compute(): {'accuracy': 0.8755690440060698}
ct, ns, auc: 0.8755690440060698, 0, 0
Loaded test data from ../dataset/sst2/test/3.npz
Data length: 1
metric.compute(): {'accuracy': 0.8718861209964412}
ct, ns, auc: 0.8718861209964412, 0, 0
Loaded test data from ../dataset/sst2/test/4.npz
Data length: 1
metric.compute(): {'accuracy': 0.8767471410419314}
ct, ns, auc: 0.8767471410419314, 0, 0
Loaded test data from ../dataset/sst2/test/5.npz
Data length: 1
metric.compute(): {'accuracy': 0.8954116059379217}
ct, ns, auc: 0.8954116059379217, 0, 0
Loaded test data from ../dataset/sst2/test/6.npz
Data length: 1
metric.compute(): {'accuracy': 0.9014598540145985}
ct, ns, auc: 0.9014598540145985, 0, 0
Loaded test data from ../dataset/sst2/test/7.npz
Data length: 1
metric.compute(): {'accuracy': 0.8780718336483931}
ct, ns, auc: 0.8780718336483931, 0, 0
Loaded test data from ../dataset/sst2/test/8.npz
Data length: 1
metric.compute(): {'accuracy': 0.8744716821639898}
ct, ns, auc: 0.8744716821639898, 0, 0
Loaded test data from ../dataset/sst2/test/9.npz
Data length: 1
metric.compute(): {'accuracy': 0.8668596237337193}
ct, ns, auc: 0.8668596237337193, 0, 0
ids: [0, 1, 2, 3, 4, 5, 6, 7, 8, 9]
stats[1]: [0, 0, 0, 0, 0, 0, 0, 0, 0, 0]
stats[2]: [0.8758802816901409, 0.8834355828220859, 0.8755690440060698, 0.8718861209964412, 0.8767471410419314, 0.8954116059379217, 0.9014598540145985, 0.8780718336483931, 0.8744716821639898, 0.8668596237337193]
stats[3]: [0, 0, 0, 0, 0, 0, 0, 0, 0, 0]
Averaged Test Accuracy: 0.8800
Averaged Test AUC: 0.0000
Std Test Accuracy: 0.0107
Std Test AUC: 0.0000
Loaded train data from ../dataset/sst2/train/5.npz
Data length: 1
Time elapsed 0.05 min
Memory used: 8.19 GB
Loaded train data from ../dataset/sst2/train/9.npz
Data length: 1
Time elapsed 0.03 min
Memory used: 8.19 GB
Loaded train data from ../dataset/sst2/train/4.npz
Data length: 1
Time elapsed 0.03 min
Memory used: 8.19 GB
Loaded train data from ../dataset/sst2/train/2.npz
Data length: 1
Time elapsed 0.05 min
Memory used: 8.19 GB
Loaded train data from ../dataset/sst2/train/3.npz
Data length: 1
Time elapsed 0.04 min
Memory used: 8.19 GB
Loaded train data from ../dataset/sst2/train/7.npz
Data length: 1
Time elapsed 0.11 min
Memory used: 8.19 GB
Loaded train data from ../dataset/sst2/train/8.npz
Data length: 1
Time elapsed 0.17 min
Memory used: 8.19 GB
Loaded train data from ../dataset/sst2/train/6.npz
Data length: 1
Time elapsed 0.03 min
Memory used: 8.19 GB
Loaded train data from ../dataset/sst2/train/0.npz
Data length: 1
Time elapsed 0.04 min
Memory used: 8.19 GB
Loaded train data from ../dataset/sst2/train/1.npz
Data length: 1
Time elapsed 0.07 min
Memory used: 8.19 GB
------------------------- time cost ------------------------- 65.94744801521301

-------------Round number: 18-------------

Evaluate global model
Loaded test data from ../dataset/sst2/test/0.npz
Data length: 1
metric.compute(): {'accuracy': 0.8758802816901409}
ct, ns, auc: 0.8758802816901409, 0, 0
Loaded test data from ../dataset/sst2/test/1.npz
Data length: 1
metric.compute(): {'accuracy': 0.8778583379810374}
ct, ns, auc: 0.8778583379810374, 0, 0
Loaded test data from ../dataset/sst2/test/2.npz
Data length: 1
metric.compute(): {'accuracy': 0.8725341426403642}
ct, ns, auc: 0.8725341426403642, 0, 0
Loaded test data from ../dataset/sst2/test/3.npz
Data length: 1
metric.compute(): {'accuracy': 0.8701067615658363}
ct, ns, auc: 0.8701067615658363, 0, 0
Loaded test data from ../dataset/sst2/test/4.npz
Data length: 1
metric.compute(): {'accuracy': 0.8716645489199492}
ct, ns, auc: 0.8716645489199492, 0, 0
Loaded test data from ../dataset/sst2/test/5.npz
Data length: 1
metric.compute(): {'accuracy': 0.8967611336032388}
ct, ns, auc: 0.8967611336032388, 0, 0
Loaded test data from ../dataset/sst2/test/6.npz
Data length: 1
metric.compute(): {'accuracy': 0.9014598540145985}
ct, ns, auc: 0.9014598540145985, 0, 0
Loaded test data from ../dataset/sst2/test/7.npz
Data length: 1
metric.compute(): {'accuracy': 0.8783868935097668}
ct, ns, auc: 0.8783868935097668, 0, 0
Loaded test data from ../dataset/sst2/test/8.npz
Data length: 1
metric.compute(): {'accuracy': 0.8704564666103127}
ct, ns, auc: 0.8704564666103127, 0, 0
Loaded test data from ../dataset/sst2/test/9.npz
Data length: 1
metric.compute(): {'accuracy': 0.8639652677279306}
ct, ns, auc: 0.8639652677279306, 0, 0
ids: [0, 1, 2, 3, 4, 5, 6, 7, 8, 9]
stats[1]: [0, 0, 0, 0, 0, 0, 0, 0, 0, 0]
stats[2]: [0.8758802816901409, 0.8778583379810374, 0.8725341426403642, 0.8701067615658363, 0.8716645489199492, 0.8967611336032388, 0.9014598540145985, 0.8783868935097668, 0.8704564666103127, 0.8639652677279306]
stats[3]: [0, 0, 0, 0, 0, 0, 0, 0, 0, 0]
Averaged Test Accuracy: 0.8779
Averaged Test AUC: 0.0000
Std Test Accuracy: 0.0120
Std Test AUC: 0.0000
Loaded train data from ../dataset/sst2/train/9.npz
Data length: 1
Time elapsed 0.03 min
Memory used: 8.19 GB
Loaded train data from ../dataset/sst2/train/5.npz
Data length: 1
Time elapsed 0.05 min
Memory used: 8.19 GB
Loaded train data from ../dataset/sst2/train/4.npz
Data length: 1
Time elapsed 0.03 min
Memory used: 8.19 GB
Loaded train data from ../dataset/sst2/train/3.npz
Data length: 1
Time elapsed 0.04 min
Memory used: 8.19 GB
Loaded train data from ../dataset/sst2/train/6.npz
Data length: 1
Time elapsed 0.03 min
Memory used: 8.19 GB
Loaded train data from ../dataset/sst2/train/2.npz
Data length: 1
Time elapsed 0.05 min
Memory used: 8.19 GB
Loaded train data from ../dataset/sst2/train/7.npz
Data length: 1
Time elapsed 0.11 min
Memory used: 8.19 GB
Loaded train data from ../dataset/sst2/train/8.npz
Data length: 1
Time elapsed 0.17 min
Memory used: 8.19 GB
Loaded train data from ../dataset/sst2/train/1.npz
Data length: 1
Time elapsed 0.07 min
Memory used: 8.19 GB
Loaded train data from ../dataset/sst2/train/0.npz
Data length: 1
Time elapsed 0.04 min
Memory used: 8.19 GB
------------------------- time cost ------------------------- 70.21292328834534

-------------Round number: 19-------------

Evaluate global model
Loaded test data from ../dataset/sst2/test/0.npz
Data length: 1
metric.compute(): {'accuracy': 0.8705985915492958}
ct, ns, auc: 0.8705985915492958, 0, 0
Loaded test data from ../dataset/sst2/test/1.npz
Data length: 1
metric.compute(): {'accuracy': 0.8761851645287229}
ct, ns, auc: 0.8761851645287229, 0, 0
Loaded test data from ../dataset/sst2/test/2.npz
Data length: 1
metric.compute(): {'accuracy': 0.8717754172989378}
ct, ns, auc: 0.8717754172989378, 0, 0
Loaded test data from ../dataset/sst2/test/3.npz
Data length: 1
metric.compute(): {'accuracy': 0.8647686832740213}
ct, ns, auc: 0.8647686832740213, 0, 0
Loaded test data from ../dataset/sst2/test/4.npz
Data length: 1
metric.compute(): {'accuracy': 0.866581956797967}
ct, ns, auc: 0.866581956797967, 0, 0
Loaded test data from ../dataset/sst2/test/5.npz
Data length: 1
metric.compute(): {'accuracy': 0.8940620782726046}
ct, ns, auc: 0.8940620782726046, 0, 0
Loaded test data from ../dataset/sst2/test/6.npz
Data length: 1
metric.compute(): {'accuracy': 0.8990267639902676}
ct, ns, auc: 0.8990267639902676, 0, 0
Loaded test data from ../dataset/sst2/test/7.npz
Data length: 1
metric.compute(): {'accuracy': 0.8746061751732829}
ct, ns, auc: 0.8746061751732829, 0, 0
Loaded test data from ../dataset/sst2/test/8.npz
Data length: 1
metric.compute(): {'accuracy': 0.8681318681318682}
ct, ns, auc: 0.8681318681318682, 0, 0
Loaded test data from ../dataset/sst2/test/9.npz
Data length: 1
metric.compute(): {'accuracy': 0.8625180897250362}
ct, ns, auc: 0.8625180897250362, 0, 0
ids: [0, 1, 2, 3, 4, 5, 6, 7, 8, 9]
stats[1]: [0, 0, 0, 0, 0, 0, 0, 0, 0, 0]
stats[2]: [0.8705985915492958, 0.8761851645287229, 0.8717754172989378, 0.8647686832740213, 0.866581956797967, 0.8940620782726046, 0.8990267639902676, 0.8746061751732829, 0.8681318681318682, 0.8625180897250362]
stats[3]: [0, 0, 0, 0, 0, 0, 0, 0, 0, 0]
Averaged Test Accuracy: 0.8748
Averaged Test AUC: 0.0000
Std Test Accuracy: 0.0122
Std Test AUC: 0.0000
Loaded train data from ../dataset/sst2/train/6.npz
Data length: 1
Time elapsed 0.03 min
Memory used: 8.19 GB
Loaded train data from ../dataset/sst2/train/3.npz
Data length: 1
Time elapsed 0.04 min
Memory used: 8.19 GB
Loaded train data from ../dataset/sst2/train/5.npz
Data length: 1
Time elapsed 0.05 min
Memory used: 8.19 GB
Loaded train data from ../dataset/sst2/train/4.npz
Data length: 1
Time elapsed 0.03 min
Memory used: 8.19 GB
Loaded train data from ../dataset/sst2/train/2.npz
Data length: 1
Time elapsed 0.05 min
Memory used: 8.19 GB
Loaded train data from ../dataset/sst2/train/8.npz
Data length: 1
Time elapsed 0.17 min
Memory used: 8.19 GB
Loaded train data from ../dataset/sst2/train/9.npz
Data length: 1
Time elapsed 0.03 min
Memory used: 8.19 GB
Loaded train data from ../dataset/sst2/train/0.npz
Data length: 1
Time elapsed 0.04 min
Memory used: 8.19 GB
Loaded train data from ../dataset/sst2/train/7.npz
Data length: 1
Time elapsed 0.11 min
Memory used: 8.19 GB
Loaded train data from ../dataset/sst2/train/1.npz
Data length: 1
Time elapsed 0.07 min
Memory used: 8.19 GB
------------------------- time cost ------------------------- 67.04241800308228

-------------Round number: 20-------------

Evaluate global model
Loaded test data from ../dataset/sst2/test/0.npz
Data length: 1
metric.compute(): {'accuracy': 0.8679577464788732}
ct, ns, auc: 0.8679577464788732, 0, 0
Loaded test data from ../dataset/sst2/test/1.npz
Data length: 1
metric.compute(): {'accuracy': 0.8739542665923034}
ct, ns, auc: 0.8739542665923034, 0, 0
Loaded test data from ../dataset/sst2/test/2.npz
Data length: 1
metric.compute(): {'accuracy': 0.8710166919575114}
ct, ns, auc: 0.8710166919575114, 0, 0
Loaded test data from ../dataset/sst2/test/3.npz
Data length: 1
metric.compute(): {'accuracy': 0.8612099644128114}
ct, ns, auc: 0.8612099644128114, 0, 0
Loaded test data from ../dataset/sst2/test/4.npz
Data length: 1
metric.compute(): {'accuracy': 0.866581956797967}
ct, ns, auc: 0.866581956797967, 0, 0
Loaded test data from ../dataset/sst2/test/5.npz
Data length: 1
metric.compute(): {'accuracy': 0.8913630229419703}
ct, ns, auc: 0.8913630229419703, 0, 0
Loaded test data from ../dataset/sst2/test/6.npz
Data length: 1
metric.compute(): {'accuracy': 0.8941605839416058}
ct, ns, auc: 0.8941605839416058, 0, 0
Loaded test data from ../dataset/sst2/test/7.npz
Data length: 1
metric.compute(): {'accuracy': 0.8742911153119093}
ct, ns, auc: 0.8742911153119093, 0, 0
Loaded test data from ../dataset/sst2/test/8.npz
Data length: 1
metric.compute(): {'accuracy': 0.8670752324598479}
ct, ns, auc: 0.8670752324598479, 0, 0
Loaded test data from ../dataset/sst2/test/9.npz
Data length: 1
metric.compute(): {'accuracy': 0.8596237337192475}
ct, ns, auc: 0.8596237337192475, 0, 0
ids: [0, 1, 2, 3, 4, 5, 6, 7, 8, 9]
stats[1]: [0, 0, 0, 0, 0, 0, 0, 0, 0, 0]
stats[2]: [0.8679577464788732, 0.8739542665923034, 0.8710166919575114, 0.8612099644128114, 0.866581956797967, 0.8913630229419703, 0.8941605839416058, 0.8742911153119093, 0.8670752324598479, 0.8596237337192475]
stats[3]: [0, 0, 0, 0, 0, 0, 0, 0, 0, 0]
Averaged Test Accuracy: 0.8727
Averaged Test AUC: 0.0000
Std Test Accuracy: 0.0116
Std Test AUC: 0.0000
Loaded train data from ../dataset/sst2/train/7.npz
Data length: 1
Time elapsed 0.11 min
Memory used: 8.19 GB
Loaded train data from ../dataset/sst2/train/4.npz
Data length: 1
Time elapsed 0.03 min
Memory used: 8.19 GB
Loaded train data from ../dataset/sst2/train/8.npz
Data length: 1
Time elapsed 0.17 min
Memory used: 8.19 GB
Loaded train data from ../dataset/sst2/train/9.npz
Data length: 1
Time elapsed 0.03 min
Memory used: 8.19 GB
Loaded train data from ../dataset/sst2/train/3.npz
Data length: 1
Time elapsed 0.04 min
Memory used: 8.19 GB
Loaded train data from ../dataset/sst2/train/0.npz
Data length: 1
Time elapsed 0.04 min
Memory used: 8.19 GB
Loaded train data from ../dataset/sst2/train/2.npz
Data length: 1
Time elapsed 0.05 min
Memory used: 8.19 GB
Loaded train data from ../dataset/sst2/train/1.npz
Data length: 1
Time elapsed 0.07 min
Memory used: 8.19 GB
Loaded train data from ../dataset/sst2/train/5.npz
Data length: 1
Time elapsed 0.05 min
Memory used: 8.19 GB
Loaded train data from ../dataset/sst2/train/6.npz
Data length: 1
Time elapsed 0.03 min
Memory used: 8.19 GB
------------------------- time cost ------------------------- 67.15733122825623

-------------Round number: 21-------------

Evaluate global model
Loaded test data from ../dataset/sst2/test/0.npz
Data length: 1
metric.compute(): {'accuracy': 0.8670774647887324}
ct, ns, auc: 0.8670774647887324, 0, 0
Loaded test data from ../dataset/sst2/test/1.npz
Data length: 1
metric.compute(): {'accuracy': 0.8761851645287229}
ct, ns, auc: 0.8761851645287229, 0, 0
Loaded test data from ../dataset/sst2/test/2.npz
Data length: 1
metric.compute(): {'accuracy': 0.870257966616085}
ct, ns, auc: 0.870257966616085, 0, 0
Loaded test data from ../dataset/sst2/test/3.npz
Data length: 1
metric.compute(): {'accuracy': 0.8620996441281139}
ct, ns, auc: 0.8620996441281139, 0, 0
Loaded test data from ../dataset/sst2/test/4.npz
Data length: 1
metric.compute(): {'accuracy': 0.8640406607369758}
ct, ns, auc: 0.8640406607369758, 0, 0
Loaded test data from ../dataset/sst2/test/5.npz
Data length: 1
metric.compute(): {'accuracy': 0.8920377867746289}
ct, ns, auc: 0.8920377867746289, 0, 0
Loaded test data from ../dataset/sst2/test/6.npz
Data length: 1
metric.compute(): {'accuracy': 0.8929440389294404}
ct, ns, auc: 0.8929440389294404, 0, 0
Loaded test data from ../dataset/sst2/test/7.npz
Data length: 1
metric.compute(): {'accuracy': 0.8739760554505356}
ct, ns, auc: 0.8739760554505356, 0, 0
Loaded test data from ../dataset/sst2/test/8.npz
Data length: 1
metric.compute(): {'accuracy': 0.8658072696534235}
ct, ns, auc: 0.8658072696534235, 0, 0
Loaded test data from ../dataset/sst2/test/9.npz
Data length: 1
metric.compute(): {'accuracy': 0.8552821997105644}
ct, ns, auc: 0.8552821997105644, 0, 0
ids: [0, 1, 2, 3, 4, 5, 6, 7, 8, 9]
stats[1]: [0, 0, 0, 0, 0, 0, 0, 0, 0, 0]
stats[2]: [0.8670774647887324, 0.8761851645287229, 0.870257966616085, 0.8620996441281139, 0.8640406607369758, 0.8920377867746289, 0.8929440389294404, 0.8739760554505356, 0.8658072696534235, 0.8552821997105644]
stats[3]: [0, 0, 0, 0, 0, 0, 0, 0, 0, 0]
Averaged Test Accuracy: 0.8720
Averaged Test AUC: 0.0000
Std Test Accuracy: 0.0123
Std Test AUC: 0.0000
Loaded train data from ../dataset/sst2/train/5.npz
Data length: 1
Time elapsed 0.05 min
Memory used: 8.19 GB
Loaded train data from ../dataset/sst2/train/7.npz
Data length: 1
Time elapsed 0.12 min
Memory used: 8.19 GB
Loaded train data from ../dataset/sst2/train/6.npz
Data length: 1
Time elapsed 0.03 min
Memory used: 8.19 GB
Loaded train data from ../dataset/sst2/train/1.npz
Data length: 1
Time elapsed 0.07 min
Memory used: 8.19 GB
Loaded train data from ../dataset/sst2/train/4.npz
Data length: 1
Time elapsed 0.03 min
Memory used: 8.19 GB
Loaded train data from ../dataset/sst2/train/8.npz
Data length: 1
Time elapsed 0.17 min
Memory used: 8.19 GB
Loaded train data from ../dataset/sst2/train/3.npz
Data length: 1
Time elapsed 0.04 min
Memory used: 8.19 GB
Loaded train data from ../dataset/sst2/train/2.npz
Data length: 1
Time elapsed 0.05 min
Memory used: 8.19 GB
Loaded train data from ../dataset/sst2/train/0.npz
Data length: 1
Time elapsed 0.04 min
Memory used: 8.19 GB
Loaded train data from ../dataset/sst2/train/9.npz
Data length: 1
Time elapsed 0.03 min
Memory used: 8.19 GB
------------------------- time cost ------------------------- 66.37008547782898

-------------Round number: 22-------------

Evaluate global model
Loaded test data from ../dataset/sst2/test/0.npz
Data length: 1
metric.compute(): {'accuracy': 0.8688380281690141}
ct, ns, auc: 0.8688380281690141, 0, 0
Loaded test data from ../dataset/sst2/test/1.npz
Data length: 1
metric.compute(): {'accuracy': 0.8700501952035694}
ct, ns, auc: 0.8700501952035694, 0, 0
Loaded test data from ../dataset/sst2/test/2.npz
Data length: 1
metric.compute(): {'accuracy': 0.870257966616085}
ct, ns, auc: 0.870257966616085, 0, 0
Loaded test data from ../dataset/sst2/test/3.npz
Data length: 1
metric.compute(): {'accuracy': 0.8612099644128114}
ct, ns, auc: 0.8612099644128114, 0, 0
Loaded test data from ../dataset/sst2/test/4.npz
Data length: 1
metric.compute(): {'accuracy': 0.8627700127064803}
ct, ns, auc: 0.8627700127064803, 0, 0
Loaded test data from ../dataset/sst2/test/5.npz
Data length: 1
metric.compute(): {'accuracy': 0.888663967611336}
ct, ns, auc: 0.888663967611336, 0, 0
Loaded test data from ../dataset/sst2/test/6.npz
Data length: 1
metric.compute(): {'accuracy': 0.8880778588807786}
ct, ns, auc: 0.8880778588807786, 0, 0
Loaded test data from ../dataset/sst2/test/7.npz
Data length: 1
metric.compute(): {'accuracy': 0.8720856962822936}
ct, ns, auc: 0.8720856962822936, 0, 0
Loaded test data from ../dataset/sst2/test/8.npz
Data length: 1
metric.compute(): {'accuracy': 0.8620033812341504}
ct, ns, auc: 0.8620033812341504, 0, 0
Loaded test data from ../dataset/sst2/test/9.npz
Data length: 1
metric.compute(): {'accuracy': 0.8552821997105644}
ct, ns, auc: 0.8552821997105644, 0, 0
ids: [0, 1, 2, 3, 4, 5, 6, 7, 8, 9]
stats[1]: [0, 0, 0, 0, 0, 0, 0, 0, 0, 0]
stats[2]: [0.8688380281690141, 0.8700501952035694, 0.870257966616085, 0.8612099644128114, 0.8627700127064803, 0.888663967611336, 0.8880778588807786, 0.8720856962822936, 0.8620033812341504, 0.8552821997105644]
stats[3]: [0, 0, 0, 0, 0, 0, 0, 0, 0, 0]
Averaged Test Accuracy: 0.8699
Averaged Test AUC: 0.0000
Std Test Accuracy: 0.0110
Std Test AUC: 0.0000
Loaded train data from ../dataset/sst2/train/2.npz
Data length: 1
Time elapsed 0.05 min
Memory used: 8.19 GB
Loaded train data from ../dataset/sst2/train/5.npz
Data length: 1
Time elapsed 0.05 min
Memory used: 8.19 GB
Loaded train data from ../dataset/sst2/train/1.npz
Data length: 1
Time elapsed 0.07 min
Memory used: 8.19 GB
Loaded train data from ../dataset/sst2/train/9.npz
Data length: 1
Time elapsed 0.03 min
Memory used: 8.19 GB
Loaded train data from ../dataset/sst2/train/0.npz
Data length: 1
Time elapsed 0.04 min
Memory used: 8.19 GB
Loaded train data from ../dataset/sst2/train/4.npz
Data length: 1
Time elapsed 0.03 min
Memory used: 8.19 GB
Loaded train data from ../dataset/sst2/train/8.npz
Data length: 1
Time elapsed 0.17 min
Memory used: 8.19 GB
Loaded train data from ../dataset/sst2/train/7.npz
Data length: 1
