GPU details saved to $output_file
__TORCH Version: 2.3.1+cu121
__CUDNN Version: 8902
__CUDA version:  12.1
__Number CUDA Devices: 1
__CUDA Device Name: NVIDIA A100-SXM4-40GB
__CUDA Device Total Memory [GB]: 42.297786368
__CUDA Device Total Memory [GB]: 42.297786368
args.dataset: sst2
args.num_labels: 2
==================================================
Personalized Federated Learning: True
Uniform Weight: False
Normalized Rank: False
Normalized Alpha: False
lora_rank: 2
lora_alpha: 8
lora_dropout: 0.1
lora_query: True
lora_key: True
lora_value: True
lora_projection: True
lora_mlp: True
lora_head: True
aa_bottleneck_reduction: 1
aa_text: False
aa_vision: False
ca_bottleneck_reduction: 4
ca_text: False
ca_vision: False
Seed: 42
Algorithm: flora
Local batch size: 128
Local epochs: 1
Local learing rate: 0.0005
Local learing rate decay: False
Total number of clients: 10
Clients join in each round: 1.0
Clients randomly join: False
Client drop rate: 0.0
Client select regarding time: False
Running times: 1
Dataset: sst2
Number of classes: 10
Backbone: distilbert
Using device: cuda
Using DP: False
Auto break: False
Global rounds: 50
Cuda device id: 3
DLG attack: False
Total number of new clients: 0
Fine tuning epoches on new clients: 0
==================================================

============= Running time: 0th =============
Creating server and clients ...
Loaded train data from ../dataset/sst2/train/0.npz
Data length: 1
Loaded test data from ../dataset/sst2/test/0.npz
Data length: 1
self.lora_params: {'rank': 2, 'alpha': 8, 'dropout': 0.1, 'lora_query': True, 'lora_key': True, 'lora_value': True, 'lora_projection': True, 'lora_mlp': True, 'lora_head': True}
Loaded train data from ../dataset/sst2/train/1.npz
Data length: 1
Loaded test data from ../dataset/sst2/test/1.npz
Data length: 1
self.lora_params: {'rank': 2, 'alpha': 8, 'dropout': 0.1, 'lora_query': True, 'lora_key': True, 'lora_value': True, 'lora_projection': True, 'lora_mlp': True, 'lora_head': True}
Loaded train data from ../dataset/sst2/train/2.npz
Data length: 1
Loaded test data from ../dataset/sst2/test/2.npz
Data length: 1
self.lora_params: {'rank': 2, 'alpha': 8, 'dropout': 0.1, 'lora_query': True, 'lora_key': True, 'lora_value': True, 'lora_projection': True, 'lora_mlp': True, 'lora_head': True}
Loaded train data from ../dataset/sst2/train/3.npz
Data length: 1
Loaded test data from ../dataset/sst2/test/3.npz
Data length: 1
self.lora_params: {'rank': 2, 'alpha': 8, 'dropout': 0.1, 'lora_query': True, 'lora_key': True, 'lora_value': True, 'lora_projection': True, 'lora_mlp': True, 'lora_head': True}
Loaded train data from ../dataset/sst2/train/4.npz
Data length: 1
Loaded test data from ../dataset/sst2/test/4.npz
Data length: 1
self.lora_params: {'rank': 2, 'alpha': 8, 'dropout': 0.1, 'lora_query': True, 'lora_key': True, 'lora_value': True, 'lora_projection': True, 'lora_mlp': True, 'lora_head': True}
Loaded train data from ../dataset/sst2/train/5.npz
Data length: 1
Loaded test data from ../dataset/sst2/test/5.npz
Data length: 1
self.lora_params: {'rank': 2, 'alpha': 8, 'dropout': 0.1, 'lora_query': True, 'lora_key': True, 'lora_value': True, 'lora_projection': True, 'lora_mlp': True, 'lora_head': True}
Loaded train data from ../dataset/sst2/train/6.npz
Data length: 1
Loaded test data from ../dataset/sst2/test/6.npz
Data length: 1
self.lora_params: {'rank': 2, 'alpha': 8, 'dropout': 0.1, 'lora_query': True, 'lora_key': True, 'lora_value': True, 'lora_projection': True, 'lora_mlp': True, 'lora_head': True}
Loaded train data from ../dataset/sst2/train/7.npz
Data length: 1
Loaded test data from ../dataset/sst2/test/7.npz
Data length: 1
self.lora_params: {'rank': 2, 'alpha': 8, 'dropout': 0.1, 'lora_query': True, 'lora_key': True, 'lora_value': True, 'lora_projection': True, 'lora_mlp': True, 'lora_head': True}
Loaded train data from ../dataset/sst2/train/8.npz
Data length: 1
Loaded test data from ../dataset/sst2/test/8.npz
Data length: 1
self.lora_params: {'rank': 2, 'alpha': 8, 'dropout': 0.1, 'lora_query': True, 'lora_key': True, 'lora_value': True, 'lora_projection': True, 'lora_mlp': True, 'lora_head': True}
Loaded train data from ../dataset/sst2/train/9.npz
Data length: 1
Loaded test data from ../dataset/sst2/test/9.npz
Data length: 1
self.lora_params: {'rank': 2, 'alpha': 8, 'dropout': 0.1, 'lora_query': True, 'lora_key': True, 'lora_value': True, 'lora_projection': True, 'lora_mlp': True, 'lora_head': True}

Join ratio / total clients: 1.0 / 10
Finished creating server and clients.

-------------Round number: 0-------------

Evaluate global model
Loaded test data from ../dataset/sst2/test/0.npz
Data length: 1
metric.compute(): {'accuracy': 0.5545774647887324}
ct, ns, auc: 0.5545774647887324, 0, 0
Loaded test data from ../dataset/sst2/test/1.npz
Data length: 1
metric.compute(): {'accuracy': 0.5515895147796989}
ct, ns, auc: 0.5515895147796989, 0, 0
Loaded test data from ../dataset/sst2/test/2.npz
Data length: 1
metric.compute(): {'accuracy': 0.507587253414264}
ct, ns, auc: 0.507587253414264, 0, 0
Loaded test data from ../dataset/sst2/test/3.npz
Data length: 1
metric.compute(): {'accuracy': 0.548932384341637}
ct, ns, auc: 0.548932384341637, 0, 0
Loaded test data from ../dataset/sst2/test/4.npz
Data length: 1
metric.compute(): {'accuracy': 0.4218551461245235}
ct, ns, auc: 0.4218551461245235, 0, 0
Loaded test data from ../dataset/sst2/test/5.npz
Data length: 1
metric.compute(): {'accuracy': 0.5418353576248313}
ct, ns, auc: 0.5418353576248313, 0, 0
Loaded test data from ../dataset/sst2/test/6.npz
Data length: 1
metric.compute(): {'accuracy': 0.5571776155717761}
ct, ns, auc: 0.5571776155717761, 0, 0
Loaded test data from ../dataset/sst2/test/7.npz
Data length: 1
metric.compute(): {'accuracy': 0.5545053560176434}
ct, ns, auc: 0.5545053560176434, 0, 0
Loaded test data from ../dataset/sst2/test/8.npz
Data length: 1
metric.compute(): {'accuracy': 0.4427303465765004}
ct, ns, auc: 0.4427303465765004, 0, 0
Loaded test data from ../dataset/sst2/test/9.npz
Data length: 1
metric.compute(): {'accuracy': 0.5397973950795948}
ct, ns, auc: 0.5397973950795948, 0, 0
ids: [0, 1, 2, 3, 4, 5, 6, 7, 8, 9]
stats[1]: [0, 0, 0, 0, 0, 0, 0, 0, 0, 0]
stats[2]: [0.5545774647887324, 0.5515895147796989, 0.507587253414264, 0.548932384341637, 0.4218551461245235, 0.5418353576248313, 0.5571776155717761, 0.5545053560176434, 0.4427303465765004, 0.5397973950795948]
stats[3]: [0, 0, 0, 0, 0, 0, 0, 0, 0, 0]
Averaged Test Accuracy: 0.5221
Averaged Test AUC: 0.0000
Std Test Accuracy: 0.0497
Std Test AUC: 0.0000
Loaded train data from ../dataset/sst2/train/8.npz
Data length: 1
Time elapsed 0.17 min
Memory used: 8.59 GB
Loaded train data from ../dataset/sst2/train/1.npz
Data length: 1
Time elapsed 0.07 min
Memory used: 8.61 GB
Loaded train data from ../dataset/sst2/train/5.npz
Data length: 1
Time elapsed 0.05 min
Memory used: 8.61 GB
Loaded train data from ../dataset/sst2/train/0.npz
Data length: 1
Time elapsed 0.04 min
Memory used: 8.61 GB
Loaded train data from ../dataset/sst2/train/7.npz
Data length: 1
Time elapsed 0.11 min
Memory used: 8.61 GB
Loaded train data from ../dataset/sst2/train/2.npz
Data length: 1
Time elapsed 0.05 min
Memory used: 8.61 GB
Loaded train data from ../dataset/sst2/train/9.npz
Data length: 1
Time elapsed 0.03 min
Memory used: 8.62 GB
Loaded train data from ../dataset/sst2/train/4.npz
Data length: 1
Time elapsed 0.03 min
Memory used: 8.62 GB
Loaded train data from ../dataset/sst2/train/3.npz
Data length: 1
Time elapsed 0.04 min
Memory used: 8.62 GB
Loaded train data from ../dataset/sst2/train/6.npz
Data length: 1
Time elapsed 0.03 min
Memory used: 8.64 GB
------------------------- time cost ------------------------- 66.5413269996643

-------------Round number: 1-------------

Evaluate global model
Loaded test data from ../dataset/sst2/test/0.npz
Data length: 1
metric.compute(): {'accuracy': 0.5545774647887324}
ct, ns, auc: 0.5545774647887324, 0, 0
Loaded test data from ../dataset/sst2/test/1.npz
Data length: 1
metric.compute(): {'accuracy': 0.5488008923591746}
ct, ns, auc: 0.5488008923591746, 0, 0
Loaded test data from ../dataset/sst2/test/2.npz
Data length: 1
metric.compute(): {'accuracy': 0.5303490136570561}
ct, ns, auc: 0.5303490136570561, 0, 0
Loaded test data from ../dataset/sst2/test/3.npz
Data length: 1
metric.compute(): {'accuracy': 0.548932384341637}
ct, ns, auc: 0.548932384341637, 0, 0
Loaded test data from ../dataset/sst2/test/4.npz
Data length: 1
metric.compute(): {'accuracy': 0.41804320203303685}
ct, ns, auc: 0.41804320203303685, 0, 0
Loaded test data from ../dataset/sst2/test/5.npz
Data length: 1
metric.compute(): {'accuracy': 0.5445344129554656}
ct, ns, auc: 0.5445344129554656, 0, 0
Loaded test data from ../dataset/sst2/test/6.npz
Data length: 1
metric.compute(): {'accuracy': 0.5571776155717761}
ct, ns, auc: 0.5571776155717761, 0, 0
Loaded test data from ../dataset/sst2/test/7.npz
Data length: 1
metric.compute(): {'accuracy': 0.5545053560176434}
ct, ns, auc: 0.5545053560176434, 0, 0
Loaded test data from ../dataset/sst2/test/8.npz
Data length: 1
metric.compute(): {'accuracy': 0.5638207945900253}
ct, ns, auc: 0.5638207945900253, 0, 0
Loaded test data from ../dataset/sst2/test/9.npz
Data length: 1
metric.compute(): {'accuracy': 0.5369030390738061}
ct, ns, auc: 0.5369030390738061, 0, 0
ids: [0, 1, 2, 3, 4, 5, 6, 7, 8, 9]
stats[1]: [0, 0, 0, 0, 0, 0, 0, 0, 0, 0]
stats[2]: [0.5545774647887324, 0.5488008923591746, 0.5303490136570561, 0.548932384341637, 0.41804320203303685, 0.5445344129554656, 0.5571776155717761, 0.5545053560176434, 0.5638207945900253, 0.5369030390738061]
stats[3]: [0, 0, 0, 0, 0, 0, 0, 0, 0, 0]
Averaged Test Accuracy: 0.5358
Averaged Test AUC: 0.0000
Std Test Accuracy: 0.0425
Std Test AUC: 0.0000
Loaded train data from ../dataset/sst2/train/4.npz
Data length: 1
Time elapsed 0.03 min
Memory used: 8.64 GB
Loaded train data from ../dataset/sst2/train/2.npz
Data length: 1
Time elapsed 0.05 min
Memory used: 8.64 GB
Loaded train data from ../dataset/sst2/train/7.npz
Data length: 1
Time elapsed 0.11 min
Memory used: 8.64 GB
Loaded train data from ../dataset/sst2/train/5.npz
Data length: 1
Time elapsed 0.05 min
Memory used: 8.64 GB
Loaded train data from ../dataset/sst2/train/3.npz
Data length: 1
Time elapsed 0.04 min
Memory used: 8.64 GB
Loaded train data from ../dataset/sst2/train/6.npz
Data length: 1
Time elapsed 0.03 min
Memory used: 8.64 GB
Loaded train data from ../dataset/sst2/train/0.npz
Data length: 1
Time elapsed 0.04 min
Memory used: 8.64 GB
Loaded train data from ../dataset/sst2/train/8.npz
Data length: 1
Time elapsed 0.17 min
Memory used: 8.64 GB
Loaded train data from ../dataset/sst2/train/1.npz
Data length: 1
Time elapsed 0.07 min
Memory used: 8.64 GB
Loaded train data from ../dataset/sst2/train/9.npz
Data length: 1
Time elapsed 0.03 min
Memory used: 8.64 GB
------------------------- time cost ------------------------- 66.07753586769104

-------------Round number: 2-------------

Evaluate global model
Loaded test data from ../dataset/sst2/test/0.npz
Data length: 1
metric.compute(): {'accuracy': 0.5545774647887324}
ct, ns, auc: 0.5545774647887324, 0, 0
Loaded test data from ../dataset/sst2/test/1.npz
Data length: 1
metric.compute(): {'accuracy': 0.5488008923591746}
ct, ns, auc: 0.5488008923591746, 0, 0
Loaded test data from ../dataset/sst2/test/2.npz
Data length: 1
metric.compute(): {'accuracy': 0.5311077389984825}
ct, ns, auc: 0.5311077389984825, 0, 0
Loaded test data from ../dataset/sst2/test/3.npz
Data length: 1
metric.compute(): {'accuracy': 0.548932384341637}
ct, ns, auc: 0.548932384341637, 0, 0
Loaded test data from ../dataset/sst2/test/4.npz
Data length: 1
metric.compute(): {'accuracy': 0.4193138500635324}
ct, ns, auc: 0.4193138500635324, 0, 0
Loaded test data from ../dataset/sst2/test/5.npz
Data length: 1
metric.compute(): {'accuracy': 0.5472334682860999}
ct, ns, auc: 0.5472334682860999, 0, 0
Loaded test data from ../dataset/sst2/test/6.npz
Data length: 1
metric.compute(): {'accuracy': 0.5571776155717761}
ct, ns, auc: 0.5571776155717761, 0, 0
Loaded test data from ../dataset/sst2/test/7.npz
Data length: 1
metric.compute(): {'accuracy': 0.555765595463138}
ct, ns, auc: 0.555765595463138, 0, 0
Loaded test data from ../dataset/sst2/test/8.npz
Data length: 1
metric.compute(): {'accuracy': 0.5633981403212173}
ct, ns, auc: 0.5633981403212173, 0, 0
Loaded test data from ../dataset/sst2/test/9.npz
Data length: 1
metric.compute(): {'accuracy': 0.5397973950795948}
ct, ns, auc: 0.5397973950795948, 0, 0
ids: [0, 1, 2, 3, 4, 5, 6, 7, 8, 9]
stats[1]: [0, 0, 0, 0, 0, 0, 0, 0, 0, 0]
stats[2]: [0.5545774647887324, 0.5488008923591746, 0.5311077389984825, 0.548932384341637, 0.4193138500635324, 0.5472334682860999, 0.5571776155717761, 0.555765595463138, 0.5633981403212173, 0.5397973950795948]
stats[3]: [0, 0, 0, 0, 0, 0, 0, 0, 0, 0]
Averaged Test Accuracy: 0.5366
Averaged Test AUC: 0.0000
Std Test Accuracy: 0.0422
Std Test AUC: 0.0000
Loaded train data from ../dataset/sst2/train/8.npz
Data length: 1
Time elapsed 0.17 min
Memory used: 8.64 GB
Loaded train data from ../dataset/sst2/train/4.npz
Data length: 1
Time elapsed 0.03 min
Memory used: 8.64 GB
Loaded train data from ../dataset/sst2/train/2.npz
Data length: 1
Time elapsed 0.05 min
Memory used: 8.64 GB
Loaded train data from ../dataset/sst2/train/6.npz
Data length: 1
Time elapsed 0.03 min
Memory used: 8.64 GB
Loaded train data from ../dataset/sst2/train/5.npz
Data length: 1
Time elapsed 0.05 min
Memory used: 8.64 GB
Loaded train data from ../dataset/sst2/train/9.npz
Data length: 1
Time elapsed 0.02 min
Memory used: 8.64 GB
Loaded train data from ../dataset/sst2/train/1.npz
Data length: 1
Time elapsed 0.07 min
Memory used: 8.64 GB
Loaded train data from ../dataset/sst2/train/3.npz
Data length: 1
Time elapsed 0.04 min
Memory used: 8.64 GB
Loaded train data from ../dataset/sst2/train/0.npz
Data length: 1
Time elapsed 0.04 min
Memory used: 8.64 GB
Loaded train data from ../dataset/sst2/train/7.npz
Data length: 1
Time elapsed 0.11 min
Memory used: 8.64 GB
------------------------- time cost ------------------------- 65.95363736152649

-------------Round number: 3-------------

Evaluate global model
Loaded test data from ../dataset/sst2/test/0.npz
Data length: 1
metric.compute(): {'accuracy': 0.5545774647887324}
ct, ns, auc: 0.5545774647887324, 0, 0
Loaded test data from ../dataset/sst2/test/1.npz
Data length: 1
metric.compute(): {'accuracy': 0.5499163413273843}
ct, ns, auc: 0.5499163413273843, 0, 0
Loaded test data from ../dataset/sst2/test/2.npz
Data length: 1
metric.compute(): {'accuracy': 0.5273141122913505}
ct, ns, auc: 0.5273141122913505, 0, 0
Loaded test data from ../dataset/sst2/test/3.npz
Data length: 1
metric.compute(): {'accuracy': 0.5480427046263345}
ct, ns, auc: 0.5480427046263345, 0, 0
Loaded test data from ../dataset/sst2/test/4.npz
Data length: 1
metric.compute(): {'accuracy': 0.49682337992376113}
ct, ns, auc: 0.49682337992376113, 0, 0
Loaded test data from ../dataset/sst2/test/5.npz
Data length: 1
metric.compute(): {'accuracy': 0.5472334682860999}
ct, ns, auc: 0.5472334682860999, 0, 0
Loaded test data from ../dataset/sst2/test/6.npz
Data length: 1
metric.compute(): {'accuracy': 0.5583941605839416}
ct, ns, auc: 0.5583941605839416, 0, 0
Loaded test data from ../dataset/sst2/test/7.npz
Data length: 1
metric.compute(): {'accuracy': 0.5526149968494014}
ct, ns, auc: 0.5526149968494014, 0, 0
Loaded test data from ../dataset/sst2/test/8.npz
Data length: 1
metric.compute(): {'accuracy': 0.5572696534234995}
ct, ns, auc: 0.5572696534234995, 0, 0
Loaded test data from ../dataset/sst2/test/9.npz
Data length: 1
metric.compute(): {'accuracy': 0.5369030390738061}
ct, ns, auc: 0.5369030390738061, 0, 0
ids: [0, 1, 2, 3, 4, 5, 6, 7, 8, 9]
stats[1]: [0, 0, 0, 0, 0, 0, 0, 0, 0, 0]
stats[2]: [0.5545774647887324, 0.5499163413273843, 0.5273141122913505, 0.5480427046263345, 0.49682337992376113, 0.5472334682860999, 0.5583941605839416, 0.5526149968494014, 0.5572696534234995, 0.5369030390738061]
stats[3]: [0, 0, 0, 0, 0, 0, 0, 0, 0, 0]
Averaged Test Accuracy: 0.5429
Averaged Test AUC: 0.0000
Std Test Accuracy: 0.0188
Std Test AUC: 0.0000
Loaded train data from ../dataset/sst2/train/8.npz
Data length: 1
Time elapsed 0.17 min
Memory used: 8.64 GB
Loaded train data from ../dataset/sst2/train/1.npz
Data length: 1
Time elapsed 0.07 min
Memory used: 8.64 GB
Loaded train data from ../dataset/sst2/train/5.npz
Data length: 1
Time elapsed 0.05 min
Memory used: 8.64 GB
Loaded train data from ../dataset/sst2/train/0.npz
Data length: 1
Time elapsed 0.04 min
Memory used: 8.64 GB
Loaded train data from ../dataset/sst2/train/9.npz
Data length: 1
Time elapsed 0.03 min
Memory used: 8.64 GB
Loaded train data from ../dataset/sst2/train/6.npz
Data length: 1
Time elapsed 0.03 min
Memory used: 8.64 GB
Loaded train data from ../dataset/sst2/train/3.npz
Data length: 1
Time elapsed 0.04 min
Memory used: 8.64 GB
Loaded train data from ../dataset/sst2/train/7.npz
Data length: 1
Time elapsed 0.11 min
Memory used: 8.64 GB
Loaded train data from ../dataset/sst2/train/4.npz
Data length: 1
Time elapsed 0.03 min
Memory used: 8.64 GB
Loaded train data from ../dataset/sst2/train/2.npz
Data length: 1
Time elapsed 0.05 min
Memory used: 8.64 GB
------------------------- time cost ------------------------- 65.37701773643494

-------------Round number: 4-------------

Evaluate global model
Loaded test data from ../dataset/sst2/test/0.npz
Data length: 1
metric.compute(): {'accuracy': 0.5545774647887324}
ct, ns, auc: 0.5545774647887324, 0, 0
Loaded test data from ../dataset/sst2/test/1.npz
Data length: 1
metric.compute(): {'accuracy': 0.5488008923591746}
ct, ns, auc: 0.5488008923591746, 0, 0
Loaded test data from ../dataset/sst2/test/2.npz
Data length: 1
metric.compute(): {'accuracy': 0.5311077389984825}
ct, ns, auc: 0.5311077389984825, 0, 0
Loaded test data from ../dataset/sst2/test/3.npz
Data length: 1
metric.compute(): {'accuracy': 0.548932384341637}
ct, ns, auc: 0.548932384341637, 0, 0
Loaded test data from ../dataset/sst2/test/4.npz
Data length: 1
metric.compute(): {'accuracy': 0.4193138500635324}
ct, ns, auc: 0.4193138500635324, 0, 0
Loaded test data from ../dataset/sst2/test/5.npz
Data length: 1
metric.compute(): {'accuracy': 0.5472334682860999}
ct, ns, auc: 0.5472334682860999, 0, 0
Loaded test data from ../dataset/sst2/test/6.npz
Data length: 1
metric.compute(): {'accuracy': 0.5571776155717761}
ct, ns, auc: 0.5571776155717761, 0, 0
Loaded test data from ../dataset/sst2/test/7.npz
Data length: 1
metric.compute(): {'accuracy': 0.555765595463138}
ct, ns, auc: 0.555765595463138, 0, 0
Loaded test data from ../dataset/sst2/test/8.npz
Data length: 1
metric.compute(): {'accuracy': 0.5633981403212173}
ct, ns, auc: 0.5633981403212173, 0, 0
Loaded test data from ../dataset/sst2/test/9.npz
Data length: 1
metric.compute(): {'accuracy': 0.5397973950795948}
ct, ns, auc: 0.5397973950795948, 0, 0
ids: [0, 1, 2, 3, 4, 5, 6, 7, 8, 9]
stats[1]: [0, 0, 0, 0, 0, 0, 0, 0, 0, 0]
stats[2]: [0.5545774647887324, 0.5488008923591746, 0.5311077389984825, 0.548932384341637, 0.4193138500635324, 0.5472334682860999, 0.5571776155717761, 0.555765595463138, 0.5633981403212173, 0.5397973950795948]
stats[3]: [0, 0, 0, 0, 0, 0, 0, 0, 0, 0]
Averaged Test Accuracy: 0.5366
Averaged Test AUC: 0.0000
Std Test Accuracy: 0.0422
Std Test AUC: 0.0000
Loaded train data from ../dataset/sst2/train/1.npz
Data length: 1
Time elapsed 0.07 min
Memory used: 8.64 GB
Loaded train data from ../dataset/sst2/train/0.npz
Data length: 1
Time elapsed 0.04 min
Memory used: 8.64 GB
Loaded train data from ../dataset/sst2/train/9.npz
Data length: 1
Time elapsed 0.03 min
Memory used: 8.64 GB
Loaded train data from ../dataset/sst2/train/4.npz
Data length: 1
Time elapsed 0.03 min
Memory used: 8.64 GB
Loaded train data from ../dataset/sst2/train/7.npz
Data length: 1
Time elapsed 0.11 min
Memory used: 8.64 GB
Loaded train data from ../dataset/sst2/train/3.npz
Data length: 1
Time elapsed 0.04 min
Memory used: 8.64 GB
Loaded train data from ../dataset/sst2/train/8.npz
Data length: 1
Time elapsed 0.17 min
Memory used: 8.64 GB
Loaded train data from ../dataset/sst2/train/6.npz
Data length: 1
Time elapsed 0.03 min
Memory used: 8.64 GB
Loaded train data from ../dataset/sst2/train/2.npz
Data length: 1
Time elapsed 0.05 min
Memory used: 8.64 GB
Loaded train data from ../dataset/sst2/train/5.npz
Data length: 1
Time elapsed 0.05 min
Memory used: 8.64 GB
------------------------- time cost ------------------------- 64.91377282142639

-------------Round number: 5-------------

Evaluate global model
Loaded test data from ../dataset/sst2/test/0.npz
Data length: 1
metric.compute(): {'accuracy': 0.5545774647887324}
ct, ns, auc: 0.5545774647887324, 0, 0
Loaded test data from ../dataset/sst2/test/1.npz
Data length: 1
metric.compute(): {'accuracy': 0.5488008923591746}
ct, ns, auc: 0.5488008923591746, 0, 0
Loaded test data from ../dataset/sst2/test/2.npz
Data length: 1
metric.compute(): {'accuracy': 0.5311077389984825}
ct, ns, auc: 0.5311077389984825, 0, 0
Loaded test data from ../dataset/sst2/test/3.npz
Data length: 1
metric.compute(): {'accuracy': 0.548932384341637}
ct, ns, auc: 0.548932384341637, 0, 0
Loaded test data from ../dataset/sst2/test/4.npz
Data length: 1
metric.compute(): {'accuracy': 0.4193138500635324}
ct, ns, auc: 0.4193138500635324, 0, 0
Loaded test data from ../dataset/sst2/test/5.npz
Data length: 1
metric.compute(): {'accuracy': 0.5472334682860999}
ct, ns, auc: 0.5472334682860999, 0, 0
Loaded test data from ../dataset/sst2/test/6.npz
Data length: 1
metric.compute(): {'accuracy': 0.5571776155717761}
ct, ns, auc: 0.5571776155717761, 0, 0
Loaded test data from ../dataset/sst2/test/7.npz
Data length: 1
metric.compute(): {'accuracy': 0.555765595463138}
ct, ns, auc: 0.555765595463138, 0, 0
Loaded test data from ../dataset/sst2/test/8.npz
Data length: 1
metric.compute(): {'accuracy': 0.5631868131868132}
ct, ns, auc: 0.5631868131868132, 0, 0
Loaded test data from ../dataset/sst2/test/9.npz
Data length: 1
metric.compute(): {'accuracy': 0.5397973950795948}
ct, ns, auc: 0.5397973950795948, 0, 0
ids: [0, 1, 2, 3, 4, 5, 6, 7, 8, 9]
stats[1]: [0, 0, 0, 0, 0, 0, 0, 0, 0, 0]
stats[2]: [0.5545774647887324, 0.5488008923591746, 0.5311077389984825, 0.548932384341637, 0.4193138500635324, 0.5472334682860999, 0.5571776155717761, 0.555765595463138, 0.5631868131868132, 0.5397973950795948]
stats[3]: [0, 0, 0, 0, 0, 0, 0, 0, 0, 0]
Averaged Test Accuracy: 0.5366
Averaged Test AUC: 0.0000
Std Test Accuracy: 0.0422
Std Test AUC: 0.0000
Loaded train data from ../dataset/sst2/train/9.npz
Data length: 1
Time elapsed 0.03 min
Memory used: 8.64 GB
Loaded train data from ../dataset/sst2/train/7.npz
Data length: 1
Time elapsed 0.11 min
Memory used: 8.64 GB
Loaded train data from ../dataset/sst2/train/5.npz
Data length: 1
Time elapsed 0.05 min
Memory used: 8.64 GB
Loaded train data from ../dataset/sst2/train/6.npz
Data length: 1
Time elapsed 0.03 min
Memory used: 8.64 GB
Loaded train data from ../dataset/sst2/train/8.npz
Data length: 1
Time elapsed 0.17 min
Memory used: 8.64 GB
Loaded train data from ../dataset/sst2/train/2.npz
Data length: 1
Time elapsed 0.05 min
Memory used: 8.64 GB
Loaded train data from ../dataset/sst2/train/1.npz
Data length: 1
Time elapsed 0.07 min
Memory used: 8.64 GB
Loaded train data from ../dataset/sst2/train/3.npz
Data length: 1
Time elapsed 0.04 min
Memory used: 8.64 GB
Loaded train data from ../dataset/sst2/train/4.npz
Data length: 1
Time elapsed 0.03 min
Memory used: 8.64 GB
Loaded train data from ../dataset/sst2/train/0.npz
Data length: 1
Time elapsed 0.04 min
Memory used: 8.64 GB
------------------------- time cost ------------------------- 69.91888689994812

-------------Round number: 6-------------

Evaluate global model
Loaded test data from ../dataset/sst2/test/0.npz
Data length: 1
metric.compute(): {'accuracy': 0.5545774647887324}
ct, ns, auc: 0.5545774647887324, 0, 0
Loaded test data from ../dataset/sst2/test/1.npz
Data length: 1
metric.compute(): {'accuracy': 0.5488008923591746}
ct, ns, auc: 0.5488008923591746, 0, 0
Loaded test data from ../dataset/sst2/test/2.npz
Data length: 1
metric.compute(): {'accuracy': 0.5311077389984825}
ct, ns, auc: 0.5311077389984825, 0, 0
Loaded test data from ../dataset/sst2/test/3.npz
Data length: 1
metric.compute(): {'accuracy': 0.548932384341637}
ct, ns, auc: 0.548932384341637, 0, 0
Loaded test data from ../dataset/sst2/test/4.npz
Data length: 1
metric.compute(): {'accuracy': 0.5806861499364676}
ct, ns, auc: 0.5806861499364676, 0, 0
Loaded test data from ../dataset/sst2/test/5.npz
Data length: 1
metric.compute(): {'accuracy': 0.5472334682860999}
ct, ns, auc: 0.5472334682860999, 0, 0
Loaded test data from ../dataset/sst2/test/6.npz
Data length: 1
metric.compute(): {'accuracy': 0.5571776155717761}
ct, ns, auc: 0.5571776155717761, 0, 0
Loaded test data from ../dataset/sst2/test/7.npz
Data length: 1
metric.compute(): {'accuracy': 0.555765595463138}
ct, ns, auc: 0.555765595463138, 0, 0
Loaded test data from ../dataset/sst2/test/8.npz
Data length: 1
metric.compute(): {'accuracy': 0.5633981403212173}
ct, ns, auc: 0.5633981403212173, 0, 0
Loaded test data from ../dataset/sst2/test/9.npz
Data length: 1
metric.compute(): {'accuracy': 0.5397973950795948}
ct, ns, auc: 0.5397973950795948, 0, 0
ids: [0, 1, 2, 3, 4, 5, 6, 7, 8, 9]
stats[1]: [0, 0, 0, 0, 0, 0, 0, 0, 0, 0]
stats[2]: [0.5545774647887324, 0.5488008923591746, 0.5311077389984825, 0.548932384341637, 0.5806861499364676, 0.5472334682860999, 0.5571776155717761, 0.555765595463138, 0.5633981403212173, 0.5397973950795948]
stats[3]: [0, 0, 0, 0, 0, 0, 0, 0, 0, 0]
Averaged Test Accuracy: 0.5527
Averaged Test AUC: 0.0000
Std Test Accuracy: 0.0134
Std Test AUC: 0.0000
Loaded train data from ../dataset/sst2/train/1.npz
Data length: 1
Time elapsed 0.07 min
Memory used: 8.64 GB
Loaded train data from ../dataset/sst2/train/5.npz
Data length: 1
Time elapsed 0.05 min
Memory used: 8.64 GB
Loaded train data from ../dataset/sst2/train/3.npz
Data length: 1
Time elapsed 0.04 min
Memory used: 8.64 GB
Loaded train data from ../dataset/sst2/train/2.npz
Data length: 1
