GPU details saved to $output_file
__TORCH Version: 2.3.1+cu121
__CUDNN Version: 8902
__CUDA version:  12.1
__Number CUDA Devices: 1
__CUDA Device Name: NVIDIA A100-SXM4-40GB
__CUDA Device Total Memory [GB]: 42.297786368
__CUDA Device Total Memory [GB]: 42.297786368
args.dataset: sst2
args.num_labels: 2
==================================================
Personalized Federated Learning: True
Uniform Weight: False
Normalized Rank: False
Normalized Alpha: False
lora_rank: 1
lora_alpha: 1
lora_dropout: 0.1
lora_query: True
lora_key: True
lora_value: True
lora_projection: True
lora_mlp: True
lora_head: True
aa_bottleneck_reduction: 1
aa_text: False
aa_vision: False
ca_bottleneck_reduction: 4
ca_text: False
ca_vision: False
Seed: 42
Algorithm: flora
Local batch size: 128
Local epochs: 1
Local learing rate: 0.0005
Local learing rate decay: False
Total number of clients: 10
Clients join in each round: 1.0
Clients randomly join: False
Client drop rate: 0.0
Client select regarding time: False
Running times: 1
Dataset: sst2
Number of classes: 10
Backbone: distilbert
Using device: cuda
Using DP: False
Auto break: False
Global rounds: 50
Cuda device id: 3
DLG attack: False
Total number of new clients: 0
Fine tuning epoches on new clients: 0
==================================================

============= Running time: 0th =============
Creating server and clients ...
Loaded train data from ../dataset/sst2/train/0.npz
Data length: 1
Loaded test data from ../dataset/sst2/test/0.npz
Data length: 1
self.lora_params: {'rank': 1, 'alpha': 1, 'dropout': 0.1, 'lora_query': True, 'lora_key': True, 'lora_value': True, 'lora_projection': True, 'lora_mlp': True, 'lora_head': True}
Loaded train data from ../dataset/sst2/train/1.npz
Data length: 1
Loaded test data from ../dataset/sst2/test/1.npz
Data length: 1
self.lora_params: {'rank': 1, 'alpha': 1, 'dropout': 0.1, 'lora_query': True, 'lora_key': True, 'lora_value': True, 'lora_projection': True, 'lora_mlp': True, 'lora_head': True}
Loaded train data from ../dataset/sst2/train/2.npz
Data length: 1
Loaded test data from ../dataset/sst2/test/2.npz
Data length: 1
self.lora_params: {'rank': 1, 'alpha': 1, 'dropout': 0.1, 'lora_query': True, 'lora_key': True, 'lora_value': True, 'lora_projection': True, 'lora_mlp': True, 'lora_head': True}
Loaded train data from ../dataset/sst2/train/3.npz
Data length: 1
Loaded test data from ../dataset/sst2/test/3.npz
Data length: 1
self.lora_params: {'rank': 1, 'alpha': 1, 'dropout': 0.1, 'lora_query': True, 'lora_key': True, 'lora_value': True, 'lora_projection': True, 'lora_mlp': True, 'lora_head': True}
Loaded train data from ../dataset/sst2/train/4.npz
Data length: 1
Loaded test data from ../dataset/sst2/test/4.npz
Data length: 1
self.lora_params: {'rank': 1, 'alpha': 1, 'dropout': 0.1, 'lora_query': True, 'lora_key': True, 'lora_value': True, 'lora_projection': True, 'lora_mlp': True, 'lora_head': True}
Loaded train data from ../dataset/sst2/train/5.npz
Data length: 1
Loaded test data from ../dataset/sst2/test/5.npz
Data length: 1
self.lora_params: {'rank': 1, 'alpha': 1, 'dropout': 0.1, 'lora_query': True, 'lora_key': True, 'lora_value': True, 'lora_projection': True, 'lora_mlp': True, 'lora_head': True}
Loaded train data from ../dataset/sst2/train/6.npz
Data length: 1
Loaded test data from ../dataset/sst2/test/6.npz
Data length: 1
self.lora_params: {'rank': 1, 'alpha': 1, 'dropout': 0.1, 'lora_query': True, 'lora_key': True, 'lora_value': True, 'lora_projection': True, 'lora_mlp': True, 'lora_head': True}
Loaded train data from ../dataset/sst2/train/7.npz
Data length: 1
Loaded test data from ../dataset/sst2/test/7.npz
Data length: 1
self.lora_params: {'rank': 1, 'alpha': 1, 'dropout': 0.1, 'lora_query': True, 'lora_key': True, 'lora_value': True, 'lora_projection': True, 'lora_mlp': True, 'lora_head': True}
Loaded train data from ../dataset/sst2/train/8.npz
Data length: 1
Loaded test data from ../dataset/sst2/test/8.npz
Data length: 1
self.lora_params: {'rank': 1, 'alpha': 1, 'dropout': 0.1, 'lora_query': True, 'lora_key': True, 'lora_value': True, 'lora_projection': True, 'lora_mlp': True, 'lora_head': True}
Loaded train data from ../dataset/sst2/train/9.npz
Data length: 1
Loaded test data from ../dataset/sst2/test/9.npz
Data length: 1
self.lora_params: {'rank': 1, 'alpha': 1, 'dropout': 0.1, 'lora_query': True, 'lora_key': True, 'lora_value': True, 'lora_projection': True, 'lora_mlp': True, 'lora_head': True}

Join ratio / total clients: 1.0 / 10
Finished creating server and clients.

-------------Round number: 0-------------

Evaluate global model
Loaded test data from ../dataset/sst2/test/0.npz
Data length: 1
metric.compute(): {'accuracy': 0.545774647887324}
ct, ns, auc: 0.545774647887324, 0, 0
Loaded test data from ../dataset/sst2/test/1.npz
Data length: 1
metric.compute(): {'accuracy': 0.45231455660903513}
ct, ns, auc: 0.45231455660903513, 0, 0
Loaded test data from ../dataset/sst2/test/2.npz
Data length: 1
metric.compute(): {'accuracy': 0.5250379362670713}
ct, ns, auc: 0.5250379362670713, 0, 0
Loaded test data from ../dataset/sst2/test/3.npz
Data length: 1
metric.compute(): {'accuracy': 0.548932384341637}
ct, ns, auc: 0.548932384341637, 0, 0
Loaded test data from ../dataset/sst2/test/4.npz
Data length: 1
metric.compute(): {'accuracy': 0.579415501905972}
ct, ns, auc: 0.579415501905972, 0, 0
Loaded test data from ../dataset/sst2/test/5.npz
Data length: 1
metric.compute(): {'accuracy': 0.45546558704453444}
ct, ns, auc: 0.45546558704453444, 0, 0
Loaded test data from ../dataset/sst2/test/6.npz
Data length: 1
metric.compute(): {'accuracy': 0.44282238442822386}
ct, ns, auc: 0.44282238442822386, 0, 0
Loaded test data from ../dataset/sst2/test/7.npz
Data length: 1
metric.compute(): {'accuracy': 0.5560806553245117}
ct, ns, auc: 0.5560806553245117, 0, 0
Loaded test data from ../dataset/sst2/test/8.npz
Data length: 1
metric.compute(): {'accuracy': 0.5644547759932376}
ct, ns, auc: 0.5644547759932376, 0, 0
Loaded test data from ../dataset/sst2/test/9.npz
Data length: 1
metric.compute(): {'accuracy': 0.4602026049204052}
ct, ns, auc: 0.4602026049204052, 0, 0
ids: [0, 1, 2, 3, 4, 5, 6, 7, 8, 9]
stats[1]: [0, 0, 0, 0, 0, 0, 0, 0, 0, 0]
stats[2]: [0.545774647887324, 0.45231455660903513, 0.5250379362670713, 0.548932384341637, 0.579415501905972, 0.45546558704453444, 0.44282238442822386, 0.5560806553245117, 0.5644547759932376, 0.4602026049204052]
stats[3]: [0, 0, 0, 0, 0, 0, 0, 0, 0, 0]
Averaged Test Accuracy: 0.5131
Averaged Test AUC: 0.0000
Std Test Accuracy: 0.0539
Std Test AUC: 0.0000
Loaded train data from ../dataset/sst2/train/8.npz
Data length: 1
Time elapsed 0.16 min
Memory used: 7.83 GB
Loaded train data from ../dataset/sst2/train/1.npz
Data length: 1
Time elapsed 0.06 min
Memory used: 7.84 GB
Loaded train data from ../dataset/sst2/train/5.npz
Data length: 1
Time elapsed 0.05 min
Memory used: 7.84 GB
Loaded train data from ../dataset/sst2/train/0.npz
Data length: 1
Time elapsed 0.04 min
Memory used: 7.84 GB
Loaded train data from ../dataset/sst2/train/7.npz
Data length: 1
Time elapsed 0.11 min
Memory used: 7.84 GB
Loaded train data from ../dataset/sst2/train/2.npz
Data length: 1
Time elapsed 0.04 min
Memory used: 7.84 GB
Loaded train data from ../dataset/sst2/train/9.npz
Data length: 1
Time elapsed 0.02 min
Memory used: 7.87 GB
Loaded train data from ../dataset/sst2/train/4.npz
Data length: 1
Time elapsed 0.03 min
Memory used: 7.87 GB
Loaded train data from ../dataset/sst2/train/3.npz
Data length: 1
Time elapsed 0.04 min
Memory used: 7.87 GB
Loaded train data from ../dataset/sst2/train/6.npz
Data length: 1
Time elapsed 0.03 min
Memory used: 7.87 GB
------------------------- time cost ------------------------- 67.13713550567627

-------------Round number: 1-------------

Evaluate global model
Loaded test data from ../dataset/sst2/test/0.npz
Data length: 1
metric.compute(): {'accuracy': 0.8204225352112676}
ct, ns, auc: 0.8204225352112676, 0, 0
Loaded test data from ../dataset/sst2/test/1.npz
Data length: 1
metric.compute(): {'accuracy': 0.7250418293363079}
ct, ns, auc: 0.7250418293363079, 0, 0
Loaded test data from ../dataset/sst2/test/2.npz
Data length: 1
metric.compute(): {'accuracy': 0.657814871016692}
ct, ns, auc: 0.657814871016692, 0, 0
Loaded test data from ../dataset/sst2/test/3.npz
Data length: 1
metric.compute(): {'accuracy': 0.6387900355871886}
ct, ns, auc: 0.6387900355871886, 0, 0
Loaded test data from ../dataset/sst2/test/4.npz
Data length: 1
metric.compute(): {'accuracy': 0.5044472681067345}
ct, ns, auc: 0.5044472681067345, 0, 0
Loaded test data from ../dataset/sst2/test/5.npz
Data length: 1
metric.compute(): {'accuracy': 0.8286099865047234}
ct, ns, auc: 0.8286099865047234, 0, 0
Loaded test data from ../dataset/sst2/test/6.npz
Data length: 1
metric.compute(): {'accuracy': 0.4440389294403893}
ct, ns, auc: 0.4440389294403893, 0, 0
Loaded test data from ../dataset/sst2/test/7.npz
Data length: 1
metric.compute(): {'accuracy': 0.5806553245116572}
ct, ns, auc: 0.5806553245116572, 0, 0
Loaded test data from ../dataset/sst2/test/8.npz
Data length: 1
metric.compute(): {'accuracy': 0.830938292476754}
ct, ns, auc: 0.830938292476754, 0, 0
Loaded test data from ../dataset/sst2/test/9.npz
Data length: 1
metric.compute(): {'accuracy': 0.3125904486251809}
ct, ns, auc: 0.3125904486251809, 0, 0
ids: [0, 1, 2, 3, 4, 5, 6, 7, 8, 9]
stats[1]: [0, 0, 0, 0, 0, 0, 0, 0, 0, 0]
stats[2]: [0.8204225352112676, 0.7250418293363079, 0.657814871016692, 0.6387900355871886, 0.5044472681067345, 0.8286099865047234, 0.4440389294403893, 0.5806553245116572, 0.830938292476754, 0.3125904486251809]
stats[3]: [0, 0, 0, 0, 0, 0, 0, 0, 0, 0]
Averaged Test Accuracy: 0.6343
Averaged Test AUC: 0.0000
Std Test Accuracy: 0.1762
Std Test AUC: 0.0000
Loaded train data from ../dataset/sst2/train/4.npz
Data length: 1
Time elapsed 0.03 min
Memory used: 7.87 GB
Loaded train data from ../dataset/sst2/train/2.npz
Data length: 1
Time elapsed 0.04 min
Memory used: 7.87 GB
Loaded train data from ../dataset/sst2/train/7.npz
Data length: 1
Time elapsed 0.11 min
Memory used: 7.87 GB
Loaded train data from ../dataset/sst2/train/5.npz
Data length: 1
Time elapsed 0.05 min
Memory used: 7.87 GB
Loaded train data from ../dataset/sst2/train/3.npz
Data length: 1
Time elapsed 0.04 min
Memory used: 7.87 GB
Loaded train data from ../dataset/sst2/train/6.npz
Data length: 1
Time elapsed 0.03 min
Memory used: 7.87 GB
Loaded train data from ../dataset/sst2/train/0.npz
Data length: 1
Time elapsed 0.04 min
Memory used: 7.87 GB
Loaded train data from ../dataset/sst2/train/8.npz
Data length: 1
Time elapsed 0.16 min
Memory used: 7.87 GB
Loaded train data from ../dataset/sst2/train/1.npz
Data length: 1
Time elapsed 0.06 min
Memory used: 7.87 GB
Loaded train data from ../dataset/sst2/train/9.npz
Data length: 1
Time elapsed 0.02 min
Memory used: 7.88 GB
------------------------- time cost ------------------------- 67.50500130653381

-------------Round number: 2-------------

Evaluate global model
Loaded test data from ../dataset/sst2/test/0.npz
Data length: 1
metric.compute(): {'accuracy': 0.8705985915492958}
ct, ns, auc: 0.8705985915492958, 0, 0
Loaded test data from ../dataset/sst2/test/1.npz
Data length: 1
metric.compute(): {'accuracy': 0.8728388176240937}
ct, ns, auc: 0.8728388176240937, 0, 0
Loaded test data from ../dataset/sst2/test/2.npz
Data length: 1
metric.compute(): {'accuracy': 0.8611532625189682}
ct, ns, auc: 0.8611532625189682, 0, 0
Loaded test data from ../dataset/sst2/test/3.npz
Data length: 1
metric.compute(): {'accuracy': 0.8505338078291815}
ct, ns, auc: 0.8505338078291815, 0, 0
Loaded test data from ../dataset/sst2/test/4.npz
Data length: 1
metric.compute(): {'accuracy': 0.7789072426937739}
ct, ns, auc: 0.7789072426937739, 0, 0
Loaded test data from ../dataset/sst2/test/5.npz
Data length: 1
metric.compute(): {'accuracy': 0.8670715249662618}
ct, ns, auc: 0.8670715249662618, 0, 0
Loaded test data from ../dataset/sst2/test/6.npz
Data length: 1
metric.compute(): {'accuracy': 0.7725060827250608}
ct, ns, auc: 0.7725060827250608, 0, 0
Loaded test data from ../dataset/sst2/test/7.npz
Data length: 1
metric.compute(): {'accuracy': 0.8724007561436673}
ct, ns, auc: 0.8724007561436673, 0, 0
Loaded test data from ../dataset/sst2/test/8.npz
Data length: 1
metric.compute(): {'accuracy': 0.8732037193575655}
ct, ns, auc: 0.8732037193575655, 0, 0
Loaded test data from ../dataset/sst2/test/9.npz
Data length: 1
metric.compute(): {'accuracy': 0.5123010130246021}
ct, ns, auc: 0.5123010130246021, 0, 0
ids: [0, 1, 2, 3, 4, 5, 6, 7, 8, 9]
stats[1]: [0, 0, 0, 0, 0, 0, 0, 0, 0, 0]
stats[2]: [0.8705985915492958, 0.8728388176240937, 0.8611532625189682, 0.8505338078291815, 0.7789072426937739, 0.8670715249662618, 0.7725060827250608, 0.8724007561436673, 0.8732037193575655, 0.5123010130246021]
stats[3]: [0, 0, 0, 0, 0, 0, 0, 0, 0, 0]
Averaged Test Accuracy: 0.8132
Averaged Test AUC: 0.0000
Std Test Accuracy: 0.1125
Std Test AUC: 0.0000
Loaded train data from ../dataset/sst2/train/8.npz
Data length: 1
Time elapsed 0.16 min
Memory used: 7.88 GB
Loaded train data from ../dataset/sst2/train/4.npz
Data length: 1
Time elapsed 0.03 min
Memory used: 7.88 GB
Loaded train data from ../dataset/sst2/train/2.npz
Data length: 1
Time elapsed 0.04 min
Memory used: 7.88 GB
Loaded train data from ../dataset/sst2/train/6.npz
Data length: 1
Time elapsed 0.03 min
Memory used: 7.88 GB
Loaded train data from ../dataset/sst2/train/5.npz
Data length: 1
Time elapsed 0.05 min
Memory used: 7.88 GB
Loaded train data from ../dataset/sst2/train/9.npz
Data length: 1
Time elapsed 0.02 min
Memory used: 7.88 GB
Loaded train data from ../dataset/sst2/train/1.npz
Data length: 1
Time elapsed 0.06 min
Memory used: 7.88 GB
Loaded train data from ../dataset/sst2/train/3.npz
Data length: 1
Time elapsed 0.04 min
Memory used: 7.88 GB
Loaded train data from ../dataset/sst2/train/0.npz
Data length: 1
Time elapsed 0.04 min
Memory used: 7.88 GB
Loaded train data from ../dataset/sst2/train/7.npz
Data length: 1
Time elapsed 0.11 min
Memory used: 7.88 GB
------------------------- time cost ------------------------- 69.58033633232117

-------------Round number: 3-------------

Evaluate global model
Loaded test data from ../dataset/sst2/test/0.npz
Data length: 1
metric.compute(): {'accuracy': 0.8873239436619719}
ct, ns, auc: 0.8873239436619719, 0, 0
Loaded test data from ../dataset/sst2/test/1.npz
Data length: 1
metric.compute(): {'accuracy': 0.8873396542108198}
ct, ns, auc: 0.8873396542108198, 0, 0
Loaded test data from ../dataset/sst2/test/2.npz
Data length: 1
metric.compute(): {'accuracy': 0.8907435508345979}
ct, ns, auc: 0.8907435508345979, 0, 0
Loaded test data from ../dataset/sst2/test/3.npz
Data length: 1
metric.compute(): {'accuracy': 0.8692170818505338}
ct, ns, auc: 0.8692170818505338, 0, 0
Loaded test data from ../dataset/sst2/test/4.npz
Data length: 1
metric.compute(): {'accuracy': 0.8119440914866582}
ct, ns, auc: 0.8119440914866582, 0, 0
Loaded test data from ../dataset/sst2/test/5.npz
Data length: 1
metric.compute(): {'accuracy': 0.8954116059379217}
ct, ns, auc: 0.8954116059379217, 0, 0
Loaded test data from ../dataset/sst2/test/6.npz
Data length: 1
metric.compute(): {'accuracy': 0.8491484184914841}
ct, ns, auc: 0.8491484184914841, 0, 0
Loaded test data from ../dataset/sst2/test/7.npz
Data length: 1
metric.compute(): {'accuracy': 0.8840579710144928}
ct, ns, auc: 0.8840579710144928, 0, 0
Loaded test data from ../dataset/sst2/test/8.npz
Data length: 1
metric.compute(): {'accuracy': 0.8846153846153846}
ct, ns, auc: 0.8846153846153846, 0, 0
Loaded test data from ../dataset/sst2/test/9.npz
Data length: 1
metric.compute(): {'accuracy': 0.6874095513748191}
ct, ns, auc: 0.6874095513748191, 0, 0
ids: [0, 1, 2, 3, 4, 5, 6, 7, 8, 9]
stats[1]: [0, 0, 0, 0, 0, 0, 0, 0, 0, 0]
stats[2]: [0.8873239436619719, 0.8873396542108198, 0.8907435508345979, 0.8692170818505338, 0.8119440914866582, 0.8954116059379217, 0.8491484184914841, 0.8840579710144928, 0.8846153846153846, 0.6874095513748191]
stats[3]: [0, 0, 0, 0, 0, 0, 0, 0, 0, 0]
Averaged Test Accuracy: 0.8547
Averaged Test AUC: 0.0000
Std Test Accuracy: 0.0640
Std Test AUC: 0.0000
Loaded train data from ../dataset/sst2/train/8.npz
Data length: 1
Time elapsed 0.16 min
Memory used: 7.88 GB
Loaded train data from ../dataset/sst2/train/1.npz
Data length: 1
Time elapsed 0.07 min
Memory used: 7.88 GB
Loaded train data from ../dataset/sst2/train/5.npz
Data length: 1
Time elapsed 0.05 min
Memory used: 7.88 GB
Loaded train data from ../dataset/sst2/train/0.npz
Data length: 1
Time elapsed 0.04 min
Memory used: 7.88 GB
Loaded train data from ../dataset/sst2/train/9.npz
Data length: 1
Time elapsed 0.02 min
Memory used: 7.88 GB
Loaded train data from ../dataset/sst2/train/6.npz
Data length: 1
Time elapsed 0.03 min
Memory used: 7.88 GB
Loaded train data from ../dataset/sst2/train/3.npz
Data length: 1
Time elapsed 0.04 min
Memory used: 7.88 GB
Loaded train data from ../dataset/sst2/train/7.npz
Data length: 1
Time elapsed 0.11 min
Memory used: 7.88 GB
Loaded train data from ../dataset/sst2/train/4.npz
Data length: 1
Time elapsed 0.03 min
Memory used: 7.88 GB
Loaded train data from ../dataset/sst2/train/2.npz
Data length: 1
Time elapsed 0.04 min
Memory used: 7.88 GB
------------------------- time cost ------------------------- 65.08597898483276

-------------Round number: 4-------------

Evaluate global model
Loaded test data from ../dataset/sst2/test/0.npz
Data length: 1
metric.compute(): {'accuracy': 0.897887323943662}
ct, ns, auc: 0.897887323943662, 0, 0
Loaded test data from ../dataset/sst2/test/1.npz
Data length: 1
metric.compute(): {'accuracy': 0.8912437255995538}
ct, ns, auc: 0.8912437255995538, 0, 0
Loaded test data from ../dataset/sst2/test/2.npz
Data length: 1
metric.compute(): {'accuracy': 0.8930197268588771}
ct, ns, auc: 0.8930197268588771, 0, 0
Loaded test data from ../dataset/sst2/test/3.npz
Data length: 1
metric.compute(): {'accuracy': 0.8736654804270463}
ct, ns, auc: 0.8736654804270463, 0, 0
Loaded test data from ../dataset/sst2/test/4.npz
Data length: 1
metric.compute(): {'accuracy': 0.8221092757306226}
ct, ns, auc: 0.8221092757306226, 0, 0
Loaded test data from ../dataset/sst2/test/5.npz
Data length: 1
metric.compute(): {'accuracy': 0.9014844804318488}
ct, ns, auc: 0.9014844804318488, 0, 0
Loaded test data from ../dataset/sst2/test/6.npz
Data length: 1
metric.compute(): {'accuracy': 0.8661800486618005}
ct, ns, auc: 0.8661800486618005, 0, 0
Loaded test data from ../dataset/sst2/test/7.npz
Data length: 1
metric.compute(): {'accuracy': 0.889413988657845}
ct, ns, auc: 0.889413988657845, 0, 0
Loaded test data from ../dataset/sst2/test/8.npz
Data length: 1
metric.compute(): {'accuracy': 0.8852493660185968}
ct, ns, auc: 0.8852493660185968, 0, 0
Loaded test data from ../dataset/sst2/test/9.npz
Data length: 1
metric.compute(): {'accuracy': 0.8335745296671491}
ct, ns, auc: 0.8335745296671491, 0, 0
ids: [0, 1, 2, 3, 4, 5, 6, 7, 8, 9]
stats[1]: [0, 0, 0, 0, 0, 0, 0, 0, 0, 0]
stats[2]: [0.897887323943662, 0.8912437255995538, 0.8930197268588771, 0.8736654804270463, 0.8221092757306226, 0.9014844804318488, 0.8661800486618005, 0.889413988657845, 0.8852493660185968, 0.8335745296671491]
stats[3]: [0, 0, 0, 0, 0, 0, 0, 0, 0, 0]
Averaged Test Accuracy: 0.8754
Averaged Test AUC: 0.0000
Std Test Accuracy: 0.0273
Std Test AUC: 0.0000
Loaded train data from ../dataset/sst2/train/1.npz
Data length: 1
Time elapsed 0.06 min
Memory used: 7.88 GB
Loaded train data from ../dataset/sst2/train/0.npz
Data length: 1
Time elapsed 0.04 min
Memory used: 7.88 GB
Loaded train data from ../dataset/sst2/train/9.npz
Data length: 1
Time elapsed 0.02 min
Memory used: 7.88 GB
Loaded train data from ../dataset/sst2/train/4.npz
Data length: 1
Time elapsed 0.03 min
Memory used: 7.88 GB
Loaded train data from ../dataset/sst2/train/7.npz
Data length: 1
Time elapsed 0.11 min
Memory used: 7.88 GB
Loaded train data from ../dataset/sst2/train/3.npz
Data length: 1
Time elapsed 0.04 min
Memory used: 7.88 GB
Loaded train data from ../dataset/sst2/train/8.npz
Data length: 1
Time elapsed 0.16 min
Memory used: 7.88 GB
Loaded train data from ../dataset/sst2/train/6.npz
Data length: 1
Time elapsed 0.03 min
Memory used: 7.88 GB
Loaded train data from ../dataset/sst2/train/2.npz
Data length: 1
Time elapsed 0.04 min
Memory used: 7.88 GB
Loaded train data from ../dataset/sst2/train/5.npz
Data length: 1
Time elapsed 0.05 min
Memory used: 7.88 GB
------------------------- time cost ------------------------- 65.00199770927429

-------------Round number: 5-------------

Evaluate global model
Loaded test data from ../dataset/sst2/test/0.npz
Data length: 1
metric.compute(): {'accuracy': 0.8987676056338029}
ct, ns, auc: 0.8987676056338029, 0, 0
Loaded test data from ../dataset/sst2/test/1.npz
Data length: 1
metric.compute(): {'accuracy': 0.894032348020078}
ct, ns, auc: 0.894032348020078, 0, 0
Loaded test data from ../dataset/sst2/test/2.npz
Data length: 1
metric.compute(): {'accuracy': 0.8899848254931715}
ct, ns, auc: 0.8899848254931715, 0, 0
Loaded test data from ../dataset/sst2/test/3.npz
Data length: 1
metric.compute(): {'accuracy': 0.8736654804270463}
ct, ns, auc: 0.8736654804270463, 0, 0
Loaded test data from ../dataset/sst2/test/4.npz
Data length: 1
metric.compute(): {'accuracy': 0.8487928843710292}
ct, ns, auc: 0.8487928843710292, 0, 0
Loaded test data from ../dataset/sst2/test/5.npz
Data length: 1
metric.compute(): {'accuracy': 0.9075573549257759}
ct, ns, auc: 0.9075573549257759, 0, 0
Loaded test data from ../dataset/sst2/test/6.npz
Data length: 1
metric.compute(): {'accuracy': 0.8880778588807786}
ct, ns, auc: 0.8880778588807786, 0, 0
Loaded test data from ../dataset/sst2/test/7.npz
Data length: 1
metric.compute(): {'accuracy': 0.8938248267170762}
ct, ns, auc: 0.8938248267170762, 0, 0
Loaded test data from ../dataset/sst2/test/8.npz
Data length: 1
metric.compute(): {'accuracy': 0.8873626373626373}
ct, ns, auc: 0.8873626373626373, 0, 0
Loaded test data from ../dataset/sst2/test/9.npz
Data length: 1
metric.compute(): {'accuracy': 0.8726483357452967}
ct, ns, auc: 0.8726483357452967, 0, 0
ids: [0, 1, 2, 3, 4, 5, 6, 7, 8, 9]
stats[1]: [0, 0, 0, 0, 0, 0, 0, 0, 0, 0]
stats[2]: [0.8987676056338029, 0.894032348020078, 0.8899848254931715, 0.8736654804270463, 0.8487928843710292, 0.9075573549257759, 0.8880778588807786, 0.8938248267170762, 0.8873626373626373, 0.8726483357452967]
stats[3]: [0, 0, 0, 0, 0, 0, 0, 0, 0, 0]
Averaged Test Accuracy: 0.8855
Averaged Test AUC: 0.0000
Std Test Accuracy: 0.0166
Std Test AUC: 0.0000
Loaded train data from ../dataset/sst2/train/9.npz
Data length: 1
Time elapsed 0.02 min
Memory used: 7.88 GB
Loaded train data from ../dataset/sst2/train/7.npz
Data length: 1
Time elapsed 0.11 min
Memory used: 7.88 GB
Loaded train data from ../dataset/sst2/train/5.npz
Data length: 1
Time elapsed 0.05 min
Memory used: 7.88 GB
Loaded train data from ../dataset/sst2/train/6.npz
Data length: 1
Time elapsed 0.03 min
Memory used: 7.88 GB
Loaded train data from ../dataset/sst2/train/8.npz
Data length: 1
Time elapsed 0.16 min
Memory used: 7.88 GB
Loaded train data from ../dataset/sst2/train/2.npz
Data length: 1
Time elapsed 0.04 min
Memory used: 7.88 GB
Loaded train data from ../dataset/sst2/train/1.npz
Data length: 1
Time elapsed 0.06 min
Memory used: 7.88 GB
Loaded train data from ../dataset/sst2/train/3.npz
Data length: 1
Time elapsed 0.04 min
Memory used: 7.88 GB
Loaded train data from ../dataset/sst2/train/4.npz
Data length: 1
Time elapsed 0.03 min
Memory used: 7.88 GB
Loaded train data from ../dataset/sst2/train/0.npz
Data length: 1
Time elapsed 0.04 min
Memory used: 7.88 GB
------------------------- time cost ------------------------- 71.17347526550293

-------------Round number: 6-------------

Evaluate global model
Loaded test data from ../dataset/sst2/test/0.npz
Data length: 1
metric.compute(): {'accuracy': 0.9049295774647887}
ct, ns, auc: 0.9049295774647887, 0, 0
Loaded test data from ../dataset/sst2/test/1.npz
Data length: 1
metric.compute(): {'accuracy': 0.8979364194088121}
ct, ns, auc: 0.8979364194088121, 0, 0
Loaded test data from ../dataset/sst2/test/2.npz
Data length: 1
metric.compute(): {'accuracy': 0.8937784522003035}
ct, ns, auc: 0.8937784522003035, 0, 0
Loaded test data from ../dataset/sst2/test/3.npz
Data length: 1
metric.compute(): {'accuracy': 0.8772241992882562}
ct, ns, auc: 0.8772241992882562, 0, 0
Loaded test data from ../dataset/sst2/test/4.npz
Data length: 1
metric.compute(): {'accuracy': 0.8792884371029225}
ct, ns, auc: 0.8792884371029225, 0, 0
Loaded test data from ../dataset/sst2/test/5.npz
Data length: 1
metric.compute(): {'accuracy': 0.9089068825910931}
ct, ns, auc: 0.9089068825910931, 0, 0
Loaded test data from ../dataset/sst2/test/6.npz
Data length: 1
metric.compute(): {'accuracy': 0.8990267639902676}
ct, ns, auc: 0.8990267639902676, 0, 0
Loaded test data from ../dataset/sst2/test/7.npz
Data length: 1
metric.compute(): {'accuracy': 0.8972904851921865}
ct, ns, auc: 0.8972904851921865, 0, 0
Loaded test data from ../dataset/sst2/test/8.npz
Data length: 1
metric.compute(): {'accuracy': 0.8977176669484361}
ct, ns, auc: 0.8977176669484361, 0, 0
Loaded test data from ../dataset/sst2/test/9.npz
Data length: 1
metric.compute(): {'accuracy': 0.8827785817655571}
ct, ns, auc: 0.8827785817655571, 0, 0
ids: [0, 1, 2, 3, 4, 5, 6, 7, 8, 9]
stats[1]: [0, 0, 0, 0, 0, 0, 0, 0, 0, 0]
stats[2]: [0.9049295774647887, 0.8979364194088121, 0.8937784522003035, 0.8772241992882562, 0.8792884371029225, 0.9089068825910931, 0.8990267639902676, 0.8972904851921865, 0.8977176669484361, 0.8827785817655571]
stats[3]: [0, 0, 0, 0, 0, 0, 0, 0, 0, 0]
Averaged Test Accuracy: 0.8939
Averaged Test AUC: 0.0000
Std Test Accuracy: 0.0107
Std Test AUC: 0.0000
Loaded train data from ../dataset/sst2/train/1.npz
Data length: 1
Time elapsed 0.06 min
Memory used: 7.88 GB
Loaded train data from ../dataset/sst2/train/5.npz
Data length: 1
Time elapsed 0.05 min
Memory used: 7.88 GB
Loaded train data from ../dataset/sst2/train/3.npz
Data length: 1
Time elapsed 0.04 min
Memory used: 7.88 GB
Loaded train data from ../dataset/sst2/train/2.npz
Data length: 1
Time elapsed 0.04 min
Memory used: 7.88 GB
Loaded train data from ../dataset/sst2/train/4.npz
Data length: 1
Time elapsed 0.03 min
Memory used: 7.88 GB
Loaded train data from ../dataset/sst2/train/6.npz
Data length: 1
Time elapsed 0.03 min
Memory used: 7.88 GB
Loaded train data from ../dataset/sst2/train/8.npz
Data length: 1
Time elapsed 0.16 min
Memory used: 7.88 GB
Loaded train data from ../dataset/sst2/train/0.npz
Data length: 1
Time elapsed 0.04 min
Memory used: 7.88 GB
Loaded train data from ../dataset/sst2/train/7.npz
Data length: 1
Time elapsed 0.11 min
Memory used: 7.88 GB
Loaded train data from ../dataset/sst2/train/9.npz
Data length: 1
Time elapsed 0.02 min
Memory used: 7.88 GB
------------------------- time cost ------------------------- 65.54115438461304

-------------Round number: 7-------------

Evaluate global model
Loaded test data from ../dataset/sst2/test/0.npz
Data length: 1
metric.compute(): {'accuracy': 0.9128521126760564}
ct, ns, auc: 0.9128521126760564, 0, 0
Loaded test data from ../dataset/sst2/test/1.npz
Data length: 1
metric.compute(): {'accuracy': 0.8996095928611266}
ct, ns, auc: 0.8996095928611266, 0, 0
Loaded test data from ../dataset/sst2/test/2.npz
Data length: 1
metric.compute(): {'accuracy': 0.8930197268588771}
ct, ns, auc: 0.8930197268588771, 0, 0
Loaded test data from ../dataset/sst2/test/3.npz
Data length: 1
metric.compute(): {'accuracy': 0.8887900355871886}
ct, ns, auc: 0.8887900355871886, 0, 0
Loaded test data from ../dataset/sst2/test/4.npz
Data length: 1
metric.compute(): {'accuracy': 0.8792884371029225}
ct, ns, auc: 0.8792884371029225, 0, 0
Loaded test data from ../dataset/sst2/test/5.npz
Data length: 1
metric.compute(): {'accuracy': 0.9129554655870445}
ct, ns, auc: 0.9129554655870445, 0, 0
Loaded test data from ../dataset/sst2/test/6.npz
Data length: 1
metric.compute(): {'accuracy': 0.9014598540145985}
ct, ns, auc: 0.9014598540145985, 0, 0
Loaded test data from ../dataset/sst2/test/7.npz
Data length: 1
metric.compute(): {'accuracy': 0.9026465028355387}
ct, ns, auc: 0.9026465028355387, 0, 0
Loaded test data from ../dataset/sst2/test/8.npz
Data length: 1
metric.compute(): {'accuracy': 0.897083685545224}
ct, ns, auc: 0.897083685545224, 0, 0
Loaded test data from ../dataset/sst2/test/9.npz
Data length: 1
metric.compute(): {'accuracy': 0.894356005788712}
ct, ns, auc: 0.894356005788712, 0, 0
ids: [0, 1, 2, 3, 4, 5, 6, 7, 8, 9]
stats[1]: [0, 0, 0, 0, 0, 0, 0, 0, 0, 0]
stats[2]: [0.9128521126760564, 0.8996095928611266, 0.8930197268588771, 0.8887900355871886, 0.8792884371029225, 0.9129554655870445, 0.9014598540145985, 0.9026465028355387, 0.897083685545224, 0.894356005788712]
stats[3]: [0, 0, 0, 0, 0, 0, 0, 0, 0, 0]
Averaged Test Accuracy: 0.8982
Averaged Test AUC: 0.0000
Std Test Accuracy: 0.0103
Std Test AUC: 0.0000
Loaded train data from ../dataset/sst2/train/9.npz
Data length: 1
Time elapsed 0.02 min
Memory used: 7.88 GB
Loaded train data from ../dataset/sst2/train/1.npz
Data length: 1
Time elapsed 0.06 min
Memory used: 7.88 GB
Loaded train data from ../dataset/sst2/train/8.npz
Data length: 1
Time elapsed 0.16 min
Memory used: 7.88 GB
Loaded train data from ../dataset/sst2/train/7.npz
Data length: 1
Time elapsed 0.11 min
Memory used: 7.88 GB
Loaded train data from ../dataset/sst2/train/3.npz
Data length: 1
Time elapsed 0.04 min
Memory used: 7.88 GB
Loaded train data from ../dataset/sst2/train/2.npz
Data length: 1
Time elapsed 0.04 min
Memory used: 7.88 GB
Loaded train data from ../dataset/sst2/train/4.npz
Data length: 1
Time elapsed 0.03 min
Memory used: 7.88 GB
Loaded train data from ../dataset/sst2/train/0.npz
Data length: 1
Time elapsed 0.04 min
Memory used: 7.88 GB
Loaded train data from ../dataset/sst2/train/5.npz
Data length: 1
Time elapsed 0.05 min
Memory used: 7.88 GB
Loaded train data from ../dataset/sst2/train/6.npz
Data length: 1
Time elapsed 0.03 min
Memory used: 7.88 GB
------------------------- time cost ------------------------- 64.39540362358093

-------------Round number: 8-------------

Evaluate global model
Loaded test data from ../dataset/sst2/test/0.npz
Data length: 1
metric.compute(): {'accuracy': 0.9119718309859155}
ct, ns, auc: 0.9119718309859155, 0, 0
Loaded test data from ../dataset/sst2/test/1.npz
Data length: 1
metric.compute(): {'accuracy': 0.9023982152816509}
ct, ns, auc: 0.9023982152816509, 0, 0
Loaded test data from ../dataset/sst2/test/2.npz
Data length: 1
metric.compute(): {'accuracy': 0.8975720789074355}
ct, ns, auc: 0.8975720789074355, 0, 0
Loaded test data from ../dataset/sst2/test/3.npz
Data length: 1
metric.compute(): {'accuracy': 0.8941281138790036}
ct, ns, auc: 0.8941281138790036, 0, 0
Loaded test data from ../dataset/sst2/test/4.npz
Data length: 1
metric.compute(): {'accuracy': 0.8958068614993647}
ct, ns, auc: 0.8958068614993647, 0, 0
Loaded test data from ../dataset/sst2/test/5.npz
Data length: 1
metric.compute(): {'accuracy': 0.9122807017543859}
ct, ns, auc: 0.9122807017543859, 0, 0
Loaded test data from ../dataset/sst2/test/6.npz
Data length: 1
metric.compute(): {'accuracy': 0.9099756690997567}
ct, ns, auc: 0.9099756690997567, 0, 0
Loaded test data from ../dataset/sst2/test/7.npz
Data length: 1
metric.compute(): {'accuracy': 0.9048519218651544}
ct, ns, auc: 0.9048519218651544, 0, 0
Loaded test data from ../dataset/sst2/test/8.npz
Data length: 1
metric.compute(): {'accuracy': 0.8994082840236687}
ct, ns, auc: 0.8994082840236687, 0, 0
Loaded test data from ../dataset/sst2/test/9.npz
Data length: 1
metric.compute(): {'accuracy': 0.8958031837916064}
ct, ns, auc: 0.8958031837916064, 0, 0
ids: [0, 1, 2, 3, 4, 5, 6, 7, 8, 9]
stats[1]: [0, 0, 0, 0, 0, 0, 0, 0, 0, 0]
stats[2]: [0.9119718309859155, 0.9023982152816509, 0.8975720789074355, 0.8941281138790036, 0.8958068614993647, 0.9122807017543859, 0.9099756690997567, 0.9048519218651544, 0.8994082840236687, 0.8958031837916064]
stats[3]: [0, 0, 0, 0, 0, 0, 0, 0, 0, 0]
Averaged Test Accuracy: 0.9024
Averaged Test AUC: 0.0000
Std Test Accuracy: 0.0070
Std Test AUC: 0.0000
Loaded train data from ../dataset/sst2/train/5.npz
Data length: 1
Time elapsed 0.05 min
Memory used: 7.88 GB
Loaded train data from ../dataset/sst2/train/8.npz
Data length: 1
Time elapsed 0.16 min
Memory used: 7.88 GB
Loaded train data from ../dataset/sst2/train/1.npz
Data length: 1
Time elapsed 0.06 min
Memory used: 7.88 GB
Loaded train data from ../dataset/sst2/train/9.npz
Data length: 1
Time elapsed 0.02 min
Memory used: 7.88 GB
Loaded train data from ../dataset/sst2/train/6.npz
Data length: 1
Time elapsed 0.03 min
Memory used: 7.88 GB
Loaded train data from ../dataset/sst2/train/0.npz
Data length: 1
Time elapsed 0.04 min
Memory used: 7.88 GB
Loaded train data from ../dataset/sst2/train/3.npz
Data length: 1
Time elapsed 0.04 min
Memory used: 7.88 GB
Loaded train data from ../dataset/sst2/train/7.npz
Data length: 1
Time elapsed 0.11 min
Memory used: 7.88 GB
Loaded train data from ../dataset/sst2/train/4.npz
Data length: 1
Time elapsed 0.03 min
Memory used: 7.88 GB
Loaded train data from ../dataset/sst2/train/2.npz
Data length: 1
Time elapsed 0.04 min
Memory used: 7.88 GB
------------------------- time cost ------------------------- 64.11050033569336

-------------Round number: 9-------------

Evaluate global model
Loaded test data from ../dataset/sst2/test/0.npz
Data length: 1
metric.compute(): {'accuracy': 0.9128521126760564}
ct, ns, auc: 0.9128521126760564, 0, 0
Loaded test data from ../dataset/sst2/test/1.npz
Data length: 1
metric.compute(): {'accuracy': 0.9029559397657557}
ct, ns, auc: 0.9029559397657557, 0, 0
Loaded test data from ../dataset/sst2/test/2.npz
Data length: 1
metric.compute(): {'accuracy': 0.8975720789074355}
ct, ns, auc: 0.8975720789074355, 0, 0
Loaded test data from ../dataset/sst2/test/3.npz
Data length: 1
metric.compute(): {'accuracy': 0.8959074733096085}
ct, ns, auc: 0.8959074733096085, 0, 0
Loaded test data from ../dataset/sst2/test/4.npz
Data length: 1
metric.compute(): {'accuracy': 0.8919949174078781}
ct, ns, auc: 0.8919949174078781, 0, 0
Loaded test data from ../dataset/sst2/test/5.npz
Data length: 1
metric.compute(): {'accuracy': 0.9136302294197031}
ct, ns, auc: 0.9136302294197031, 0, 0
Loaded test data from ../dataset/sst2/test/6.npz
Data length: 1
metric.compute(): {'accuracy': 0.9111922141119222}
ct, ns, auc: 0.9111922141119222, 0, 0
Loaded test data from ../dataset/sst2/test/7.npz
Data length: 1
metric.compute(): {'accuracy': 0.9042218021424071}
ct, ns, auc: 0.9042218021424071, 0, 0
Loaded test data from ../dataset/sst2/test/8.npz
Data length: 1
metric.compute(): {'accuracy': 0.9000422654268808}
ct, ns, auc: 0.9000422654268808, 0, 0
Loaded test data from ../dataset/sst2/test/9.npz
Data length: 1
metric.compute(): {'accuracy': 0.8986975397973951}
ct, ns, auc: 0.8986975397973951, 0, 0
ids: [0, 1, 2, 3, 4, 5, 6, 7, 8, 9]
stats[1]: [0, 0, 0, 0, 0, 0, 0, 0, 0, 0]
stats[2]: [0.9128521126760564, 0.9029559397657557, 0.8975720789074355, 0.8959074733096085, 0.8919949174078781, 0.9136302294197031, 0.9111922141119222, 0.9042218021424071, 0.9000422654268808, 0.8986975397973951]
stats[3]: [0, 0, 0, 0, 0, 0, 0, 0, 0, 0]
Averaged Test Accuracy: 0.9029
Averaged Test AUC: 0.0000
Std Test Accuracy: 0.0075
Std Test AUC: 0.0000
Loaded train data from ../dataset/sst2/train/1.npz
Data length: 1
Time elapsed 0.06 min
Memory used: 7.88 GB
Loaded train data from ../dataset/sst2/train/7.npz
Data length: 1
Time elapsed 0.11 min
Memory used: 7.88 GB
Loaded train data from ../dataset/sst2/train/4.npz
Data length: 1
Time elapsed 0.03 min
Memory used: 7.88 GB
Loaded train data from ../dataset/sst2/train/3.npz
Data length: 1
Time elapsed 0.04 min
Memory used: 7.88 GB
Loaded train data from ../dataset/sst2/train/9.npz
Data length: 1
Time elapsed 0.02 min
Memory used: 7.88 GB
Loaded train data from ../dataset/sst2/train/8.npz
Data length: 1
Time elapsed 0.16 min
Memory used: 7.88 GB
Loaded train data from ../dataset/sst2/train/5.npz
Data length: 1
Time elapsed 0.05 min
Memory used: 7.88 GB
Loaded train data from ../dataset/sst2/train/0.npz
Data length: 1
Time elapsed 0.04 min
Memory used: 7.88 GB
Loaded train data from ../dataset/sst2/train/2.npz
Data length: 1
Time elapsed 0.04 min
Memory used: 7.88 GB
Loaded train data from ../dataset/sst2/train/6.npz
Data length: 1
Time elapsed 0.03 min
Memory used: 7.88 GB
------------------------- time cost ------------------------- 68.64734768867493

-------------Round number: 10-------------

Evaluate global model
Loaded test data from ../dataset/sst2/test/0.npz
Data length: 1
metric.compute(): {'accuracy': 0.9128521126760564}
ct, ns, auc: 0.9128521126760564, 0, 0
Loaded test data from ../dataset/sst2/test/1.npz
Data length: 1
metric.compute(): {'accuracy': 0.9040713887339654}
ct, ns, auc: 0.9040713887339654, 0, 0
Loaded test data from ../dataset/sst2/test/2.npz
Data length: 1
metric.compute(): {'accuracy': 0.8983308042488619}
ct, ns, auc: 0.8983308042488619, 0, 0
Loaded test data from ../dataset/sst2/test/3.npz
Data length: 1
metric.compute(): {'accuracy': 0.8959074733096085}
ct, ns, auc: 0.8959074733096085, 0, 0
Loaded test data from ../dataset/sst2/test/4.npz
Data length: 1
metric.compute(): {'accuracy': 0.8958068614993647}
ct, ns, auc: 0.8958068614993647, 0, 0
Loaded test data from ../dataset/sst2/test/5.npz
Data length: 1
metric.compute(): {'accuracy': 0.9136302294197031}
ct, ns, auc: 0.9136302294197031, 0, 0
Loaded test data from ../dataset/sst2/test/6.npz
Data length: 1
metric.compute(): {'accuracy': 0.9075425790754258}
ct, ns, auc: 0.9075425790754258, 0, 0
Loaded test data from ../dataset/sst2/test/7.npz
Data length: 1
metric.compute(): {'accuracy': 0.9048519218651544}
ct, ns, auc: 0.9048519218651544, 0, 0
Loaded test data from ../dataset/sst2/test/8.npz
Data length: 1
metric.compute(): {'accuracy': 0.8987743026204564}
ct, ns, auc: 0.8987743026204564, 0, 0
Loaded test data from ../dataset/sst2/test/9.npz
Data length: 1
metric.compute(): {'accuracy': 0.9001447178002895}
ct, ns, auc: 0.9001447178002895, 0, 0
ids: [0, 1, 2, 3, 4, 5, 6, 7, 8, 9]
stats[1]: [0, 0, 0, 0, 0, 0, 0, 0, 0, 0]
stats[2]: [0.9128521126760564, 0.9040713887339654, 0.8983308042488619, 0.8959074733096085, 0.8958068614993647, 0.9136302294197031, 0.9075425790754258, 0.9048519218651544, 0.8987743026204564, 0.9001447178002895]
stats[3]: [0, 0, 0, 0, 0, 0, 0, 0, 0, 0]
Averaged Test Accuracy: 0.9032
Averaged Test AUC: 0.0000
Std Test Accuracy: 0.0065
Std Test AUC: 0.0000
Loaded train data from ../dataset/sst2/train/0.npz
Data length: 1
Time elapsed 0.04 min
Memory used: 7.88 GB
Loaded train data from ../dataset/sst2/train/6.npz
Data length: 1
Time elapsed 0.03 min
Memory used: 7.88 GB
Loaded train data from ../dataset/sst2/train/5.npz
Data length: 1
Time elapsed 0.05 min
Memory used: 7.88 GB
Loaded train data from ../dataset/sst2/train/1.npz
Data length: 1
Time elapsed 0.06 min
Memory used: 7.88 GB
Loaded train data from ../dataset/sst2/train/2.npz
Data length: 1
Time elapsed 0.04 min
Memory used: 7.88 GB
Loaded train data from ../dataset/sst2/train/3.npz
Data length: 1
Time elapsed 0.04 min
Memory used: 7.88 GB
Loaded train data from ../dataset/sst2/train/4.npz
Data length: 1
Time elapsed 0.03 min
Memory used: 7.88 GB
Loaded train data from ../dataset/sst2/train/9.npz
Data length: 1
Time elapsed 0.02 min
Memory used: 7.88 GB
Loaded train data from ../dataset/sst2/train/7.npz
Data length: 1
Time elapsed 0.11 min
Memory used: 7.88 GB
Loaded train data from ../dataset/sst2/train/8.npz
Data length: 1
Time elapsed 0.16 min
Memory used: 7.88 GB
------------------------- time cost ------------------------- 64.3182327747345

-------------Round number: 11-------------

Evaluate global model
Loaded test data from ../dataset/sst2/test/0.npz
Data length: 1
metric.compute(): {'accuracy': 0.9225352112676056}
ct, ns, auc: 0.9225352112676056, 0, 0
Loaded test data from ../dataset/sst2/test/1.npz
Data length: 1
metric.compute(): {'accuracy': 0.9023982152816509}
ct, ns, auc: 0.9023982152816509, 0, 0
Loaded test data from ../dataset/sst2/test/2.npz
Data length: 1
metric.compute(): {'accuracy': 0.9006069802731411}
ct, ns, auc: 0.9006069802731411, 0, 0
Loaded test data from ../dataset/sst2/test/3.npz
Data length: 1
metric.compute(): {'accuracy': 0.8932384341637011}
ct, ns, auc: 0.8932384341637011, 0, 0
Loaded test data from ../dataset/sst2/test/4.npz
Data length: 1
metric.compute(): {'accuracy': 0.9047013977128335}
ct, ns, auc: 0.9047013977128335, 0, 0
Loaded test data from ../dataset/sst2/test/5.npz
Data length: 1
metric.compute(): {'accuracy': 0.9143049932523617}
ct, ns, auc: 0.9143049932523617, 0, 0
Loaded test data from ../dataset/sst2/test/6.npz
Data length: 1
metric.compute(): {'accuracy': 0.9148418491484185}
ct, ns, auc: 0.9148418491484185, 0, 0
Loaded test data from ../dataset/sst2/test/7.npz
Data length: 1
metric.compute(): {'accuracy': 0.9054820415879017}
ct, ns, auc: 0.9054820415879017, 0, 0
Loaded test data from ../dataset/sst2/test/8.npz
Data length: 1
metric.compute(): {'accuracy': 0.900464919695689}
ct, ns, auc: 0.900464919695689, 0, 0
Loaded test data from ../dataset/sst2/test/9.npz
Data length: 1
metric.compute(): {'accuracy': 0.9001447178002895}
ct, ns, auc: 0.9001447178002895, 0, 0
ids: [0, 1, 2, 3, 4, 5, 6, 7, 8, 9]
stats[1]: [0, 0, 0, 0, 0, 0, 0, 0, 0, 0]
stats[2]: [0.9225352112676056, 0.9023982152816509, 0.9006069802731411, 0.8932384341637011, 0.9047013977128335, 0.9143049932523617, 0.9148418491484185, 0.9054820415879017, 0.900464919695689, 0.9001447178002895]
stats[3]: [0, 0, 0, 0, 0, 0, 0, 0, 0, 0]
Averaged Test Accuracy: 0.9059
Averaged Test AUC: 0.0000
Std Test Accuracy: 0.0088
Std Test AUC: 0.0000
Loaded train data from ../dataset/sst2/train/4.npz
Data length: 1
Time elapsed 0.03 min
Memory used: 7.88 GB
Loaded train data from ../dataset/sst2/train/7.npz
Data length: 1
Time elapsed 0.11 min
Memory used: 7.88 GB
Loaded train data from ../dataset/sst2/train/6.npz
Data length: 1
Time elapsed 0.03 min
Memory used: 7.88 GB
Loaded train data from ../dataset/sst2/train/2.npz
Data length: 1
Time elapsed 0.04 min
Memory used: 7.88 GB
Loaded train data from ../dataset/sst2/train/8.npz
Data length: 1
Time elapsed 0.16 min
Memory used: 7.88 GB
Loaded train data from ../dataset/sst2/train/3.npz
Data length: 1
Time elapsed 0.04 min
Memory used: 7.88 GB
Loaded train data from ../dataset/sst2/train/1.npz
Data length: 1
Time elapsed 0.06 min
Memory used: 7.88 GB
Loaded train data from ../dataset/sst2/train/5.npz
Data length: 1
Time elapsed 0.05 min
Memory used: 7.88 GB
Loaded train data from ../dataset/sst2/train/9.npz
Data length: 1
Time elapsed 0.02 min
Memory used: 7.88 GB
Loaded train data from ../dataset/sst2/train/0.npz
Data length: 1
Time elapsed 0.04 min
Memory used: 7.88 GB
------------------------- time cost ------------------------- 68.02751016616821

-------------Round number: 12-------------

Evaluate global model
Loaded test data from ../dataset/sst2/test/0.npz
Data length: 1
metric.compute(): {'accuracy': 0.9163732394366197}
ct, ns, auc: 0.9163732394366197, 0, 0
Loaded test data from ../dataset/sst2/test/1.npz
Data length: 1
metric.compute(): {'accuracy': 0.9029559397657557}
ct, ns, auc: 0.9029559397657557, 0, 0
Loaded test data from ../dataset/sst2/test/2.npz
Data length: 1
metric.compute(): {'accuracy': 0.9013657056145675}
ct, ns, auc: 0.9013657056145675, 0, 0
Loaded test data from ../dataset/sst2/test/3.npz
Data length: 1
metric.compute(): {'accuracy': 0.896797153024911}
ct, ns, auc: 0.896797153024911, 0, 0
Loaded test data from ../dataset/sst2/test/4.npz
Data length: 1
metric.compute(): {'accuracy': 0.9021601016518425}
ct, ns, auc: 0.9021601016518425, 0, 0
Loaded test data from ../dataset/sst2/test/5.npz
Data length: 1
metric.compute(): {'accuracy': 0.9129554655870445}
ct, ns, auc: 0.9129554655870445, 0, 0
Loaded test data from ../dataset/sst2/test/6.npz
Data length: 1
metric.compute(): {'accuracy': 0.9184914841849149}
ct, ns, auc: 0.9184914841849149, 0, 0
Loaded test data from ../dataset/sst2/test/7.npz
Data length: 1
metric.compute(): {'accuracy': 0.90705734089477}
ct, ns, auc: 0.90705734089477, 0, 0
Loaded test data from ../dataset/sst2/test/8.npz
Data length: 1
metric.compute(): {'accuracy': 0.9021555367709214}
ct, ns, auc: 0.9021555367709214, 0, 0
Loaded test data from ../dataset/sst2/test/9.npz
Data length: 1
metric.compute(): {'accuracy': 0.9001447178002895}
ct, ns, auc: 0.9001447178002895, 0, 0
ids: [0, 1, 2, 3, 4, 5, 6, 7, 8, 9]
stats[1]: [0, 0, 0, 0, 0, 0, 0, 0, 0, 0]
stats[2]: [0.9163732394366197, 0.9029559397657557, 0.9013657056145675, 0.896797153024911, 0.9021601016518425, 0.9129554655870445, 0.9184914841849149, 0.90705734089477, 0.9021555367709214, 0.9001447178002895]
stats[3]: [0, 0, 0, 0, 0, 0, 0, 0, 0, 0]
Averaged Test Accuracy: 0.9060
Averaged Test AUC: 0.0000
Std Test Accuracy: 0.0074
Std Test AUC: 0.0000
Loaded train data from ../dataset/sst2/train/7.npz
Data length: 1
Time elapsed 0.11 min
Memory used: 7.88 GB
Loaded train data from ../dataset/sst2/train/5.npz
Data length: 1
Time elapsed 0.05 min
Memory used: 7.88 GB
Loaded train data from ../dataset/sst2/train/6.npz
Data length: 1
Time elapsed 0.03 min
Memory used: 7.88 GB
Loaded train data from ../dataset/sst2/train/9.npz
Data length: 1
Time elapsed 0.02 min
Memory used: 7.88 GB
Loaded train data from ../dataset/sst2/train/8.npz
Data length: 1
Time elapsed 0.16 min
Memory used: 7.88 GB
Loaded train data from ../dataset/sst2/train/1.npz
Data length: 1
Time elapsed 0.06 min
Memory used: 7.88 GB
Loaded train data from ../dataset/sst2/train/2.npz
Data length: 1
Time elapsed 0.04 min
Memory used: 7.88 GB
Loaded train data from ../dataset/sst2/train/0.npz
Data length: 1
Time elapsed 0.04 min
Memory used: 7.88 GB
Loaded train data from ../dataset/sst2/train/3.npz
Data length: 1
Time elapsed 0.04 min
Memory used: 7.88 GB
Loaded train data from ../dataset/sst2/train/4.npz
Data length: 1
Time elapsed 0.03 min
Memory used: 7.88 GB
------------------------- time cost ------------------------- 64.03130054473877

-------------Round number: 13-------------

Evaluate global model
Loaded test data from ../dataset/sst2/test/0.npz
Data length: 1
metric.compute(): {'accuracy': 0.9154929577464789}
ct, ns, auc: 0.9154929577464789, 0, 0
Loaded test data from ../dataset/sst2/test/1.npz
Data length: 1
metric.compute(): {'accuracy': 0.9068600111544897}
ct, ns, auc: 0.9068600111544897, 0, 0
Loaded test data from ../dataset/sst2/test/2.npz
Data length: 1
metric.compute(): {'accuracy': 0.8998482549317147}
ct, ns, auc: 0.8998482549317147, 0, 0
Loaded test data from ../dataset/sst2/test/3.npz
Data length: 1
metric.compute(): {'accuracy': 0.8941281138790036}
ct, ns, auc: 0.8941281138790036, 0, 0
Loaded test data from ../dataset/sst2/test/4.npz
Data length: 1
metric.compute(): {'accuracy': 0.9021601016518425}
ct, ns, auc: 0.9021601016518425, 0, 0
Loaded test data from ../dataset/sst2/test/5.npz
Data length: 1
metric.compute(): {'accuracy': 0.9176788124156545}
ct, ns, auc: 0.9176788124156545, 0, 0
Loaded test data from ../dataset/sst2/test/6.npz
Data length: 1
metric.compute(): {'accuracy': 0.9136253041362531}
ct, ns, auc: 0.9136253041362531, 0, 0
Loaded test data from ../dataset/sst2/test/7.npz
Data length: 1
metric.compute(): {'accuracy': 0.9054820415879017}
ct, ns, auc: 0.9054820415879017, 0, 0
Loaded test data from ../dataset/sst2/test/8.npz
Data length: 1
metric.compute(): {'accuracy': 0.9000422654268808}
ct, ns, auc: 0.9000422654268808, 0, 0
Loaded test data from ../dataset/sst2/test/9.npz
Data length: 1
metric.compute(): {'accuracy': 0.9015918958031838}
ct, ns, auc: 0.9015918958031838, 0, 0
ids: [0, 1, 2, 3, 4, 5, 6, 7, 8, 9]
stats[1]: [0, 0, 0, 0, 0, 0, 0, 0, 0, 0]
stats[2]: [0.9154929577464789, 0.9068600111544897, 0.8998482549317147, 0.8941281138790036, 0.9021601016518425, 0.9176788124156545, 0.9136253041362531, 0.9054820415879017, 0.9000422654268808, 0.9015918958031838]
stats[3]: [0, 0, 0, 0, 0, 0, 0, 0, 0, 0]
Averaged Test Accuracy: 0.9057
Averaged Test AUC: 0.0000
Std Test Accuracy: 0.0077
Std Test AUC: 0.0000
Loaded train data from ../dataset/sst2/train/7.npz
Data length: 1
Time elapsed 0.11 min
Memory used: 7.88 GB
Loaded train data from ../dataset/sst2/train/2.npz
Data length: 1
Time elapsed 0.04 min
Memory used: 7.88 GB
Loaded train data from ../dataset/sst2/train/1.npz
Data length: 1
Time elapsed 0.06 min
Memory used: 7.88 GB
Loaded train data from ../dataset/sst2/train/3.npz
Data length: 1
Time elapsed 0.04 min
Memory used: 7.88 GB
Loaded train data from ../dataset/sst2/train/4.npz
Data length: 1
Time elapsed 0.03 min
Memory used: 7.88 GB
Loaded train data from ../dataset/sst2/train/9.npz
Data length: 1
Time elapsed 0.02 min
Memory used: 7.88 GB
Loaded train data from ../dataset/sst2/train/5.npz
Data length: 1
Time elapsed 0.05 min
Memory used: 7.88 GB
Loaded train data from ../dataset/sst2/train/0.npz
Data length: 1
Time elapsed 0.04 min
Memory used: 7.88 GB
Loaded train data from ../dataset/sst2/train/8.npz
Data length: 1
Time elapsed 0.16 min
Memory used: 7.88 GB
Loaded train data from ../dataset/sst2/train/6.npz
Data length: 1
Time elapsed 0.03 min
Memory used: 7.88 GB
------------------------- time cost ------------------------- 64.06458330154419

-------------Round number: 14-------------

Evaluate global model
Loaded test data from ../dataset/sst2/test/0.npz
Data length: 1
metric.compute(): {'accuracy': 0.9181338028169014}
ct, ns, auc: 0.9181338028169014, 0, 0
Loaded test data from ../dataset/sst2/test/1.npz
Data length: 1
metric.compute(): {'accuracy': 0.8996095928611266}
ct, ns, auc: 0.8996095928611266, 0, 0
Loaded test data from ../dataset/sst2/test/2.npz
Data length: 1
metric.compute(): {'accuracy': 0.9059180576631259}
ct, ns, auc: 0.9059180576631259, 0, 0
Loaded test data from ../dataset/sst2/test/3.npz
Data length: 1
metric.compute(): {'accuracy': 0.896797153024911}
ct, ns, auc: 0.896797153024911, 0, 0
Loaded test data from ../dataset/sst2/test/4.npz
Data length: 1
metric.compute(): {'accuracy': 0.9110546378653113}
ct, ns, auc: 0.9110546378653113, 0, 0
Loaded test data from ../dataset/sst2/test/5.npz
Data length: 1
metric.compute(): {'accuracy': 0.9156545209176788}
ct, ns, auc: 0.9156545209176788, 0, 0
Loaded test data from ../dataset/sst2/test/6.npz
Data length: 1
metric.compute(): {'accuracy': 0.9209245742092458}
ct, ns, auc: 0.9209245742092458, 0, 0
Loaded test data from ../dataset/sst2/test/7.npz
Data length: 1
metric.compute(): {'accuracy': 0.9057971014492754}
ct, ns, auc: 0.9057971014492754, 0, 0
Loaded test data from ../dataset/sst2/test/8.npz
Data length: 1
metric.compute(): {'accuracy': 0.9027895181741336}
ct, ns, auc: 0.9027895181741336, 0, 0
Loaded test data from ../dataset/sst2/test/9.npz
Data length: 1
metric.compute(): {'accuracy': 0.8972503617945007}
ct, ns, auc: 0.8972503617945007, 0, 0
ids: [0, 1, 2, 3, 4, 5, 6, 7, 8, 9]
stats[1]: [0, 0, 0, 0, 0, 0, 0, 0, 0, 0]
stats[2]: [0.9181338028169014, 0.8996095928611266, 0.9059180576631259, 0.896797153024911, 0.9110546378653113, 0.9156545209176788, 0.9209245742092458, 0.9057971014492754, 0.9027895181741336, 0.8972503617945007]
stats[3]: [0, 0, 0, 0, 0, 0, 0, 0, 0, 0]
Averaged Test Accuracy: 0.9074
Averaged Test AUC: 0.0000
Std Test Accuracy: 0.0087
Std Test AUC: 0.0000
Loaded train data from ../dataset/sst2/train/2.npz
Data length: 1
Time elapsed 0.04 min
Memory used: 7.88 GB
Loaded train data from ../dataset/sst2/train/6.npz
Data length: 1
Time elapsed 0.03 min
Memory used: 7.88 GB
Loaded train data from ../dataset/sst2/train/1.npz
Data length: 1
Time elapsed 0.06 min
Memory used: 7.88 GB
Loaded train data from ../dataset/sst2/train/3.npz
Data length: 1
Time elapsed 0.04 min
Memory used: 7.88 GB
Loaded train data from ../dataset/sst2/train/4.npz
Data length: 1
Time elapsed 0.03 min
Memory used: 7.88 GB
Loaded train data from ../dataset/sst2/train/9.npz
Data length: 1
Time elapsed 0.02 min
Memory used: 7.88 GB
Loaded train data from ../dataset/sst2/train/8.npz
Data length: 1
Time elapsed 0.16 min
Memory used: 7.88 GB
Loaded train data from ../dataset/sst2/train/0.npz
Data length: 1
Time elapsed 0.04 min
Memory used: 7.88 GB
Loaded train data from ../dataset/sst2/train/7.npz
Data length: 1
Time elapsed 0.11 min
Memory used: 7.88 GB
Loaded train data from ../dataset/sst2/train/5.npz
Data length: 1
Time elapsed 0.05 min
Memory used: 7.88 GB
------------------------- time cost ------------------------- 66.93615198135376

-------------Round number: 15-------------

Evaluate global model
Loaded test data from ../dataset/sst2/test/0.npz
Data length: 1
metric.compute(): {'accuracy': 0.9198943661971831}
ct, ns, auc: 0.9198943661971831, 0, 0
Loaded test data from ../dataset/sst2/test/1.npz
Data length: 1
metric.compute(): {'accuracy': 0.9068600111544897}
ct, ns, auc: 0.9068600111544897, 0, 0
Loaded test data from ../dataset/sst2/test/2.npz
Data length: 1
metric.compute(): {'accuracy': 0.9021244309559939}
ct, ns, auc: 0.9021244309559939, 0, 0
Loaded test data from ../dataset/sst2/test/3.npz
Data length: 1
metric.compute(): {'accuracy': 0.8985765124555161}
ct, ns, auc: 0.8985765124555161, 0, 0
Loaded test data from ../dataset/sst2/test/4.npz
Data length: 1
metric.compute(): {'accuracy': 0.9047013977128335}
ct, ns, auc: 0.9047013977128335, 0, 0
Loaded test data from ../dataset/sst2/test/5.npz
Data length: 1
metric.compute(): {'accuracy': 0.918353576248313}
ct, ns, auc: 0.918353576248313, 0, 0
Loaded test data from ../dataset/sst2/test/6.npz
Data length: 1
metric.compute(): {'accuracy': 0.9209245742092458}
ct, ns, auc: 0.9209245742092458, 0, 0
Loaded test data from ../dataset/sst2/test/7.npz
Data length: 1
metric.compute(): {'accuracy': 0.9086326402016384}
ct, ns, auc: 0.9086326402016384, 0, 0
Loaded test data from ../dataset/sst2/test/8.npz
Data length: 1
metric.compute(): {'accuracy': 0.9010989010989011}
ct, ns, auc: 0.9010989010989011, 0, 0
Loaded test data from ../dataset/sst2/test/9.npz
Data length: 1
metric.compute(): {'accuracy': 0.9059334298118669}
ct, ns, auc: 0.9059334298118669, 0, 0
ids: [0, 1, 2, 3, 4, 5, 6, 7, 8, 9]
stats[1]: [0, 0, 0, 0, 0, 0, 0, 0, 0, 0]
stats[2]: [0.9198943661971831, 0.9068600111544897, 0.9021244309559939, 0.8985765124555161, 0.9047013977128335, 0.918353576248313, 0.9209245742092458, 0.9086326402016384, 0.9010989010989011, 0.9059334298118669]
stats[3]: [0, 0, 0, 0, 0, 0, 0, 0, 0, 0]
Averaged Test Accuracy: 0.9087
Averaged Test AUC: 0.0000
Std Test Accuracy: 0.0082
Std Test AUC: 0.0000
Loaded train data from ../dataset/sst2/train/8.npz
Data length: 1
Time elapsed 0.16 min
Memory used: 7.88 GB
Loaded train data from ../dataset/sst2/train/4.npz
Data length: 1
Time elapsed 0.03 min
Memory used: 7.88 GB
Loaded train data from ../dataset/sst2/train/9.npz
Data length: 1
Time elapsed 0.02 min
Memory used: 7.88 GB
Loaded train data from ../dataset/sst2/train/2.npz
Data length: 1
Time elapsed 0.04 min
Memory used: 7.88 GB
Loaded train data from ../dataset/sst2/train/7.npz
Data length: 1
Time elapsed 0.11 min
Memory used: 7.88 GB
Loaded train data from ../dataset/sst2/train/0.npz
Data length: 1
Time elapsed 0.04 min
Memory used: 7.88 GB
Loaded train data from ../dataset/sst2/train/6.npz
Data length: 1
Time elapsed 0.03 min
Memory used: 7.88 GB
Loaded train data from ../dataset/sst2/train/1.npz
Data length: 1
Time elapsed 0.06 min
Memory used: 7.88 GB
Loaded train data from ../dataset/sst2/train/5.npz
Data length: 1
Time elapsed 0.05 min
Memory used: 7.88 GB
Loaded train data from ../dataset/sst2/train/3.npz
Data length: 1
Time elapsed 0.04 min
Memory used: 7.88 GB
------------------------- time cost ------------------------- 64.0107250213623

-------------Round number: 16-------------

Evaluate global model
Loaded test data from ../dataset/sst2/test/0.npz
Data length: 1
metric.compute(): {'accuracy': 0.9154929577464789}
ct, ns, auc: 0.9154929577464789, 0, 0
Loaded test data from ../dataset/sst2/test/1.npz
Data length: 1
metric.compute(): {'accuracy': 0.9079754601226994}
ct, ns, auc: 0.9079754601226994, 0, 0
Loaded test data from ../dataset/sst2/test/2.npz
Data length: 1
metric.compute(): {'accuracy': 0.9044006069802731}
ct, ns, auc: 0.9044006069802731, 0, 0
Loaded test data from ../dataset/sst2/test/3.npz
Data length: 1
metric.compute(): {'accuracy': 0.8976868327402135}
ct, ns, auc: 0.8976868327402135, 0, 0
Loaded test data from ../dataset/sst2/test/4.npz
Data length: 1
metric.compute(): {'accuracy': 0.8996188055908514}
ct, ns, auc: 0.8996188055908514, 0, 0
Loaded test data from ../dataset/sst2/test/5.npz
Data length: 1
metric.compute(): {'accuracy': 0.917004048582996}
ct, ns, auc: 0.917004048582996, 0, 0
Loaded test data from ../dataset/sst2/test/6.npz
Data length: 1
metric.compute(): {'accuracy': 0.9172749391727494}
ct, ns, auc: 0.9172749391727494, 0, 0
Loaded test data from ../dataset/sst2/test/7.npz
Data length: 1
metric.compute(): {'accuracy': 0.908002520478891}
ct, ns, auc: 0.908002520478891, 0, 0
Loaded test data from ../dataset/sst2/test/8.npz
Data length: 1
metric.compute(): {'accuracy': 0.900887573964497}
ct, ns, auc: 0.900887573964497, 0, 0
Loaded test data from ../dataset/sst2/test/9.npz
Data length: 1
metric.compute(): {'accuracy': 0.9059334298118669}
ct, ns, auc: 0.9059334298118669, 0, 0
ids: [0, 1, 2, 3, 4, 5, 6, 7, 8, 9]
stats[1]: [0, 0, 0, 0, 0, 0, 0, 0, 0, 0]
stats[2]: [0.9154929577464789, 0.9079754601226994, 0.9044006069802731, 0.8976868327402135, 0.8996188055908514, 0.917004048582996, 0.9172749391727494, 0.908002520478891, 0.900887573964497, 0.9059334298118669]
stats[3]: [0, 0, 0, 0, 0, 0, 0, 0, 0, 0]
Averaged Test Accuracy: 0.9074
Averaged Test AUC: 0.0000
Std Test Accuracy: 0.0072
Std Test AUC: 0.0000
Loaded train data from ../dataset/sst2/train/3.npz
Data length: 1
Time elapsed 0.04 min
Memory used: 7.88 GB
Loaded train data from ../dataset/sst2/train/1.npz
Data length: 1
Time elapsed 0.06 min
Memory used: 7.88 GB
Loaded train data from ../dataset/sst2/train/4.npz
Data length: 1
Time elapsed 0.03 min
Memory used: 7.88 GB
Loaded train data from ../dataset/sst2/train/9.npz
Data length: 1
Time elapsed 0.02 min
Memory used: 7.88 GB
Loaded train data from ../dataset/sst2/train/6.npz
Data length: 1
Time elapsed 0.03 min
Memory used: 7.88 GB
Loaded train data from ../dataset/sst2/train/2.npz
Data length: 1
Time elapsed 0.04 min
Memory used: 7.88 GB
Loaded train data from ../dataset/sst2/train/5.npz
Data length: 1
Time elapsed 0.05 min
Memory used: 7.88 GB
Loaded train data from ../dataset/sst2/train/0.npz
Data length: 1
Time elapsed 0.04 min
Memory used: 7.88 GB
Loaded train data from ../dataset/sst2/train/8.npz
Data length: 1
Time elapsed 0.16 min
Memory used: 7.88 GB
Loaded train data from ../dataset/sst2/train/7.npz
Data length: 1
Time elapsed 0.11 min
Memory used: 7.88 GB
------------------------- time cost ------------------------- 65.63311696052551

-------------Round number: 17-------------

Evaluate global model
Loaded test data from ../dataset/sst2/test/0.npz
Data length: 1
metric.compute(): {'accuracy': 0.9198943661971831}
ct, ns, auc: 0.9198943661971831, 0, 0
Loaded test data from ../dataset/sst2/test/1.npz
Data length: 1
metric.compute(): {'accuracy': 0.9063022866703848}
ct, ns, auc: 0.9063022866703848, 0, 0
Loaded test data from ../dataset/sst2/test/2.npz
Data length: 1
metric.compute(): {'accuracy': 0.9104704097116844}
ct, ns, auc: 0.9104704097116844, 0, 0
Loaded test data from ../dataset/sst2/test/3.npz
Data length: 1
metric.compute(): {'accuracy': 0.896797153024911}
ct, ns, auc: 0.896797153024911, 0, 0
Loaded test data from ../dataset/sst2/test/4.npz
Data length: 1
metric.compute(): {'accuracy': 0.9072426937738246}
ct, ns, auc: 0.9072426937738246, 0, 0
Loaded test data from ../dataset/sst2/test/5.npz
Data length: 1
metric.compute(): {'accuracy': 0.9176788124156545}
ct, ns, auc: 0.9176788124156545, 0, 0
Loaded test data from ../dataset/sst2/test/6.npz
Data length: 1
metric.compute(): {'accuracy': 0.9221411192214112}
ct, ns, auc: 0.9221411192214112, 0, 0
Loaded test data from ../dataset/sst2/test/7.npz
Data length: 1
metric.compute(): {'accuracy': 0.9083175803402647}
ct, ns, auc: 0.9083175803402647, 0, 0
Loaded test data from ../dataset/sst2/test/8.npz
Data length: 1
metric.compute(): {'accuracy': 0.9042688081149619}
ct, ns, auc: 0.9042688081149619, 0, 0
Loaded test data from ../dataset/sst2/test/9.npz
Data length: 1
metric.compute(): {'accuracy': 0.9030390738060782}
ct, ns, auc: 0.9030390738060782, 0, 0
ids: [0, 1, 2, 3, 4, 5, 6, 7, 8, 9]
stats[1]: [0, 0, 0, 0, 0, 0, 0, 0, 0, 0]
stats[2]: [0.9198943661971831, 0.9063022866703848, 0.9104704097116844, 0.896797153024911, 0.9072426937738246, 0.9176788124156545, 0.9221411192214112, 0.9083175803402647, 0.9042688081149619, 0.9030390738060782]
stats[3]: [0, 0, 0, 0, 0, 0, 0, 0, 0, 0]
Averaged Test Accuracy: 0.9096
Averaged Test AUC: 0.0000
Std Test Accuracy: 0.0080
Std Test AUC: 0.0000
Loaded train data from ../dataset/sst2/train/5.npz
Data length: 1
Time elapsed 0.05 min
Memory used: 7.88 GB
Loaded train data from ../dataset/sst2/train/9.npz
Data length: 1
Time elapsed 0.02 min
Memory used: 7.88 GB
Loaded train data from ../dataset/sst2/train/4.npz
Data length: 1
Time elapsed 0.03 min
Memory used: 7.88 GB
Loaded train data from ../dataset/sst2/train/2.npz
Data length: 1
Time elapsed 0.04 min
Memory used: 7.88 GB
Loaded train data from ../dataset/sst2/train/3.npz
Data length: 1
Time elapsed 0.04 min
Memory used: 7.88 GB
Loaded train data from ../dataset/sst2/train/7.npz
Data length: 1
Time elapsed 0.11 min
Memory used: 7.88 GB
Loaded train data from ../dataset/sst2/train/8.npz
Data length: 1
Time elapsed 0.16 min
Memory used: 7.88 GB
Loaded train data from ../dataset/sst2/train/6.npz
Data length: 1
Time elapsed 0.03 min
Memory used: 7.88 GB
Loaded train data from ../dataset/sst2/train/0.npz
Data length: 1
Time elapsed 0.04 min
Memory used: 7.88 GB
Loaded train data from ../dataset/sst2/train/1.npz
Data length: 1
Time elapsed 0.07 min
Memory used: 7.88 GB
------------------------- time cost ------------------------- 74.57092046737671

-------------Round number: 18-------------

Evaluate global model
Loaded test data from ../dataset/sst2/test/0.npz
Data length: 1
metric.compute(): {'accuracy': 0.920774647887324}
ct, ns, auc: 0.920774647887324, 0, 0
Loaded test data from ../dataset/sst2/test/1.npz
Data length: 1
metric.compute(): {'accuracy': 0.9102063580591188}
ct, ns, auc: 0.9102063580591188, 0, 0
Loaded test data from ../dataset/sst2/test/2.npz
Data length: 1
metric.compute(): {'accuracy': 0.9059180576631259}
ct, ns, auc: 0.9059180576631259, 0, 0
Loaded test data from ../dataset/sst2/test/3.npz
Data length: 1
metric.compute(): {'accuracy': 0.8976868327402135}
ct, ns, auc: 0.8976868327402135, 0, 0
Loaded test data from ../dataset/sst2/test/4.npz
Data length: 1
metric.compute(): {'accuracy': 0.9059720457433291}
ct, ns, auc: 0.9059720457433291, 0, 0
Loaded test data from ../dataset/sst2/test/5.npz
Data length: 1
metric.compute(): {'accuracy': 0.9203778677462888}
ct, ns, auc: 0.9203778677462888, 0, 0
Loaded test data from ../dataset/sst2/test/6.npz
Data length: 1
metric.compute(): {'accuracy': 0.9221411192214112}
ct, ns, auc: 0.9221411192214112, 0, 0
Loaded test data from ../dataset/sst2/test/7.npz
Data length: 1
metric.compute(): {'accuracy': 0.9092627599243857}
ct, ns, auc: 0.9092627599243857, 0, 0
Loaded test data from ../dataset/sst2/test/8.npz
Data length: 1
metric.compute(): {'accuracy': 0.9036348267117498}
ct, ns, auc: 0.9036348267117498, 0, 0
Loaded test data from ../dataset/sst2/test/9.npz
Data length: 1
metric.compute(): {'accuracy': 0.9059334298118669}
ct, ns, auc: 0.9059334298118669, 0, 0
ids: [0, 1, 2, 3, 4, 5, 6, 7, 8, 9]
stats[1]: [0, 0, 0, 0, 0, 0, 0, 0, 0, 0]
stats[2]: [0.920774647887324, 0.9102063580591188, 0.9059180576631259, 0.8976868327402135, 0.9059720457433291, 0.9203778677462888, 0.9221411192214112, 0.9092627599243857, 0.9036348267117498, 0.9059334298118669]
stats[3]: [0, 0, 0, 0, 0, 0, 0, 0, 0, 0]
Averaged Test Accuracy: 0.9102
Averaged Test AUC: 0.0000
Std Test Accuracy: 0.0083
Std Test AUC: 0.0000
Loaded train data from ../dataset/sst2/train/9.npz
Data length: 1
Time elapsed 0.02 min
Memory used: 7.88 GB
Loaded train data from ../dataset/sst2/train/5.npz
Data length: 1
Time elapsed 0.05 min
Memory used: 7.88 GB
Loaded train data from ../dataset/sst2/train/4.npz
Data length: 1
Time elapsed 0.03 min
Memory used: 7.88 GB
Loaded train data from ../dataset/sst2/train/3.npz
Data length: 1
Time elapsed 0.04 min
Memory used: 7.88 GB
Loaded train data from ../dataset/sst2/train/6.npz
Data length: 1
Time elapsed 0.03 min
Memory used: 7.88 GB
Loaded train data from ../dataset/sst2/train/2.npz
Data length: 1
Time elapsed 0.04 min
Memory used: 7.88 GB
Loaded train data from ../dataset/sst2/train/7.npz
Data length: 1
Time elapsed 0.11 min
Memory used: 7.88 GB
Loaded train data from ../dataset/sst2/train/8.npz
Data length: 1
Time elapsed 0.16 min
Memory used: 7.88 GB
Loaded train data from ../dataset/sst2/train/1.npz
Data length: 1
Time elapsed 0.06 min
Memory used: 7.88 GB
Loaded train data from ../dataset/sst2/train/0.npz
Data length: 1
Time elapsed 0.04 min
Memory used: 7.88 GB
------------------------- time cost ------------------------- 69.53949427604675

-------------Round number: 19-------------

Evaluate global model
Loaded test data from ../dataset/sst2/test/0.npz
Data length: 1
metric.compute(): {'accuracy': 0.9198943661971831}
ct, ns, auc: 0.9198943661971831, 0, 0
Loaded test data from ../dataset/sst2/test/1.npz
Data length: 1
metric.compute(): {'accuracy': 0.9079754601226994}
ct, ns, auc: 0.9079754601226994, 0, 0
Loaded test data from ../dataset/sst2/test/2.npz
Data length: 1
metric.compute(): {'accuracy': 0.9089529590288316}
ct, ns, auc: 0.9089529590288316, 0, 0
Loaded test data from ../dataset/sst2/test/3.npz
Data length: 1
metric.compute(): {'accuracy': 0.8985765124555161}
ct, ns, auc: 0.8985765124555161, 0, 0
Loaded test data from ../dataset/sst2/test/4.npz
Data length: 1
metric.compute(): {'accuracy': 0.9021601016518425}
ct, ns, auc: 0.9021601016518425, 0, 0
Loaded test data from ../dataset/sst2/test/5.npz
Data length: 1
metric.compute(): {'accuracy': 0.9197031039136302}
ct, ns, auc: 0.9197031039136302, 0, 0
Loaded test data from ../dataset/sst2/test/6.npz
Data length: 1
metric.compute(): {'accuracy': 0.9221411192214112}
ct, ns, auc: 0.9221411192214112, 0, 0
Loaded test data from ../dataset/sst2/test/7.npz
Data length: 1
metric.compute(): {'accuracy': 0.9095778197857592}
ct, ns, auc: 0.9095778197857592, 0, 0
Loaded test data from ../dataset/sst2/test/8.npz
Data length: 1
metric.compute(): {'accuracy': 0.9032121724429417}
ct, ns, auc: 0.9032121724429417, 0, 0
Loaded test data from ../dataset/sst2/test/9.npz
Data length: 1
metric.compute(): {'accuracy': 0.91027496382055}
ct, ns, auc: 0.91027496382055, 0, 0
ids: [0, 1, 2, 3, 4, 5, 6, 7, 8, 9]
stats[1]: [0, 0, 0, 0, 0, 0, 0, 0, 0, 0]
stats[2]: [0.9198943661971831, 0.9079754601226994, 0.9089529590288316, 0.8985765124555161, 0.9021601016518425, 0.9197031039136302, 0.9221411192214112, 0.9095778197857592, 0.9032121724429417, 0.91027496382055]
stats[3]: [0, 0, 0, 0, 0, 0, 0, 0, 0, 0]
Averaged Test Accuracy: 0.9102
Averaged Test AUC: 0.0000
Std Test Accuracy: 0.0080
Std Test AUC: 0.0000
Loaded train data from ../dataset/sst2/train/6.npz
Data length: 1
Time elapsed 0.03 min
Memory used: 7.88 GB
Loaded train data from ../dataset/sst2/train/3.npz
Data length: 1
Time elapsed 0.04 min
Memory used: 7.88 GB
Loaded train data from ../dataset/sst2/train/5.npz
Data length: 1
Time elapsed 0.05 min
Memory used: 7.88 GB
Loaded train data from ../dataset/sst2/train/4.npz
Data length: 1
Time elapsed 0.03 min
Memory used: 7.88 GB
Loaded train data from ../dataset/sst2/train/2.npz
Data length: 1
Time elapsed 0.04 min
Memory used: 7.88 GB
Loaded train data from ../dataset/sst2/train/8.npz
Data length: 1
Time elapsed 0.16 min
Memory used: 7.88 GB
Loaded train data from ../dataset/sst2/train/9.npz
Data length: 1
Time elapsed 0.02 min
Memory used: 7.88 GB
Loaded train data from ../dataset/sst2/train/0.npz
Data length: 1
Time elapsed 0.04 min
Memory used: 7.88 GB
Loaded train data from ../dataset/sst2/train/7.npz
Data length: 1
Time elapsed 0.11 min
Memory used: 7.88 GB
Loaded train data from ../dataset/sst2/train/1.npz
Data length: 1
Time elapsed 0.06 min
Memory used: 7.88 GB
------------------------- time cost ------------------------- 67.30297517776489

-------------Round number: 20-------------

Evaluate global model
Loaded test data from ../dataset/sst2/test/0.npz
Data length: 1
metric.compute(): {'accuracy': 0.9234154929577465}
ct, ns, auc: 0.9234154929577465, 0, 0
Loaded test data from ../dataset/sst2/test/1.npz
Data length: 1
metric.compute(): {'accuracy': 0.9107640825432236}
ct, ns, auc: 0.9107640825432236, 0, 0
Loaded test data from ../dataset/sst2/test/2.npz
Data length: 1
metric.compute(): {'accuracy': 0.909711684370258}
ct, ns, auc: 0.909711684370258, 0, 0
Loaded test data from ../dataset/sst2/test/3.npz
Data length: 1
metric.compute(): {'accuracy': 0.8976868327402135}
ct, ns, auc: 0.8976868327402135, 0, 0
Loaded test data from ../dataset/sst2/test/4.npz
Data length: 1
metric.compute(): {'accuracy': 0.9072426937738246}
ct, ns, auc: 0.9072426937738246, 0, 0
Loaded test data from ../dataset/sst2/test/5.npz
Data length: 1
metric.compute(): {'accuracy': 0.917004048582996}
ct, ns, auc: 0.917004048582996, 0, 0
Loaded test data from ../dataset/sst2/test/6.npz
Data length: 1
metric.compute(): {'accuracy': 0.9257907542579076}
ct, ns, auc: 0.9257907542579076, 0, 0
Loaded test data from ../dataset/sst2/test/7.npz
Data length: 1
metric.compute(): {'accuracy': 0.9095778197857592}
ct, ns, auc: 0.9095778197857592, 0, 0
Loaded test data from ../dataset/sst2/test/8.npz
Data length: 1
metric.compute(): {'accuracy': 0.9040574809805579}
ct, ns, auc: 0.9040574809805579, 0, 0
Loaded test data from ../dataset/sst2/test/9.npz
Data length: 1
metric.compute(): {'accuracy': 0.9088277858176556}
ct, ns, auc: 0.9088277858176556, 0, 0
ids: [0, 1, 2, 3, 4, 5, 6, 7, 8, 9]
stats[1]: [0, 0, 0, 0, 0, 0, 0, 0, 0, 0]
stats[2]: [0.9234154929577465, 0.9107640825432236, 0.909711684370258, 0.8976868327402135, 0.9072426937738246, 0.917004048582996, 0.9257907542579076, 0.9095778197857592, 0.9040574809805579, 0.9088277858176556]
stats[3]: [0, 0, 0, 0, 0, 0, 0, 0, 0, 0]
Averaged Test Accuracy: 0.9114
Averaged Test AUC: 0.0000
Std Test Accuracy: 0.0085
Std Test AUC: 0.0000
Loaded train data from ../dataset/sst2/train/7.npz
Data length: 1
Time elapsed 0.11 min
Memory used: 7.88 GB
Loaded train data from ../dataset/sst2/train/4.npz
Data length: 1
Time elapsed 0.03 min
Memory used: 7.88 GB
Loaded train data from ../dataset/sst2/train/8.npz
Data length: 1
Time elapsed 0.16 min
Memory used: 7.88 GB
Loaded train data from ../dataset/sst2/train/9.npz
Data length: 1
Time elapsed 0.02 min
Memory used: 7.88 GB
Loaded train data from ../dataset/sst2/train/3.npz
Data length: 1
Time elapsed 0.04 min
Memory used: 7.88 GB
Loaded train data from ../dataset/sst2/train/0.npz
Data length: 1
Time elapsed 0.04 min
Memory used: 7.88 GB
Loaded train data from ../dataset/sst2/train/2.npz
Data length: 1
Time elapsed 0.04 min
Memory used: 7.88 GB
Loaded train data from ../dataset/sst2/train/1.npz
Data length: 1
Time elapsed 0.06 min
Memory used: 7.88 GB
Loaded train data from ../dataset/sst2/train/5.npz
Data length: 1
Time elapsed 0.05 min
Memory used: 7.88 GB
Loaded train data from ../dataset/sst2/train/6.npz
Data length: 1
Time elapsed 0.03 min
Memory used: 7.88 GB
------------------------- time cost ------------------------- 70.0901141166687

-------------Round number: 21-------------

Evaluate global model
Loaded test data from ../dataset/sst2/test/0.npz
Data length: 1
metric.compute(): {'accuracy': 0.9242957746478874}
ct, ns, auc: 0.9242957746478874, 0, 0
Loaded test data from ../dataset/sst2/test/1.npz
Data length: 1
metric.compute(): {'accuracy': 0.9102063580591188}
ct, ns, auc: 0.9102063580591188, 0, 0
Loaded test data from ../dataset/sst2/test/2.npz
Data length: 1
metric.compute(): {'accuracy': 0.9081942336874052}
ct, ns, auc: 0.9081942336874052, 0, 0
Loaded test data from ../dataset/sst2/test/3.npz
Data length: 1
metric.compute(): {'accuracy': 0.895017793594306}
ct, ns, auc: 0.895017793594306, 0, 0
Loaded test data from ../dataset/sst2/test/4.npz
Data length: 1
metric.compute(): {'accuracy': 0.9047013977128335}
ct, ns, auc: 0.9047013977128335, 0, 0
Loaded test data from ../dataset/sst2/test/5.npz
Data length: 1
metric.compute(): {'accuracy': 0.9197031039136302}
ct, ns, auc: 0.9197031039136302, 0, 0
Loaded test data from ../dataset/sst2/test/6.npz
Data length: 1
metric.compute(): {'accuracy': 0.9233576642335767}
ct, ns, auc: 0.9233576642335767, 0, 0
Loaded test data from ../dataset/sst2/test/7.npz
Data length: 1
metric.compute(): {'accuracy': 0.9133585381222432}
ct, ns, auc: 0.9133585381222432, 0, 0
Loaded test data from ../dataset/sst2/test/8.npz
Data length: 1
metric.compute(): {'accuracy': 0.9055367709213863}
ct, ns, auc: 0.9055367709213863, 0, 0
Loaded test data from ../dataset/sst2/test/9.npz
Data length: 1
metric.compute(): {'accuracy': 0.9073806078147613}
ct, ns, auc: 0.9073806078147613, 0, 0
ids: [0, 1, 2, 3, 4, 5, 6, 7, 8, 9]
stats[1]: [0, 0, 0, 0, 0, 0, 0, 0, 0, 0]
stats[2]: [0.9242957746478874, 0.9102063580591188, 0.9081942336874052, 0.895017793594306, 0.9047013977128335, 0.9197031039136302, 0.9233576642335767, 0.9133585381222432, 0.9055367709213863, 0.9073806078147613]
stats[3]: [0, 0, 0, 0, 0, 0, 0, 0, 0, 0]
Averaged Test Accuracy: 0.9112
Averaged Test AUC: 0.0000
Std Test Accuracy: 0.0092
Std Test AUC: 0.0000
Loaded train data from ../dataset/sst2/train/5.npz
Data length: 1
Time elapsed 0.05 min
Memory used: 7.88 GB
Loaded train data from ../dataset/sst2/train/7.npz
Data length: 1
Time elapsed 0.11 min
Memory used: 7.88 GB
Loaded train data from ../dataset/sst2/train/6.npz
Data length: 1
Time elapsed 0.03 min
Memory used: 7.88 GB
Loaded train data from ../dataset/sst2/train/1.npz
Data length: 1
Time elapsed 0.06 min
Memory used: 7.88 GB
Loaded train data from ../dataset/sst2/train/4.npz
Data length: 1
Time elapsed 0.03 min
Memory used: 7.88 GB
Loaded train data from ../dataset/sst2/train/8.npz
Data length: 1
Time elapsed 0.16 min
Memory used: 7.88 GB
Loaded train data from ../dataset/sst2/train/3.npz
Data length: 1
Time elapsed 0.04 min
Memory used: 7.88 GB
Loaded train data from ../dataset/sst2/train/2.npz
Data length: 1
Time elapsed 0.04 min
Memory used: 7.88 GB
Loaded train data from ../dataset/sst2/train/0.npz
Data length: 1
Time elapsed 0.04 min
Memory used: 7.88 GB
Loaded train data from ../dataset/sst2/train/9.npz
Data length: 1
Time elapsed 0.02 min
Memory used: 7.88 GB
------------------------- time cost ------------------------- 72.2251136302948

-------------Round number: 22-------------

Evaluate global model
Loaded test data from ../dataset/sst2/test/0.npz
Data length: 1
metric.compute(): {'accuracy': 0.9190140845070423}
ct, ns, auc: 0.9190140845070423, 0, 0
Loaded test data from ../dataset/sst2/test/1.npz
Data length: 1
metric.compute(): {'accuracy': 0.9107640825432236}
ct, ns, auc: 0.9107640825432236, 0, 0
Loaded test data from ../dataset/sst2/test/2.npz
Data length: 1
metric.compute(): {'accuracy': 0.9074355083459787}
ct, ns, auc: 0.9074355083459787, 0, 0
Loaded test data from ../dataset/sst2/test/3.npz
Data length: 1
metric.compute(): {'accuracy': 0.8994661921708185}
ct, ns, auc: 0.8994661921708185, 0, 0
Loaded test data from ../dataset/sst2/test/4.npz
Data length: 1
metric.compute(): {'accuracy': 0.9110546378653113}
ct, ns, auc: 0.9110546378653113, 0, 0
Loaded test data from ../dataset/sst2/test/5.npz
Data length: 1
metric.compute(): {'accuracy': 0.9197031039136302}
ct, ns, auc: 0.9197031039136302, 0, 0
Loaded test data from ../dataset/sst2/test/6.npz
Data length: 1
metric.compute(): {'accuracy': 0.9197080291970803}
ct, ns, auc: 0.9197080291970803, 0, 0
Loaded test data from ../dataset/sst2/test/7.npz
Data length: 1
metric.compute(): {'accuracy': 0.9120982986767486}
ct, ns, auc: 0.9120982986767486, 0, 0
Loaded test data from ../dataset/sst2/test/8.npz
Data length: 1
metric.compute(): {'accuracy': 0.9053254437869822}
ct, ns, auc: 0.9053254437869822, 0, 0
Loaded test data from ../dataset/sst2/test/9.npz
Data length: 1
metric.compute(): {'accuracy': 0.91027496382055}
ct, ns, auc: 0.91027496382055, 0, 0
ids: [0, 1, 2, 3, 4, 5, 6, 7, 8, 9]
stats[1]: [0, 0, 0, 0, 0, 0, 0, 0, 0, 0]
stats[2]: [0.9190140845070423, 0.9107640825432236, 0.9074355083459787, 0.8994661921708185, 0.9110546378653113, 0.9197031039136302, 0.9197080291970803, 0.9120982986767486, 0.9053254437869822, 0.91027496382055]
stats[3]: [0, 0, 0, 0, 0, 0, 0, 0, 0, 0]
Averaged Test Accuracy: 0.9115
Averaged Test AUC: 0.0000
Std Test Accuracy: 0.0066
Std Test AUC: 0.0000
Loaded train data from ../dataset/sst2/train/2.npz
Data length: 1
Time elapsed 0.04 min
Memory used: 7.88 GB
Loaded train data from ../dataset/sst2/train/5.npz
Data length: 1
Time elapsed 0.05 min
Memory used: 7.88 GB
Loaded train data from ../dataset/sst2/train/1.npz
Data length: 1
Time elapsed 0.06 min
Memory used: 7.88 GB
Loaded train data from ../dataset/sst2/train/9.npz
Data length: 1
Time elapsed 0.02 min
Memory used: 7.88 GB
Loaded train data from ../dataset/sst2/train/0.npz
Data length: 1
Time elapsed 0.04 min
Memory used: 7.88 GB
Loaded train data from ../dataset/sst2/train/4.npz
Data length: 1
Time elapsed 0.03 min
Memory used: 7.88 GB
Loaded train data from ../dataset/sst2/train/8.npz
Data length: 1
Time elapsed 0.16 min
Memory used: 7.88 GB
Loaded train data from ../dataset/sst2/train/7.npz
Data length: 1
Time elapsed 0.11 min
Memory used: 7.88 GB
Loaded train data from ../dataset/sst2/train/6.npz
Data length: 1
Time elapsed 0.03 min
Memory used: 7.88 GB
Loaded train data from ../dataset/sst2/train/3.npz
Data length: 1
Time elapsed 0.04 min
Memory used: 7.88 GB
------------------------- time cost ------------------------- 73.36951351165771

-------------Round number: 23-------------

Evaluate global model
Loaded test data from ../dataset/sst2/test/0.npz
Data length: 1
metric.compute(): {'accuracy': 0.9225352112676056}
ct, ns, auc: 0.9225352112676056, 0, 0
Loaded test data from ../dataset/sst2/test/1.npz
Data length: 1
metric.compute(): {'accuracy': 0.9102063580591188}
ct, ns, auc: 0.9102063580591188, 0, 0
Loaded test data from ../dataset/sst2/test/2.npz
Data length: 1
metric.compute(): {'accuracy': 0.9066767830045523}
ct, ns, auc: 0.9066767830045523, 0, 0
Loaded test data from ../dataset/sst2/test/3.npz
Data length: 1
metric.compute(): {'accuracy': 0.896797153024911}
ct, ns, auc: 0.896797153024911, 0, 0
Loaded test data from ../dataset/sst2/test/4.npz
Data length: 1
metric.compute(): {'accuracy': 0.8996188055908514}
ct, ns, auc: 0.8996188055908514, 0, 0
Loaded test data from ../dataset/sst2/test/5.npz
Data length: 1
metric.compute(): {'accuracy': 0.918353576248313}
ct, ns, auc: 0.918353576248313, 0, 0
Loaded test data from ../dataset/sst2/test/6.npz
Data length: 1
metric.compute(): {'accuracy': 0.9184914841849149}
ct, ns, auc: 0.9184914841849149, 0, 0
Loaded test data from ../dataset/sst2/test/7.npz
Data length: 1
metric.compute(): {'accuracy': 0.9111531190926276}
ct, ns, auc: 0.9111531190926276, 0, 0
Loaded test data from ../dataset/sst2/test/8.npz
Data length: 1
metric.compute(): {'accuracy': 0.9030008453085376}
ct, ns, auc: 0.9030008453085376, 0, 0
Loaded test data from ../dataset/sst2/test/9.npz
Data length: 1
metric.compute(): {'accuracy': 0.9044862518089725}
ct, ns, auc: 0.9044862518089725, 0, 0
ids: [0, 1, 2, 3, 4, 5, 6, 7, 8, 9]
stats[1]: [0, 0, 0, 0, 0, 0, 0, 0, 0, 0]
stats[2]: [0.9225352112676056, 0.9102063580591188, 0.9066767830045523, 0.896797153024911, 0.8996188055908514, 0.918353576248313, 0.9184914841849149, 0.9111531190926276, 0.9030008453085376, 0.9044862518089725]
stats[3]: [0, 0, 0, 0, 0, 0, 0, 0, 0, 0]
Averaged Test Accuracy: 0.9091
Averaged Test AUC: 0.0000
Std Test Accuracy: 0.0086
Std Test AUC: 0.0000
Loaded train data from ../dataset/sst2/train/2.npz
Data length: 1
Time elapsed 0.04 min
Memory used: 7.88 GB
Loaded train data from ../dataset/sst2/train/4.npz
Data length: 1
Time elapsed 0.03 min
Memory used: 7.88 GB
Loaded train data from ../dataset/sst2/train/3.npz
Data length: 1
Time elapsed 0.04 min
Memory used: 7.88 GB
Loaded train data from ../dataset/sst2/train/8.npz
Data length: 1
Time elapsed 0.16 min
Memory used: 7.88 GB
Loaded train data from ../dataset/sst2/train/6.npz
Data length: 1
Time elapsed 0.03 min
Memory used: 7.88 GB
Loaded train data from ../dataset/sst2/train/5.npz
Data length: 1
Time elapsed 0.05 min
Memory used: 7.88 GB
Loaded train data from ../dataset/sst2/train/0.npz
Data length: 1
Time elapsed 0.04 min
Memory used: 7.88 GB
Loaded train data from ../dataset/sst2/train/1.npz
Data length: 1
Time elapsed 0.06 min
Memory used: 7.88 GB
Loaded train data from ../dataset/sst2/train/7.npz
Data length: 1
Time elapsed 0.11 min
Memory used: 7.88 GB
Loaded train data from ../dataset/sst2/train/9.npz
Data length: 1
Time elapsed 0.02 min
Memory used: 7.88 GB
------------------------- time cost ------------------------- 70.8266077041626

-------------Round number: 24-------------

Evaluate global model
Loaded test data from ../dataset/sst2/test/0.npz
Data length: 1
metric.compute(): {'accuracy': 0.9225352112676056}
ct, ns, auc: 0.9225352112676056, 0, 0
Loaded test data from ../dataset/sst2/test/1.npz
Data length: 1
metric.compute(): {'accuracy': 0.9085331846068042}
ct, ns, auc: 0.9085331846068042, 0, 0
Loaded test data from ../dataset/sst2/test/2.npz
Data length: 1
metric.compute(): {'accuracy': 0.9051593323216995}
ct, ns, auc: 0.9051593323216995, 0, 0
Loaded test data from ../dataset/sst2/test/3.npz
Data length: 1
metric.compute(): {'accuracy': 0.8976868327402135}
ct, ns, auc: 0.8976868327402135, 0, 0
Loaded test data from ../dataset/sst2/test/4.npz
Data length: 1
metric.compute(): {'accuracy': 0.8996188055908514}
ct, ns, auc: 0.8996188055908514, 0, 0
Loaded test data from ../dataset/sst2/test/5.npz
Data length: 1
metric.compute(): {'accuracy': 0.9197031039136302}
ct, ns, auc: 0.9197031039136302, 0, 0
Loaded test data from ../dataset/sst2/test/6.npz
Data length: 1
metric.compute(): {'accuracy': 0.9233576642335767}
ct, ns, auc: 0.9233576642335767, 0, 0
Loaded test data from ../dataset/sst2/test/7.npz
Data length: 1
metric.compute(): {'accuracy': 0.9117832388153749}
ct, ns, auc: 0.9117832388153749, 0, 0
Loaded test data from ../dataset/sst2/test/8.npz
Data length: 1
metric.compute(): {'accuracy': 0.9032121724429417}
ct, ns, auc: 0.9032121724429417, 0, 0
Loaded test data from ../dataset/sst2/test/9.npz
Data length: 1
metric.compute(): {'accuracy': 0.9117221418234442}
ct, ns, auc: 0.9117221418234442, 0, 0
ids: [0, 1, 2, 3, 4, 5, 6, 7, 8, 9]
stats[1]: [0, 0, 0, 0, 0, 0, 0, 0, 0, 0]
stats[2]: [0.9225352112676056, 0.9085331846068042, 0.9051593323216995, 0.8976868327402135, 0.8996188055908514, 0.9197031039136302, 0.9233576642335767, 0.9117832388153749, 0.9032121724429417, 0.9117221418234442]
stats[3]: [0, 0, 0, 0, 0, 0, 0, 0, 0, 0]
Averaged Test Accuracy: 0.9103
Averaged Test AUC: 0.0000
Std Test Accuracy: 0.0092
Std Test AUC: 0.0000
Loaded train data from ../dataset/sst2/train/1.npz
Data length: 1
Time elapsed 0.06 min
Memory used: 7.88 GB
Loaded train data from ../dataset/sst2/train/8.npz
Data length: 1
Time elapsed 0.16 min
Memory used: 7.88 GB
Loaded train data from ../dataset/sst2/train/6.npz
Data length: 1
Time elapsed 0.03 min
Memory used: 7.88 GB
Loaded train data from ../dataset/sst2/train/7.npz
Data length: 1
Time elapsed 0.11 min
Memory used: 7.88 GB
Loaded train data from ../dataset/sst2/train/5.npz
Data length: 1
Time elapsed 0.05 min
Memory used: 7.88 GB
Loaded train data from ../dataset/sst2/train/3.npz
Data length: 1
Time elapsed 0.04 min
Memory used: 7.88 GB
Loaded train data from ../dataset/sst2/train/4.npz
Data length: 1
Time elapsed 0.03 min
Memory used: 7.88 GB
Loaded train data from ../dataset/sst2/train/0.npz
Data length: 1
Time elapsed 0.04 min
Memory used: 7.88 GB
Loaded train data from ../dataset/sst2/train/2.npz
Data length: 1
Time elapsed 0.04 min
Memory used: 7.88 GB
Loaded train data from ../dataset/sst2/train/9.npz
Data length: 1
Time elapsed 0.02 min
Memory used: 7.88 GB
------------------------- time cost ------------------------- 75.35402321815491

-------------Round number: 25-------------

Evaluate global model
Loaded test data from ../dataset/sst2/test/0.npz
Data length: 1
metric.compute(): {'accuracy': 0.9216549295774648}
ct, ns, auc: 0.9216549295774648, 0, 0
Loaded test data from ../dataset/sst2/test/1.npz
Data length: 1
metric.compute(): {'accuracy': 0.9118795315114333}
ct, ns, auc: 0.9118795315114333, 0, 0
Loaded test data from ../dataset/sst2/test/2.npz
Data length: 1
metric.compute(): {'accuracy': 0.9081942336874052}
ct, ns, auc: 0.9081942336874052, 0, 0
Loaded test data from ../dataset/sst2/test/3.npz
Data length: 1
metric.compute(): {'accuracy': 0.900355871886121}
ct, ns, auc: 0.900355871886121, 0, 0
Loaded test data from ../dataset/sst2/test/4.npz
Data length: 1
metric.compute(): {'accuracy': 0.8958068614993647}
ct, ns, auc: 0.8958068614993647, 0, 0
Loaded test data from ../dataset/sst2/test/5.npz
Data length: 1
metric.compute(): {'accuracy': 0.9224021592442645}
ct, ns, auc: 0.9224021592442645, 0, 0
Loaded test data from ../dataset/sst2/test/6.npz
Data length: 1
metric.compute(): {'accuracy': 0.9233576642335767}
ct, ns, auc: 0.9233576642335767, 0, 0
Loaded test data from ../dataset/sst2/test/7.npz
Data length: 1
metric.compute(): {'accuracy': 0.9114681789540012}
ct, ns, auc: 0.9114681789540012, 0, 0
Loaded test data from ../dataset/sst2/test/8.npz
Data length: 1
metric.compute(): {'accuracy': 0.9036348267117498}
ct, ns, auc: 0.9036348267117498, 0, 0
Loaded test data from ../dataset/sst2/test/9.npz
Data length: 1
metric.compute(): {'accuracy': 0.9117221418234442}
ct, ns, auc: 0.9117221418234442, 0, 0
ids: [0, 1, 2, 3, 4, 5, 6, 7, 8, 9]
stats[1]: [0, 0, 0, 0, 0, 0, 0, 0, 0, 0]
stats[2]: [0.9216549295774648, 0.9118795315114333, 0.9081942336874052, 0.900355871886121, 0.8958068614993647, 0.9224021592442645, 0.9233576642335767, 0.9114681789540012, 0.9036348267117498, 0.9117221418234442]
stats[3]: [0, 0, 0, 0, 0, 0, 0, 0, 0, 0]
Averaged Test Accuracy: 0.9110
Averaged Test AUC: 0.0000
Std Test Accuracy: 0.0095
Std Test AUC: 0.0000
Loaded train data from ../dataset/sst2/train/1.npz
Data length: 1
Time elapsed 0.06 min
Memory used: 7.88 GB
Loaded train data from ../dataset/sst2/train/7.npz
Data length: 1
Time elapsed 0.11 min
Memory used: 7.88 GB
Loaded train data from ../dataset/sst2/train/9.npz
Data length: 1
Time elapsed 0.03 min
Memory used: 7.88 GB
Loaded train data from ../dataset/sst2/train/6.npz
Data length: 1
Time elapsed 0.03 min
Memory used: 7.88 GB
Loaded train data from ../dataset/sst2/train/5.npz
Data length: 1
Time elapsed 0.05 min
Memory used: 7.88 GB
Loaded train data from ../dataset/sst2/train/4.npz
Data length: 1
Time elapsed 0.03 min
Memory used: 7.88 GB
Loaded train data from ../dataset/sst2/train/8.npz
Data length: 1
Time elapsed 0.16 min
Memory used: 7.88 GB
Loaded train data from ../dataset/sst2/train/0.npz
Data length: 1
Time elapsed 0.04 min
Memory used: 7.88 GB
Loaded train data from ../dataset/sst2/train/2.npz
Data length: 1
Time elapsed 0.04 min
Memory used: 7.88 GB
Loaded train data from ../dataset/sst2/train/3.npz
Data length: 1
Time elapsed 0.04 min
Memory used: 7.88 GB
------------------------- time cost ------------------------- 64.48434901237488

-------------Round number: 26-------------

Evaluate global model
Loaded test data from ../dataset/sst2/test/0.npz
Data length: 1
metric.compute(): {'accuracy': 0.9225352112676056}
ct, ns, auc: 0.9225352112676056, 0, 0
Loaded test data from ../dataset/sst2/test/1.npz
Data length: 1
metric.compute(): {'accuracy': 0.9096486335750139}
ct, ns, auc: 0.9096486335750139, 0, 0
Loaded test data from ../dataset/sst2/test/2.npz
Data length: 1
metric.compute(): {'accuracy': 0.9044006069802731}
ct, ns, auc: 0.9044006069802731, 0, 0
Loaded test data from ../dataset/sst2/test/3.npz
Data length: 1
metric.compute(): {'accuracy': 0.900355871886121}
ct, ns, auc: 0.900355871886121, 0, 0
Loaded test data from ../dataset/sst2/test/4.npz
Data length: 1
metric.compute(): {'accuracy': 0.9085133418043202}
ct, ns, auc: 0.9085133418043202, 0, 0
Loaded test data from ../dataset/sst2/test/5.npz
Data length: 1
metric.compute(): {'accuracy': 0.9197031039136302}
ct, ns, auc: 0.9197031039136302, 0, 0
Loaded test data from ../dataset/sst2/test/6.npz
Data length: 1
metric.compute(): {'accuracy': 0.9245742092457421}
ct, ns, auc: 0.9245742092457421, 0, 0
Loaded test data from ../dataset/sst2/test/7.npz
Data length: 1
metric.compute(): {'accuracy': 0.9133585381222432}
ct, ns, auc: 0.9133585381222432, 0, 0
Loaded test data from ../dataset/sst2/test/8.npz
Data length: 1
metric.compute(): {'accuracy': 0.9046914623837701}
ct, ns, auc: 0.9046914623837701, 0, 0
Loaded test data from ../dataset/sst2/test/9.npz
Data length: 1
metric.compute(): {'accuracy': 0.9088277858176556}
ct, ns, auc: 0.9088277858176556, 0, 0
ids: [0, 1, 2, 3, 4, 5, 6, 7, 8, 9]
stats[1]: [0, 0, 0, 0, 0, 0, 0, 0, 0, 0]
stats[2]: [0.9225352112676056, 0.9096486335750139, 0.9044006069802731, 0.900355871886121, 0.9085133418043202, 0.9197031039136302, 0.9245742092457421, 0.9133585381222432, 0.9046914623837701, 0.9088277858176556]
stats[3]: [0, 0, 0, 0, 0, 0, 0, 0, 0, 0]
Averaged Test Accuracy: 0.9117
Averaged Test AUC: 0.0000
Std Test Accuracy: 0.0082
Std Test AUC: 0.0000
Loaded train data from ../dataset/sst2/train/8.npz
Data length: 1
Time elapsed 0.16 min
Memory used: 7.88 GB
Loaded train data from ../dataset/sst2/train/3.npz
Data length: 1
Time elapsed 0.04 min
Memory used: 7.88 GB
Loaded train data from ../dataset/sst2/train/0.npz
Data length: 1
Time elapsed 0.04 min
Memory used: 7.88 GB
Loaded train data from ../dataset/sst2/train/2.npz
Data length: 1
Time elapsed 0.04 min
Memory used: 7.88 GB
Loaded train data from ../dataset/sst2/train/6.npz
Data length: 1
Time elapsed 0.03 min
Memory used: 7.88 GB
Loaded train data from ../dataset/sst2/train/9.npz
Data length: 1
Time elapsed 0.02 min
Memory used: 7.88 GB
Loaded train data from ../dataset/sst2/train/1.npz
Data length: 1
Time elapsed 0.06 min
Memory used: 7.88 GB
Loaded train data from ../dataset/sst2/train/7.npz
Data length: 1
Time elapsed 0.11 min
Memory used: 7.88 GB
Loaded train data from ../dataset/sst2/train/4.npz
Data length: 1
Time elapsed 0.03 min
Memory used: 7.88 GB
Loaded train data from ../dataset/sst2/train/5.npz
Data length: 1
Time elapsed 0.05 min
Memory used: 7.88 GB
------------------------- time cost ------------------------- 72.76958084106445

-------------Round number: 27-------------

Evaluate global model
Loaded test data from ../dataset/sst2/test/0.npz
Data length: 1
metric.compute(): {'accuracy': 0.9242957746478874}
ct, ns, auc: 0.9242957746478874, 0, 0
Loaded test data from ../dataset/sst2/test/1.npz
Data length: 1
metric.compute(): {'accuracy': 0.9090909090909091}
ct, ns, auc: 0.9090909090909091, 0, 0
Loaded test data from ../dataset/sst2/test/2.npz
Data length: 1
metric.compute(): {'accuracy': 0.9059180576631259}
ct, ns, auc: 0.9059180576631259, 0, 0
Loaded test data from ../dataset/sst2/test/3.npz
Data length: 1
metric.compute(): {'accuracy': 0.8985765124555161}
ct, ns, auc: 0.8985765124555161, 0, 0
Loaded test data from ../dataset/sst2/test/4.npz
Data length: 1
metric.compute(): {'accuracy': 0.9097839898348158}
ct, ns, auc: 0.9097839898348158, 0, 0
Loaded test data from ../dataset/sst2/test/5.npz
Data length: 1
metric.compute(): {'accuracy': 0.9224021592442645}
ct, ns, auc: 0.9224021592442645, 0, 0
Loaded test data from ../dataset/sst2/test/6.npz
Data length: 1
metric.compute(): {'accuracy': 0.9257907542579076}
ct, ns, auc: 0.9257907542579076, 0, 0
Loaded test data from ../dataset/sst2/test/7.npz
Data length: 1
metric.compute(): {'accuracy': 0.9133585381222432}
ct, ns, auc: 0.9133585381222432, 0, 0
Loaded test data from ../dataset/sst2/test/8.npz
Data length: 1
metric.compute(): {'accuracy': 0.9023668639053254}
ct, ns, auc: 0.9023668639053254, 0, 0
Loaded test data from ../dataset/sst2/test/9.npz
Data length: 1
metric.compute(): {'accuracy': 0.9117221418234442}
ct, ns, auc: 0.9117221418234442, 0, 0
ids: [0, 1, 2, 3, 4, 5, 6, 7, 8, 9]
stats[1]: [0, 0, 0, 0, 0, 0, 0, 0, 0, 0]
stats[2]: [0.9242957746478874, 0.9090909090909091, 0.9059180576631259, 0.8985765124555161, 0.9097839898348158, 0.9224021592442645, 0.9257907542579076, 0.9133585381222432, 0.9023668639053254, 0.9117221418234442]
stats[3]: [0, 0, 0, 0, 0, 0, 0, 0, 0, 0]
Averaged Test Accuracy: 0.9123
Averaged Test AUC: 0.0000
Std Test Accuracy: 0.0093
Std Test AUC: 0.0000
Loaded train data from ../dataset/sst2/train/8.npz
Data length: 1
Time elapsed 0.16 min
Memory used: 7.88 GB
Loaded train data from ../dataset/sst2/train/0.npz
Data length: 1
Time elapsed 0.04 min
Memory used: 7.88 GB
Loaded train data from ../dataset/sst2/train/1.npz
Data length: 1
Time elapsed 0.06 min
Memory used: 7.88 GB
Loaded train data from ../dataset/sst2/train/6.npz
Data length: 1
Time elapsed 0.03 min
Memory used: 7.88 GB
Loaded train data from ../dataset/sst2/train/2.npz
Data length: 1
Time elapsed 0.04 min
Memory used: 7.88 GB
Loaded train data from ../dataset/sst2/train/3.npz
Data length: 1
Time elapsed 0.04 min
Memory used: 7.88 GB
Loaded train data from ../dataset/sst2/train/4.npz
Data length: 1
