GPU details saved to $output_file
__TORCH Version: 2.3.1+cu121
__CUDNN Version: 8902
__CUDA version:  12.1
__Number CUDA Devices: 1
__CUDA Device Name: NVIDIA A100-SXM4-40GB
__CUDA Device Total Memory [GB]: 42.297786368
args.dataset: sst2
args.num_labels: 2
==================================================
Personalized Federated Learning: True
Uniform Weight: False
Normalized Rank: False
Normalized Alpha: False
lora_rank: 1
lora_alpha: 8
lora_dropout: 0.05
lora_query: True
lora_key: True
lora_value: True
lora_projection: True
lora_mlp: True
lora_head: True
aa_bottleneck_reduction: 1
aa_text: False
aa_vision: False
ca_bottleneck_reduction: 4
ca_text: False
ca_vision: False
Seed: 42
Algorithm: flora
Local batch size: 128
Local epochs: 1
Local learing rate: 5e-05
Local learing rate decay: False
Total number of clients: 10
Clients join in each round: 1.0
Clients randomly join: False
Client drop rate: 0.0
Client select regarding time: False
Running times: 1
Dataset: sst2
Number of classes: 10
Backbone: distilbert
Using device: cuda
Using DP: False
Auto break: False
Global rounds: 50
Cuda device id: 3
DLG attack: False
Total number of new clients: 0
Fine tuning epoches on new clients: 0
==================================================

============= Running time: 0th =============
Creating server and clients ...
Loaded train data from ../dataset/sst2/train/0.npz
Data length: 1
Loaded test data from ../dataset/sst2/test/0.npz
Data length: 1
self.lora_params: {'rank': 1, 'alpha': 8, 'dropout': 0.05, 'lora_query': True, 'lora_key': True, 'lora_value': True, 'lora_projection': True, 'lora_mlp': True, 'lora_head': True}
Loaded train data from ../dataset/sst2/train/1.npz
Data length: 1
Loaded test data from ../dataset/sst2/test/1.npz
Data length: 1
self.lora_params: {'rank': 1, 'alpha': 8, 'dropout': 0.05, 'lora_query': True, 'lora_key': True, 'lora_value': True, 'lora_projection': True, 'lora_mlp': True, 'lora_head': True}
Loaded train data from ../dataset/sst2/train/2.npz
Data length: 1
Loaded test data from ../dataset/sst2/test/2.npz
Data length: 1
self.lora_params: {'rank': 1, 'alpha': 8, 'dropout': 0.05, 'lora_query': True, 'lora_key': True, 'lora_value': True, 'lora_projection': True, 'lora_mlp': True, 'lora_head': True}
Loaded train data from ../dataset/sst2/train/3.npz
Data length: 1
Loaded test data from ../dataset/sst2/test/3.npz
Data length: 1
self.lora_params: {'rank': 1, 'alpha': 8, 'dropout': 0.05, 'lora_query': True, 'lora_key': True, 'lora_value': True, 'lora_projection': True, 'lora_mlp': True, 'lora_head': True}
Loaded train data from ../dataset/sst2/train/4.npz
Data length: 1
Loaded test data from ../dataset/sst2/test/4.npz
Data length: 1
self.lora_params: {'rank': 1, 'alpha': 8, 'dropout': 0.05, 'lora_query': True, 'lora_key': True, 'lora_value': True, 'lora_projection': True, 'lora_mlp': True, 'lora_head': True}
Loaded train data from ../dataset/sst2/train/5.npz
Data length: 1
Loaded test data from ../dataset/sst2/test/5.npz
Data length: 1
self.lora_params: {'rank': 1, 'alpha': 8, 'dropout': 0.05, 'lora_query': True, 'lora_key': True, 'lora_value': True, 'lora_projection': True, 'lora_mlp': True, 'lora_head': True}
Loaded train data from ../dataset/sst2/train/6.npz
Data length: 1
Loaded test data from ../dataset/sst2/test/6.npz
Data length: 1
self.lora_params: {'rank': 1, 'alpha': 8, 'dropout': 0.05, 'lora_query': True, 'lora_key': True, 'lora_value': True, 'lora_projection': True, 'lora_mlp': True, 'lora_head': True}
Loaded train data from ../dataset/sst2/train/7.npz
Data length: 1
Loaded test data from ../dataset/sst2/test/7.npz
Data length: 1
self.lora_params: {'rank': 1, 'alpha': 8, 'dropout': 0.05, 'lora_query': True, 'lora_key': True, 'lora_value': True, 'lora_projection': True, 'lora_mlp': True, 'lora_head': True}
Loaded train data from ../dataset/sst2/train/8.npz
Data length: 1
Loaded test data from ../dataset/sst2/test/8.npz
Data length: 1
self.lora_params: {'rank': 1, 'alpha': 8, 'dropout': 0.05, 'lora_query': True, 'lora_key': True, 'lora_value': True, 'lora_projection': True, 'lora_mlp': True, 'lora_head': True}
Loaded train data from ../dataset/sst2/train/9.npz
Data length: 1
Loaded test data from ../dataset/sst2/test/9.npz
Data length: 1
self.lora_params: {'rank': 1, 'alpha': 8, 'dropout': 0.05, 'lora_query': True, 'lora_key': True, 'lora_value': True, 'lora_projection': True, 'lora_mlp': True, 'lora_head': True}

Join ratio / total clients: 1.0 / 10
Finished creating server and clients.

-------------Round number: 0-------------

Evaluate global model
Loaded test data from ../dataset/sst2/test/0.npz
Data length: 1
metric.compute(): {'accuracy': 0.545774647887324}
ct, ns, auc: 0.545774647887324, 0, 0
Loaded test data from ../dataset/sst2/test/1.npz
Data length: 1
metric.compute(): {'accuracy': 0.45231455660903513}
ct, ns, auc: 0.45231455660903513, 0, 0
Loaded test data from ../dataset/sst2/test/2.npz
Data length: 1
metric.compute(): {'accuracy': 0.5250379362670713}
ct, ns, auc: 0.5250379362670713, 0, 0
Loaded test data from ../dataset/sst2/test/3.npz
Data length: 1
metric.compute(): {'accuracy': 0.548932384341637}
ct, ns, auc: 0.548932384341637, 0, 0
Loaded test data from ../dataset/sst2/test/4.npz
Data length: 1
metric.compute(): {'accuracy': 0.579415501905972}
ct, ns, auc: 0.579415501905972, 0, 0
Loaded test data from ../dataset/sst2/test/5.npz
Data length: 1
metric.compute(): {'accuracy': 0.45546558704453444}
ct, ns, auc: 0.45546558704453444, 0, 0
Loaded test data from ../dataset/sst2/test/6.npz
Data length: 1
metric.compute(): {'accuracy': 0.44282238442822386}
ct, ns, auc: 0.44282238442822386, 0, 0
Loaded test data from ../dataset/sst2/test/7.npz
Data length: 1
metric.compute(): {'accuracy': 0.5560806553245117}
ct, ns, auc: 0.5560806553245117, 0, 0
Loaded test data from ../dataset/sst2/test/8.npz
Data length: 1
metric.compute(): {'accuracy': 0.5644547759932376}
ct, ns, auc: 0.5644547759932376, 0, 0
Loaded test data from ../dataset/sst2/test/9.npz
Data length: 1
metric.compute(): {'accuracy': 0.4602026049204052}
ct, ns, auc: 0.4602026049204052, 0, 0
ids: [0, 1, 2, 3, 4, 5, 6, 7, 8, 9]
stats[1]: [0, 0, 0, 0, 0, 0, 0, 0, 0, 0]
stats[2]: [0.545774647887324, 0.45231455660903513, 0.5250379362670713, 0.548932384341637, 0.579415501905972, 0.45546558704453444, 0.44282238442822386, 0.5560806553245117, 0.5644547759932376, 0.4602026049204052]
stats[3]: [0, 0, 0, 0, 0, 0, 0, 0, 0, 0]
Averaged Test Accuracy: 0.5131
Averaged Test AUC: 0.0000
Std Test Accuracy: 0.0539
Std Test AUC: 0.0000
Loaded train data from ../dataset/sst2/train/8.npz
Data length: 1
Time elapsed 0.16 min
Memory used: 7.83 GB
Loaded train data from ../dataset/sst2/train/1.npz
Data length: 1
Time elapsed 0.06 min
Memory used: 7.84 GB
Loaded train data from ../dataset/sst2/train/5.npz
Data length: 1
Time elapsed 0.05 min
Memory used: 7.84 GB
Loaded train data from ../dataset/sst2/train/0.npz
Data length: 1
Time elapsed 0.04 min
Memory used: 7.84 GB
Loaded train data from ../dataset/sst2/train/7.npz
Data length: 1
Time elapsed 0.11 min
Memory used: 7.84 GB
Loaded train data from ../dataset/sst2/train/2.npz
Data length: 1
Time elapsed 0.04 min
Memory used: 7.84 GB
Loaded train data from ../dataset/sst2/train/9.npz
Data length: 1
Time elapsed 0.02 min
Memory used: 7.87 GB
Loaded train data from ../dataset/sst2/train/4.npz
Data length: 1
Time elapsed 0.03 min
Memory used: 7.87 GB
Loaded train data from ../dataset/sst2/train/3.npz
Data length: 1
Time elapsed 0.04 min
Memory used: 7.87 GB
Loaded train data from ../dataset/sst2/train/6.npz
Data length: 1
Time elapsed 0.03 min
Memory used: 7.87 GB
------------------------- time cost ------------------------- 65.44299721717834

-------------Round number: 1-------------

Evaluate global model
Loaded test data from ../dataset/sst2/test/0.npz
Data length: 1
metric.compute(): {'accuracy': 0.7799295774647887}
ct, ns, auc: 0.7799295774647887, 0, 0
Loaded test data from ../dataset/sst2/test/1.npz
Data length: 1
metric.compute(): {'accuracy': 0.720580033463469}
ct, ns, auc: 0.720580033463469, 0, 0
Loaded test data from ../dataset/sst2/test/2.npz
Data length: 1
metric.compute(): {'accuracy': 0.6327769347496206}
ct, ns, auc: 0.6327769347496206, 0, 0
Loaded test data from ../dataset/sst2/test/3.npz
Data length: 1
metric.compute(): {'accuracy': 0.6307829181494662}
ct, ns, auc: 0.6307829181494662, 0, 0
Loaded test data from ../dataset/sst2/test/4.npz
Data length: 1
metric.compute(): {'accuracy': 0.49682337992376113}
ct, ns, auc: 0.49682337992376113, 0, 0
Loaded test data from ../dataset/sst2/test/5.npz
Data length: 1
metric.compute(): {'accuracy': 0.8097165991902834}
ct, ns, auc: 0.8097165991902834, 0, 0
Loaded test data from ../dataset/sst2/test/6.npz
Data length: 1
metric.compute(): {'accuracy': 0.44282238442822386}
ct, ns, auc: 0.44282238442822386, 0, 0
Loaded test data from ../dataset/sst2/test/7.npz
Data length: 1
metric.compute(): {'accuracy': 0.6339004410838059}
ct, ns, auc: 0.6339004410838059, 0, 0
Loaded test data from ../dataset/sst2/test/8.npz
Data length: 1
metric.compute(): {'accuracy': 0.8315722738799662}
ct, ns, auc: 0.8315722738799662, 0, 0
Loaded test data from ../dataset/sst2/test/9.npz
Data length: 1
metric.compute(): {'accuracy': 0.31693198263386396}
ct, ns, auc: 0.31693198263386396, 0, 0
ids: [0, 1, 2, 3, 4, 5, 6, 7, 8, 9]
stats[1]: [0, 0, 0, 0, 0, 0, 0, 0, 0, 0]
stats[2]: [0.7799295774647887, 0.720580033463469, 0.6327769347496206, 0.6307829181494662, 0.49682337992376113, 0.8097165991902834, 0.44282238442822386, 0.6339004410838059, 0.8315722738799662, 0.31693198263386396]
stats[3]: [0, 0, 0, 0, 0, 0, 0, 0, 0, 0]
Averaged Test Accuracy: 0.6296
Averaged Test AUC: 0.0000
Std Test Accuracy: 0.1681
Std Test AUC: 0.0000
Loaded train data from ../dataset/sst2/train/4.npz
Data length: 1
Time elapsed 0.03 min
Memory used: 7.87 GB
Loaded train data from ../dataset/sst2/train/2.npz
Data length: 1
Time elapsed 0.04 min
Memory used: 7.87 GB
Loaded train data from ../dataset/sst2/train/7.npz
Data length: 1
Time elapsed 0.11 min
Memory used: 7.87 GB
Loaded train data from ../dataset/sst2/train/5.npz
Data length: 1
Time elapsed 0.05 min
Memory used: 7.87 GB
Loaded train data from ../dataset/sst2/train/3.npz
Data length: 1
Time elapsed 0.04 min
Memory used: 7.87 GB
Loaded train data from ../dataset/sst2/train/6.npz
Data length: 1
Time elapsed 0.03 min
Memory used: 7.87 GB
Loaded train data from ../dataset/sst2/train/0.npz
Data length: 1
Time elapsed 0.04 min
Memory used: 7.87 GB
Loaded train data from ../dataset/sst2/train/8.npz
Data length: 1
Time elapsed 0.16 min
Memory used: 7.87 GB
Loaded train data from ../dataset/sst2/train/1.npz
Data length: 1
Time elapsed 0.06 min
Memory used: 7.87 GB
Loaded train data from ../dataset/sst2/train/9.npz
Data length: 1
Time elapsed 0.02 min
Memory used: 7.88 GB
------------------------- time cost ------------------------- 64.45654630661011

-------------Round number: 2-------------

Evaluate global model
Loaded test data from ../dataset/sst2/test/0.npz
Data length: 1
metric.compute(): {'accuracy': 0.8670774647887324}
ct, ns, auc: 0.8670774647887324, 0, 0
Loaded test data from ../dataset/sst2/test/1.npz
Data length: 1
metric.compute(): {'accuracy': 0.871723368655884}
ct, ns, auc: 0.871723368655884, 0, 0
Loaded test data from ../dataset/sst2/test/2.npz
Data length: 1
metric.compute(): {'accuracy': 0.8657056145675266}
ct, ns, auc: 0.8657056145675266, 0, 0
Loaded test data from ../dataset/sst2/test/3.npz
Data length: 1
metric.compute(): {'accuracy': 0.8389679715302492}
ct, ns, auc: 0.8389679715302492, 0, 0
Loaded test data from ../dataset/sst2/test/4.npz
Data length: 1
metric.compute(): {'accuracy': 0.7992376111817027}
ct, ns, auc: 0.7992376111817027, 0, 0
Loaded test data from ../dataset/sst2/test/5.npz
Data length: 1
metric.compute(): {'accuracy': 0.8704453441295547}
ct, ns, auc: 0.8704453441295547, 0, 0
Loaded test data from ../dataset/sst2/test/6.npz
Data length: 1
metric.compute(): {'accuracy': 0.7834549878345499}
ct, ns, auc: 0.7834549878345499, 0, 0
Loaded test data from ../dataset/sst2/test/7.npz
Data length: 1
metric.compute(): {'accuracy': 0.8749212350346566}
ct, ns, auc: 0.8749212350346566, 0, 0
Loaded test data from ../dataset/sst2/test/8.npz
Data length: 1
metric.compute(): {'accuracy': 0.8679205409974641}
ct, ns, auc: 0.8679205409974641, 0, 0
Loaded test data from ../dataset/sst2/test/9.npz
Data length: 1
metric.compute(): {'accuracy': 0.5557163531114327}
ct, ns, auc: 0.5557163531114327, 0, 0
ids: [0, 1, 2, 3, 4, 5, 6, 7, 8, 9]
stats[1]: [0, 0, 0, 0, 0, 0, 0, 0, 0, 0]
stats[2]: [0.8670774647887324, 0.871723368655884, 0.8657056145675266, 0.8389679715302492, 0.7992376111817027, 0.8704453441295547, 0.7834549878345499, 0.8749212350346566, 0.8679205409974641, 0.5557163531114327]
stats[3]: [0, 0, 0, 0, 0, 0, 0, 0, 0, 0]
Averaged Test Accuracy: 0.8195
Averaged Test AUC: 0.0000
Std Test Accuracy: 0.0982
Std Test AUC: 0.0000
Loaded train data from ../dataset/sst2/train/8.npz
Data length: 1
Time elapsed 0.16 min
Memory used: 7.88 GB
Loaded train data from ../dataset/sst2/train/4.npz
Data length: 1
Time elapsed 0.03 min
Memory used: 7.88 GB
Loaded train data from ../dataset/sst2/train/2.npz
Data length: 1
Time elapsed 0.04 min
Memory used: 7.88 GB
Loaded train data from ../dataset/sst2/train/6.npz
Data length: 1
Time elapsed 0.03 min
Memory used: 7.88 GB
Loaded train data from ../dataset/sst2/train/5.npz
Data length: 1
Time elapsed 0.05 min
Memory used: 7.88 GB
Loaded train data from ../dataset/sst2/train/9.npz
Data length: 1
Time elapsed 0.02 min
Memory used: 7.88 GB
Loaded train data from ../dataset/sst2/train/1.npz
Data length: 1
Time elapsed 0.06 min
Memory used: 7.88 GB
Loaded train data from ../dataset/sst2/train/3.npz
Data length: 1
Time elapsed 0.04 min
Memory used: 7.88 GB
Loaded train data from ../dataset/sst2/train/0.npz
Data length: 1
Time elapsed 0.04 min
Memory used: 7.88 GB
Loaded train data from ../dataset/sst2/train/7.npz
Data length: 1
Time elapsed 0.11 min
Memory used: 7.88 GB
------------------------- time cost ------------------------- 64.3016631603241

-------------Round number: 3-------------

Evaluate global model
Loaded test data from ../dataset/sst2/test/0.npz
Data length: 1
metric.compute(): {'accuracy': 0.8908450704225352}
ct, ns, auc: 0.8908450704225352, 0, 0
Loaded test data from ../dataset/sst2/test/1.npz
Data length: 1
metric.compute(): {'accuracy': 0.8856664807585053}
ct, ns, auc: 0.8856664807585053, 0, 0
Loaded test data from ../dataset/sst2/test/2.npz
Data length: 1
metric.compute(): {'accuracy': 0.8922610015174507}
ct, ns, auc: 0.8922610015174507, 0, 0
Loaded test data from ../dataset/sst2/test/3.npz
Data length: 1
metric.compute(): {'accuracy': 0.8718861209964412}
ct, ns, auc: 0.8718861209964412, 0, 0
Loaded test data from ../dataset/sst2/test/4.npz
Data length: 1
metric.compute(): {'accuracy': 0.829733163913596}
ct, ns, auc: 0.829733163913596, 0, 0
Loaded test data from ../dataset/sst2/test/5.npz
Data length: 1
metric.compute(): {'accuracy': 0.8947368421052632}
ct, ns, auc: 0.8947368421052632, 0, 0
Loaded test data from ../dataset/sst2/test/6.npz
Data length: 1
metric.compute(): {'accuracy': 0.8406326034063261}
ct, ns, auc: 0.8406326034063261, 0, 0
Loaded test data from ../dataset/sst2/test/7.npz
Data length: 1
metric.compute(): {'accuracy': 0.8890989287964713}
ct, ns, auc: 0.8890989287964713, 0, 0
Loaded test data from ../dataset/sst2/test/8.npz
Data length: 1
metric.compute(): {'accuracy': 0.8808114961961115}
ct, ns, auc: 0.8808114961961115, 0, 0
Loaded test data from ../dataset/sst2/test/9.npz
Data length: 1
metric.compute(): {'accuracy': 0.7004341534008683}
ct, ns, auc: 0.7004341534008683, 0, 0
ids: [0, 1, 2, 3, 4, 5, 6, 7, 8, 9]
stats[1]: [0, 0, 0, 0, 0, 0, 0, 0, 0, 0]
stats[2]: [0.8908450704225352, 0.8856664807585053, 0.8922610015174507, 0.8718861209964412, 0.829733163913596, 0.8947368421052632, 0.8406326034063261, 0.8890989287964713, 0.8808114961961115, 0.7004341534008683]
stats[3]: [0, 0, 0, 0, 0, 0, 0, 0, 0, 0]
Averaged Test Accuracy: 0.8576
Averaged Test AUC: 0.0000
Std Test Accuracy: 0.0596
Std Test AUC: 0.0000
Loaded train data from ../dataset/sst2/train/8.npz
Data length: 1
Time elapsed 0.16 min
Memory used: 7.88 GB
Loaded train data from ../dataset/sst2/train/1.npz
Data length: 1
Time elapsed 0.07 min
Memory used: 7.88 GB
Loaded train data from ../dataset/sst2/train/5.npz
Data length: 1
Time elapsed 0.05 min
Memory used: 7.88 GB
Loaded train data from ../dataset/sst2/train/0.npz
Data length: 1
Time elapsed 0.04 min
Memory used: 7.88 GB
Loaded train data from ../dataset/sst2/train/9.npz
Data length: 1
Time elapsed 0.02 min
Memory used: 7.88 GB
Loaded train data from ../dataset/sst2/train/6.npz
Data length: 1
Time elapsed 0.03 min
Memory used: 7.88 GB
Loaded train data from ../dataset/sst2/train/3.npz
Data length: 1
Time elapsed 0.04 min
Memory used: 7.88 GB
Loaded train data from ../dataset/sst2/train/7.npz
Data length: 1
Time elapsed 0.11 min
Memory used: 7.88 GB
Loaded train data from ../dataset/sst2/train/4.npz
Data length: 1
Time elapsed 0.03 min
Memory used: 7.88 GB
Loaded train data from ../dataset/sst2/train/2.npz
Data length: 1
Time elapsed 0.04 min
Memory used: 7.88 GB
------------------------- time cost ------------------------- 64.44079113006592

-------------Round number: 4-------------

Evaluate global model
Loaded test data from ../dataset/sst2/test/0.npz
Data length: 1
metric.compute(): {'accuracy': 0.9040492957746479}
ct, ns, auc: 0.9040492957746479, 0, 0
Loaded test data from ../dataset/sst2/test/1.npz
Data length: 1
metric.compute(): {'accuracy': 0.8957055214723927}
ct, ns, auc: 0.8957055214723927, 0, 0
Loaded test data from ../dataset/sst2/test/2.npz
Data length: 1
metric.compute(): {'accuracy': 0.8968133535660091}
ct, ns, auc: 0.8968133535660091, 0, 0
Loaded test data from ../dataset/sst2/test/3.npz
Data length: 1
metric.compute(): {'accuracy': 0.8834519572953736}
ct, ns, auc: 0.8834519572953736, 0, 0
Loaded test data from ../dataset/sst2/test/4.npz
Data length: 1
metric.compute(): {'accuracy': 0.8424396442185514}
ct, ns, auc: 0.8424396442185514, 0, 0
Loaded test data from ../dataset/sst2/test/5.npz
Data length: 1
metric.compute(): {'accuracy': 0.9068825910931174}
ct, ns, auc: 0.9068825910931174, 0, 0
Loaded test data from ../dataset/sst2/test/6.npz
Data length: 1
metric.compute(): {'accuracy': 0.8868613138686131}
ct, ns, auc: 0.8868613138686131, 0, 0
Loaded test data from ../dataset/sst2/test/7.npz
Data length: 1
metric.compute(): {'accuracy': 0.8922495274102079}
ct, ns, auc: 0.8922495274102079, 0, 0
Loaded test data from ../dataset/sst2/test/8.npz
Data length: 1
metric.compute(): {'accuracy': 0.8886306001690617}
ct, ns, auc: 0.8886306001690617, 0, 0
Loaded test data from ../dataset/sst2/test/9.npz
Data length: 1
metric.compute(): {'accuracy': 0.8350217076700435}
ct, ns, auc: 0.8350217076700435, 0, 0
ids: [0, 1, 2, 3, 4, 5, 6, 7, 8, 9]
stats[1]: [0, 0, 0, 0, 0, 0, 0, 0, 0, 0]
stats[2]: [0.9040492957746479, 0.8957055214723927, 0.8968133535660091, 0.8834519572953736, 0.8424396442185514, 0.9068825910931174, 0.8868613138686131, 0.8922495274102079, 0.8886306001690617, 0.8350217076700435]
stats[3]: [0, 0, 0, 0, 0, 0, 0, 0, 0, 0]
Averaged Test Accuracy: 0.8832
Averaged Test AUC: 0.0000
Std Test Accuracy: 0.0246
Std Test AUC: 0.0000
Loaded train data from ../dataset/sst2/train/1.npz
Data length: 1
Time elapsed 0.06 min
Memory used: 7.88 GB
Loaded train data from ../dataset/sst2/train/0.npz
Data length: 1
Time elapsed 0.04 min
Memory used: 7.88 GB
Loaded train data from ../dataset/sst2/train/9.npz
Data length: 1
Time elapsed 0.02 min
Memory used: 7.88 GB
Loaded train data from ../dataset/sst2/train/4.npz
Data length: 1
Time elapsed 0.03 min
Memory used: 7.88 GB
Loaded train data from ../dataset/sst2/train/7.npz
Data length: 1
Time elapsed 0.11 min
Memory used: 7.88 GB
Loaded train data from ../dataset/sst2/train/3.npz
Data length: 1
Time elapsed 0.04 min
Memory used: 7.88 GB
Loaded train data from ../dataset/sst2/train/8.npz
Data length: 1
Time elapsed 0.16 min
Memory used: 7.88 GB
Loaded train data from ../dataset/sst2/train/6.npz
Data length: 1
Time elapsed 0.03 min
Memory used: 7.88 GB
Loaded train data from ../dataset/sst2/train/2.npz
Data length: 1
Time elapsed 0.04 min
Memory used: 7.88 GB
Loaded train data from ../dataset/sst2/train/5.npz
Data length: 1
Time elapsed 0.05 min
Memory used: 7.88 GB
------------------------- time cost ------------------------- 67.45221376419067

-------------Round number: 5-------------

Evaluate global model
Loaded test data from ../dataset/sst2/test/0.npz
Data length: 1
metric.compute(): {'accuracy': 0.9075704225352113}
ct, ns, auc: 0.9075704225352113, 0, 0
Loaded test data from ../dataset/sst2/test/1.npz
Data length: 1
metric.compute(): {'accuracy': 0.901840490797546}
ct, ns, auc: 0.901840490797546, 0, 0
Loaded test data from ../dataset/sst2/test/2.npz
Data length: 1
metric.compute(): {'accuracy': 0.9013657056145675}
ct, ns, auc: 0.9013657056145675, 0, 0
Loaded test data from ../dataset/sst2/test/3.npz
Data length: 1
metric.compute(): {'accuracy': 0.8870106761565836}
ct, ns, auc: 0.8870106761565836, 0, 0
Loaded test data from ../dataset/sst2/test/4.npz
Data length: 1
metric.compute(): {'accuracy': 0.8602287166454892}
ct, ns, auc: 0.8602287166454892, 0, 0
Loaded test data from ../dataset/sst2/test/5.npz
Data length: 1
metric.compute(): {'accuracy': 0.9122807017543859}
ct, ns, auc: 0.9122807017543859, 0, 0
Loaded test data from ../dataset/sst2/test/6.npz
Data length: 1
metric.compute(): {'accuracy': 0.9002433090024331}
ct, ns, auc: 0.9002433090024331, 0, 0
Loaded test data from ../dataset/sst2/test/7.npz
Data length: 1
metric.compute(): {'accuracy': 0.8972904851921865}
ct, ns, auc: 0.8972904851921865, 0, 0
Loaded test data from ../dataset/sst2/test/8.npz
Data length: 1
metric.compute(): {'accuracy': 0.8913778529163144}
ct, ns, auc: 0.8913778529163144, 0, 0
Loaded test data from ../dataset/sst2/test/9.npz
Data length: 1
metric.compute(): {'accuracy': 0.8784370477568741}
ct, ns, auc: 0.8784370477568741, 0, 0
ids: [0, 1, 2, 3, 4, 5, 6, 7, 8, 9]
stats[1]: [0, 0, 0, 0, 0, 0, 0, 0, 0, 0]
stats[2]: [0.9075704225352113, 0.901840490797546, 0.9013657056145675, 0.8870106761565836, 0.8602287166454892, 0.9122807017543859, 0.9002433090024331, 0.8972904851921865, 0.8913778529163144, 0.8784370477568741]
stats[3]: [0, 0, 0, 0, 0, 0, 0, 0, 0, 0]
Averaged Test Accuracy: 0.8938
Averaged Test AUC: 0.0000
Std Test Accuracy: 0.0154
Std Test AUC: 0.0000
Loaded train data from ../dataset/sst2/train/9.npz
Data length: 1
Time elapsed 0.02 min
Memory used: 7.88 GB
Loaded train data from ../dataset/sst2/train/7.npz
Data length: 1
Time elapsed 0.11 min
Memory used: 7.88 GB
Loaded train data from ../dataset/sst2/train/5.npz
Data length: 1
Time elapsed 0.05 min
Memory used: 7.88 GB
Loaded train data from ../dataset/sst2/train/6.npz
Data length: 1
Time elapsed 0.03 min
Memory used: 7.88 GB
Loaded train data from ../dataset/sst2/train/8.npz
Data length: 1
Time elapsed 0.16 min
Memory used: 7.88 GB
Loaded train data from ../dataset/sst2/train/2.npz
Data length: 1
Time elapsed 0.04 min
Memory used: 7.88 GB
Loaded train data from ../dataset/sst2/train/1.npz
Data length: 1
Time elapsed 0.06 min
Memory used: 7.88 GB
Loaded train data from ../dataset/sst2/train/3.npz
Data length: 1
Time elapsed 0.04 min
Memory used: 7.88 GB
Loaded train data from ../dataset/sst2/train/4.npz
Data length: 1
Time elapsed 0.03 min
Memory used: 7.88 GB
Loaded train data from ../dataset/sst2/train/0.npz
Data length: 1
Time elapsed 0.04 min
Memory used: 7.88 GB
------------------------- time cost ------------------------- 64.60863590240479

-------------Round number: 6-------------

Evaluate global model
Loaded test data from ../dataset/sst2/test/0.npz
Data length: 1
metric.compute(): {'accuracy': 0.9128521126760564}
ct, ns, auc: 0.9128521126760564, 0, 0
Loaded test data from ../dataset/sst2/test/1.npz
Data length: 1
metric.compute(): {'accuracy': 0.9012827663134412}
ct, ns, auc: 0.9012827663134412, 0, 0
Loaded test data from ../dataset/sst2/test/2.npz
Data length: 1
metric.compute(): {'accuracy': 0.9006069802731411}
ct, ns, auc: 0.9006069802731411, 0, 0
Loaded test data from ../dataset/sst2/test/3.npz
Data length: 1
metric.compute(): {'accuracy': 0.8861209964412812}
ct, ns, auc: 0.8861209964412812, 0, 0
Loaded test data from ../dataset/sst2/test/4.npz
Data length: 1
metric.compute(): {'accuracy': 0.8805590851334181}
ct, ns, auc: 0.8805590851334181, 0, 0
Loaded test data from ../dataset/sst2/test/5.npz
Data length: 1
metric.compute(): {'accuracy': 0.917004048582996}
ct, ns, auc: 0.917004048582996, 0, 0
Loaded test data from ../dataset/sst2/test/6.npz
Data length: 1
metric.compute(): {'accuracy': 0.9111922141119222}
ct, ns, auc: 0.9111922141119222, 0, 0
Loaded test data from ../dataset/sst2/test/7.npz
Data length: 1
metric.compute(): {'accuracy': 0.9042218021424071}
ct, ns, auc: 0.9042218021424071, 0, 0
Loaded test data from ../dataset/sst2/test/8.npz
Data length: 1
metric.compute(): {'accuracy': 0.900676246830093}
ct, ns, auc: 0.900676246830093, 0, 0
Loaded test data from ../dataset/sst2/test/9.npz
Data length: 1
metric.compute(): {'accuracy': 0.8929088277858177}
ct, ns, auc: 0.8929088277858177, 0, 0
ids: [0, 1, 2, 3, 4, 5, 6, 7, 8, 9]
stats[1]: [0, 0, 0, 0, 0, 0, 0, 0, 0, 0]
stats[2]: [0.9128521126760564, 0.9012827663134412, 0.9006069802731411, 0.8861209964412812, 0.8805590851334181, 0.917004048582996, 0.9111922141119222, 0.9042218021424071, 0.900676246830093, 0.8929088277858177]
stats[3]: [0, 0, 0, 0, 0, 0, 0, 0, 0, 0]
Averaged Test Accuracy: 0.9007
Averaged Test AUC: 0.0000
Std Test Accuracy: 0.0116
Std Test AUC: 0.0000
Loaded train data from ../dataset/sst2/train/1.npz
Data length: 1
Time elapsed 0.06 min
Memory used: 7.88 GB
Loaded train data from ../dataset/sst2/train/5.npz
Data length: 1
Time elapsed 0.05 min
Memory used: 7.88 GB
Loaded train data from ../dataset/sst2/train/3.npz
Data length: 1
Time elapsed 0.04 min
Memory used: 7.88 GB
Loaded train data from ../dataset/sst2/train/2.npz
Data length: 1
Time elapsed 0.04 min
Memory used: 7.88 GB
Loaded train data from ../dataset/sst2/train/4.npz
Data length: 1
Time elapsed 0.03 min
Memory used: 7.88 GB
Loaded train data from ../dataset/sst2/train/6.npz
Data length: 1
Time elapsed 0.03 min
Memory used: 7.88 GB
Loaded train data from ../dataset/sst2/train/8.npz
Data length: 1
Time elapsed 0.16 min
Memory used: 7.88 GB
Loaded train data from ../dataset/sst2/train/0.npz
Data length: 1
Time elapsed 0.04 min
Memory used: 7.88 GB
Loaded train data from ../dataset/sst2/train/7.npz
Data length: 1
Time elapsed 0.11 min
Memory used: 7.88 GB
Loaded train data from ../dataset/sst2/train/9.npz
Data length: 1
Time elapsed 0.02 min
Memory used: 7.88 GB
------------------------- time cost ------------------------- 64.49785137176514

-------------Round number: 7-------------

Evaluate global model
Loaded test data from ../dataset/sst2/test/0.npz
Data length: 1
metric.compute(): {'accuracy': 0.9137323943661971}
ct, ns, auc: 0.9137323943661971, 0, 0
Loaded test data from ../dataset/sst2/test/1.npz
Data length: 1
metric.compute(): {'accuracy': 0.9051868377021751}
ct, ns, auc: 0.9051868377021751, 0, 0
Loaded test data from ../dataset/sst2/test/2.npz
Data length: 1
metric.compute(): {'accuracy': 0.9059180576631259}
ct, ns, auc: 0.9059180576631259, 0, 0
Loaded test data from ../dataset/sst2/test/3.npz
Data length: 1
metric.compute(): {'accuracy': 0.8870106761565836}
ct, ns, auc: 0.8870106761565836, 0, 0
Loaded test data from ../dataset/sst2/test/4.npz
Data length: 1
metric.compute(): {'accuracy': 0.8843710292249047}
ct, ns, auc: 0.8843710292249047, 0, 0
Loaded test data from ../dataset/sst2/test/5.npz
Data length: 1
metric.compute(): {'accuracy': 0.9203778677462888}
ct, ns, auc: 0.9203778677462888, 0, 0
Loaded test data from ../dataset/sst2/test/6.npz
Data length: 1
metric.compute(): {'accuracy': 0.9124087591240876}
ct, ns, auc: 0.9124087591240876, 0, 0
Loaded test data from ../dataset/sst2/test/7.npz
Data length: 1
metric.compute(): {'accuracy': 0.9076874606175174}
ct, ns, auc: 0.9076874606175174, 0, 0
Loaded test data from ../dataset/sst2/test/8.npz
Data length: 1
metric.compute(): {'accuracy': 0.9013102282333052}
ct, ns, auc: 0.9013102282333052, 0, 0
Loaded test data from ../dataset/sst2/test/9.npz
Data length: 1
metric.compute(): {'accuracy': 0.9015918958031838}
ct, ns, auc: 0.9015918958031838, 0, 0
ids: [0, 1, 2, 3, 4, 5, 6, 7, 8, 9]
stats[1]: [0, 0, 0, 0, 0, 0, 0, 0, 0, 0]
stats[2]: [0.9137323943661971, 0.9051868377021751, 0.9059180576631259, 0.8870106761565836, 0.8843710292249047, 0.9203778677462888, 0.9124087591240876, 0.9076874606175174, 0.9013102282333052, 0.9015918958031838]
stats[3]: [0, 0, 0, 0, 0, 0, 0, 0, 0, 0]
Averaged Test Accuracy: 0.9040
Averaged Test AUC: 0.0000
Std Test Accuracy: 0.0113
Std Test AUC: 0.0000
Loaded train data from ../dataset/sst2/train/9.npz
Data length: 1
Time elapsed 0.02 min
Memory used: 7.88 GB
Loaded train data from ../dataset/sst2/train/1.npz
Data length: 1
Time elapsed 0.06 min
Memory used: 7.88 GB
Loaded train data from ../dataset/sst2/train/8.npz
Data length: 1
Time elapsed 0.16 min
Memory used: 7.88 GB
Loaded train data from ../dataset/sst2/train/7.npz
Data length: 1
Time elapsed 0.11 min
Memory used: 7.88 GB
Loaded train data from ../dataset/sst2/train/3.npz
Data length: 1
Time elapsed 0.04 min
Memory used: 7.88 GB
Loaded train data from ../dataset/sst2/train/2.npz
Data length: 1
Time elapsed 0.04 min
Memory used: 7.88 GB
Loaded train data from ../dataset/sst2/train/4.npz
Data length: 1
Time elapsed 0.03 min
Memory used: 7.88 GB
Loaded train data from ../dataset/sst2/train/0.npz
Data length: 1
Time elapsed 0.04 min
Memory used: 7.88 GB
Loaded train data from ../dataset/sst2/train/5.npz
Data length: 1
Time elapsed 0.05 min
Memory used: 7.88 GB
Loaded train data from ../dataset/sst2/train/6.npz
Data length: 1
Time elapsed 0.03 min
Memory used: 7.88 GB
------------------------- time cost ------------------------- 64.70961570739746

-------------Round number: 8-------------

Evaluate global model
Loaded test data from ../dataset/sst2/test/0.npz
Data length: 1
metric.compute(): {'accuracy': 0.920774647887324}
ct, ns, auc: 0.920774647887324, 0, 0
Loaded test data from ../dataset/sst2/test/1.npz
Data length: 1
metric.compute(): {'accuracy': 0.9085331846068042}
ct, ns, auc: 0.9085331846068042, 0, 0
Loaded test data from ../dataset/sst2/test/2.npz
Data length: 1
metric.compute(): {'accuracy': 0.9051593323216995}
ct, ns, auc: 0.9051593323216995, 0, 0
Loaded test data from ../dataset/sst2/test/3.npz
Data length: 1
metric.compute(): {'accuracy': 0.895017793594306}
ct, ns, auc: 0.895017793594306, 0, 0
Loaded test data from ../dataset/sst2/test/4.npz
Data length: 1
metric.compute(): {'accuracy': 0.8958068614993647}
ct, ns, auc: 0.8958068614993647, 0, 0
Loaded test data from ../dataset/sst2/test/5.npz
Data length: 1
metric.compute(): {'accuracy': 0.9203778677462888}
ct, ns, auc: 0.9203778677462888, 0, 0
Loaded test data from ../dataset/sst2/test/6.npz
Data length: 1
metric.compute(): {'accuracy': 0.9172749391727494}
ct, ns, auc: 0.9172749391727494, 0, 0
Loaded test data from ../dataset/sst2/test/7.npz
Data length: 1
metric.compute(): {'accuracy': 0.9092627599243857}
ct, ns, auc: 0.9092627599243857, 0, 0
Loaded test data from ../dataset/sst2/test/8.npz
Data length: 1
metric.compute(): {'accuracy': 0.9051141166525782}
ct, ns, auc: 0.9051141166525782, 0, 0
Loaded test data from ../dataset/sst2/test/9.npz
Data length: 1
metric.compute(): {'accuracy': 0.9088277858176556}
ct, ns, auc: 0.9088277858176556, 0, 0
ids: [0, 1, 2, 3, 4, 5, 6, 7, 8, 9]
stats[1]: [0, 0, 0, 0, 0, 0, 0, 0, 0, 0]
stats[2]: [0.920774647887324, 0.9085331846068042, 0.9051593323216995, 0.895017793594306, 0.8958068614993647, 0.9203778677462888, 0.9172749391727494, 0.9092627599243857, 0.9051141166525782, 0.9088277858176556]
stats[3]: [0, 0, 0, 0, 0, 0, 0, 0, 0, 0]
Averaged Test Accuracy: 0.9086
Averaged Test AUC: 0.0000
Std Test Accuracy: 0.0090
Std Test AUC: 0.0000
Loaded train data from ../dataset/sst2/train/5.npz
Data length: 1
Time elapsed 0.05 min
Memory used: 7.88 GB
Loaded train data from ../dataset/sst2/train/8.npz
Data length: 1
Time elapsed 0.16 min
Memory used: 7.88 GB
Loaded train data from ../dataset/sst2/train/1.npz
Data length: 1
Time elapsed 0.06 min
Memory used: 7.88 GB
Loaded train data from ../dataset/sst2/train/9.npz
Data length: 1
Time elapsed 0.02 min
Memory used: 7.88 GB
Loaded train data from ../dataset/sst2/train/6.npz
Data length: 1
Time elapsed 0.03 min
Memory used: 7.88 GB
Loaded train data from ../dataset/sst2/train/0.npz
Data length: 1
Time elapsed 0.04 min
Memory used: 7.88 GB
Loaded train data from ../dataset/sst2/train/3.npz
Data length: 1
Time elapsed 0.04 min
Memory used: 7.88 GB
Loaded train data from ../dataset/sst2/train/7.npz
Data length: 1
Time elapsed 0.11 min
Memory used: 7.88 GB
Loaded train data from ../dataset/sst2/train/4.npz
Data length: 1
Time elapsed 0.03 min
Memory used: 7.88 GB
Loaded train data from ../dataset/sst2/train/2.npz
Data length: 1
Time elapsed 0.04 min
Memory used: 7.88 GB
------------------------- time cost ------------------------- 65.50998282432556

-------------Round number: 9-------------

Evaluate global model
Loaded test data from ../dataset/sst2/test/0.npz
Data length: 1
metric.compute(): {'accuracy': 0.9234154929577465}
ct, ns, auc: 0.9234154929577465, 0, 0
Loaded test data from ../dataset/sst2/test/1.npz
Data length: 1
metric.compute(): {'accuracy': 0.9107640825432236}
ct, ns, auc: 0.9107640825432236, 0, 0
Loaded test data from ../dataset/sst2/test/2.npz
Data length: 1
metric.compute(): {'accuracy': 0.9104704097116844}
ct, ns, auc: 0.9104704097116844, 0, 0
Loaded test data from ../dataset/sst2/test/3.npz
Data length: 1
metric.compute(): {'accuracy': 0.895017793594306}
ct, ns, auc: 0.895017793594306, 0, 0
Loaded test data from ../dataset/sst2/test/4.npz
Data length: 1
metric.compute(): {'accuracy': 0.9110546378653113}
ct, ns, auc: 0.9110546378653113, 0, 0
Loaded test data from ../dataset/sst2/test/5.npz
Data length: 1
metric.compute(): {'accuracy': 0.9230769230769231}
ct, ns, auc: 0.9230769230769231, 0, 0
Loaded test data from ../dataset/sst2/test/6.npz
Data length: 1
metric.compute(): {'accuracy': 0.9172749391727494}
ct, ns, auc: 0.9172749391727494, 0, 0
Loaded test data from ../dataset/sst2/test/7.npz
Data length: 1
metric.compute(): {'accuracy': 0.9105229993698802}
ct, ns, auc: 0.9105229993698802, 0, 0
Loaded test data from ../dataset/sst2/test/8.npz
Data length: 1
metric.compute(): {'accuracy': 0.907861369399831}
ct, ns, auc: 0.907861369399831, 0, 0
Loaded test data from ../dataset/sst2/test/9.npz
Data length: 1
metric.compute(): {'accuracy': 0.9088277858176556}
ct, ns, auc: 0.9088277858176556, 0, 0
ids: [0, 1, 2, 3, 4, 5, 6, 7, 8, 9]
stats[1]: [0, 0, 0, 0, 0, 0, 0, 0, 0, 0]
stats[2]: [0.9234154929577465, 0.9107640825432236, 0.9104704097116844, 0.895017793594306, 0.9110546378653113, 0.9230769230769231, 0.9172749391727494, 0.9105229993698802, 0.907861369399831, 0.9088277858176556]
stats[3]: [0, 0, 0, 0, 0, 0, 0, 0, 0, 0]
Averaged Test Accuracy: 0.9118
Averaged Test AUC: 0.0000
Std Test Accuracy: 0.0082
Std Test AUC: 0.0000
Loaded train data from ../dataset/sst2/train/1.npz
Data length: 1
Time elapsed 0.06 min
Memory used: 7.88 GB
Loaded train data from ../dataset/sst2/train/7.npz
Data length: 1
Time elapsed 0.11 min
Memory used: 7.88 GB
Loaded train data from ../dataset/sst2/train/4.npz
Data length: 1
Time elapsed 0.03 min
Memory used: 7.88 GB
Loaded train data from ../dataset/sst2/train/3.npz
Data length: 1
Time elapsed 0.04 min
Memory used: 7.88 GB
Loaded train data from ../dataset/sst2/train/9.npz
Data length: 1
Time elapsed 0.02 min
Memory used: 7.88 GB
Loaded train data from ../dataset/sst2/train/8.npz
Data length: 1
Time elapsed 0.16 min
Memory used: 7.88 GB
Loaded train data from ../dataset/sst2/train/5.npz
Data length: 1
Time elapsed 0.05 min
Memory used: 7.88 GB
Loaded train data from ../dataset/sst2/train/0.npz
Data length: 1
Time elapsed 0.04 min
Memory used: 7.88 GB
Loaded train data from ../dataset/sst2/train/2.npz
Data length: 1
Time elapsed 0.04 min
Memory used: 7.88 GB
Loaded train data from ../dataset/sst2/train/6.npz
Data length: 1
Time elapsed 0.03 min
Memory used: 7.88 GB
------------------------- time cost ------------------------- 64.10979413986206

-------------Round number: 10-------------

Evaluate global model
Loaded test data from ../dataset/sst2/test/0.npz
Data length: 1
metric.compute(): {'accuracy': 0.9278169014084507}
ct, ns, auc: 0.9278169014084507, 0, 0
Loaded test data from ../dataset/sst2/test/1.npz
Data length: 1
metric.compute(): {'accuracy': 0.9124372559955382}
ct, ns, auc: 0.9124372559955382, 0, 0
Loaded test data from ../dataset/sst2/test/2.npz
Data length: 1
metric.compute(): {'accuracy': 0.9081942336874052}
ct, ns, auc: 0.9081942336874052, 0, 0
Loaded test data from ../dataset/sst2/test/3.npz
Data length: 1
metric.compute(): {'accuracy': 0.900355871886121}
ct, ns, auc: 0.900355871886121, 0, 0
Loaded test data from ../dataset/sst2/test/4.npz
Data length: 1
metric.compute(): {'accuracy': 0.9021601016518425}
ct, ns, auc: 0.9021601016518425, 0, 0
Loaded test data from ../dataset/sst2/test/5.npz
Data length: 1
metric.compute(): {'accuracy': 0.9291497975708503}
ct, ns, auc: 0.9291497975708503, 0, 0
Loaded test data from ../dataset/sst2/test/6.npz
Data length: 1
metric.compute(): {'accuracy': 0.9209245742092458}
ct, ns, auc: 0.9209245742092458, 0, 0
Loaded test data from ../dataset/sst2/test/7.npz
Data length: 1
metric.compute(): {'accuracy': 0.9105229993698802}
ct, ns, auc: 0.9105229993698802, 0, 0
Loaded test data from ../dataset/sst2/test/8.npz
Data length: 1
metric.compute(): {'accuracy': 0.9087066779374472}
ct, ns, auc: 0.9087066779374472, 0, 0
Loaded test data from ../dataset/sst2/test/9.npz
Data length: 1
metric.compute(): {'accuracy': 0.914616497829233}
ct, ns, auc: 0.914616497829233, 0, 0
ids: [0, 1, 2, 3, 4, 5, 6, 7, 8, 9]
stats[1]: [0, 0, 0, 0, 0, 0, 0, 0, 0, 0]
stats[2]: [0.9278169014084507, 0.9124372559955382, 0.9081942336874052, 0.900355871886121, 0.9021601016518425, 0.9291497975708503, 0.9209245742092458, 0.9105229993698802, 0.9087066779374472, 0.914616497829233]
stats[3]: [0, 0, 0, 0, 0, 0, 0, 0, 0, 0]
Averaged Test Accuracy: 0.9135
Averaged Test AUC: 0.0000
Std Test Accuracy: 0.0098
Std Test AUC: 0.0000
Loaded train data from ../dataset/sst2/train/0.npz
Data length: 1
Time elapsed 0.04 min
Memory used: 7.88 GB
Loaded train data from ../dataset/sst2/train/6.npz
Data length: 1
Time elapsed 0.03 min
Memory used: 7.88 GB
Loaded train data from ../dataset/sst2/train/5.npz
Data length: 1
Time elapsed 0.05 min
Memory used: 7.88 GB
Loaded train data from ../dataset/sst2/train/1.npz
Data length: 1
Time elapsed 0.06 min
Memory used: 7.88 GB
Loaded train data from ../dataset/sst2/train/2.npz
Data length: 1
Time elapsed 0.04 min
Memory used: 7.88 GB
Loaded train data from ../dataset/sst2/train/3.npz
Data length: 1
Time elapsed 0.04 min
Memory used: 7.88 GB
Loaded train data from ../dataset/sst2/train/4.npz
Data length: 1
Time elapsed 0.03 min
Memory used: 7.88 GB
Loaded train data from ../dataset/sst2/train/9.npz
Data length: 1
Time elapsed 0.02 min
Memory used: 7.88 GB
Loaded train data from ../dataset/sst2/train/7.npz
Data length: 1
Time elapsed 0.11 min
Memory used: 7.88 GB
Loaded train data from ../dataset/sst2/train/8.npz
Data length: 1
Time elapsed 0.16 min
Memory used: 7.88 GB
------------------------- time cost ------------------------- 64.18986582756042

-------------Round number: 11-------------

Evaluate global model
Loaded test data from ../dataset/sst2/test/0.npz
Data length: 1
metric.compute(): {'accuracy': 0.9313380281690141}
ct, ns, auc: 0.9313380281690141, 0, 0
Loaded test data from ../dataset/sst2/test/1.npz
Data length: 1
metric.compute(): {'accuracy': 0.9180145008365868}
ct, ns, auc: 0.9180145008365868, 0, 0
Loaded test data from ../dataset/sst2/test/2.npz
Data length: 1
metric.compute(): {'accuracy': 0.9188163884673748}
ct, ns, auc: 0.9188163884673748, 0, 0
Loaded test data from ../dataset/sst2/test/3.npz
Data length: 1
metric.compute(): {'accuracy': 0.902135231316726}
ct, ns, auc: 0.902135231316726, 0, 0
Loaded test data from ../dataset/sst2/test/4.npz
Data length: 1
metric.compute(): {'accuracy': 0.9047013977128335}
ct, ns, auc: 0.9047013977128335, 0, 0
Loaded test data from ../dataset/sst2/test/5.npz
Data length: 1
metric.compute(): {'accuracy': 0.9251012145748988}
ct, ns, auc: 0.9251012145748988, 0, 0
Loaded test data from ../dataset/sst2/test/6.npz
Data length: 1
metric.compute(): {'accuracy': 0.927007299270073}
ct, ns, auc: 0.927007299270073, 0, 0
Loaded test data from ../dataset/sst2/test/7.npz
Data length: 1
metric.compute(): {'accuracy': 0.9133585381222432}
ct, ns, auc: 0.9133585381222432, 0, 0
Loaded test data from ../dataset/sst2/test/8.npz
Data length: 1
metric.compute(): {'accuracy': 0.9084953508030431}
ct, ns, auc: 0.9084953508030431, 0, 0
Loaded test data from ../dataset/sst2/test/9.npz
Data length: 1
metric.compute(): {'accuracy': 0.9088277858176556}
ct, ns, auc: 0.9088277858176556, 0, 0
ids: [0, 1, 2, 3, 4, 5, 6, 7, 8, 9]
stats[1]: [0, 0, 0, 0, 0, 0, 0, 0, 0, 0]
stats[2]: [0.9313380281690141, 0.9180145008365868, 0.9188163884673748, 0.902135231316726, 0.9047013977128335, 0.9251012145748988, 0.927007299270073, 0.9133585381222432, 0.9084953508030431, 0.9088277858176556]
stats[3]: [0, 0, 0, 0, 0, 0, 0, 0, 0, 0]
Averaged Test Accuracy: 0.9158
Averaged Test AUC: 0.0000
Std Test Accuracy: 0.0099
Std Test AUC: 0.0000
Loaded train data from ../dataset/sst2/train/4.npz
Data length: 1
Time elapsed 0.03 min
Memory used: 7.88 GB
Loaded train data from ../dataset/sst2/train/7.npz
Data length: 1
Time elapsed 0.11 min
Memory used: 7.88 GB
Loaded train data from ../dataset/sst2/train/6.npz
Data length: 1
Time elapsed 0.03 min
Memory used: 7.88 GB
Loaded train data from ../dataset/sst2/train/2.npz
Data length: 1
Time elapsed 0.04 min
Memory used: 7.88 GB
Loaded train data from ../dataset/sst2/train/8.npz
Data length: 1
Time elapsed 0.16 min
Memory used: 7.88 GB
Loaded train data from ../dataset/sst2/train/3.npz
Data length: 1
Time elapsed 0.04 min
Memory used: 7.88 GB
Loaded train data from ../dataset/sst2/train/1.npz
Data length: 1
Time elapsed 0.06 min
Memory used: 7.88 GB
Loaded train data from ../dataset/sst2/train/5.npz
Data length: 1
Time elapsed 0.05 min
Memory used: 7.88 GB
Loaded train data from ../dataset/sst2/train/9.npz
Data length: 1
Time elapsed 0.02 min
Memory used: 7.88 GB
Loaded train data from ../dataset/sst2/train/0.npz
Data length: 1
Time elapsed 0.04 min
Memory used: 7.88 GB
------------------------- time cost ------------------------- 64.0420470237732

-------------Round number: 12-------------

Evaluate global model
Loaded test data from ../dataset/sst2/test/0.npz
Data length: 1
metric.compute(): {'accuracy': 0.9304577464788732}
ct, ns, auc: 0.9304577464788732, 0, 0
Loaded test data from ../dataset/sst2/test/1.npz
Data length: 1
metric.compute(): {'accuracy': 0.9185722253206916}
ct, ns, auc: 0.9185722253206916, 0, 0
Loaded test data from ../dataset/sst2/test/2.npz
Data length: 1
metric.compute(): {'accuracy': 0.9142640364188164}
ct, ns, auc: 0.9142640364188164, 0, 0
Loaded test data from ../dataset/sst2/test/3.npz
Data length: 1
metric.compute(): {'accuracy': 0.9030249110320284}
ct, ns, auc: 0.9030249110320284, 0, 0
Loaded test data from ../dataset/sst2/test/4.npz
Data length: 1
metric.compute(): {'accuracy': 0.9085133418043202}
ct, ns, auc: 0.9085133418043202, 0, 0
Loaded test data from ../dataset/sst2/test/5.npz
Data length: 1
metric.compute(): {'accuracy': 0.9278002699055331}
ct, ns, auc: 0.9278002699055331, 0, 0
Loaded test data from ../dataset/sst2/test/6.npz
Data length: 1
metric.compute(): {'accuracy': 0.9294403892944039}
ct, ns, auc: 0.9294403892944039, 0, 0
Loaded test data from ../dataset/sst2/test/7.npz
Data length: 1
metric.compute(): {'accuracy': 0.9174543163201008}
ct, ns, auc: 0.9174543163201008, 0, 0
Loaded test data from ../dataset/sst2/test/8.npz
Data length: 1
metric.compute(): {'accuracy': 0.9110312764158918}
ct, ns, auc: 0.9110312764158918, 0, 0
Loaded test data from ../dataset/sst2/test/9.npz
Data length: 1
metric.compute(): {'accuracy': 0.9232995658465991}
ct, ns, auc: 0.9232995658465991, 0, 0
ids: [0, 1, 2, 3, 4, 5, 6, 7, 8, 9]
stats[1]: [0, 0, 0, 0, 0, 0, 0, 0, 0, 0]
stats[2]: [0.9304577464788732, 0.9185722253206916, 0.9142640364188164, 0.9030249110320284, 0.9085133418043202, 0.9278002699055331, 0.9294403892944039, 0.9174543163201008, 0.9110312764158918, 0.9232995658465991]
stats[3]: [0, 0, 0, 0, 0, 0, 0, 0, 0, 0]
Averaged Test Accuracy: 0.9184
Averaged Test AUC: 0.0000
Std Test Accuracy: 0.0093
Std Test AUC: 0.0000
Loaded train data from ../dataset/sst2/train/7.npz
Data length: 1
Time elapsed 0.11 min
Memory used: 7.88 GB
Loaded train data from ../dataset/sst2/train/5.npz
Data length: 1
Time elapsed 0.05 min
Memory used: 7.88 GB
Loaded train data from ../dataset/sst2/train/6.npz
Data length: 1
Time elapsed 0.03 min
Memory used: 7.88 GB
Loaded train data from ../dataset/sst2/train/9.npz
Data length: 1
Time elapsed 0.02 min
Memory used: 7.88 GB
Loaded train data from ../dataset/sst2/train/8.npz
Data length: 1
